Legacy Store IT (mssql)	Run base tests	2023-03-08T02:41:23.4330612Z ##[group]Run TESTS=`testsuite/integration-arquillian/tests/base/testsuites/suite.sh database`
Legacy Store IT (mssql)	Run base tests	2023-03-08T02:41:23.4331091Z [36;1mTESTS=`testsuite/integration-arquillian/tests/base/testsuites/suite.sh database`[0m
Legacy Store IT (mssql)	Run base tests	2023-03-08T02:41:23.4331426Z [36;1mecho "Tests: $TESTS"[0m
Legacy Store IT (mssql)	Run base tests	2023-03-08T02:41:23.4331925Z [36;1m./mvnw test -Dsurefire.rerunFailingTestsCount=2 -nsu -B -Pauth-server-quarkus -Pdb-mssql -Dtest=$TESTS -pl testsuite/integration-arquillian/tests/base | misc/log/trimmer.sh[0m
Legacy Store IT (mssql)	Run base tests	2023-03-08T02:41:23.4386974Z shell: /usr/bin/bash --noprofile --norc -e -o pipefail {0}
Legacy Store IT (mssql)	Run base tests	2023-03-08T02:41:23.4387265Z env:
Legacy Store IT (mssql)	Run base tests	2023-03-08T02:41:23.4387484Z   DEFAULT_JDK_VERSION: 17
Legacy Store IT (mssql)	Run base tests	2023-03-08T02:41:23.4387725Z   DEFAULT_JDK_DIST: temurin
Legacy Store IT (mssql)	Run base tests	2023-03-08T02:41:23.4387971Z   SUREFIRE_RERUN_FAILING_COUNT: 2
Legacy Store IT (mssql)	Run base tests	2023-03-08T02:41:23.4388313Z   JAVA_HOME: /opt/hostedtoolcache/Java_Temurin-Hotspot_jdk/17.0.6-10/x64
Legacy Store IT (mssql)	Run base tests	2023-03-08T02:41:23.4388693Z   JAVA_HOME_17_X64: /opt/hostedtoolcache/Java_Temurin-Hotspot_jdk/17.0.6-10/x64
Legacy Store IT (mssql)	Run base tests	2023-03-08T02:41:23.4389014Z ##[endgroup]
Legacy Store IT (mssql)	Run base tests	2023-03-08T02:41:23.9838730Z Tests: AccountRestServiceTest,AuthorizationCodeTest,AuthorizationTest,ClientRegistrationTest,EventStoreProviderTest,ExportImportTest,GeneratedRsaKeyProviderTest,KcOidcBrokerTest,LDAPUserLoginTest,LoginTest,PasswordPolicyTest,RequiredActionUpdateProfileTest,SSOTest,SamlClientTest,TransactionsTest,UserProfileTest,org.keycloak.testsuite.admin.**,org.keycloak.testsuite.authz.**ManagementTest
Legacy Store IT (mssql)	Run base tests	2023-03-08T02:41:28.8182845Z -- [INFO] Scanning for projects...
Legacy Store IT (mssql)	Run base tests	2023-03-08T02:41:30.3237226Z -- [WARNING] 
Legacy Store IT (mssql)	Run base tests	2023-03-08T02:41:30.3251858Z -- [WARNING] Some problems were encountered while building the effective model for org.keycloak:keycloak-quarkus-server:jar:999.0.0-SNAPSHOT
Legacy Store IT (mssql)	Run base tests	2023-03-08T02:41:30.3253016Z -- [WARNING] 'dependencies.dependency.scope' for org.keycloak:keycloak-dependencies-admin-ui-wrapper:pom must be one of [provided, compile, runtime, test, system] but is 'import'. @ line 681, column 28
Legacy Store IT (mssql)	Run base tests	2023-03-08T02:41:30.3253784Z -- [WARNING] 
Legacy Store IT (mssql)	Run base tests	2023-03-08T02:41:30.3268220Z -- [WARNING] Some problems were encountered while building the effective model for org.keycloak:keycloak-testsuite-utils:jar:999.0.0-SNAPSHOT
Legacy Store IT (mssql)	Run base tests	2023-03-08T02:41:30.3269296Z -- [WARNING] 'dependencies.dependency.scope' for org.keycloak:keycloak-dependencies-admin-ui-wrapper:pom must be one of [provided, compile, runtime, test, system] but is 'import'. @ line 55, column 20
Legacy Store IT (mssql)	Run base tests	2023-03-08T02:41:30.3276595Z -- [WARNING] 
Legacy Store IT (mssql)	Run base tests	2023-03-08T02:41:30.3278062Z -- [WARNING] It is highly recommended to fix these problems because they threaten the stability of your build.
Legacy Store IT (mssql)	Run base tests	2023-03-08T02:41:30.3278613Z -- [WARNING] 
Legacy Store IT (mssql)	Run base tests	2023-03-08T02:41:30.3279833Z -- [WARNING] For this reason, future Maven versions might no longer support building such malformed projects.
Legacy Store IT (mssql)	Run base tests	2023-03-08T02:41:30.3280359Z -- [WARNING] 
Legacy Store IT (mssql)	Run base tests	2023-03-08T02:41:30.3477748Z -- [INFO] 
Legacy Store IT (mssql)	Run base tests	2023-03-08T02:41:30.3480310Z -- [INFO] ------< org.keycloak.testsuite:integration-arquillian-tests-base >------
Legacy Store IT (mssql)	Run base tests	2023-03-08T02:41:30.3481020Z -- [INFO] Building Base TestSuite 999.0.0-SNAPSHOT
Legacy Store IT (mssql)	Run base tests	2023-03-08T02:41:30.3481714Z -- [INFO] --------------------------------[ jar ]---------------------------------
Legacy Store IT (mssql)	Run base tests	2023-03-08T02:41:30.6149272Z -- [INFO] Downloading from central: https://repo.maven.apache.org/maven2/org/jboss/jboss-parent/34/jboss-parent-34.pom
Legacy Store IT (mssql)	Run base tests	2023-03-08T02:41:30.6911715Z -- [INFO] Downloaded from central: https://repo.maven.apache.org/maven2/org/jboss/jboss-parent/34/jboss-parent-34.pom (0 B at 0 B/s)
Legacy Store IT (mssql)	Run base tests	2023-03-08T02:41:31.6527424Z -- [INFO] Downloading from central: https://repo.maven.apache.org/maven2/org/jboss/shrinkwrap/resolver/shrinkwrap-resolver-bom/2.2.6/shrinkwrap-resolver-bom-2.2.6.pom
Legacy Store IT (mssql)	Run base tests	2023-03-08T02:41:31.6757792Z -- [INFO] Downloaded from central: https://repo.maven.apache.org/maven2/org/jboss/shrinkwrap/resolver/shrinkwrap-resolver-bom/2.2.6/shrinkwrap-resolver-bom-2.2.6.pom (0 B at 0 B/s)
Legacy Store IT (mssql)	Run base tests	2023-03-08T02:41:31.8385625Z -- [INFO] Downloading from central: https://repo.maven.apache.org/maven2/org/jboss/shrinkwrap/resolver/shrinkwrap-resolver-spi/3.1.4/shrinkwrap-resolver-spi-3.1.4.pom
Legacy Store IT (mssql)	Run base tests	2023-03-08T02:41:31.8522144Z -- [INFO] Downloaded from central: https://repo.maven.apache.org/maven2/org/jboss/shrinkwrap/resolver/shrinkwrap-resolver-spi/3.1.4/shrinkwrap-resolver-spi-3.1.4.pom (0 B at 0 B/s)
Legacy Store IT (mssql)	Run base tests	2023-03-08T02:41:31.8577766Z -- [INFO] Downloading from central: https://repo.maven.apache.org/maven2/org/jboss/shrinkwrap/resolver/shrinkwrap-resolver-spi-maven/3.1.4/shrinkwrap-resolver-spi-maven-3.1.4.pom
Legacy Store IT (mssql)	Run base tests	2023-03-08T02:41:31.8809550Z -- [INFO] Downloaded from central: https://repo.maven.apache.org/maven2/org/jboss/shrinkwrap/resolver/shrinkwrap-resolver-spi-maven/3.1.4/shrinkwrap-resolver-spi-maven-3.1.4.pom (0 B at 0 B/s)
Legacy Store IT (mssql)	Run base tests	2023-03-08T02:41:31.8837081Z -- [INFO] Downloading from central: https://repo.maven.apache.org/maven2/org/jboss/shrinkwrap/resolver/shrinkwrap-resolver-api-maven-archive/3.1.4/shrinkwrap-resolver-api-maven-archive-3.1.4.pom
Legacy Store IT (mssql)	Run base tests	2023-03-08T02:41:32.0091615Z -- [INFO] Downloaded from central: https://repo.maven.apache.org/maven2/org/jboss/shrinkwrap/resolver/shrinkwrap-resolver-api-maven-archive/3.1.4/shrinkwrap-resolver-api-maven-archive-3.1.4.pom (0 B at 0 B/s)
Legacy Store IT (mssql)	Run base tests	2023-03-08T02:41:32.0122385Z -- [INFO] Downloading from central: https://repo.maven.apache.org/maven2/org/jboss/shrinkwrap/resolver/shrinkwrap-resolver-impl-maven/3.1.4/shrinkwrap-resolver-impl-maven-3.1.4.pom
Legacy Store IT (mssql)	Run base tests	2023-03-08T02:41:32.0336828Z -- [INFO] Downloaded from central: https://repo.maven.apache.org/maven2/org/jboss/shrinkwrap/resolver/shrinkwrap-resolver-impl-maven/3.1.4/shrinkwrap-resolver-impl-maven-3.1.4.pom (0 B at 0 B/s)
Legacy Store IT (mssql)	Run base tests	2023-03-08T02:41:32.0607062Z -- [INFO] Downloading from central: https://repo.maven.apache.org/maven2/org/jboss/shrinkwrap/resolver/shrinkwrap-resolver-impl-maven-archive/3.1.4/shrinkwrap-resolver-impl-maven-archive-3.1.4.pom
Legacy Store IT (mssql)	Run base tests	2023-03-08T02:41:32.0757243Z -- [INFO] Downloaded from central: https://repo.maven.apache.org/maven2/org/jboss/shrinkwrap/resolver/shrinkwrap-resolver-impl-maven-archive/3.1.4/shrinkwrap-resolver-impl-maven-archive-3.1.4.pom (0 B at 0 B/s)
Legacy Store IT (mssql)	Run base tests	2023-03-08T02:41:32.0758680Z -- [INFO] Downloading from central: https://repo.maven.apache.org/maven2/org/jboss/shrinkwrap/resolver/shrinkwrap-resolver-spi-maven-archive/3.1.4/shrinkwrap-resolver-spi-maven-archive-3.1.4.pom
Legacy Store IT (mssql)	Run base tests	2023-03-08T02:41:32.1009029Z -- [INFO] Downloaded from central: https://repo.maven.apache.org/maven2/org/jboss/shrinkwrap/resolver/shrinkwrap-resolver-spi-maven-archive/3.1.4/shrinkwrap-resolver-spi-maven-archive-3.1.4.pom (0 B at 0 B/s)
Legacy Store IT (mssql)	Run base tests	2023-03-08T02:41:32.8199521Z -- [INFO] 
Legacy Store IT (mssql)	Run base tests	2023-03-08T02:41:32.8200488Z -- [INFO] --- maven-enforcer-plugin:3.0.0-M3:enforce (enforce-java-version) @ integration-arquillian-tests-base ---
Legacy Store IT (mssql)	Run base tests	2023-03-08T02:41:32.9402878Z -- [INFO] 
Legacy Store IT (mssql)	Run base tests	2023-03-08T02:41:32.9403880Z -- [INFO] --- maven-enforcer-plugin:3.0.0-M3:enforce (enforce-maven-version) @ integration-arquillian-tests-base ---
Legacy Store IT (mssql)	Run base tests	2023-03-08T02:41:32.9422451Z -- [INFO] 
Legacy Store IT (mssql)	Run base tests	2023-03-08T02:41:32.9423274Z -- [INFO] --- maven-enforcer-plugin:3.0.0-M3:enforce (enforce-maven) @ integration-arquillian-tests-base ---
Legacy Store IT (mssql)	Run base tests	2023-03-08T02:41:32.9432879Z -- [INFO] 
Legacy Store IT (mssql)	Run base tests	2023-03-08T02:41:32.9433981Z -- [INFO] --- buildnumber-maven-plugin:1.4:create (get-scm-revision) @ integration-arquillian-tests-base ---
Legacy Store IT (mssql)	Run base tests	2023-03-08T02:41:33.1396287Z -- [INFO] Executing: /bin/sh -c cd '/home/runner/work/keycloak/keycloak/testsuite/integration-arquillian/tests/base' && 'git' 'rev-parse' '--verify' 'HEAD'
Legacy Store IT (mssql)	Run base tests	2023-03-08T02:41:33.1397418Z -- [INFO] Working directory: /home/runner/work/keycloak/keycloak/testsuite/integration-arquillian/tests/base
Legacy Store IT (mssql)	Run base tests	2023-03-08T02:41:33.1563255Z -- [INFO] Storing buildNumber: 9052ec2b02f0aace57c5ffb6fb472345a56b11cf at timestamp: 1678243293123
Legacy Store IT (mssql)	Run base tests	2023-03-08T02:41:33.1670594Z -- [INFO] Storing buildScmBranch: main
Legacy Store IT (mssql)	Run base tests	2023-03-08T02:41:33.1671671Z -- [INFO] 
Legacy Store IT (mssql)	Run base tests	2023-03-08T02:41:33.1672774Z -- [INFO] --- maven-resources-plugin:3.0.1:copy-resources (copy-truststore) @ integration-arquillian-tests-base ---
Legacy Store IT (mssql)	Run base tests	2023-03-08T02:41:33.2308954Z -- [INFO] Using 'UTF-8' encoding to copy filtered resources.
Legacy Store IT (mssql)	Run base tests	2023-03-08T02:41:33.2471660Z -- [INFO] Copying 3 resources
Legacy Store IT (mssql)	Run base tests	2023-03-08T02:41:33.2550169Z -- [INFO] 
Legacy Store IT (mssql)	Run base tests	2023-03-08T02:41:33.2551179Z -- [INFO] --- maven-resources-plugin:3.0.1:copy-resources (copy-common-dependencies) @ integration-arquillian-tests-base ---
Legacy Store IT (mssql)	Run base tests	2023-03-08T02:41:33.2613946Z -- [INFO] Using 'UTF-8' encoding to copy filtered resources.
Legacy Store IT (mssql)	Run base tests	2023-03-08T02:41:33.2736085Z -- [INFO] Copying 12 resources
Legacy Store IT (mssql)	Run base tests	2023-03-08T02:41:33.2789881Z -- [INFO] 
Legacy Store IT (mssql)	Run base tests	2023-03-08T02:41:33.2790825Z -- [INFO] --- maven-resources-plugin:3.0.1:resources (default-resources) @ integration-arquillian-tests-base ---
Legacy Store IT (mssql)	Run base tests	2023-03-08T02:41:33.2812434Z -- [INFO] Using 'UTF-8' encoding to copy filtered resources.
Legacy Store IT (mssql)	Run base tests	2023-03-08T02:41:33.2815345Z -- [INFO] Copying 2 resources
Legacy Store IT (mssql)	Run base tests	2023-03-08T02:41:33.2840550Z -- [INFO] 
Legacy Store IT (mssql)	Run base tests	2023-03-08T02:41:33.2841418Z -- [INFO] --- maven-resources-plugin:3.0.1:copy-resources (copy-admin-user-json-file) @ integration-arquillian-tests-base ---
Legacy Store IT (mssql)	Run base tests	2023-03-08T02:41:33.2852385Z -- [INFO] Using 'UTF-8' encoding to copy filtered resources.
Legacy Store IT (mssql)	Run base tests	2023-03-08T02:41:33.2914036Z -- [INFO] Copying 1 resource
Legacy Store IT (mssql)	Run base tests	2023-03-08T02:41:33.3008524Z -- [INFO] 
Legacy Store IT (mssql)	Run base tests	2023-03-08T02:41:33.3009619Z -- [INFO] --- maven-compiler-plugin:3.8.1:compile (default-compile) @ integration-arquillian-tests-base ---
Legacy Store IT (mssql)	Run base tests	2023-03-08T02:41:33.4448571Z -- [INFO] Changes detected - recompiling the module!
Legacy Store IT (mssql)	Run base tests	2023-03-08T02:41:33.4482893Z -- [INFO] Compiling 384 source files to /home/runner/work/keycloak/keycloak/testsuite/integration-arquillian/tests/base/target/classes
Legacy Store IT (mssql)	Run base tests	2023-03-08T02:41:39.7861505Z -- [WARNING] /home/runner/work/keycloak/keycloak/testsuite/integration-arquillian/tests/base/src/main/java/org/keycloak/testsuite/util/SamlClient.java:[147,17] <T>assertThat(T,org.hamcrest.Matcher<? super T>) in org.junit.Assert has been deprecated
Legacy Store IT (mssql)	Run base tests	2023-03-08T02:41:39.7867946Z -- [WARNING] /home/runner/work/keycloak/keycloak/testsuite/integration-arquillian/tests/base/src/main/java/org/keycloak/testsuite/util/SamlClient.java:[175,17] <T>assertThat(T,org.hamcrest.Matcher<? super T>) in org.junit.Assert has been deprecated
Legacy Store IT (mssql)	Run base tests	2023-03-08T02:41:39.7901535Z -- [WARNING] /home/runner/work/keycloak/keycloak/testsuite/integration-arquillian/tests/base/src/main/java/org/keycloak/testsuite/util/SamlClient.java:[246,17] <T>assertThat(T,org.hamcrest.Matcher<? super T>) in org.junit.Assert has been deprecated
Legacy Store IT (mssql)	Run base tests	2023-03-08T02:41:39.7907325Z -- [WARNING] /home/runner/work/keycloak/keycloak/testsuite/integration-arquillian/tests/base/src/main/java/org/keycloak/testsuite/util/SamlClient.java:[314,17] <T>assertThat(T,org.hamcrest.Matcher<? super T>) in org.junit.Assert has been deprecated
Legacy Store IT (mssql)	Run base tests	2023-03-08T02:41:39.7912703Z -- [WARNING] /home/runner/work/keycloak/keycloak/testsuite/integration-arquillian/tests/base/src/main/java/org/keycloak/testsuite/util/SamlClient.java:[520,17] <T>assertThat(T,org.hamcrest.Matcher<? super T>) in org.junit.Assert has been deprecated
Legacy Store IT (mssql)	Run base tests	2023-03-08T02:41:39.7918059Z -- [WARNING] /home/runner/work/keycloak/keycloak/testsuite/integration-arquillian/tests/base/src/main/java/org/keycloak/testsuite/util/SamlClient.java:[632,9] <T>assertThat(java.lang.String,T,org.hamcrest.Matcher<? super T>) in org.junit.Assert has been deprecated
Legacy Store IT (mssql)	Run base tests	2023-03-08T02:41:39.7923410Z -- [WARNING] /home/runner/work/keycloak/keycloak/testsuite/integration-arquillian/tests/base/src/main/java/org/keycloak/testsuite/util/SamlClient.java:[646,9] <T>assertThat(T,org.hamcrest.Matcher<? super T>) in org.junit.Assert has been deprecated
Legacy Store IT (mssql)	Run base tests	2023-03-08T02:41:39.7930572Z -- [WARNING] /home/runner/work/keycloak/keycloak/testsuite/integration-arquillian/tests/base/src/main/java/org/keycloak/testsuite/util/SamlClient.java:[662,53] parse(java.net.URI,java.lang.String) in org.apache.http.client.utils.URLEncodedUtils has been deprecated
Legacy Store IT (mssql)	Run base tests	2023-03-08T02:41:39.7937710Z -- [WARNING] /home/runner/work/keycloak/keycloak/testsuite/integration-arquillian/tests/base/src/main/java/org/keycloak/testsuite/util/SamlClientBuilder.java:[131,19] <T>assertThat(T,org.hamcrest.Matcher<? super T>) in org.junit.Assert has been deprecated
Legacy Store IT (mssql)	Run base tests	2023-03-08T02:41:39.7947529Z -- [WARNING] /home/runner/work/keycloak/keycloak/testsuite/integration-arquillian/tests/base/src/main/java/org/keycloak/testsuite/util/SamlClientBuilder.java:[267,19] <T>assertThat(T,org.hamcrest.Matcher<? super T>) in org.junit.Assert has been deprecated
Legacy Store IT (mssql)	Run base tests	2023-03-08T02:41:39.7954865Z -- [WARNING] /home/runner/work/keycloak/keycloak/testsuite/integration-arquillian/tests/base/src/main/java/org/keycloak/testsuite/util/SamlClientBuilder.java:[268,19] <T>assertThat(java.lang.String,T,org.hamcrest.Matcher<? super T>) in org.junit.Assert has been deprecated
Legacy Store IT (mssql)	Run base tests	2023-03-08T02:41:39.7961253Z -- [WARNING] /home/runner/work/keycloak/keycloak/testsuite/integration-arquillian/tests/base/src/main/java/org/keycloak/testsuite/util/saml/ModifySamlResponseStepBuilder.java:[167,13] <T>assertThat(T,org.hamcrest.Matcher<? super T>) in org.junit.Assert has been deprecated
Legacy Store IT (mssql)	Run base tests	2023-03-08T02:41:39.8022713Z -- [WARNING] /home/runner/work/keycloak/keycloak/testsuite/integration-arquillian/tests/base/src/main/java/org/keycloak/testsuite/util/saml/ModifySamlResponseStepBuilder.java:[171,37] parse(java.net.URI,java.lang.String) in org.apache.http.client.utils.URLEncodedUtils has been deprecated
Legacy Store IT (mssql)	Run base tests	2023-03-08T02:41:39.8092602Z -- [WARNING] /home/runner/work/keycloak/keycloak/testsuite/integration-arquillian/tests/base/src/main/java/org/keycloak/testsuite/util/saml/ModifySamlResponseStepBuilder.java:[175,21] <T>assertThat(java.lang.String,T,org.hamcrest.Matcher<? super T>) in org.junit.Assert has been deprecated
Legacy Store IT (mssql)	Run base tests	2023-03-08T02:41:39.8094029Z -- [WARNING] /home/runner/work/keycloak/keycloak/testsuite/integration-arquillian/tests/base/src/main/java/org/keycloak/testsuite/util/saml/ModifySamlResponseStepBuilder.java:[181,13] <T>assertThat(T,org.hamcrest.Matcher<? super T>) in org.junit.Assert has been deprecated
Legacy Store IT (mssql)	Run base tests	2023-03-08T02:41:39.8095701Z -- [WARNING] /home/runner/work/keycloak/keycloak/testsuite/integration-arquillian/tests/base/src/main/java/org/keycloak/testsuite/util/saml/ModifySamlResponseStepBuilder.java:[211,13] <T>assertThat(T,org.hamcrest.Matcher<? super T>) in org.junit.Assert has been deprecated
Legacy Store IT (mssql)	Run base tests	2023-03-08T02:41:39.8096988Z -- [WARNING] /home/runner/work/keycloak/keycloak/testsuite/integration-arquillian/tests/base/src/main/java/org/keycloak/testsuite/util/saml/ModifySamlResponseStepBuilder.java:[214,13] <T>assertThat(T,org.hamcrest.Matcher<? super T>) in org.junit.Assert has been deprecated
Legacy Store IT (mssql)	Run base tests	2023-03-08T02:41:39.8098362Z -- [WARNING] /home/runner/work/keycloak/keycloak/testsuite/integration-arquillian/tests/base/src/main/java/org/keycloak/testsuite/util/saml/ModifySamlResponseStepBuilder.java:[221,13] <T>assertThat(java.lang.String,T,org.hamcrest.Matcher<? super T>) in org.junit.Assert has been deprecated
Legacy Store IT (mssql)	Run base tests	2023-03-08T02:41:39.8099656Z -- [WARNING] /home/runner/work/keycloak/keycloak/testsuite/integration-arquillian/tests/base/src/main/java/org/keycloak/testsuite/util/saml/ModifySamlResponseStepBuilder.java:[222,13] <T>assertThat(java.lang.String,T,org.hamcrest.Matcher<? super T>) in org.junit.Assert has been deprecated
Legacy Store IT (mssql)	Run base tests	2023-03-08T02:41:39.8100845Z -- [WARNING] /home/runner/work/keycloak/keycloak/testsuite/integration-arquillian/tests/base/src/main/java/org/keycloak/testsuite/util/saml/LoginBuilder.java:[68,13] <T>assertThat(T,org.hamcrest.Matcher<? super T>) in org.junit.Assert has been deprecated
Legacy Store IT (mssql)	Run base tests	2023-03-08T02:41:39.8168162Z -- [WARNING] /home/runner/work/keycloak/keycloak/testsuite/integration-arquillian/tests/base/src/main/java/org/keycloak/testsuite/util/saml/LoginBuilder.java:[70,13] <T>assertThat(T,org.hamcrest.Matcher<? super T>) in org.junit.Assert has been deprecated
Legacy Store IT (mssql)	Run base tests	2023-03-08T02:41:39.8169396Z -- [WARNING] /home/runner/work/keycloak/keycloak/testsuite/integration-arquillian/tests/base/src/main/java/org/keycloak/testsuite/util/saml/LoginBuilder.java:[120,13] <T>assertThat(java.lang.String,T,org.hamcrest.Matcher<? super T>) in org.junit.Assert has been deprecated
Legacy Store IT (mssql)	Run base tests	2023-03-08T02:41:39.8170715Z -- [WARNING] /home/runner/work/keycloak/keycloak/testsuite/integration-arquillian/tests/base/src/main/java/org/keycloak/testsuite/util/saml/LoginBuilder.java:[122,13] <T>assertThat(java.lang.String,T,org.hamcrest.Matcher<? super T>) in org.junit.Assert has been deprecated
Legacy Store IT (mssql)	Run base tests	2023-03-08T02:41:39.8171760Z -- [WARNING] /home/runner/work/keycloak/keycloak/testsuite/integration-arquillian/tests/base/src/main/java/org/keycloak/testsuite/util/saml/UpdateProfileBuilder.java:[65,9] <T>assertThat(T,org.hamcrest.Matcher<? super T>) in org.junit.Assert has been deprecated
Legacy Store IT (mssql)	Run base tests	2023-03-08T02:41:39.8196317Z -- [WARNING] /home/runner/work/keycloak/keycloak/testsuite/integration-arquillian/tests/base/src/main/java/org/keycloak/testsuite/util/saml/UpdateProfileBuilder.java:[67,9] <T>assertThat(T,org.hamcrest.Matcher<? super T>) in org.junit.Assert has been deprecated
Legacy Store IT (mssql)	Run base tests	2023-03-08T02:41:39.8197609Z -- [WARNING] /home/runner/work/keycloak/keycloak/testsuite/integration-arquillian/tests/base/src/main/java/org/keycloak/testsuite/util/saml/RequiredConsentBuilder.java:[59,9] <T>assertThat(T,org.hamcrest.Matcher<? super T>) in org.junit.Assert has been deprecated
Legacy Store IT (mssql)	Run base tests	2023-03-08T02:41:39.8198657Z -- [WARNING] /home/runner/work/keycloak/keycloak/testsuite/integration-arquillian/tests/base/src/main/java/org/keycloak/testsuite/util/saml/RequiredConsentBuilder.java:[61,9] <T>assertThat(T,org.hamcrest.Matcher<? super T>) in org.junit.Assert has been deprecated
Legacy Store IT (mssql)	Run base tests	2023-03-08T02:41:39.8199677Z -- [WARNING] /home/runner/work/keycloak/keycloak/testsuite/integration-arquillian/tests/base/src/main/java/org/keycloak/testsuite/util/saml/RequiredConsentBuilder.java:[62,9] <T>assertThat(T,org.hamcrest.Matcher<? super T>) in org.junit.Assert has been deprecated
Legacy Store IT (mssql)	Run base tests	2023-03-08T02:41:39.8200653Z -- [WARNING] /home/runner/work/keycloak/keycloak/testsuite/integration-arquillian/tests/base/src/main/java/org/keycloak/testsuite/util/DroneUtils.java:[81,27] isAccessible() in java.lang.reflect.AccessibleObject has been deprecated
Legacy Store IT (mssql)	Run base tests	2023-03-08T02:41:39.8201576Z -- [WARNING] /home/runner/work/keycloak/keycloak/testsuite/integration-arquillian/tests/base/src/main/java/org/keycloak/testsuite/util/DroneUtils.java:[92,27] isAccessible() in java.lang.reflect.AccessibleObject has been deprecated
Legacy Store IT (mssql)	Run base tests	2023-03-08T02:41:39.8202518Z -- [WARNING] /home/runner/work/keycloak/keycloak/testsuite/integration-arquillian/tests/base/src/main/java/org/keycloak/testsuite/util/DroneUtils.java:[102,27] isAccessible() in java.lang.reflect.AccessibleObject has been deprecated
Legacy Store IT (mssql)	Run base tests	2023-03-08T02:41:39.8203535Z -- [WARNING] /home/runner/work/keycloak/keycloak/testsuite/integration-arquillian/tests/base/src/main/java/org/keycloak/testsuite/util/WaitUtils.java:[172,27] unchecked method invocation: method until in class org.openqa.selenium.support.ui.FluentWait is applied to given types
Legacy Store IT (mssql)	Run base tests	2023-03-08T02:41:39.8204206Z --   required: java.util.function.Function<? super T,V>
Legacy Store IT (mssql)	Run base tests	2023-03-08T02:41:39.8204650Z --   found:    org.openqa.selenium.support.ui.ExpectedCondition
Legacy Store IT (mssql)	Run base tests	2023-03-08T02:41:39.8205313Z -- [WARNING] /home/runner/work/keycloak/keycloak/testsuite/integration-arquillian/tests/base/src/main/java/org/keycloak/testsuite/util/WaitUtils.java:[172,28] unchecked conversion
Legacy Store IT (mssql)	Run base tests	2023-03-08T02:41:39.8205847Z --   required: java.util.function.Function<? super T,V>
Legacy Store IT (mssql)	Run base tests	2023-03-08T02:41:39.8206274Z --   found:    org.openqa.selenium.support.ui.ExpectedCondition
Legacy Store IT (mssql)	Run base tests	2023-03-08T02:41:39.8207128Z -- [WARNING] /home/runner/work/keycloak/keycloak/testsuite/integration-arquillian/tests/base/src/main/java/org/keycloak/testsuite/util/OAuthClient.java:[1366,52] parse(java.net.URI,java.lang.String) in org.apache.http.client.utils.URLEncodedUtils has been deprecated
Legacy Store IT (mssql)	Run base tests	2023-03-08T02:41:39.8208428Z -- [WARNING] /home/runner/work/keycloak/keycloak/testsuite/integration-arquillian/tests/base/src/main/java/org/keycloak/testsuite/util/SamlStreams.java:[39,9] <T>assertThat(T,org.hamcrest.Matcher<? super T>) in org.junit.Assert has been deprecated
Legacy Store IT (mssql)	Run base tests	2023-03-08T02:41:39.8209479Z -- [WARNING] /home/runner/work/keycloak/keycloak/testsuite/integration-arquillian/tests/base/src/main/java/org/keycloak/testsuite/updaters/ServerResourceUpdater.java:[89,20] unchecked cast
Legacy Store IT (mssql)	Run base tests	2023-03-08T02:41:39.8209943Z --   required: T
Legacy Store IT (mssql)	Run base tests	2023-03-08T02:41:39.8210375Z --   found:    org.keycloak.testsuite.updaters.ServerResourceUpdater<T,Res,Rep>
Legacy Store IT (mssql)	Run base tests	2023-03-08T02:41:39.8211107Z -- [WARNING] /home/runner/work/keycloak/keycloak/testsuite/integration-arquillian/tests/base/src/main/java/org/keycloak/testsuite/updaters/ServerResourceUpdater.java:[103,20] unchecked cast
Legacy Store IT (mssql)	Run base tests	2023-03-08T02:41:39.8211640Z --   required: T
Legacy Store IT (mssql)	Run base tests	2023-03-08T02:41:39.8212059Z --   found:    org.keycloak.testsuite.updaters.ServerResourceUpdater<T,Res,Rep>
Legacy Store IT (mssql)	Run base tests	2023-03-08T02:41:39.8212774Z -- [WARNING] /home/runner/work/keycloak/keycloak/testsuite/integration-arquillian/tests/base/src/main/java/org/keycloak/testsuite/updaters/ServerResourceUpdater.java:[140,52] unchecked conversion
Legacy Store IT (mssql)	Run base tests	2023-03-08T02:41:39.8213272Z --   required: java.util.Set<V>
Legacy Store IT (mssql)	Run base tests	2023-03-08T02:41:39.8213557Z --   found:    java.util.Set
Legacy Store IT (mssql)	Run base tests	2023-03-08T02:41:39.8214165Z -- [WARNING] /home/runner/work/keycloak/keycloak/testsuite/integration-arquillian/tests/base/src/main/java/org/keycloak/testsuite/updaters/ServerResourceUpdater.java:[141,51] unchecked conversion
Legacy Store IT (mssql)	Run base tests	2023-03-08T02:41:39.8214638Z --   required: java.util.Set<V>
Legacy Store IT (mssql)	Run base tests	2023-03-08T02:41:39.8214906Z --   found:    java.util.Set
Legacy Store IT (mssql)	Run base tests	2023-03-08T02:41:39.8215723Z -- [WARNING] /home/runner/work/keycloak/keycloak/testsuite/integration-arquillian/tests/base/src/main/java/org/keycloak/testsuite/page/AbstractPatternFlyAlert.java:[69,84] unchecked method invocation: method until in class org.openqa.selenium.support.ui.FluentWait is applied to given types
Legacy Store IT (mssql)	Run base tests	2023-03-08T02:41:39.8216437Z --   required: java.util.function.Function<? super T,V>
Legacy Store IT (mssql)	Run base tests	2023-03-08T02:41:39.8216875Z --   found:    org.openqa.selenium.support.ui.ExpectedCondition
Legacy Store IT (mssql)	Run base tests	2023-03-08T02:41:39.8217580Z -- [WARNING] /home/runner/work/keycloak/keycloak/testsuite/integration-arquillian/tests/base/src/main/java/org/keycloak/testsuite/page/AbstractPatternFlyAlert.java:[69,85] unchecked conversion
Legacy Store IT (mssql)	Run base tests	2023-03-08T02:41:39.8218131Z --   required: java.util.function.Function<? super T,V>
Legacy Store IT (mssql)	Run base tests	2023-03-08T02:41:39.8218562Z --   found:    org.openqa.selenium.support.ui.ExpectedCondition
Legacy Store IT (mssql)	Run base tests	2023-03-08T02:41:39.8219369Z -- [WARNING] /home/runner/work/keycloak/keycloak/testsuite/integration-arquillian/tests/base/src/main/java/org/keycloak/testsuite/arquillian/ModelTestExecutor.java:[53,33] TestResult() in org.jboss.arquillian.test.spi.TestResult has been deprecated
Legacy Store IT (mssql)	Run base tests	2023-03-08T02:41:39.8220501Z -- [WARNING] /home/runner/work/keycloak/keycloak/testsuite/integration-arquillian/tests/base/src/main/java/org/keycloak/testsuite/arquillian/ModelTestExecutor.java:[64,27] setStatus(org.jboss.arquillian.test.spi.TestResult.Status) in org.jboss.arquillian.test.spi.TestResult has been deprecated
Legacy Store IT (mssql)	Run base tests	2023-03-08T02:41:39.8221692Z -- [WARNING] /home/runner/work/keycloak/keycloak/testsuite/integration-arquillian/tests/base/src/main/java/org/keycloak/testsuite/arquillian/ModelTestExecutor.java:[66,27] setStatus(org.jboss.arquillian.test.spi.TestResult.Status) in org.jboss.arquillian.test.spi.TestResult has been deprecated
Legacy Store IT (mssql)	Run base tests	2023-03-08T02:41:39.8222646Z -- [WARNING] /home/runner/work/keycloak/keycloak/testsuite/integration-arquillian/tests/base/src/main/java/org/keycloak/testsuite/arquillian/ModelTestExecutor.java:[76,109] unchecked cast
Legacy Store IT (mssql)	Run base tests	2023-03-08T02:41:39.8223331Z --   required: org.jboss.arquillian.core.api.InstanceProducer<org.jboss.arquillian.test.spi.TestResult>
Legacy Store IT (mssql)	Run base tests	2023-03-08T02:41:39.8223782Z --   found:    java.lang.Object
Legacy Store IT (mssql)	Run base tests	2023-03-08T02:41:39.8224389Z -- [WARNING] /home/runner/work/keycloak/keycloak/testsuite/integration-arquillian/tests/base/src/main/java/org/keycloak/testsuite/util/javascript/XMLHttpRequest.java:[75,67] unchecked cast
Legacy Store IT (mssql)	Run base tests	2023-03-08T02:41:39.8224959Z --   required: java.util.Map<java.lang.String,java.lang.Object>
Legacy Store IT (mssql)	Run base tests	2023-03-08T02:41:39.8225307Z --   found:    java.lang.Object
Legacy Store IT (mssql)	Run base tests	2023-03-08T02:41:39.8226046Z -- [WARNING] /home/runner/work/keycloak/keycloak/testsuite/integration-arquillian/tests/base/src/main/java/org/keycloak/testsuite/util/saml/SessionStateChecker.java:[91,17] <T>assertThat(T,org.hamcrest.Matcher<? super T>) in org.junit.Assert has been deprecated
Legacy Store IT (mssql)	Run base tests	2023-03-08T02:41:39.8227102Z -- [WARNING] /home/runner/work/keycloak/keycloak/testsuite/integration-arquillian/tests/base/src/main/java/org/keycloak/testsuite/util/saml/SessionStateChecker.java:[92,17] <T>assertThat(T,org.hamcrest.Matcher<? super T>) in org.junit.Assert has been deprecated
Legacy Store IT (mssql)	Run base tests	2023-03-08T02:41:39.8228149Z -- [WARNING] /home/runner/work/keycloak/keycloak/testsuite/integration-arquillian/tests/base/src/main/java/org/keycloak/testsuite/util/saml/SessionStateChecker.java:[95,13] <T>assertThat(T,org.hamcrest.Matcher<? super T>) in org.junit.Assert has been deprecated
Legacy Store IT (mssql)	Run base tests	2023-03-08T02:41:39.8229172Z -- [WARNING] /home/runner/work/keycloak/keycloak/testsuite/integration-arquillian/tests/base/src/main/java/org/keycloak/testsuite/util/saml/SessionStateChecker.java:[96,13] <T>assertThat(T,org.hamcrest.Matcher<? super T>) in org.junit.Assert has been deprecated
Legacy Store IT (mssql)	Run base tests	2023-03-08T02:41:39.8230149Z -- [WARNING] /home/runner/work/keycloak/keycloak/testsuite/integration-arquillian/tests/base/src/main/java/org/keycloak/testsuite/util/saml/SessionStateChecker.java:[104,13] <T>assertThat(T,org.hamcrest.Matcher<? super T>) in org.junit.Assert has been deprecated
Legacy Store IT (mssql)	Run base tests	2023-03-08T02:41:39.8231141Z -- [WARNING] /home/runner/work/keycloak/keycloak/testsuite/integration-arquillian/tests/base/src/main/java/org/keycloak/testsuite/util/saml/SessionStateChecker.java:[105,13] <T>assertThat(T,org.hamcrest.Matcher<? super T>) in org.junit.Assert has been deprecated
Legacy Store IT (mssql)	Run base tests	2023-03-08T02:41:39.8232093Z -- [WARNING] /home/runner/work/keycloak/keycloak/testsuite/integration-arquillian/tests/base/src/main/java/org/keycloak/testsuite/util/saml/SessionStateChecker.java:[112,43] <T>assertThat(T,org.hamcrest.Matcher<? super T>) in org.junit.Assert has been deprecated
Legacy Store IT (mssql)	Run base tests	2023-03-08T02:41:39.8233081Z -- [WARNING] /home/runner/work/keycloak/keycloak/testsuite/integration-arquillian/tests/base/src/main/java/org/keycloak/testsuite/util/saml/SessionStateChecker.java:[152,17] <T>assertThat(T,org.hamcrest.Matcher<? super T>) in org.junit.Assert has been deprecated
Legacy Store IT (mssql)	Run base tests	2023-03-08T02:41:39.8234055Z -- [WARNING] /home/runner/work/keycloak/keycloak/testsuite/integration-arquillian/tests/base/src/main/java/org/keycloak/testsuite/util/saml/SessionStateChecker.java:[157,17] <T>assertThat(T,org.hamcrest.Matcher<? super T>) in org.junit.Assert has been deprecated
Legacy Store IT (mssql)	Run base tests	2023-03-08T02:41:39.8235139Z -- [WARNING] /home/runner/work/keycloak/keycloak/testsuite/integration-arquillian/tests/base/src/main/java/org/keycloak/testsuite/updaters/Creator.java:[61,16] unchecked call to Creator(java.lang.String,T,java.lang.Runnable) as a member of the raw type org.keycloak.testsuite.updaters.Creator
Legacy Store IT (mssql)	Run base tests	2023-03-08T02:41:39.8236049Z -- [WARNING] /home/runner/work/keycloak/keycloak/testsuite/integration-arquillian/tests/base/src/main/java/org/keycloak/testsuite/updaters/Creator.java:[61,16] unchecked conversion
Legacy Store IT (mssql)	Run base tests	2023-03-08T02:41:39.8236749Z --   required: org.keycloak.testsuite.updaters.Creator<org.keycloak.admin.client.resource.RealmResource>
Legacy Store IT (mssql)	Run base tests	2023-03-08T02:41:39.8237273Z --   found:    org.keycloak.testsuite.updaters.Creator
Legacy Store IT (mssql)	Run base tests	2023-03-08T02:41:39.8238152Z -- [WARNING] /home/runner/work/keycloak/keycloak/testsuite/integration-arquillian/tests/base/src/main/java/org/keycloak/testsuite/updaters/Creator.java:[70,20] unchecked call to Creator(java.lang.String,T,java.lang.Runnable) as a member of the raw type org.keycloak.testsuite.updaters.Creator
Legacy Store IT (mssql)	Run base tests	2023-03-08T02:41:39.8239070Z -- [WARNING] /home/runner/work/keycloak/keycloak/testsuite/integration-arquillian/tests/base/src/main/java/org/keycloak/testsuite/updaters/Creator.java:[70,20] unchecked conversion
Legacy Store IT (mssql)	Run base tests	2023-03-08T02:41:39.8239759Z --   required: org.keycloak.testsuite.updaters.Creator<org.keycloak.admin.client.resource.GroupResource>
Legacy Store IT (mssql)	Run base tests	2023-03-08T02:41:39.8240288Z --   found:    org.keycloak.testsuite.updaters.Creator
Legacy Store IT (mssql)	Run base tests	2023-03-08T02:41:39.8241145Z -- [WARNING] /home/runner/work/keycloak/keycloak/testsuite/integration-arquillian/tests/base/src/main/java/org/keycloak/testsuite/updaters/Creator.java:[80,20] unchecked call to Creator(java.lang.String,T,java.lang.Runnable) as a member of the raw type org.keycloak.testsuite.updaters.Creator
Legacy Store IT (mssql)	Run base tests	2023-03-08T02:41:39.8242140Z -- [WARNING] /home/runner/work/keycloak/keycloak/testsuite/integration-arquillian/tests/base/src/main/java/org/keycloak/testsuite/updaters/Creator.java:[80,20] unchecked conversion
Legacy Store IT (mssql)	Run base tests	2023-03-08T02:41:39.8242868Z --   required: org.keycloak.testsuite.updaters.Creator<org.keycloak.admin.client.resource.ClientResource>
Legacy Store IT (mssql)	Run base tests	2023-03-08T02:41:39.8243388Z --   found:    org.keycloak.testsuite.updaters.Creator
Legacy Store IT (mssql)	Run base tests	2023-03-08T02:41:39.8244246Z -- [WARNING] /home/runner/work/keycloak/keycloak/testsuite/integration-arquillian/tests/base/src/main/java/org/keycloak/testsuite/updaters/Creator.java:[90,20] unchecked call to Creator(java.lang.String,T,java.lang.Runnable) as a member of the raw type org.keycloak.testsuite.updaters.Creator
Legacy Store IT (mssql)	Run base tests	2023-03-08T02:41:39.8245161Z -- [WARNING] /home/runner/work/keycloak/keycloak/testsuite/integration-arquillian/tests/base/src/main/java/org/keycloak/testsuite/updaters/Creator.java:[90,20] unchecked conversion
Legacy Store IT (mssql)	Run base tests	2023-03-08T02:41:39.8245847Z --   required: org.keycloak.testsuite.updaters.Creator<org.keycloak.admin.client.resource.UserResource>
Legacy Store IT (mssql)	Run base tests	2023-03-08T02:41:39.8246356Z --   found:    org.keycloak.testsuite.updaters.Creator
Legacy Store IT (mssql)	Run base tests	2023-03-08T02:41:39.8247213Z -- [WARNING] /home/runner/work/keycloak/keycloak/testsuite/integration-arquillian/tests/base/src/main/java/org/keycloak/testsuite/updaters/Creator.java:[100,20] unchecked call to Creator(java.lang.String,T,java.lang.Runnable) as a member of the raw type org.keycloak.testsuite.updaters.Creator
Legacy Store IT (mssql)	Run base tests	2023-03-08T02:41:39.8248225Z -- [WARNING] /home/runner/work/keycloak/keycloak/testsuite/integration-arquillian/tests/base/src/main/java/org/keycloak/testsuite/updaters/Creator.java:[100,20] unchecked conversion
Legacy Store IT (mssql)	Run base tests	2023-03-08T02:41:39.8248938Z --   required: org.keycloak.testsuite.updaters.Creator<org.keycloak.admin.client.resource.ComponentResource>
Legacy Store IT (mssql)	Run base tests	2023-03-08T02:41:39.8249467Z --   found:    org.keycloak.testsuite.updaters.Creator
Legacy Store IT (mssql)	Run base tests	2023-03-08T02:41:39.8250265Z -- [WARNING] /home/runner/work/keycloak/keycloak/testsuite/integration-arquillian/tests/base/src/main/java/org/keycloak/testsuite/updaters/Creator.java:[115,15] <T>assertThat(java.lang.String,T,org.hamcrest.Matcher<? super T>) in org.junit.Assert has been deprecated
Legacy Store IT (mssql)	Run base tests	2023-03-08T02:41:39.8251386Z -- [WARNING] /home/runner/work/keycloak/keycloak/testsuite/integration-arquillian/tests/base/src/main/java/org/keycloak/testsuite/updaters/Creator.java:[120,20] unchecked call to Creator(java.lang.String,T,java.lang.Runnable) as a member of the raw type org.keycloak.testsuite.updaters.Creator
Legacy Store IT (mssql)	Run base tests	2023-03-08T02:41:39.8252309Z -- [WARNING] /home/runner/work/keycloak/keycloak/testsuite/integration-arquillian/tests/base/src/main/java/org/keycloak/testsuite/updaters/Creator.java:[120,20] unchecked conversion
Legacy Store IT (mssql)	Run base tests	2023-03-08T02:41:39.8253037Z --   required: org.keycloak.testsuite.updaters.Creator<org.keycloak.admin.client.resource.IdentityProviderResource>
Legacy Store IT (mssql)	Run base tests	2023-03-08T02:41:39.8253596Z --   found:    org.keycloak.testsuite.updaters.Creator
Legacy Store IT (mssql)	Run base tests	2023-03-08T02:41:39.8254371Z -- [WARNING] /home/runner/work/keycloak/keycloak/testsuite/integration-arquillian/tests/base/src/main/java/org/keycloak/testsuite/arquillian/containers/SecurityActions.java:[126,29] isAccessible() in java.lang.reflect.AccessibleObject has been deprecated
Legacy Store IT (mssql)	Run base tests	2023-03-08T02:41:39.8255369Z -- [WARNING] /home/runner/work/keycloak/keycloak/testsuite/integration-arquillian/tests/base/src/main/java/org/keycloak/testsuite/arquillian/containers/SecurityActions.java:[186,31] isAccessible() in java.lang.reflect.AccessibleObject has been deprecated
Legacy Store IT (mssql)	Run base tests	2023-03-08T02:41:39.8256376Z -- [WARNING] /home/runner/work/keycloak/keycloak/testsuite/integration-arquillian/tests/base/src/main/java/org/keycloak/testsuite/arquillian/containers/SecurityActions.java:[221,39] isAccessible() in java.lang.reflect.AccessibleObject has been deprecated
Legacy Store IT (mssql)	Run base tests	2023-03-08T02:41:39.8257408Z -- [WARNING] /home/runner/work/keycloak/keycloak/testsuite/integration-arquillian/tests/base/src/main/java/org/keycloak/testsuite/arquillian/containers/SecurityActions.java:[245,40] isAccessible() in java.lang.reflect.AccessibleObject has been deprecated
Legacy Store IT (mssql)	Run base tests	2023-03-08T02:41:39.8258400Z -- [WARNING] /home/runner/work/keycloak/keycloak/testsuite/integration-arquillian/tests/base/src/main/java/org/keycloak/testsuite/updaters/UserAttributeUpdater.java:[44,9] <T>assertThat(T,org.hamcrest.Matcher<? super T>) in org.junit.Assert has been deprecated
Legacy Store IT (mssql)	Run base tests	2023-03-08T02:41:39.8259481Z -- [WARNING] /home/runner/work/keycloak/keycloak/testsuite/integration-arquillian/tests/base/src/main/java/org/keycloak/testsuite/util/AdminClientUtil.java:[153,17] useProtocol(java.lang.String) in org.apache.http.ssl.SSLContextBuilder has been deprecated
Legacy Store IT (mssql)	Run base tests	2023-03-08T02:41:39.8260496Z -- [WARNING] /home/runner/work/keycloak/keycloak/testsuite/integration-arquillian/tests/base/src/main/java/org/keycloak/testsuite/arquillian/CrossDCTestEnricher.java:[399,9] <T>assertThat(T,org.hamcrest.Matcher<? super T>) in org.junit.Assert has been deprecated
Legacy Store IT (mssql)	Run base tests	2023-03-08T02:41:39.8261518Z -- [WARNING] /home/runner/work/keycloak/keycloak/testsuite/integration-arquillian/tests/base/src/main/java/org/keycloak/testsuite/arquillian/CrossDCTestEnricher.java:[401,9] <T>assertThat(T,org.hamcrest.Matcher<? super T>) in org.junit.Assert has been deprecated
Legacy Store IT (mssql)	Run base tests	2023-03-08T02:41:39.8262565Z -- [WARNING] /home/runner/work/keycloak/keycloak/testsuite/integration-arquillian/tests/base/src/main/java/org/keycloak/testsuite/arquillian/CrossDCTestEnricher.java:[430,46] unchecked method invocation: method isAnnotationPresent in class java.lang.Class is applied to given types
Legacy Store IT (mssql)	Run base tests	2023-03-08T02:41:39.8263286Z --   required: java.lang.Class<? extends java.lang.annotation.Annotation>
Legacy Store IT (mssql)	Run base tests	2023-03-08T02:41:39.8263655Z --   found:    java.lang.Class
Legacy Store IT (mssql)	Run base tests	2023-03-08T02:41:39.8264268Z -- [WARNING] /home/runner/work/keycloak/keycloak/testsuite/integration-arquillian/tests/base/src/main/java/org/keycloak/testsuite/arquillian/CrossDCTestEnricher.java:[430,47] unchecked conversion
Legacy Store IT (mssql)	Run base tests	2023-03-08T02:41:39.8264867Z --   required: java.lang.Class<? extends java.lang.annotation.Annotation>
Legacy Store IT (mssql)	Run base tests	2023-03-08T02:41:39.8265213Z --   found:    java.lang.Class
Legacy Store IT (mssql)	Run base tests	2023-03-08T02:41:39.8265858Z -- [WARNING] /home/runner/work/keycloak/keycloak/testsuite/integration-arquillian/tests/base/src/main/java/org/keycloak/testsuite/util/matchers/SamlStatusResponseTypeMatcher.java:[26,31] unchecked conversion
Legacy Store IT (mssql)	Run base tests	2023-03-08T02:41:39.8266468Z --   required: java.util.List<org.hamcrest.Matcher<java.net.URI>>
Legacy Store IT (mssql)	Run base tests	2023-03-08T02:41:39.8266822Z --   found:    java.util.ArrayList
Legacy Store IT (mssql)	Run base tests	2023-03-08T02:41:39.8267732Z -- [WARNING] /home/runner/work/keycloak/keycloak/testsuite/integration-arquillian/tests/base/src/main/java/org/keycloak/testsuite/arquillian/KeycloakArquillianExtension.java:[63,61] org.keycloak.testsuite.arquillian.DeploymentArchiveProcessor in org.keycloak.testsuite.arquillian has been deprecated
Legacy Store IT (mssql)	Run base tests	2023-03-08T02:41:39.8268985Z -- [WARNING] /home/runner/work/keycloak/keycloak/testsuite/integration-arquillian/tests/base/src/main/java/org/keycloak/testsuite/arquillian/containers/KeycloakContainerFeaturesController.java:[84,13] <T>assertThat(java.lang.String,T,org.hamcrest.Matcher<? super T>) in org.junit.Assert has been deprecated
Legacy Store IT (mssql)	Run base tests	2023-03-08T02:41:39.8269607Z -- [INFO] 
Legacy Store IT (mssql)	Run base tests	2023-03-08T02:41:39.8270090Z -- [INFO] --- maven-resources-plugin:3.0.1:copy-resources (example-realms) @ integration-arquillian-tests-base ---
Legacy Store IT (mssql)	Run base tests	2023-03-08T02:41:39.8270558Z -- [INFO] Skipping the execution.
Legacy Store IT (mssql)	Run base tests	2023-03-08T02:41:39.8270817Z -- [INFO] 
Legacy Store IT (mssql)	Run base tests	2023-03-08T02:41:39.8271293Z -- [INFO] --- maven-dependency-plugin:3.1.2:unpack (unpack-undertow-server) @ integration-arquillian-tests-base ---
Legacy Store IT (mssql)	Run base tests	2023-03-08T02:41:40.1251237Z -- [INFO] Skipping plugin execution
Legacy Store IT (mssql)	Run base tests	2023-03-08T02:41:40.1288377Z -- [INFO] 
Legacy Store IT (mssql)	Run base tests	2023-03-08T02:41:40.1293910Z -- [INFO] --- maven-dependency-plugin:3.1.2:unpack (unpack-quarkus-server) @ integration-arquillian-tests-base ---
Legacy Store IT (mssql)	Run base tests	2023-03-08T02:41:40.1308528Z -- [INFO] Configured Artifact: org.keycloak.testsuite:integration-arquillian-servers-auth-server-quarkus:999.0.0-SNAPSHOT:zip
Legacy Store IT (mssql)	Run base tests	2023-03-08T02:41:40.1433760Z -- [INFO] Unpacking /home/runner/.m2/repository/org/keycloak/testsuite/integration-arquillian-servers-auth-server-quarkus/999.0.0-SNAPSHOT/integration-arquillian-servers-auth-server-quarkus-999.0.0-SNAPSHOT.zip to /home/runner/work/keycloak/keycloak/testsuite/integration-arquillian/tests/base/target/containers with includes "" and excludes ""
Legacy Store IT (mssql)	Run base tests	2023-03-08T02:41:42.1367178Z -- [INFO] 
Legacy Store IT (mssql)	Run base tests	2023-03-08T02:41:42.1368355Z -- [INFO] --- maven-dependency-plugin:3.1.2:unpack (unpack-app-server) @ integration-arquillian-tests-base ---
Legacy Store IT (mssql)	Run base tests	2023-03-08T02:41:42.1368943Z -- [INFO] Skipping plugin execution
Legacy Store IT (mssql)	Run base tests	2023-03-08T02:41:42.1369300Z -- [INFO] 
Legacy Store IT (mssql)	Run base tests	2023-03-08T02:41:42.1369844Z -- [INFO] --- maven-dependency-plugin:3.1.2:copy (example-wars) @ integration-arquillian-tests-base ---
Legacy Store IT (mssql)	Run base tests	2023-03-08T02:41:42.1393471Z -- [INFO] Configured Artifact: org.keycloak.testsuite:hello-world-authz-service:999.0.0-SNAPSHOT:war
Legacy Store IT (mssql)	Run base tests	2023-03-08T02:41:42.1417464Z -- [INFO] Configured Artifact: org.keycloak.testsuite:photoz-html5-client:999.0.0-SNAPSHOT:war
Legacy Store IT (mssql)	Run base tests	2023-03-08T02:41:42.1453596Z -- [INFO] Configured Artifact: org.keycloak.testsuite:photoz-restful-api:999.0.0-SNAPSHOT:war
Legacy Store IT (mssql)	Run base tests	2023-03-08T02:41:42.1488793Z -- [INFO] Configured Artifact: org.keycloak.testsuite:servlet-authz-app:999.0.0-SNAPSHOT:war
Legacy Store IT (mssql)	Run base tests	2023-03-08T02:41:42.1509993Z -- [INFO] Configured Artifact: org.keycloak.testsuite:servlet-policy-enforcer:999.0.0-SNAPSHOT:war
Legacy Store IT (mssql)	Run base tests	2023-03-08T02:41:42.1533892Z -- [INFO] Configured Artifact: org.keycloak.testsuite:integration-arquillian-test-apps-cors-angular-product:999.0.0-SNAPSHOT:war
Legacy Store IT (mssql)	Run base tests	2023-03-08T02:41:42.1566414Z -- [INFO] Configured Artifact: org.keycloak.testsuite:integration-arquillian-test-apps-cors-database-service:999.0.0-SNAPSHOT:war
Legacy Store IT (mssql)	Run base tests	2023-03-08T02:41:42.1615754Z -- [INFO] Copying hello-world-authz-service-999.0.0-SNAPSHOT.war to /home/runner/work/keycloak/keycloak/testsuite/integration-arquillian/tests/base/target/examples/hello-world-authz-service-999.0.0-SNAPSHOT.war
Legacy Store IT (mssql)	Run base tests	2023-03-08T02:41:42.1647988Z -- [INFO] Copying photoz-html5-client-999.0.0-SNAPSHOT.war to /home/runner/work/keycloak/keycloak/testsuite/integration-arquillian/tests/base/target/examples/photoz-html5-client-999.0.0-SNAPSHOT.war
Legacy Store IT (mssql)	Run base tests	2023-03-08T02:41:42.1655368Z -- [INFO] Copying photoz-restful-api-999.0.0-SNAPSHOT.war to /home/runner/work/keycloak/keycloak/testsuite/integration-arquillian/tests/base/target/examples/photoz-restful-api-999.0.0-SNAPSHOT.war
Legacy Store IT (mssql)	Run base tests	2023-03-08T02:41:42.1717598Z -- [INFO] Copying servlet-authz-app-999.0.0-SNAPSHOT.war to /home/runner/work/keycloak/keycloak/testsuite/integration-arquillian/tests/base/target/examples/servlet-authz-app-999.0.0-SNAPSHOT.war
Legacy Store IT (mssql)	Run base tests	2023-03-08T02:41:42.1728596Z -- [INFO] Copying servlet-policy-enforcer-999.0.0-SNAPSHOT.war to /home/runner/work/keycloak/keycloak/testsuite/integration-arquillian/tests/base/target/examples/servlet-policy-enforcer-999.0.0-SNAPSHOT.war
Legacy Store IT (mssql)	Run base tests	2023-03-08T02:41:42.1815963Z -- [INFO] Copying integration-arquillian-test-apps-cors-angular-product-999.0.0-SNAPSHOT.war to /home/runner/work/keycloak/keycloak/testsuite/integration-arquillian/tests/base/target/examples/integration-arquillian-test-apps-cors-angular-product-999.0.0-SNAPSHOT.war
Legacy Store IT (mssql)	Run base tests	2023-03-08T02:41:42.1828852Z -- [INFO] Copying integration-arquillian-test-apps-cors-database-service-999.0.0-SNAPSHOT.war to /home/runner/work/keycloak/keycloak/testsuite/integration-arquillian/tests/base/target/examples/integration-arquillian-test-apps-cors-database-service-999.0.0-SNAPSHOT.war
Legacy Store IT (mssql)	Run base tests	2023-03-08T02:41:42.1837003Z -- [INFO] 
Legacy Store IT (mssql)	Run base tests	2023-03-08T02:41:42.1847194Z -- [INFO] --- maven-dependency-plugin:3.1.2:unpack (test-apps-realms) @ integration-arquillian-tests-base ---
Legacy Store IT (mssql)	Run base tests	2023-03-08T02:41:42.1870091Z -- [INFO] Configured Artifact: org.keycloak.testsuite:integration-arquillian-test-apps-dist:999.0.0-SNAPSHOT:zip
Legacy Store IT (mssql)	Run base tests	2023-03-08T02:41:42.1921091Z -- [INFO] Unpacking /home/runner/.m2/repository/org/keycloak/testsuite/integration-arquillian-test-apps-dist/999.0.0-SNAPSHOT/integration-arquillian-test-apps-dist-999.0.0-SNAPSHOT.zip to /home/runner/work/keycloak/keycloak/testsuite/integration-arquillian/tests/base/target/examples with includes "**/*realm.json,**/*authz-service.json,**/testsaml.json,**/*-keycloak.json" and excludes ""
Legacy Store IT (mssql)	Run base tests	2023-03-08T02:41:42.2107202Z -- [INFO] 
Legacy Store IT (mssql)	Run base tests	2023-03-08T02:41:42.2112739Z -- [INFO] --- maven-dependency-plugin:3.1.2:unpack (unpack-client-cli-dist) @ integration-arquillian-tests-base ---
Legacy Store IT (mssql)	Run base tests	2023-03-08T02:41:42.2139655Z -- [INFO] Configured Artifact: org.keycloak:keycloak-client-cli-dist:999.0.0-SNAPSHOT:zip
Legacy Store IT (mssql)	Run base tests	2023-03-08T02:41:42.2183794Z -- [INFO] Unpacking /home/runner/.m2/repository/org/keycloak/keycloak-client-cli-dist/999.0.0-SNAPSHOT/keycloak-client-cli-dist-999.0.0-SNAPSHOT.zip to /home/runner/work/keycloak/keycloak/testsuite/integration-arquillian/tests/base/target/containers with includes "" and excludes ""
Legacy Store IT (mssql)	Run base tests	2023-03-08T02:41:42.3733190Z -- [INFO] 
Legacy Store IT (mssql)	Run base tests	2023-03-08T02:41:42.3739589Z -- [INFO] --- maven-dependency-plugin:3.1.2:copy-dependencies (copy-testsuite-providers-to-base-testsuite) @ integration-arquillian-tests-base ---
Legacy Store IT (mssql)	Run base tests	2023-03-08T02:41:42.3867757Z -- [INFO] Copying integration-arquillian-testsuite-providers-999.0.0-SNAPSHOT.jar to /home/runner/work/keycloak/keycloak/testsuite/integration-arquillian/tests/base/target/lib/integration-arquillian-testsuite-providers-999.0.0-SNAPSHOT.jar
Legacy Store IT (mssql)	Run base tests	2023-03-08T02:41:42.3878189Z -- [INFO] 
Legacy Store IT (mssql)	Run base tests	2023-03-08T02:41:42.3882818Z -- [INFO] --- maven-resources-plugin:3.0.1:testResources (default-testResources) @ integration-arquillian-tests-base ---
Legacy Store IT (mssql)	Run base tests	2023-03-08T02:41:42.3909810Z -- [INFO] Using 'UTF-8' encoding to copy filtered resources.
Legacy Store IT (mssql)	Run base tests	2023-03-08T02:41:42.3987652Z -- [INFO] Copying 39 resources
Legacy Store IT (mssql)	Run base tests	2023-03-08T02:41:42.8763934Z -- [INFO] Copying 364 resources
Legacy Store IT (mssql)	Run base tests	2023-03-08T02:41:42.9452121Z -- [INFO] 
Legacy Store IT (mssql)	Run base tests	2023-03-08T02:41:42.9457217Z -- [INFO] --- maven-antrun-plugin:1.8:run (clean-second-cache-server-arquillian-bug-workaround) @ integration-arquillian-tests-base ---
Legacy Store IT (mssql)	Run base tests	2023-03-08T02:41:42.9684747Z -- [INFO] Skipping Antrun execution
Legacy Store IT (mssql)	Run base tests	2023-03-08T02:41:42.9690771Z -- [INFO] 
Legacy Store IT (mssql)	Run base tests	2023-03-08T02:41:42.9695409Z -- [INFO] --- maven-antrun-plugin:1.8:run (default) @ integration-arquillian-tests-base ---
Legacy Store IT (mssql)	Run base tests	2023-03-08T02:41:43.1768071Z -- [INFO] Executing tasks
Legacy Store IT (mssql)	Run base tests	2023-03-08T02:41:43.1774509Z -- 
Legacy Store IT (mssql)	Run base tests	2023-03-08T02:41:43.1775033Z -- main:
Legacy Store IT (mssql)	Run base tests	2023-03-08T02:41:43.2036903Z -- [INFO] Executed tasks
Legacy Store IT (mssql)	Run base tests	2023-03-08T02:41:43.2042901Z -- [INFO] 
Legacy Store IT (mssql)	Run base tests	2023-03-08T02:41:43.2048198Z -- [INFO] --- maven-compiler-plugin:3.8.1:testCompile (default-testCompile) @ integration-arquillian-tests-base ---
Legacy Store IT (mssql)	Run base tests	2023-03-08T02:41:43.2552006Z -- [INFO] Changes detected - recompiling the module!
Legacy Store IT (mssql)	Run base tests	2023-03-08T02:41:43.2642769Z -- [INFO] Compiling 724 source files to /home/runner/work/keycloak/keycloak/testsuite/integration-arquillian/tests/base/target/test-classes
Legacy Store IT (mssql)	Run base tests	2023-03-08T02:41:58.1591692Z -- [WARNING] /home/runner/work/keycloak/keycloak/testsuite/integration-arquillian/tests/base/src/test/java/org/keycloak/testsuite/util/AssertAdminEvents.java:[191,19] <T>assertThat(T,org.hamcrest.Matcher<? super T>) in org.junit.Assert has been deprecated
Legacy Store IT (mssql)	Run base tests	2023-03-08T02:41:58.1593064Z -- [WARNING] /home/runner/work/keycloak/keycloak/testsuite/integration-arquillian/tests/base/src/test/java/org/keycloak/testsuite/util/AssertAdminEvents.java:[219,97] unchecked cast
Legacy Store IT (mssql)	Run base tests	2023-03-08T02:41:58.1594002Z --   required: java.util.List<org.keycloak.representations.idm.RoleRepresentation>
Legacy Store IT (mssql)	Run base tests	2023-03-08T02:41:58.1594669Z --   found:    java.lang.Object
Legacy Store IT (mssql)	Run base tests	2023-03-08T02:41:58.1595813Z -- [WARNING] /home/runner/work/keycloak/keycloak/testsuite/integration-arquillian/tests/base/src/test/java/org/keycloak/testsuite/broker/AbstractFirstBrokerLoginTest.java:[979,9] <T>assertThat(T,org.hamcrest.Matcher<? super T>) in org.junit.Assert has been deprecated
Legacy Store IT (mssql)	Run base tests	2023-03-08T02:41:58.1597168Z -- [WARNING] /home/runner/work/keycloak/keycloak/testsuite/integration-arquillian/tests/base/src/test/java/org/keycloak/testsuite/broker/BrokerRunOnServerUtil.java:[147,45] removeExpired(org.keycloak.models.RealmModel) in org.keycloak.sessions.AuthenticationSessionProvider has been deprecated
Legacy Store IT (mssql)	Run base tests	2023-03-08T02:41:58.1598831Z -- [WARNING] /home/runner/work/keycloak/keycloak/testsuite/integration-arquillian/tests/base/src/test/java/org/keycloak/testsuite/AssertEvents.java:[96,89] isEmptyOrNullString() in org.hamcrest.Matchers has been deprecated
Legacy Store IT (mssql)	Run base tests	2023-03-08T02:41:58.1599989Z -- [WARNING] /home/runner/work/keycloak/keycloak/testsuite/integration-arquillian/tests/base/src/test/java/org/keycloak/testsuite/AssertEvents.java:[366,19] <T>assertThat(java.lang.String,T,org.hamcrest.Matcher<? super T>) in org.junit.Assert has been deprecated
Legacy Store IT (mssql)	Run base tests	2023-03-08T02:41:58.1601251Z -- [WARNING] /home/runner/work/keycloak/keycloak/testsuite/integration-arquillian/tests/base/src/test/java/org/keycloak/testsuite/AssertEvents.java:[367,19] <T>assertThat(java.lang.String,T,org.hamcrest.Matcher<? super T>) in org.junit.Assert has been deprecated
Legacy Store IT (mssql)	Run base tests	2023-03-08T02:41:58.1800685Z -- [WARNING] /home/runner/work/keycloak/keycloak/testsuite/integration-arquillian/tests/base/src/test/java/org/keycloak/testsuite/AssertEvents.java:[368,19] <T>assertThat(java.lang.String,T,org.hamcrest.Matcher<? super T>) in org.junit.Assert has been deprecated
Legacy Store IT (mssql)	Run base tests	2023-03-08T02:41:58.1802285Z -- [WARNING] /home/runner/work/keycloak/keycloak/testsuite/integration-arquillian/tests/base/src/test/java/org/keycloak/testsuite/AssertEvents.java:[369,19] <T>assertThat(java.lang.String,T,org.hamcrest.Matcher<? super T>) in org.junit.Assert has been deprecated
Legacy Store IT (mssql)	Run base tests	2023-03-08T02:41:58.1803511Z -- [WARNING] /home/runner/work/keycloak/keycloak/testsuite/integration-arquillian/tests/base/src/test/java/org/keycloak/testsuite/AssertEvents.java:[370,19] <T>assertThat(java.lang.String,T,org.hamcrest.Matcher<? super T>) in org.junit.Assert has been deprecated
Legacy Store IT (mssql)	Run base tests	2023-03-08T02:41:58.1804723Z -- [WARNING] /home/runner/work/keycloak/keycloak/testsuite/integration-arquillian/tests/base/src/test/java/org/keycloak/testsuite/AssertEvents.java:[371,19] <T>assertThat(java.lang.String,T,org.hamcrest.Matcher<? super T>) in org.junit.Assert has been deprecated
Legacy Store IT (mssql)	Run base tests	2023-03-08T02:41:58.1805998Z -- [WARNING] /home/runner/work/keycloak/keycloak/testsuite/integration-arquillian/tests/base/src/test/java/org/keycloak/testsuite/AssertEvents.java:[372,19] <T>assertThat(java.lang.String,T,org.hamcrest.Matcher<? super T>) in org.junit.Assert has been deprecated
Legacy Store IT (mssql)	Run base tests	2023-03-08T02:41:58.1807192Z -- [WARNING] /home/runner/work/keycloak/keycloak/testsuite/integration-arquillian/tests/base/src/test/java/org/keycloak/testsuite/AssertEvents.java:[384,27] <T>assertThat(java.lang.String,T,org.hamcrest.Matcher<? super T>) in org.junit.Assert has been deprecated
Legacy Store IT (mssql)	Run base tests	2023-03-08T02:41:58.1808749Z -- [WARNING] /home/runner/work/keycloak/keycloak/testsuite/integration-arquillian/tests/base/src/test/java/org/keycloak/testsuite/authz/adapter/example/AbstractServletPolicyEnforcerTest.java:[327,21] setUri(java.lang.String) in org.keycloak.representations.idm.authorization.ResourceRepresentation has been deprecated
Legacy Store IT (mssql)	Run base tests	2023-03-08T02:41:58.1810511Z -- [WARNING] /home/runner/work/keycloak/keycloak/testsuite/integration-arquillian/tests/base/src/test/java/org/keycloak/testsuite/authz/adapter/example/AbstractServletPolicyEnforcerTest.java:[334,32] getUri() in org.keycloak.representations.idm.authorization.ResourceRepresentation has been deprecated
Legacy Store IT (mssql)	Run base tests	2023-03-08T02:41:58.1812002Z -- [WARNING] /home/runner/work/keycloak/keycloak/testsuite/integration-arquillian/tests/base/src/test/java/org/keycloak/testsuite/authz/adapter/example/AbstractServletPolicyEnforcerTest.java:[340,32] getUri() in org.keycloak.representations.idm.authorization.ResourceRepresentation has been deprecated
Legacy Store IT (mssql)	Run base tests	2023-03-08T02:41:58.1813442Z -- [WARNING] /home/runner/work/keycloak/keycloak/testsuite/integration-arquillian/tests/base/src/test/java/org/keycloak/testsuite/authz/adapter/example/AbstractServletPolicyEnforcerTest.java:[346,32] getUri() in org.keycloak.representations.idm.authorization.ResourceRepresentation has been deprecated
Legacy Store IT (mssql)	Run base tests	2023-03-08T02:41:58.1814944Z -- [WARNING] /home/runner/work/keycloak/keycloak/testsuite/integration-arquillian/tests/base/src/test/java/org/keycloak/testsuite/authz/adapter/example/AbstractServletPolicyEnforcerTest.java:[366,21] setUri(java.lang.String) in org.keycloak.representations.idm.authorization.ResourceRepresentation has been deprecated
Legacy Store IT (mssql)	Run base tests	2023-03-08T02:41:58.1816437Z -- [WARNING] /home/runner/work/keycloak/keycloak/testsuite/integration-arquillian/tests/base/src/test/java/org/keycloak/testsuite/saml/AbstractSamlTest.java:[165,9] <T>assertThat(T,org.hamcrest.Matcher<? super T>) in org.junit.Assert has been deprecated
Legacy Store IT (mssql)	Run base tests	2023-03-08T02:41:58.1817691Z -- [WARNING] /home/runner/work/keycloak/keycloak/testsuite/integration-arquillian/tests/base/src/test/java/org/keycloak/testsuite/saml/AbstractSamlTest.java:[168,9] <T>assertThat(T,org.hamcrest.Matcher<? super T>) in org.junit.Assert has been deprecated
Legacy Store IT (mssql)	Run base tests	2023-03-08T02:41:58.1818927Z -- [WARNING] /home/runner/work/keycloak/keycloak/testsuite/integration-arquillian/tests/base/src/test/java/org/keycloak/testsuite/saml/AbstractSamlTest.java:[169,9] <T>assertThat(T,org.hamcrest.Matcher<? super T>) in org.junit.Assert has been deprecated
Legacy Store IT (mssql)	Run base tests	2023-03-08T02:41:58.1821839Z -- [WARNING] /home/runner/work/keycloak/keycloak/testsuite/integration-arquillian/tests/base/src/test/java/org/keycloak/testsuite/broker/AbstractAdvancedBrokerTest.java:[373,9] <T>assertThat(T,org.hamcrest.Matcher<? super T>) in org.junit.Assert has been deprecated
Legacy Store IT (mssql)	Run base tests	2023-03-08T02:41:58.1823559Z -- [WARNING] /home/runner/work/keycloak/keycloak/testsuite/integration-arquillian/tests/base/src/test/java/org/keycloak/testsuite/broker/AbstractAdvancedBrokerTest.java:[374,9] <T>assertThat(T,org.hamcrest.Matcher<? super T>) in org.junit.Assert has been deprecated
Legacy Store IT (mssql)	Run base tests	2023-03-08T02:41:58.1824819Z -- [WARNING] /home/runner/work/keycloak/keycloak/testsuite/integration-arquillian/tests/base/src/test/java/org/keycloak/testsuite/broker/AbstractAdvancedBrokerTest.java:[387,13] <T>assertThat(T,org.hamcrest.Matcher<? super T>) in org.junit.Assert has been deprecated
Legacy Store IT (mssql)	Run base tests	2023-03-08T02:41:58.1825874Z -- [WARNING] /home/runner/work/keycloak/keycloak/testsuite/integration-arquillian/tests/base/src/test/java/org/keycloak/testsuite/broker/AbstractAdvancedBrokerTest.java:[389,13] <T>assertThat(T,org.hamcrest.Matcher<? super T>) in org.junit.Assert has been deprecated
Legacy Store IT (mssql)	Run base tests	2023-03-08T02:41:58.1826998Z -- [WARNING] /home/runner/work/keycloak/keycloak/testsuite/integration-arquillian/tests/base/src/test/java/org/keycloak/testsuite/broker/AbstractAdvancedBrokerTest.java:[390,13] <T>assertThat(T,org.hamcrest.Matcher<? super T>) in org.junit.Assert has been deprecated
Legacy Store IT (mssql)	Run base tests	2023-03-08T02:41:58.1828017Z -- [WARNING] /home/runner/work/keycloak/keycloak/testsuite/integration-arquillian/tests/base/src/test/java/org/keycloak/testsuite/broker/AbstractAdvancedBrokerTest.java:[421,9] <T>assertThat(T,org.hamcrest.Matcher<? super T>) in org.junit.Assert has been deprecated
Legacy Store IT (mssql)	Run base tests	2023-03-08T02:41:58.1829063Z -- [WARNING] /home/runner/work/keycloak/keycloak/testsuite/integration-arquillian/tests/base/src/test/java/org/keycloak/testsuite/broker/AbstractAdvancedBrokerTest.java:[422,9] <T>assertThat(T,org.hamcrest.Matcher<? super T>) in org.junit.Assert has been deprecated
Legacy Store IT (mssql)	Run base tests	2023-03-08T02:41:58.1830076Z -- [WARNING] /home/runner/work/keycloak/keycloak/testsuite/integration-arquillian/tests/base/src/test/java/org/keycloak/testsuite/broker/AbstractAdvancedBrokerTest.java:[434,9] <T>assertThat(T,org.hamcrest.Matcher<? super T>) in org.junit.Assert has been deprecated
Legacy Store IT (mssql)	Run base tests	2023-03-08T02:41:58.1831110Z -- [WARNING] /home/runner/work/keycloak/keycloak/testsuite/integration-arquillian/tests/base/src/test/java/org/keycloak/testsuite/broker/AbstractAdvancedBrokerTest.java:[435,9] <T>assertThat(T,org.hamcrest.Matcher<? super T>) in org.junit.Assert has been deprecated
Legacy Store IT (mssql)	Run base tests	2023-03-08T02:41:58.1832071Z -- [WARNING] /home/runner/work/keycloak/keycloak/testsuite/integration-arquillian/tests/base/src/test/java/org/keycloak/testsuite/authz/AuthzClientTest.java:[18,67] none() in org.junit.rules.ExpectedException has been deprecated
Legacy Store IT (mssql)	Run base tests	2023-03-08T02:41:58.1833106Z -- [WARNING] /home/runner/work/keycloak/keycloak/testsuite/integration-arquillian/tests/base/src/test/java/org/keycloak/testsuite/authz/AuthorizationAPITest.java:[81,21] defaultRoles(java.lang.String...) in org.keycloak.testsuite.util.ClientBuilder has been deprecated
Legacy Store IT (mssql)	Run base tests	2023-03-08T02:41:58.1834373Z -- [WARNING] /home/runner/work/keycloak/keycloak/testsuite/integration-arquillian/tests/base/src/test/java/org/keycloak/testsuite/authz/AuthorizationAPITest.java:[87,21] defaultRoles(java.lang.String...) in org.keycloak.testsuite.util.ClientBuilder has been deprecated
Legacy Store IT (mssql)	Run base tests	2023-03-08T02:41:58.1835728Z -- [WARNING] /home/runner/work/keycloak/keycloak/testsuite/integration-arquillian/tests/base/src/test/java/org/keycloak/testsuite/model/ClientModelTest.java:[98,15] updateClient() in org.keycloak.models.ClientModel has been deprecated
Legacy Store IT (mssql)	Run base tests	2023-03-08T02:41:58.1836759Z -- [WARNING] /home/runner/work/keycloak/keycloak/testsuite/integration-arquillian/tests/base/src/test/java/org/keycloak/testsuite/admin/ImpersonationTest.java:[334,19] <T>assertThat(T,org.hamcrest.Matcher<? super T>) in org.junit.Assert has been deprecated
Legacy Store IT (mssql)	Run base tests	2023-03-08T02:41:58.1837750Z -- [WARNING] /home/runner/work/keycloak/keycloak/testsuite/integration-arquillian/tests/base/src/test/java/org/keycloak/testsuite/admin/ImpersonationTest.java:[347,19] <T>assertThat(T,org.hamcrest.Matcher<? super T>) in org.junit.Assert has been deprecated
Legacy Store IT (mssql)	Run base tests	2023-03-08T02:41:58.1838740Z -- [WARNING] /home/runner/work/keycloak/keycloak/testsuite/integration-arquillian/tests/base/src/test/java/org/keycloak/testsuite/admin/ImpersonationTest.java:[441,19] <T>assertThat(T,org.hamcrest.Matcher<? super T>) in org.junit.Assert has been deprecated
Legacy Store IT (mssql)	Run base tests	2023-03-08T02:41:58.1839651Z -- [WARNING] /home/runner/work/keycloak/keycloak/testsuite/integration-arquillian/tests/base/src/test/java/org/keycloak/testsuite/client/ClientSecretRotationTest.java:[760,59] unchecked conversion
Legacy Store IT (mssql)	Run base tests	2023-03-08T02:41:58.1840263Z --   required: java.util.Map<java.lang.String,java.lang.String>
Legacy Store IT (mssql)	Run base tests	2023-03-08T02:41:58.1840621Z --   found:    java.util.Map
Legacy Store IT (mssql)	Run base tests	2023-03-08T02:41:58.1841457Z -- [WARNING] /home/runner/work/keycloak/keycloak/testsuite/integration-arquillian/tests/base/src/test/java/org/keycloak/testsuite/broker/AbstractIdentityProviderMapperTest.java:[71,9] <T>assertThat(java.lang.String,T,org.hamcrest.Matcher<? super T>) in org.junit.Assert has been deprecated
Legacy Store IT (mssql)	Run base tests	2023-03-08T02:41:58.1842623Z -- [WARNING] /home/runner/work/keycloak/keycloak/testsuite/integration-arquillian/tests/base/src/test/java/org/keycloak/testsuite/broker/AbstractIdentityProviderMapperTest.java:[73,9] <T>assertThat(java.lang.String,T,org.hamcrest.Matcher<? super T>) in org.junit.Assert has been deprecated
Legacy Store IT (mssql)	Run base tests	2023-03-08T02:41:58.1843747Z -- [WARNING] /home/runner/work/keycloak/keycloak/testsuite/integration-arquillian/tests/base/src/test/java/org/keycloak/testsuite/broker/AbstractIdentityProviderMapperTest.java:[74,9] <T>assertThat(java.lang.String,T,org.hamcrest.Matcher<? super T>) in org.junit.Assert has been deprecated
Legacy Store IT (mssql)	Run base tests	2023-03-08T02:41:58.1844927Z -- [WARNING] /home/runner/work/keycloak/keycloak/testsuite/integration-arquillian/tests/base/src/test/java/org/keycloak/testsuite/client/policies/AbstractClientPoliciesTest.java:[566,42] org.apache.http.impl.client.DefaultHttpClient in org.apache.http.impl.client has been deprecated
Legacy Store IT (mssql)	Run base tests	2023-03-08T02:41:58.1845930Z -- [WARNING] /home/runner/work/keycloak/keycloak/testsuite/integration-arquillian/tests/base/src/test/java/org/keycloak/testsuite/client/policies/AbstractClientPoliciesTest.java:[688,59] unchecked conversion
Legacy Store IT (mssql)	Run base tests	2023-03-08T02:41:58.1846534Z --   required: java.util.Map<java.lang.String,java.lang.String>
Legacy Store IT (mssql)	Run base tests	2023-03-08T02:41:58.1846895Z --   found:    java.util.Map
Legacy Store IT (mssql)	Run base tests	2023-03-08T02:41:58.1847693Z -- [WARNING] /home/runner/work/keycloak/keycloak/testsuite/integration-arquillian/tests/base/src/test/java/org/keycloak/testsuite/client/policies/AbstractClientPoliciesTest.java:[746,55] unchecked conversion
Legacy Store IT (mssql)	Run base tests	2023-03-08T02:41:58.1848302Z --   required: java.util.Map<java.lang.String,java.lang.String>
Legacy Store IT (mssql)	Run base tests	2023-03-08T02:41:58.1848641Z --   found:    java.util.Map
Legacy Store IT (mssql)	Run base tests	2023-03-08T02:41:58.1849286Z -- [WARNING] /home/runner/work/keycloak/keycloak/testsuite/integration-arquillian/tests/base/src/test/java/org/keycloak/testsuite/client/policies/AbstractClientPoliciesTest.java:[1081,104] unchecked cast
Legacy Store IT (mssql)	Run base tests	2023-03-08T02:41:58.1849942Z --   required: java.util.Collection<java.lang.String>
Legacy Store IT (mssql)	Run base tests	2023-03-08T02:41:58.1850316Z --   found:    java.util.List
Legacy Store IT (mssql)	Run base tests	2023-03-08T02:41:58.1850895Z -- [WARNING] /home/runner/work/keycloak/keycloak/testsuite/integration-arquillian/tests/base/src/test/java/org/keycloak/testsuite/saml/BrokerTest.java:[330,63] unchecked conversion
Legacy Store IT (mssql)	Run base tests	2023-03-08T02:41:58.1851639Z --   required: org.keycloak.saml.BaseSAML2BindingBuilder<org.keycloak.saml.BaseSAML2BindingBuilder>
Legacy Store IT (mssql)	Run base tests	2023-03-08T02:41:58.1852164Z --   found:    org.keycloak.saml.BaseSAML2BindingBuilder
Legacy Store IT (mssql)	Run base tests	2023-03-08T02:41:58.1852991Z -- [WARNING] /home/runner/work/keycloak/keycloak/testsuite/integration-arquillian/tests/base/src/test/java/org/keycloak/testsuite/migration/AbstractMigrationTest.java:[735,43] getExpiration() in org.keycloak.representations.JsonWebToken has been deprecated
Legacy Store IT (mssql)	Run base tests	2023-03-08T02:41:58.1854365Z -- [WARNING] /home/runner/work/keycloak/keycloak/testsuite/integration-arquillian/tests/base/src/test/java/org/keycloak/testsuite/authz/admin/ClaimInformationPointProviderTest.java:[176,30] unchecked call to create(java.util.Map<java.lang.String,java.lang.Object>) as a member of the raw type org.keycloak.adapters.authorization.ClaimInformationPointProviderFactory
Legacy Store IT (mssql)	Run base tests	2023-03-08T02:41:58.1855686Z -- [WARNING] /home/runner/work/keycloak/keycloak/testsuite/integration-arquillian/tests/base/src/test/java/org/keycloak/testsuite/authz/admin/ClaimInformationPointProviderTest.java:[346,20] javax.security.cert.X509Certificate in javax.security.cert has been deprecated
Legacy Store IT (mssql)	Run base tests	2023-03-08T02:41:58.1856788Z -- [WARNING] /home/runner/work/keycloak/keycloak/testsuite/integration-arquillian/tests/base/src/test/java/org/keycloak/testsuite/authz/admin/ClaimInformationPointProviderTest.java:[347,28] javax.security.cert.X509Certificate in javax.security.cert has been deprecated
Legacy Store IT (mssql)	Run base tests	2023-03-08T02:41:58.1858253Z -- [WARNING] /home/runner/work/keycloak/keycloak/testsuite/integration-arquillian/tests/base/src/test/java/org/keycloak/testsuite/admin/UserFederationLdapConnectionTest.java:[80,25] testLDAPConnection(java.lang.String,java.lang.String,java.lang.String,java.lang.String,java.lang.String,java.lang.String) in org.keycloak.admin.client.resource.RealmResource has been deprecated
Legacy Store IT (mssql)	Run base tests	2023-03-08T02:41:58.1859654Z -- [WARNING] /home/runner/work/keycloak/keycloak/testsuite/integration-arquillian/tests/base/src/test/java/org/keycloak/testsuite/admin/UserFederationLdapConnectionTest.java:[120,15] <T>assertThat(T,org.hamcrest.Matcher<? super T>) in org.junit.Assert has been deprecated
Legacy Store IT (mssql)	Run base tests	2023-03-08T02:41:58.1861086Z -- [WARNING] /home/runner/work/keycloak/keycloak/testsuite/integration-arquillian/tests/base/src/test/java/org/keycloak/testsuite/admin/PermissionsTest.java:[358,35] testLDAPConnection(java.lang.String,java.lang.String,java.lang.String,java.lang.String,java.lang.String,java.lang.String) in org.keycloak.admin.client.resource.RealmResource has been deprecated
Legacy Store IT (mssql)	Run base tests	2023-03-08T02:41:58.1862375Z -- [WARNING] /home/runner/work/keycloak/keycloak/testsuite/integration-arquillian/tests/base/src/test/java/org/keycloak/testsuite/admin/PermissionsTest.java:[497,15] <T>assertThat(T,org.hamcrest.Matcher<? super T>) in org.junit.Assert has been deprecated
Legacy Store IT (mssql)	Run base tests	2023-03-08T02:41:58.1863365Z -- [WARNING] /home/runner/work/keycloak/keycloak/testsuite/integration-arquillian/tests/base/src/test/java/org/keycloak/testsuite/admin/PermissionsTest.java:[500,15] <T>assertThat(T,org.hamcrest.Matcher<? super T>) in org.junit.Assert has been deprecated
Legacy Store IT (mssql)	Run base tests	2023-03-08T02:41:58.1864524Z -- [WARNING] /home/runner/work/keycloak/keycloak/testsuite/integration-arquillian/tests/base/src/test/java/org/keycloak/testsuite/admin/PermissionsTest.java:[654,83] unchecked method invocation: method createMapper in interface org.keycloak.admin.client.resource.ProtocolMappersResource is applied to given types
Legacy Store IT (mssql)	Run base tests	2023-03-08T02:41:58.1865431Z --   required: java.util.List<org.keycloak.representations.idm.ProtocolMapperRepresentation>
Legacy Store IT (mssql)	Run base tests	2023-03-08T02:41:58.1865951Z --   found:    java.util.List
Legacy Store IT (mssql)	Run base tests	2023-03-08T02:41:58.1866551Z -- [WARNING] /home/runner/work/keycloak/keycloak/testsuite/integration-arquillian/tests/base/src/test/java/org/keycloak/testsuite/admin/PermissionsTest.java:[654,95] unchecked conversion
Legacy Store IT (mssql)	Run base tests	2023-03-08T02:41:58.1867228Z --   required: java.util.List<org.keycloak.representations.idm.ProtocolMapperRepresentation>
Legacy Store IT (mssql)	Run base tests	2023-03-08T02:41:58.1867710Z --   found:    java.util.List
Legacy Store IT (mssql)	Run base tests	2023-03-08T02:41:58.1868497Z -- [WARNING] /home/runner/work/keycloak/keycloak/testsuite/integration-arquillian/tests/base/src/test/java/org/keycloak/testsuite/admin/PermissionsTest.java:[1522,48] resetPasswordEmail() in org.keycloak.admin.client.resource.UserResource has been deprecated
Legacy Store IT (mssql)	Run base tests	2023-03-08T02:41:58.1869541Z -- [WARNING] /home/runner/work/keycloak/keycloak/testsuite/integration-arquillian/tests/base/src/test/java/org/keycloak/testsuite/oauth/OfflineTokenTest.java:[250,37] getExpiration() in org.keycloak.representations.JsonWebToken has been deprecated
Legacy Store IT (mssql)	Run base tests	2023-03-08T02:41:58.1870544Z -- [WARNING] /home/runner/work/keycloak/keycloak/testsuite/integration-arquillian/tests/base/src/test/java/org/keycloak/testsuite/oauth/OfflineTokenTest.java:[346,44] getExpiration() in org.keycloak.representations.JsonWebToken has been deprecated
Legacy Store IT (mssql)	Run base tests	2023-03-08T02:41:58.1871527Z -- [WARNING] /home/runner/work/keycloak/keycloak/testsuite/integration-arquillian/tests/base/src/test/java/org/keycloak/testsuite/oauth/OfflineTokenTest.java:[381,44] getExpiration() in org.keycloak.representations.JsonWebToken has been deprecated
Legacy Store IT (mssql)	Run base tests	2023-03-08T02:41:58.1872537Z -- [WARNING] /home/runner/work/keycloak/keycloak/testsuite/integration-arquillian/tests/base/src/test/java/org/keycloak/testsuite/oauth/OfflineTokenTest.java:[430,44] getExpiration() in org.keycloak.representations.JsonWebToken has been deprecated
Legacy Store IT (mssql)	Run base tests	2023-03-08T02:41:58.1873545Z -- [WARNING] /home/runner/work/keycloak/keycloak/testsuite/integration-arquillian/tests/base/src/test/java/org/keycloak/testsuite/oauth/OfflineTokenTest.java:[664,37] getExpiration() in org.keycloak.representations.JsonWebToken has been deprecated
Legacy Store IT (mssql)	Run base tests	2023-03-08T02:41:58.1874530Z -- [WARNING] /home/runner/work/keycloak/keycloak/testsuite/integration-arquillian/tests/base/src/test/java/org/keycloak/testsuite/oauth/OfflineTokenTest.java:[701,38] getExpiration() in org.keycloak.representations.JsonWebToken has been deprecated
Legacy Store IT (mssql)	Run base tests	2023-03-08T02:41:58.1875510Z -- [WARNING] /home/runner/work/keycloak/keycloak/testsuite/integration-arquillian/tests/base/src/test/java/org/keycloak/testsuite/oauth/OfflineTokenTest.java:[925,44] getExpiration() in org.keycloak.representations.JsonWebToken has been deprecated
Legacy Store IT (mssql)	Run base tests	2023-03-08T02:41:58.1876495Z -- [WARNING] /home/runner/work/keycloak/keycloak/testsuite/integration-arquillian/tests/base/src/test/java/org/keycloak/testsuite/oauth/OfflineTokenTest.java:[973,19] <T>assertThat(T,org.hamcrest.Matcher<? super T>) in org.junit.Assert has been deprecated
Legacy Store IT (mssql)	Run base tests	2023-03-08T02:41:58.1877477Z -- [WARNING] /home/runner/work/keycloak/keycloak/testsuite/integration-arquillian/tests/base/src/test/java/org/keycloak/testsuite/oauth/OfflineTokenTest.java:[974,19] <T>assertThat(T,org.hamcrest.Matcher<? super T>) in org.junit.Assert has been deprecated
Legacy Store IT (mssql)	Run base tests	2023-03-08T02:41:58.1878443Z -- [WARNING] /home/runner/work/keycloak/keycloak/testsuite/integration-arquillian/tests/base/src/test/java/org/keycloak/testsuite/oauth/OfflineTokenTest.java:[983,19] <T>assertThat(T,org.hamcrest.Matcher<? super T>) in org.junit.Assert has been deprecated
Legacy Store IT (mssql)	Run base tests	2023-03-08T02:41:58.1879503Z -- [WARNING] /home/runner/work/keycloak/keycloak/testsuite/integration-arquillian/tests/base/src/test/java/org/keycloak/testsuite/authz/admin/AbstractAuthorizationTest.java:[134,25] defaultRoles(java.lang.String...) in org.keycloak.testsuite.util.ClientBuilder has been deprecated
Legacy Store IT (mssql)	Run base tests	2023-03-08T02:41:58.1880643Z -- [WARNING] /home/runner/work/keycloak/keycloak/testsuite/integration-arquillian/tests/base/src/test/java/org/keycloak/testsuite/util/UserBuilder.java:[159,12] setTotp(java.lang.Boolean) in org.keycloak.representations.idm.UserRepresentation has been deprecated
Legacy Store IT (mssql)	Run base tests	2023-03-08T02:41:58.1881790Z -- [WARNING] /home/runner/work/keycloak/keycloak/testsuite/integration-arquillian/tests/base/src/test/java/org/keycloak/testsuite/util/UserBuilder.java:[176,12] setTotp(java.lang.Boolean) in org.keycloak.representations.idm.UserRepresentation has been deprecated
Legacy Store IT (mssql)	Run base tests	2023-03-08T02:41:58.1882887Z -- [WARNING] /home/runner/work/keycloak/keycloak/testsuite/integration-arquillian/tests/base/src/test/java/org/keycloak/testsuite/actions/RequiredActionEmailVerificationTest.java:[883,15] <T>assertThat(T,org.hamcrest.Matcher<? super T>) in org.junit.Assert has been deprecated
Legacy Store IT (mssql)	Run base tests	2023-03-08T02:41:58.1884028Z -- [WARNING] /home/runner/work/keycloak/keycloak/testsuite/integration-arquillian/tests/base/src/test/java/org/keycloak/testsuite/actions/RequiredActionEmailVerificationTest.java:[925,15] <T>assertThat(T,org.hamcrest.Matcher<? super T>) in org.junit.Assert has been deprecated
Legacy Store IT (mssql)	Run base tests	2023-03-08T02:41:58.1885103Z -- [WARNING] /home/runner/work/keycloak/keycloak/testsuite/integration-arquillian/tests/base/src/test/java/org/keycloak/testsuite/actions/RequiredActionEmailVerificationTest.java:[974,15] <T>assertThat(T,org.hamcrest.Matcher<? super T>) in org.junit.Assert has been deprecated
Legacy Store IT (mssql)	Run base tests	2023-03-08T02:41:58.1886203Z -- [WARNING] /home/runner/work/keycloak/keycloak/testsuite/integration-arquillian/tests/base/src/test/java/org/keycloak/testsuite/authz/AuthzClientCredentialsTest.java:[341,25] defaultRoles(java.lang.String...) in org.keycloak.testsuite.util.ClientBuilder has been deprecated
Legacy Store IT (mssql)	Run base tests	2023-03-08T02:41:58.1887308Z -- [WARNING] /home/runner/work/keycloak/keycloak/testsuite/integration-arquillian/tests/base/src/test/java/org/keycloak/testsuite/cluster/AbstractInvalidationClusterTest.java:[178,41] unchecked method invocation: method sort in class java.util.Collections is applied to given types
Legacy Store IT (mssql)	Run base tests	2023-03-08T02:41:58.1888046Z --   required: java.util.List<T>
Legacy Store IT (mssql)	Run base tests	2023-03-08T02:41:58.1888343Z --   found:    java.util.List
Legacy Store IT (mssql)	Run base tests	2023-03-08T02:41:58.1888982Z -- [WARNING] /home/runner/work/keycloak/keycloak/testsuite/integration-arquillian/tests/base/src/test/java/org/keycloak/testsuite/cluster/AbstractInvalidationClusterTest.java:[178,42] unchecked conversion
Legacy Store IT (mssql)	Run base tests	2023-03-08T02:41:58.1889500Z --   required: java.util.List<T>
Legacy Store IT (mssql)	Run base tests	2023-03-08T02:41:58.1889787Z --   found:    java.util.List
Legacy Store IT (mssql)	Run base tests	2023-03-08T02:41:58.1890669Z -- [WARNING] /home/runner/work/keycloak/keycloak/testsuite/integration-arquillian/tests/base/src/test/java/org/keycloak/testsuite/saml/RoleMapperTest.java:[74,34] unchecked method invocation: method setDefaultClientScopes in class org.keycloak.testsuite.updaters.ClientAttributeUpdater is applied to given types
Legacy Store IT (mssql)	Run base tests	2023-03-08T02:41:58.1891420Z --   required: java.util.List<java.lang.String>
Legacy Store IT (mssql)	Run base tests	2023-03-08T02:41:58.1891734Z --   found:    java.util.List
Legacy Store IT (mssql)	Run base tests	2023-03-08T02:41:58.1892321Z -- [WARNING] /home/runner/work/keycloak/keycloak/testsuite/integration-arquillian/tests/base/src/test/java/org/keycloak/testsuite/saml/RoleMapperTest.java:[74,46] unchecked conversion
Legacy Store IT (mssql)	Run base tests	2023-03-08T02:41:58.1892842Z --   required: java.util.List<java.lang.String>
Legacy Store IT (mssql)	Run base tests	2023-03-08T02:41:58.1893147Z --   found:    java.util.List
Legacy Store IT (mssql)	Run base tests	2023-03-08T02:41:58.1893869Z -- [WARNING] /home/runner/work/keycloak/keycloak/testsuite/integration-arquillian/tests/base/src/test/java/org/keycloak/testsuite/saml/RoleMapperTest.java:[192,9] <T>assertThat(T,org.hamcrest.Matcher<? super T>) in org.junit.Assert has been deprecated
Legacy Store IT (mssql)	Run base tests	2023-03-08T02:41:58.1894828Z -- [WARNING] /home/runner/work/keycloak/keycloak/testsuite/integration-arquillian/tests/base/src/test/java/org/keycloak/testsuite/saml/RoleMapperTest.java:[202,9] <T>assertThat(T,org.hamcrest.Matcher<? super T>) in org.junit.Assert has been deprecated
Legacy Store IT (mssql)	Run base tests	2023-03-08T02:41:58.1895831Z -- [WARNING] /home/runner/work/keycloak/keycloak/testsuite/integration-arquillian/tests/base/src/test/java/org/keycloak/testsuite/saml/AudienceProtocolMappersTest.java:[80,15] <T>assertThat(T,org.hamcrest.Matcher<? super T>) in org.junit.Assert has been deprecated
Legacy Store IT (mssql)	Run base tests	2023-03-08T02:41:58.1896876Z -- [WARNING] /home/runner/work/keycloak/keycloak/testsuite/integration-arquillian/tests/base/src/test/java/org/keycloak/testsuite/saml/AudienceProtocolMappersTest.java:[82,15] <T>assertThat(T,org.hamcrest.Matcher<? super T>) in org.junit.Assert has been deprecated
Legacy Store IT (mssql)	Run base tests	2023-03-08T02:41:58.1897980Z -- [WARNING] /home/runner/work/keycloak/keycloak/testsuite/integration-arquillian/tests/base/src/test/java/org/keycloak/testsuite/saml/AudienceProtocolMappersTest.java:[94,15] <T>assertThat(T,org.hamcrest.Matcher<? super T>) in org.junit.Assert has been deprecated
Legacy Store IT (mssql)	Run base tests	2023-03-08T02:41:58.1899084Z -- [WARNING] /home/runner/work/keycloak/keycloak/testsuite/integration-arquillian/tests/base/src/test/java/org/keycloak/testsuite/saml/AudienceProtocolMappersTest.java:[170,19] <T>assertThat(T,org.hamcrest.Matcher<? super T>) in org.junit.Assert has been deprecated
Legacy Store IT (mssql)	Run base tests	2023-03-08T02:41:58.1900119Z -- [WARNING] /home/runner/work/keycloak/keycloak/testsuite/integration-arquillian/tests/base/src/test/java/org/keycloak/testsuite/saml/AudienceProtocolMappersTest.java:[198,19] <T>assertThat(T,org.hamcrest.Matcher<? super T>) in org.junit.Assert has been deprecated
Legacy Store IT (mssql)	Run base tests	2023-03-08T02:41:58.1901143Z -- [WARNING] /home/runner/work/keycloak/keycloak/testsuite/integration-arquillian/tests/base/src/test/java/org/keycloak/testsuite/saml/SamlRedirectBindingTest.java:[52,9] <T>assertThat(T,org.hamcrest.Matcher<? super T>) in org.junit.Assert has been deprecated
Legacy Store IT (mssql)	Run base tests	2023-03-08T02:41:58.1902138Z -- [WARNING] /home/runner/work/keycloak/keycloak/testsuite/integration-arquillian/tests/base/src/test/java/org/keycloak/testsuite/saml/SamlRedirectBindingTest.java:[53,9] <T>assertThat(T,org.hamcrest.Matcher<? super T>) in org.junit.Assert has been deprecated
Legacy Store IT (mssql)	Run base tests	2023-03-08T02:41:58.1903133Z -- [WARNING] /home/runner/work/keycloak/keycloak/testsuite/integration-arquillian/tests/base/src/test/java/org/keycloak/testsuite/saml/SamlRedirectBindingTest.java:[54,9] <T>assertThat(T,org.hamcrest.Matcher<? super T>) in org.junit.Assert has been deprecated
Legacy Store IT (mssql)	Run base tests	2023-03-08T02:41:58.1904141Z -- [WARNING] /home/runner/work/keycloak/keycloak/testsuite/integration-arquillian/tests/base/src/test/java/org/keycloak/testsuite/saml/SamlRedirectBindingTest.java:[55,9] <T>assertThat(T,org.hamcrest.Matcher<? super T>) in org.junit.Assert has been deprecated
Legacy Store IT (mssql)	Run base tests	2023-03-08T02:41:58.1905158Z -- [WARNING] /home/runner/work/keycloak/keycloak/testsuite/integration-arquillian/tests/base/src/test/java/org/keycloak/testsuite/saml/SamlRedirectBindingTest.java:[72,25] <T>assertThat(T,org.hamcrest.Matcher<? super T>) in org.junit.Assert has been deprecated
Legacy Store IT (mssql)	Run base tests	2023-03-08T02:41:58.1906160Z -- [WARNING] /home/runner/work/keycloak/keycloak/testsuite/integration-arquillian/tests/base/src/test/java/org/keycloak/testsuite/saml/SamlRedirectBindingTest.java:[73,25] <T>assertThat(T,org.hamcrest.Matcher<? super T>) in org.junit.Assert has been deprecated
Legacy Store IT (mssql)	Run base tests	2023-03-08T02:41:58.1907149Z -- [WARNING] /home/runner/work/keycloak/keycloak/testsuite/integration-arquillian/tests/base/src/test/java/org/keycloak/testsuite/saml/SamlRedirectBindingTest.java:[75,25] <T>assertThat(T,org.hamcrest.Matcher<? super T>) in org.junit.Assert has been deprecated
Legacy Store IT (mssql)	Run base tests	2023-03-08T02:41:58.1908191Z -- [WARNING] /home/runner/work/keycloak/keycloak/testsuite/integration-arquillian/tests/base/src/test/java/org/keycloak/testsuite/adapter/servlet/SAMLServletAdapterTest.java:[597,15] <T>assertThat(T,org.hamcrest.Matcher<? super T>) in org.junit.Assert has been deprecated
Legacy Store IT (mssql)	Run base tests	2023-03-08T02:41:58.1909204Z -- [WARNING] /home/runner/work/keycloak/keycloak/testsuite/integration-arquillian/tests/base/src/test/java/org/keycloak/testsuite/adapter/servlet/SAMLServletAdapterTest.java:[598,15] <T>assertThat(T,org.hamcrest.Matcher<? super T>) in org.junit.Assert has been deprecated
Legacy Store IT (mssql)	Run base tests	2023-03-08T02:41:58.1910241Z -- [WARNING] /home/runner/work/keycloak/keycloak/testsuite/integration-arquillian/tests/base/src/test/java/org/keycloak/testsuite/adapter/servlet/SAMLServletAdapterTest.java:[599,15] <T>assertThat(T,org.hamcrest.Matcher<? super T>) in org.junit.Assert has been deprecated
Legacy Store IT (mssql)	Run base tests	2023-03-08T02:41:58.1911261Z -- [WARNING] /home/runner/work/keycloak/keycloak/testsuite/integration-arquillian/tests/base/src/test/java/org/keycloak/testsuite/adapter/servlet/SAMLServletAdapterTest.java:[875,25] <T>assertThat(T,org.hamcrest.Matcher<? super T>) in org.junit.Assert has been deprecated
Legacy Store IT (mssql)	Run base tests	2023-03-08T02:41:58.1912332Z -- [WARNING] /home/runner/work/keycloak/keycloak/testsuite/integration-arquillian/tests/base/src/test/java/org/keycloak/testsuite/adapter/servlet/SAMLServletAdapterTest.java:[876,25] <T>assertThat(T,org.hamcrest.Matcher<? super T>) in org.junit.Assert has been deprecated
Legacy Store IT (mssql)	Run base tests	2023-03-08T02:41:58.1913382Z -- [WARNING] /home/runner/work/keycloak/keycloak/testsuite/integration-arquillian/tests/base/src/test/java/org/keycloak/testsuite/adapter/servlet/SAMLServletAdapterTest.java:[896,25] <T>assertThat(T,org.hamcrest.Matcher<? super T>) in org.junit.Assert has been deprecated
Legacy Store IT (mssql)	Run base tests	2023-03-08T02:41:58.1914383Z -- [WARNING] /home/runner/work/keycloak/keycloak/testsuite/integration-arquillian/tests/base/src/test/java/org/keycloak/testsuite/adapter/servlet/SAMLServletAdapterTest.java:[897,25] <T>assertThat(T,org.hamcrest.Matcher<? super T>) in org.junit.Assert has been deprecated
Legacy Store IT (mssql)	Run base tests	2023-03-08T02:41:58.1915380Z -- [INFO] /home/runner/work/keycloak/keycloak/testsuite/integration-arquillian/tests/base/src/test/java/org/keycloak/testsuite/adapter/servlet/SAMLServletAdapterTest.java: Some input files additionally use or override a deprecated API.
Legacy Store IT (mssql)	Run base tests	2023-03-08T02:41:58.1916350Z -- [INFO] /home/runner/work/keycloak/keycloak/testsuite/integration-arquillian/tests/base/src/test/java/org/keycloak/testsuite/crossdc/AbstractAdminCrossDCTest.java: Some input files additionally use unchecked or unsafe operations.
Legacy Store IT (mssql)	Run base tests	2023-03-08T02:41:58.1916861Z -- [INFO] 
Legacy Store IT (mssql)	Run base tests	2023-03-08T02:41:58.1917403Z -- [INFO] --- shrinkwrap-resolver-maven-plugin:3.1.4:propagate-execution-context (default) @ integration-arquillian-tests-base ---
Legacy Store IT (mssql)	Run base tests	2023-03-08T02:41:58.2419008Z -- [INFO] 
Legacy Store IT (mssql)	Run base tests	2023-03-08T02:41:58.2425600Z -- [INFO] --- docker-maven-plugin:0.40.3:start (start-db-container) @ integration-arquillian-tests-base ---
Legacy Store IT (mssql)	Run base tests	2023-03-08T02:41:59.0422687Z -- [INFO] DOCKER> Pulling from mssql/server
Legacy Store IT (mssql)	Run base tests	2023-03-08T02:42:17.1283588Z -- [INFO] DOCKER> Digest: sha256:bea18330e37e7c376dee4026c3196211aad06e2875404306e3f7d66ea14abd94
Legacy Store IT (mssql)	Run base tests	2023-03-08T02:42:17.1297760Z -- [INFO] DOCKER> Status: Downloaded newer image for mcr.microsoft.com/mssql/server:2019-latest
Legacy Store IT (mssql)	Run base tests	2023-03-08T02:42:17.1409460Z -- [INFO] DOCKER> Pulled mcr.microsoft.com/mssql/server:2019-latest in 18 seconds 
Legacy Store IT (mssql)	Run base tests	2023-03-08T02:42:17.1809165Z -- [INFO] DOCKER> [mcr.microsoft.com/mssql/server:2019-latest] "testdb": Start container 895c9191275f
Legacy Store IT (mssql)	Run base tests	2023-03-08T02:42:17.5233974Z -- testdb> SQL Server 2019 will run as non-root by default.
Legacy Store IT (mssql)	Run base tests	2023-03-08T02:42:17.5319438Z -- testdb> This container is running as user mssql.
Legacy Store IT (mssql)	Run base tests	2023-03-08T02:42:17.5320010Z -- testdb> To learn more visit https://go.microsoft.com/fwlink/?linkid=2099216.
Legacy Store IT (mssql)	Run base tests	2023-03-08T02:42:19.6628538Z -- testdb> 2023-03-08 02:42:19.62 Server      Setup step is copying system data file 'C:\templatedata\master.mdf' to '/var/opt/mssql/data/master.mdf'.
Legacy Store IT (mssql)	Run base tests	2023-03-08T02:42:19.6769344Z -- testdb> 
Legacy Store IT (mssql)	Run base tests	2023-03-08T02:42:19.6792626Z -- 2023-03-08 02:42:19.66 Server      Did not find an existing master data file /var/opt/mssql/data/master.mdf, copying the missing default master and other system database files. If you have moved the database location, but not moved the database files, startup may fail. To repair: shutdown SQL Server, move the master database to configured location, and restart.
Legacy Store IT (mssql)	Run base tests	2023-03-08T02:42:19.6794015Z -- testdb> 
Legacy Store IT (mssql)	Run base tests	2023-03-08T02:42:19.6794996Z -- 2023-03-08 02:42:19.67 Server      Setup step is copying system data file 'C:\templatedata\mastlog.ldf' to '/var/opt/mssql/data/mastlog.ldf'.
Legacy Store IT (mssql)	Run base tests	2023-03-08T02:42:19.6830532Z -- testdb> 
Legacy Store IT (mssql)	Run base tests	2023-03-08T02:42:19.6832101Z -- 2023-03-08 02:42:19.67 Server      Setup step is copying system data file 'C:\templatedata\model.mdf' to '/var/opt/mssql/data/model.mdf'.
Legacy Store IT (mssql)	Run base tests	2023-03-08T02:42:19.6924110Z -- testdb> 
Legacy Store IT (mssql)	Run base tests	2023-03-08T02:42:19.6925269Z -- 2023-03-08 02:42:19.68 Server      Setup step is copying system data file 'C:\templatedata\modellog.ldf' to '/var/opt/mssql/data/modellog.ldf'.
Legacy Store IT (mssql)	Run base tests	2023-03-08T02:42:19.7012825Z -- testdb> 
Legacy Store IT (mssql)	Run base tests	2023-03-08T02:42:19.7013502Z -- 2023-03-08 02:42:19.69 Server      Setup step is copying system data file 'C:\templatedata\msdbdata.mdf' to '/var/opt/mssql/data/msdbdata.mdf'.
Legacy Store IT (mssql)	Run base tests	2023-03-08T02:42:19.7132796Z -- testdb> 
Legacy Store IT (mssql)	Run base tests	2023-03-08T02:42:19.7133753Z -- 2023-03-08 02:42:19.70 Server      Setup step is copying system data file 'C:\templatedata\msdblog.ldf' to '/var/opt/mssql/data/msdblog.ldf'.
Legacy Store IT (mssql)	Run base tests	2023-03-08T02:42:19.7169733Z -- testdb> 
Legacy Store IT (mssql)	Run base tests	2023-03-08T02:42:19.7170828Z -- 2023-03-08 02:42:19.71 Server      Setup step is FORCE copying system data file 'C:\templatedata\model_replicatedmaster.mdf' to '/var/opt/mssql/data/model_replicatedmaster.mdf'.
Legacy Store IT (mssql)	Run base tests	2023-03-08T02:42:19.7228405Z -- testdb> 
Legacy Store IT (mssql)	Run base tests	2023-03-08T02:42:19.7229290Z -- 2023-03-08 02:42:19.71 Server      Setup step is FORCE copying system data file 'C:\templatedata\model_replicatedmaster.ldf' to '/var/opt/mssql/data/model_replicatedmaster.ldf'.
Legacy Store IT (mssql)	Run base tests	2023-03-08T02:42:19.7258905Z -- testdb> 
Legacy Store IT (mssql)	Run base tests	2023-03-08T02:42:19.7259746Z -- 2023-03-08 02:42:19.71 Server      Setup step is FORCE copying system data file 'C:\templatedata\model_msdbdata.mdf' to '/var/opt/mssql/data/model_msdbdata.mdf'.
Legacy Store IT (mssql)	Run base tests	2023-03-08T02:42:19.7398879Z -- testdb> 
Legacy Store IT (mssql)	Run base tests	2023-03-08T02:42:19.7405948Z -- 2023-03-08 02:42:19.73 Server      Setup step is FORCE copying system data file 'C:\templatedata\model_msdblog.ldf' to '/var/opt/mssql/data/model_msdblog.ldf'.
Legacy Store IT (mssql)	Run base tests	2023-03-08T02:42:19.7900593Z -- testdb> 
Legacy Store IT (mssql)	Run base tests	2023-03-08T02:42:19.7901365Z -- 2023-03-08 02:42:19.77 Server      Microsoft SQL Server 2019 (RTM-CU19) (KB5023049) - 15.0.4298.1 (X64)
Legacy Store IT (mssql)	Run base tests	2023-03-08T02:42:19.7913316Z -- testdb> 
Legacy Store IT (mssql)	Run base tests	2023-03-08T02:42:19.7916927Z -- 	Jan 27 2023 16:44:09
Legacy Store IT (mssql)	Run base tests	2023-03-08T02:42:19.7917530Z -- testdb> 
Legacy Store IT (mssql)	Run base tests	2023-03-08T02:42:19.7917964Z -- 	Copyright (C) 2019 Microsoft Corporation
Legacy Store IT (mssql)	Run base tests	2023-03-08T02:42:19.7918475Z -- testdb> 
Legacy Store IT (mssql)	Run base tests	2023-03-08T02:42:19.7919035Z -- 	Developer Edition (64-bit) on Linux (Ubuntu 20.04.5 LTS) <X64>
Legacy Store IT (mssql)	Run base tests	2023-03-08T02:42:19.7919449Z -- testdb> 
Legacy Store IT (mssql)	Run base tests	2023-03-08T02:42:19.7920019Z -- 2023-03-08 02:42:19.77 Server      UTC adjustment: 0:00
Legacy Store IT (mssql)	Run base tests	2023-03-08T02:42:19.7920498Z -- testdb> 
Legacy Store IT (mssql)	Run base tests	2023-03-08T02:42:19.7920997Z -- 2023-03-08 02:42:19.77 Server      (c) Microsoft Corporation.
Legacy Store IT (mssql)	Run base tests	2023-03-08T02:42:19.7921530Z -- testdb> 
Legacy Store IT (mssql)	Run base tests	2023-03-08T02:42:19.7922047Z -- 2023-03-08 02:42:19.77 Server      All rights reserved.
Legacy Store IT (mssql)	Run base tests	2023-03-08T02:42:19.7922438Z -- testdb> 
Legacy Store IT (mssql)	Run base tests	2023-03-08T02:42:19.7922992Z -- 2023-03-08 02:42:19.78 Server      Server process ID is 380.
Legacy Store IT (mssql)	Run base tests	2023-03-08T02:42:19.7923371Z -- testdb> 
Legacy Store IT (mssql)	Run base tests	2023-03-08T02:42:19.7924015Z -- 2023-03-08 02:42:19.78 Server      Logging SQL Server messages in file '/var/opt/mssql/log/errorlog'.
Legacy Store IT (mssql)	Run base tests	2023-03-08T02:42:19.7924589Z -- testdb> 
Legacy Store IT (mssql)	Run base tests	2023-03-08T02:42:19.7925122Z -- 2023-03-08 02:42:19.78 Server      Registry startup parameters:
Legacy Store IT (mssql)	Run base tests	2023-03-08T02:42:19.7925528Z -- testdb> 
Legacy Store IT (mssql)	Run base tests	2023-03-08T02:42:19.7926015Z -- 	 -d /var/opt/mssql/data/master.mdf
Legacy Store IT (mssql)	Run base tests	2023-03-08T02:42:19.7926367Z -- testdb> 
Legacy Store IT (mssql)	Run base tests	2023-03-08T02:42:19.7926866Z -- 	 -l /var/opt/mssql/data/mastlog.ldf
Legacy Store IT (mssql)	Run base tests	2023-03-08T02:42:19.7928743Z -- testdb> 
Legacy Store IT (mssql)	Run base tests	2023-03-08T02:42:19.7929331Z -- 	 -e /var/opt/mssql/log/errorlog
Legacy Store IT (mssql)	Run base tests	2023-03-08T02:42:19.8051201Z -- testdb> 
Legacy Store IT (mssql)	Run base tests	2023-03-08T02:42:19.8052305Z -- 2023-03-08 02:42:19.79 Server      SQL Server detected 1 sockets with 2 cores per socket and 2 logical processors per socket, 2 total logical processors; using 2 logical processors based on SQL Server licensing. This is an informational message; no user action is required.
Legacy Store IT (mssql)	Run base tests	2023-03-08T02:42:19.8092885Z -- testdb> 
Legacy Store IT (mssql)	Run base tests	2023-03-08T02:42:19.8093658Z -- 2023-03-08 02:42:19.79 Server      SQL Server is starting at normal priority base (=7). This is an informational message only. No user action is required.
Legacy Store IT (mssql)	Run base tests	2023-03-08T02:42:19.8094612Z -- testdb> 
Legacy Store IT (mssql)	Run base tests	2023-03-08T02:42:19.8095066Z -- 2023-03-08 02:42:19.79 Server      Detected 5555 MB of RAM. This is an informational message; no user action is required.
Legacy Store IT (mssql)	Run base tests	2023-03-08T02:42:19.8095413Z -- testdb> 
Legacy Store IT (mssql)	Run base tests	2023-03-08T02:42:19.8095786Z -- 2023-03-08 02:42:19.79 Server      Using conventional memory in the memory manager.
Legacy Store IT (mssql)	Run base tests	2023-03-08T02:42:19.8096313Z -- testdb> 
Legacy Store IT (mssql)	Run base tests	2023-03-08T02:42:19.8096661Z -- 2023-03-08 02:42:19.79 Server      Page exclusion bitmap is enabled.
Legacy Store IT (mssql)	Run base tests	2023-03-08T02:42:19.8384435Z -- testdb> 
Legacy Store IT (mssql)	Run base tests	2023-03-08T02:42:19.8385470Z -- 2023-03-08 02:42:19.82 Server      Buffer pool extension is not supported on Linux platform.
Legacy Store IT (mssql)	Run base tests	2023-03-08T02:42:19.8444087Z -- testdb> 
Legacy Store IT (mssql)	Run base tests	2023-03-08T02:42:19.8444795Z -- 2023-03-08 02:42:19.83 Server      Buffer Pool: Allocating 1048576 bytes for 813432 hashPages.
Legacy Store IT (mssql)	Run base tests	2023-03-08T02:42:19.9595839Z -- testdb> 
Legacy Store IT (mssql)	Run base tests	2023-03-08T02:42:19.9596813Z -- 2023-03-08 02:42:19.95 Server      Buffer pool extension is already disabled. No action is necessary.
Legacy Store IT (mssql)	Run base tests	2023-03-08T02:42:20.2144466Z -- testdb> 
Legacy Store IT (mssql)	Run base tests	2023-03-08T02:42:20.2149599Z -- 2023-03-08 02:42:20.19 Server      Successfully initialized the TLS configuration. Allowed TLS protocol versions are ['1.0 1.1 1.2']. Allowed TLS ciphers are ['ECDHE-ECDSA-AES128-GCM-SHA256:ECDHE-ECDSA-AES256-GCM-SHA384:ECDHE-RSA-AES128-GCM-SHA256:ECDHE-RSA-AES256-GCM-SHA384:ECDHE-ECDSA-AES128-SHA256:ECDHE-ECDSA-AES256-SHA384:ECDHE-ECDSA-AES256-SHA:ECDHE-ECDSA-AES128-SHA:AES256-GCM-SHA384:AES128-GCM-SHA256:AES256-SHA256:AES128-SHA256:AES256-SHA:AES128-SHA:!DHE-RSA-AES256-GCM-SHA384:!DHE-RSA-AES128-GCM-SHA256:!DHE-RSA-AES256-SHA:!DHE-RSA-AES128-SHA'].
Legacy Store IT (mssql)	Run base tests	2023-03-08T02:42:20.2315850Z -- testdb> 
Legacy Store IT (mssql)	Run base tests	2023-03-08T02:42:20.2316674Z -- 2023-03-08 02:42:20.22 Server      Query Store settings initialized with enabled = 1,
Legacy Store IT (mssql)	Run base tests	2023-03-08T02:42:20.2486547Z -- testdb> 
Legacy Store IT (mssql)	Run base tests	2023-03-08T02:42:20.2487469Z -- 2023-03-08 02:42:20.24 Server      The maximum number of dedicated administrator connections for this instance is '1'
Legacy Store IT (mssql)	Run base tests	2023-03-08T02:42:20.2535721Z -- testdb> 
Legacy Store IT (mssql)	Run base tests	2023-03-08T02:42:20.2536820Z -- 2023-03-08 02:42:20.24 Server      Node configuration: node 0: CPU mask: 0x0000000000000003:0 Active CPU mask: 0x0000000000000003:0. This message provides a description of the NUMA configuration for this computer. This is an informational message only. No user action is required.
Legacy Store IT (mssql)	Run base tests	2023-03-08T02:42:20.2732939Z -- testdb> 
Legacy Store IT (mssql)	Run base tests	2023-03-08T02:42:20.2733997Z -- 2023-03-08 02:42:20.25 Server      Using dynamic lock allocation.  Initial allocation of 2500 Lock blocks and 5000 Lock Owner blocks per node.  This is an informational message only.  No user action is required.
Legacy Store IT (mssql)	Run base tests	2023-03-08T02:42:20.2861771Z -- testdb> 
Legacy Store IT (mssql)	Run base tests	2023-03-08T02:42:20.2862492Z -- 2023-03-08 02:42:20.27 Server      In-Memory OLTP initialized on lowend machine.
Legacy Store IT (mssql)	Run base tests	2023-03-08T02:42:20.3098283Z -- testdb> 
Legacy Store IT (mssql)	Run base tests	2023-03-08T02:42:20.3099295Z -- 2023-03-08 02:42:20.29 Server      [INFO] Created Extended Events session 'hkenginexesession'
Legacy Store IT (mssql)	Run base tests	2023-03-08T02:42:20.3204689Z -- testdb> 
Legacy Store IT (mssql)	Run base tests	2023-03-08T02:42:20.3205865Z -- 2023-03-08 02:42:20.30 Server      Database Instant File Initialization: enabled. For security and performance considerations see the topic 'Database Instant File Initialization' in SQL Server Books Online. This is an informational message only. No user action is required.
Legacy Store IT (mssql)	Run base tests	2023-03-08T02:42:20.3269404Z -- testdb> 
Legacy Store IT (mssql)	Run base tests	2023-03-08T02:42:20.3269989Z -- ForceFlush is enabled for this instance.
Legacy Store IT (mssql)	Run base tests	2023-03-08T02:42:20.3340878Z -- testdb> 
Legacy Store IT (mssql)	Run base tests	2023-03-08T02:42:20.3341980Z -- 2023-03-08 02:42:20.32 Server      Total Log Writer threads: 1. This is an informational message; no user action is required.
Legacy Store IT (mssql)	Run base tests	2023-03-08T02:42:20.3398101Z -- testdb> 
Legacy Store IT (mssql)	Run base tests	2023-03-08T02:42:20.3398786Z -- 2023-03-08 02:42:20.33 Server      clflushopt is selected for pmem flush operation.
Legacy Store IT (mssql)	Run base tests	2023-03-08T02:42:20.3461727Z -- testdb> 
Legacy Store IT (mssql)	Run base tests	2023-03-08T02:42:20.3463601Z -- 2023-03-08 02:42:20.33 Server      Software Usage Metrics is disabled.
Legacy Store IT (mssql)	Run base tests	2023-03-08T02:42:20.3505319Z -- testdb> 
Legacy Store IT (mssql)	Run base tests	2023-03-08T02:42:20.3506069Z -- 2023-03-08 02:42:20.34 spid8s      [1]. Feature Status: PVS: 0. CTR: 0. ConcurrentPFSUpdate: 1.
Legacy Store IT (mssql)	Run base tests	2023-03-08T02:42:20.3596184Z -- testdb> 
Legacy Store IT (mssql)	Run base tests	2023-03-08T02:42:20.3596910Z -- 2023-03-08 02:42:20.34 spid8s      Starting up database 'master'.
Legacy Store IT (mssql)	Run base tests	2023-03-08T02:42:20.3832803Z -- testdb> 
Legacy Store IT (mssql)	Run base tests	2023-03-08T02:42:20.3833533Z -- ForceFlush feature is enabled for log durability.
Legacy Store IT (mssql)	Run base tests	2023-03-08T02:42:20.4115088Z -- testdb> 
Legacy Store IT (mssql)	Run base tests	2023-03-08T02:42:20.4116149Z -- 2023-03-08 02:42:20.39 spid8s      The tail of the log for database master is being rewritten to match the new sector size of 4096 bytes.  1536 bytes at offset 412160 in file /var/opt/mssql/data/mastlog.ldf will be written.
Legacy Store IT (mssql)	Run base tests	2023-03-08T02:42:20.4384624Z -- testdb> 
Legacy Store IT (mssql)	Run base tests	2023-03-08T02:42:20.4385642Z -- 2023-03-08 02:42:20.43 Server      CLR version v4.0.30319 loaded.
Legacy Store IT (mssql)	Run base tests	2023-03-08T02:42:20.4970096Z -- testdb> 
Legacy Store IT (mssql)	Run base tests	2023-03-08T02:42:20.4970966Z -- 2023-03-08 02:42:20.48 spid8s      Converting database 'master' from version 897 to the current version 904.
Legacy Store IT (mssql)	Run base tests	2023-03-08T02:42:20.5017484Z -- testdb> 
Legacy Store IT (mssql)	Run base tests	2023-03-08T02:42:20.5030590Z -- 2023-03-08 02:42:20.49 spid8s      Database 'master' running the upgrade step from version 897 to version 898.
Legacy Store IT (mssql)	Run base tests	2023-03-08T02:42:20.5090897Z -- testdb> 
Legacy Store IT (mssql)	Run base tests	2023-03-08T02:42:20.5091647Z -- 2023-03-08 02:42:20.50 spid8s      Database 'master' running the upgrade step from version 898 to version 899.
Legacy Store IT (mssql)	Run base tests	2023-03-08T02:42:20.5278402Z -- testdb> 
Legacy Store IT (mssql)	Run base tests	2023-03-08T02:42:20.5279152Z -- 2023-03-08 02:42:20.51 spid8s      Database 'master' running the upgrade step from version 899 to version 900.
Legacy Store IT (mssql)	Run base tests	2023-03-08T02:42:20.5409559Z -- testdb> 
Legacy Store IT (mssql)	Run base tests	2023-03-08T02:42:20.5410344Z -- 2023-03-08 02:42:20.53 spid8s      Database 'master' running the upgrade step from version 900 to version 901.
Legacy Store IT (mssql)	Run base tests	2023-03-08T02:42:20.5476644Z -- testdb> 
Legacy Store IT (mssql)	Run base tests	2023-03-08T02:42:20.5477454Z -- 2023-03-08 02:42:20.53 spid8s      Database 'master' running the upgrade step from version 901 to version 902.
Legacy Store IT (mssql)	Run base tests	2023-03-08T02:42:20.5567089Z -- testdb> 
Legacy Store IT (mssql)	Run base tests	2023-03-08T02:42:20.5567998Z -- 2023-03-08 02:42:20.54 spid8s      Database 'master' running the upgrade step from version 902 to version 903.
Legacy Store IT (mssql)	Run base tests	2023-03-08T02:42:20.5618918Z -- testdb> 
Legacy Store IT (mssql)	Run base tests	2023-03-08T02:42:20.5619666Z -- 2023-03-08 02:42:20.55 spid8s      Database 'master' running the upgrade step from version 903 to version 904.
Legacy Store IT (mssql)	Run base tests	2023-03-08T02:42:20.8034931Z -- testdb> 
Legacy Store IT (mssql)	Run base tests	2023-03-08T02:42:20.8061207Z -- 2023-03-08 02:42:20.79 Server      Common language runtime (CLR) functionality initialized.
Legacy Store IT (mssql)	Run base tests	2023-03-08T02:42:20.8131172Z -- testdb> 
Legacy Store IT (mssql)	Run base tests	2023-03-08T02:42:20.8131896Z -- 2023-03-08 02:42:20.80 spid8s      Resource governor reconfiguration succeeded.
Legacy Store IT (mssql)	Run base tests	2023-03-08T02:42:20.8198562Z -- testdb> 
Legacy Store IT (mssql)	Run base tests	2023-03-08T02:42:20.8199721Z -- 2023-03-08 02:42:20.80 spid8s      SQL Server Audit is starting the audits. This is an informational message. No user action is required.
Legacy Store IT (mssql)	Run base tests	2023-03-08T02:42:20.8276774Z -- testdb> 
Legacy Store IT (mssql)	Run base tests	2023-03-08T02:42:20.8277524Z -- 2023-03-08 02:42:20.82 spid8s      SQL Server Audit has started the audits. This is an informational message. No user action is required.
Legacy Store IT (mssql)	Run base tests	2023-03-08T02:42:20.8543534Z -- testdb> 
Legacy Store IT (mssql)	Run base tests	2023-03-08T02:42:20.8544451Z -- 2023-03-08 02:42:20.84 spid8s      SQL Trace ID 1 was started by login "sa".
Legacy Store IT (mssql)	Run base tests	2023-03-08T02:42:20.8695296Z -- testdb> 
Legacy Store IT (mssql)	Run base tests	2023-03-08T02:42:20.8695809Z -- 2023-03-08 02:42:20.86 spid22s     Password policy update was successful.
Legacy Store IT (mssql)	Run base tests	2023-03-08T02:42:20.8775936Z -- testdb> 
Legacy Store IT (mssql)	Run base tests	2023-03-08T02:42:20.8779869Z -- 2023-03-08 02:42:20.86 spid8s      Server name is '895c9191275f'. This is an informational message only. No user action is required.
Legacy Store IT (mssql)	Run base tests	2023-03-08T02:42:20.9048003Z -- testdb> 
Legacy Store IT (mssql)	Run base tests	2023-03-08T02:42:20.9048820Z -- 2023-03-08 02:42:20.89 spid23s     Always On: The availability replica manager is starting. This is an informational message only. No user action is required.
Legacy Store IT (mssql)	Run base tests	2023-03-08T02:42:20.9166901Z -- testdb> 
Legacy Store IT (mssql)	Run base tests	2023-03-08T02:42:20.9168052Z -- 2023-03-08 02:42:20.90 spid23s     Always On: The availability replica manager is waiting for the instance of SQL Server to allow client connections. This is an informational message only. No user action is required.
Legacy Store IT (mssql)	Run base tests	2023-03-08T02:42:20.9245282Z -- testdb> 
Legacy Store IT (mssql)	Run base tests	2023-03-08T02:42:20.9245800Z -- 2023-03-08 02:42:20.91 spid8s      [4]. Feature Status: PVS: 0. CTR: 0. ConcurrentPFSUpdate: 1.
Legacy Store IT (mssql)	Run base tests	2023-03-08T02:42:20.9289121Z -- testdb> 
Legacy Store IT (mssql)	Run base tests	2023-03-08T02:42:20.9292891Z -- 2023-03-08 02:42:20.92 spid11s     [32767]. Feature Status: PVS: 0. CTR: 0. ConcurrentPFSUpdate: 1.
Legacy Store IT (mssql)	Run base tests	2023-03-08T02:42:20.9399448Z -- testdb> 
Legacy Store IT (mssql)	Run base tests	2023-03-08T02:42:20.9400149Z -- 2023-03-08 02:42:20.93 spid8s      Starting up database 'msdb'.
Legacy Store IT (mssql)	Run base tests	2023-03-08T02:42:20.9426466Z -- testdb> 
Legacy Store IT (mssql)	Run base tests	2023-03-08T02:42:20.9427401Z -- 2023-03-08 02:42:20.93 spid11s     Starting up database 'mssqlsystemresource'.
Legacy Store IT (mssql)	Run base tests	2023-03-08T02:42:20.9497827Z -- testdb> 
Legacy Store IT (mssql)	Run base tests	2023-03-08T02:42:20.9501723Z -- 2023-03-08 02:42:20.94 spid11s     The resource database build version is 15.00.4298. This is an informational message only. No user action is required.
Legacy Store IT (mssql)	Run base tests	2023-03-08T02:42:20.9944979Z -- testdb> 
Legacy Store IT (mssql)	Run base tests	2023-03-08T02:42:20.9945738Z -- 2023-03-08 02:42:20.98 spid11s     [3]. Feature Status: PVS: 0. CTR: 0. ConcurrentPFSUpdate: 1.
Legacy Store IT (mssql)	Run base tests	2023-03-08T02:42:20.9978695Z -- testdb> 
Legacy Store IT (mssql)	Run base tests	2023-03-08T02:42:20.9979116Z -- 2023-03-08 02:42:20.99 spid11s     Starting up database 'model'.
Legacy Store IT (mssql)	Run base tests	2023-03-08T02:42:21.0507899Z -- testdb> 
Legacy Store IT (mssql)	Run base tests	2023-03-08T02:42:21.0509151Z -- 2023-03-08 02:42:21.04 spid8s      Converting database 'msdb' from version 897 to the current version 904.
Legacy Store IT (mssql)	Run base tests	2023-03-08T02:42:21.0610463Z -- testdb> 
Legacy Store IT (mssql)	Run base tests	2023-03-08T02:42:21.0611224Z -- 2023-03-08 02:42:21.05 spid8s      Database 'msdb' running the upgrade step from version 897 to version 898.
Legacy Store IT (mssql)	Run base tests	2023-03-08T02:42:21.0664540Z -- testdb> 
Legacy Store IT (mssql)	Run base tests	2023-03-08T02:42:21.0665683Z -- 2023-03-08 02:42:21.05 spid11s     The tail of the log for database model is being rewritten to match the new sector size of 4096 bytes.  1536 bytes at offset 76288 in file /var/opt/mssql/data/modellog.ldf will be written.
Legacy Store IT (mssql)	Run base tests	2023-03-08T02:42:21.0738458Z -- testdb> 
Legacy Store IT (mssql)	Run base tests	2023-03-08T02:42:21.0738989Z -- 2023-03-08 02:42:21.06 spid8s      Database 'msdb' running the upgrade step from version 898 to version 899.
Legacy Store IT (mssql)	Run base tests	2023-03-08T02:42:21.0876071Z -- testdb> 
Legacy Store IT (mssql)	Run base tests	2023-03-08T02:42:21.0876952Z -- 2023-03-08 02:42:21.08 spid11s     Converting database 'model' from version 897 to the current version 904.
Legacy Store IT (mssql)	Run base tests	2023-03-08T02:42:21.0904025Z -- testdb> 
Legacy Store IT (mssql)	Run base tests	2023-03-08T02:42:21.0904825Z -- 2023-03-08 02:42:21.08 spid11s     Database 'model' running the upgrade step from version 897 to version 898.
Legacy Store IT (mssql)	Run base tests	2023-03-08T02:42:21.0981859Z -- testdb> 
Legacy Store IT (mssql)	Run base tests	2023-03-08T02:42:21.0982922Z -- 2023-03-08 02:42:21.09 spid11s     Database 'model' running the upgrade step from version 898 to version 899.
Legacy Store IT (mssql)	Run base tests	2023-03-08T02:42:21.1062586Z -- testdb> 
Legacy Store IT (mssql)	Run base tests	2023-03-08T02:42:21.1063631Z -- 2023-03-08 02:42:21.09 spid8s      Database 'msdb' running the upgrade step from version 899 to version 900.
Legacy Store IT (mssql)	Run base tests	2023-03-08T02:42:21.1239570Z -- testdb> 
Legacy Store IT (mssql)	Run base tests	2023-03-08T02:42:21.1240901Z -- 2023-03-08 02:42:21.11 spid22s     A self-generated certificate was successfully loaded for encryption.
Legacy Store IT (mssql)	Run base tests	2023-03-08T02:42:21.1267796Z -- testdb> 
Legacy Store IT (mssql)	Run base tests	2023-03-08T02:42:21.1269131Z -- 2023-03-08 02:42:21.11 spid11s     Database 'model' running the upgrade step from version 899 to version 900.
Legacy Store IT (mssql)	Run base tests	2023-03-08T02:42:21.1306546Z -- testdb> 
Legacy Store IT (mssql)	Run base tests	2023-03-08T02:42:21.1307929Z -- 2023-03-08 02:42:21.12 spid8s      Database 'msdb' running the upgrade step from version 900 to version 901.
Legacy Store IT (mssql)	Run base tests	2023-03-08T02:42:21.1390355Z -- testdb> 
Legacy Store IT (mssql)	Run base tests	2023-03-08T02:42:21.1392256Z -- 2023-03-08 02:42:21.13 spid22s     Server is listening on [ 'any' <ipv6> 1433].
Legacy Store IT (mssql)	Run base tests	2023-03-08T02:42:21.1457413Z -- testdb> 
Legacy Store IT (mssql)	Run base tests	2023-03-08T02:42:21.1458170Z -- 2023-03-08 02:42:21.13 spid8s      Database 'msdb' running the upgrade step from version 901 to version 902.
Legacy Store IT (mssql)	Run base tests	2023-03-08T02:42:21.1568419Z -- testdb> 
Legacy Store IT (mssql)	Run base tests	2023-03-08T02:42:21.1569140Z -- 2023-03-08 02:42:21.14 spid22s     Server is listening on [ 'any' <ipv4> 1433].
Legacy Store IT (mssql)	Run base tests	2023-03-08T02:42:21.1598218Z -- testdb> 
Legacy Store IT (mssql)	Run base tests	2023-03-08T02:42:21.1602416Z -- 2023-03-08 02:42:21.14 spid11s     Database 'model' running the upgrade step from version 900 to version 901.
Legacy Store IT (mssql)	Run base tests	2023-03-08T02:42:21.1797778Z -- testdb> 
Legacy Store IT (mssql)	Run base tests	2023-03-08T02:42:21.1800143Z -- 2023-03-08 02:42:21.16 Server      Server is listening on [ ::1 <ipv6> 1434].
Legacy Store IT (mssql)	Run base tests	2023-03-08T02:42:21.1807970Z -- testdb> 
Legacy Store IT (mssql)	Run base tests	2023-03-08T02:42:21.1808622Z -- 2023-03-08 02:42:21.16 spid11s     Database 'model' running the upgrade step from version 901 to version 902.
Legacy Store IT (mssql)	Run base tests	2023-03-08T02:42:21.1817104Z -- testdb> 
Legacy Store IT (mssql)	Run base tests	2023-03-08T02:42:21.1818148Z -- 2023-03-08 02:42:21.16 Server      Server is listening on [ 127.0.0.1 <ipv4> 1434].
Legacy Store IT (mssql)	Run base tests	2023-03-08T02:42:21.1822623Z -- testdb> 
Legacy Store IT (mssql)	Run base tests	2023-03-08T02:42:21.1823355Z -- 2023-03-08 02:42:21.17 Server      Dedicated admin connection support was established for listening locally on port 1434.
Legacy Store IT (mssql)	Run base tests	2023-03-08T02:42:21.1830341Z -- testdb> 
Legacy Store IT (mssql)	Run base tests	2023-03-08T02:42:21.1831246Z -- 2023-03-08 02:42:21.17 spid11s     Database 'model' running the upgrade step from version 902 to version 903.
Legacy Store IT (mssql)	Run base tests	2023-03-08T02:42:21.1900546Z -- testdb> 
Legacy Store IT (mssql)	Run base tests	2023-03-08T02:42:21.1901241Z -- 2023-03-08 02:42:21.18 spid22s     Server is listening on [ ::1 <ipv6> 1431].
Legacy Store IT (mssql)	Run base tests	2023-03-08T02:42:21.1964225Z -- testdb> 
Legacy Store IT (mssql)	Run base tests	2023-03-08T02:42:21.1965210Z -- 2023-03-08 02:42:21.18 spid22s     Server is listening on [ 127.0.0.1 <ipv4> 1431].
Legacy Store IT (mssql)	Run base tests	2023-03-08T02:42:21.1970396Z -- testdb> 
Legacy Store IT (mssql)	Run base tests	2023-03-08T02:42:21.1971059Z -- 2023-03-08 02:42:21.19 spid22s     SQL Server is now ready for client connections. This is an informational message; no user action is required.
Legacy Store IT (mssql)	Run base tests	2023-03-08T02:42:21.1975053Z -- testdb> 
Legacy Store IT (mssql)	Run base tests	2023-03-08T02:42:21.1976236Z -- 2023-03-08 02:42:21.19 spid11s     Database 'model' running the upgrade step from version 903 to version 904.
Legacy Store IT (mssql)	Run base tests	2023-03-08T02:42:21.3039618Z -- testdb> 
Legacy Store IT (mssql)	Run base tests	2023-03-08T02:42:21.3040039Z -- 2023-03-08 02:42:21.29 spid11s     Clearing tempdb database.
Legacy Store IT (mssql)	Run base tests	2023-03-08T02:42:21.4034566Z -- testdb> 
Legacy Store IT (mssql)	Run base tests	2023-03-08T02:42:21.4035261Z -- 2023-03-08 02:42:21.39 spid11s     [2]. Feature Status: PVS: 0. CTR: 0. ConcurrentPFSUpdate: 1.
Legacy Store IT (mssql)	Run base tests	2023-03-08T02:42:21.4062132Z -- testdb> 
Legacy Store IT (mssql)	Run base tests	2023-03-08T02:42:21.4062950Z -- 2023-03-08 02:42:21.40 spid11s     Starting up database 'tempdb'.
Legacy Store IT (mssql)	Run base tests	2023-03-08T02:42:21.4659009Z -- testdb> 
Legacy Store IT (mssql)	Run base tests	2023-03-08T02:42:21.4661660Z -- 2023-03-08 02:42:21.45 spid11s     The tempdb database has 1 data file(s).
Legacy Store IT (mssql)	Run base tests	2023-03-08T02:42:21.4805164Z -- testdb> 
Legacy Store IT (mssql)	Run base tests	2023-03-08T02:42:21.4806649Z -- 2023-03-08 02:42:21.46 spid23s     The Service Broker endpoint is in disabled or stopped state.
Legacy Store IT (mssql)	Run base tests	2023-03-08T02:42:21.4811188Z -- testdb> 
Legacy Store IT (mssql)	Run base tests	2023-03-08T02:42:21.4812559Z -- 2023-03-08 02:42:21.47 spid23s     The Database Mirroring endpoint is in disabled or stopped state.
Legacy Store IT (mssql)	Run base tests	2023-03-08T02:42:21.4911469Z -- testdb> 
Legacy Store IT (mssql)	Run base tests	2023-03-08T02:42:21.4912950Z -- 2023-03-08 02:42:21.48 spid23s     Service Broker manager has started.
Legacy Store IT (mssql)	Run base tests	2023-03-08T02:42:21.4920507Z -- [INFO] DOCKER> Pattern '(?si)SQL Server is now ready for client connections.*Service Broker manager has started' matched for container 895c9191275f
Legacy Store IT (mssql)	Run base tests	2023-03-08T02:42:21.5020593Z -- testdb> 
Legacy Store IT (mssql)	Run base tests	2023-03-08T02:42:21.5021775Z -- 2023-03-08 02:42:21.49 spid8s      Database 'msdb' running the upgrade step from version 902 to version 903.
Legacy Store IT (mssql)	Run base tests	2023-03-08T02:42:21.5075812Z -- testdb> 
Legacy Store IT (mssql)	Run base tests	2023-03-08T02:42:21.5076512Z -- 2023-03-08 02:42:21.50 spid8s      Database 'msdb' running the upgrade step from version 903 to version 904.
Legacy Store IT (mssql)	Run base tests	2023-03-08T02:42:21.5538301Z -- [INFO] DOCKER> [mcr.microsoft.com/mssql/server:2019-latest] "testdb": Waited on log out '(?si)SQL Server is now ready for client connections.*Service Broker manager has started' 4030 ms
Legacy Store IT (mssql)	Run base tests	2023-03-08T02:42:21.6489120Z -- testdb> 
Legacy Store IT (mssql)	Run base tests	2023-03-08T02:42:21.6490103Z -- 2023-03-08 02:42:21.63 spid8s      Recovery is complete. This is an informational message only. No user action is required.
Legacy Store IT (mssql)	Run base tests	2023-03-08T02:42:21.6630402Z -- testdb> 
Legacy Store IT (mssql)	Run base tests	2023-03-08T02:42:21.6631855Z -- 2023-03-08 02:42:21.65 Logon       Error: 18456, Severity: 14, State: 7.
Legacy Store IT (mssql)	Run base tests	2023-03-08T02:42:21.6653320Z -- testdb> 
Legacy Store IT (mssql)	Run base tests	2023-03-08T02:42:21.6654173Z -- 2023-03-08 02:42:21.65 Logon       Login failed for user 'sa'. Reason: An error occurred while evaluating the password. [CLIENT: 172.17.0.2]
Legacy Store IT (mssql)	Run base tests	2023-03-08T02:42:21.6666736Z -- testdb> Sqlcmd: Error: Microsoft ODBC Driver 17 for SQL Server : Login failed for user 'sa'..
Legacy Store IT (mssql)	Run base tests	2023-03-08T02:42:21.6823606Z -- [ERROR] DOCKER> Error occurred during container startup, shutting down...
Legacy Store IT (mssql)	Run base tests	2023-03-08T02:42:21.7043411Z -- testdb> 
Legacy Store IT (mssql)	Run base tests	2023-03-08T02:42:21.7044233Z -- 2023-03-08 02:42:21.69 spid10s     The default language (LCID 0) has been set for engine and full-text services.
Legacy Store IT (mssql)	Run base tests	2023-03-08T02:42:21.7301198Z -- testdb> 
Legacy Store IT (mssql)	Run base tests	2023-03-08T02:42:21.7302162Z -- 2023-03-08 02:42:21.72 spid10s     The tempdb database has 2 data file(s).
Legacy Store IT (mssql)	Run base tests	2023-03-08T02:42:31.7986426Z -- testdb> 
Legacy Store IT (mssql)	Run base tests	2023-03-08T02:42:31.9314347Z -- [INFO] DOCKER> [mcr.microsoft.com/mssql/server:2019-latest] "testdb": Stop and removed container 895c9191275f after 10243 ms
Legacy Store IT (mssql)	Run base tests	2023-03-08T02:42:31.9425810Z -- [ERROR] DOCKER> Executing '/opt/mssql-tools/bin/sqlcmd' with args '[-e, -U, sa, -P, vEry5tron9Pwd, -d, master, -Q, CREATE DATABASE keycloak]' inside container 'server-1' [mcr.microsoft.com/mssql/server:2019-latest](895c9191275f) resulted in a non-zero exit code: 1
Legacy Store IT (mssql)	Run base tests	2023-03-08T02:42:31.9437964Z -- [INFO] ------------------------------------------------------------------------
Legacy Store IT (mssql)	Run base tests	2023-03-08T02:42:31.9505469Z -- [INFO] BUILD FAILURE
Legacy Store IT (mssql)	Run base tests	2023-03-08T02:42:31.9506161Z -- [INFO] ------------------------------------------------------------------------
Legacy Store IT (mssql)	Run base tests	2023-03-08T02:42:31.9506544Z -- [INFO] Total time:  01:03 min
Legacy Store IT (mssql)	Run base tests	2023-03-08T02:42:31.9506870Z -- [INFO] Finished at: 2023-03-08T02:42:31Z
Legacy Store IT (mssql)	Run base tests	2023-03-08T02:42:31.9507277Z -- [INFO] ------------------------------------------------------------------------
Legacy Store IT (mssql)	Run base tests	2023-03-08T02:42:31.9508443Z -- [ERROR] Failed to execute goal io.fabric8:docker-maven-plugin:0.40.3:start (start-db-container) on project integration-arquillian-tests-base: Executing '/opt/mssql-tools/bin/sqlcmd' with args '[-e, -U, sa, -P, vEry5tron9Pwd, -d, master, -Q, CREATE DATABASE keycloak]' inside container 'server-1' [mcr.microsoft.com/mssql/server:2019-latest](895c9191275f) resulted in a non-zero exit code: 1 -> [Help 1]
Legacy Store IT (mssql)	Run base tests	2023-03-08T02:42:31.9509233Z -- [ERROR] 
Legacy Store IT (mssql)	Run base tests	2023-03-08T02:42:31.9509618Z -- [ERROR] To see the full stack trace of the errors, re-run Maven with the -e switch.
Legacy Store IT (mssql)	Run base tests	2023-03-08T02:42:31.9526438Z -- [ERROR] Re-run Maven using the -X switch to enable full debug logging.
Legacy Store IT (mssql)	Run base tests	2023-03-08T02:42:31.9526888Z -- [ERROR] 
Legacy Store IT (mssql)	Run base tests	2023-03-08T02:42:31.9527347Z -- [ERROR] For more information about the errors and possible solutions, please read the following articles:
Legacy Store IT (mssql)	Run base tests	2023-03-08T02:42:31.9528198Z -- [ERROR] [Help 1] http://cwiki.apache.org/confluence/display/MAVEN/MojoExecutionException
Legacy Store IT (mssql)	Run base tests	2023-03-08T02:42:31.9888706Z ##[error]Process completed with exit code 1.
