Account Console IT (chrome)	Run Account Console IT	2023-05-14T02:31:05.0652921Z ##[group]Run ./mvnw test -Dsurefire.rerunFailingTestsCount=2 -nsu -B -Pauth-server-quarkus -Dtest=**.account2.**,!SigningInTest#passwordlessWebAuthnTest,!SigningInTest#twoFactorWebAuthnTest -Dbrowser=chrome "-Dwebdriver.chrome.driver=$CHROMEWEBDRIVER/chromedriver" -f testsuite/integration-arquillian/tests/other/base-ui/pom.xml | misc/log/trimmer.sh
Account Console IT (chrome)	Run Account Console IT	2023-05-14T02:31:05.0654481Z [36;1m./mvnw test -Dsurefire.rerunFailingTestsCount=2 -nsu -B -Pauth-server-quarkus -Dtest=**.account2.**,!SigningInTest#passwordlessWebAuthnTest,!SigningInTest#twoFactorWebAuthnTest -Dbrowser=chrome "-Dwebdriver.chrome.driver=$CHROMEWEBDRIVER/chromedriver" -f testsuite/integration-arquillian/tests/other/base-ui/pom.xml | misc/log/trimmer.sh[0m
Account Console IT (chrome)	Run Account Console IT	2023-05-14T02:31:05.0716134Z shell: /usr/bin/bash --noprofile --norc -e -o pipefail {0}
Account Console IT (chrome)	Run Account Console IT	2023-05-14T02:31:05.0716480Z env:
Account Console IT (chrome)	Run Account Console IT	2023-05-14T02:31:05.0716741Z   DEFAULT_JDK_VERSION: 17
Account Console IT (chrome)	Run Account Console IT	2023-05-14T02:31:05.0717039Z   DEFAULT_JDK_DIST: temurin
Account Console IT (chrome)	Run Account Console IT	2023-05-14T02:31:05.0717345Z   SUREFIRE_RERUN_FAILING_COUNT: 2
Account Console IT (chrome)	Run Account Console IT	2023-05-14T02:31:05.0717819Z   JAVA_HOME: /opt/hostedtoolcache/Java_Temurin-Hotspot_jdk/17.0.7-7/x64
Account Console IT (chrome)	Run Account Console IT	2023-05-14T02:31:05.0718294Z   JAVA_HOME_17_X64: /opt/hostedtoolcache/Java_Temurin-Hotspot_jdk/17.0.7-7/x64
Account Console IT (chrome)	Run Account Console IT	2023-05-14T02:31:05.0718665Z ##[endgroup]
Account Console IT (chrome)	Run Account Console IT	2023-05-14T02:31:09.8887391Z -- [INFO] Scanning for projects...
Account Console IT (chrome)	Run Account Console IT	2023-05-14T02:31:10.2013792Z -- [INFO] 
Account Console IT (chrome)	Run Account Console IT	2023-05-14T02:31:10.2038353Z -- [INFO] ----< org.keycloak.testsuite:integration-arquillian-tests-base-ui >-----
Account Console IT (chrome)	Run Account Console IT	2023-05-14T02:31:10.2058238Z -- [INFO] Building Base UI TestSuite 999.0.0-SNAPSHOT
Account Console IT (chrome)	Run Account Console IT	2023-05-14T02:31:10.2077730Z -- [INFO] --------------------------------[ jar ]---------------------------------
Account Console IT (chrome)	Run Account Console IT	2023-05-14T02:31:10.3759074Z -- [INFO] Downloading from jboss-public-repository: https://repository.jboss.org/nexus/content/groups/public/org/codehaus/mojo/properties-maven-plugin/1.0.0/properties-maven-plugin-1.0.0.pom
Account Console IT (chrome)	Run Account Console IT	2023-05-14T02:31:11.8586138Z -- [INFO] Downloading from central: https://repo.maven.apache.org/maven2/org/codehaus/mojo/properties-maven-plugin/1.0.0/properties-maven-plugin-1.0.0.pom
Account Console IT (chrome)	Run Account Console IT	2023-05-14T02:31:12.0755182Z -- [INFO] Downloaded from central: https://repo.maven.apache.org/maven2/org/codehaus/mojo/properties-maven-plugin/1.0.0/properties-maven-plugin-1.0.0.pom (5.0 kB at 23 kB/s)
Account Console IT (chrome)	Run Account Console IT	2023-05-14T02:31:12.0809587Z -- [INFO] Downloading from jboss-public-repository: https://repository.jboss.org/nexus/content/groups/public/org/codehaus/mojo/properties-maven-plugin/1.0.0/properties-maven-plugin-1.0.0.jar
Account Console IT (chrome)	Run Account Console IT	2023-05-14T02:31:12.1755034Z -- [INFO] Downloading from central: https://repo.maven.apache.org/maven2/org/codehaus/mojo/properties-maven-plugin/1.0.0/properties-maven-plugin-1.0.0.jar
Account Console IT (chrome)	Run Account Console IT	2023-05-14T02:31:12.2541949Z -- [INFO] Downloaded from central: https://repo.maven.apache.org/maven2/org/codehaus/mojo/properties-maven-plugin/1.0.0/properties-maven-plugin-1.0.0.jar (30 kB at 388 kB/s)
Account Console IT (chrome)	Run Account Console IT	2023-05-14T02:31:12.3054641Z -- [INFO] Downloading from central: https://repo.maven.apache.org/maven2/org/jboss/arquillian/extension/arquillian-drone-appium-extension/2.5.5/arquillian-drone-appium-extension-2.5.5.pom
Account Console IT (chrome)	Run Account Console IT	2023-05-14T02:31:12.3492902Z -- [INFO] Downloaded from central: https://repo.maven.apache.org/maven2/org/jboss/arquillian/extension/arquillian-drone-appium-extension/2.5.5/arquillian-drone-appium-extension-2.5.5.pom (3.2 kB at 74 kB/s)
Account Console IT (chrome)	Run Account Console IT	2023-05-14T02:31:12.6524073Z -- [INFO] Downloading from central: https://repo.maven.apache.org/maven2/io/appium/java-client/5.0.0-BETA9/java-client-5.0.0-BETA9.pom
Account Console IT (chrome)	Run Account Console IT	2023-05-14T02:31:12.6646047Z -- [INFO] Downloaded from central: https://repo.maven.apache.org/maven2/io/appium/java-client/5.0.0-BETA9/java-client-5.0.0-BETA9.pom (3.9 kB at 352 kB/s)
Account Console IT (chrome)	Run Account Console IT	2023-05-14T02:31:12.6987185Z -- [INFO] Downloading from central: https://repo.maven.apache.org/maven2/com/google/code/gson/gson/2.8.1/gson-2.8.1.pom
Account Console IT (chrome)	Run Account Console IT	2023-05-14T02:31:12.7239709Z -- [INFO] Downloaded from central: https://repo.maven.apache.org/maven2/com/google/code/gson/gson/2.8.1/gson-2.8.1.pom (1.9 kB at 68 kB/s)
Account Console IT (chrome)	Run Account Console IT	2023-05-14T02:31:12.7339495Z -- [INFO] Downloading from central: https://repo.maven.apache.org/maven2/com/google/code/gson/gson-parent/2.8.1/gson-parent-2.8.1.pom
Account Console IT (chrome)	Run Account Console IT	2023-05-14T02:31:12.7473466Z -- [INFO] Downloaded from central: https://repo.maven.apache.org/maven2/com/google/code/gson/gson-parent/2.8.1/gson-parent-2.8.1.pom (3.7 kB at 216 kB/s)
Account Console IT (chrome)	Run Account Console IT	2023-05-14T02:31:12.7483133Z -- [INFO] Downloading from central: https://repo.maven.apache.org/maven2/cglib/cglib/3.2.5/cglib-3.2.5.pom
Account Console IT (chrome)	Run Account Console IT	2023-05-14T02:31:12.7781178Z -- [INFO] Downloaded from central: https://repo.maven.apache.org/maven2/cglib/cglib/3.2.5/cglib-3.2.5.pom (2.8 kB at 104 kB/s)
Account Console IT (chrome)	Run Account Console IT	2023-05-14T02:31:12.7783030Z -- [INFO] Downloading from central: https://repo.maven.apache.org/maven2/cglib/cglib-parent/3.2.5/cglib-parent-3.2.5.pom
Account Console IT (chrome)	Run Account Console IT	2023-05-14T02:31:12.7923882Z -- [INFO] Downloaded from central: https://repo.maven.apache.org/maven2/cglib/cglib-parent/3.2.5/cglib-parent-3.2.5.pom (9.8 kB at 755 kB/s)
Account Console IT (chrome)	Run Account Console IT	2023-05-14T02:31:12.7967027Z -- [INFO] Downloading from central: https://repo.maven.apache.org/maven2/org/ow2/asm/asm/6.0_ALPHA/asm-6.0_ALPHA.pom
Account Console IT (chrome)	Run Account Console IT	2023-05-14T02:31:12.8179318Z -- [INFO] Downloaded from central: https://repo.maven.apache.org/maven2/org/ow2/asm/asm/6.0_ALPHA/asm-6.0_ALPHA.pom (1.9 kB at 88 kB/s)
Account Console IT (chrome)	Run Account Console IT	2023-05-14T02:31:12.8217612Z -- [INFO] Downloading from central: https://repo.maven.apache.org/maven2/org/ow2/asm/asm-parent/6.0_ALPHA/asm-parent-6.0_ALPHA.pom
Account Console IT (chrome)	Run Account Console IT	2023-05-14T02:31:12.8342965Z -- [INFO] Downloaded from central: https://repo.maven.apache.org/maven2/org/ow2/asm/asm-parent/6.0_ALPHA/asm-parent-6.0_ALPHA.pom (5.5 kB at 458 kB/s)
Account Console IT (chrome)	Run Account Console IT	2023-05-14T02:31:12.8670957Z -- [INFO] Downloading from central: https://repo.maven.apache.org/maven2/org/springframework/spring-context/4.3.8.RELEASE/spring-context-4.3.8.RELEASE.pom
Account Console IT (chrome)	Run Account Console IT	2023-05-14T02:31:12.8823452Z -- [INFO] Downloaded from central: https://repo.maven.apache.org/maven2/org/springframework/spring-context/4.3.8.RELEASE/spring-context-4.3.8.RELEASE.pom (5.0 kB at 334 kB/s)
Account Console IT (chrome)	Run Account Console IT	2023-05-14T02:31:12.8855209Z -- [INFO] Downloading from central: https://repo.maven.apache.org/maven2/org/springframework/spring-aop/4.3.8.RELEASE/spring-aop-4.3.8.RELEASE.pom
Account Console IT (chrome)	Run Account Console IT	2023-05-14T02:31:12.9103103Z -- [INFO] Downloaded from central: https://repo.maven.apache.org/maven2/org/springframework/spring-aop/4.3.8.RELEASE/spring-aop-4.3.8.RELEASE.pom (2.7 kB at 122 kB/s)
Account Console IT (chrome)	Run Account Console IT	2023-05-14T02:31:12.9104639Z -- [INFO] Downloading from central: https://repo.maven.apache.org/maven2/org/springframework/spring-beans/4.3.8.RELEASE/spring-beans-4.3.8.RELEASE.pom
Account Console IT (chrome)	Run Account Console IT	2023-05-14T02:31:12.9463405Z -- [INFO] Downloaded from central: https://repo.maven.apache.org/maven2/org/springframework/spring-beans/4.3.8.RELEASE/spring-beans-4.3.8.RELEASE.pom (2.5 kB at 67 kB/s)
Account Console IT (chrome)	Run Account Console IT	2023-05-14T02:31:12.9496589Z -- [INFO] Downloading from central: https://repo.maven.apache.org/maven2/org/springframework/spring-core/4.3.8.RELEASE/spring-core-4.3.8.RELEASE.pom
Account Console IT (chrome)	Run Account Console IT	2023-05-14T02:31:12.9588086Z -- [INFO] Downloaded from central: https://repo.maven.apache.org/maven2/org/springframework/spring-core/4.3.8.RELEASE/spring-core-4.3.8.RELEASE.pom (2.5 kB at 248 kB/s)
Account Console IT (chrome)	Run Account Console IT	2023-05-14T02:31:12.9618965Z -- [INFO] Downloading from central: https://repo.maven.apache.org/maven2/org/springframework/spring-expression/4.3.8.RELEASE/spring-expression-4.3.8.RELEASE.pom
Account Console IT (chrome)	Run Account Console IT	2023-05-14T02:31:12.9707564Z -- [INFO] Downloaded from central: https://repo.maven.apache.org/maven2/org/springframework/spring-expression/4.3.8.RELEASE/spring-expression-4.3.8.RELEASE.pom (1.7 kB at 190 kB/s)
Account Console IT (chrome)	Run Account Console IT	2023-05-14T02:31:12.9773410Z -- [INFO] Downloading from central: https://repo.maven.apache.org/maven2/org/aspectj/aspectjweaver/1.8.10/aspectjweaver-1.8.10.pom
Account Console IT (chrome)	Run Account Console IT	2023-05-14T02:31:12.9861104Z -- [INFO] Downloaded from central: https://repo.maven.apache.org/maven2/org/aspectj/aspectjweaver/1.8.10/aspectjweaver-1.8.10.pom (1.0 kB at 116 kB/s)
Account Console IT (chrome)	Run Account Console IT	2023-05-14T02:31:14.0937332Z -- [INFO] Downloading from central: https://repo.maven.apache.org/maven2/org/jboss/jboss-parent/37/jboss-parent-37.pom
Account Console IT (chrome)	Run Account Console IT	2023-05-14T02:31:14.1111747Z -- [INFO] Downloaded from central: https://repo.maven.apache.org/maven2/org/jboss/jboss-parent/37/jboss-parent-37.pom (0 B at 0 B/s)
Account Console IT (chrome)	Run Account Console IT	2023-05-14T02:31:14.1161130Z -- [INFO] Downloading from central: https://repo.maven.apache.org/maven2/org/jboss/jboss-parent/38/jboss-parent-38.pom
Account Console IT (chrome)	Run Account Console IT	2023-05-14T02:31:14.1287191Z -- [INFO] Downloaded from central: https://repo.maven.apache.org/maven2/org/jboss/jboss-parent/38/jboss-parent-38.pom (0 B at 0 B/s)
Account Console IT (chrome)	Run Account Console IT	2023-05-14T02:31:14.7671248Z -- [INFO] Downloading from central: https://repo.maven.apache.org/maven2/org/jboss/shrinkwrap/resolver/shrinkwrap-resolver-spi/3.1.4/shrinkwrap-resolver-spi-3.1.4.pom
Account Console IT (chrome)	Run Account Console IT	2023-05-14T02:31:14.7768928Z -- [INFO] Downloaded from central: https://repo.maven.apache.org/maven2/org/jboss/shrinkwrap/resolver/shrinkwrap-resolver-spi/3.1.4/shrinkwrap-resolver-spi-3.1.4.pom (0 B at 0 B/s)
Account Console IT (chrome)	Run Account Console IT	2023-05-14T02:31:14.7815621Z -- [INFO] Downloading from central: https://repo.maven.apache.org/maven2/org/jboss/shrinkwrap/resolver/shrinkwrap-resolver-spi-maven/3.1.4/shrinkwrap-resolver-spi-maven-3.1.4.pom
Account Console IT (chrome)	Run Account Console IT	2023-05-14T02:31:14.7881464Z -- [INFO] Downloaded from central: https://repo.maven.apache.org/maven2/org/jboss/shrinkwrap/resolver/shrinkwrap-resolver-spi-maven/3.1.4/shrinkwrap-resolver-spi-maven-3.1.4.pom (0 B at 0 B/s)
Account Console IT (chrome)	Run Account Console IT	2023-05-14T02:31:14.7933208Z -- [INFO] Downloading from central: https://repo.maven.apache.org/maven2/org/jboss/shrinkwrap/resolver/shrinkwrap-resolver-api-maven-archive/3.1.4/shrinkwrap-resolver-api-maven-archive-3.1.4.pom
Account Console IT (chrome)	Run Account Console IT	2023-05-14T02:31:14.7991805Z -- [INFO] Downloaded from central: https://repo.maven.apache.org/maven2/org/jboss/shrinkwrap/resolver/shrinkwrap-resolver-api-maven-archive/3.1.4/shrinkwrap-resolver-api-maven-archive-3.1.4.pom (0 B at 0 B/s)
Account Console IT (chrome)	Run Account Console IT	2023-05-14T02:31:14.8041468Z -- [INFO] Downloading from central: https://repo.maven.apache.org/maven2/org/jboss/shrinkwrap/resolver/shrinkwrap-resolver-impl-maven/3.1.4/shrinkwrap-resolver-impl-maven-3.1.4.pom
Account Console IT (chrome)	Run Account Console IT	2023-05-14T02:31:14.8092748Z -- [INFO] Downloaded from central: https://repo.maven.apache.org/maven2/org/jboss/shrinkwrap/resolver/shrinkwrap-resolver-impl-maven/3.1.4/shrinkwrap-resolver-impl-maven-3.1.4.pom (0 B at 0 B/s)
Account Console IT (chrome)	Run Account Console IT	2023-05-14T02:31:14.8593744Z -- [INFO] Downloading from central: https://repo.maven.apache.org/maven2/org/jboss/shrinkwrap/resolver/shrinkwrap-resolver-impl-maven-archive/3.1.4/shrinkwrap-resolver-impl-maven-archive-3.1.4.pom
Account Console IT (chrome)	Run Account Console IT	2023-05-14T02:31:14.8704455Z -- [INFO] Downloaded from central: https://repo.maven.apache.org/maven2/org/jboss/shrinkwrap/resolver/shrinkwrap-resolver-impl-maven-archive/3.1.4/shrinkwrap-resolver-impl-maven-archive-3.1.4.pom (0 B at 0 B/s)
Account Console IT (chrome)	Run Account Console IT	2023-05-14T02:31:14.8747390Z -- [INFO] Downloading from central: https://repo.maven.apache.org/maven2/org/jboss/shrinkwrap/resolver/shrinkwrap-resolver-spi-maven-archive/3.1.4/shrinkwrap-resolver-spi-maven-archive-3.1.4.pom
Account Console IT (chrome)	Run Account Console IT	2023-05-14T02:31:14.8807980Z -- [INFO] Downloaded from central: https://repo.maven.apache.org/maven2/org/jboss/shrinkwrap/resolver/shrinkwrap-resolver-spi-maven-archive/3.1.4/shrinkwrap-resolver-spi-maven-archive-3.1.4.pom (0 B at 0 B/s)
Account Console IT (chrome)	Run Account Console IT	2023-05-14T02:31:15.4103483Z -- [INFO] Downloading from central: https://repo.maven.apache.org/maven2/org/jboss/arquillian/extension/arquillian-drone-appium-extension/2.5.5/arquillian-drone-appium-extension-2.5.5.jar
Account Console IT (chrome)	Run Account Console IT	2023-05-14T02:31:15.4280873Z -- [INFO] Downloaded from central: https://repo.maven.apache.org/maven2/org/jboss/arquillian/extension/arquillian-drone-appium-extension/2.5.5/arquillian-drone-appium-extension-2.5.5.jar (9.5 kB at 526 kB/s)
Account Console IT (chrome)	Run Account Console IT	2023-05-14T02:31:15.4498642Z -- [INFO] 
Account Console IT (chrome)	Run Account Console IT	2023-05-14T02:31:15.4508762Z -- [INFO] --- maven-enforcer-plugin:3.0.0-M3:enforce (enforce-java-version) @ integration-arquillian-tests-base-ui ---
Account Console IT (chrome)	Run Account Console IT	2023-05-14T02:31:15.6600381Z -- [INFO] 
Account Console IT (chrome)	Run Account Console IT	2023-05-14T02:31:15.6618797Z -- [INFO] --- maven-enforcer-plugin:3.0.0-M3:enforce (enforce-maven-version) @ integration-arquillian-tests-base-ui ---
Account Console IT (chrome)	Run Account Console IT	2023-05-14T02:31:15.6651115Z -- [INFO] 
Account Console IT (chrome)	Run Account Console IT	2023-05-14T02:31:15.6653510Z -- [INFO] --- maven-enforcer-plugin:3.0.0-M3:enforce (enforce-maven) @ integration-arquillian-tests-base-ui ---
Account Console IT (chrome)	Run Account Console IT	2023-05-14T02:31:15.6673514Z -- [INFO] 
Account Console IT (chrome)	Run Account Console IT	2023-05-14T02:31:15.6680210Z -- [INFO] --- buildnumber-maven-plugin:1.4:create (get-scm-revision) @ integration-arquillian-tests-base-ui ---
Account Console IT (chrome)	Run Account Console IT	2023-05-14T02:31:15.9193144Z -- [INFO] Executing: /bin/sh -c cd '/home/runner/work/keycloak/keycloak/testsuite/integration-arquillian/tests/other/base-ui' && 'git' 'rev-parse' '--verify' 'HEAD'
Account Console IT (chrome)	Run Account Console IT	2023-05-14T02:31:15.9197917Z -- [INFO] Working directory: /home/runner/work/keycloak/keycloak/testsuite/integration-arquillian/tests/other/base-ui
Account Console IT (chrome)	Run Account Console IT	2023-05-14T02:31:15.9373894Z -- [INFO] Storing buildNumber: 04ab84800312a705e3ee623f64fbcc2e2abf078b at timestamp: 1684031475902
Account Console IT (chrome)	Run Account Console IT	2023-05-14T02:31:15.9469084Z -- [INFO] Storing buildScmBranch: main
Account Console IT (chrome)	Run Account Console IT	2023-05-14T02:31:15.9469528Z -- [INFO] 
Account Console IT (chrome)	Run Account Console IT	2023-05-14T02:31:15.9470503Z -- [INFO] --- maven-dependency-plugin:3.1.2:unpack (unpack-test-resources) @ integration-arquillian-tests-base-ui ---
Account Console IT (chrome)	Run Account Console IT	2023-05-14T02:31:16.3869236Z -- [INFO] Configured Artifact: org.keycloak.testsuite:integration-arquillian-tests-base:tests:999.0.0-SNAPSHOT:jar
Account Console IT (chrome)	Run Account Console IT	2023-05-14T02:31:16.4061029Z -- [INFO] Unpacking /home/runner/.m2/repository/org/keycloak/testsuite/integration-arquillian-tests-base/999.0.0-SNAPSHOT/integration-arquillian-tests-base-999.0.0-SNAPSHOT-tests.jar to /home/runner/work/keycloak/keycloak/testsuite/integration-arquillian/tests/other/base-ui/target/dependency with includes "arquillian.xml,wildfly-config.xml,keycloak-add-user.json,test-constants.properties,kerberos/*,keystore/*,password-blacklists/*,log4j.properties,vault/*" and excludes ""
Account Console IT (chrome)	Run Account Console IT	2023-05-14T02:31:16.5883252Z -- [INFO] 
Account Console IT (chrome)	Run Account Console IT	2023-05-14T02:31:16.5885158Z -- [INFO] --- maven-resources-plugin:3.0.1:copy-resources (copy-truststore) @ integration-arquillian-tests-base-ui ---
Account Console IT (chrome)	Run Account Console IT	2023-05-14T02:31:16.6506927Z -- [INFO] Using 'UTF-8' encoding to copy filtered resources.
Account Console IT (chrome)	Run Account Console IT	2023-05-14T02:31:16.6514008Z -- [INFO] skip non existing resourceDirectory /home/runner/work/keycloak/keycloak/testsuite/integration-arquillian/tests/other/base-ui/src/test/resources
Account Console IT (chrome)	Run Account Console IT	2023-05-14T02:31:16.6536245Z -- [INFO] 
Account Console IT (chrome)	Run Account Console IT	2023-05-14T02:31:16.6538538Z -- [INFO] --- maven-resources-plugin:3.0.1:resources (default-resources) @ integration-arquillian-tests-base-ui ---
Account Console IT (chrome)	Run Account Console IT	2023-05-14T02:31:16.6568809Z -- [INFO] Using 'UTF-8' encoding to copy filtered resources.
Account Console IT (chrome)	Run Account Console IT	2023-05-14T02:31:16.6639982Z -- [INFO] Copying 12 resources
Account Console IT (chrome)	Run Account Console IT	2023-05-14T02:31:16.6756250Z -- [INFO] 
Account Console IT (chrome)	Run Account Console IT	2023-05-14T02:31:16.6757591Z -- [INFO] --- properties-maven-plugin:1.0.0:read-project-properties (default) @ integration-arquillian-tests-base-ui ---
Account Console IT (chrome)	Run Account Console IT	2023-05-14T02:31:16.7026967Z -- [INFO] 
Account Console IT (chrome)	Run Account Console IT	2023-05-14T02:31:16.7028117Z -- [INFO] --- maven-resources-plugin:3.0.1:copy-resources (copy-theme-files) @ integration-arquillian-tests-base-ui ---
Account Console IT (chrome)	Run Account Console IT	2023-05-14T02:31:16.7049191Z -- [INFO] Using 'UTF-8' encoding to copy filtered resources.
Account Console IT (chrome)	Run Account Console IT	2023-05-14T02:31:16.7080803Z -- [INFO] Copying 12 resources
Account Console IT (chrome)	Run Account Console IT	2023-05-14T02:31:16.7263672Z -- [INFO] 
Account Console IT (chrome)	Run Account Console IT	2023-05-14T02:31:16.7265260Z -- [INFO] --- maven-compiler-plugin:3.8.1:compile (default-compile) @ integration-arquillian-tests-base-ui ---
Account Console IT (chrome)	Run Account Console IT	2023-05-14T02:31:16.8210427Z -- [INFO] Changes detected - recompiling the module!
Account Console IT (chrome)	Run Account Console IT	2023-05-14T02:31:16.8245951Z -- [INFO] Compiling 19 source files to /home/runner/work/keycloak/keycloak/testsuite/integration-arquillian/tests/other/base-ui/target/classes
Account Console IT (chrome)	Run Account Console IT	2023-05-14T02:31:19.7043868Z -- [INFO] 
Account Console IT (chrome)	Run Account Console IT	2023-05-14T02:31:19.7061747Z -- [INFO] --- maven-dependency-plugin:3.1.2:unpack (unpack-undertow-server) @ integration-arquillian-tests-base-ui ---
Account Console IT (chrome)	Run Account Console IT	2023-05-14T02:31:19.7220784Z -- [INFO] Skipping plugin execution
Account Console IT (chrome)	Run Account Console IT	2023-05-14T02:31:19.7226063Z -- [INFO] 
Account Console IT (chrome)	Run Account Console IT	2023-05-14T02:31:19.7231508Z -- [INFO] --- maven-dependency-plugin:3.1.2:unpack (unpack-quarkus-server) @ integration-arquillian-tests-base-ui ---
Account Console IT (chrome)	Run Account Console IT	2023-05-14T02:31:19.7248759Z -- [INFO] Configured Artifact: org.keycloak.testsuite:integration-arquillian-servers-auth-server-quarkus:999.0.0-SNAPSHOT:zip
Account Console IT (chrome)	Run Account Console IT	2023-05-14T02:31:19.7306386Z -- [INFO] Unpacking /home/runner/.m2/repository/org/keycloak/testsuite/integration-arquillian-servers-auth-server-quarkus/999.0.0-SNAPSHOT/integration-arquillian-servers-auth-server-quarkus-999.0.0-SNAPSHOT.zip to /home/runner/work/keycloak/keycloak/testsuite/integration-arquillian/tests/other/base-ui/target/containers with includes "" and excludes ""
Account Console IT (chrome)	Run Account Console IT	2023-05-14T02:31:22.0694045Z -- [INFO] 
Account Console IT (chrome)	Run Account Console IT	2023-05-14T02:31:22.0695320Z -- [INFO] --- maven-dependency-plugin:3.1.2:unpack (unpack-app-server) @ integration-arquillian-tests-base-ui ---
Account Console IT (chrome)	Run Account Console IT	2023-05-14T02:31:22.0779656Z -- [INFO] Skipping plugin execution
Account Console IT (chrome)	Run Account Console IT	2023-05-14T02:31:22.0780329Z -- [INFO] 
Account Console IT (chrome)	Run Account Console IT	2023-05-14T02:31:22.0781556Z -- [INFO] --- maven-dependency-plugin:3.1.2:copy (example-wars) @ integration-arquillian-tests-base-ui ---
Account Console IT (chrome)	Run Account Console IT	2023-05-14T02:31:22.0782440Z -- [INFO] Configured Artifact: org.keycloak.testsuite:hello-world-authz-service:999.0.0-SNAPSHOT:war
Account Console IT (chrome)	Run Account Console IT	2023-05-14T02:31:22.0889277Z -- [INFO] Configured Artifact: org.keycloak.testsuite:photoz-html5-client:999.0.0-SNAPSHOT:war
Account Console IT (chrome)	Run Account Console IT	2023-05-14T02:31:22.0965404Z -- [INFO] Configured Artifact: org.keycloak.testsuite:photoz-restful-api:999.0.0-SNAPSHOT:war
Account Console IT (chrome)	Run Account Console IT	2023-05-14T02:31:22.1034451Z -- [INFO] Configured Artifact: org.keycloak.testsuite:servlet-authz-app:999.0.0-SNAPSHOT:war
Account Console IT (chrome)	Run Account Console IT	2023-05-14T02:31:22.1075042Z -- [INFO] Configured Artifact: org.keycloak.testsuite:servlet-policy-enforcer:999.0.0-SNAPSHOT:war
Account Console IT (chrome)	Run Account Console IT	2023-05-14T02:31:22.1102470Z -- [INFO] Configured Artifact: org.keycloak.testsuite:integration-arquillian-test-apps-cors-angular-product:999.0.0-SNAPSHOT:war
Account Console IT (chrome)	Run Account Console IT	2023-05-14T02:31:22.1144832Z -- [INFO] Configured Artifact: org.keycloak.testsuite:integration-arquillian-test-apps-cors-database-service:999.0.0-SNAPSHOT:war
Account Console IT (chrome)	Run Account Console IT	2023-05-14T02:31:22.1185068Z -- [INFO] Copying hello-world-authz-service-999.0.0-SNAPSHOT.war to /home/runner/work/keycloak/keycloak/testsuite/integration-arquillian/tests/other/base-ui/target/examples/hello-world-authz-service-999.0.0-SNAPSHOT.war
Account Console IT (chrome)	Run Account Console IT	2023-05-14T02:31:22.1212153Z -- [INFO] Copying photoz-html5-client-999.0.0-SNAPSHOT.war to /home/runner/work/keycloak/keycloak/testsuite/integration-arquillian/tests/other/base-ui/target/examples/photoz-html5-client-999.0.0-SNAPSHOT.war
Account Console IT (chrome)	Run Account Console IT	2023-05-14T02:31:22.1216561Z -- [INFO] Copying photoz-restful-api-999.0.0-SNAPSHOT.war to /home/runner/work/keycloak/keycloak/testsuite/integration-arquillian/tests/other/base-ui/target/examples/photoz-restful-api-999.0.0-SNAPSHOT.war
Account Console IT (chrome)	Run Account Console IT	2023-05-14T02:31:22.1221254Z -- [INFO] Copying servlet-authz-app-999.0.0-SNAPSHOT.war to /home/runner/work/keycloak/keycloak/testsuite/integration-arquillian/tests/other/base-ui/target/examples/servlet-authz-app-999.0.0-SNAPSHOT.war
Account Console IT (chrome)	Run Account Console IT	2023-05-14T02:31:22.1286869Z -- [INFO] Copying servlet-policy-enforcer-999.0.0-SNAPSHOT.war to /home/runner/work/keycloak/keycloak/testsuite/integration-arquillian/tests/other/base-ui/target/examples/servlet-policy-enforcer-999.0.0-SNAPSHOT.war
Account Console IT (chrome)	Run Account Console IT	2023-05-14T02:31:22.1288959Z -- [INFO] Copying integration-arquillian-test-apps-cors-angular-product-999.0.0-SNAPSHOT.war to /home/runner/work/keycloak/keycloak/testsuite/integration-arquillian/tests/other/base-ui/target/examples/integration-arquillian-test-apps-cors-angular-product-999.0.0-SNAPSHOT.war
Account Console IT (chrome)	Run Account Console IT	2023-05-14T02:31:22.1290910Z -- [INFO] Copying integration-arquillian-test-apps-cors-database-service-999.0.0-SNAPSHOT.war to /home/runner/work/keycloak/keycloak/testsuite/integration-arquillian/tests/other/base-ui/target/examples/integration-arquillian-test-apps-cors-database-service-999.0.0-SNAPSHOT.war
Account Console IT (chrome)	Run Account Console IT	2023-05-14T02:31:22.1292006Z -- [INFO] 
Account Console IT (chrome)	Run Account Console IT	2023-05-14T02:31:22.1293476Z -- [INFO] --- maven-dependency-plugin:3.1.2:unpack (test-apps-realms) @ integration-arquillian-tests-base-ui ---
Account Console IT (chrome)	Run Account Console IT	2023-05-14T02:31:22.1294555Z -- [INFO] Configured Artifact: org.keycloak.testsuite:integration-arquillian-test-apps-dist:999.0.0-SNAPSHOT:zip
Account Console IT (chrome)	Run Account Console IT	2023-05-14T02:31:22.1315158Z -- [INFO] Unpacking /home/runner/.m2/repository/org/keycloak/testsuite/integration-arquillian-test-apps-dist/999.0.0-SNAPSHOT/integration-arquillian-test-apps-dist-999.0.0-SNAPSHOT.zip to /home/runner/work/keycloak/keycloak/testsuite/integration-arquillian/tests/other/base-ui/target/examples with includes "**/*realm.json,**/*authz-service.json,**/testsaml.json,**/*-keycloak.json" and excludes ""
Account Console IT (chrome)	Run Account Console IT	2023-05-14T02:31:22.1464771Z -- [INFO] 
Account Console IT (chrome)	Run Account Console IT	2023-05-14T02:31:22.1470791Z -- [INFO] --- maven-resources-plugin:3.0.1:copy-resources (example-realms) @ integration-arquillian-tests-base-ui ---
Account Console IT (chrome)	Run Account Console IT	2023-05-14T02:31:22.1481465Z -- [INFO] Skipping the execution.
Account Console IT (chrome)	Run Account Console IT	2023-05-14T02:31:22.1490094Z -- [INFO] 
Account Console IT (chrome)	Run Account Console IT	2023-05-14T02:31:22.1494847Z -- [INFO] --- maven-resources-plugin:3.0.1:testResources (default-testResources) @ integration-arquillian-tests-base-ui ---
Account Console IT (chrome)	Run Account Console IT	2023-05-14T02:31:22.1517055Z -- [INFO] Using 'UTF-8' encoding to copy filtered resources.
Account Console IT (chrome)	Run Account Console IT	2023-05-14T02:31:22.1522487Z -- [INFO] skip non existing resourceDirectory /home/runner/work/keycloak/keycloak/testsuite/integration-arquillian/tests/other/base-ui/src/test/resources
Account Console IT (chrome)	Run Account Console IT	2023-05-14T02:31:22.1523413Z -- [INFO] 
Account Console IT (chrome)	Run Account Console IT	2023-05-14T02:31:22.1524714Z -- [INFO] --- maven-antrun-plugin:1.8:run (clean-second-cache-server-arquillian-bug-workaround) @ integration-arquillian-tests-base-ui ---
Account Console IT (chrome)	Run Account Console IT	2023-05-14T02:31:22.1787195Z -- [INFO] Skipping Antrun execution
Account Console IT (chrome)	Run Account Console IT	2023-05-14T02:31:22.1788294Z -- [INFO] 
Account Console IT (chrome)	Run Account Console IT	2023-05-14T02:31:22.1790454Z -- [INFO] --- maven-resources-plugin:3.0.1:copy-resources (copy-admin-user-json-file) @ integration-arquillian-tests-base-ui ---
Account Console IT (chrome)	Run Account Console IT	2023-05-14T02:31:22.1817110Z -- [INFO] Using 'UTF-8' encoding to copy filtered resources.
Account Console IT (chrome)	Run Account Console IT	2023-05-14T02:31:22.1824763Z -- [INFO] Copying 1 resource
Account Console IT (chrome)	Run Account Console IT	2023-05-14T02:31:22.1875996Z -- [INFO] 
Account Console IT (chrome)	Run Account Console IT	2023-05-14T02:31:22.1877007Z -- [INFO] --- maven-compiler-plugin:3.8.1:testCompile (default-testCompile) @ integration-arquillian-tests-base-ui ---
Account Console IT (chrome)	Run Account Console IT	2023-05-14T02:31:22.1987092Z -- [INFO] Changes detected - recompiling the module!
Account Console IT (chrome)	Run Account Console IT	2023-05-14T02:31:22.1998503Z -- [INFO] Compiling 21 source files to /home/runner/work/keycloak/keycloak/testsuite/integration-arquillian/tests/other/base-ui/target/test-classes
Account Console IT (chrome)	Run Account Console IT	2023-05-14T02:31:24.5089466Z -- [WARNING] /home/runner/work/keycloak/keycloak/testsuite/integration-arquillian/tests/other/base-ui/src/test/java/org/keycloak/testsuite/ui/account2/MyResourcesTest.java:[154,17] setUri(java.lang.String) in org.keycloak.representations.idm.authorization.ResourceRepresentation has been deprecated
Account Console IT (chrome)	Run Account Console IT	2023-05-14T02:31:24.5091462Z -- [WARNING] /home/runner/work/keycloak/keycloak/testsuite/integration-arquillian/tests/other/base-ui/src/test/java/org/keycloak/testsuite/ui/account2/MyResourcesTest.java:[217,9] <T>assertThat(T,org.hamcrest.Matcher<? super T>) in org.junit.Assert has been deprecated
Account Console IT (chrome)	Run Account Console IT	2023-05-14T02:31:24.5093747Z -- [INFO] 
Account Console IT (chrome)	Run Account Console IT	2023-05-14T02:31:24.5094593Z -- [INFO] --- shrinkwrap-resolver-maven-plugin:3.1.4:propagate-execution-context (default) @ integration-arquillian-tests-base-ui ---
Account Console IT (chrome)	Run Account Console IT	2023-05-14T02:31:24.5797253Z -- [INFO] 
Account Console IT (chrome)	Run Account Console IT	2023-05-14T02:31:24.5800841Z -- [INFO] --- maven-surefire-plugin:3.0.0-M7:test (default-test) @ integration-arquillian-tests-base-ui ---
Account Console IT (chrome)	Run Account Console IT	2023-05-14T02:31:24.7105772Z -- [INFO] Using auto detected provider org.apache.maven.surefire.junit4.JUnit4Provider
Account Console IT (chrome)	Run Account Console IT	2023-05-14T02:31:24.8028797Z -- [INFO] Downloading from jboss-public-repository: https://repository.jboss.org/nexus/content/groups/public/org/apache/maven/surefire/surefire-junit4/3.0.0-M7/surefire-junit4-3.0.0-M7.jar
Account Console IT (chrome)	Run Account Console IT	2023-05-14T02:31:24.9368314Z -- [INFO] Downloading from central: https://repo.maven.apache.org/maven2/org/apache/maven/surefire/surefire-junit4/3.0.0-M7/surefire-junit4-3.0.0-M7.jar
Account Console IT (chrome)	Run Account Console IT	2023-05-14T02:31:24.9624747Z -- [INFO] Downloaded from central: https://repo.maven.apache.org/maven2/org/apache/maven/surefire/surefire-junit4/3.0.0-M7/surefire-junit4-3.0.0-M7.jar (18 kB at 705 kB/s)
Account Console IT (chrome)	Run Account Console IT	2023-05-14T02:31:24.9646804Z -- [INFO] Downloading from jboss-public-repository: https://repository.jboss.org/nexus/content/groups/public/org/apache/maven/surefire/surefire-junit4/3.0.0-M7/surefire-junit4-3.0.0-M7.pom
Account Console IT (chrome)	Run Account Console IT	2023-05-14T02:31:25.0508502Z -- [INFO] Downloading from central: https://repo.maven.apache.org/maven2/org/apache/maven/surefire/surefire-junit4/3.0.0-M7/surefire-junit4-3.0.0-M7.pom
Account Console IT (chrome)	Run Account Console IT	2023-05-14T02:31:25.0745542Z -- [INFO] Downloaded from central: https://repo.maven.apache.org/maven2/org/apache/maven/surefire/surefire-junit4/3.0.0-M7/surefire-junit4-3.0.0-M7.pom (2.9 kB at 127 kB/s)
Account Console IT (chrome)	Run Account Console IT	2023-05-14T02:31:25.0781887Z -- [INFO] Downloading from jboss-public-repository: https://repository.jboss.org/nexus/content/groups/public/org/apache/maven/surefire/surefire-providers/3.0.0-M7/surefire-providers-3.0.0-M7.pom
Account Console IT (chrome)	Run Account Console IT	2023-05-14T02:31:25.1623885Z -- [INFO] Downloading from central: https://repo.maven.apache.org/maven2/org/apache/maven/surefire/surefire-providers/3.0.0-M7/surefire-providers-3.0.0-M7.pom
Account Console IT (chrome)	Run Account Console IT	2023-05-14T02:31:25.1780783Z -- [INFO] Downloaded from central: https://repo.maven.apache.org/maven2/org/apache/maven/surefire/surefire-providers/3.0.0-M7/surefire-providers-3.0.0-M7.pom (2.5 kB at 158 kB/s)
Account Console IT (chrome)	Run Account Console IT	2023-05-14T02:31:25.2032346Z -- [INFO] Downloading from jboss-public-repository: https://repository.jboss.org/nexus/content/groups/public/junit/junit/4.0/junit-4.0.pom
Account Console IT (chrome)	Run Account Console IT	2023-05-14T02:31:25.2853534Z -- [INFO] Downloading from central: https://repo.maven.apache.org/maven2/junit/junit/4.0/junit-4.0.pom
Account Console IT (chrome)	Run Account Console IT	2023-05-14T02:31:25.2934538Z -- [INFO] Downloaded from central: https://repo.maven.apache.org/maven2/junit/junit/4.0/junit-4.0.pom (210 B at 26 kB/s)
Account Console IT (chrome)	Run Account Console IT	2023-05-14T02:31:25.2964947Z -- [INFO] Downloading from jboss-public-repository: https://repository.jboss.org/nexus/content/groups/public/org/apache/maven/surefire/common-junit4/3.0.0-M7/common-junit4-3.0.0-M7.pom
Account Console IT (chrome)	Run Account Console IT	2023-05-14T02:31:25.3919697Z -- [INFO] Downloading from central: https://repo.maven.apache.org/maven2/org/apache/maven/surefire/common-junit4/3.0.0-M7/common-junit4-3.0.0-M7.pom
Account Console IT (chrome)	Run Account Console IT	2023-05-14T02:31:25.4066726Z -- [INFO] Downloaded from central: https://repo.maven.apache.org/maven2/org/apache/maven/surefire/common-junit4/3.0.0-M7/common-junit4-3.0.0-M7.pom (3.0 kB at 200 kB/s)
Account Console IT (chrome)	Run Account Console IT	2023-05-14T02:31:25.4224832Z -- [INFO] Downloading from jboss-public-repository: https://repository.jboss.org/nexus/content/groups/public/org/apache/maven/surefire/common-junit3/3.0.0-M7/common-junit3-3.0.0-M7.pom
Account Console IT (chrome)	Run Account Console IT	2023-05-14T02:31:25.5068944Z -- [INFO] Downloading from central: https://repo.maven.apache.org/maven2/org/apache/maven/surefire/common-junit3/3.0.0-M7/common-junit3-3.0.0-M7.pom
Account Console IT (chrome)	Run Account Console IT	2023-05-14T02:31:25.5199529Z -- [INFO] Downloaded from central: https://repo.maven.apache.org/maven2/org/apache/maven/surefire/common-junit3/3.0.0-M7/common-junit3-3.0.0-M7.pom (2.7 kB at 204 kB/s)
Account Console IT (chrome)	Run Account Console IT	2023-05-14T02:31:25.5314064Z -- [INFO] Downloading from jboss-public-repository: https://repository.jboss.org/nexus/content/groups/public/org/apache/maven/surefire/common-java5/3.0.0-M7/common-java5-3.0.0-M7.pom
Account Console IT (chrome)	Run Account Console IT	2023-05-14T02:31:25.6194959Z -- [INFO] Downloading from central: https://repo.maven.apache.org/maven2/org/apache/maven/surefire/common-java5/3.0.0-M7/common-java5-3.0.0-M7.pom
Account Console IT (chrome)	Run Account Console IT	2023-05-14T02:31:25.6346318Z -- [INFO] Downloaded from central: https://repo.maven.apache.org/maven2/org/apache/maven/surefire/common-java5/3.0.0-M7/common-java5-3.0.0-M7.pom (2.7 kB at 168 kB/s)
Account Console IT (chrome)	Run Account Console IT	2023-05-14T02:31:25.6451726Z -- [INFO] Downloading from jboss-public-repository: https://repository.jboss.org/nexus/content/groups/public/org/hamcrest/hamcrest-library/1.3/hamcrest-library-1.3.pom
Account Console IT (chrome)	Run Account Console IT	2023-05-14T02:31:25.7304755Z -- [INFO] Downloading from central: https://repo.maven.apache.org/maven2/org/hamcrest/hamcrest-library/1.3/hamcrest-library-1.3.pom
Account Console IT (chrome)	Run Account Console IT	2023-05-14T02:31:25.7419763Z -- [INFO] Downloaded from central: https://repo.maven.apache.org/maven2/org/hamcrest/hamcrest-library/1.3/hamcrest-library-1.3.pom (820 B at 91 kB/s)
Account Console IT (chrome)	Run Account Console IT	2023-05-14T02:31:25.7623623Z -- [INFO] Downloading from jboss-public-repository: https://repository.jboss.org/nexus/content/groups/public/org/junit/junit-bom/5.8.0/junit-bom-5.8.0.pom
Account Console IT (chrome)	Run Account Console IT	2023-05-14T02:31:25.8526486Z -- [INFO] Downloading from central: https://repo.maven.apache.org/maven2/org/junit/junit-bom/5.8.0/junit-bom-5.8.0.pom
Account Console IT (chrome)	Run Account Console IT	2023-05-14T02:31:25.8609703Z -- [INFO] Downloaded from central: https://repo.maven.apache.org/maven2/org/junit/junit-bom/5.8.0/junit-bom-5.8.0.pom (5.6 kB at 626 kB/s)
Account Console IT (chrome)	Run Account Console IT	2023-05-14T02:31:25.8688022Z -- [INFO] Downloading from jboss-public-repository: https://repository.jboss.org/nexus/content/groups/public/org/apache/maven/surefire/common-junit3/3.0.0-M7/common-junit3-3.0.0-M7.jar
Account Console IT (chrome)	Run Account Console IT	2023-05-14T02:31:25.8692536Z -- [INFO] Downloading from jboss-public-repository: https://repository.jboss.org/nexus/content/groups/public/org/apache/maven/surefire/common-java5/3.0.0-M7/common-java5-3.0.0-M7.jar
Account Console IT (chrome)	Run Account Console IT	2023-05-14T02:31:25.8701736Z -- [INFO] Downloading from jboss-public-repository: https://repository.jboss.org/nexus/content/groups/public/org/apache/maven/surefire/common-junit4/3.0.0-M7/common-junit4-3.0.0-M7.jar
Account Console IT (chrome)	Run Account Console IT	2023-05-14T02:31:25.9630179Z -- [INFO] Downloading from central: https://repo.maven.apache.org/maven2/org/apache/maven/surefire/common-junit3/3.0.0-M7/common-junit3-3.0.0-M7.jar
Account Console IT (chrome)	Run Account Console IT	2023-05-14T02:31:25.9731589Z -- [INFO] Downloaded from central: https://repo.maven.apache.org/maven2/org/apache/maven/surefire/common-junit3/3.0.0-M7/common-junit3-3.0.0-M7.jar (12 kB at 1.2 MB/s)
Account Console IT (chrome)	Run Account Console IT	2023-05-14T02:31:26.0550307Z -- [INFO] Downloading from central: https://repo.maven.apache.org/maven2/org/apache/maven/surefire/common-java5/3.0.0-M7/common-java5-3.0.0-M7.jar
Account Console IT (chrome)	Run Account Console IT	2023-05-14T02:31:26.0667343Z -- [INFO] Downloaded from central: https://repo.maven.apache.org/maven2/org/apache/maven/surefire/common-java5/3.0.0-M7/common-java5-3.0.0-M7.jar (17 kB at 1.4 MB/s)
Account Console IT (chrome)	Run Account Console IT	2023-05-14T02:31:26.0845263Z -- [INFO] Downloading from central: https://repo.maven.apache.org/maven2/org/apache/maven/surefire/common-junit4/3.0.0-M7/common-junit4-3.0.0-M7.jar
Account Console IT (chrome)	Run Account Console IT	2023-05-14T02:31:26.0939460Z -- [INFO] Downloaded from central: https://repo.maven.apache.org/maven2/org/apache/maven/surefire/common-junit4/3.0.0-M7/common-junit4-3.0.0-M7.jar (26 kB at 2.8 MB/s)
Account Console IT (chrome)	Run Account Console IT	2023-05-14T02:31:26.1112407Z -- [INFO] 
Account Console IT (chrome)	Run Account Console IT	2023-05-14T02:31:26.1117491Z -- [INFO] -------------------------------------------------------
Account Console IT (chrome)	Run Account Console IT	2023-05-14T02:31:26.1121983Z -- [INFO]  T E S T S
Account Console IT (chrome)	Run Account Console IT	2023-05-14T02:31:26.1127420Z -- [INFO] -------------------------------------------------------
Account Console IT (chrome)	Run Account Console IT	2023-05-14T02:31:27.4301883Z -- 02:31:27,416 INFO  [org.keycloak.testsuite.util.NonIDERunListener] Setting keycloak.logging.level to off. Keycloak server logging will be disabled
Account Console IT (chrome)	Run Account Console IT	2023-05-14T02:31:27.4336087Z [INFO] Running org.keycloak.testsuite.ui.account2.ApplicationsTest
Account Console IT (chrome)	Run Account Console IT	2023-05-14T02:31:27.7758744Z May 14, 2023 2:31:27 AM org.keycloak.testsuite.arquillian.containers.MultipleContainersExtension register
Account Console IT (chrome)	Run Account Console IT	2023-05-14T02:31:27.7759782Z INFO: Multiple containers extension registering.
Account Console IT (chrome)	Run Account Console IT	2023-05-14T02:31:28.3767884Z May 14, 2023 2:31:28 AM org.arquillian.recorder.reporter.configuration.ReporterConfigurator configureExtension
Account Console IT (chrome)	Run Account Console IT	2023-05-14T02:31:28.3768935Z INFO: Configuration of Arquillian Reporting extension:
Account Console IT (chrome)	Run Account Console IT	2023-05-14T02:31:28.3769834Z May 14, 2023 2:31:28 AM org.arquillian.recorder.reporter.configuration.ReporterConfigurator configureExtension
Account Console IT (chrome)	Run Account Console IT	2023-05-14T02:31:28.3945706Z INFO: report                                   xml
Account Console IT (chrome)	Run Account Console IT	2023-05-14T02:31:28.3946140Z rootDir                                  target
Account Console IT (chrome)	Run Account Console IT	2023-05-14T02:31:28.3946507Z file                                     target/arquillian_report.xml
Account Console IT (chrome)	Run Account Console IT	2023-05-14T02:31:28.3946884Z template                                 template.xsl
Account Console IT (chrome)	Run Account Console IT	2023-05-14T02:31:28.3947235Z reportAfterEvery                         class
Account Console IT (chrome)	Run Account Console IT	2023-05-14T02:31:28.3947580Z language                                 en
Account Console IT (chrome)	Run Account Console IT	2023-05-14T02:31:28.3947936Z maxImageWidth                            500
Account Console IT (chrome)	Run Account Console IT	2023-05-14T02:31:28.3948257Z imageWidth                               100%
Account Console IT (chrome)	Run Account Console IT	2023-05-14T02:31:28.3948577Z imageHeight                              100%
Account Console IT (chrome)	Run Account Console IT	2023-05-14T02:31:28.3948768Z 
Account Console IT (chrome)	Run Account Console IT	2023-05-14T02:31:29.5805539Z May 14, 2023 2:31:29 AM org.jboss.logmanager.JBossLoggerFinder getLogger
Account Console IT (chrome)	Run Account Console IT	2023-05-14T02:31:29.5806545Z ERROR: The LogManager accessed before the "java.util.logging.manager" system property was set to "org.jboss.logmanager.LogManager". Results may be unexpected.
Account Console IT (chrome)	Run Account Console IT	2023-05-14T02:31:29.8818613Z May 14, 2023 2:31:29 AM org.jboss.arquillian.container.impl.MapObject populate
Account Console IT (chrome)	Run Account Console IT	2023-05-14T02:31:29.8819755Z WARNING: Configuration contain properties not supported by the backing object org.keycloak.testsuite.arquillian.containers.KeycloakQuarkusConfiguration
Account Console IT (chrome)	Run Account Console IT	2023-05-14T02:31:29.8820531Z Unused property entries: {adapterImplClass=
Account Console IT (chrome)	Run Account Console IT	2023-05-14T02:31:29.8821280Z                 org.keycloak.testsuite.arquillian.containers.KeycloakQuarkusServerDeployableContainer
Account Console IT (chrome)	Run Account Console IT	2023-05-14T02:31:29.8822359Z             , enabled=true}
Account Console IT (chrome)	Run Account Console IT	2023-05-14T02:31:29.8823343Z Supported property names: [bindHttpsPort, keycloakConfigPropertyOverrides, startupTimeoutInSeconds, bindHttpPort, keystorePassword, bindHttpsPortOffset, profile, importFile, bindHttpPortOffset, truststorePassword, javaOpts, route, providersPath, fipsMode, debugPort, keystoreFile, truststoreFile, reaugmentBeforeStart]
Account Console IT (chrome)	Run Account Console IT	2023-05-14T02:31:44.8176887Z May 14, 2023 2:31:44 AM org.jboss.arquillian.drone.webdriver.factory.remote.reusable.ReusedSessionPermanentFileStorage readStore
Account Console IT (chrome)	Run Account Console IT	2023-05-14T02:31:44.8178761Z INFO: Reused session store is not available at /home/runner/.drone-webdriver-session-store, a new one will be created.
Account Console IT (chrome)	Run Account Console IT	2023-05-14T02:31:45.3187125Z SLF4J: Failed to load class "org.slf4j.impl.StaticLoggerBinder".
Account Console IT (chrome)	Run Account Console IT	2023-05-14T02:31:45.3188050Z SLF4J: Defaulting to no-operation (NOP) logger implementation
Account Console IT (chrome)	Run Account Console IT	2023-05-14T02:31:45.3188587Z SLF4J: See http://www.slf4j.org/codes.html#StaticLoggerBinder for further details.
Account Console IT (chrome)	Run Account Console IT	2023-05-14T02:31:46.2358616Z May 14, 2023 2:31:46 AM org.openqa.selenium.remote.DesiredCapabilities chrome
Account Console IT (chrome)	Run Account Console IT	2023-05-14T02:31:46.2359277Z INFO: Using `new ChromeOptions()` is preferred to `DesiredCapabilities.chrome()`
Account Console IT (chrome)	Run Account Console IT	2023-05-14T02:31:46.2359988Z May 14, 2023 2:31:46 AM org.openqa.selenium.remote.DesiredCapabilities chrome
Account Console IT (chrome)	Run Account Console IT	2023-05-14T02:31:46.2360623Z INFO: Using `new ChromeOptions()` is preferred to `DesiredCapabilities.chrome()`
Account Console IT (chrome)	Run Account Console IT	2023-05-14T02:31:46.6409411Z Starting ChromeDriver 113.0.5672.63 (0e1a4471d5ae5bf128b1bd8f4d627c8cbd55f70c-refs/branch-heads/5672@{#912}) on port 4415
Account Console IT (chrome)	Run Account Console IT	2023-05-14T02:31:46.6409989Z Only local connections are allowed.
Account Console IT (chrome)	Run Account Console IT	2023-05-14T02:31:46.6410701Z Please see https://chromedriver.chromium.org/security-considerations for suggestions on keeping ChromeDriver safe.
Account Console IT (chrome)	Run Account Console IT	2023-05-14T02:31:46.8372794Z ChromeDriver was started successfully.
Account Console IT (chrome)	Run Account Console IT	2023-05-14T02:31:52.8504308Z May 14, 2023 2:31:52 AM org.openqa.selenium.remote.ProtocolHandshake createSession
Account Console IT (chrome)	Run Account Console IT	2023-05-14T02:31:52.8505207Z INFO: Detected dialect: W3C
Account Console IT (chrome)	Run Account Console IT	2023-05-14T02:32:31.4962073Z [INFO] Tests run: 3, Failures: 0, Errors: 0, Skipped: 0, Time elapsed: 63.886 s - in org.keycloak.testsuite.ui.account2.ApplicationsTest
Account Console IT (chrome)	Run Account Console IT	2023-05-14T02:32:31.4979243Z [INFO] Running org.keycloak.testsuite.ui.account2.DeleteAccountTest
Account Console IT (chrome)	Run Account Console IT	2023-05-14T02:32:31.4984857Z May 14, 2023 2:32:31 AM org.openqa.selenium.remote.DesiredCapabilities chrome
Account Console IT (chrome)	Run Account Console IT	2023-05-14T02:32:31.5063659Z INFO: Using `new ChromeOptions()` is preferred to `DesiredCapabilities.chrome()`
Account Console IT (chrome)	Run Account Console IT	2023-05-14T02:32:31.5064247Z May 14, 2023 2:32:31 AM org.openqa.selenium.remote.DesiredCapabilities chrome
Account Console IT (chrome)	Run Account Console IT	2023-05-14T02:32:31.5064793Z INFO: Using `new ChromeOptions()` is preferred to `DesiredCapabilities.chrome()`
Account Console IT (chrome)	Run Account Console IT	2023-05-14T02:32:31.5529936Z Starting ChromeDriver 113.0.5672.63 (0e1a4471d5ae5bf128b1bd8f4d627c8cbd55f70c-refs/branch-heads/5672@{#912}) on port 18712
Account Console IT (chrome)	Run Account Console IT	2023-05-14T02:32:31.5533108Z Only local connections are allowed.
Account Console IT (chrome)	Run Account Console IT	2023-05-14T02:32:31.5536574Z Please see https://chromedriver.chromium.org/security-considerations for suggestions on keeping ChromeDriver safe.
Account Console IT (chrome)	Run Account Console IT	2023-05-14T02:32:31.5538787Z ChromeDriver was started successfully.
Account Console IT (chrome)	Run Account Console IT	2023-05-14T02:32:31.7516071Z May 14, 2023 2:32:31 AM org.openqa.selenium.remote.ProtocolHandshake createSession
Account Console IT (chrome)	Run Account Console IT	2023-05-14T02:32:31.7517515Z INFO: Detected dialect: W3C
Account Console IT (chrome)	Run Account Console IT	2023-05-14T02:32:31.8513381Z May 14, 2023 2:32:31 AM org.jboss.arquillian.graphene.enricher.FieldAccessValidatorEnricher checkFieldValidity
Account Console IT (chrome)	Run Account Console IT	2023-05-14T02:32:31.8515299Z WARNING: Package-friendly field 'cancelActionButton' found in org.keycloak.testsuite.auth.page.login.DeleteAccountActionConfirmPage. Direct access to fields outside of the declaring class is not allowed.
Account Console IT (chrome)	Run Account Console IT	2023-05-14T02:32:31.8516525Z May 14, 2023 2:32:31 AM org.jboss.arquillian.graphene.enricher.FieldAccessValidatorEnricher checkFieldValidity
Account Console IT (chrome)	Run Account Console IT	2023-05-14T02:32:31.8518046Z WARNING: Package-friendly field 'confirmActionButton' found in org.keycloak.testsuite.auth.page.login.DeleteAccountActionConfirmPage. Direct access to fields outside of the declaring class is not allowed.
Account Console IT (chrome)	Run Account Console IT	2023-05-14T02:32:31.9513945Z May 14, 2023 2:32:31 AM org.jboss.arquillian.graphene.enricher.FieldAccessValidatorEnricher checkFieldValidity
Account Console IT (chrome)	Run Account Console IT	2023-05-14T02:32:31.9515903Z WARNING: Package-friendly field 'cancelActionButton' found in org.keycloak.testsuite.auth.page.login.DeleteAccountActionConfirmPage$$EnhancerByGraphene$$a96b4be5. Direct access to fields outside of the declaring class is not allowed.
Account Console IT (chrome)	Run Account Console IT	2023-05-14T02:32:31.9517872Z May 14, 2023 2:32:31 AM org.jboss.arquillian.graphene.enricher.FieldAccessValidatorEnricher checkFieldValidity
Account Console IT (chrome)	Run Account Console IT	2023-05-14T02:32:31.9519470Z WARNING: Package-friendly field 'confirmActionButton' found in org.keycloak.testsuite.auth.page.login.DeleteAccountActionConfirmPage$$EnhancerByGraphene$$a96b4be5. Direct access to fields outside of the declaring class is not allowed.
Account Console IT (chrome)	Run Account Console IT	2023-05-14T02:32:32.1516197Z May 14, 2023 2:32:32 AM org.jboss.arquillian.graphene.enricher.FieldAccessValidatorEnricher checkFieldValidity
Account Console IT (chrome)	Run Account Console IT	2023-05-14T02:32:32.1517691Z WARNING: Package-friendly field 'cancelActionButton' found in org.keycloak.testsuite.auth.page.login.DeleteAccountActionConfirmPage. Direct access to fields outside of the declaring class is not allowed.
Account Console IT (chrome)	Run Account Console IT	2023-05-14T02:32:32.1518714Z May 14, 2023 2:32:32 AM org.jboss.arquillian.graphene.enricher.FieldAccessValidatorEnricher checkFieldValidity
Account Console IT (chrome)	Run Account Console IT	2023-05-14T02:32:32.1519888Z WARNING: Package-friendly field 'confirmActionButton' found in org.keycloak.testsuite.auth.page.login.DeleteAccountActionConfirmPage. Direct access to fields outside of the declaring class is not allowed.
Account Console IT (chrome)	Run Account Console IT	2023-05-14T02:32:32.1520880Z May 14, 2023 2:32:32 AM org.jboss.arquillian.graphene.enricher.FieldAccessValidatorEnricher checkFieldValidity
Account Console IT (chrome)	Run Account Console IT	2023-05-14T02:32:32.1522130Z WARNING: Package-friendly field 'cancelActionButton' found in org.keycloak.testsuite.auth.page.login.DeleteAccountActionConfirmPage$$EnhancerByGraphene$$a96b4be5. Direct access to fields outside of the declaring class is not allowed.
Account Console IT (chrome)	Run Account Console IT	2023-05-14T02:32:32.1523148Z May 14, 2023 2:32:32 AM org.jboss.arquillian.graphene.enricher.FieldAccessValidatorEnricher checkFieldValidity
Account Console IT (chrome)	Run Account Console IT	2023-05-14T02:32:32.1524401Z WARNING: Package-friendly field 'confirmActionButton' found in org.keycloak.testsuite.auth.page.login.DeleteAccountActionConfirmPage$$EnhancerByGraphene$$a96b4be5. Direct access to fields outside of the declaring class is not allowed.
Account Console IT (chrome)	Run Account Console IT	2023-05-14T02:32:46.3737588Z May 14, 2023 2:32:46 AM org.jboss.arquillian.graphene.enricher.FieldAccessValidatorEnricher checkFieldValidity
Account Console IT (chrome)	Run Account Console IT	2023-05-14T02:32:46.3739423Z WARNING: Package-friendly field 'cancelActionButton' found in org.keycloak.testsuite.auth.page.login.DeleteAccountActionConfirmPage. Direct access to fields outside of the declaring class is not allowed.
Account Console IT (chrome)	Run Account Console IT	2023-05-14T02:32:46.3740642Z May 14, 2023 2:32:46 AM org.jboss.arquillian.graphene.enricher.FieldAccessValidatorEnricher checkFieldValidity
Account Console IT (chrome)	Run Account Console IT	2023-05-14T02:32:46.3741914Z WARNING: Package-friendly field 'confirmActionButton' found in org.keycloak.testsuite.auth.page.login.DeleteAccountActionConfirmPage. Direct access to fields outside of the declaring class is not allowed.
Account Console IT (chrome)	Run Account Console IT	2023-05-14T02:32:46.3743013Z May 14, 2023 2:32:46 AM org.jboss.arquillian.graphene.enricher.FieldAccessValidatorEnricher checkFieldValidity
Account Console IT (chrome)	Run Account Console IT	2023-05-14T02:32:46.3744380Z WARNING: Package-friendly field 'cancelActionButton' found in org.keycloak.testsuite.auth.page.login.DeleteAccountActionConfirmPage$$EnhancerByGraphene$$a96b4be5. Direct access to fields outside of the declaring class is not allowed.
Account Console IT (chrome)	Run Account Console IT	2023-05-14T02:32:46.3745501Z May 14, 2023 2:32:46 AM org.jboss.arquillian.graphene.enricher.FieldAccessValidatorEnricher checkFieldValidity
Account Console IT (chrome)	Run Account Console IT	2023-05-14T02:32:46.3746834Z WARNING: Package-friendly field 'confirmActionButton' found in org.keycloak.testsuite.auth.page.login.DeleteAccountActionConfirmPage$$EnhancerByGraphene$$a96b4be5. Direct access to fields outside of the declaring class is not allowed.
Account Console IT (chrome)	Run Account Console IT	2023-05-14T02:32:46.6737707Z May 14, 2023 2:32:46 AM org.jboss.arquillian.graphene.enricher.FieldAccessValidatorEnricher checkFieldValidity
Account Console IT (chrome)	Run Account Console IT	2023-05-14T02:32:46.6740002Z WARNING: Package-friendly field 'cancelActionButton' found in org.keycloak.testsuite.auth.page.login.DeleteAccountActionConfirmPage. Direct access to fields outside of the declaring class is not allowed.
Account Console IT (chrome)	Run Account Console IT	2023-05-14T02:32:46.6741147Z May 14, 2023 2:32:46 AM org.jboss.arquillian.graphene.enricher.FieldAccessValidatorEnricher checkFieldValidity
Account Console IT (chrome)	Run Account Console IT	2023-05-14T02:32:46.6742427Z WARNING: Package-friendly field 'confirmActionButton' found in org.keycloak.testsuite.auth.page.login.DeleteAccountActionConfirmPage. Direct access to fields outside of the declaring class is not allowed.
Account Console IT (chrome)	Run Account Console IT	2023-05-14T02:32:46.6743752Z May 14, 2023 2:32:46 AM org.jboss.arquillian.graphene.enricher.FieldAccessValidatorEnricher checkFieldValidity
Account Console IT (chrome)	Run Account Console IT	2023-05-14T02:32:46.6745091Z WARNING: Package-friendly field 'cancelActionButton' found in org.keycloak.testsuite.auth.page.login.DeleteAccountActionConfirmPage$$EnhancerByGraphene$$a96b4be5. Direct access to fields outside of the declaring class is not allowed.
Account Console IT (chrome)	Run Account Console IT	2023-05-14T02:32:46.6746202Z May 14, 2023 2:32:46 AM org.jboss.arquillian.graphene.enricher.FieldAccessValidatorEnricher checkFieldValidity
Account Console IT (chrome)	Run Account Console IT	2023-05-14T02:32:46.6747545Z WARNING: Package-friendly field 'confirmActionButton' found in org.keycloak.testsuite.auth.page.login.DeleteAccountActionConfirmPage$$EnhancerByGraphene$$a96b4be5. Direct access to fields outside of the declaring class is not allowed.
Account Console IT (chrome)	Run Account Console IT	2023-05-14T02:33:04.2132470Z May 14, 2023 2:33:04 AM org.jboss.arquillian.graphene.enricher.FieldAccessValidatorEnricher checkFieldValidity
Account Console IT (chrome)	Run Account Console IT	2023-05-14T02:33:04.2134354Z WARNING: Package-friendly field 'cancelActionButton' found in org.keycloak.testsuite.auth.page.login.DeleteAccountActionConfirmPage. Direct access to fields outside of the declaring class is not allowed.
Account Console IT (chrome)	Run Account Console IT	2023-05-14T02:33:04.2135596Z May 14, 2023 2:33:04 AM org.jboss.arquillian.graphene.enricher.FieldAccessValidatorEnricher checkFieldValidity
Account Console IT (chrome)	Run Account Console IT	2023-05-14T02:33:04.2138021Z WARNING: Package-friendly field 'confirmActionButton' found in org.keycloak.testsuite.auth.page.login.DeleteAccountActionConfirmPage. Direct access to fields outside of the declaring class is not allowed.
Account Console IT (chrome)	Run Account Console IT	2023-05-14T02:33:04.2139035Z May 14, 2023 2:33:04 AM org.jboss.arquillian.graphene.enricher.FieldAccessValidatorEnricher checkFieldValidity
Account Console IT (chrome)	Run Account Console IT	2023-05-14T02:33:04.2140310Z WARNING: Package-friendly field 'cancelActionButton' found in org.keycloak.testsuite.auth.page.login.DeleteAccountActionConfirmPage$$EnhancerByGraphene$$a96b4be5. Direct access to fields outside of the declaring class is not allowed.
Account Console IT (chrome)	Run Account Console IT	2023-05-14T02:33:04.2141522Z May 14, 2023 2:33:04 AM org.jboss.arquillian.graphene.enricher.FieldAccessValidatorEnricher checkFieldValidity
Account Console IT (chrome)	Run Account Console IT	2023-05-14T02:33:04.2142771Z WARNING: Package-friendly field 'confirmActionButton' found in org.keycloak.testsuite.auth.page.login.DeleteAccountActionConfirmPage$$EnhancerByGraphene$$a96b4be5. Direct access to fields outside of the declaring class is not allowed.
Account Console IT (chrome)	Run Account Console IT	2023-05-14T02:33:04.4130677Z May 14, 2023 2:33:04 AM org.jboss.arquillian.graphene.enricher.FieldAccessValidatorEnricher checkFieldValidity
Account Console IT (chrome)	Run Account Console IT	2023-05-14T02:33:04.4132288Z WARNING: Package-friendly field 'cancelActionButton' found in org.keycloak.testsuite.auth.page.login.DeleteAccountActionConfirmPage. Direct access to fields outside of the declaring class is not allowed.
Account Console IT (chrome)	Run Account Console IT	2023-05-14T02:33:04.4133266Z May 14, 2023 2:33:04 AM org.jboss.arquillian.graphene.enricher.FieldAccessValidatorEnricher checkFieldValidity
Account Console IT (chrome)	Run Account Console IT	2023-05-14T02:33:04.4134458Z WARNING: Package-friendly field 'confirmActionButton' found in org.keycloak.testsuite.auth.page.login.DeleteAccountActionConfirmPage. Direct access to fields outside of the declaring class is not allowed.
Account Console IT (chrome)	Run Account Console IT	2023-05-14T02:33:04.4135426Z May 14, 2023 2:33:04 AM org.jboss.arquillian.graphene.enricher.FieldAccessValidatorEnricher checkFieldValidity
Account Console IT (chrome)	Run Account Console IT	2023-05-14T02:33:04.4136674Z WARNING: Package-friendly field 'cancelActionButton' found in org.keycloak.testsuite.auth.page.login.DeleteAccountActionConfirmPage$$EnhancerByGraphene$$a96b4be5. Direct access to fields outside of the declaring class is not allowed.
Account Console IT (chrome)	Run Account Console IT	2023-05-14T02:33:04.4138396Z May 14, 2023 2:33:04 AM org.jboss.arquillian.graphene.enricher.FieldAccessValidatorEnricher checkFieldValidity
Account Console IT (chrome)	Run Account Console IT	2023-05-14T02:33:04.4139653Z WARNING: Package-friendly field 'confirmActionButton' found in org.keycloak.testsuite.auth.page.login.DeleteAccountActionConfirmPage$$EnhancerByGraphene$$a96b4be5. Direct access to fields outside of the declaring class is not allowed.
Account Console IT (chrome)	Run Account Console IT	2023-05-14T02:33:22.0424094Z May 14, 2023 2:33:22 AM org.jboss.arquillian.graphene.enricher.FieldAccessValidatorEnricher checkFieldValidity
Account Console IT (chrome)	Run Account Console IT	2023-05-14T02:33:22.0425999Z WARNING: Package-friendly field 'cancelActionButton' found in org.keycloak.testsuite.auth.page.login.DeleteAccountActionConfirmPage. Direct access to fields outside of the declaring class is not allowed.
Account Console IT (chrome)	Run Account Console IT	2023-05-14T02:33:22.0427255Z May 14, 2023 2:33:22 AM org.jboss.arquillian.graphene.enricher.FieldAccessValidatorEnricher checkFieldValidity
Account Console IT (chrome)	Run Account Console IT	2023-05-14T02:33:22.0428709Z WARNING: Package-friendly field 'confirmActionButton' found in org.keycloak.testsuite.auth.page.login.DeleteAccountActionConfirmPage. Direct access to fields outside of the declaring class is not allowed.
Account Console IT (chrome)	Run Account Console IT	2023-05-14T02:33:22.1423442Z May 14, 2023 2:33:22 AM org.jboss.arquillian.graphene.enricher.FieldAccessValidatorEnricher checkFieldValidity
Account Console IT (chrome)	Run Account Console IT	2023-05-14T02:33:22.1425406Z WARNING: Package-friendly field 'cancelActionButton' found in org.keycloak.testsuite.auth.page.login.DeleteAccountActionConfirmPage$$EnhancerByGraphene$$a96b4be5. Direct access to fields outside of the declaring class is not allowed.
Account Console IT (chrome)	Run Account Console IT	2023-05-14T02:33:22.1426856Z May 14, 2023 2:33:22 AM org.jboss.arquillian.graphene.enricher.FieldAccessValidatorEnricher checkFieldValidity
Account Console IT (chrome)	Run Account Console IT	2023-05-14T02:33:22.1428411Z WARNING: Package-friendly field 'confirmActionButton' found in org.keycloak.testsuite.auth.page.login.DeleteAccountActionConfirmPage$$EnhancerByGraphene$$a96b4be5. Direct access to fields outside of the declaring class is not allowed.
Account Console IT (chrome)	Run Account Console IT	2023-05-14T02:33:22.3426146Z May 14, 2023 2:33:22 AM org.jboss.arquillian.graphene.enricher.FieldAccessValidatorEnricher checkFieldValidity
Account Console IT (chrome)	Run Account Console IT	2023-05-14T02:33:22.3428348Z WARNING: Package-friendly field 'cancelActionButton' found in org.keycloak.testsuite.auth.page.login.DeleteAccountActionConfirmPage. Direct access to fields outside of the declaring class is not allowed.
Account Console IT (chrome)	Run Account Console IT	2023-05-14T02:33:22.3429800Z May 14, 2023 2:33:22 AM org.jboss.arquillian.graphene.enricher.FieldAccessValidatorEnricher checkFieldValidity
Account Console IT (chrome)	Run Account Console IT	2023-05-14T02:33:22.3431629Z WARNING: Package-friendly field 'confirmActionButton' found in org.keycloak.testsuite.auth.page.login.DeleteAccountActionConfirmPage. Direct access to fields outside of the declaring class is not allowed.
Account Console IT (chrome)	Run Account Console IT	2023-05-14T02:33:22.3432986Z May 14, 2023 2:33:22 AM org.jboss.arquillian.graphene.enricher.FieldAccessValidatorEnricher checkFieldValidity
Account Console IT (chrome)	Run Account Console IT	2023-05-14T02:33:22.3434686Z WARNING: Package-friendly field 'cancelActionButton' found in org.keycloak.testsuite.auth.page.login.DeleteAccountActionConfirmPage$$EnhancerByGraphene$$a96b4be5. Direct access to fields outside of the declaring class is not allowed.
Account Console IT (chrome)	Run Account Console IT	2023-05-14T02:33:22.3436250Z May 14, 2023 2:33:22 AM org.jboss.arquillian.graphene.enricher.FieldAccessValidatorEnricher checkFieldValidity
Account Console IT (chrome)	Run Account Console IT	2023-05-14T02:33:22.3437890Z WARNING: Package-friendly field 'confirmActionButton' found in org.keycloak.testsuite.auth.page.login.DeleteAccountActionConfirmPage$$EnhancerByGraphene$$a96b4be5. Direct access to fields outside of the declaring class is not allowed.
Account Console IT (chrome)	Run Account Console IT	2023-05-14T02:33:39.1717105Z May 14, 2023 2:33:39 AM org.jboss.arquillian.graphene.enricher.FieldAccessValidatorEnricher checkFieldValidity
Account Console IT (chrome)	Run Account Console IT	2023-05-14T02:33:39.1718812Z WARNING: Package-friendly field 'cancelActionButton' found in org.keycloak.testsuite.auth.page.login.DeleteAccountActionConfirmPage. Direct access to fields outside of the declaring class is not allowed.
Account Console IT (chrome)	Run Account Console IT	2023-05-14T02:33:39.1719881Z May 14, 2023 2:33:39 AM org.jboss.arquillian.graphene.enricher.FieldAccessValidatorEnricher checkFieldValidity
Account Console IT (chrome)	Run Account Console IT	2023-05-14T02:33:39.1721217Z WARNING: Package-friendly field 'confirmActionButton' found in org.keycloak.testsuite.auth.page.login.DeleteAccountActionConfirmPage. Direct access to fields outside of the declaring class is not allowed.
Account Console IT (chrome)	Run Account Console IT	2023-05-14T02:33:39.1722736Z May 14, 2023 2:33:39 AM org.jboss.arquillian.graphene.enricher.FieldAccessValidatorEnricher checkFieldValidity
Account Console IT (chrome)	Run Account Console IT	2023-05-14T02:33:39.1724082Z WARNING: Package-friendly field 'cancelActionButton' found in org.keycloak.testsuite.auth.page.login.DeleteAccountActionConfirmPage$$EnhancerByGraphene$$a96b4be5. Direct access to fields outside of the declaring class is not allowed.
Account Console IT (chrome)	Run Account Console IT	2023-05-14T02:33:39.1725429Z May 14, 2023 2:33:39 AM org.jboss.arquillian.graphene.enricher.FieldAccessValidatorEnricher checkFieldValidity
Account Console IT (chrome)	Run Account Console IT	2023-05-14T02:33:39.1726774Z WARNING: Package-friendly field 'confirmActionButton' found in org.keycloak.testsuite.auth.page.login.DeleteAccountActionConfirmPage$$EnhancerByGraphene$$a96b4be5. Direct access to fields outside of the declaring class is not allowed.
Account Console IT (chrome)	Run Account Console IT	2023-05-14T02:33:39.4716965Z May 14, 2023 2:33:39 AM org.jboss.arquillian.graphene.enricher.FieldAccessValidatorEnricher checkFieldValidity
Account Console IT (chrome)	Run Account Console IT	2023-05-14T02:33:39.4719013Z WARNING: Package-friendly field 'cancelActionButton' found in org.keycloak.testsuite.auth.page.login.DeleteAccountActionConfirmPage. Direct access to fields outside of the declaring class is not allowed.
Account Console IT (chrome)	Run Account Console IT	2023-05-14T02:33:39.4720256Z May 14, 2023 2:33:39 AM org.jboss.arquillian.graphene.enricher.FieldAccessValidatorEnricher checkFieldValidity
Account Console IT (chrome)	Run Account Console IT	2023-05-14T02:33:39.4721734Z WARNING: Package-friendly field 'confirmActionButton' found in org.keycloak.testsuite.auth.page.login.DeleteAccountActionConfirmPage. Direct access to fields outside of the declaring class is not allowed.
Account Console IT (chrome)	Run Account Console IT	2023-05-14T02:33:39.4722896Z May 14, 2023 2:33:39 AM org.jboss.arquillian.graphene.enricher.FieldAccessValidatorEnricher checkFieldValidity
Account Console IT (chrome)	Run Account Console IT	2023-05-14T02:33:39.4724253Z WARNING: Package-friendly field 'cancelActionButton' found in org.keycloak.testsuite.auth.page.login.DeleteAccountActionConfirmPage$$EnhancerByGraphene$$a96b4be5. Direct access to fields outside of the declaring class is not allowed.
Account Console IT (chrome)	Run Account Console IT	2023-05-14T02:33:39.4725393Z May 14, 2023 2:33:39 AM org.jboss.arquillian.graphene.enricher.FieldAccessValidatorEnricher checkFieldValidity
Account Console IT (chrome)	Run Account Console IT	2023-05-14T02:33:39.4726725Z WARNING: Package-friendly field 'confirmActionButton' found in org.keycloak.testsuite.auth.page.login.DeleteAccountActionConfirmPage$$EnhancerByGraphene$$a96b4be5. Direct access to fields outside of the declaring class is not allowed.
Account Console IT (chrome)	Run Account Console IT	2023-05-14T02:33:49.8901815Z May 14, 2023 2:33:49 AM org.jboss.arquillian.graphene.enricher.FieldAccessValidatorEnricher checkFieldValidity
Account Console IT (chrome)	Run Account Console IT	2023-05-14T02:33:49.8903496Z WARNING: Package-friendly field 'cancelActionButton' found in org.keycloak.testsuite.auth.page.login.DeleteAccountActionConfirmPage. Direct access to fields outside of the declaring class is not allowed.
Account Console IT (chrome)	Run Account Console IT	2023-05-14T02:33:49.8904662Z May 14, 2023 2:33:49 AM org.jboss.arquillian.graphene.enricher.FieldAccessValidatorEnricher checkFieldValidity
Account Console IT (chrome)	Run Account Console IT	2023-05-14T02:33:49.8905968Z WARNING: Package-friendly field 'confirmActionButton' found in org.keycloak.testsuite.auth.page.login.DeleteAccountActionConfirmPage. Direct access to fields outside of the declaring class is not allowed.
Account Console IT (chrome)	Run Account Console IT	2023-05-14T02:33:49.8907048Z May 14, 2023 2:33:49 AM org.jboss.arquillian.graphene.enricher.FieldAccessValidatorEnricher checkFieldValidity
Account Console IT (chrome)	Run Account Console IT	2023-05-14T02:33:49.8908394Z WARNING: Package-friendly field 'cancelActionButton' found in org.keycloak.testsuite.auth.page.login.DeleteAccountActionConfirmPage$$EnhancerByGraphene$$a96b4be5. Direct access to fields outside of the declaring class is not allowed.
Account Console IT (chrome)	Run Account Console IT	2023-05-14T02:33:49.8909514Z May 14, 2023 2:33:49 AM org.jboss.arquillian.graphene.enricher.FieldAccessValidatorEnricher checkFieldValidity
Account Console IT (chrome)	Run Account Console IT	2023-05-14T02:33:49.8910847Z WARNING: Package-friendly field 'confirmActionButton' found in org.keycloak.testsuite.auth.page.login.DeleteAccountActionConfirmPage$$EnhancerByGraphene$$a96b4be5. Direct access to fields outside of the declaring class is not allowed.
Account Console IT (chrome)	Run Account Console IT	2023-05-14T02:33:50.0901261Z May 14, 2023 2:33:50 AM org.jboss.arquillian.graphene.enricher.FieldAccessValidatorEnricher checkFieldValidity
Account Console IT (chrome)	Run Account Console IT	2023-05-14T02:33:50.0902916Z WARNING: Package-friendly field 'cancelActionButton' found in org.keycloak.testsuite.auth.page.login.DeleteAccountActionConfirmPage. Direct access to fields outside of the declaring class is not allowed.
Account Console IT (chrome)	Run Account Console IT	2023-05-14T02:33:50.0904091Z May 14, 2023 2:33:50 AM org.jboss.arquillian.graphene.enricher.FieldAccessValidatorEnricher checkFieldValidity
Account Console IT (chrome)	Run Account Console IT	2023-05-14T02:33:50.0905929Z WARNING: Package-friendly field 'confirmActionButton' found in org.keycloak.testsuite.auth.page.login.DeleteAccountActionConfirmPage. Direct access to fields outside of the declaring class is not allowed.
Account Console IT (chrome)	Run Account Console IT	2023-05-14T02:33:50.0907038Z May 14, 2023 2:33:50 AM org.jboss.arquillian.graphene.enricher.FieldAccessValidatorEnricher checkFieldValidity
Account Console IT (chrome)	Run Account Console IT	2023-05-14T02:33:50.0908408Z WARNING: Package-friendly field 'cancelActionButton' found in org.keycloak.testsuite.auth.page.login.DeleteAccountActionConfirmPage$$EnhancerByGraphene$$a96b4be5. Direct access to fields outside of the declaring class is not allowed.
Account Console IT (chrome)	Run Account Console IT	2023-05-14T02:33:50.0909537Z May 14, 2023 2:33:50 AM org.jboss.arquillian.graphene.enricher.FieldAccessValidatorEnricher checkFieldValidity
Account Console IT (chrome)	Run Account Console IT	2023-05-14T02:33:50.0910879Z WARNING: Package-friendly field 'confirmActionButton' found in org.keycloak.testsuite.auth.page.login.DeleteAccountActionConfirmPage$$EnhancerByGraphene$$a96b4be5. Direct access to fields outside of the declaring class is not allowed.
Account Console IT (chrome)	Run Account Console IT	2023-05-14T02:34:01.6594734Z [INFO] Tests run: 6, Failures: 0, Errors: 0, Skipped: 0, Time elapsed: 90.081 s - in org.keycloak.testsuite.ui.account2.DeleteAccountTest
Account Console IT (chrome)	Run Account Console IT	2023-05-14T02:34:01.6647347Z [INFO] Running org.keycloak.testsuite.ui.account2.DeviceActivityTest
Account Console IT (chrome)	Run Account Console IT	2023-05-14T02:34:01.7124010Z May 14, 2023 2:34:01 AM org.openqa.selenium.remote.DesiredCapabilities chrome
Account Console IT (chrome)	Run Account Console IT	2023-05-14T02:34:01.7124971Z INFO: Using `new ChromeOptions()` is preferred to `DesiredCapabilities.chrome()`
Account Console IT (chrome)	Run Account Console IT	2023-05-14T02:34:01.7125971Z May 14, 2023 2:34:01 AM org.openqa.selenium.remote.DesiredCapabilities chrome
Account Console IT (chrome)	Run Account Console IT	2023-05-14T02:34:01.7126736Z INFO: Using `new ChromeOptions()` is preferred to `DesiredCapabilities.chrome()`
Account Console IT (chrome)	Run Account Console IT	2023-05-14T02:34:01.8140829Z Starting ChromeDriver 113.0.5672.63 (0e1a4471d5ae5bf128b1bd8f4d627c8cbd55f70c-refs/branch-heads/5672@{#912}) on port 13228
Account Console IT (chrome)	Run Account Console IT	2023-05-14T02:34:01.8141738Z Only local connections are allowed.
Account Console IT (chrome)	Run Account Console IT	2023-05-14T02:34:01.8142942Z Please see https://chromedriver.chromium.org/security-considerations for suggestions on keeping ChromeDriver safe.
Account Console IT (chrome)	Run Account Console IT	2023-05-14T02:34:01.8143665Z ChromeDriver was started successfully.
Account Console IT (chrome)	Run Account Console IT	2023-05-14T02:34:02.1163092Z May 14, 2023 2:34:02 AM org.openqa.selenium.remote.ProtocolHandshake createSession
Account Console IT (chrome)	Run Account Console IT	2023-05-14T02:34:02.1166210Z INFO: Detected dialect: W3C
Account Console IT (chrome)	Run Account Console IT	2023-05-14T02:36:33.4221489Z [INFO] Tests run: 8, Failures: 0, Errors: 0, Skipped: 0, Time elapsed: 151.726 s - in org.keycloak.testsuite.ui.account2.DeviceActivityTest
Account Console IT (chrome)	Run Account Console IT	2023-05-14T02:36:33.4222476Z [INFO] Running org.keycloak.testsuite.ui.account2.InternationalizationTest
Account Console IT (chrome)	Run Account Console IT	2023-05-14T02:36:33.5814858Z May 14, 2023 2:36:33 AM org.openqa.selenium.remote.DesiredCapabilities chrome
Account Console IT (chrome)	Run Account Console IT	2023-05-14T02:36:33.5815828Z INFO: Using `new ChromeOptions()` is preferred to `DesiredCapabilities.chrome()`
Account Console IT (chrome)	Run Account Console IT	2023-05-14T02:36:33.5816481Z May 14, 2023 2:36:33 AM org.openqa.selenium.remote.DesiredCapabilities chrome
Account Console IT (chrome)	Run Account Console IT	2023-05-14T02:36:33.5817111Z INFO: Using `new ChromeOptions()` is preferred to `DesiredCapabilities.chrome()`
Account Console IT (chrome)	Run Account Console IT	2023-05-14T02:36:33.5818805Z Starting ChromeDriver 113.0.5672.63 (0e1a4471d5ae5bf128b1bd8f4d627c8cbd55f70c-refs/branch-heads/5672@{#912}) on port 30162
Account Console IT (chrome)	Run Account Console IT	2023-05-14T02:36:33.5819367Z Only local connections are allowed.
Account Console IT (chrome)	Run Account Console IT	2023-05-14T02:36:33.5820150Z Please see https://chromedriver.chromium.org/security-considerations for suggestions on keeping ChromeDriver safe.
Account Console IT (chrome)	Run Account Console IT	2023-05-14T02:36:33.5820765Z ChromeDriver was started successfully.
Account Console IT (chrome)	Run Account Console IT	2023-05-14T02:36:33.6790738Z May 14, 2023 2:36:33 AM org.openqa.selenium.remote.ProtocolHandshake createSession
Account Console IT (chrome)	Run Account Console IT	2023-05-14T02:36:33.6791749Z INFO: Detected dialect: W3C
Account Console IT (chrome)	Run Account Console IT	2023-05-14T02:36:59.0228015Z May 14, 2023 2:36:58 AM org.openqa.selenium.remote.DesiredCapabilities chrome
Account Console IT (chrome)	Run Account Console IT	2023-05-14T02:36:59.0228896Z INFO: Using `new ChromeOptions()` is preferred to `DesiredCapabilities.chrome()`
Account Console IT (chrome)	Run Account Console IT	2023-05-14T02:36:59.0229746Z May 14, 2023 2:36:58 AM org.openqa.selenium.remote.DesiredCapabilities chrome
Account Console IT (chrome)	Run Account Console IT	2023-05-14T02:36:59.0231281Z INFO: Using `new ChromeOptions()` is preferred to `DesiredCapabilities.chrome()`
Account Console IT (chrome)	Run Account Console IT	2023-05-14T02:36:59.0232438Z Starting ChromeDriver 113.0.5672.63 (0e1a4471d5ae5bf128b1bd8f4d627c8cbd55f70c-refs/branch-heads/5672@{#912}) on port 19006
Account Console IT (chrome)	Run Account Console IT	2023-05-14T02:36:59.0233208Z Only local connections are allowed.
Account Console IT (chrome)	Run Account Console IT	2023-05-14T02:36:59.0234115Z Please see https://chromedriver.chromium.org/security-considerations for suggestions on keeping ChromeDriver safe.
Account Console IT (chrome)	Run Account Console IT	2023-05-14T02:36:59.0234828Z ChromeDriver was started successfully.
Account Console IT (chrome)	Run Account Console IT	2023-05-14T02:36:59.2217559Z May 14, 2023 2:36:59 AM org.openqa.selenium.remote.ProtocolHandshake createSession
Account Console IT (chrome)	Run Account Console IT	2023-05-14T02:36:59.2218772Z INFO: Detected dialect: W3C
Account Console IT (chrome)	Run Account Console IT	2023-05-14T02:37:09.7392501Z May 14, 2023 2:37:09 AM org.openqa.selenium.remote.DesiredCapabilities chrome
Account Console IT (chrome)	Run Account Console IT	2023-05-14T02:37:09.7393491Z INFO: Using `new ChromeOptions()` is preferred to `DesiredCapabilities.chrome()`
Account Console IT (chrome)	Run Account Console IT	2023-05-14T02:37:09.7394231Z May 14, 2023 2:37:09 AM org.openqa.selenium.remote.DesiredCapabilities chrome
Account Console IT (chrome)	Run Account Console IT	2023-05-14T02:37:09.7395207Z INFO: Using `new ChromeOptions()` is preferred to `DesiredCapabilities.chrome()`
Account Console IT (chrome)	Run Account Console IT	2023-05-14T02:37:09.7396364Z Starting ChromeDriver 113.0.5672.63 (0e1a4471d5ae5bf128b1bd8f4d627c8cbd55f70c-refs/branch-heads/5672@{#912}) on port 30257
Account Console IT (chrome)	Run Account Console IT	2023-05-14T02:37:09.7433409Z Only local connections are allowed.
Account Console IT (chrome)	Run Account Console IT	2023-05-14T02:37:09.7434321Z Please see https://chromedriver.chromium.org/security-considerations for suggestions on keeping ChromeDriver safe.
Account Console IT (chrome)	Run Account Console IT	2023-05-14T02:37:09.7434853Z ChromeDriver was started successfully.
Account Console IT (chrome)	Run Account Console IT	2023-05-14T02:37:09.8379332Z May 14, 2023 2:37:09 AM org.openqa.selenium.remote.ProtocolHandshake createSession
Account Console IT (chrome)	Run Account Console IT	2023-05-14T02:37:09.8381329Z INFO: Detected dialect: W3C
Account Console IT (chrome)	Run Account Console IT	2023-05-14T02:37:19.9578348Z --------- org.keycloak.testsuite.ui.account2.InternationalizationTest output start ---------
Account Console IT (chrome)	Run Account Console IT	2023-05-14T02:37:19.9596619Z InternationalizationTest ++ 02:36:33,449 INFO  [org.keycloak.testsuite.arquillian.AppServerTestEnricher] 
Account Console IT (chrome)	Run Account Console IT	2023-05-14T02:37:19.9597356Z InternationalizationTest ++ 
Account Console IT (chrome)	Run Account Console IT	2023-05-14T02:37:19.9598060Z InternationalizationTest ++ TEST CONTEXT: org.keycloak.testsuite.ui.account2.InternationalizationTest
Account Console IT (chrome)	Run Account Console IT	2023-05-14T02:37:19.9598679Z InternationalizationTest ++ 
Account Console IT (chrome)	Run Account Console IT	2023-05-14T02:37:19.9599422Z InternationalizationTest ++ 02:36:33,450 INFO  [org.keycloak.testsuite.ui.account2.InternationalizationTest] [InternationalizationTest] loggedInPageTest() STARTED
Account Console IT (chrome)	Run Account Console IT	2023-05-14T02:37:19.9600389Z InternationalizationTest ++ 02:36:33,654 INFO  [org.keycloak.testsuite.drone.KeycloakDronePostSetup] Detected browser: chrome 113.0.5672.63
Account Console IT (chrome)	Run Account Console IT	2023-05-14T02:37:19.9601318Z InternationalizationTest ++ 02:36:33,654 INFO  [org.keycloak.testsuite.drone.KeycloakDronePostSetup] Configuring driver settings. implicitWait=2000, pageLoadTimeout=10000
Account Console IT (chrome)	Run Account Console IT	2023-05-14T02:37:19.9602264Z InternationalizationTest ++ 02:36:34,013 DEBUG [org.keycloak.testsuite.ui.account2.InternationalizationTest] loading test realms
Account Console IT (chrome)	Run Account Console IT	2023-05-14T02:37:19.9603611Z InternationalizationTest ++ 2023-05-14 02:36:34,132 WARN  [org.keycloak.theme.DefaultThemeManager] (executor-thread-248) Not found parent theme 'keycloak' of theme 'address'. Unable to load ADMIN theme 'address' due to this.
Account Console IT (chrome)	Run Account Console IT	2023-05-14T02:37:19.9604840Z InternationalizationTest ++ 2023-05-14 02:36:34,134 ERROR [org.keycloak.theme.DefaultThemeManager] (executor-thread-248) Failed to find ADMIN theme address, using built-in themes
Account Console IT (chrome)	Run Account Console IT	2023-05-14T02:37:19.9606178Z InternationalizationTest ++ 2023-05-14 02:36:34,135 WARN  [org.keycloak.theme.DefaultThemeManager] (executor-thread-248) Not found theme 'admin/keycloak' referenced as import of theme 'incorrect'. Unable to load ADMIN theme 'incorrect' due to this.
Account Console IT (chrome)	Run Account Console IT	2023-05-14T02:37:19.9607506Z InternationalizationTest ++ 2023-05-14 02:36:34,135 ERROR [org.keycloak.theme.DefaultThemeManager] (executor-thread-248) Failed to find ADMIN theme incorrect, using built-in themes
Account Console IT (chrome)	Run Account Console IT	2023-05-14T02:37:19.9608823Z InternationalizationTest ++ 02:36:34,167 INFO  [org.keycloak.testsuite.ui.account2.InternationalizationTest] importing test realms
Account Console IT (chrome)	Run Account Console IT	2023-05-14T02:37:19.9609877Z InternationalizationTest ++ 02:36:34,167 DEBUG [org.keycloak.testsuite.ui.account2.InternationalizationTest] --importing realm: test
Account Console IT (chrome)	Run Account Console IT	2023-05-14T02:37:19.9610877Z InternationalizationTest ++ 02:36:35,042 INFO  [org.keycloak.testsuite.util.URLUtils] starting navigation
Account Console IT (chrome)	Run Account Console IT	2023-05-14T02:37:19.9611582Z InternationalizationTest ++ 02:36:35,047 INFO  [org.keycloak.testsuite.util.URLUtils] current URL:  data:,
Account Console IT (chrome)	Run Account Console IT	2023-05-14T02:37:19.9612636Z InternationalizationTest ++ 02:36:35,047 INFO  [org.keycloak.testsuite.util.URLUtils] navigating to https://localhost:8543/auth/realms/test/super-random-page
Account Console IT (chrome)	Run Account Console IT	2023-05-14T02:37:19.9613723Z InternationalizationTest ++ 02:36:35,798 INFO  [org.keycloak.testsuite.util.URLUtils] new current URL:  https://localhost:8543/auth/realms/test/super-random-page
Account Console IT (chrome)	Run Account Console IT	2023-05-14T02:37:19.9614529Z InternationalizationTest ++ 02:36:35,799 INFO  [org.keycloak.testsuite.util.URLUtils] navigation complete
Account Console IT (chrome)	Run Account Console IT	2023-05-14T02:37:19.9615503Z InternationalizationTest ++ 02:36:35,799 INFO  [org.keycloak.testsuite.ui.account2.InternationalizationTest] deleting cookies in 'test' realm
Account Console IT (chrome)	Run Account Console IT	2023-05-14T02:37:19.9616398Z InternationalizationTest ++ 02:36:35,825 DEBUG [org.keycloak.testsuite.ui.account2.InternationalizationTest] creating test user
Account Console IT (chrome)	Run Account Console IT	2023-05-14T02:37:19.9617482Z InternationalizationTest ++ 02:36:35,913 INFO  [org.keycloak.testsuite.util.URLUtils] starting navigation
Account Console IT (chrome)	Run Account Console IT	2023-05-14T02:37:19.9618491Z InternationalizationTest ++ 02:36:35,917 INFO  [org.keycloak.testsuite.util.URLUtils] current URL:  https://localhost:8543/auth/realms/test/super-random-page
Account Console IT (chrome)	Run Account Console IT	2023-05-14T02:37:19.9619504Z InternationalizationTest ++ 02:36:35,917 INFO  [org.keycloak.testsuite.util.URLUtils] navigating to https://localhost:8543/auth/realms/test/account/
Account Console IT (chrome)	Run Account Console IT	2023-05-14T02:37:19.9622423Z InternationalizationTest ++ 02:36:37,117 INFO  [org.keycloak.testsuite.util.WaitUtils] Wait: 2000ms
Account Console IT (chrome)	Run Account Console IT	2023-05-14T02:37:19.9623124Z InternationalizationTest ++ 02:36:39,124 INFO  [org.keycloak.testsuite.util.URLUtils] new current URL:  https://localhost:8543/auth/realms/test/account/#/
Account Console IT (chrome)	Run Account Console IT	2023-05-14T02:37:19.9623823Z InternationalizationTest ++ 02:36:39,124 INFO  [org.keycloak.testsuite.util.URLUtils] navigation complete
Account Console IT (chrome)	Run Account Console IT	2023-05-14T02:37:19.9624439Z InternationalizationTest ++ 02:36:39,139 INFO  [org.keycloak.testsuite.util.URLUtils] starting navigation
Account Console IT (chrome)	Run Account Console IT	2023-05-14T02:37:19.9625122Z InternationalizationTest ++ 02:36:39,156 INFO  [org.keycloak.testsuite.util.URLUtils] current URL:  https://localhost:8543/auth/realms/test/account/#/
Account Console IT (chrome)	Run Account Console IT	2023-05-14T02:37:19.9626108Z InternationalizationTest ++ 02:36:39,156 INFO  [org.keycloak.testsuite.util.URLUtils] navigating to https://localhost:8543/auth/realms/test/account/#/personal-info
Account Console IT (chrome)	Run Account Console IT	2023-05-14T02:37:19.9628142Z InternationalizationTest ++ 02:36:39,801 INFO  [org.keycloak.testsuite.util.URLUtils] new current URL:  https://localhost:8543/auth/realms/test/protocol/openid-connect/auth?client_id=account-console&redirect_uri=https%3A%2F%2Flocalhost%3A8543%2Fauth%2Frealms%2Ftest%2Faccount%2F%23%2Fpersonal-info&state=5b0689d2-6584-4023-9cf9-5a2adf53c036&response_mode=fragment&response_type=code&scope=openid&nonce=f8bdf907-16fe-464a-9bc8-190f0abba937&code_challenge=WuBqqArM_gfVFLpWsyEP5vVss4fjVEqBFXzZupQTJu0&code_challenge_method=S256
Account Console IT (chrome)	Run Account Console IT	2023-05-14T02:37:19.9629459Z InternationalizationTest ++ 02:36:39,801 INFO  [org.keycloak.testsuite.util.URLUtils] navigation complete
Account Console IT (chrome)	Run Account Console IT	2023-05-14T02:37:19.9630074Z InternationalizationTest ++ 02:36:41,113 INFO  [org.keycloak.testsuite.util.WaitUtils] Wait: 2000ms
Account Console IT (chrome)	Run Account Console IT	2023-05-14T02:37:19.9630675Z InternationalizationTest ++ 02:36:44,079 INFO  [org.keycloak.testsuite.util.WaitUtils] Wait: 2000ms
Account Console IT (chrome)	Run Account Console IT	2023-05-14T02:37:19.9631283Z InternationalizationTest ++ 02:36:47,423 INFO  [org.keycloak.testsuite.util.WaitUtils] Wait: 2000ms
Account Console IT (chrome)	Run Account Console IT	2023-05-14T02:37:19.9632214Z InternationalizationTest ++ 02:36:49,487 INFO  [org.keycloak.testsuite.ui.account2.InternationalizationTest] calling all TestCleanup
Account Console IT (chrome)	Run Account Console IT	2023-05-14T02:37:19.9633077Z InternationalizationTest ++ 02:36:49,495 INFO  [org.keycloak.testsuite.ui.account2.InternationalizationTest] [InternationalizationTest] loggedInPageTest() FINISHED
Account Console IT (chrome)	Run Account Console IT	2023-05-14T02:37:19.9633839Z InternationalizationTest ++ 
Account Console IT (chrome)	Run Account Console IT	2023-05-14T02:37:19.9634187Z InternationalizationTest ++ 
Account Console IT (chrome)	Run Account Console IT	2023-05-14T02:37:19.9634815Z InternationalizationTest ++ 02:36:49,497 WARN  [org.keycloak.testsuite.ui.account2.InternationalizationTest] [InternationalizationTest] loginFormTest() IGNORED
Account Console IT (chrome)	Run Account Console IT	2023-05-14T02:37:19.9635473Z InternationalizationTest ++ 
Account Console IT (chrome)	Run Account Console IT	2023-05-14T02:37:19.9636159Z InternationalizationTest ++ 
Account Console IT (chrome)	Run Account Console IT	2023-05-14T02:37:19.9636798Z InternationalizationTest ++ 02:36:49,497 INFO  [org.keycloak.testsuite.ui.account2.InternationalizationTest] [InternationalizationTest] userAttributeTest() STARTED
Account Console IT (chrome)	Run Account Console IT	2023-05-14T02:37:19.9637576Z InternationalizationTest ++ 02:36:49,699 INFO  [org.keycloak.testsuite.util.URLUtils] starting navigation
Account Console IT (chrome)	Run Account Console IT	2023-05-14T02:37:19.9638285Z InternationalizationTest ++ 02:36:49,704 INFO  [org.keycloak.testsuite.util.URLUtils] current URL:  https://localhost:8543/auth/realms/test/account/#/
Account Console IT (chrome)	Run Account Console IT	2023-05-14T02:37:19.9639264Z InternationalizationTest ++ 02:36:49,705 INFO  [org.keycloak.testsuite.util.URLUtils] navigating to https://localhost:8543/auth/realms/test/super-random-page
Account Console IT (chrome)	Run Account Console IT	2023-05-14T02:37:19.9640245Z InternationalizationTest ++ 02:36:50,308 INFO  [org.keycloak.testsuite.util.URLUtils] new current URL:  https://localhost:8543/auth/realms/test/super-random-page
Account Console IT (chrome)	Run Account Console IT	2023-05-14T02:37:19.9640937Z InternationalizationTest ++ 02:36:50,308 INFO  [org.keycloak.testsuite.util.URLUtils] navigation complete
Account Console IT (chrome)	Run Account Console IT	2023-05-14T02:37:19.9641823Z InternationalizationTest ++ 02:36:50,308 INFO  [org.keycloak.testsuite.ui.account2.InternationalizationTest] deleting cookies in 'test' realm
Account Console IT (chrome)	Run Account Console IT	2023-05-14T02:37:19.9642620Z InternationalizationTest ++ 02:36:50,363 DEBUG [org.keycloak.testsuite.ui.account2.InternationalizationTest] creating test user
Account Console IT (chrome)	Run Account Console IT	2023-05-14T02:37:19.9643319Z InternationalizationTest ++ 02:36:50,475 INFO  [org.keycloak.testsuite.util.URLUtils] starting navigation
Account Console IT (chrome)	Run Account Console IT	2023-05-14T02:37:19.9644218Z InternationalizationTest ++ 02:36:50,479 INFO  [org.keycloak.testsuite.util.URLUtils] current URL:  https://localhost:8543/auth/realms/test/super-random-page
Account Console IT (chrome)	Run Account Console IT	2023-05-14T02:37:19.9644996Z InternationalizationTest ++ 02:36:50,479 INFO  [org.keycloak.testsuite.util.URLUtils] navigating to https://localhost:8543/auth/realms/test/account/
Account Console IT (chrome)	Run Account Console IT	2023-05-14T02:37:19.9645668Z InternationalizationTest ++ 02:36:51,605 INFO  [org.keycloak.testsuite.util.WaitUtils] Wait: 2000ms
Account Console IT (chrome)	Run Account Console IT	2023-05-14T02:37:19.9646450Z InternationalizationTest ++ 02:36:53,611 INFO  [org.keycloak.testsuite.util.URLUtils] new current URL:  https://localhost:8543/auth/realms/test/account/#/
Account Console IT (chrome)	Run Account Console IT	2023-05-14T02:37:19.9647088Z InternationalizationTest ++ 02:36:53,611 INFO  [org.keycloak.testsuite.util.URLUtils] navigation complete
Account Console IT (chrome)	Run Account Console IT	2023-05-14T02:37:19.9647662Z InternationalizationTest ++ 02:36:53,685 INFO  [org.keycloak.testsuite.util.URLUtils] starting navigation
Account Console IT (chrome)	Run Account Console IT	2023-05-14T02:37:19.9648296Z InternationalizationTest ++ 02:36:53,690 INFO  [org.keycloak.testsuite.util.URLUtils] current URL:  https://localhost:8543/auth/realms/test/account/#/
Account Console IT (chrome)	Run Account Console IT	2023-05-14T02:37:19.9648993Z InternationalizationTest ++ 02:36:53,690 INFO  [org.keycloak.testsuite.util.URLUtils] navigating to https://localhost:8543/auth/realms/test/account/
Account Console IT (chrome)	Run Account Console IT	2023-05-14T02:37:19.9649635Z InternationalizationTest ++ 02:36:54,849 INFO  [org.keycloak.testsuite.util.WaitUtils] Wait: 2000ms
Account Console IT (chrome)	Run Account Console IT	2023-05-14T02:37:19.9650272Z InternationalizationTest ++ 02:36:56,856 INFO  [org.keycloak.testsuite.util.URLUtils] new current URL:  https://localhost:8543/auth/realms/test/account/#/
Account Console IT (chrome)	Run Account Console IT	2023-05-14T02:37:19.9651097Z InternationalizationTest ++ 02:36:56,857 INFO  [org.keycloak.testsuite.util.URLUtils] navigation complete
Account Console IT (chrome)	Run Account Console IT	2023-05-14T02:37:19.9651854Z InternationalizationTest ++ 02:36:57,650 INFO  [org.keycloak.testsuite.ui.account2.InternationalizationTest] calling all TestCleanup
Account Console IT (chrome)	Run Account Console IT	2023-05-14T02:37:19.9652982Z InternationalizationTest ++ 02:36:58,545 ERROR [org.keycloak.testsuite.ui.account2.InternationalizationTest] [InternationalizationTest] userAttributeTest() FAILED
Account Console IT (chrome)	Run Account Console IT	2023-05-14T02:37:19.9654039Z InternationalizationTest ++ 02:36:58,545 INFO  [org.keycloak.testsuite.ui.account2.InternationalizationTest] [InternationalizationTest] userAttributeTest() FINISHED
Account Console IT (chrome)	Run Account Console IT	2023-05-14T02:37:19.9654778Z InternationalizationTest ++ 
Account Console IT (chrome)	Run Account Console IT	2023-05-14T02:37:19.9655129Z InternationalizationTest ++ 
Account Console IT (chrome)	Run Account Console IT	2023-05-14T02:37:19.9655830Z InternationalizationTest ++ 02:36:58,546 WARN  [org.keycloak.testsuite.ui.account2.InternationalizationTest] [InternationalizationTest] shouldDisplayTimeUsingSelectedLocale() IGNORED
Account Console IT (chrome)	Run Account Console IT	2023-05-14T02:37:19.9656516Z InternationalizationTest ++ 
Account Console IT (chrome)	Run Account Console IT	2023-05-14T02:37:19.9656855Z InternationalizationTest ++ 
Account Console IT (chrome)	Run Account Console IT	2023-05-14T02:37:19.9657636Z InternationalizationTest ++ 02:36:58,552 INFO  [org.keycloak.testsuite.arquillian.AuthServerTestEnricher] removing test realms after test class
Account Console IT (chrome)	Run Account Console IT	2023-05-14T02:37:19.9658444Z InternationalizationTest ++ 02:36:58,861 INFO  [org.keycloak.testsuite.arquillian.AuthServerTestEnricher] removed realms: test, 
Account Console IT (chrome)	Run Account Console IT	2023-05-14T02:37:19.9659182Z InternationalizationTest ++ 02:36:58,965 INFO  [org.keycloak.testsuite.arquillian.AppServerTestEnricher] 
Account Console IT (chrome)	Run Account Console IT	2023-05-14T02:37:19.9659720Z InternationalizationTest ++ 
Account Console IT (chrome)	Run Account Console IT	2023-05-14T02:37:19.9660263Z InternationalizationTest ++ TEST CONTEXT: org.keycloak.testsuite.ui.account2.InternationalizationTest
Account Console IT (chrome)	Run Account Console IT	2023-05-14T02:37:19.9660785Z InternationalizationTest ++ 
Account Console IT (chrome)	Run Account Console IT	2023-05-14T02:37:19.9661420Z InternationalizationTest ++ 02:36:58,966 INFO  [org.keycloak.testsuite.ui.account2.InternationalizationTest] [InternationalizationTest] userAttributeTest() STARTED
Account Console IT (chrome)	Run Account Console IT	2023-05-14T02:37:19.9662254Z InternationalizationTest ++ 02:36:59,170 INFO  [org.keycloak.testsuite.drone.KeycloakDronePostSetup] Detected browser: chrome 113.0.5672.63
Account Console IT (chrome)	Run Account Console IT	2023-05-14T02:37:19.9663085Z InternationalizationTest ++ 02:36:59,170 INFO  [org.keycloak.testsuite.drone.KeycloakDronePostSetup] Configuring driver settings. implicitWait=2000, pageLoadTimeout=10000
Account Console IT (chrome)	Run Account Console IT	2023-05-14T02:37:19.9663916Z InternationalizationTest ++ 02:36:59,488 DEBUG [org.keycloak.testsuite.ui.account2.InternationalizationTest] loading test realms
Account Console IT (chrome)	Run Account Console IT	2023-05-14T02:37:19.9665056Z InternationalizationTest ++ 2023-05-14 02:36:59,554 WARN  [org.keycloak.theme.DefaultThemeManager] (executor-thread-288) Not found parent theme 'keycloak' of theme 'address'. Unable to load ADMIN theme 'address' due to this.
Account Console IT (chrome)	Run Account Console IT	2023-05-14T02:37:19.9666178Z InternationalizationTest ++ 2023-05-14 02:36:59,555 ERROR [org.keycloak.theme.DefaultThemeManager] (executor-thread-288) Failed to find ADMIN theme address, using built-in themes
Account Console IT (chrome)	Run Account Console IT	2023-05-14T02:37:19.9667374Z InternationalizationTest ++ 2023-05-14 02:36:59,555 WARN  [org.keycloak.theme.DefaultThemeManager] (executor-thread-288) Not found theme 'admin/keycloak' referenced as import of theme 'incorrect'. Unable to load ADMIN theme 'incorrect' due to this.
Account Console IT (chrome)	Run Account Console IT	2023-05-14T02:37:19.9668528Z InternationalizationTest ++ 2023-05-14 02:36:59,555 ERROR [org.keycloak.theme.DefaultThemeManager] (executor-thread-288) Failed to find ADMIN theme incorrect, using built-in themes
Account Console IT (chrome)	Run Account Console IT	2023-05-14T02:37:19.9669338Z InternationalizationTest ++ 02:36:59,597 INFO  [org.keycloak.testsuite.ui.account2.InternationalizationTest] importing test realms
Account Console IT (chrome)	Run Account Console IT	2023-05-14T02:37:19.9670294Z InternationalizationTest ++ 02:36:59,597 DEBUG [org.keycloak.testsuite.ui.account2.InternationalizationTest] --importing realm: test
Account Console IT (chrome)	Run Account Console IT	2023-05-14T02:37:19.9671001Z InternationalizationTest ++ 02:37:00,768 INFO  [org.keycloak.testsuite.util.URLUtils] starting navigation
Account Console IT (chrome)	Run Account Console IT	2023-05-14T02:37:19.9671609Z InternationalizationTest ++ 02:37:00,776 INFO  [org.keycloak.testsuite.util.URLUtils] current URL:  data:,
Account Console IT (chrome)	Run Account Console IT	2023-05-14T02:37:19.9672502Z InternationalizationTest ++ 02:37:00,776 INFO  [org.keycloak.testsuite.util.URLUtils] navigating to https://localhost:8543/auth/realms/test/super-random-page
Account Console IT (chrome)	Run Account Console IT	2023-05-14T02:37:19.9673645Z InternationalizationTest ++ 02:37:01,499 INFO  [org.keycloak.testsuite.util.URLUtils] new current URL:  https://localhost:8543/auth/realms/test/super-random-page
Account Console IT (chrome)	Run Account Console IT	2023-05-14T02:37:19.9674339Z InternationalizationTest ++ 02:37:01,499 INFO  [org.keycloak.testsuite.util.URLUtils] navigation complete
Account Console IT (chrome)	Run Account Console IT	2023-05-14T02:37:19.9675216Z InternationalizationTest ++ 02:37:01,499 INFO  [org.keycloak.testsuite.ui.account2.InternationalizationTest] deleting cookies in 'test' realm
Account Console IT (chrome)	Run Account Console IT	2023-05-14T02:37:19.9676138Z InternationalizationTest ++ 02:37:01,522 DEBUG [org.keycloak.testsuite.ui.account2.InternationalizationTest] creating test user
Account Console IT (chrome)	Run Account Console IT	2023-05-14T02:37:19.9676828Z InternationalizationTest ++ 02:37:01,615 INFO  [org.keycloak.testsuite.util.URLUtils] starting navigation
Account Console IT (chrome)	Run Account Console IT	2023-05-14T02:37:19.9677708Z InternationalizationTest ++ 02:37:01,619 INFO  [org.keycloak.testsuite.util.URLUtils] current URL:  https://localhost:8543/auth/realms/test/super-random-page
Account Console IT (chrome)	Run Account Console IT	2023-05-14T02:37:19.9678482Z InternationalizationTest ++ 02:37:01,619 INFO  [org.keycloak.testsuite.util.URLUtils] navigating to https://localhost:8543/auth/realms/test/account/
Account Console IT (chrome)	Run Account Console IT	2023-05-14T02:37:19.9679160Z InternationalizationTest ++ 02:37:02,835 INFO  [org.keycloak.testsuite.util.WaitUtils] Wait: 2000ms
Account Console IT (chrome)	Run Account Console IT	2023-05-14T02:37:19.9679851Z InternationalizationTest ++ 02:37:04,842 INFO  [org.keycloak.testsuite.util.URLUtils] new current URL:  https://localhost:8543/auth/realms/test/account/#/
Account Console IT (chrome)	Run Account Console IT	2023-05-14T02:37:19.9680541Z InternationalizationTest ++ 02:37:04,842 INFO  [org.keycloak.testsuite.util.URLUtils] navigation complete
Account Console IT (chrome)	Run Account Console IT	2023-05-14T02:37:19.9681144Z InternationalizationTest ++ 02:37:04,908 INFO  [org.keycloak.testsuite.util.URLUtils] starting navigation
Account Console IT (chrome)	Run Account Console IT	2023-05-14T02:37:19.9681827Z InternationalizationTest ++ 02:37:04,913 INFO  [org.keycloak.testsuite.util.URLUtils] current URL:  https://localhost:8543/auth/realms/test/account/#/
Account Console IT (chrome)	Run Account Console IT	2023-05-14T02:37:19.9682571Z InternationalizationTest ++ 02:37:04,913 INFO  [org.keycloak.testsuite.util.URLUtils] navigating to https://localhost:8543/auth/realms/test/account/
Account Console IT (chrome)	Run Account Console IT	2023-05-14T02:37:19.9683244Z InternationalizationTest ++ 02:37:06,045 INFO  [org.keycloak.testsuite.util.WaitUtils] Wait: 2000ms
Account Console IT (chrome)	Run Account Console IT	2023-05-14T02:37:19.9683938Z InternationalizationTest ++ 02:37:08,050 INFO  [org.keycloak.testsuite.util.URLUtils] new current URL:  https://localhost:8543/auth/realms/test/account/#/
Account Console IT (chrome)	Run Account Console IT	2023-05-14T02:37:19.9684627Z InternationalizationTest ++ 02:37:08,050 INFO  [org.keycloak.testsuite.util.URLUtils] navigation complete
Account Console IT (chrome)	Run Account Console IT	2023-05-14T02:37:19.9685339Z InternationalizationTest ++ 02:37:08,869 INFO  [org.keycloak.testsuite.ui.account2.InternationalizationTest] calling all TestCleanup
Account Console IT (chrome)	Run Account Console IT	2023-05-14T02:37:19.9686192Z InternationalizationTest ++ 02:37:09,166 ERROR [org.keycloak.testsuite.ui.account2.InternationalizationTest] [InternationalizationTest] userAttributeTest() FAILED
Account Console IT (chrome)	Run Account Console IT	2023-05-14T02:37:19.9687100Z InternationalizationTest ++ 02:37:09,166 INFO  [org.keycloak.testsuite.ui.account2.InternationalizationTest] [InternationalizationTest] userAttributeTest() FINISHED
Account Console IT (chrome)	Run Account Console IT	2023-05-14T02:37:19.9687717Z InternationalizationTest ++ 
Account Console IT (chrome)	Run Account Console IT	2023-05-14T02:37:19.9688060Z InternationalizationTest ++ 
Account Console IT (chrome)	Run Account Console IT	2023-05-14T02:37:19.9688648Z InternationalizationTest ++ 02:37:09,172 INFO  [org.keycloak.testsuite.arquillian.AuthServerTestEnricher] removing test realms after test class
Account Console IT (chrome)	Run Account Console IT	2023-05-14T02:37:19.9689436Z InternationalizationTest ++ 02:37:09,474 INFO  [org.keycloak.testsuite.arquillian.AuthServerTestEnricher] removed realms: test, 
Account Console IT (chrome)	Run Account Console IT	2023-05-14T02:37:19.9810223Z InternationalizationTest ++ 02:37:09,607 INFO  [org.keycloak.testsuite.arquillian.AppServerTestEnricher] 
Account Console IT (chrome)	Run Account Console IT	2023-05-14T02:37:19.9810996Z InternationalizationTest ++ 
Account Console IT (chrome)	Run Account Console IT	2023-05-14T02:37:19.9811559Z InternationalizationTest ++ TEST CONTEXT: org.keycloak.testsuite.ui.account2.InternationalizationTest
Account Console IT (chrome)	Run Account Console IT	2023-05-14T02:37:19.9812092Z InternationalizationTest ++ 
Account Console IT (chrome)	Run Account Console IT	2023-05-14T02:37:19.9812745Z InternationalizationTest ++ 02:37:09,608 INFO  [org.keycloak.testsuite.ui.account2.InternationalizationTest] [InternationalizationTest] userAttributeTest() STARTED
Account Console IT (chrome)	Run Account Console IT	2023-05-14T02:37:19.9813975Z InternationalizationTest ++ 02:37:09,834 INFO  [org.keycloak.testsuite.drone.KeycloakDronePostSetup] Detected browser: chrome 113.0.5672.63
Account Console IT (chrome)	Run Account Console IT	2023-05-14T02:37:19.9814815Z InternationalizationTest ++ 02:37:09,834 INFO  [org.keycloak.testsuite.drone.KeycloakDronePostSetup] Configuring driver settings. implicitWait=2000, pageLoadTimeout=10000
Account Console IT (chrome)	Run Account Console IT	2023-05-14T02:37:19.9815855Z InternationalizationTest ++ 02:37:10,167 DEBUG [org.keycloak.testsuite.ui.account2.InternationalizationTest] loading test realms
Account Console IT (chrome)	Run Account Console IT	2023-05-14T02:37:19.9817579Z InternationalizationTest ++ 2023-05-14 02:37:10,232 WARN  [org.keycloak.theme.DefaultThemeManager] (executor-thread-237) Not found parent theme 'keycloak' of theme 'address'. Unable to load ADMIN theme 'address' due to this.
Account Console IT (chrome)	Run Account Console IT	2023-05-14T02:37:19.9818708Z InternationalizationTest ++ 2023-05-14 02:37:10,233 ERROR [org.keycloak.theme.DefaultThemeManager] (executor-thread-237) Failed to find ADMIN theme address, using built-in themes
Account Console IT (chrome)	Run Account Console IT	2023-05-14T02:37:19.9819916Z InternationalizationTest ++ 2023-05-14 02:37:10,233 WARN  [org.keycloak.theme.DefaultThemeManager] (executor-thread-237) Not found theme 'admin/keycloak' referenced as import of theme 'incorrect'. Unable to load ADMIN theme 'incorrect' due to this.
Account Console IT (chrome)	Run Account Console IT	2023-05-14T02:37:19.9821108Z InternationalizationTest ++ 2023-05-14 02:37:10,234 ERROR [org.keycloak.theme.DefaultThemeManager] (executor-thread-237) Failed to find ADMIN theme incorrect, using built-in themes
Account Console IT (chrome)	Run Account Console IT	2023-05-14T02:37:19.9821937Z InternationalizationTest ++ 02:37:10,259 INFO  [org.keycloak.testsuite.ui.account2.InternationalizationTest] importing test realms
Account Console IT (chrome)	Run Account Console IT	2023-05-14T02:37:19.9822895Z InternationalizationTest ++ 02:37:10,259 DEBUG [org.keycloak.testsuite.ui.account2.InternationalizationTest] --importing realm: test
Account Console IT (chrome)	Run Account Console IT	2023-05-14T02:37:19.9823624Z InternationalizationTest ++ 02:37:11,255 INFO  [org.keycloak.testsuite.util.URLUtils] starting navigation
Account Console IT (chrome)	Run Account Console IT	2023-05-14T02:37:19.9824243Z InternationalizationTest ++ 02:37:11,260 INFO  [org.keycloak.testsuite.util.URLUtils] current URL:  data:,
Account Console IT (chrome)	Run Account Console IT	2023-05-14T02:37:19.9825156Z InternationalizationTest ++ 02:37:11,260 INFO  [org.keycloak.testsuite.util.URLUtils] navigating to https://localhost:8543/auth/realms/test/super-random-page
Account Console IT (chrome)	Run Account Console IT	2023-05-14T02:37:19.9826132Z InternationalizationTest ++ 02:37:11,970 INFO  [org.keycloak.testsuite.util.URLUtils] new current URL:  https://localhost:8543/auth/realms/test/super-random-page
Account Console IT (chrome)	Run Account Console IT	2023-05-14T02:37:19.9826831Z InternationalizationTest ++ 02:37:11,970 INFO  [org.keycloak.testsuite.util.URLUtils] navigation complete
Account Console IT (chrome)	Run Account Console IT	2023-05-14T02:37:19.9827707Z InternationalizationTest ++ 02:37:11,970 INFO  [org.keycloak.testsuite.ui.account2.InternationalizationTest] deleting cookies in 'test' realm
Account Console IT (chrome)	Run Account Console IT	2023-05-14T02:37:19.9828505Z InternationalizationTest ++ 02:37:11,992 DEBUG [org.keycloak.testsuite.ui.account2.InternationalizationTest] creating test user
Account Console IT (chrome)	Run Account Console IT	2023-05-14T02:37:19.9829195Z InternationalizationTest ++ 02:37:12,081 INFO  [org.keycloak.testsuite.util.URLUtils] starting navigation
Account Console IT (chrome)	Run Account Console IT	2023-05-14T02:37:19.9830091Z InternationalizationTest ++ 02:37:12,089 INFO  [org.keycloak.testsuite.util.URLUtils] current URL:  https://localhost:8543/auth/realms/test/super-random-page
Account Console IT (chrome)	Run Account Console IT	2023-05-14T02:37:19.9830858Z InternationalizationTest ++ 02:37:12,089 INFO  [org.keycloak.testsuite.util.URLUtils] navigating to https://localhost:8543/auth/realms/test/account/
Account Console IT (chrome)	Run Account Console IT	2023-05-14T02:37:19.9831532Z InternationalizationTest ++ 02:37:13,300 INFO  [org.keycloak.testsuite.util.WaitUtils] Wait: 2000ms
Account Console IT (chrome)	Run Account Console IT	2023-05-14T02:37:19.9832213Z InternationalizationTest ++ 02:37:15,307 INFO  [org.keycloak.testsuite.util.URLUtils] new current URL:  https://localhost:8543/auth/realms/test/account/#/
Account Console IT (chrome)	Run Account Console IT	2023-05-14T02:37:19.9832891Z InternationalizationTest ++ 02:37:15,307 INFO  [org.keycloak.testsuite.util.URLUtils] navigation complete
Account Console IT (chrome)	Run Account Console IT	2023-05-14T02:37:19.9833493Z InternationalizationTest ++ 02:37:15,368 INFO  [org.keycloak.testsuite.util.URLUtils] starting navigation
Account Console IT (chrome)	Run Account Console IT	2023-05-14T02:37:19.9834171Z InternationalizationTest ++ 02:37:15,377 INFO  [org.keycloak.testsuite.util.URLUtils] current URL:  https://localhost:8543/auth/realms/test/account/#/
Account Console IT (chrome)	Run Account Console IT	2023-05-14T02:37:19.9835241Z InternationalizationTest ++ 02:37:15,377 INFO  [org.keycloak.testsuite.util.URLUtils] navigating to https://localhost:8543/auth/realms/test/account/
Account Console IT (chrome)	Run Account Console IT	2023-05-14T02:37:19.9835927Z InternationalizationTest ++ 02:37:16,501 INFO  [org.keycloak.testsuite.util.WaitUtils] Wait: 2000ms
Account Console IT (chrome)	Run Account Console IT	2023-05-14T02:37:19.9836738Z InternationalizationTest ++ 02:37:18,507 INFO  [org.keycloak.testsuite.util.URLUtils] new current URL:  https://localhost:8543/auth/realms/test/account/#/
Account Console IT (chrome)	Run Account Console IT	2023-05-14T02:37:19.9837414Z InternationalizationTest ++ 02:37:18,507 INFO  [org.keycloak.testsuite.util.URLUtils] navigation complete
Account Console IT (chrome)	Run Account Console IT	2023-05-14T02:37:19.9838115Z InternationalizationTest ++ 02:37:19,278 INFO  [org.keycloak.testsuite.ui.account2.InternationalizationTest] calling all TestCleanup
Account Console IT (chrome)	Run Account Console IT	2023-05-14T02:37:19.9838972Z InternationalizationTest ++ 02:37:19,558 ERROR [org.keycloak.testsuite.ui.account2.InternationalizationTest] [InternationalizationTest] userAttributeTest() FAILED
Account Console IT (chrome)	Run Account Console IT	2023-05-14T02:37:19.9839893Z InternationalizationTest ++ 02:37:19,558 INFO  [org.keycloak.testsuite.ui.account2.InternationalizationTest] [InternationalizationTest] userAttributeTest() FINISHED
Account Console IT (chrome)	Run Account Console IT	2023-05-14T02:37:19.9840511Z InternationalizationTest ++ 
Account Console IT (chrome)	Run Account Console IT	2023-05-14T02:37:19.9840853Z InternationalizationTest ++ 
Account Console IT (chrome)	Run Account Console IT	2023-05-14T02:37:19.9841462Z InternationalizationTest ++ 02:37:19,567 INFO  [org.keycloak.testsuite.arquillian.AuthServerTestEnricher] removing test realms after test class
Account Console IT (chrome)	Run Account Console IT	2023-05-14T02:37:19.9842254Z InternationalizationTest ++ 02:37:19,843 INFO  [org.keycloak.testsuite.arquillian.AuthServerTestEnricher] removed realms: test, 
Account Console IT (chrome)	Run Account Console IT	2023-05-14T02:37:19.9842664Z 
Account Console IT (chrome)	Run Account Console IT	2023-05-14T02:37:19.9843119Z --------- org.keycloak.testsuite.ui.account2.InternationalizationTest output end  ---------
Account Console IT (chrome)	Run Account Console IT	2023-05-14T02:37:19.9844063Z [ERROR] Tests run: 6, Failures: 3, Errors: 0, Skipped: 2, Time elapsed: 46.501 s <<< FAILURE! - in org.keycloak.testsuite.ui.account2.InternationalizationTest
Account Console IT (chrome)	Run Account Console IT	2023-05-14T02:37:19.9845058Z -- [ERROR] org.keycloak.testsuite.ui.account2.InternationalizationTest.userAttributeTest  Time elapsed: 9.033 s  <<< FAILURE!
Account Console IT (chrome)	Run Account Console IT	2023-05-14T02:37:19.9845826Z -- org.junit.ComparisonFailure: expected:<[English]> but was:<[und]>
Account Console IT (chrome)	Run Account Console IT	2023-05-14T02:37:19.9846356Z -- 	at org.junit.Assert.assertEquals(Assert.java:117)
Account Console IT (chrome)	Run Account Console IT	2023-05-14T02:37:19.9846866Z -- 	at org.junit.Assert.assertEquals(Assert.java:146)
Account Console IT (chrome)	Run Account Console IT	2023-05-14T02:37:19.9847686Z -- 	at org.keycloak.testsuite.ui.account2.InternationalizationTest.userAttributeTest(InternationalizationTest.java:105)
Account Console IT (chrome)	Run Account Console IT	2023-05-14T02:37:19.9848586Z -- 	at java.base/jdk.internal.reflect.NativeMethodAccessorImpl.invoke0(Native Method)
Account Console IT (chrome)	Run Account Console IT	2023-05-14T02:37:19.9849406Z -- 	at java.base/jdk.internal.reflect.NativeMethodAccessorImpl.invoke(NativeMethodAccessorImpl.java:77)
Account Console IT (chrome)	Run Account Console IT	2023-05-14T02:37:19.9850310Z -- 	at java.base/jdk.internal.reflect.DelegatingMethodAccessorImpl.invoke(DelegatingMethodAccessorImpl.java:43)
Account Console IT (chrome)	Run Account Console IT	2023-05-14T02:37:19.9851027Z -- 	at java.base/java.lang.reflect.Method.invoke(Method.java:568)
Account Console IT (chrome)	Run Account Console IT	2023-05-14T02:37:19.9851690Z -- 	at org.junit.runners.model.FrameworkMethod$1.runReflectiveCall(FrameworkMethod.java:59)
Account Console IT (chrome)	Run Account Console IT	2023-05-14T02:37:19.9852446Z -- 	at org.junit.internal.runners.model.ReflectiveCallable.run(ReflectiveCallable.java:12)
Account Console IT (chrome)	Run Account Console IT	2023-05-14T02:37:19.9853237Z -- 	at org.junit.runners.model.FrameworkMethod.invokeExplosively(FrameworkMethod.java:56)
Account Console IT (chrome)	Run Account Console IT	2023-05-14T02:37:19.9853966Z -- 	at org.jboss.arquillian.junit.Arquillian$8$1.invokeMethod(Arquillian.java:325)
Account Console IT (chrome)	Run Account Console IT	2023-05-14T02:37:19.9854623Z -- 	at org.jboss.arquillian.junit.MethodInvoker$1.invoke(MethodInvoker.java:18)
Account Console IT (chrome)	Run Account Console IT	2023-05-14T02:37:19.9855473Z -- 	at org.jboss.arquillian.container.test.impl.execution.LocalTestExecuter.execute(LocalTestExecuter.java:57)
Account Console IT (chrome)	Run Account Console IT	2023-05-14T02:37:19.9856391Z -- 	at org.keycloak.testsuite.arquillian.ModelTestExecutor.execute(ModelTestExecutor.java:51)
Account Console IT (chrome)	Run Account Console IT	2023-05-14T02:37:19.9891475Z -- 	at jdk.internal.reflect.GeneratedMethodAccessor173.invoke(Unknown Source)
Account Console IT (chrome)	Run Account Console IT	2023-05-14T02:37:19.9893249Z -- 	at java.base/jdk.internal.reflect.DelegatingMethodAccessorImpl.invoke(DelegatingMethodAccessorImpl.java:43)
Account Console IT (chrome)	Run Account Console IT	2023-05-14T02:37:19.9894000Z -- 	at java.base/java.lang.reflect.Method.invoke(Method.java:568)
Account Console IT (chrome)	Run Account Console IT	2023-05-14T02:37:19.9894663Z -- 	at org.jboss.arquillian.core.impl.ObserverImpl.invoke(ObserverImpl.java:86)
Account Console IT (chrome)	Run Account Console IT	2023-05-14T02:37:19.9895477Z -- 	at org.jboss.arquillian.core.impl.EventContextImpl.invokeObservers(EventContextImpl.java:103)
Account Console IT (chrome)	Run Account Console IT	2023-05-14T02:37:19.9897654Z -- 	at org.jboss.arquillian.core.impl.EventContextImpl.proceed(EventContextImpl.java:90)
Account Console IT (chrome)	Run Account Console IT	2023-05-14T02:37:19.9898535Z -- 	at org.jboss.arquillian.core.impl.ManagerImpl.fire(ManagerImpl.java:133)
Account Console IT (chrome)	Run Account Console IT	2023-05-14T02:37:19.9899332Z -- 	at org.jboss.arquillian.core.impl.ManagerImpl.fire(ManagerImpl.java:105)
Account Console IT (chrome)	Run Account Console IT	2023-05-14T02:37:19.9900083Z -- 	at org.jboss.arquillian.core.impl.EventImpl.fire(EventImpl.java:62)
Account Console IT (chrome)	Run Account Console IT	2023-05-14T02:37:19.9901043Z -- 	at org.jboss.arquillian.container.test.impl.execution.ClientTestExecuter.execute(ClientTestExecuter.java:50)
Account Console IT (chrome)	Run Account Console IT	2023-05-14T02:37:19.9901998Z -- 	at jdk.internal.reflect.GeneratedMethodAccessor172.invoke(Unknown Source)
Account Console IT (chrome)	Run Account Console IT	2023-05-14T02:37:19.9902955Z -- 	at java.base/jdk.internal.reflect.DelegatingMethodAccessorImpl.invoke(DelegatingMethodAccessorImpl.java:43)
Account Console IT (chrome)	Run Account Console IT	2023-05-14T02:37:19.9903764Z -- 	at java.base/java.lang.reflect.Method.invoke(Method.java:568)
Account Console IT (chrome)	Run Account Console IT	2023-05-14T02:37:19.9904497Z -- 	at org.jboss.arquillian.core.impl.ObserverImpl.invoke(ObserverImpl.java:86)
Account Console IT (chrome)	Run Account Console IT	2023-05-14T02:37:19.9905411Z -- 	at org.jboss.arquillian.core.impl.EventContextImpl.invokeObservers(EventContextImpl.java:103)
Account Console IT (chrome)	Run Account Console IT	2023-05-14T02:37:19.9906325Z -- 	at org.jboss.arquillian.core.impl.EventContextImpl.proceed(EventContextImpl.java:90)
Account Console IT (chrome)	Run Account Console IT	2023-05-14T02:37:19.9907423Z -- 	at org.jboss.arquillian.container.test.impl.client.ContainerEventController.createContext(ContainerEventController.java:128)
Account Console IT (chrome)	Run Account Console IT	2023-05-14T02:37:19.9908722Z -- 	at org.jboss.arquillian.container.test.impl.client.ContainerEventController.createTestContext(ContainerEventController.java:118)
Account Console IT (chrome)	Run Account Console IT	2023-05-14T02:37:19.9909767Z -- 	at jdk.internal.reflect.GeneratedMethodAccessor171.invoke(Unknown Source)
Account Console IT (chrome)	Run Account Console IT	2023-05-14T02:37:19.9910693Z -- 	at java.base/jdk.internal.reflect.DelegatingMethodAccessorImpl.invoke(DelegatingMethodAccessorImpl.java:43)
Account Console IT (chrome)	Run Account Console IT	2023-05-14T02:37:19.9911519Z -- 	at java.base/java.lang.reflect.Method.invoke(Method.java:568)
Account Console IT (chrome)	Run Account Console IT	2023-05-14T02:37:19.9912251Z -- 	at org.jboss.arquillian.core.impl.ObserverImpl.invoke(ObserverImpl.java:86)
Account Console IT (chrome)	Run Account Console IT	2023-05-14T02:37:19.9913104Z -- 	at org.jboss.arquillian.core.impl.EventContextImpl.proceed(EventContextImpl.java:95)
Account Console IT (chrome)	Run Account Console IT	2023-05-14T02:37:19.9914061Z -- 	at org.jboss.arquillian.test.impl.TestContextHandler.createTestContext(TestContextHandler.java:116)
Account Console IT (chrome)	Run Account Console IT	2023-05-14T02:37:19.9914982Z -- 	at jdk.internal.reflect.GeneratedMethodAccessor7.invoke(Unknown Source)
Account Console IT (chrome)	Run Account Console IT	2023-05-14T02:37:19.9915910Z -- 	at java.base/jdk.internal.reflect.DelegatingMethodAccessorImpl.invoke(DelegatingMethodAccessorImpl.java:43)
Account Console IT (chrome)	Run Account Console IT	2023-05-14T02:37:19.9916719Z -- 	at java.base/java.lang.reflect.Method.invoke(Method.java:568)
Account Console IT (chrome)	Run Account Console IT	2023-05-14T02:37:19.9917477Z -- 	at org.jboss.arquillian.core.impl.ObserverImpl.invoke(ObserverImpl.java:86)
Account Console IT (chrome)	Run Account Console IT	2023-05-14T02:37:19.9918316Z -- 	at org.jboss.arquillian.core.impl.EventContextImpl.proceed(EventContextImpl.java:95)
Account Console IT (chrome)	Run Account Console IT	2023-05-14T02:37:19.9919266Z -- 	at org.jboss.arquillian.test.impl.TestContextHandler.createClassContext(TestContextHandler.java:83)
Account Console IT (chrome)	Run Account Console IT	2023-05-14T02:37:19.9920154Z -- 	at jdk.internal.reflect.GeneratedMethodAccessor6.invoke(Unknown Source)
Account Console IT (chrome)	Run Account Console IT	2023-05-14T02:37:19.9921079Z -- 	at java.base/jdk.internal.reflect.DelegatingMethodAccessorImpl.invoke(DelegatingMethodAccessorImpl.java:43)
Account Console IT (chrome)	Run Account Console IT	2023-05-14T02:37:19.9922523Z -- 	at java.base/java.lang.reflect.Method.invoke(Method.java:568)
Account Console IT (chrome)	Run Account Console IT	2023-05-14T02:37:19.9923364Z -- 	at org.jboss.arquillian.core.impl.ObserverImpl.invoke(ObserverImpl.java:86)
Account Console IT (chrome)	Run Account Console IT	2023-05-14T02:37:19.9924264Z -- 	at org.jboss.arquillian.core.impl.EventContextImpl.proceed(EventContextImpl.java:95)
Account Console IT (chrome)	Run Account Console IT	2023-05-14T02:37:19.9925218Z -- 	at org.jboss.arquillian.test.impl.TestContextHandler.createSuiteContext(TestContextHandler.java:69)
Account Console IT (chrome)	Run Account Console IT	2023-05-14T02:37:19.9926366Z -- 	at jdk.internal.reflect.GeneratedMethodAccessor5.invoke(Unknown Source)
Account Console IT (chrome)	Run Account Console IT	2023-05-14T02:37:19.9927286Z -- 	at java.base/jdk.internal.reflect.DelegatingMethodAccessorImpl.invoke(DelegatingMethodAccessorImpl.java:43)
Account Console IT (chrome)	Run Account Console IT	2023-05-14T02:37:19.9928099Z -- 	at java.base/java.lang.reflect.Method.invoke(Method.java:568)
Account Console IT (chrome)	Run Account Console IT	2023-05-14T02:37:19.9929002Z -- 	at org.jboss.arquillian.core.impl.ObserverImpl.invoke(ObserverImpl.java:86)
Account Console IT (chrome)	Run Account Console IT	2023-05-14T02:37:19.9929846Z -- 	at org.jboss.arquillian.core.impl.EventContextImpl.proceed(EventContextImpl.java:95)
Account Console IT (chrome)	Run Account Console IT	2023-05-14T02:37:19.9930675Z -- 	at org.jboss.arquillian.core.impl.ManagerImpl.fire(ManagerImpl.java:133)
Account Console IT (chrome)	Run Account Console IT	2023-05-14T02:37:19.9931547Z -- 	at org.jboss.arquillian.test.impl.EventTestRunnerAdaptor.test(EventTestRunnerAdaptor.java:139)
Account Console IT (chrome)	Run Account Console IT	2023-05-14T02:37:19.9932396Z -- 	at org.jboss.arquillian.junit.MethodInvoker.invoke(MethodInvoker.java:15)
Account Console IT (chrome)	Run Account Console IT	2023-05-14T02:37:19.9933142Z -- 	at org.jboss.arquillian.junit.Arquillian$8.evaluate(Arquillian.java:332)
Account Console IT (chrome)	Run Account Console IT	2023-05-14T02:37:19.9933868Z -- 	at org.jboss.arquillian.junit.Arquillian$4.evaluate(Arquillian.java:204)
Account Console IT (chrome)	Run Account Console IT	2023-05-14T02:37:19.9934621Z -- 	at org.jboss.arquillian.junit.Arquillian.multiExecute(Arquillian.java:350)
Account Console IT (chrome)	Run Account Console IT	2023-05-14T02:37:19.9935379Z -- 	at org.jboss.arquillian.junit.Arquillian.access$200(Arquillian.java:54)
Account Console IT (chrome)	Run Account Console IT	2023-05-14T02:37:19.9936128Z -- 	at org.jboss.arquillian.junit.Arquillian$5.evaluate(Arquillian.java:215)
Account Console IT (chrome)	Run Account Console IT	2023-05-14T02:37:19.9936840Z -- 	at org.jboss.arquillian.junit.Arquillian$7$1.invoke(Arquillian.java:279)
Account Console IT (chrome)	Run Account Console IT	2023-05-14T02:37:19.9938433Z -- 	at org.jboss.arquillian.container.test.impl.execution.ClientBeforeAfterLifecycleEventExecuter.execute(ClientBeforeAfterLifecycleEventExecuter.java:88)
Account Console IT (chrome)	Run Account Console IT	2023-05-14T02:37:19.9939965Z -- 	at org.jboss.arquillian.container.test.impl.execution.ClientBeforeAfterLifecycleEventExecuter.on(ClientBeforeAfterLifecycleEventExecuter.java:66)
Account Console IT (chrome)	Run Account Console IT	2023-05-14T02:37:19.9941066Z -- 	at jdk.internal.reflect.GeneratedMethodAccessor15.invoke(Unknown Source)
Account Console IT (chrome)	Run Account Console IT	2023-05-14T02:37:19.9942008Z -- 	at java.base/jdk.internal.reflect.DelegatingMethodAccessorImpl.invoke(DelegatingMethodAccessorImpl.java:43)
Account Console IT (chrome)	Run Account Console IT	2023-05-14T02:37:19.9942834Z -- 	at java.base/java.lang.reflect.Method.invoke(Method.java:568)
Account Console IT (chrome)	Run Account Console IT	2023-05-14T02:37:19.9943570Z -- 	at org.jboss.arquillian.core.impl.ObserverImpl.invoke(ObserverImpl.java:86)
Account Console IT (chrome)	Run Account Console IT	2023-05-14T02:37:19.9944471Z -- 	at org.jboss.arquillian.core.impl.EventContextImpl.invokeObservers(EventContextImpl.java:103)
Account Console IT (chrome)	Run Account Console IT	2023-05-14T02:37:19.9945386Z -- 	at org.jboss.arquillian.core.impl.EventContextImpl.proceed(EventContextImpl.java:90)
Account Console IT (chrome)	Run Account Console IT	2023-05-14T02:37:19.9946485Z -- 	at org.jboss.arquillian.container.test.impl.client.ContainerEventController.createContext(ContainerEventController.java:128)
Account Console IT (chrome)	Run Account Console IT	2023-05-14T02:37:19.9947797Z -- 	at org.jboss.arquillian.container.test.impl.client.ContainerEventController.createBeforeContext(ContainerEventController.java:114)
Account Console IT (chrome)	Run Account Console IT	2023-05-14T02:37:19.9948834Z -- 	at jdk.internal.reflect.GeneratedMethodAccessor12.invoke(Unknown Source)
Account Console IT (chrome)	Run Account Console IT	2023-05-14T02:37:19.9949786Z -- 	at java.base/jdk.internal.reflect.DelegatingMethodAccessorImpl.invoke(DelegatingMethodAccessorImpl.java:43)
Account Console IT (chrome)	Run Account Console IT	2023-05-14T02:37:19.9950602Z -- 	at java.base/java.lang.reflect.Method.invoke(Method.java:568)
Account Console IT (chrome)	Run Account Console IT	2023-05-14T02:37:19.9951336Z -- 	at org.jboss.arquillian.core.impl.ObserverImpl.invoke(ObserverImpl.java:86)
Account Console IT (chrome)	Run Account Console IT	2023-05-14T02:37:19.9952190Z -- 	at org.jboss.arquillian.core.impl.EventContextImpl.proceed(EventContextImpl.java:95)
Account Console IT (chrome)	Run Account Console IT	2023-05-14T02:37:19.9953144Z -- 	at org.jboss.arquillian.test.impl.TestContextHandler.createTestContext(TestContextHandler.java:116)
Account Console IT (chrome)	Run Account Console IT	2023-05-14T02:37:19.9954030Z -- 	at jdk.internal.reflect.GeneratedMethodAccessor7.invoke(Unknown Source)
Account Console IT (chrome)	Run Account Console IT	2023-05-14T02:37:19.9954964Z -- 	at java.base/jdk.internal.reflect.DelegatingMethodAccessorImpl.invoke(DelegatingMethodAccessorImpl.java:43)
Account Console IT (chrome)	Run Account Console IT	2023-05-14T02:37:19.9955791Z -- 	at java.base/java.lang.reflect.Method.invoke(Method.java:568)
Account Console IT (chrome)	Run Account Console IT	2023-05-14T02:37:19.9956527Z -- 	at org.jboss.arquillian.core.impl.ObserverImpl.invoke(ObserverImpl.java:86)
Account Console IT (chrome)	Run Account Console IT	2023-05-14T02:37:19.9957608Z -- 	at org.jboss.arquillian.core.impl.EventContextImpl.proceed(EventContextImpl.java:95)
Account Console IT (chrome)	Run Account Console IT	2023-05-14T02:37:19.9958563Z -- 	at org.jboss.arquillian.test.impl.TestContextHandler.createClassContext(TestContextHandler.java:83)
Account Console IT (chrome)	Run Account Console IT	2023-05-14T02:37:19.9959448Z -- 	at jdk.internal.reflect.GeneratedMethodAccessor6.invoke(Unknown Source)
Account Console IT (chrome)	Run Account Console IT	2023-05-14T02:37:19.9960529Z -- 	at java.base/jdk.internal.reflect.DelegatingMethodAccessorImpl.invoke(DelegatingMethodAccessorImpl.java:43)
Account Console IT (chrome)	Run Account Console IT	2023-05-14T02:37:19.9961356Z -- 	at java.base/java.lang.reflect.Method.invoke(Method.java:568)
Account Console IT (chrome)	Run Account Console IT	2023-05-14T02:37:19.9962091Z -- 	at org.jboss.arquillian.core.impl.ObserverImpl.invoke(ObserverImpl.java:86)
Account Console IT (chrome)	Run Account Console IT	2023-05-14T02:37:19.9962935Z -- 	at org.jboss.arquillian.core.impl.EventContextImpl.proceed(EventContextImpl.java:95)
Account Console IT (chrome)	Run Account Console IT	2023-05-14T02:37:19.9963888Z -- 	at org.jboss.arquillian.test.impl.TestContextHandler.createSuiteContext(TestContextHandler.java:69)
Account Console IT (chrome)	Run Account Console IT	2023-05-14T02:37:19.9964774Z -- 	at jdk.internal.reflect.GeneratedMethodAccessor5.invoke(Unknown Source)
Account Console IT (chrome)	Run Account Console IT	2023-05-14T02:37:19.9965702Z -- 	at java.base/jdk.internal.reflect.DelegatingMethodAccessorImpl.invoke(DelegatingMethodAccessorImpl.java:43)
Account Console IT (chrome)	Run Account Console IT	2023-05-14T02:37:19.9966508Z -- 	at java.base/java.lang.reflect.Method.invoke(Method.java:568)
Account Console IT (chrome)	Run Account Console IT	2023-05-14T02:37:19.9967257Z -- 	at org.jboss.arquillian.core.impl.ObserverImpl.invoke(ObserverImpl.java:86)
Account Console IT (chrome)	Run Account Console IT	2023-05-14T02:37:19.9968102Z -- 	at org.jboss.arquillian.core.impl.EventContextImpl.proceed(EventContextImpl.java:95)
Account Console IT (chrome)	Run Account Console IT	2023-05-14T02:37:19.9968916Z -- 	at org.jboss.arquillian.core.impl.ManagerImpl.fire(ManagerImpl.java:133)
Account Console IT (chrome)	Run Account Console IT	2023-05-14T02:37:19.9969685Z -- 	at org.jboss.arquillian.core.impl.ManagerImpl.fire(ManagerImpl.java:105)
Account Console IT (chrome)	Run Account Console IT	2023-05-14T02:37:19.9970641Z -- 	at org.jboss.arquillian.test.impl.EventTestRunnerAdaptor.fireCustomLifecycle(EventTestRunnerAdaptor.java:159)
Account Console IT (chrome)	Run Account Console IT	2023-05-14T02:37:19.9971759Z -- 	at org.jboss.arquillian.junit.Arquillian$7.evaluate(Arquillian.java:273)
Account Console IT (chrome)	Run Account Console IT	2023-05-14T02:37:19.9972555Z -- 	at org.junit.runners.BlockJUnit4ClassRunner$1.evaluate(BlockJUnit4ClassRunner.java:100)
Account Console IT (chrome)	Run Account Console IT	2023-05-14T02:37:19.9973327Z -- 	at org.junit.runners.ParentRunner.runLeaf(ParentRunner.java:366)
Account Console IT (chrome)	Run Account Console IT	2023-05-14T02:37:19.9974165Z -- 	at org.junit.runners.BlockJUnit4ClassRunner.runChild(BlockJUnit4ClassRunner.java:103)
Account Console IT (chrome)	Run Account Console IT	2023-05-14T02:37:19.9975020Z -- 	at org.junit.runners.BlockJUnit4ClassRunner.runChild(BlockJUnit4ClassRunner.java:63)
Account Console IT (chrome)	Run Account Console IT	2023-05-14T02:37:19.9975783Z -- 	at org.junit.runners.ParentRunner$4.run(ParentRunner.java:331)
Account Console IT (chrome)	Run Account Console IT	2023-05-14T02:37:19.9976463Z -- 	at org.junit.runners.ParentRunner$1.schedule(ParentRunner.java:79)
Account Console IT (chrome)	Run Account Console IT	2023-05-14T02:37:19.9977288Z -- 	at org.junit.runners.ParentRunner.runChildren(ParentRunner.java:329)
Account Console IT (chrome)	Run Account Console IT	2023-05-14T02:37:19.9978018Z -- 	at org.junit.runners.ParentRunner.access$100(ParentRunner.java:66)
Account Console IT (chrome)	Run Account Console IT	2023-05-14T02:37:19.9978721Z -- 	at org.junit.runners.ParentRunner$2.evaluate(ParentRunner.java:293)
Account Console IT (chrome)	Run Account Console IT	2023-05-14T02:37:19.9979427Z -- 	at org.jboss.arquillian.junit.Arquillian$2.evaluate(Arquillian.java:166)
Account Console IT (chrome)	Run Account Console IT	2023-05-14T02:37:19.9980196Z -- 	at org.jboss.arquillian.junit.Arquillian.multiExecute(Arquillian.java:350)
Account Console IT (chrome)	Run Account Console IT	2023-05-14T02:37:19.9980950Z -- 	at org.jboss.arquillian.junit.Arquillian.access$200(Arquillian.java:54)
Account Console IT (chrome)	Run Account Console IT	2023-05-14T02:37:19.9981673Z -- 	at org.jboss.arquillian.junit.Arquillian$3.evaluate(Arquillian.java:177)
Account Console IT (chrome)	Run Account Console IT	2023-05-14T02:37:19.9982387Z -- 	at org.junit.rules.ExternalResource$1.evaluate(ExternalResource.java:54)
Account Console IT (chrome)	Run Account Console IT	2023-05-14T02:37:19.9983059Z -- 	at org.junit.rules.RunRules.evaluate(RunRules.java:20)
Account Console IT (chrome)	Run Account Console IT	2023-05-14T02:37:19.9983747Z -- 	at org.junit.runners.ParentRunner$3.evaluate(ParentRunner.java:306)
Account Console IT (chrome)	Run Account Console IT	2023-05-14T02:37:19.9984420Z -- 	at org.junit.runners.ParentRunner.run(ParentRunner.java:413)
Account Console IT (chrome)	Run Account Console IT	2023-05-14T02:37:19.9985118Z -- 	at org.jboss.arquillian.junit.Arquillian.run(Arquillian.java:115)
Account Console IT (chrome)	Run Account Console IT	2023-05-14T02:37:19.9985908Z -- 	at org.apache.maven.surefire.junit4.JUnit4Provider.execute(JUnit4Provider.java:377)
Account Console IT (chrome)	Run Account Console IT	2023-05-14T02:37:19.9986818Z -- 	at org.apache.maven.surefire.junit4.JUnit4Provider.executeWithRerun(JUnit4Provider.java:284)
Account Console IT (chrome)	Run Account Console IT	2023-05-14T02:37:19.9987947Z -- 	at org.apache.maven.surefire.junit4.JUnit4Provider.executeTestSet(JUnit4Provider.java:248)
Account Console IT (chrome)	Run Account Console IT	2023-05-14T02:37:19.9988820Z -- 	at org.apache.maven.surefire.junit4.JUnit4Provider.invoke(JUnit4Provider.java:167)
Account Console IT (chrome)	Run Account Console IT	2023-05-14T02:37:19.9989734Z -- 	at org.apache.maven.surefire.booter.ForkedBooter.runSuitesInProcess(ForkedBooter.java:456)
Account Console IT (chrome)	Run Account Console IT	2023-05-14T02:37:19.9990777Z -- 	at org.apache.maven.surefire.booter.ForkedBooter.execute(ForkedBooter.java:169)
Account Console IT (chrome)	Run Account Console IT	2023-05-14T02:37:19.9991594Z -- 	at org.apache.maven.surefire.booter.ForkedBooter.run(ForkedBooter.java:595)
Account Console IT (chrome)	Run Account Console IT	2023-05-14T02:37:19.9992391Z -- 	at org.apache.maven.surefire.booter.ForkedBooter.main(ForkedBooter.java:581)
Account Console IT (chrome)	Run Account Console IT	2023-05-14T02:37:19.9992917Z -- 
Account Console IT (chrome)	Run Account Console IT	2023-05-14T02:37:19.9993723Z -- [ERROR] org.keycloak.testsuite.ui.account2.InternationalizationTest.userAttributeTest  Time elapsed: 10.18 s  <<< FAILURE!
Account Console IT (chrome)	Run Account Console IT	2023-05-14T02:37:19.9994580Z -- org.junit.ComparisonFailure: expected:<[English]> but was:<[und]>
Account Console IT (chrome)	Run Account Console IT	2023-05-14T02:37:19.9995196Z -- 	at org.junit.Assert.assertEquals(Assert.java:117)
Account Console IT (chrome)	Run Account Console IT	2023-05-14T02:37:19.9998792Z -- 	at org.junit.Assert.assertEquals(Assert.java:146)
Account Console IT (chrome)	Run Account Console IT	2023-05-14T02:37:19.9999631Z -- 	at org.keycloak.testsuite.ui.account2.InternationalizationTest.userAttributeTest(InternationalizationTest.java:105)
Account Console IT (chrome)	Run Account Console IT	2023-05-14T02:37:20.0000529Z -- 	at java.base/jdk.internal.reflect.NativeMethodAccessorImpl.invoke0(Native Method)
Account Console IT (chrome)	Run Account Console IT	2023-05-14T02:37:20.0001358Z -- 	at java.base/jdk.internal.reflect.NativeMethodAccessorImpl.invoke(NativeMethodAccessorImpl.java:77)
Account Console IT (chrome)	Run Account Console IT	2023-05-14T02:37:20.0002266Z -- 	at java.base/jdk.internal.reflect.DelegatingMethodAccessorImpl.invoke(DelegatingMethodAccessorImpl.java:43)
Account Console IT (chrome)	Run Account Console IT	2023-05-14T02:37:20.0002988Z -- 	at java.base/java.lang.reflect.Method.invoke(Method.java:568)
Account Console IT (chrome)	Run Account Console IT	2023-05-14T02:37:20.0003657Z -- 	at org.junit.runners.model.FrameworkMethod$1.runReflectiveCall(FrameworkMethod.java:59)
Account Console IT (chrome)	Run Account Console IT	2023-05-14T02:37:20.0004420Z -- 	at org.junit.internal.runners.model.ReflectiveCallable.run(ReflectiveCallable.java:12)
Account Console IT (chrome)	Run Account Console IT	2023-05-14T02:37:20.0005224Z -- 	at org.junit.runners.model.FrameworkMethod.invokeExplosively(FrameworkMethod.java:56)
Account Console IT (chrome)	Run Account Console IT	2023-05-14T02:37:20.0005983Z -- 	at org.jboss.arquillian.junit.Arquillian$8$1.invokeMethod(Arquillian.java:325)
Account Console IT (chrome)	Run Account Console IT	2023-05-14T02:37:20.0006770Z -- 	at org.jboss.arquillian.junit.MethodInvoker$1.invoke(MethodInvoker.java:18)
Account Console IT (chrome)	Run Account Console IT	2023-05-14T02:37:20.0007709Z -- 	at org.jboss.arquillian.container.test.impl.execution.LocalTestExecuter.execute(LocalTestExecuter.java:57)
Account Console IT (chrome)	Run Account Console IT	2023-05-14T02:37:20.0009936Z -- 	at org.keycloak.testsuite.arquillian.ModelTestExecutor.execute(ModelTestExecutor.java:51)
Account Console IT (chrome)	Run Account Console IT	2023-05-14T02:37:20.0010710Z -- 	at jdk.internal.reflect.GeneratedMethodAccessor173.invoke(Unknown Source)
Account Console IT (chrome)	Run Account Console IT	2023-05-14T02:37:20.0011558Z -- 	at java.base/jdk.internal.reflect.DelegatingMethodAccessorImpl.invoke(DelegatingMethodAccessorImpl.java:43)
Account Console IT (chrome)	Run Account Console IT	2023-05-14T02:37:20.0012379Z -- 	at java.base/java.lang.reflect.Method.invoke(Method.java:568)
Account Console IT (chrome)	Run Account Console IT	2023-05-14T02:37:20.0013122Z -- 	at org.jboss.arquillian.core.impl.ObserverImpl.invoke(ObserverImpl.java:86)
Account Console IT (chrome)	Run Account Console IT	2023-05-14T02:37:20.0014047Z -- 	at org.jboss.arquillian.core.impl.EventContextImpl.invokeObservers(EventContextImpl.java:103)
Account Console IT (chrome)	Run Account Console IT	2023-05-14T02:37:20.0014964Z -- 	at org.jboss.arquillian.core.impl.EventContextImpl.proceed(EventContextImpl.java:90)
Account Console IT (chrome)	Run Account Console IT	2023-05-14T02:37:20.0015781Z -- 	at org.jboss.arquillian.core.impl.ManagerImpl.fire(ManagerImpl.java:133)
Account Console IT (chrome)	Run Account Console IT	2023-05-14T02:37:20.0016567Z -- 	at org.jboss.arquillian.core.impl.ManagerImpl.fire(ManagerImpl.java:105)
Account Console IT (chrome)	Run Account Console IT	2023-05-14T02:37:20.0017587Z -- 	at org.jboss.arquillian.core.impl.EventImpl.fire(EventImpl.java:62)
Account Console IT (chrome)	Run Account Console IT	2023-05-14T02:37:20.0018557Z -- 	at org.jboss.arquillian.container.test.impl.execution.ClientTestExecuter.execute(ClientTestExecuter.java:50)
Account Console IT (chrome)	Run Account Console IT	2023-05-14T02:37:20.0019504Z -- 	at jdk.internal.reflect.GeneratedMethodAccessor172.invoke(Unknown Source)
Account Console IT (chrome)	Run Account Console IT	2023-05-14T02:37:20.0020451Z -- 	at java.base/jdk.internal.reflect.DelegatingMethodAccessorImpl.invoke(DelegatingMethodAccessorImpl.java:43)
Account Console IT (chrome)	Run Account Console IT	2023-05-14T02:37:20.0021265Z -- 	at java.base/java.lang.reflect.Method.invoke(Method.java:568)
Account Console IT (chrome)	Run Account Console IT	2023-05-14T02:37:20.0022241Z -- 	at org.jboss.arquillian.core.impl.ObserverImpl.invoke(ObserverImpl.java:86)
Account Console IT (chrome)	Run Account Console IT	2023-05-14T02:37:20.0023131Z -- 	at org.jboss.arquillian.core.impl.EventContextImpl.invokeObservers(EventContextImpl.java:103)
Account Console IT (chrome)	Run Account Console IT	2023-05-14T02:37:20.0024077Z -- 	at org.jboss.arquillian.core.impl.EventContextImpl.proceed(EventContextImpl.java:90)
Account Console IT (chrome)	Run Account Console IT	2023-05-14T02:37:20.0025357Z -- 	at org.jboss.arquillian.container.test.impl.client.ContainerEventController.createContext(ContainerEventController.java:128)
Account Console IT (chrome)	Run Account Console IT	2023-05-14T02:37:20.0026676Z -- 	at org.jboss.arquillian.container.test.impl.client.ContainerEventController.createTestContext(ContainerEventController.java:118)
Account Console IT (chrome)	Run Account Console IT	2023-05-14T02:37:20.0027716Z -- 	at jdk.internal.reflect.GeneratedMethodAccessor171.invoke(Unknown Source)
Account Console IT (chrome)	Run Account Console IT	2023-05-14T02:37:20.0028652Z -- 	at java.base/jdk.internal.reflect.DelegatingMethodAccessorImpl.invoke(DelegatingMethodAccessorImpl.java:43)
Account Console IT (chrome)	Run Account Console IT	2023-05-14T02:37:20.0029461Z -- 	at java.base/java.lang.reflect.Method.invoke(Method.java:568)
Account Console IT (chrome)	Run Account Console IT	2023-05-14T02:37:20.0030204Z -- 	at org.jboss.arquillian.core.impl.ObserverImpl.invoke(ObserverImpl.java:86)
Account Console IT (chrome)	Run Account Console IT	2023-05-14T02:37:20.0031048Z -- 	at org.jboss.arquillian.core.impl.EventContextImpl.proceed(EventContextImpl.java:95)
Account Console IT (chrome)	Run Account Console IT	2023-05-14T02:37:20.0032011Z -- 	at org.jboss.arquillian.test.impl.TestContextHandler.createTestContext(TestContextHandler.java:116)
Account Console IT (chrome)	Run Account Console IT	2023-05-14T02:37:20.0032922Z -- 	at jdk.internal.reflect.GeneratedMethodAccessor7.invoke(Unknown Source)
Account Console IT (chrome)	Run Account Console IT	2023-05-14T02:37:20.0033841Z -- 	at java.base/jdk.internal.reflect.DelegatingMethodAccessorImpl.invoke(DelegatingMethodAccessorImpl.java:43)
Account Console IT (chrome)	Run Account Console IT	2023-05-14T02:37:20.0034650Z -- 	at java.base/java.lang.reflect.Method.invoke(Method.java:568)
Account Console IT (chrome)	Run Account Console IT	2023-05-14T02:37:20.0035385Z -- 	at org.jboss.arquillian.core.impl.ObserverImpl.invoke(ObserverImpl.java:86)
Account Console IT (chrome)	Run Account Console IT	2023-05-14T02:37:20.0036226Z -- 	at org.jboss.arquillian.core.impl.EventContextImpl.proceed(EventContextImpl.java:95)
Account Console IT (chrome)	Run Account Console IT	2023-05-14T02:37:20.0037180Z -- 	at org.jboss.arquillian.test.impl.TestContextHandler.createClassContext(TestContextHandler.java:83)
Account Console IT (chrome)	Run Account Console IT	2023-05-14T02:37:20.0038077Z -- 	at jdk.internal.reflect.GeneratedMethodAccessor6.invoke(Unknown Source)
Account Console IT (chrome)	Run Account Console IT	2023-05-14T02:37:20.0039027Z -- 	at java.base/jdk.internal.reflect.DelegatingMethodAccessorImpl.invoke(DelegatingMethodAccessorImpl.java:43)
Account Console IT (chrome)	Run Account Console IT	2023-05-14T02:37:20.0039841Z -- 	at java.base/java.lang.reflect.Method.invoke(Method.java:568)
Account Console IT (chrome)	Run Account Console IT	2023-05-14T02:37:20.0040590Z -- 	at org.jboss.arquillian.core.impl.ObserverImpl.invoke(ObserverImpl.java:86)
Account Console IT (chrome)	Run Account Console IT	2023-05-14T02:37:20.0041434Z -- 	at org.jboss.arquillian.core.impl.EventContextImpl.proceed(EventContextImpl.java:95)
Account Console IT (chrome)	Run Account Console IT	2023-05-14T02:37:20.0042386Z -- 	at org.jboss.arquillian.test.impl.TestContextHandler.createSuiteContext(TestContextHandler.java:69)
Account Console IT (chrome)	Run Account Console IT	2023-05-14T02:37:20.0043320Z -- 	at jdk.internal.reflect.GeneratedMethodAccessor5.invoke(Unknown Source)
Account Console IT (chrome)	Run Account Console IT	2023-05-14T02:37:20.0044251Z -- 	at java.base/jdk.internal.reflect.DelegatingMethodAccessorImpl.invoke(DelegatingMethodAccessorImpl.java:43)
Account Console IT (chrome)	Run Account Console IT	2023-05-14T02:37:20.0045090Z -- 	at java.base/java.lang.reflect.Method.invoke(Method.java:568)
Account Console IT (chrome)	Run Account Console IT	2023-05-14T02:37:20.0045821Z -- 	at org.jboss.arquillian.core.impl.ObserverImpl.invoke(ObserverImpl.java:86)
Account Console IT (chrome)	Run Account Console IT	2023-05-14T02:37:20.0046664Z -- 	at org.jboss.arquillian.core.impl.EventContextImpl.proceed(EventContextImpl.java:95)
Account Console IT (chrome)	Run Account Console IT	2023-05-14T02:37:20.0047486Z -- 	at org.jboss.arquillian.core.impl.ManagerImpl.fire(ManagerImpl.java:133)
Account Console IT (chrome)	Run Account Console IT	2023-05-14T02:37:20.0048404Z -- 	at org.jboss.arquillian.test.impl.EventTestRunnerAdaptor.test(EventTestRunnerAdaptor.java:139)
Account Console IT (chrome)	Run Account Console IT	2023-05-14T02:37:20.0049278Z -- 	at org.jboss.arquillian.junit.MethodInvoker.invoke(MethodInvoker.java:15)
Account Console IT (chrome)	Run Account Console IT	2023-05-14T02:37:20.0050055Z -- 	at org.jboss.arquillian.junit.Arquillian$8.evaluate(Arquillian.java:332)
Account Console IT (chrome)	Run Account Console IT	2023-05-14T02:37:20.0050781Z -- 	at org.jboss.arquillian.junit.Arquillian$4.evaluate(Arquillian.java:204)
Account Console IT (chrome)	Run Account Console IT	2023-05-14T02:37:20.0051544Z -- 	at org.jboss.arquillian.junit.Arquillian.multiExecute(Arquillian.java:350)
Account Console IT (chrome)	Run Account Console IT	2023-05-14T02:37:20.0052467Z -- 	at org.jboss.arquillian.junit.Arquillian.access$200(Arquillian.java:54)
Account Console IT (chrome)	Run Account Console IT	2023-05-14T02:37:20.0053208Z -- 	at org.jboss.arquillian.junit.Arquillian$5.evaluate(Arquillian.java:215)
Account Console IT (chrome)	Run Account Console IT	2023-05-14T02:37:20.0053922Z -- 	at org.jboss.arquillian.junit.Arquillian$7$1.invoke(Arquillian.java:279)
Account Console IT (chrome)	Run Account Console IT	2023-05-14T02:37:20.0055096Z -- 	at org.jboss.arquillian.container.test.impl.execution.ClientBeforeAfterLifecycleEventExecuter.execute(ClientBeforeAfterLifecycleEventExecuter.java:88)
Account Console IT (chrome)	Run Account Console IT	2023-05-14T02:37:20.0056790Z -- 	at org.jboss.arquillian.container.test.impl.execution.ClientBeforeAfterLifecycleEventExecuter.on(ClientBeforeAfterLifecycleEventExecuter.java:66)
Account Console IT (chrome)	Run Account Console IT	2023-05-14T02:37:20.0058331Z -- 	at jdk.internal.reflect.GeneratedMethodAccessor15.invoke(Unknown Source)
Account Console IT (chrome)	Run Account Console IT	2023-05-14T02:37:20.0059309Z -- 	at java.base/jdk.internal.reflect.DelegatingMethodAccessorImpl.invoke(DelegatingMethodAccessorImpl.java:43)
Account Console IT (chrome)	Run Account Console IT	2023-05-14T02:37:20.0060135Z -- 	at java.base/java.lang.reflect.Method.invoke(Method.java:568)
Account Console IT (chrome)	Run Account Console IT	2023-05-14T02:37:20.0060873Z -- 	at org.jboss.arquillian.core.impl.ObserverImpl.invoke(ObserverImpl.java:86)
Account Console IT (chrome)	Run Account Console IT	2023-05-14T02:37:20.0061776Z -- 	at org.jboss.arquillian.core.impl.EventContextImpl.invokeObservers(EventContextImpl.java:103)
Account Console IT (chrome)	Run Account Console IT	2023-05-14T02:37:20.0062698Z -- 	at org.jboss.arquillian.core.impl.EventContextImpl.proceed(EventContextImpl.java:90)
Account Console IT (chrome)	Run Account Console IT	2023-05-14T02:37:20.0063817Z -- 	at org.jboss.arquillian.container.test.impl.client.ContainerEventController.createContext(ContainerEventController.java:128)
Account Console IT (chrome)	Run Account Console IT	2023-05-14T02:37:20.0065145Z -- 	at org.jboss.arquillian.container.test.impl.client.ContainerEventController.createBeforeContext(ContainerEventController.java:114)
Account Console IT (chrome)	Run Account Console IT	2023-05-14T02:37:20.0066195Z -- 	at jdk.internal.reflect.GeneratedMethodAccessor12.invoke(Unknown Source)
Account Console IT (chrome)	Run Account Console IT	2023-05-14T02:37:20.0067119Z -- 	at java.base/jdk.internal.reflect.DelegatingMethodAccessorImpl.invoke(DelegatingMethodAccessorImpl.java:43)
Account Console IT (chrome)	Run Account Console IT	2023-05-14T02:37:20.0067930Z -- 	at java.base/java.lang.reflect.Method.invoke(Method.java:568)
Account Console IT (chrome)	Run Account Console IT	2023-05-14T02:37:20.0068664Z -- 	at org.jboss.arquillian.core.impl.ObserverImpl.invoke(ObserverImpl.java:86)
Account Console IT (chrome)	Run Account Console IT	2023-05-14T02:37:20.0069532Z -- 	at org.jboss.arquillian.core.impl.EventContextImpl.proceed(EventContextImpl.java:95)
Account Console IT (chrome)	Run Account Console IT	2023-05-14T02:37:20.0070494Z -- 	at org.jboss.arquillian.test.impl.TestContextHandler.createTestContext(TestContextHandler.java:116)
Account Console IT (chrome)	Run Account Console IT	2023-05-14T02:37:20.0071381Z -- 	at jdk.internal.reflect.GeneratedMethodAccessor7.invoke(Unknown Source)
Account Console IT (chrome)	Run Account Console IT	2023-05-14T02:37:20.0072315Z -- 	at java.base/jdk.internal.reflect.DelegatingMethodAccessorImpl.invoke(DelegatingMethodAccessorImpl.java:43)
Account Console IT (chrome)	Run Account Console IT	2023-05-14T02:37:20.0073123Z -- 	at java.base/java.lang.reflect.Method.invoke(Method.java:568)
Account Console IT (chrome)	Run Account Console IT	2023-05-14T02:37:20.0073862Z -- 	at org.jboss.arquillian.core.impl.ObserverImpl.invoke(ObserverImpl.java:86)
Account Console IT (chrome)	Run Account Console IT	2023-05-14T02:37:20.0074719Z -- 	at org.jboss.arquillian.core.impl.EventContextImpl.proceed(EventContextImpl.java:95)
Account Console IT (chrome)	Run Account Console IT	2023-05-14T02:37:20.0075689Z -- 	at org.jboss.arquillian.test.impl.TestContextHandler.createClassContext(TestContextHandler.java:83)
Account Console IT (chrome)	Run Account Console IT	2023-05-14T02:37:20.0076586Z -- 	at jdk.internal.reflect.GeneratedMethodAccessor6.invoke(Unknown Source)
Account Console IT (chrome)	Run Account Console IT	2023-05-14T02:37:20.0077511Z -- 	at java.base/jdk.internal.reflect.DelegatingMethodAccessorImpl.invoke(DelegatingMethodAccessorImpl.java:43)
Account Console IT (chrome)	Run Account Console IT	2023-05-14T02:37:20.0078314Z -- 	at java.base/java.lang.reflect.Method.invoke(Method.java:568)
Account Console IT (chrome)	Run Account Console IT	2023-05-14T02:37:20.0079049Z -- 	at org.jboss.arquillian.core.impl.ObserverImpl.invoke(ObserverImpl.java:86)
Account Console IT (chrome)	Run Account Console IT	2023-05-14T02:37:20.0079895Z -- 	at org.jboss.arquillian.core.impl.EventContextImpl.proceed(EventContextImpl.java:95)
Account Console IT (chrome)	Run Account Console IT	2023-05-14T02:37:20.0080857Z -- 	at org.jboss.arquillian.test.impl.TestContextHandler.createSuiteContext(TestContextHandler.java:69)
Account Console IT (chrome)	Run Account Console IT	2023-05-14T02:37:20.0081759Z -- 	at jdk.internal.reflect.GeneratedMethodAccessor5.invoke(Unknown Source)
Account Console IT (chrome)	Run Account Console IT	2023-05-14T02:37:20.0082684Z -- 	at java.base/jdk.internal.reflect.DelegatingMethodAccessorImpl.invoke(DelegatingMethodAccessorImpl.java:43)
Account Console IT (chrome)	Run Account Console IT	2023-05-14T02:37:20.0083494Z -- 	at java.base/java.lang.reflect.Method.invoke(Method.java:568)
Account Console IT (chrome)	Run Account Console IT	2023-05-14T02:37:20.0084476Z -- 	at org.jboss.arquillian.core.impl.ObserverImpl.invoke(ObserverImpl.java:86)
Account Console IT (chrome)	Run Account Console IT	2023-05-14T02:37:20.0085322Z -- 	at org.jboss.arquillian.core.impl.EventContextImpl.proceed(EventContextImpl.java:95)
Account Console IT (chrome)	Run Account Console IT	2023-05-14T02:37:20.0086146Z -- 	at org.jboss.arquillian.core.impl.ManagerImpl.fire(ManagerImpl.java:133)
Account Console IT (chrome)	Run Account Console IT	2023-05-14T02:37:20.0086920Z -- 	at org.jboss.arquillian.core.impl.ManagerImpl.fire(ManagerImpl.java:105)
Account Console IT (chrome)	Run Account Console IT	2023-05-14T02:37:20.0088069Z -- 	at org.jboss.arquillian.test.impl.EventTestRunnerAdaptor.fireCustomLifecycle(EventTestRunnerAdaptor.java:159)
Account Console IT (chrome)	Run Account Console IT	2023-05-14T02:37:20.0088978Z -- 	at org.jboss.arquillian.junit.Arquillian$7.evaluate(Arquillian.java:273)
Account Console IT (chrome)	Run Account Console IT	2023-05-14T02:37:20.0089764Z -- 	at org.junit.runners.BlockJUnit4ClassRunner$1.evaluate(BlockJUnit4ClassRunner.java:100)
Account Console IT (chrome)	Run Account Console IT	2023-05-14T02:37:20.0090526Z -- 	at org.junit.runners.ParentRunner.runLeaf(ParentRunner.java:366)
Account Console IT (chrome)	Run Account Console IT	2023-05-14T02:37:20.0091320Z -- 	at org.junit.runners.BlockJUnit4ClassRunner.runChild(BlockJUnit4ClassRunner.java:103)
Account Console IT (chrome)	Run Account Console IT	2023-05-14T02:37:20.0092186Z -- 	at org.junit.runners.BlockJUnit4ClassRunner.runChild(BlockJUnit4ClassRunner.java:63)
Account Console IT (chrome)	Run Account Console IT	2023-05-14T02:37:20.0092943Z -- 	at org.junit.runners.ParentRunner$4.run(ParentRunner.java:331)
Account Console IT (chrome)	Run Account Console IT	2023-05-14T02:37:20.0093639Z -- 	at org.junit.runners.ParentRunner$1.schedule(ParentRunner.java:79)
Account Console IT (chrome)	Run Account Console IT	2023-05-14T02:37:20.0094357Z -- 	at org.junit.runners.ParentRunner.runChildren(ParentRunner.java:329)
Account Console IT (chrome)	Run Account Console IT	2023-05-14T02:37:20.0095088Z -- 	at org.junit.runners.ParentRunner.access$100(ParentRunner.java:66)
Account Console IT (chrome)	Run Account Console IT	2023-05-14T02:37:20.0095784Z -- 	at org.junit.runners.ParentRunner$2.evaluate(ParentRunner.java:293)
Account Console IT (chrome)	Run Account Console IT	2023-05-14T02:37:20.0096491Z -- 	at org.jboss.arquillian.junit.Arquillian$2.evaluate(Arquillian.java:166)
Account Console IT (chrome)	Run Account Console IT	2023-05-14T02:37:20.0097456Z -- 	at org.jboss.arquillian.junit.Arquillian.multiExecute(Arquillian.java:350)
Account Console IT (chrome)	Run Account Console IT	2023-05-14T02:37:20.0098244Z -- 	at org.jboss.arquillian.junit.Arquillian.access$200(Arquillian.java:54)
Account Console IT (chrome)	Run Account Console IT	2023-05-14T02:37:20.0098994Z -- 	at org.jboss.arquillian.junit.Arquillian$3.evaluate(Arquillian.java:177)
Account Console IT (chrome)	Run Account Console IT	2023-05-14T02:37:20.0099718Z -- 	at org.junit.rules.ExternalResource$1.evaluate(ExternalResource.java:54)
Account Console IT (chrome)	Run Account Console IT	2023-05-14T02:37:20.0100395Z -- 	at org.junit.rules.RunRules.evaluate(RunRules.java:20)
Account Console IT (chrome)	Run Account Console IT	2023-05-14T02:37:20.0101069Z -- 	at org.junit.runners.ParentRunner$3.evaluate(ParentRunner.java:306)
Account Console IT (chrome)	Run Account Console IT	2023-05-14T02:37:20.0101751Z -- 	at org.junit.runners.ParentRunner.run(ParentRunner.java:413)
Account Console IT (chrome)	Run Account Console IT	2023-05-14T02:37:20.0102456Z -- 	at org.jboss.arquillian.junit.Arquillian.run(Arquillian.java:115)
Account Console IT (chrome)	Run Account Console IT	2023-05-14T02:37:20.0103258Z -- 	at org.apache.maven.surefire.junit4.JUnit4Provider.execute(JUnit4Provider.java:377)
Account Console IT (chrome)	Run Account Console IT	2023-05-14T02:37:20.0104199Z -- 	at org.apache.maven.surefire.junit4.JUnit4Provider.executeWithRerun(JUnit4Provider.java:302)
Account Console IT (chrome)	Run Account Console IT	2023-05-14T02:37:20.0105146Z -- 	at org.apache.maven.surefire.junit4.JUnit4Provider.executeTestSet(JUnit4Provider.java:248)
Account Console IT (chrome)	Run Account Console IT	2023-05-14T02:37:20.0106029Z -- 	at org.apache.maven.surefire.junit4.JUnit4Provider.invoke(JUnit4Provider.java:167)
Account Console IT (chrome)	Run Account Console IT	2023-05-14T02:37:20.0106945Z -- 	at org.apache.maven.surefire.booter.ForkedBooter.runSuitesInProcess(ForkedBooter.java:456)
Account Console IT (chrome)	Run Account Console IT	2023-05-14T02:37:20.0107841Z -- 	at org.apache.maven.surefire.booter.ForkedBooter.execute(ForkedBooter.java:169)
Account Console IT (chrome)	Run Account Console IT	2023-05-14T02:37:20.0108660Z -- 	at org.apache.maven.surefire.booter.ForkedBooter.run(ForkedBooter.java:595)
Account Console IT (chrome)	Run Account Console IT	2023-05-14T02:37:20.0109463Z -- 	at org.apache.maven.surefire.booter.ForkedBooter.main(ForkedBooter.java:581)
Account Console IT (chrome)	Run Account Console IT	2023-05-14T02:37:20.0110020Z -- 
Account Console IT (chrome)	Run Account Console IT	2023-05-14T02:37:20.0110831Z -- [ERROR] org.keycloak.testsuite.ui.account2.InternationalizationTest.userAttributeTest  Time elapsed: 9.932 s  <<< FAILURE!
Account Console IT (chrome)	Run Account Console IT	2023-05-14T02:37:20.0111686Z -- org.junit.ComparisonFailure: expected:<[English]> but was:<[und]>
Account Console IT (chrome)	Run Account Console IT	2023-05-14T02:37:20.0112307Z -- 	at org.junit.Assert.assertEquals(Assert.java:117)
Account Console IT (chrome)	Run Account Console IT	2023-05-14T02:37:20.0112905Z -- 	at org.junit.Assert.assertEquals(Assert.java:146)
Account Console IT (chrome)	Run Account Console IT	2023-05-14T02:37:20.0113825Z -- 	at org.keycloak.testsuite.ui.account2.InternationalizationTest.userAttributeTest(InternationalizationTest.java:105)
Account Console IT (chrome)	Run Account Console IT	2023-05-14T02:37:20.0115027Z -- 	at java.base/jdk.internal.reflect.NativeMethodAccessorImpl.invoke0(Native Method)
Account Console IT (chrome)	Run Account Console IT	2023-05-14T02:37:20.0115956Z -- 	at java.base/jdk.internal.reflect.NativeMethodAccessorImpl.invoke(NativeMethodAccessorImpl.java:77)
Account Console IT (chrome)	Run Account Console IT	2023-05-14T02:37:20.0116949Z -- 	at java.base/jdk.internal.reflect.DelegatingMethodAccessorImpl.invoke(DelegatingMethodAccessorImpl.java:43)
Account Console IT (chrome)	Run Account Console IT	2023-05-14T02:37:20.0117942Z -- 	at java.base/java.lang.reflect.Method.invoke(Method.java:568)
Account Console IT (chrome)	Run Account Console IT	2023-05-14T02:37:20.0118694Z -- 	at org.junit.runners.model.FrameworkMethod$1.runReflectiveCall(FrameworkMethod.java:59)
Account Console IT (chrome)	Run Account Console IT	2023-05-14T02:37:20.0119547Z -- 	at org.junit.internal.runners.model.ReflectiveCallable.run(ReflectiveCallable.java:12)
Account Console IT (chrome)	Run Account Console IT	2023-05-14T02:37:20.0120432Z -- 	at org.junit.runners.model.FrameworkMethod.invokeExplosively(FrameworkMethod.java:56)
Account Console IT (chrome)	Run Account Console IT	2023-05-14T02:37:20.0121247Z -- 	at org.jboss.arquillian.junit.Arquillian$8$1.invokeMethod(Arquillian.java:325)
Account Console IT (chrome)	Run Account Console IT	2023-05-14T02:37:20.0122015Z -- 	at org.jboss.arquillian.junit.MethodInvoker$1.invoke(MethodInvoker.java:18)
Account Console IT (chrome)	Run Account Console IT	2023-05-14T02:37:20.0122968Z -- 	at org.jboss.arquillian.container.test.impl.execution.LocalTestExecuter.execute(LocalTestExecuter.java:57)
Account Console IT (chrome)	Run Account Console IT	2023-05-14T02:37:20.0123967Z -- 	at org.keycloak.testsuite.arquillian.ModelTestExecutor.execute(ModelTestExecutor.java:51)
Account Console IT (chrome)	Run Account Console IT	2023-05-14T02:37:20.0124860Z -- 	at jdk.internal.reflect.GeneratedMethodAccessor173.invoke(Unknown Source)
Account Console IT (chrome)	Run Account Console IT	2023-05-14T02:37:20.0125817Z -- 	at java.base/jdk.internal.reflect.DelegatingMethodAccessorImpl.invoke(DelegatingMethodAccessorImpl.java:43)
Account Console IT (chrome)	Run Account Console IT	2023-05-14T02:37:20.0126627Z -- 	at java.base/java.lang.reflect.Method.invoke(Method.java:568)
Account Console IT (chrome)	Run Account Console IT	2023-05-14T02:37:20.0127369Z -- 	at org.jboss.arquillian.core.impl.ObserverImpl.invoke(ObserverImpl.java:86)
Account Console IT (chrome)	Run Account Console IT	2023-05-14T02:37:20.0128273Z -- 	at org.jboss.arquillian.core.impl.EventContextImpl.invokeObservers(EventContextImpl.java:103)
Account Console IT (chrome)	Run Account Console IT	2023-05-14T02:37:20.0129191Z -- 	at org.jboss.arquillian.core.impl.EventContextImpl.proceed(EventContextImpl.java:90)
Account Console IT (chrome)	Run Account Console IT	2023-05-14T02:37:20.0130017Z -- 	at org.jboss.arquillian.core.impl.ManagerImpl.fire(ManagerImpl.java:133)
Account Console IT (chrome)	Run Account Console IT	2023-05-14T02:37:20.0130789Z -- 	at org.jboss.arquillian.core.impl.ManagerImpl.fire(ManagerImpl.java:105)
Account Console IT (chrome)	Run Account Console IT	2023-05-14T02:37:20.0131571Z -- 	at org.jboss.arquillian.core.impl.EventImpl.fire(EventImpl.java:62)
Account Console IT (chrome)	Run Account Console IT	2023-05-14T02:37:20.0132522Z -- 	at org.jboss.arquillian.container.test.impl.execution.ClientTestExecuter.execute(ClientTestExecuter.java:50)
Account Console IT (chrome)	Run Account Console IT	2023-05-14T02:37:20.0133476Z -- 	at jdk.internal.reflect.GeneratedMethodAccessor172.invoke(Unknown Source)
Account Console IT (chrome)	Run Account Console IT	2023-05-14T02:37:20.0134423Z -- 	at java.base/jdk.internal.reflect.DelegatingMethodAccessorImpl.invoke(DelegatingMethodAccessorImpl.java:43)
Account Console IT (chrome)	Run Account Console IT	2023-05-14T02:37:20.0135243Z -- 	at java.base/java.lang.reflect.Method.invoke(Method.java:568)
Account Console IT (chrome)	Run Account Console IT	2023-05-14T02:37:20.0135982Z -- 	at org.jboss.arquillian.core.impl.ObserverImpl.invoke(ObserverImpl.java:86)
Account Console IT (chrome)	Run Account Console IT	2023-05-14T02:37:20.0136885Z -- 	at org.jboss.arquillian.core.impl.EventContextImpl.invokeObservers(EventContextImpl.java:103)
Account Console IT (chrome)	Run Account Console IT	2023-05-14T02:37:20.0137939Z -- 	at org.jboss.arquillian.core.impl.EventContextImpl.proceed(EventContextImpl.java:90)
Account Console IT (chrome)	Run Account Console IT	2023-05-14T02:37:20.0139041Z -- 	at org.jboss.arquillian.container.test.impl.client.ContainerEventController.createContext(ContainerEventController.java:128)
Account Console IT (chrome)	Run Account Console IT	2023-05-14T02:37:20.0140361Z -- 	at org.jboss.arquillian.container.test.impl.client.ContainerEventController.createTestContext(ContainerEventController.java:118)
Account Console IT (chrome)	Run Account Console IT	2023-05-14T02:37:20.0141404Z -- 	at jdk.internal.reflect.GeneratedMethodAccessor171.invoke(Unknown Source)
Account Console IT (chrome)	Run Account Console IT	2023-05-14T02:37:20.0142328Z -- 	at java.base/jdk.internal.reflect.DelegatingMethodAccessorImpl.invoke(DelegatingMethodAccessorImpl.java:43)
Account Console IT (chrome)	Run Account Console IT	2023-05-14T02:37:20.0143461Z -- 	at java.base/java.lang.reflect.Method.invoke(Method.java:568)
Account Console IT (chrome)	Run Account Console IT	2023-05-14T02:37:20.0144202Z -- 	at org.jboss.arquillian.core.impl.ObserverImpl.invoke(ObserverImpl.java:86)
Account Console IT (chrome)	Run Account Console IT	2023-05-14T02:37:20.0145047Z -- 	at org.jboss.arquillian.core.impl.EventContextImpl.proceed(EventContextImpl.java:95)
Account Console IT (chrome)	Run Account Console IT	2023-05-14T02:37:20.0146216Z -- 	at org.jboss.arquillian.test.impl.TestContextHandler.createTestContext(TestContextHandler.java:116)
Account Console IT (chrome)	Run Account Console IT	2023-05-14T02:37:20.0147121Z -- 	at jdk.internal.reflect.GeneratedMethodAccessor7.invoke(Unknown Source)
Account Console IT (chrome)	Run Account Console IT	2023-05-14T02:37:20.0148052Z -- 	at java.base/jdk.internal.reflect.DelegatingMethodAccessorImpl.invoke(DelegatingMethodAccessorImpl.java:43)
Account Console IT (chrome)	Run Account Console IT	2023-05-14T02:37:20.0149016Z -- 	at java.base/java.lang.reflect.Method.invoke(Method.java:568)
Account Console IT (chrome)	Run Account Console IT	2023-05-14T02:37:20.0149748Z -- 	at org.jboss.arquillian.core.impl.ObserverImpl.invoke(ObserverImpl.java:86)
Account Console IT (chrome)	Run Account Console IT	2023-05-14T02:37:20.0150590Z -- 	at org.jboss.arquillian.core.impl.EventContextImpl.proceed(EventContextImpl.java:95)
Account Console IT (chrome)	Run Account Console IT	2023-05-14T02:37:20.0151552Z -- 	at org.jboss.arquillian.test.impl.TestContextHandler.createClassContext(TestContextHandler.java:83)
Account Console IT (chrome)	Run Account Console IT	2023-05-14T02:37:20.0152440Z -- 	at jdk.internal.reflect.GeneratedMethodAccessor6.invoke(Unknown Source)
Account Console IT (chrome)	Run Account Console IT	2023-05-14T02:37:20.0153375Z -- 	at java.base/jdk.internal.reflect.DelegatingMethodAccessorImpl.invoke(DelegatingMethodAccessorImpl.java:43)
Account Console IT (chrome)	Run Account Console IT	2023-05-14T02:37:20.0154193Z -- 	at java.base/java.lang.reflect.Method.invoke(Method.java:568)
Account Console IT (chrome)	Run Account Console IT	2023-05-14T02:37:20.0154921Z -- 	at org.jboss.arquillian.core.impl.ObserverImpl.invoke(ObserverImpl.java:86)
Account Console IT (chrome)	Run Account Console IT	2023-05-14T02:37:20.0155751Z -- 	at org.jboss.arquillian.core.impl.EventContextImpl.proceed(EventContextImpl.java:95)
Account Console IT (chrome)	Run Account Console IT	2023-05-14T02:37:20.0156706Z -- 	at org.jboss.arquillian.test.impl.TestContextHandler.createSuiteContext(TestContextHandler.java:69)
Account Console IT (chrome)	Run Account Console IT	2023-05-14T02:37:20.0157592Z -- 	at jdk.internal.reflect.GeneratedMethodAccessor5.invoke(Unknown Source)
Account Console IT (chrome)	Run Account Console IT	2023-05-14T02:37:20.0158528Z -- 	at java.base/jdk.internal.reflect.DelegatingMethodAccessorImpl.invoke(DelegatingMethodAccessorImpl.java:43)
Account Console IT (chrome)	Run Account Console IT	2023-05-14T02:37:20.0159333Z -- 	at java.base/java.lang.reflect.Method.invoke(Method.java:568)
Account Console IT (chrome)	Run Account Console IT	2023-05-14T02:37:20.0160063Z -- 	at org.jboss.arquillian.core.impl.ObserverImpl.invoke(ObserverImpl.java:86)
Account Console IT (chrome)	Run Account Console IT	2023-05-14T02:37:20.0160993Z -- 	at org.jboss.arquillian.core.impl.EventContextImpl.proceed(EventContextImpl.java:95)
Account Console IT (chrome)	Run Account Console IT	2023-05-14T02:37:20.0161823Z -- 	at org.jboss.arquillian.core.impl.ManagerImpl.fire(ManagerImpl.java:133)
Account Console IT (chrome)	Run Account Console IT	2023-05-14T02:37:20.0162691Z -- 	at org.jboss.arquillian.test.impl.EventTestRunnerAdaptor.test(EventTestRunnerAdaptor.java:139)
Account Console IT (chrome)	Run Account Console IT	2023-05-14T02:37:20.0163536Z -- 	at org.jboss.arquillian.junit.MethodInvoker.invoke(MethodInvoker.java:15)
Account Console IT (chrome)	Run Account Console IT	2023-05-14T02:37:20.0164306Z -- 	at org.jboss.arquillian.junit.Arquillian$8.evaluate(Arquillian.java:332)
Account Console IT (chrome)	Run Account Console IT	2023-05-14T02:37:20.0165027Z -- 	at org.jboss.arquillian.junit.Arquillian$4.evaluate(Arquillian.java:204)
Account Console IT (chrome)	Run Account Console IT	2023-05-14T02:37:20.0165779Z -- 	at org.jboss.arquillian.junit.Arquillian.multiExecute(Arquillian.java:350)
Account Console IT (chrome)	Run Account Console IT	2023-05-14T02:37:20.0166541Z -- 	at org.jboss.arquillian.junit.Arquillian.access$200(Arquillian.java:54)
Account Console IT (chrome)	Run Account Console IT	2023-05-14T02:37:20.0167265Z -- 	at org.jboss.arquillian.junit.Arquillian$5.evaluate(Arquillian.java:215)
Account Console IT (chrome)	Run Account Console IT	2023-05-14T02:37:20.0167979Z -- 	at org.jboss.arquillian.junit.Arquillian$7$1.invoke(Arquillian.java:279)
Account Console IT (chrome)	Run Account Console IT	2023-05-14T02:37:20.0169163Z -- 	at org.jboss.arquillian.container.test.impl.execution.ClientBeforeAfterLifecycleEventExecuter.execute(ClientBeforeAfterLifecycleEventExecuter.java:88)
Account Console IT (chrome)	Run Account Console IT	2023-05-14T02:37:20.0170700Z -- 	at org.jboss.arquillian.container.test.impl.execution.ClientBeforeAfterLifecycleEventExecuter.on(ClientBeforeAfterLifecycleEventExecuter.java:66)
Account Console IT (chrome)	Run Account Console IT	2023-05-14T02:37:20.0171810Z -- 	at jdk.internal.reflect.GeneratedMethodAccessor15.invoke(Unknown Source)
Account Console IT (chrome)	Run Account Console IT	2023-05-14T02:37:20.0172735Z -- 	at java.base/jdk.internal.reflect.DelegatingMethodAccessorImpl.invoke(DelegatingMethodAccessorImpl.java:43)
Account Console IT (chrome)	Run Account Console IT	2023-05-14T02:37:20.0173542Z -- 	at java.base/java.lang.reflect.Method.invoke(Method.java:568)
Account Console IT (chrome)	Run Account Console IT	2023-05-14T02:37:20.0174273Z -- 	at org.jboss.arquillian.core.impl.ObserverImpl.invoke(ObserverImpl.java:86)
Account Console IT (chrome)	Run Account Console IT	2023-05-14T02:37:20.0175169Z -- 	at org.jboss.arquillian.core.impl.EventContextImpl.invokeObservers(EventContextImpl.java:103)
Account Console IT (chrome)	Run Account Console IT	2023-05-14T02:37:20.0176084Z -- 	at org.jboss.arquillian.core.impl.EventContextImpl.proceed(EventContextImpl.java:90)
Account Console IT (chrome)	Run Account Console IT	2023-05-14T02:37:20.0177593Z -- 	at org.jboss.arquillian.container.test.impl.client.ContainerEventController.createContext(ContainerEventController.java:128)
Account Console IT (chrome)	Run Account Console IT	2023-05-14T02:37:20.0178927Z -- 	at org.jboss.arquillian.container.test.impl.client.ContainerEventController.createBeforeContext(ContainerEventController.java:114)
Account Console IT (chrome)	Run Account Console IT	2023-05-14T02:37:20.0180160Z -- 	at jdk.internal.reflect.GeneratedMethodAccessor12.invoke(Unknown Source)
Account Console IT (chrome)	Run Account Console IT	2023-05-14T02:37:20.0181085Z -- 	at java.base/jdk.internal.reflect.DelegatingMethodAccessorImpl.invoke(DelegatingMethodAccessorImpl.java:43)
Account Console IT (chrome)	Run Account Console IT	2023-05-14T02:37:20.0181895Z -- 	at java.base/java.lang.reflect.Method.invoke(Method.java:568)
Account Console IT (chrome)	Run Account Console IT	2023-05-14T02:37:20.0182629Z -- 	at org.jboss.arquillian.core.impl.ObserverImpl.invoke(ObserverImpl.java:86)
Account Console IT (chrome)	Run Account Console IT	2023-05-14T02:37:20.0183488Z -- 	at org.jboss.arquillian.core.impl.EventContextImpl.proceed(EventContextImpl.java:95)
Account Console IT (chrome)	Run Account Console IT	2023-05-14T02:37:20.0184449Z -- 	at org.jboss.arquillian.test.impl.TestContextHandler.createTestContext(TestContextHandler.java:116)
Account Console IT (chrome)	Run Account Console IT	2023-05-14T02:37:20.0185351Z -- 	at jdk.internal.reflect.GeneratedMethodAccessor7.invoke(Unknown Source)
Account Console IT (chrome)	Run Account Console IT	2023-05-14T02:37:20.0186823Z -- 	at java.base/jdk.internal.reflect.DelegatingMethodAccessorImpl.invoke(DelegatingMethodAccessorImpl.java:43)
Account Console IT (chrome)	Run Account Console IT	2023-05-14T02:37:20.0187655Z -- 	at java.base/java.lang.reflect.Method.invoke(Method.java:568)
Account Console IT (chrome)	Run Account Console IT	2023-05-14T02:37:20.0188408Z -- 	at org.jboss.arquillian.core.impl.ObserverImpl.invoke(ObserverImpl.java:86)
Account Console IT (chrome)	Run Account Console IT	2023-05-14T02:37:20.0189240Z -- 	at org.jboss.arquillian.core.impl.EventContextImpl.proceed(EventContextImpl.java:95)
Account Console IT (chrome)	Run Account Console IT	2023-05-14T02:37:20.0190212Z -- 	at org.jboss.arquillian.test.impl.TestContextHandler.createClassContext(TestContextHandler.java:83)
Account Console IT (chrome)	Run Account Console IT	2023-05-14T02:37:20.0191075Z -- 	at jdk.internal.reflect.GeneratedMethodAccessor6.invoke(Unknown Source)
Account Console IT (chrome)	Run Account Console IT	2023-05-14T02:37:20.0196282Z -- 	at java.base/jdk.internal.reflect.DelegatingMethodAccessorImpl.invoke(DelegatingMethodAccessorImpl.java:43)
Account Console IT (chrome)	Run Account Console IT	2023-05-14T02:37:20.0197007Z -- 	at java.base/java.lang.reflect.Method.invoke(Method.java:568)
Account Console IT (chrome)	Run Account Console IT	2023-05-14T02:37:20.0197667Z -- 	at org.jboss.arquillian.core.impl.ObserverImpl.invoke(ObserverImpl.java:86)
Account Console IT (chrome)	Run Account Console IT	2023-05-14T02:37:20.0198537Z -- 	at org.jboss.arquillian.core.impl.EventContextImpl.proceed(EventContextImpl.java:95)
Account Console IT (chrome)	Run Account Console IT	2023-05-14T02:37:20.0199489Z -- 	at org.jboss.arquillian.test.impl.TestContextHandler.createSuiteContext(TestContextHandler.java:69)
Account Console IT (chrome)	Run Account Console IT	2023-05-14T02:37:20.0200394Z -- 	at jdk.internal.reflect.GeneratedMethodAccessor5.invoke(Unknown Source)
Account Console IT (chrome)	Run Account Console IT	2023-05-14T02:37:20.0201338Z -- 	at java.base/jdk.internal.reflect.DelegatingMethodAccessorImpl.invoke(DelegatingMethodAccessorImpl.java:43)
Account Console IT (chrome)	Run Account Console IT	2023-05-14T02:37:20.0202145Z -- 	at java.base/java.lang.reflect.Method.invoke(Method.java:568)
Account Console IT (chrome)	Run Account Console IT	2023-05-14T02:37:20.0202867Z -- 	at org.jboss.arquillian.core.impl.ObserverImpl.invoke(ObserverImpl.java:86)
Account Console IT (chrome)	Run Account Console IT	2023-05-14T02:37:20.0205799Z -- 	at org.jboss.arquillian.core.impl.EventContextImpl.proceed(EventContextImpl.java:95)
Account Console IT (chrome)	Run Account Console IT	2023-05-14T02:37:20.0206535Z -- 	at org.jboss.arquillian.core.impl.ManagerImpl.fire(ManagerImpl.java:133)
Account Console IT (chrome)	Run Account Console IT	2023-05-14T02:37:20.0207228Z -- 	at org.jboss.arquillian.core.impl.ManagerImpl.fire(ManagerImpl.java:105)
Account Console IT (chrome)	Run Account Console IT	2023-05-14T02:37:20.0208215Z -- 	at org.jboss.arquillian.test.impl.EventTestRunnerAdaptor.fireCustomLifecycle(EventTestRunnerAdaptor.java:159)
Account Console IT (chrome)	Run Account Console IT	2023-05-14T02:37:20.0209136Z -- 	at org.jboss.arquillian.junit.Arquillian$7.evaluate(Arquillian.java:273)
Account Console IT (chrome)	Run Account Console IT	2023-05-14T02:37:20.0209923Z -- 	at org.junit.runners.BlockJUnit4ClassRunner$1.evaluate(BlockJUnit4ClassRunner.java:100)
Account Console IT (chrome)	Run Account Console IT	2023-05-14T02:37:20.0210682Z -- 	at org.junit.runners.ParentRunner.runLeaf(ParentRunner.java:366)
Account Console IT (chrome)	Run Account Console IT	2023-05-14T02:37:20.0211473Z -- 	at org.junit.runners.BlockJUnit4ClassRunner.runChild(BlockJUnit4ClassRunner.java:103)
Account Console IT (chrome)	Run Account Console IT	2023-05-14T02:37:20.0212329Z -- 	at org.junit.runners.BlockJUnit4ClassRunner.runChild(BlockJUnit4ClassRunner.java:63)
Account Console IT (chrome)	Run Account Console IT	2023-05-14T02:37:20.0213084Z -- 	at org.junit.runners.ParentRunner$4.run(ParentRunner.java:331)
Account Console IT (chrome)	Run Account Console IT	2023-05-14T02:37:20.0213767Z -- 	at org.junit.runners.ParentRunner$1.schedule(ParentRunner.java:79)
Account Console IT (chrome)	Run Account Console IT	2023-05-14T02:37:20.0214759Z -- 	at org.junit.runners.ParentRunner.runChildren(ParentRunner.java:329)
Account Console IT (chrome)	Run Account Console IT	2023-05-14T02:37:20.0215482Z -- 	at org.junit.runners.ParentRunner.access$100(ParentRunner.java:66)
Account Console IT (chrome)	Run Account Console IT	2023-05-14T02:37:20.0216176Z -- 	at org.junit.runners.ParentRunner$2.evaluate(ParentRunner.java:293)
Account Console IT (chrome)	Run Account Console IT	2023-05-14T02:37:20.0216883Z -- 	at org.jboss.arquillian.junit.Arquillian$2.evaluate(Arquillian.java:166)
Account Console IT (chrome)	Run Account Console IT	2023-05-14T02:37:20.0218094Z -- 	at org.jboss.arquillian.junit.Arquillian.multiExecute(Arquillian.java:350)
Account Console IT (chrome)	Run Account Console IT	2023-05-14T02:37:20.0219173Z -- 	at org.jboss.arquillian.junit.Arquillian.access$200(Arquillian.java:54)
Account Console IT (chrome)	Run Account Console IT	2023-05-14T02:37:20.0220060Z -- 	at org.jboss.arquillian.junit.Arquillian$3.evaluate(Arquillian.java:177)
Account Console IT (chrome)	Run Account Console IT	2023-05-14T02:37:20.0220791Z -- 	at org.junit.rules.ExternalResource$1.evaluate(ExternalResource.java:54)
Account Console IT (chrome)	Run Account Console IT	2023-05-14T02:37:20.0221489Z -- 	at org.junit.rules.RunRules.evaluate(RunRules.java:20)
Account Console IT (chrome)	Run Account Console IT	2023-05-14T02:37:20.0222190Z -- 	at org.junit.runners.ParentRunner$3.evaluate(ParentRunner.java:306)
Account Console IT (chrome)	Run Account Console IT	2023-05-14T02:37:20.0222887Z -- 	at org.junit.runners.ParentRunner.run(ParentRunner.java:413)
Account Console IT (chrome)	Run Account Console IT	2023-05-14T02:37:20.0223580Z -- 	at org.jboss.arquillian.junit.Arquillian.run(Arquillian.java:115)
Account Console IT (chrome)	Run Account Console IT	2023-05-14T02:37:20.0224377Z -- 	at org.apache.maven.surefire.junit4.JUnit4Provider.execute(JUnit4Provider.java:377)
Account Console IT (chrome)	Run Account Console IT	2023-05-14T02:37:20.0225303Z -- 	at org.apache.maven.surefire.junit4.JUnit4Provider.executeWithRerun(JUnit4Provider.java:302)
Account Console IT (chrome)	Run Account Console IT	2023-05-14T02:37:20.0226250Z -- 	at org.apache.maven.surefire.junit4.JUnit4Provider.executeTestSet(JUnit4Provider.java:248)
Account Console IT (chrome)	Run Account Console IT	2023-05-14T02:37:20.0227163Z -- 	at org.apache.maven.surefire.junit4.JUnit4Provider.invoke(JUnit4Provider.java:167)
Account Console IT (chrome)	Run Account Console IT	2023-05-14T02:37:20.0228072Z -- 	at org.apache.maven.surefire.booter.ForkedBooter.runSuitesInProcess(ForkedBooter.java:456)
Account Console IT (chrome)	Run Account Console IT	2023-05-14T02:37:20.0228982Z -- 	at org.apache.maven.surefire.booter.ForkedBooter.execute(ForkedBooter.java:169)
Account Console IT (chrome)	Run Account Console IT	2023-05-14T02:37:20.0229802Z -- 	at org.apache.maven.surefire.booter.ForkedBooter.run(ForkedBooter.java:595)
Account Console IT (chrome)	Run Account Console IT	2023-05-14T02:37:20.0230607Z -- 	at org.apache.maven.surefire.booter.ForkedBooter.main(ForkedBooter.java:581)
Account Console IT (chrome)	Run Account Console IT	2023-05-14T02:37:20.0231140Z -- 
Account Console IT (chrome)	Run Account Console IT	2023-05-14T02:37:20.0231625Z [INFO] Running org.keycloak.testsuite.ui.account2.LDAPAccountTest
Account Console IT (chrome)	Run Account Console IT	2023-05-14T02:37:22.9699990Z May 14, 2023 2:37:22 AM org.openqa.selenium.remote.DesiredCapabilities chrome
Account Console IT (chrome)	Run Account Console IT	2023-05-14T02:37:22.9701037Z INFO: Using `new ChromeOptions()` is preferred to `DesiredCapabilities.chrome()`
Account Console IT (chrome)	Run Account Console IT	2023-05-14T02:37:22.9701844Z May 14, 2023 2:37:22 AM org.openqa.selenium.remote.DesiredCapabilities chrome
Account Console IT (chrome)	Run Account Console IT	2023-05-14T02:37:22.9702592Z INFO: Using `new ChromeOptions()` is preferred to `DesiredCapabilities.chrome()`
Account Console IT (chrome)	Run Account Console IT	2023-05-14T02:37:22.9703636Z Starting ChromeDriver 113.0.5672.63 (0e1a4471d5ae5bf128b1bd8f4d627c8cbd55f70c-refs/branch-heads/5672@{#912}) on port 16998
Account Console IT (chrome)	Run Account Console IT	2023-05-14T02:37:22.9704211Z Only local connections are allowed.
Account Console IT (chrome)	Run Account Console IT	2023-05-14T02:37:22.9705014Z Please see https://chromedriver.chromium.org/security-considerations for suggestions on keeping ChromeDriver safe.
Account Console IT (chrome)	Run Account Console IT	2023-05-14T02:37:22.9705650Z ChromeDriver was started successfully.
Account Console IT (chrome)	Run Account Console IT	2023-05-14T02:37:23.2632890Z May 14, 2023 2:37:23 AM org.openqa.selenium.remote.ProtocolHandshake createSession
Account Console IT (chrome)	Run Account Console IT	2023-05-14T02:37:23.2633830Z INFO: Detected dialect: W3C
Account Console IT (chrome)	Run Account Console IT	2023-05-14T02:37:46.4458103Z [INFO] Tests run: 2, Failures: 0, Errors: 0, Skipped: 0, Time elapsed: 26.427 s - in org.keycloak.testsuite.ui.account2.LDAPAccountTest
Account Console IT (chrome)	Run Account Console IT	2023-05-14T02:37:46.4462121Z [INFO] Running org.keycloak.testsuite.ui.account2.LinkedAccountsTest
Account Console IT (chrome)	Run Account Console IT	2023-05-14T02:37:46.5086756Z May 14, 2023 2:37:46 AM org.openqa.selenium.remote.DesiredCapabilities chrome
Account Console IT (chrome)	Run Account Console IT	2023-05-14T02:37:46.5087605Z INFO: Using `new ChromeOptions()` is preferred to `DesiredCapabilities.chrome()`
Account Console IT (chrome)	Run Account Console IT	2023-05-14T02:37:46.5088250Z May 14, 2023 2:37:46 AM org.openqa.selenium.remote.DesiredCapabilities chrome
Account Console IT (chrome)	Run Account Console IT	2023-05-14T02:37:46.5088881Z INFO: Using `new ChromeOptions()` is preferred to `DesiredCapabilities.chrome()`
Account Console IT (chrome)	Run Account Console IT	2023-05-14T02:37:46.5089920Z Starting ChromeDriver 113.0.5672.63 (0e1a4471d5ae5bf128b1bd8f4d627c8cbd55f70c-refs/branch-heads/5672@{#912}) on port 11170
Account Console IT (chrome)	Run Account Console IT	2023-05-14T02:37:46.5090945Z Only local connections are allowed.
Account Console IT (chrome)	Run Account Console IT	2023-05-14T02:37:46.5091735Z Please see https://chromedriver.chromium.org/security-considerations for suggestions on keeping ChromeDriver safe.
Account Console IT (chrome)	Run Account Console IT	2023-05-14T02:37:46.5092352Z ChromeDriver was started successfully.
Account Console IT (chrome)	Run Account Console IT	2023-05-14T02:37:46.7079238Z May 14, 2023 2:37:46 AM org.openqa.selenium.remote.ProtocolHandshake createSession
Account Console IT (chrome)	Run Account Console IT	2023-05-14T02:37:46.7080647Z INFO: Detected dialect: W3C
Account Console IT (chrome)	Run Account Console IT	2023-05-14T02:38:43.3718187Z [INFO] Tests run: 3, Failures: 0, Errors: 0, Skipped: 0, Time elapsed: 56.891 s - in org.keycloak.testsuite.ui.account2.LinkedAccountsTest
Account Console IT (chrome)	Run Account Console IT	2023-05-14T02:38:43.3725279Z [INFO] Running org.keycloak.testsuite.ui.account2.MyResourcesTest
Account Console IT (chrome)	Run Account Console IT	2023-05-14T02:38:43.5182358Z May 14, 2023 2:38:43 AM org.openqa.selenium.remote.DesiredCapabilities chrome
Account Console IT (chrome)	Run Account Console IT	2023-05-14T02:38:43.5183424Z INFO: Using `new ChromeOptions()` is preferred to `DesiredCapabilities.chrome()`
Account Console IT (chrome)	Run Account Console IT	2023-05-14T02:38:43.5184541Z May 14, 2023 2:38:43 AM org.openqa.selenium.remote.DesiredCapabilities chrome
Account Console IT (chrome)	Run Account Console IT	2023-05-14T02:38:43.5185295Z INFO: Using `new ChromeOptions()` is preferred to `DesiredCapabilities.chrome()`
Account Console IT (chrome)	Run Account Console IT	2023-05-14T02:38:43.5186643Z Starting ChromeDriver 113.0.5672.63 (0e1a4471d5ae5bf128b1bd8f4d627c8cbd55f70c-refs/branch-heads/5672@{#912}) on port 9682
Account Console IT (chrome)	Run Account Console IT	2023-05-14T02:38:43.5187363Z Only local connections are allowed.
Account Console IT (chrome)	Run Account Console IT	2023-05-14T02:38:43.5188459Z Please see https://chromedriver.chromium.org/security-considerations for suggestions on keeping ChromeDriver safe.
Account Console IT (chrome)	Run Account Console IT	2023-05-14T02:38:43.5189179Z ChromeDriver was started successfully.
Account Console IT (chrome)	Run Account Console IT	2023-05-14T02:38:43.6135909Z May 14, 2023 2:38:43 AM org.openqa.selenium.remote.ProtocolHandshake createSession
Account Console IT (chrome)	Run Account Console IT	2023-05-14T02:38:43.6136721Z INFO: Detected dialect: W3C
Account Console IT (chrome)	Run Account Console IT	2023-05-14T02:40:36.6766039Z [INFO] Tests run: 9, Failures: 0, Errors: 0, Skipped: 0, Time elapsed: 113.272 s - in org.keycloak.testsuite.ui.account2.MyResourcesTest
Account Console IT (chrome)	Run Account Console IT	2023-05-14T02:40:36.6775975Z [INFO] Running org.keycloak.testsuite.ui.account2.PermissionsTest
Account Console IT (chrome)	Run Account Console IT	2023-05-14T02:40:36.8071582Z May 14, 2023 2:40:36 AM org.openqa.selenium.remote.DesiredCapabilities chrome
Account Console IT (chrome)	Run Account Console IT	2023-05-14T02:40:36.8072530Z INFO: Using `new ChromeOptions()` is preferred to `DesiredCapabilities.chrome()`
Account Console IT (chrome)	Run Account Console IT	2023-05-14T02:40:36.8073977Z May 14, 2023 2:40:36 AM org.openqa.selenium.remote.DesiredCapabilities chrome
Account Console IT (chrome)	Run Account Console IT	2023-05-14T02:40:36.8074829Z INFO: Using `new ChromeOptions()` is preferred to `DesiredCapabilities.chrome()`
Account Console IT (chrome)	Run Account Console IT	2023-05-14T02:40:36.8076092Z Starting ChromeDriver 113.0.5672.63 (0e1a4471d5ae5bf128b1bd8f4d627c8cbd55f70c-refs/branch-heads/5672@{#912}) on port 23333
Account Console IT (chrome)	Run Account Console IT	2023-05-14T02:40:36.8130036Z Only local connections are allowed.
Account Console IT (chrome)	Run Account Console IT	2023-05-14T02:40:36.8130908Z Please see https://chromedriver.chromium.org/security-considerations for suggestions on keeping ChromeDriver safe.
Account Console IT (chrome)	Run Account Console IT	2023-05-14T02:40:36.8131448Z ChromeDriver was started successfully.
Account Console IT (chrome)	Run Account Console IT	2023-05-14T02:40:37.0071178Z May 14, 2023 2:40:36 AM org.openqa.selenium.remote.ProtocolHandshake createSession
Account Console IT (chrome)	Run Account Console IT	2023-05-14T02:40:37.0072624Z INFO: Detected dialect: W3C
Account Console IT (chrome)	Run Account Console IT	2023-05-14T02:40:56.4624780Z [INFO] Tests run: 1, Failures: 0, Errors: 0, Skipped: 0, Time elapsed: 19.766 s - in org.keycloak.testsuite.ui.account2.PermissionsTest
Account Console IT (chrome)	Run Account Console IT	2023-05-14T02:40:56.4630975Z [INFO] Running org.keycloak.testsuite.ui.account2.PersonalInfoTest
Account Console IT (chrome)	Run Account Console IT	2023-05-14T02:40:56.6458513Z May 14, 2023 2:40:56 AM org.openqa.selenium.remote.DesiredCapabilities chrome
Account Console IT (chrome)	Run Account Console IT	2023-05-14T02:40:56.6459228Z INFO: Using `new ChromeOptions()` is preferred to `DesiredCapabilities.chrome()`
Account Console IT (chrome)	Run Account Console IT	2023-05-14T02:40:56.6459888Z May 14, 2023 2:40:56 AM org.openqa.selenium.remote.DesiredCapabilities chrome
Account Console IT (chrome)	Run Account Console IT	2023-05-14T02:40:56.6460388Z INFO: Using `new ChromeOptions()` is preferred to `DesiredCapabilities.chrome()`
Account Console IT (chrome)	Run Account Console IT	2023-05-14T02:40:56.6461274Z Starting ChromeDriver 113.0.5672.63 (0e1a4471d5ae5bf128b1bd8f4d627c8cbd55f70c-refs/branch-heads/5672@{#912}) on port 6457
Account Console IT (chrome)	Run Account Console IT	2023-05-14T02:40:56.6461707Z Only local connections are allowed.
Account Console IT (chrome)	Run Account Console IT	2023-05-14T02:40:56.6462348Z Please see https://chromedriver.chromium.org/security-considerations for suggestions on keeping ChromeDriver safe.
Account Console IT (chrome)	Run Account Console IT	2023-05-14T02:40:56.6463211Z ChromeDriver was started successfully.
Account Console IT (chrome)	Run Account Console IT	2023-05-14T02:40:56.7418984Z May 14, 2023 2:40:56 AM org.openqa.selenium.remote.ProtocolHandshake createSession
Account Console IT (chrome)	Run Account Console IT	2023-05-14T02:40:56.7420662Z INFO: Detected dialect: W3C
Account Console IT (chrome)	Run Account Console IT	2023-05-14T02:42:38.4496235Z [WARNING] Tests run: 9, Failures: 0, Errors: 0, Skipped: 1, Time elapsed: 101.93 s - in org.keycloak.testsuite.ui.account2.PersonalInfoTest
Account Console IT (chrome)	Run Account Console IT	2023-05-14T02:42:38.4532275Z [INFO] Running org.keycloak.testsuite.ui.account2.ReferrerTest
Account Console IT (chrome)	Run Account Console IT	2023-05-14T02:42:38.6046662Z May 14, 2023 2:42:38 AM org.openqa.selenium.remote.DesiredCapabilities chrome
Account Console IT (chrome)	Run Account Console IT	2023-05-14T02:42:38.6047664Z INFO: Using `new ChromeOptions()` is preferred to `DesiredCapabilities.chrome()`
Account Console IT (chrome)	Run Account Console IT	2023-05-14T02:42:38.6256041Z May 14, 2023 2:42:38 AM org.openqa.selenium.remote.DesiredCapabilities chrome
Account Console IT (chrome)	Run Account Console IT	2023-05-14T02:42:38.6258045Z INFO: Using `new ChromeOptions()` is preferred to `DesiredCapabilities.chrome()`
Account Console IT (chrome)	Run Account Console IT	2023-05-14T02:42:38.6259028Z Starting ChromeDriver 113.0.5672.63 (0e1a4471d5ae5bf128b1bd8f4d627c8cbd55f70c-refs/branch-heads/5672@{#912}) on port 22723
Account Console IT (chrome)	Run Account Console IT	2023-05-14T02:42:38.6259497Z Only local connections are allowed.
Account Console IT (chrome)	Run Account Console IT	2023-05-14T02:42:38.6260183Z Please see https://chromedriver.chromium.org/security-considerations for suggestions on keeping ChromeDriver safe.
Account Console IT (chrome)	Run Account Console IT	2023-05-14T02:42:38.6260736Z ChromeDriver was started successfully.
Account Console IT (chrome)	Run Account Console IT	2023-05-14T02:42:38.7043421Z May 14, 2023 2:42:38 AM org.openqa.selenium.remote.ProtocolHandshake createSession
Account Console IT (chrome)	Run Account Console IT	2023-05-14T02:42:38.7044646Z INFO: Detected dialect: W3C
Account Console IT (chrome)	Run Account Console IT	2023-05-14T02:44:29.5434853Z [INFO] Tests run: 8, Failures: 0, Errors: 0, Skipped: 0, Time elapsed: 111.029 s - in org.keycloak.testsuite.ui.account2.ReferrerTest
Account Console IT (chrome)	Run Account Console IT	2023-05-14T02:44:29.5479055Z [INFO] Running org.keycloak.testsuite.ui.account2.SessionTest
Account Console IT (chrome)	Run Account Console IT	2023-05-14T02:44:29.7030845Z May 14, 2023 2:44:29 AM org.openqa.selenium.remote.DesiredCapabilities chrome
Account Console IT (chrome)	Run Account Console IT	2023-05-14T02:44:29.7044905Z INFO: Using `new ChromeOptions()` is preferred to `DesiredCapabilities.chrome()`
Account Console IT (chrome)	Run Account Console IT	2023-05-14T02:44:29.7045542Z May 14, 2023 2:44:29 AM org.openqa.selenium.remote.DesiredCapabilities chrome
Account Console IT (chrome)	Run Account Console IT	2023-05-14T02:44:29.7046085Z INFO: Using `new ChromeOptions()` is preferred to `DesiredCapabilities.chrome()`
Account Console IT (chrome)	Run Account Console IT	2023-05-14T02:44:29.7047043Z Starting ChromeDriver 113.0.5672.63 (0e1a4471d5ae5bf128b1bd8f4d627c8cbd55f70c-refs/branch-heads/5672@{#912}) on port 15038
Account Console IT (chrome)	Run Account Console IT	2023-05-14T02:44:29.7047529Z Only local connections are allowed.
Account Console IT (chrome)	Run Account Console IT	2023-05-14T02:44:29.7048214Z Please see https://chromedriver.chromium.org/security-considerations for suggestions on keeping ChromeDriver safe.
Account Console IT (chrome)	Run Account Console IT	2023-05-14T02:44:29.7048732Z ChromeDriver was started successfully.
Account Console IT (chrome)	Run Account Console IT	2023-05-14T02:44:29.8032723Z May 14, 2023 2:44:29 AM org.openqa.selenium.remote.ProtocolHandshake createSession
Account Console IT (chrome)	Run Account Console IT	2023-05-14T02:44:29.8033235Z INFO: Detected dialect: W3C
Account Console IT (chrome)	Run Account Console IT	2023-05-14T02:49:31.2376966Z [INFO] Tests run: 4, Failures: 0, Errors: 0, Skipped: 0, Time elapsed: 301.638 s - in org.keycloak.testsuite.ui.account2.SessionTest
Account Console IT (chrome)	Run Account Console IT	2023-05-14T02:49:31.2418859Z [INFO] Running org.keycloak.testsuite.ui.account2.SigningInTest
Account Console IT (chrome)	Run Account Console IT	2023-05-14T02:49:31.3659729Z May 14, 2023 2:49:31 AM org.openqa.selenium.remote.DesiredCapabilities chrome
Account Console IT (chrome)	Run Account Console IT	2023-05-14T02:49:31.3698745Z INFO: Using `new ChromeOptions()` is preferred to `DesiredCapabilities.chrome()`
Account Console IT (chrome)	Run Account Console IT	2023-05-14T02:49:31.3699360Z May 14, 2023 2:49:31 AM org.openqa.selenium.remote.DesiredCapabilities chrome
Account Console IT (chrome)	Run Account Console IT	2023-05-14T02:49:31.3699943Z INFO: Using `new ChromeOptions()` is preferred to `DesiredCapabilities.chrome()`
Account Console IT (chrome)	Run Account Console IT	2023-05-14T02:49:31.3700884Z Starting ChromeDriver 113.0.5672.63 (0e1a4471d5ae5bf128b1bd8f4d627c8cbd55f70c-refs/branch-heads/5672@{#912}) on port 30029
Account Console IT (chrome)	Run Account Console IT	2023-05-14T02:49:31.3701371Z Only local connections are allowed.
Account Console IT (chrome)	Run Account Console IT	2023-05-14T02:49:31.3702062Z Please see https://chromedriver.chromium.org/security-considerations for suggestions on keeping ChromeDriver safe.
Account Console IT (chrome)	Run Account Console IT	2023-05-14T02:49:31.3702585Z ChromeDriver was started successfully.
Account Console IT (chrome)	Run Account Console IT	2023-05-14T02:49:31.4650634Z May 14, 2023 2:49:31 AM org.openqa.selenium.remote.ProtocolHandshake createSession
Account Console IT (chrome)	Run Account Console IT	2023-05-14T02:49:31.4651895Z INFO: Detected dialect: W3C
Account Console IT (chrome)	Run Account Console IT	2023-05-14T02:52:35.1872526Z [INFO] Tests run: 6, Failures: 0, Errors: 0, Skipped: 0, Time elapsed: 183.915 s - in org.keycloak.testsuite.ui.account2.SigningInTest
Account Console IT (chrome)	Run Account Console IT	2023-05-14T02:52:35.1891578Z [INFO] Running org.keycloak.testsuite.ui.account2.SmokeTest
Account Console IT (chrome)	Run Account Console IT	2023-05-14T02:52:35.3432848Z May 14, 2023 2:52:35 AM org.openqa.selenium.remote.DesiredCapabilities chrome
Account Console IT (chrome)	Run Account Console IT	2023-05-14T02:52:35.3433866Z INFO: Using `new ChromeOptions()` is preferred to `DesiredCapabilities.chrome()`
Account Console IT (chrome)	Run Account Console IT	2023-05-14T02:52:35.3434626Z May 14, 2023 2:52:35 AM org.openqa.selenium.remote.DesiredCapabilities chrome
Account Console IT (chrome)	Run Account Console IT	2023-05-14T02:52:35.3435258Z INFO: Using `new ChromeOptions()` is preferred to `DesiredCapabilities.chrome()`
Account Console IT (chrome)	Run Account Console IT	2023-05-14T02:52:35.3436306Z Starting ChromeDriver 113.0.5672.63 (0e1a4471d5ae5bf128b1bd8f4d627c8cbd55f70c-refs/branch-heads/5672@{#912}) on port 20336
Account Console IT (chrome)	Run Account Console IT	2023-05-14T02:52:35.3436862Z Only local connections are allowed.
Account Console IT (chrome)	Run Account Console IT	2023-05-14T02:52:35.3437670Z Please see https://chromedriver.chromium.org/security-considerations for suggestions on keeping ChromeDriver safe.
Account Console IT (chrome)	Run Account Console IT	2023-05-14T02:52:35.3438280Z ChromeDriver was started successfully.
Account Console IT (chrome)	Run Account Console IT	2023-05-14T02:52:35.4426260Z May 14, 2023 2:52:35 AM org.openqa.selenium.remote.ProtocolHandshake createSession
Account Console IT (chrome)	Run Account Console IT	2023-05-14T02:52:35.4427399Z INFO: Detected dialect: W3C
Account Console IT (chrome)	Run Account Console IT	2023-05-14T02:52:48.5384889Z [INFO] Tests run: 1, Failures: 0, Errors: 0, Skipped: 0, Time elapsed: 13.307 s - in org.keycloak.testsuite.ui.account2.SmokeTest
Account Console IT (chrome)	Run Account Console IT	2023-05-14T02:52:48.5396238Z [INFO] Running org.keycloak.testsuite.ui.account2.UpdateEmailTest
Account Console IT (chrome)	Run Account Console IT	2023-05-14T02:53:09.6272127Z May 14, 2023 2:53:09 AM org.openqa.selenium.remote.DesiredCapabilities chrome
Account Console IT (chrome)	Run Account Console IT	2023-05-14T02:53:09.6272781Z INFO: Using `new ChromeOptions()` is preferred to `DesiredCapabilities.chrome()`
Account Console IT (chrome)	Run Account Console IT	2023-05-14T02:53:09.6273328Z May 14, 2023 2:53:09 AM org.openqa.selenium.remote.DesiredCapabilities chrome
Account Console IT (chrome)	Run Account Console IT	2023-05-14T02:53:09.6273871Z INFO: Using `new ChromeOptions()` is preferred to `DesiredCapabilities.chrome()`
Account Console IT (chrome)	Run Account Console IT	2023-05-14T02:53:09.6274846Z Starting ChromeDriver 113.0.5672.63 (0e1a4471d5ae5bf128b1bd8f4d627c8cbd55f70c-refs/branch-heads/5672@{#912}) on port 12512
Account Console IT (chrome)	Run Account Console IT	2023-05-14T02:53:09.6275307Z Only local connections are allowed.
Account Console IT (chrome)	Run Account Console IT	2023-05-14T02:53:09.6275985Z Please see https://chromedriver.chromium.org/security-considerations for suggestions on keeping ChromeDriver safe.
Account Console IT (chrome)	Run Account Console IT	2023-05-14T02:53:09.6276525Z ChromeDriver was started successfully.
Account Console IT (chrome)	Run Account Console IT	2023-05-14T02:53:09.8263775Z May 14, 2023 2:53:09 AM org.openqa.selenium.remote.ProtocolHandshake createSession
Account Console IT (chrome)	Run Account Console IT	2023-05-14T02:53:09.8264530Z INFO: Detected dialect: W3C
Account Console IT (chrome)	Run Account Console IT	2023-05-14T02:55:05.0060547Z [INFO] Tests run: 7, Failures: 0, Errors: 0, Skipped: 0, Time elapsed: 136.307 s - in org.keycloak.testsuite.ui.account2.UpdateEmailTest
Account Console IT (chrome)	Run Account Console IT	2023-05-14T02:55:05.0068351Z [INFO] Running org.keycloak.testsuite.ui.account2.WelcomeScreenTest
Account Console IT (chrome)	Run Account Console IT	2023-05-14T02:55:05.8498435Z May 14, 2023 2:55:05 AM org.openqa.selenium.remote.DesiredCapabilities chrome
Account Console IT (chrome)	Run Account Console IT	2023-05-14T02:55:05.8507597Z INFO: Using `new ChromeOptions()` is preferred to `DesiredCapabilities.chrome()`
Account Console IT (chrome)	Run Account Console IT	2023-05-14T02:55:05.8508215Z May 14, 2023 2:55:05 AM org.openqa.selenium.remote.DesiredCapabilities chrome
Account Console IT (chrome)	Run Account Console IT	2023-05-14T02:55:05.8508763Z INFO: Using `new ChromeOptions()` is preferred to `DesiredCapabilities.chrome()`
Account Console IT (chrome)	Run Account Console IT	2023-05-14T02:55:05.8509702Z Starting ChromeDriver 113.0.5672.63 (0e1a4471d5ae5bf128b1bd8f4d627c8cbd55f70c-refs/branch-heads/5672@{#912}) on port 23177
Account Console IT (chrome)	Run Account Console IT	2023-05-14T02:55:05.8510200Z Only local connections are allowed.
Account Console IT (chrome)	Run Account Console IT	2023-05-14T02:55:05.8510883Z Please see https://chromedriver.chromium.org/security-considerations for suggestions on keeping ChromeDriver safe.
Account Console IT (chrome)	Run Account Console IT	2023-05-14T02:55:05.8511403Z ChromeDriver was started successfully.
Account Console IT (chrome)	Run Account Console IT	2023-05-14T02:55:06.0370150Z May 14, 2023 2:55:06 AM org.openqa.selenium.remote.ProtocolHandshake createSession
Account Console IT (chrome)	Run Account Console IT	2023-05-14T02:55:06.0370706Z INFO: Detected dialect: W3C
Account Console IT (chrome)	Run Account Console IT	2023-05-14T02:56:29.4197889Z [INFO] Tests run: 6, Failures: 0, Errors: 0, Skipped: 0, Time elapsed: 84.395 s - in org.keycloak.testsuite.ui.account2.WelcomeScreenTest
Account Console IT (chrome)	Run Account Console IT	2023-05-14T02:56:29.7637221Z -- [INFO] 
Account Console IT (chrome)	Run Account Console IT	2023-05-14T02:56:29.7637676Z -- [INFO] Results:
Account Console IT (chrome)	Run Account Console IT	2023-05-14T02:56:29.7637991Z -- [INFO] 
Account Console IT (chrome)	Run Account Console IT	2023-05-14T02:56:29.7638295Z -- [ERROR] Failures: 
Account Console IT (chrome)	Run Account Console IT	2023-05-14T02:56:29.7638986Z -- [ERROR] org.keycloak.testsuite.ui.account2.InternationalizationTest.userAttributeTest
Account Console IT (chrome)	Run Account Console IT	2023-05-14T02:56:29.7639856Z -- [ERROR]   Run 1: InternationalizationTest.userAttributeTest:105 expected:<[English]> but was:<[und]>
Account Console IT (chrome)	Run Account Console IT	2023-05-14T02:56:29.7641112Z -- [ERROR]   Run 2: InternationalizationTest.userAttributeTest:105 expected:<[English]> but was:<[und]>
Account Console IT (chrome)	Run Account Console IT	2023-05-14T02:56:29.7641856Z -- [ERROR]   Run 3: InternationalizationTest.userAttributeTest:105 expected:<[English]> but was:<[und]>
Account Console IT (chrome)	Run Account Console IT	2023-05-14T02:56:29.7642321Z -- [INFO] 
Account Console IT (chrome)	Run Account Console IT	2023-05-14T02:56:29.7642599Z -- [INFO] 
Account Console IT (chrome)	Run Account Console IT	2023-05-14T02:56:29.7643004Z -- [ERROR] Tests run: 77, Failures: 1, Errors: 0, Skipped: 3
Account Console IT (chrome)	Run Account Console IT	2023-05-14T02:56:29.7643358Z -- [INFO] 
Account Console IT (chrome)	Run Account Console IT	2023-05-14T02:56:29.7753758Z -- [INFO] ------------------------------------------------------------------------
Account Console IT (chrome)	Run Account Console IT	2023-05-14T02:56:29.7754341Z -- [INFO] BUILD FAILURE
Account Console IT (chrome)	Run Account Console IT	2023-05-14T02:56:29.7754844Z -- [INFO] ------------------------------------------------------------------------
Account Console IT (chrome)	Run Account Console IT	2023-05-14T02:56:29.7772990Z -- [INFO] Total time:  25:19 min
Account Console IT (chrome)	Run Account Console IT	2023-05-14T02:56:29.7776283Z -- [INFO] Finished at: 2023-05-14T02:56:29Z
Account Console IT (chrome)	Run Account Console IT	2023-05-14T02:56:29.7785798Z -- [INFO] ------------------------------------------------------------------------
Account Console IT (chrome)	Run Account Console IT	2023-05-14T02:56:29.7830055Z -- [ERROR] Failed to execute goal org.apache.maven.plugins:maven-surefire-plugin:3.0.0-M7:test (default-test) on project integration-arquillian-tests-base-ui: There are test failures.
Account Console IT (chrome)	Run Account Console IT	2023-05-14T02:56:29.7831033Z -- [ERROR] 
Account Console IT (chrome)	Run Account Console IT	2023-05-14T02:56:29.7832430Z -- [ERROR] Please refer to /home/runner/work/keycloak/keycloak/testsuite/integration-arquillian/tests/other/base-ui/target/surefire-reports for the individual test results.
Account Console IT (chrome)	Run Account Console IT	2023-05-14T02:56:29.7833330Z -- [ERROR] Please refer to dump files (if any exist) [date].dump, [date]-jvmRun[N].dump and [date].dumpstream.
Account Console IT (chrome)	Run Account Console IT	2023-05-14T02:56:29.7833838Z -- [ERROR] -> [Help 1]
Account Console IT (chrome)	Run Account Console IT	2023-05-14T02:56:29.7834177Z -- [ERROR] 
Account Console IT (chrome)	Run Account Console IT	2023-05-14T02:56:29.7834656Z -- [ERROR] To see the full stack trace of the errors, re-run Maven with the -e switch.
Account Console IT (chrome)	Run Account Console IT	2023-05-14T02:56:29.7835216Z -- [ERROR] Re-run Maven using the -X switch to enable full debug logging.
Account Console IT (chrome)	Run Account Console IT	2023-05-14T02:56:29.7835614Z -- [ERROR] 
Account Console IT (chrome)	Run Account Console IT	2023-05-14T02:56:29.7836178Z -- [ERROR] For more information about the errors and possible solutions, please read the following articles:
Account Console IT (chrome)	Run Account Console IT	2023-05-14T02:56:29.7836869Z -- [ERROR] [Help 1] http://cwiki.apache.org/confluence/display/MAVEN/MojoFailureException
Account Console IT (chrome)	Run Account Console IT	2023-05-14T02:56:29.8092995Z ##[error]Process completed with exit code 1.
