Account Console IT (chrome)	Run Account Console IT	2023-05-11T20:16:23.6926705Z ##[group]Run ./mvnw test -Dsurefire.rerunFailingTestsCount=2 -nsu -B -Pauth-server-quarkus -Dtest=**.account2.**,!SigningInTest#passwordlessWebAuthnTest,!SigningInTest#twoFactorWebAuthnTest -Dbrowser=chrome "-Dwebdriver.chrome.driver=$CHROMEWEBDRIVER/chromedriver" -f testsuite/integration-arquillian/tests/other/base-ui/pom.xml | misc/log/trimmer.sh
Account Console IT (chrome)	Run Account Console IT	2023-05-11T20:16:23.6928280Z [36;1m./mvnw test -Dsurefire.rerunFailingTestsCount=2 -nsu -B -Pauth-server-quarkus -Dtest=**.account2.**,!SigningInTest#passwordlessWebAuthnTest,!SigningInTest#twoFactorWebAuthnTest -Dbrowser=chrome "-Dwebdriver.chrome.driver=$CHROMEWEBDRIVER/chromedriver" -f testsuite/integration-arquillian/tests/other/base-ui/pom.xml | misc/log/trimmer.sh[0m
Account Console IT (chrome)	Run Account Console IT	2023-05-11T20:16:23.6988351Z shell: /usr/bin/bash --noprofile --norc -e -o pipefail {0}
Account Console IT (chrome)	Run Account Console IT	2023-05-11T20:16:23.6988938Z env:
Account Console IT (chrome)	Run Account Console IT	2023-05-11T20:16:23.6989193Z   DEFAULT_JDK_VERSION: 17
Account Console IT (chrome)	Run Account Console IT	2023-05-11T20:16:23.6989478Z   DEFAULT_JDK_DIST: temurin
Account Console IT (chrome)	Run Account Console IT	2023-05-11T20:16:23.6989769Z   SUREFIRE_RERUN_FAILING_COUNT: 2
Account Console IT (chrome)	Run Account Console IT	2023-05-11T20:16:23.6990211Z   JAVA_HOME: /opt/hostedtoolcache/Java_Temurin-Hotspot_jdk/17.0.7-7/x64
Account Console IT (chrome)	Run Account Console IT	2023-05-11T20:16:23.6990655Z   JAVA_HOME_17_X64: /opt/hostedtoolcache/Java_Temurin-Hotspot_jdk/17.0.7-7/x64
Account Console IT (chrome)	Run Account Console IT	2023-05-11T20:16:23.6991001Z ##[endgroup]
Account Console IT (chrome)	Run Account Console IT	2023-05-11T20:16:28.0576903Z -- [INFO] Scanning for projects...
Account Console IT (chrome)	Run Account Console IT	2023-05-11T20:16:28.3739905Z -- [INFO] 
Account Console IT (chrome)	Run Account Console IT	2023-05-11T20:16:28.3758862Z -- [INFO] ----< org.keycloak.testsuite:integration-arquillian-tests-base-ui >-----
Account Console IT (chrome)	Run Account Console IT	2023-05-11T20:16:28.3759438Z -- [INFO] Building Base UI TestSuite 999.0.0-SNAPSHOT
Account Console IT (chrome)	Run Account Console IT	2023-05-11T20:16:28.3759902Z -- [INFO] --------------------------------[ jar ]---------------------------------
Account Console IT (chrome)	Run Account Console IT	2023-05-11T20:16:28.5977970Z -- [INFO] Downloading from jboss-public-repository: https://repository.jboss.org/nexus/content/groups/public/org/codehaus/mojo/properties-maven-plugin/1.0.0/properties-maven-plugin-1.0.0.pom
Account Console IT (chrome)	Run Account Console IT	2023-05-11T20:16:28.9959520Z -- [INFO] Downloading from central: https://repo.maven.apache.org/maven2/org/codehaus/mojo/properties-maven-plugin/1.0.0/properties-maven-plugin-1.0.0.pom
Account Console IT (chrome)	Run Account Console IT	2023-05-11T20:16:29.0844298Z -- [INFO] Downloaded from central: https://repo.maven.apache.org/maven2/org/codehaus/mojo/properties-maven-plugin/1.0.0/properties-maven-plugin-1.0.0.pom (5.0 kB at 56 kB/s)
Account Console IT (chrome)	Run Account Console IT	2023-05-11T20:16:29.0893996Z -- [INFO] Downloading from jboss-public-repository: https://repository.jboss.org/nexus/content/groups/public/org/codehaus/mojo/properties-maven-plugin/1.0.0/properties-maven-plugin-1.0.0.jar
Account Console IT (chrome)	Run Account Console IT	2023-05-11T20:16:29.1878259Z -- [INFO] Downloading from central: https://repo.maven.apache.org/maven2/org/codehaus/mojo/properties-maven-plugin/1.0.0/properties-maven-plugin-1.0.0.jar
Account Console IT (chrome)	Run Account Console IT	2023-05-11T20:16:29.2310516Z -- [INFO] Downloaded from central: https://repo.maven.apache.org/maven2/org/codehaus/mojo/properties-maven-plugin/1.0.0/properties-maven-plugin-1.0.0.jar (30 kB at 671 kB/s)
Account Console IT (chrome)	Run Account Console IT	2023-05-11T20:16:29.2977372Z -- [INFO] Downloading from central: https://repo.maven.apache.org/maven2/org/jboss/arquillian/extension/arquillian-drone-appium-extension/2.5.5/arquillian-drone-appium-extension-2.5.5.pom
Account Console IT (chrome)	Run Account Console IT	2023-05-11T20:16:29.3368785Z -- [INFO] Downloaded from central: https://repo.maven.apache.org/maven2/org/jboss/arquillian/extension/arquillian-drone-appium-extension/2.5.5/arquillian-drone-appium-extension-2.5.5.pom (3.2 kB at 79 kB/s)
Account Console IT (chrome)	Run Account Console IT	2023-05-11T20:16:29.5236988Z -- [INFO] Downloading from central: https://repo.maven.apache.org/maven2/io/appium/java-client/5.0.0-BETA9/java-client-5.0.0-BETA9.pom
Account Console IT (chrome)	Run Account Console IT	2023-05-11T20:16:29.5572850Z -- [INFO] Downloaded from central: https://repo.maven.apache.org/maven2/io/appium/java-client/5.0.0-BETA9/java-client-5.0.0-BETA9.pom (3.9 kB at 117 kB/s)
Account Console IT (chrome)	Run Account Console IT	2023-05-11T20:16:29.5719738Z -- [INFO] Downloading from central: https://repo.maven.apache.org/maven2/com/google/code/gson/gson/2.8.1/gson-2.8.1.pom
Account Console IT (chrome)	Run Account Console IT	2023-05-11T20:16:29.6069335Z -- [INFO] Downloaded from central: https://repo.maven.apache.org/maven2/com/google/code/gson/gson/2.8.1/gson-2.8.1.pom (1.9 kB at 54 kB/s)
Account Console IT (chrome)	Run Account Console IT	2023-05-11T20:16:29.6162630Z -- [INFO] Downloading from central: https://repo.maven.apache.org/maven2/com/google/code/gson/gson-parent/2.8.1/gson-parent-2.8.1.pom
Account Console IT (chrome)	Run Account Console IT	2023-05-11T20:16:29.6472543Z -- [INFO] Downloaded from central: https://repo.maven.apache.org/maven2/com/google/code/gson/gson-parent/2.8.1/gson-parent-2.8.1.pom (3.7 kB at 111 kB/s)
Account Console IT (chrome)	Run Account Console IT	2023-05-11T20:16:29.6509113Z -- [INFO] Downloading from central: https://repo.maven.apache.org/maven2/cglib/cglib/3.2.5/cglib-3.2.5.pom
Account Console IT (chrome)	Run Account Console IT	2023-05-11T20:16:29.6945410Z -- [INFO] Downloaded from central: https://repo.maven.apache.org/maven2/cglib/cglib/3.2.5/cglib-3.2.5.pom (2.8 kB at 66 kB/s)
Account Console IT (chrome)	Run Account Console IT	2023-05-11T20:16:29.6965611Z -- [INFO] Downloading from central: https://repo.maven.apache.org/maven2/cglib/cglib-parent/3.2.5/cglib-parent-3.2.5.pom
Account Console IT (chrome)	Run Account Console IT	2023-05-11T20:16:29.7345829Z -- [INFO] Downloaded from central: https://repo.maven.apache.org/maven2/cglib/cglib-parent/3.2.5/cglib-parent-3.2.5.pom (9.8 kB at 265 kB/s)
Account Console IT (chrome)	Run Account Console IT	2023-05-11T20:16:29.7394085Z -- [INFO] Downloading from central: https://repo.maven.apache.org/maven2/org/ow2/asm/asm/6.0_ALPHA/asm-6.0_ALPHA.pom
Account Console IT (chrome)	Run Account Console IT	2023-05-11T20:16:29.7811581Z -- [INFO] Downloaded from central: https://repo.maven.apache.org/maven2/org/ow2/asm/asm/6.0_ALPHA/asm-6.0_ALPHA.pom (1.9 kB at 46 kB/s)
Account Console IT (chrome)	Run Account Console IT	2023-05-11T20:16:29.7828934Z -- [INFO] Downloading from central: https://repo.maven.apache.org/maven2/org/ow2/asm/asm-parent/6.0_ALPHA/asm-parent-6.0_ALPHA.pom
Account Console IT (chrome)	Run Account Console IT	2023-05-11T20:16:29.8185419Z -- [INFO] Downloaded from central: https://repo.maven.apache.org/maven2/org/ow2/asm/asm-parent/6.0_ALPHA/asm-parent-6.0_ALPHA.pom (5.5 kB at 157 kB/s)
Account Console IT (chrome)	Run Account Console IT	2023-05-11T20:16:29.8469882Z -- [INFO] Downloading from central: https://repo.maven.apache.org/maven2/org/springframework/spring-context/4.3.8.RELEASE/spring-context-4.3.8.RELEASE.pom
Account Console IT (chrome)	Run Account Console IT	2023-05-11T20:16:29.8816957Z -- [INFO] Downloaded from central: https://repo.maven.apache.org/maven2/org/springframework/spring-context/4.3.8.RELEASE/spring-context-4.3.8.RELEASE.pom (5.0 kB at 148 kB/s)
Account Console IT (chrome)	Run Account Console IT	2023-05-11T20:16:29.8888337Z -- [INFO] Downloading from central: https://repo.maven.apache.org/maven2/org/springframework/spring-aop/4.3.8.RELEASE/spring-aop-4.3.8.RELEASE.pom
Account Console IT (chrome)	Run Account Console IT	2023-05-11T20:16:29.9313330Z -- [INFO] Downloaded from central: https://repo.maven.apache.org/maven2/org/springframework/spring-aop/4.3.8.RELEASE/spring-aop-4.3.8.RELEASE.pom (2.7 kB at 60 kB/s)
Account Console IT (chrome)	Run Account Console IT	2023-05-11T20:16:29.9347523Z -- [INFO] Downloading from central: https://repo.maven.apache.org/maven2/org/springframework/spring-beans/4.3.8.RELEASE/spring-beans-4.3.8.RELEASE.pom
Account Console IT (chrome)	Run Account Console IT	2023-05-11T20:16:29.9768523Z -- [INFO] Downloaded from central: https://repo.maven.apache.org/maven2/org/springframework/spring-beans/4.3.8.RELEASE/spring-beans-4.3.8.RELEASE.pom (2.5 kB at 61 kB/s)
Account Console IT (chrome)	Run Account Console IT	2023-05-11T20:16:29.9920516Z -- [INFO] Downloading from central: https://repo.maven.apache.org/maven2/org/springframework/spring-core/4.3.8.RELEASE/spring-core-4.3.8.RELEASE.pom
Account Console IT (chrome)	Run Account Console IT	2023-05-11T20:16:30.0300680Z -- [INFO] Downloaded from central: https://repo.maven.apache.org/maven2/org/springframework/spring-core/4.3.8.RELEASE/spring-core-4.3.8.RELEASE.pom (2.5 kB at 53 kB/s)
Account Console IT (chrome)	Run Account Console IT	2023-05-11T20:16:30.0384164Z -- [INFO] Downloading from central: https://repo.maven.apache.org/maven2/org/springframework/spring-expression/4.3.8.RELEASE/spring-expression-4.3.8.RELEASE.pom
Account Console IT (chrome)	Run Account Console IT	2023-05-11T20:16:30.0813942Z -- [INFO] Downloaded from central: https://repo.maven.apache.org/maven2/org/springframework/spring-expression/4.3.8.RELEASE/spring-expression-4.3.8.RELEASE.pom (1.7 kB at 37 kB/s)
Account Console IT (chrome)	Run Account Console IT	2023-05-11T20:16:30.0860101Z -- [INFO] Downloading from central: https://repo.maven.apache.org/maven2/org/aspectj/aspectjweaver/1.8.10/aspectjweaver-1.8.10.pom
Account Console IT (chrome)	Run Account Console IT	2023-05-11T20:16:30.1767885Z -- [INFO] Downloaded from central: https://repo.maven.apache.org/maven2/org/aspectj/aspectjweaver/1.8.10/aspectjweaver-1.8.10.pom (1.0 kB at 12 kB/s)
Account Console IT (chrome)	Run Account Console IT	2023-05-11T20:16:31.0571733Z -- [INFO] Downloading from central: https://repo.maven.apache.org/maven2/org/jboss/jboss-parent/37/jboss-parent-37.pom
Account Console IT (chrome)	Run Account Console IT	2023-05-11T20:16:31.0755292Z -- [INFO] Downloaded from central: https://repo.maven.apache.org/maven2/org/jboss/jboss-parent/37/jboss-parent-37.pom (0 B at 0 B/s)
Account Console IT (chrome)	Run Account Console IT	2023-05-11T20:16:31.0827736Z -- [INFO] Downloading from central: https://repo.maven.apache.org/maven2/org/jboss/jboss-parent/38/jboss-parent-38.pom
Account Console IT (chrome)	Run Account Console IT	2023-05-11T20:16:31.0996689Z -- [INFO] Downloaded from central: https://repo.maven.apache.org/maven2/org/jboss/jboss-parent/38/jboss-parent-38.pom (0 B at 0 B/s)
Account Console IT (chrome)	Run Account Console IT	2023-05-11T20:16:31.5737638Z -- [INFO] Downloading from central: https://repo.maven.apache.org/maven2/org/jboss/shrinkwrap/resolver/shrinkwrap-resolver-spi/3.1.4/shrinkwrap-resolver-spi-3.1.4.pom
Account Console IT (chrome)	Run Account Console IT	2023-05-11T20:16:31.5891739Z -- [INFO] Downloaded from central: https://repo.maven.apache.org/maven2/org/jboss/shrinkwrap/resolver/shrinkwrap-resolver-spi/3.1.4/shrinkwrap-resolver-spi-3.1.4.pom (0 B at 0 B/s)
Account Console IT (chrome)	Run Account Console IT	2023-05-11T20:16:31.5922749Z -- [INFO] Downloading from central: https://repo.maven.apache.org/maven2/org/jboss/shrinkwrap/resolver/shrinkwrap-resolver-spi-maven/3.1.4/shrinkwrap-resolver-spi-maven-3.1.4.pom
Account Console IT (chrome)	Run Account Console IT	2023-05-11T20:16:31.6089161Z -- [INFO] Downloaded from central: https://repo.maven.apache.org/maven2/org/jboss/shrinkwrap/resolver/shrinkwrap-resolver-spi-maven/3.1.4/shrinkwrap-resolver-spi-maven-3.1.4.pom (0 B at 0 B/s)
Account Console IT (chrome)	Run Account Console IT	2023-05-11T20:16:31.6104972Z -- [INFO] Downloading from central: https://repo.maven.apache.org/maven2/org/jboss/shrinkwrap/resolver/shrinkwrap-resolver-api-maven-archive/3.1.4/shrinkwrap-resolver-api-maven-archive-3.1.4.pom
Account Console IT (chrome)	Run Account Console IT	2023-05-11T20:16:31.6293380Z -- [INFO] Downloaded from central: https://repo.maven.apache.org/maven2/org/jboss/shrinkwrap/resolver/shrinkwrap-resolver-api-maven-archive/3.1.4/shrinkwrap-resolver-api-maven-archive-3.1.4.pom (0 B at 0 B/s)
Account Console IT (chrome)	Run Account Console IT	2023-05-11T20:16:31.6294729Z -- [INFO] Downloading from central: https://repo.maven.apache.org/maven2/org/jboss/shrinkwrap/resolver/shrinkwrap-resolver-impl-maven/3.1.4/shrinkwrap-resolver-impl-maven-3.1.4.pom
Account Console IT (chrome)	Run Account Console IT	2023-05-11T20:16:31.6466235Z -- [INFO] Downloaded from central: https://repo.maven.apache.org/maven2/org/jboss/shrinkwrap/resolver/shrinkwrap-resolver-impl-maven/3.1.4/shrinkwrap-resolver-impl-maven-3.1.4.pom (0 B at 0 B/s)
Account Console IT (chrome)	Run Account Console IT	2023-05-11T20:16:31.7019687Z -- [INFO] Downloading from central: https://repo.maven.apache.org/maven2/org/jboss/shrinkwrap/resolver/shrinkwrap-resolver-impl-maven-archive/3.1.4/shrinkwrap-resolver-impl-maven-archive-3.1.4.pom
Account Console IT (chrome)	Run Account Console IT	2023-05-11T20:16:31.7237585Z -- [INFO] Downloaded from central: https://repo.maven.apache.org/maven2/org/jboss/shrinkwrap/resolver/shrinkwrap-resolver-impl-maven-archive/3.1.4/shrinkwrap-resolver-impl-maven-archive-3.1.4.pom (0 B at 0 B/s)
Account Console IT (chrome)	Run Account Console IT	2023-05-11T20:16:31.7293244Z -- [INFO] Downloading from central: https://repo.maven.apache.org/maven2/org/jboss/shrinkwrap/resolver/shrinkwrap-resolver-spi-maven-archive/3.1.4/shrinkwrap-resolver-spi-maven-archive-3.1.4.pom
Account Console IT (chrome)	Run Account Console IT	2023-05-11T20:16:31.7478677Z -- [INFO] Downloaded from central: https://repo.maven.apache.org/maven2/org/jboss/shrinkwrap/resolver/shrinkwrap-resolver-spi-maven-archive/3.1.4/shrinkwrap-resolver-spi-maven-archive-3.1.4.pom (0 B at 0 B/s)
Account Console IT (chrome)	Run Account Console IT	2023-05-11T20:16:32.1907911Z -- [INFO] Downloading from central: https://repo.maven.apache.org/maven2/org/jboss/arquillian/extension/arquillian-drone-appium-extension/2.5.5/arquillian-drone-appium-extension-2.5.5.jar
Account Console IT (chrome)	Run Account Console IT	2023-05-11T20:16:32.2389553Z -- [INFO] Downloaded from central: https://repo.maven.apache.org/maven2/org/jboss/arquillian/extension/arquillian-drone-appium-extension/2.5.5/arquillian-drone-appium-extension-2.5.5.jar (9.5 kB at 197 kB/s)
Account Console IT (chrome)	Run Account Console IT	2023-05-11T20:16:32.2575987Z -- [INFO] 
Account Console IT (chrome)	Run Account Console IT	2023-05-11T20:16:32.2583293Z -- [INFO] --- maven-enforcer-plugin:3.0.0-M3:enforce (enforce-java-version) @ integration-arquillian-tests-base-ui ---
Account Console IT (chrome)	Run Account Console IT	2023-05-11T20:16:32.4305227Z -- [INFO] 
Account Console IT (chrome)	Run Account Console IT	2023-05-11T20:16:32.4310639Z -- [INFO] --- maven-enforcer-plugin:3.0.0-M3:enforce (enforce-maven-version) @ integration-arquillian-tests-base-ui ---
Account Console IT (chrome)	Run Account Console IT	2023-05-11T20:16:32.4332044Z -- [INFO] 
Account Console IT (chrome)	Run Account Console IT	2023-05-11T20:16:32.4336130Z -- [INFO] --- maven-enforcer-plugin:3.0.0-M3:enforce (enforce-maven) @ integration-arquillian-tests-base-ui ---
Account Console IT (chrome)	Run Account Console IT	2023-05-11T20:16:32.4346861Z -- [INFO] 
Account Console IT (chrome)	Run Account Console IT	2023-05-11T20:16:32.4355110Z -- [INFO] --- buildnumber-maven-plugin:1.4:create (get-scm-revision) @ integration-arquillian-tests-base-ui ---
Account Console IT (chrome)	Run Account Console IT	2023-05-11T20:16:32.6411999Z -- [INFO] Executing: /bin/sh -c cd '/home/runner/work/keycloak/keycloak/testsuite/integration-arquillian/tests/other/base-ui' && 'git' 'rev-parse' '--verify' 'HEAD'
Account Console IT (chrome)	Run Account Console IT	2023-05-11T20:16:32.6417563Z -- [INFO] Working directory: /home/runner/work/keycloak/keycloak/testsuite/integration-arquillian/tests/other/base-ui
Account Console IT (chrome)	Run Account Console IT	2023-05-11T20:16:32.6568045Z -- [INFO] Storing buildNumber: 04ab84800312a705e3ee623f64fbcc2e2abf078b at timestamp: 1683836192627
Account Console IT (chrome)	Run Account Console IT	2023-05-11T20:16:32.6650408Z -- [INFO] Storing buildScmBranch: main
Account Console IT (chrome)	Run Account Console IT	2023-05-11T20:16:32.6651103Z -- [INFO] 
Account Console IT (chrome)	Run Account Console IT	2023-05-11T20:16:32.6652218Z -- [INFO] --- maven-dependency-plugin:3.1.2:unpack (unpack-test-resources) @ integration-arquillian-tests-base-ui ---
Account Console IT (chrome)	Run Account Console IT	2023-05-11T20:16:33.0906299Z -- [INFO] Configured Artifact: org.keycloak.testsuite:integration-arquillian-tests-base:tests:999.0.0-SNAPSHOT:jar
Account Console IT (chrome)	Run Account Console IT	2023-05-11T20:16:33.1094122Z -- [INFO] Unpacking /home/runner/.m2/repository/org/keycloak/testsuite/integration-arquillian-tests-base/999.0.0-SNAPSHOT/integration-arquillian-tests-base-999.0.0-SNAPSHOT-tests.jar to /home/runner/work/keycloak/keycloak/testsuite/integration-arquillian/tests/other/base-ui/target/dependency with includes "arquillian.xml,wildfly-config.xml,keycloak-add-user.json,test-constants.properties,kerberos/*,keystore/*,password-blacklists/*,log4j.properties,vault/*" and excludes ""
Account Console IT (chrome)	Run Account Console IT	2023-05-11T20:16:33.2956887Z -- [INFO] 
Account Console IT (chrome)	Run Account Console IT	2023-05-11T20:16:33.2959218Z -- [INFO] --- maven-resources-plugin:3.0.1:copy-resources (copy-truststore) @ integration-arquillian-tests-base-ui ---
Account Console IT (chrome)	Run Account Console IT	2023-05-11T20:16:33.3578400Z -- [INFO] Using 'UTF-8' encoding to copy filtered resources.
Account Console IT (chrome)	Run Account Console IT	2023-05-11T20:16:33.3582027Z -- [INFO] skip non existing resourceDirectory /home/runner/work/keycloak/keycloak/testsuite/integration-arquillian/tests/other/base-ui/src/test/resources
Account Console IT (chrome)	Run Account Console IT	2023-05-11T20:16:33.3601958Z -- [INFO] 
Account Console IT (chrome)	Run Account Console IT	2023-05-11T20:16:33.3603715Z -- [INFO] --- maven-resources-plugin:3.0.1:resources (default-resources) @ integration-arquillian-tests-base-ui ---
Account Console IT (chrome)	Run Account Console IT	2023-05-11T20:16:33.3628151Z -- [INFO] Using 'UTF-8' encoding to copy filtered resources.
Account Console IT (chrome)	Run Account Console IT	2023-05-11T20:16:33.3689049Z -- [INFO] Copying 12 resources
Account Console IT (chrome)	Run Account Console IT	2023-05-11T20:16:33.3860275Z -- [INFO] 
Account Console IT (chrome)	Run Account Console IT	2023-05-11T20:16:33.3867023Z -- [INFO] --- properties-maven-plugin:1.0.0:read-project-properties (default) @ integration-arquillian-tests-base-ui ---
Account Console IT (chrome)	Run Account Console IT	2023-05-11T20:16:33.4160081Z -- [INFO] 
Account Console IT (chrome)	Run Account Console IT	2023-05-11T20:16:33.4161111Z -- [INFO] --- maven-resources-plugin:3.0.1:copy-resources (copy-theme-files) @ integration-arquillian-tests-base-ui ---
Account Console IT (chrome)	Run Account Console IT	2023-05-11T20:16:33.4184341Z -- [INFO] Using 'UTF-8' encoding to copy filtered resources.
Account Console IT (chrome)	Run Account Console IT	2023-05-11T20:16:33.4208357Z -- [INFO] Copying 12 resources
Account Console IT (chrome)	Run Account Console IT	2023-05-11T20:16:33.4378465Z -- [INFO] 
Account Console IT (chrome)	Run Account Console IT	2023-05-11T20:16:33.4379592Z -- [INFO] --- maven-compiler-plugin:3.8.1:compile (default-compile) @ integration-arquillian-tests-base-ui ---
Account Console IT (chrome)	Run Account Console IT	2023-05-11T20:16:33.5210394Z -- [INFO] Changes detected - recompiling the module!
Account Console IT (chrome)	Run Account Console IT	2023-05-11T20:16:33.5242587Z -- [INFO] Compiling 19 source files to /home/runner/work/keycloak/keycloak/testsuite/integration-arquillian/tests/other/base-ui/target/classes
Account Console IT (chrome)	Run Account Console IT	2023-05-11T20:16:36.1621958Z -- [INFO] 
Account Console IT (chrome)	Run Account Console IT	2023-05-11T20:16:36.1630774Z -- [INFO] --- maven-dependency-plugin:3.1.2:unpack (unpack-undertow-server) @ integration-arquillian-tests-base-ui ---
Account Console IT (chrome)	Run Account Console IT	2023-05-11T20:16:36.1650838Z -- [INFO] Skipping plugin execution
Account Console IT (chrome)	Run Account Console IT	2023-05-11T20:16:36.1656165Z -- [INFO] 
Account Console IT (chrome)	Run Account Console IT	2023-05-11T20:16:36.1662576Z -- [INFO] --- maven-dependency-plugin:3.1.2:unpack (unpack-quarkus-server) @ integration-arquillian-tests-base-ui ---
Account Console IT (chrome)	Run Account Console IT	2023-05-11T20:16:36.1678977Z -- [INFO] Configured Artifact: org.keycloak.testsuite:integration-arquillian-servers-auth-server-quarkus:999.0.0-SNAPSHOT:zip
Account Console IT (chrome)	Run Account Console IT	2023-05-11T20:16:36.1733248Z -- [INFO] Unpacking /home/runner/.m2/repository/org/keycloak/testsuite/integration-arquillian-servers-auth-server-quarkus/999.0.0-SNAPSHOT/integration-arquillian-servers-auth-server-quarkus-999.0.0-SNAPSHOT.zip to /home/runner/work/keycloak/keycloak/testsuite/integration-arquillian/tests/other/base-ui/target/containers with includes "" and excludes ""
Account Console IT (chrome)	Run Account Console IT	2023-05-11T20:16:38.2208022Z -- [INFO] 
Account Console IT (chrome)	Run Account Console IT	2023-05-11T20:16:38.2209083Z -- [INFO] --- maven-dependency-plugin:3.1.2:unpack (unpack-app-server) @ integration-arquillian-tests-base-ui ---
Account Console IT (chrome)	Run Account Console IT	2023-05-11T20:16:38.2250030Z -- [INFO] Skipping plugin execution
Account Console IT (chrome)	Run Account Console IT	2023-05-11T20:16:38.2250748Z -- [INFO] 
Account Console IT (chrome)	Run Account Console IT	2023-05-11T20:16:38.2252011Z -- [INFO] --- maven-dependency-plugin:3.1.2:copy (example-wars) @ integration-arquillian-tests-base-ui ---
Account Console IT (chrome)	Run Account Console IT	2023-05-11T20:16:38.2252732Z -- [INFO] Configured Artifact: org.keycloak.testsuite:hello-world-authz-service:999.0.0-SNAPSHOT:war
Account Console IT (chrome)	Run Account Console IT	2023-05-11T20:16:38.2351510Z -- [INFO] Configured Artifact: org.keycloak.testsuite:photoz-html5-client:999.0.0-SNAPSHOT:war
Account Console IT (chrome)	Run Account Console IT	2023-05-11T20:16:38.2385463Z -- [INFO] Configured Artifact: org.keycloak.testsuite:photoz-restful-api:999.0.0-SNAPSHOT:war
Account Console IT (chrome)	Run Account Console IT	2023-05-11T20:16:38.2415769Z -- [INFO] Configured Artifact: org.keycloak.testsuite:servlet-authz-app:999.0.0-SNAPSHOT:war
Account Console IT (chrome)	Run Account Console IT	2023-05-11T20:16:38.2443948Z -- [INFO] Configured Artifact: org.keycloak.testsuite:servlet-policy-enforcer:999.0.0-SNAPSHOT:war
Account Console IT (chrome)	Run Account Console IT	2023-05-11T20:16:38.2514904Z -- [INFO] Configured Artifact: org.keycloak.testsuite:integration-arquillian-test-apps-cors-angular-product:999.0.0-SNAPSHOT:war
Account Console IT (chrome)	Run Account Console IT	2023-05-11T20:16:38.2549889Z -- [INFO] Configured Artifact: org.keycloak.testsuite:integration-arquillian-test-apps-cors-database-service:999.0.0-SNAPSHOT:war
Account Console IT (chrome)	Run Account Console IT	2023-05-11T20:16:38.2578881Z -- [INFO] Copying hello-world-authz-service-999.0.0-SNAPSHOT.war to /home/runner/work/keycloak/keycloak/testsuite/integration-arquillian/tests/other/base-ui/target/examples/hello-world-authz-service-999.0.0-SNAPSHOT.war
Account Console IT (chrome)	Run Account Console IT	2023-05-11T20:16:38.2733361Z -- [INFO] Copying photoz-html5-client-999.0.0-SNAPSHOT.war to /home/runner/work/keycloak/keycloak/testsuite/integration-arquillian/tests/other/base-ui/target/examples/photoz-html5-client-999.0.0-SNAPSHOT.war
Account Console IT (chrome)	Run Account Console IT	2023-05-11T20:16:38.2736534Z -- [INFO] Copying photoz-restful-api-999.0.0-SNAPSHOT.war to /home/runner/work/keycloak/keycloak/testsuite/integration-arquillian/tests/other/base-ui/target/examples/photoz-restful-api-999.0.0-SNAPSHOT.war
Account Console IT (chrome)	Run Account Console IT	2023-05-11T20:16:38.2737920Z -- [INFO] Copying servlet-authz-app-999.0.0-SNAPSHOT.war to /home/runner/work/keycloak/keycloak/testsuite/integration-arquillian/tests/other/base-ui/target/examples/servlet-authz-app-999.0.0-SNAPSHOT.war
Account Console IT (chrome)	Run Account Console IT	2023-05-11T20:16:38.2794336Z -- [INFO] Copying servlet-policy-enforcer-999.0.0-SNAPSHOT.war to /home/runner/work/keycloak/keycloak/testsuite/integration-arquillian/tests/other/base-ui/target/examples/servlet-policy-enforcer-999.0.0-SNAPSHOT.war
Account Console IT (chrome)	Run Account Console IT	2023-05-11T20:16:38.2796047Z -- [INFO] Copying integration-arquillian-test-apps-cors-angular-product-999.0.0-SNAPSHOT.war to /home/runner/work/keycloak/keycloak/testsuite/integration-arquillian/tests/other/base-ui/target/examples/integration-arquillian-test-apps-cors-angular-product-999.0.0-SNAPSHOT.war
Account Console IT (chrome)	Run Account Console IT	2023-05-11T20:16:38.2861133Z -- [INFO] Copying integration-arquillian-test-apps-cors-database-service-999.0.0-SNAPSHOT.war to /home/runner/work/keycloak/keycloak/testsuite/integration-arquillian/tests/other/base-ui/target/examples/integration-arquillian-test-apps-cors-database-service-999.0.0-SNAPSHOT.war
Account Console IT (chrome)	Run Account Console IT	2023-05-11T20:16:38.2862016Z -- [INFO] 
Account Console IT (chrome)	Run Account Console IT	2023-05-11T20:16:38.2862552Z -- [INFO] --- maven-dependency-plugin:3.1.2:unpack (test-apps-realms) @ integration-arquillian-tests-base-ui ---
Account Console IT (chrome)	Run Account Console IT	2023-05-11T20:16:38.2863250Z -- [INFO] Configured Artifact: org.keycloak.testsuite:integration-arquillian-test-apps-dist:999.0.0-SNAPSHOT:zip
Account Console IT (chrome)	Run Account Console IT	2023-05-11T20:16:38.2864605Z -- [INFO] Unpacking /home/runner/.m2/repository/org/keycloak/testsuite/integration-arquillian-test-apps-dist/999.0.0-SNAPSHOT/integration-arquillian-test-apps-dist-999.0.0-SNAPSHOT.zip to /home/runner/work/keycloak/keycloak/testsuite/integration-arquillian/tests/other/base-ui/target/examples with includes "**/*realm.json,**/*authz-service.json,**/testsaml.json,**/*-keycloak.json" and excludes ""
Account Console IT (chrome)	Run Account Console IT	2023-05-11T20:16:38.2919024Z -- [INFO] 
Account Console IT (chrome)	Run Account Console IT	2023-05-11T20:16:38.2919896Z -- [INFO] --- maven-resources-plugin:3.0.1:copy-resources (example-realms) @ integration-arquillian-tests-base-ui ---
Account Console IT (chrome)	Run Account Console IT	2023-05-11T20:16:38.2924574Z -- [INFO] Skipping the execution.
Account Console IT (chrome)	Run Account Console IT	2023-05-11T20:16:38.2968645Z -- [INFO] 
Account Console IT (chrome)	Run Account Console IT	2023-05-11T20:16:38.2969523Z -- [INFO] --- maven-resources-plugin:3.0.1:testResources (default-testResources) @ integration-arquillian-tests-base-ui ---
Account Console IT (chrome)	Run Account Console IT	2023-05-11T20:16:38.2970363Z -- [INFO] Using 'UTF-8' encoding to copy filtered resources.
Account Console IT (chrome)	Run Account Console IT	2023-05-11T20:16:38.2971156Z -- [INFO] skip non existing resourceDirectory /home/runner/work/keycloak/keycloak/testsuite/integration-arquillian/tests/other/base-ui/src/test/resources
Account Console IT (chrome)	Run Account Console IT	2023-05-11T20:16:38.2971707Z -- [INFO] 
Account Console IT (chrome)	Run Account Console IT	2023-05-11T20:16:38.2972421Z -- [INFO] --- maven-antrun-plugin:1.8:run (clean-second-cache-server-arquillian-bug-workaround) @ integration-arquillian-tests-base-ui ---
Account Console IT (chrome)	Run Account Console IT	2023-05-11T20:16:38.3188129Z -- [INFO] Skipping Antrun execution
Account Console IT (chrome)	Run Account Console IT	2023-05-11T20:16:38.3188766Z -- [INFO] 
Account Console IT (chrome)	Run Account Console IT	2023-05-11T20:16:38.3189603Z -- [INFO] --- maven-resources-plugin:3.0.1:copy-resources (copy-admin-user-json-file) @ integration-arquillian-tests-base-ui ---
Account Console IT (chrome)	Run Account Console IT	2023-05-11T20:16:38.3207186Z -- [INFO] Using 'UTF-8' encoding to copy filtered resources.
Account Console IT (chrome)	Run Account Console IT	2023-05-11T20:16:38.3213129Z -- [INFO] Copying 1 resource
Account Console IT (chrome)	Run Account Console IT	2023-05-11T20:16:38.3257851Z -- [INFO] 
Account Console IT (chrome)	Run Account Console IT	2023-05-11T20:16:38.3258702Z -- [INFO] --- maven-compiler-plugin:3.8.1:testCompile (default-testCompile) @ integration-arquillian-tests-base-ui ---
Account Console IT (chrome)	Run Account Console IT	2023-05-11T20:16:38.3362474Z -- [INFO] Changes detected - recompiling the module!
Account Console IT (chrome)	Run Account Console IT	2023-05-11T20:16:38.3369863Z -- [INFO] Compiling 21 source files to /home/runner/work/keycloak/keycloak/testsuite/integration-arquillian/tests/other/base-ui/target/test-classes
Account Console IT (chrome)	Run Account Console IT	2023-05-11T20:16:40.3548711Z -- [WARNING] /home/runner/work/keycloak/keycloak/testsuite/integration-arquillian/tests/other/base-ui/src/test/java/org/keycloak/testsuite/ui/account2/MyResourcesTest.java:[154,17] setUri(java.lang.String) in org.keycloak.representations.idm.authorization.ResourceRepresentation has been deprecated
Account Console IT (chrome)	Run Account Console IT	2023-05-11T20:16:40.3551153Z -- [WARNING] /home/runner/work/keycloak/keycloak/testsuite/integration-arquillian/tests/other/base-ui/src/test/java/org/keycloak/testsuite/ui/account2/MyResourcesTest.java:[217,9] <T>assertThat(T,org.hamcrest.Matcher<? super T>) in org.junit.Assert has been deprecated
Account Console IT (chrome)	Run Account Console IT	2023-05-11T20:16:40.3551950Z -- [INFO] 
Account Console IT (chrome)	Run Account Console IT	2023-05-11T20:16:40.3552933Z -- [INFO] --- shrinkwrap-resolver-maven-plugin:3.1.4:propagate-execution-context (default) @ integration-arquillian-tests-base-ui ---
Account Console IT (chrome)	Run Account Console IT	2023-05-11T20:16:40.4130560Z -- [INFO] 
Account Console IT (chrome)	Run Account Console IT	2023-05-11T20:16:40.4132552Z -- [INFO] --- maven-surefire-plugin:3.0.0-M7:test (default-test) @ integration-arquillian-tests-base-ui ---
Account Console IT (chrome)	Run Account Console IT	2023-05-11T20:16:40.5232454Z -- [INFO] Using auto detected provider org.apache.maven.surefire.junit4.JUnit4Provider
Account Console IT (chrome)	Run Account Console IT	2023-05-11T20:16:40.6047684Z -- [INFO] Downloading from jboss-public-repository: https://repository.jboss.org/nexus/content/groups/public/org/apache/maven/surefire/surefire-junit4/3.0.0-M7/surefire-junit4-3.0.0-M7.jar
Account Console IT (chrome)	Run Account Console IT	2023-05-11T20:16:40.6723964Z -- [INFO] Downloading from central: https://repo.maven.apache.org/maven2/org/apache/maven/surefire/surefire-junit4/3.0.0-M7/surefire-junit4-3.0.0-M7.jar
Account Console IT (chrome)	Run Account Console IT	2023-05-11T20:16:40.7119912Z -- [INFO] Downloaded from central: https://repo.maven.apache.org/maven2/org/apache/maven/surefire/surefire-junit4/3.0.0-M7/surefire-junit4-3.0.0-M7.jar (18 kB at 441 kB/s)
Account Console IT (chrome)	Run Account Console IT	2023-05-11T20:16:40.7138999Z -- [INFO] Downloading from jboss-public-repository: https://repository.jboss.org/nexus/content/groups/public/org/apache/maven/surefire/surefire-junit4/3.0.0-M7/surefire-junit4-3.0.0-M7.pom
Account Console IT (chrome)	Run Account Console IT	2023-05-11T20:16:40.9056482Z -- [INFO] Downloading from central: https://repo.maven.apache.org/maven2/org/apache/maven/surefire/surefire-junit4/3.0.0-M7/surefire-junit4-3.0.0-M7.pom
Account Console IT (chrome)	Run Account Console IT	2023-05-11T20:16:40.9473138Z -- [INFO] Downloaded from central: https://repo.maven.apache.org/maven2/org/apache/maven/surefire/surefire-junit4/3.0.0-M7/surefire-junit4-3.0.0-M7.pom (2.9 kB at 71 kB/s)
Account Console IT (chrome)	Run Account Console IT	2023-05-11T20:16:40.9500915Z -- [INFO] Downloading from jboss-public-repository: https://repository.jboss.org/nexus/content/groups/public/org/apache/maven/surefire/surefire-providers/3.0.0-M7/surefire-providers-3.0.0-M7.pom
Account Console IT (chrome)	Run Account Console IT	2023-05-11T20:16:41.1992895Z -- [INFO] Downloading from central: https://repo.maven.apache.org/maven2/org/apache/maven/surefire/surefire-providers/3.0.0-M7/surefire-providers-3.0.0-M7.pom
Account Console IT (chrome)	Run Account Console IT	2023-05-11T20:16:41.2336610Z -- [INFO] Downloaded from central: https://repo.maven.apache.org/maven2/org/apache/maven/surefire/surefire-providers/3.0.0-M7/surefire-providers-3.0.0-M7.pom (2.5 kB at 72 kB/s)
Account Console IT (chrome)	Run Account Console IT	2023-05-11T20:16:41.2445604Z -- [INFO] Downloading from jboss-public-repository: https://repository.jboss.org/nexus/content/groups/public/junit/junit/4.0/junit-4.0.pom
Account Console IT (chrome)	Run Account Console IT	2023-05-11T20:16:41.6439057Z -- [INFO] Downloading from central: https://repo.maven.apache.org/maven2/junit/junit/4.0/junit-4.0.pom
Account Console IT (chrome)	Run Account Console IT	2023-05-11T20:16:41.7017539Z -- [INFO] Downloaded from central: https://repo.maven.apache.org/maven2/junit/junit/4.0/junit-4.0.pom (210 B at 3.6 kB/s)
Account Console IT (chrome)	Run Account Console IT	2023-05-11T20:16:41.7049906Z -- [INFO] Downloading from jboss-public-repository: https://repository.jboss.org/nexus/content/groups/public/org/apache/maven/surefire/common-junit4/3.0.0-M7/common-junit4-3.0.0-M7.pom
Account Console IT (chrome)	Run Account Console IT	2023-05-11T20:16:41.8860564Z -- [INFO] Downloading from central: https://repo.maven.apache.org/maven2/org/apache/maven/surefire/common-junit4/3.0.0-M7/common-junit4-3.0.0-M7.pom
Account Console IT (chrome)	Run Account Console IT	2023-05-11T20:16:41.9226534Z -- [INFO] Downloaded from central: https://repo.maven.apache.org/maven2/org/apache/maven/surefire/common-junit4/3.0.0-M7/common-junit4-3.0.0-M7.pom (3.0 kB at 81 kB/s)
Account Console IT (chrome)	Run Account Console IT	2023-05-11T20:16:41.9308792Z -- [INFO] Downloading from jboss-public-repository: https://repository.jboss.org/nexus/content/groups/public/org/apache/maven/surefire/common-junit3/3.0.0-M7/common-junit3-3.0.0-M7.pom
Account Console IT (chrome)	Run Account Console IT	2023-05-11T20:16:42.0670921Z -- [INFO] Downloading from central: https://repo.maven.apache.org/maven2/org/apache/maven/surefire/common-junit3/3.0.0-M7/common-junit3-3.0.0-M7.pom
Account Console IT (chrome)	Run Account Console IT	2023-05-11T20:16:42.1061751Z -- [INFO] Downloaded from central: https://repo.maven.apache.org/maven2/org/apache/maven/surefire/common-junit3/3.0.0-M7/common-junit3-3.0.0-M7.pom (2.7 kB at 68 kB/s)
Account Console IT (chrome)	Run Account Console IT	2023-05-11T20:16:42.1147766Z -- [INFO] Downloading from jboss-public-repository: https://repository.jboss.org/nexus/content/groups/public/org/apache/maven/surefire/common-java5/3.0.0-M7/common-java5-3.0.0-M7.pom
Account Console IT (chrome)	Run Account Console IT	2023-05-11T20:16:42.3751841Z -- [INFO] Downloading from central: https://repo.maven.apache.org/maven2/org/apache/maven/surefire/common-java5/3.0.0-M7/common-java5-3.0.0-M7.pom
Account Console IT (chrome)	Run Account Console IT	2023-05-11T20:16:42.4084950Z -- [INFO] Downloaded from central: https://repo.maven.apache.org/maven2/org/apache/maven/surefire/common-java5/3.0.0-M7/common-java5-3.0.0-M7.pom (2.7 kB at 82 kB/s)
Account Console IT (chrome)	Run Account Console IT	2023-05-11T20:16:42.4174536Z -- [INFO] Downloading from jboss-public-repository: https://repository.jboss.org/nexus/content/groups/public/org/hamcrest/hamcrest-library/1.3/hamcrest-library-1.3.pom
Account Console IT (chrome)	Run Account Console IT	2023-05-11T20:16:42.4883314Z -- [INFO] Downloading from central: https://repo.maven.apache.org/maven2/org/hamcrest/hamcrest-library/1.3/hamcrest-library-1.3.pom
Account Console IT (chrome)	Run Account Console IT	2023-05-11T20:16:42.5242054Z -- [INFO] Downloaded from central: https://repo.maven.apache.org/maven2/org/hamcrest/hamcrest-library/1.3/hamcrest-library-1.3.pom (820 B at 23 kB/s)
Account Console IT (chrome)	Run Account Console IT	2023-05-11T20:16:42.5320346Z -- [INFO] Downloading from jboss-public-repository: https://repository.jboss.org/nexus/content/groups/public/org/junit/junit-bom/5.8.0/junit-bom-5.8.0.pom
Account Console IT (chrome)	Run Account Console IT	2023-05-11T20:16:42.6587225Z -- [INFO] Downloading from central: https://repo.maven.apache.org/maven2/org/junit/junit-bom/5.8.0/junit-bom-5.8.0.pom
Account Console IT (chrome)	Run Account Console IT	2023-05-11T20:16:42.6902406Z -- [INFO] Downloaded from central: https://repo.maven.apache.org/maven2/org/junit/junit-bom/5.8.0/junit-bom-5.8.0.pom (5.6 kB at 182 kB/s)
Account Console IT (chrome)	Run Account Console IT	2023-05-11T20:16:42.6955327Z -- [INFO] Downloading from jboss-public-repository: https://repository.jboss.org/nexus/content/groups/public/org/apache/maven/surefire/common-junit3/3.0.0-M7/common-junit3-3.0.0-M7.jar
Account Console IT (chrome)	Run Account Console IT	2023-05-11T20:16:42.6956482Z -- [INFO] Downloading from jboss-public-repository: https://repository.jboss.org/nexus/content/groups/public/org/apache/maven/surefire/common-java5/3.0.0-M7/common-java5-3.0.0-M7.jar
Account Console IT (chrome)	Run Account Console IT	2023-05-11T20:16:42.6976981Z -- [INFO] Downloading from jboss-public-repository: https://repository.jboss.org/nexus/content/groups/public/org/apache/maven/surefire/common-junit4/3.0.0-M7/common-junit4-3.0.0-M7.jar
Account Console IT (chrome)	Run Account Console IT	2023-05-11T20:16:42.8032439Z -- [INFO] Downloading from central: https://repo.maven.apache.org/maven2/org/apache/maven/surefire/common-junit3/3.0.0-M7/common-junit3-3.0.0-M7.jar
Account Console IT (chrome)	Run Account Console IT	2023-05-11T20:16:42.8060533Z -- [INFO] Downloading from central: https://repo.maven.apache.org/maven2/org/apache/maven/surefire/common-junit4/3.0.0-M7/common-junit4-3.0.0-M7.jar
Account Console IT (chrome)	Run Account Console IT	2023-05-11T20:16:42.8096918Z -- [INFO] Downloading from central: https://repo.maven.apache.org/maven2/org/apache/maven/surefire/common-java5/3.0.0-M7/common-java5-3.0.0-M7.jar
Account Console IT (chrome)	Run Account Console IT	2023-05-11T20:16:42.8385544Z -- [INFO] Downloaded from central: https://repo.maven.apache.org/maven2/org/apache/maven/surefire/common-junit3/3.0.0-M7/common-junit3-3.0.0-M7.jar (12 kB at 336 kB/s)
Account Console IT (chrome)	Run Account Console IT	2023-05-11T20:16:42.8729765Z -- [INFO] Downloaded from central: https://repo.maven.apache.org/maven2/org/apache/maven/surefire/common-junit4/3.0.0-M7/common-junit4-3.0.0-M7.jar (26 kB at 383 kB/s)
Account Console IT (chrome)	Run Account Console IT	2023-05-11T20:16:42.8817726Z -- [INFO] Downloaded from central: https://repo.maven.apache.org/maven2/org/apache/maven/surefire/common-java5/3.0.0-M7/common-java5-3.0.0-M7.jar (17 kB at 237 kB/s)
Account Console IT (chrome)	Run Account Console IT	2023-05-11T20:16:42.8965212Z -- [INFO] 
Account Console IT (chrome)	Run Account Console IT	2023-05-11T20:16:42.8970528Z -- [INFO] -------------------------------------------------------
Account Console IT (chrome)	Run Account Console IT	2023-05-11T20:16:42.8974652Z -- [INFO]  T E S T S
Account Console IT (chrome)	Run Account Console IT	2023-05-11T20:16:42.8978642Z -- [INFO] -------------------------------------------------------
Account Console IT (chrome)	Run Account Console IT	2023-05-11T20:16:43.9110104Z -- 20:16:43,901 INFO  [org.keycloak.testsuite.util.NonIDERunListener] Setting keycloak.logging.level to off. Keycloak server logging will be disabled
Account Console IT (chrome)	Run Account Console IT	2023-05-11T20:16:43.9127294Z [INFO] Running org.keycloak.testsuite.ui.account2.ApplicationsTest
Account Console IT (chrome)	Run Account Console IT	2023-05-11T20:16:44.2223626Z May 11, 2023 8:16:44 PM org.keycloak.testsuite.arquillian.containers.MultipleContainersExtension register
Account Console IT (chrome)	Run Account Console IT	2023-05-11T20:16:44.2224718Z INFO: Multiple containers extension registering.
Account Console IT (chrome)	Run Account Console IT	2023-05-11T20:16:44.8251310Z May 11, 2023 8:16:44 PM org.arquillian.recorder.reporter.configuration.ReporterConfigurator configureExtension
Account Console IT (chrome)	Run Account Console IT	2023-05-11T20:16:44.8252305Z INFO: Configuration of Arquillian Reporting extension:
Account Console IT (chrome)	Run Account Console IT	2023-05-11T20:16:44.8253218Z May 11, 2023 8:16:44 PM org.arquillian.recorder.reporter.configuration.ReporterConfigurator configureExtension
Account Console IT (chrome)	Run Account Console IT	2023-05-11T20:16:44.8253868Z INFO: report                                   xml
Account Console IT (chrome)	Run Account Console IT	2023-05-11T20:16:44.8254369Z rootDir                                  target
Account Console IT (chrome)	Run Account Console IT	2023-05-11T20:16:44.8472323Z file                                     target/arquillian_report.xml
Account Console IT (chrome)	Run Account Console IT	2023-05-11T20:16:44.8472764Z template                                 template.xsl
Account Console IT (chrome)	Run Account Console IT	2023-05-11T20:16:44.8473227Z reportAfterEvery                         class
Account Console IT (chrome)	Run Account Console IT	2023-05-11T20:16:44.8473507Z language                                 en
Account Console IT (chrome)	Run Account Console IT	2023-05-11T20:16:44.8473795Z maxImageWidth                            500
Account Console IT (chrome)	Run Account Console IT	2023-05-11T20:16:44.8474065Z imageWidth                               100%
Account Console IT (chrome)	Run Account Console IT	2023-05-11T20:16:44.8474336Z imageHeight                              100%
Account Console IT (chrome)	Run Account Console IT	2023-05-11T20:16:44.8474495Z 
Account Console IT (chrome)	Run Account Console IT	2023-05-11T20:16:45.8242995Z May 11, 2023 8:16:45 PM org.jboss.logmanager.JBossLoggerFinder getLogger
Account Console IT (chrome)	Run Account Console IT	2023-05-11T20:16:45.8243968Z ERROR: The LogManager accessed before the "java.util.logging.manager" system property was set to "org.jboss.logmanager.LogManager". Results may be unexpected.
Account Console IT (chrome)	Run Account Console IT	2023-05-11T20:16:46.0251098Z May 11, 2023 8:16:45 PM org.jboss.arquillian.container.impl.MapObject populate
Account Console IT (chrome)	Run Account Console IT	2023-05-11T20:16:46.0288535Z WARNING: Configuration contain properties not supported by the backing object org.keycloak.testsuite.arquillian.containers.KeycloakQuarkusConfiguration
Account Console IT (chrome)	Run Account Console IT	2023-05-11T20:16:46.0289185Z Unused property entries: {adapterImplClass=
Account Console IT (chrome)	Run Account Console IT	2023-05-11T20:16:46.0289726Z                 org.keycloak.testsuite.arquillian.containers.KeycloakQuarkusServerDeployableContainer
Account Console IT (chrome)	Run Account Console IT	2023-05-11T20:16:46.0290565Z             , enabled=true}
Account Console IT (chrome)	Run Account Console IT	2023-05-11T20:16:46.0291318Z Supported property names: [bindHttpsPort, keycloakConfigPropertyOverrides, startupTimeoutInSeconds, bindHttpPort, keystorePassword, bindHttpsPortOffset, profile, importFile, bindHttpPortOffset, truststorePassword, javaOpts, route, providersPath, fipsMode, debugPort, keystoreFile, truststoreFile, reaugmentBeforeStart]
Account Console IT (chrome)	Run Account Console IT	2023-05-11T20:16:59.7611148Z May 11, 2023 8:16:59 PM org.jboss.arquillian.drone.webdriver.factory.remote.reusable.ReusedSessionPermanentFileStorage readStore
Account Console IT (chrome)	Run Account Console IT	2023-05-11T20:16:59.7612760Z INFO: Reused session store is not available at /home/runner/.drone-webdriver-session-store, a new one will be created.
Account Console IT (chrome)	Run Account Console IT	2023-05-11T20:17:00.1598264Z SLF4J: Failed to load class "org.slf4j.impl.StaticLoggerBinder".
Account Console IT (chrome)	Run Account Console IT	2023-05-11T20:17:00.1599471Z SLF4J: Defaulting to no-operation (NOP) logger implementation
Account Console IT (chrome)	Run Account Console IT	2023-05-11T20:17:00.1599946Z SLF4J: See http://www.slf4j.org/codes.html#StaticLoggerBinder for further details.
Account Console IT (chrome)	Run Account Console IT	2023-05-11T20:17:01.0788076Z May 11, 2023 8:17:01 PM org.openqa.selenium.remote.DesiredCapabilities chrome
Account Console IT (chrome)	Run Account Console IT	2023-05-11T20:17:01.0788672Z INFO: Using `new ChromeOptions()` is preferred to `DesiredCapabilities.chrome()`
Account Console IT (chrome)	Run Account Console IT	2023-05-11T20:17:01.0789295Z May 11, 2023 8:17:01 PM org.openqa.selenium.remote.DesiredCapabilities chrome
Account Console IT (chrome)	Run Account Console IT	2023-05-11T20:17:01.0789837Z INFO: Using `new ChromeOptions()` is preferred to `DesiredCapabilities.chrome()`
Account Console IT (chrome)	Run Account Console IT	2023-05-11T20:17:01.6830497Z Starting ChromeDriver 113.0.5672.63 (0e1a4471d5ae5bf128b1bd8f4d627c8cbd55f70c-refs/branch-heads/5672@{#912}) on port 10664
Account Console IT (chrome)	Run Account Console IT	2023-05-11T20:17:01.6835270Z Only local connections are allowed.
Account Console IT (chrome)	Run Account Console IT	2023-05-11T20:17:01.6836225Z Please see https://chromedriver.chromium.org/security-considerations for suggestions on keeping ChromeDriver safe.
Account Console IT (chrome)	Run Account Console IT	2023-05-11T20:17:01.9822000Z ChromeDriver was started successfully.
Account Console IT (chrome)	Run Account Console IT	2023-05-11T20:17:03.0822575Z May 11, 2023 8:17:03 PM org.openqa.selenium.remote.ProtocolHandshake createSession
Account Console IT (chrome)	Run Account Console IT	2023-05-11T20:17:03.0823396Z INFO: Detected dialect: W3C
Account Console IT (chrome)	Run Account Console IT	2023-05-11T20:17:37.4130543Z [INFO] Tests run: 3, Failures: 0, Errors: 0, Skipped: 0, Time elapsed: 53.394 s - in org.keycloak.testsuite.ui.account2.ApplicationsTest
Account Console IT (chrome)	Run Account Console IT	2023-05-11T20:17:37.4146136Z [INFO] Running org.keycloak.testsuite.ui.account2.DeleteAccountTest
Account Console IT (chrome)	Run Account Console IT	2023-05-11T20:17:37.4467874Z May 11, 2023 8:17:37 PM org.openqa.selenium.remote.DesiredCapabilities chrome
Account Console IT (chrome)	Run Account Console IT	2023-05-11T20:17:37.4468665Z INFO: Using `new ChromeOptions()` is preferred to `DesiredCapabilities.chrome()`
Account Console IT (chrome)	Run Account Console IT	2023-05-11T20:17:37.4770128Z May 11, 2023 8:17:37 PM org.openqa.selenium.remote.DesiredCapabilities chrome
Account Console IT (chrome)	Run Account Console IT	2023-05-11T20:17:37.4814901Z INFO: Using `new ChromeOptions()` is preferred to `DesiredCapabilities.chrome()`
Account Console IT (chrome)	Run Account Console IT	2023-05-11T20:17:37.4815857Z Starting ChromeDriver 113.0.5672.63 (0e1a4471d5ae5bf128b1bd8f4d627c8cbd55f70c-refs/branch-heads/5672@{#912}) on port 10665
Account Console IT (chrome)	Run Account Console IT	2023-05-11T20:17:37.4816289Z Only local connections are allowed.
Account Console IT (chrome)	Run Account Console IT	2023-05-11T20:17:37.4816869Z Please see https://chromedriver.chromium.org/security-considerations for suggestions on keeping ChromeDriver safe.
Account Console IT (chrome)	Run Account Console IT	2023-05-11T20:17:37.4817489Z ChromeDriver was started successfully.
Account Console IT (chrome)	Run Account Console IT	2023-05-11T20:17:37.7461972Z May 11, 2023 8:17:37 PM org.openqa.selenium.remote.ProtocolHandshake createSession
Account Console IT (chrome)	Run Account Console IT	2023-05-11T20:17:37.7462848Z INFO: Detected dialect: W3C
Account Console IT (chrome)	Run Account Console IT	2023-05-11T20:17:37.8490571Z May 11, 2023 8:17:37 PM org.jboss.arquillian.graphene.enricher.FieldAccessValidatorEnricher checkFieldValidity
Account Console IT (chrome)	Run Account Console IT	2023-05-11T20:17:37.8491819Z WARNING: Package-friendly field 'cancelActionButton' found in org.keycloak.testsuite.auth.page.login.DeleteAccountActionConfirmPage. Direct access to fields outside of the declaring class is not allowed.
Account Console IT (chrome)	Run Account Console IT	2023-05-11T20:17:37.8492635Z May 11, 2023 8:17:37 PM org.jboss.arquillian.graphene.enricher.FieldAccessValidatorEnricher checkFieldValidity
Account Console IT (chrome)	Run Account Console IT	2023-05-11T20:17:37.8493662Z WARNING: Package-friendly field 'confirmActionButton' found in org.keycloak.testsuite.auth.page.login.DeleteAccountActionConfirmPage. Direct access to fields outside of the declaring class is not allowed.
Account Console IT (chrome)	Run Account Console IT	2023-05-11T20:17:37.8494801Z May 11, 2023 8:17:37 PM org.jboss.arquillian.graphene.enricher.FieldAccessValidatorEnricher checkFieldValidity
Account Console IT (chrome)	Run Account Console IT	2023-05-11T20:17:37.8495878Z WARNING: Package-friendly field 'cancelActionButton' found in org.keycloak.testsuite.auth.page.login.DeleteAccountActionConfirmPage$$EnhancerByGraphene$$5d2a3f2d. Direct access to fields outside of the declaring class is not allowed.
Account Console IT (chrome)	Run Account Console IT	2023-05-11T20:17:37.8496729Z May 11, 2023 8:17:37 PM org.jboss.arquillian.graphene.enricher.FieldAccessValidatorEnricher checkFieldValidity
Account Console IT (chrome)	Run Account Console IT	2023-05-11T20:17:37.8497768Z WARNING: Package-friendly field 'confirmActionButton' found in org.keycloak.testsuite.auth.page.login.DeleteAccountActionConfirmPage$$EnhancerByGraphene$$5d2a3f2d. Direct access to fields outside of the declaring class is not allowed.
Account Console IT (chrome)	Run Account Console IT	2023-05-11T20:17:38.1498810Z May 11, 2023 8:17:38 PM org.jboss.arquillian.graphene.enricher.FieldAccessValidatorEnricher checkFieldValidity
Account Console IT (chrome)	Run Account Console IT	2023-05-11T20:17:38.1500398Z WARNING: Package-friendly field 'cancelActionButton' found in org.keycloak.testsuite.auth.page.login.DeleteAccountActionConfirmPage. Direct access to fields outside of the declaring class is not allowed.
Account Console IT (chrome)	Run Account Console IT	2023-05-11T20:17:38.1501557Z May 11, 2023 8:17:38 PM org.jboss.arquillian.graphene.enricher.FieldAccessValidatorEnricher checkFieldValidity
Account Console IT (chrome)	Run Account Console IT	2023-05-11T20:17:38.1502780Z WARNING: Package-friendly field 'confirmActionButton' found in org.keycloak.testsuite.auth.page.login.DeleteAccountActionConfirmPage. Direct access to fields outside of the declaring class is not allowed.
Account Console IT (chrome)	Run Account Console IT	2023-05-11T20:17:38.1503886Z May 11, 2023 8:17:38 PM org.jboss.arquillian.graphene.enricher.FieldAccessValidatorEnricher checkFieldValidity
Account Console IT (chrome)	Run Account Console IT	2023-05-11T20:17:38.1579372Z WARNING: Package-friendly field 'cancelActionButton' found in org.keycloak.testsuite.auth.page.login.DeleteAccountActionConfirmPage$$EnhancerByGraphene$$5d2a3f2d. Direct access to fields outside of the declaring class is not allowed.
Account Console IT (chrome)	Run Account Console IT	2023-05-11T20:17:38.1580380Z May 11, 2023 8:17:38 PM org.jboss.arquillian.graphene.enricher.FieldAccessValidatorEnricher checkFieldValidity
Account Console IT (chrome)	Run Account Console IT	2023-05-11T20:17:38.1581462Z WARNING: Package-friendly field 'confirmActionButton' found in org.keycloak.testsuite.auth.page.login.DeleteAccountActionConfirmPage$$EnhancerByGraphene$$5d2a3f2d. Direct access to fields outside of the declaring class is not allowed.
Account Console IT (chrome)	Run Account Console IT	2023-05-11T20:17:50.4708381Z May 11, 2023 8:17:50 PM org.jboss.arquillian.graphene.enricher.FieldAccessValidatorEnricher checkFieldValidity
Account Console IT (chrome)	Run Account Console IT	2023-05-11T20:17:50.4709994Z WARNING: Package-friendly field 'cancelActionButton' found in org.keycloak.testsuite.auth.page.login.DeleteAccountActionConfirmPage. Direct access to fields outside of the declaring class is not allowed.
Account Console IT (chrome)	Run Account Console IT	2023-05-11T20:17:50.4711734Z May 11, 2023 8:17:50 PM org.jboss.arquillian.graphene.enricher.FieldAccessValidatorEnricher checkFieldValidity
Account Console IT (chrome)	Run Account Console IT	2023-05-11T20:17:50.4712933Z WARNING: Package-friendly field 'confirmActionButton' found in org.keycloak.testsuite.auth.page.login.DeleteAccountActionConfirmPage. Direct access to fields outside of the declaring class is not allowed.
Account Console IT (chrome)	Run Account Console IT	2023-05-11T20:17:50.4713953Z May 11, 2023 8:17:50 PM org.jboss.arquillian.graphene.enricher.FieldAccessValidatorEnricher checkFieldValidity
Account Console IT (chrome)	Run Account Console IT	2023-05-11T20:17:50.4715252Z WARNING: Package-friendly field 'cancelActionButton' found in org.keycloak.testsuite.auth.page.login.DeleteAccountActionConfirmPage$$EnhancerByGraphene$$5d2a3f2d. Direct access to fields outside of the declaring class is not allowed.
Account Console IT (chrome)	Run Account Console IT	2023-05-11T20:17:50.4716322Z May 11, 2023 8:17:50 PM org.jboss.arquillian.graphene.enricher.FieldAccessValidatorEnricher checkFieldValidity
Account Console IT (chrome)	Run Account Console IT	2023-05-11T20:17:50.4717674Z WARNING: Package-friendly field 'confirmActionButton' found in org.keycloak.testsuite.auth.page.login.DeleteAccountActionConfirmPage$$EnhancerByGraphene$$5d2a3f2d. Direct access to fields outside of the declaring class is not allowed.
Account Console IT (chrome)	Run Account Console IT	2023-05-11T20:17:50.5706609Z May 11, 2023 8:17:50 PM org.jboss.arquillian.graphene.enricher.FieldAccessValidatorEnricher checkFieldValidity
Account Console IT (chrome)	Run Account Console IT	2023-05-11T20:17:50.5708120Z WARNING: Package-friendly field 'cancelActionButton' found in org.keycloak.testsuite.auth.page.login.DeleteAccountActionConfirmPage. Direct access to fields outside of the declaring class is not allowed.
Account Console IT (chrome)	Run Account Console IT	2023-05-11T20:17:50.5709596Z May 11, 2023 8:17:50 PM org.jboss.arquillian.graphene.enricher.FieldAccessValidatorEnricher checkFieldValidity
Account Console IT (chrome)	Run Account Console IT	2023-05-11T20:17:50.5710760Z WARNING: Package-friendly field 'confirmActionButton' found in org.keycloak.testsuite.auth.page.login.DeleteAccountActionConfirmPage. Direct access to fields outside of the declaring class is not allowed.
Account Console IT (chrome)	Run Account Console IT	2023-05-11T20:17:50.5711730Z May 11, 2023 8:17:50 PM org.jboss.arquillian.graphene.enricher.FieldAccessValidatorEnricher checkFieldValidity
Account Console IT (chrome)	Run Account Console IT	2023-05-11T20:17:50.5712949Z WARNING: Package-friendly field 'cancelActionButton' found in org.keycloak.testsuite.auth.page.login.DeleteAccountActionConfirmPage$$EnhancerByGraphene$$5d2a3f2d. Direct access to fields outside of the declaring class is not allowed.
Account Console IT (chrome)	Run Account Console IT	2023-05-11T20:17:50.5714204Z May 11, 2023 8:17:50 PM org.jboss.arquillian.graphene.enricher.FieldAccessValidatorEnricher checkFieldValidity
Account Console IT (chrome)	Run Account Console IT	2023-05-11T20:17:50.5715438Z WARNING: Package-friendly field 'confirmActionButton' found in org.keycloak.testsuite.auth.page.login.DeleteAccountActionConfirmPage$$EnhancerByGraphene$$5d2a3f2d. Direct access to fields outside of the declaring class is not allowed.
Account Console IT (chrome)	Run Account Console IT	2023-05-11T20:18:06.0148676Z May 11, 2023 8:18:05 PM org.jboss.arquillian.graphene.enricher.FieldAccessValidatorEnricher checkFieldValidity
Account Console IT (chrome)	Run Account Console IT	2023-05-11T20:18:06.0150412Z WARNING: Package-friendly field 'cancelActionButton' found in org.keycloak.testsuite.auth.page.login.DeleteAccountActionConfirmPage. Direct access to fields outside of the declaring class is not allowed.
Account Console IT (chrome)	Run Account Console IT	2023-05-11T20:18:06.0151866Z May 11, 2023 8:18:05 PM org.jboss.arquillian.graphene.enricher.FieldAccessValidatorEnricher checkFieldValidity
Account Console IT (chrome)	Run Account Console IT	2023-05-11T20:18:06.0152984Z WARNING: Package-friendly field 'confirmActionButton' found in org.keycloak.testsuite.auth.page.login.DeleteAccountActionConfirmPage. Direct access to fields outside of the declaring class is not allowed.
Account Console IT (chrome)	Run Account Console IT	2023-05-11T20:18:06.0153885Z May 11, 2023 8:18:05 PM org.jboss.arquillian.graphene.enricher.FieldAccessValidatorEnricher checkFieldValidity
Account Console IT (chrome)	Run Account Console IT	2023-05-11T20:18:06.0155050Z WARNING: Package-friendly field 'cancelActionButton' found in org.keycloak.testsuite.auth.page.login.DeleteAccountActionConfirmPage$$EnhancerByGraphene$$5d2a3f2d. Direct access to fields outside of the declaring class is not allowed.
Account Console IT (chrome)	Run Account Console IT	2023-05-11T20:18:06.0155979Z May 11, 2023 8:18:05 PM org.jboss.arquillian.graphene.enricher.FieldAccessValidatorEnricher checkFieldValidity
Account Console IT (chrome)	Run Account Console IT	2023-05-11T20:18:06.0157101Z WARNING: Package-friendly field 'confirmActionButton' found in org.keycloak.testsuite.auth.page.login.DeleteAccountActionConfirmPage$$EnhancerByGraphene$$5d2a3f2d. Direct access to fields outside of the declaring class is not allowed.
Account Console IT (chrome)	Run Account Console IT	2023-05-11T20:18:06.2151357Z May 11, 2023 8:18:06 PM org.jboss.arquillian.graphene.enricher.FieldAccessValidatorEnricher checkFieldValidity
Account Console IT (chrome)	Run Account Console IT	2023-05-11T20:18:06.2153000Z WARNING: Package-friendly field 'cancelActionButton' found in org.keycloak.testsuite.auth.page.login.DeleteAccountActionConfirmPage. Direct access to fields outside of the declaring class is not allowed.
Account Console IT (chrome)	Run Account Console IT	2023-05-11T20:18:06.2154610Z May 11, 2023 8:18:06 PM org.jboss.arquillian.graphene.enricher.FieldAccessValidatorEnricher checkFieldValidity
Account Console IT (chrome)	Run Account Console IT	2023-05-11T20:18:06.2155719Z WARNING: Package-friendly field 'confirmActionButton' found in org.keycloak.testsuite.auth.page.login.DeleteAccountActionConfirmPage. Direct access to fields outside of the declaring class is not allowed.
Account Console IT (chrome)	Run Account Console IT	2023-05-11T20:18:06.2156610Z May 11, 2023 8:18:06 PM org.jboss.arquillian.graphene.enricher.FieldAccessValidatorEnricher checkFieldValidity
Account Console IT (chrome)	Run Account Console IT	2023-05-11T20:18:06.2157769Z WARNING: Package-friendly field 'cancelActionButton' found in org.keycloak.testsuite.auth.page.login.DeleteAccountActionConfirmPage$$EnhancerByGraphene$$5d2a3f2d. Direct access to fields outside of the declaring class is not allowed.
Account Console IT (chrome)	Run Account Console IT	2023-05-11T20:18:06.2159163Z May 11, 2023 8:18:06 PM org.jboss.arquillian.graphene.enricher.FieldAccessValidatorEnricher checkFieldValidity
Account Console IT (chrome)	Run Account Console IT	2023-05-11T20:18:06.2160292Z WARNING: Package-friendly field 'confirmActionButton' found in org.keycloak.testsuite.auth.page.login.DeleteAccountActionConfirmPage$$EnhancerByGraphene$$5d2a3f2d. Direct access to fields outside of the declaring class is not allowed.
Account Console IT (chrome)	Run Account Console IT	2023-05-11T20:18:23.4435291Z May 11, 2023 8:18:23 PM org.jboss.arquillian.graphene.enricher.FieldAccessValidatorEnricher checkFieldValidity
Account Console IT (chrome)	Run Account Console IT	2023-05-11T20:18:23.4436988Z WARNING: Package-friendly field 'cancelActionButton' found in org.keycloak.testsuite.auth.page.login.DeleteAccountActionConfirmPage. Direct access to fields outside of the declaring class is not allowed.
Account Console IT (chrome)	Run Account Console IT	2023-05-11T20:18:23.4438391Z May 11, 2023 8:18:23 PM org.jboss.arquillian.graphene.enricher.FieldAccessValidatorEnricher checkFieldValidity
Account Console IT (chrome)	Run Account Console IT	2023-05-11T20:18:23.4439500Z WARNING: Package-friendly field 'confirmActionButton' found in org.keycloak.testsuite.auth.page.login.DeleteAccountActionConfirmPage. Direct access to fields outside of the declaring class is not allowed.
Account Console IT (chrome)	Run Account Console IT	2023-05-11T20:18:23.4440515Z May 11, 2023 8:18:23 PM org.jboss.arquillian.graphene.enricher.FieldAccessValidatorEnricher checkFieldValidity
Account Console IT (chrome)	Run Account Console IT	2023-05-11T20:18:23.4441840Z WARNING: Package-friendly field 'cancelActionButton' found in org.keycloak.testsuite.auth.page.login.DeleteAccountActionConfirmPage$$EnhancerByGraphene$$5d2a3f2d. Direct access to fields outside of the declaring class is not allowed.
Account Console IT (chrome)	Run Account Console IT	2023-05-11T20:18:23.4442903Z May 11, 2023 8:18:23 PM org.jboss.arquillian.graphene.enricher.FieldAccessValidatorEnricher checkFieldValidity
Account Console IT (chrome)	Run Account Console IT	2023-05-11T20:18:23.4444139Z WARNING: Package-friendly field 'confirmActionButton' found in org.keycloak.testsuite.auth.page.login.DeleteAccountActionConfirmPage$$EnhancerByGraphene$$5d2a3f2d. Direct access to fields outside of the declaring class is not allowed.
Account Console IT (chrome)	Run Account Console IT	2023-05-11T20:18:23.6434383Z May 11, 2023 8:18:23 PM org.jboss.arquillian.graphene.enricher.FieldAccessValidatorEnricher checkFieldValidity
Account Console IT (chrome)	Run Account Console IT	2023-05-11T20:18:23.6435703Z WARNING: Package-friendly field 'cancelActionButton' found in org.keycloak.testsuite.auth.page.login.DeleteAccountActionConfirmPage. Direct access to fields outside of the declaring class is not allowed.
Account Console IT (chrome)	Run Account Console IT	2023-05-11T20:18:23.6436526Z May 11, 2023 8:18:23 PM org.jboss.arquillian.graphene.enricher.FieldAccessValidatorEnricher checkFieldValidity
Account Console IT (chrome)	Run Account Console IT	2023-05-11T20:18:23.6437521Z WARNING: Package-friendly field 'confirmActionButton' found in org.keycloak.testsuite.auth.page.login.DeleteAccountActionConfirmPage. Direct access to fields outside of the declaring class is not allowed.
Account Console IT (chrome)	Run Account Console IT	2023-05-11T20:18:23.6438316Z May 11, 2023 8:18:23 PM org.jboss.arquillian.graphene.enricher.FieldAccessValidatorEnricher checkFieldValidity
Account Console IT (chrome)	Run Account Console IT	2023-05-11T20:18:23.6439375Z WARNING: Package-friendly field 'cancelActionButton' found in org.keycloak.testsuite.auth.page.login.DeleteAccountActionConfirmPage$$EnhancerByGraphene$$5d2a3f2d. Direct access to fields outside of the declaring class is not allowed.
Account Console IT (chrome)	Run Account Console IT	2023-05-11T20:18:23.6440229Z May 11, 2023 8:18:23 PM org.jboss.arquillian.graphene.enricher.FieldAccessValidatorEnricher checkFieldValidity
Account Console IT (chrome)	Run Account Console IT	2023-05-11T20:18:23.6441271Z WARNING: Package-friendly field 'confirmActionButton' found in org.keycloak.testsuite.auth.page.login.DeleteAccountActionConfirmPage$$EnhancerByGraphene$$5d2a3f2d. Direct access to fields outside of the declaring class is not allowed.
Account Console IT (chrome)	Run Account Console IT	2023-05-11T20:18:38.8719742Z May 11, 2023 8:18:38 PM org.jboss.arquillian.graphene.enricher.FieldAccessValidatorEnricher checkFieldValidity
Account Console IT (chrome)	Run Account Console IT	2023-05-11T20:18:38.8721521Z WARNING: Package-friendly field 'cancelActionButton' found in org.keycloak.testsuite.auth.page.login.DeleteAccountActionConfirmPage. Direct access to fields outside of the declaring class is not allowed.
Account Console IT (chrome)	Run Account Console IT	2023-05-11T20:18:38.8722920Z May 11, 2023 8:18:38 PM org.jboss.arquillian.graphene.enricher.FieldAccessValidatorEnricher checkFieldValidity
Account Console IT (chrome)	Run Account Console IT	2023-05-11T20:18:38.8801609Z WARNING: Package-friendly field 'confirmActionButton' found in org.keycloak.testsuite.auth.page.login.DeleteAccountActionConfirmPage. Direct access to fields outside of the declaring class is not allowed.
Account Console IT (chrome)	Run Account Console IT	2023-05-11T20:18:38.8802954Z May 11, 2023 8:18:38 PM org.jboss.arquillian.graphene.enricher.FieldAccessValidatorEnricher checkFieldValidity
Account Console IT (chrome)	Run Account Console IT	2023-05-11T20:18:38.8804032Z WARNING: Package-friendly field 'cancelActionButton' found in org.keycloak.testsuite.auth.page.login.DeleteAccountActionConfirmPage$$EnhancerByGraphene$$5d2a3f2d. Direct access to fields outside of the declaring class is not allowed.
Account Console IT (chrome)	Run Account Console IT	2023-05-11T20:18:38.8804881Z May 11, 2023 8:18:38 PM org.jboss.arquillian.graphene.enricher.FieldAccessValidatorEnricher checkFieldValidity
Account Console IT (chrome)	Run Account Console IT	2023-05-11T20:18:38.8805922Z WARNING: Package-friendly field 'confirmActionButton' found in org.keycloak.testsuite.auth.page.login.DeleteAccountActionConfirmPage$$EnhancerByGraphene$$5d2a3f2d. Direct access to fields outside of the declaring class is not allowed.
Account Console IT (chrome)	Run Account Console IT	2023-05-11T20:18:39.0890499Z May 11, 2023 8:18:39 PM org.jboss.arquillian.graphene.enricher.FieldAccessValidatorEnricher checkFieldValidity
Account Console IT (chrome)	Run Account Console IT	2023-05-11T20:18:39.0892161Z WARNING: Package-friendly field 'cancelActionButton' found in org.keycloak.testsuite.auth.page.login.DeleteAccountActionConfirmPage. Direct access to fields outside of the declaring class is not allowed.
Account Console IT (chrome)	Run Account Console IT	2023-05-11T20:18:39.0893233Z May 11, 2023 8:18:39 PM org.jboss.arquillian.graphene.enricher.FieldAccessValidatorEnricher checkFieldValidity
Account Console IT (chrome)	Run Account Console IT	2023-05-11T20:18:39.0894460Z WARNING: Package-friendly field 'confirmActionButton' found in org.keycloak.testsuite.auth.page.login.DeleteAccountActionConfirmPage. Direct access to fields outside of the declaring class is not allowed.
Account Console IT (chrome)	Run Account Console IT	2023-05-11T20:18:39.1048380Z May 11, 2023 8:18:39 PM org.jboss.arquillian.graphene.enricher.FieldAccessValidatorEnricher checkFieldValidity
Account Console IT (chrome)	Run Account Console IT	2023-05-11T20:18:39.1049746Z WARNING: Package-friendly field 'cancelActionButton' found in org.keycloak.testsuite.auth.page.login.DeleteAccountActionConfirmPage$$EnhancerByGraphene$$5d2a3f2d. Direct access to fields outside of the declaring class is not allowed.
Account Console IT (chrome)	Run Account Console IT	2023-05-11T20:18:39.1050625Z May 11, 2023 8:18:39 PM org.jboss.arquillian.graphene.enricher.FieldAccessValidatorEnricher checkFieldValidity
Account Console IT (chrome)	Run Account Console IT	2023-05-11T20:18:39.1051670Z WARNING: Package-friendly field 'confirmActionButton' found in org.keycloak.testsuite.auth.page.login.DeleteAccountActionConfirmPage$$EnhancerByGraphene$$5d2a3f2d. Direct access to fields outside of the declaring class is not allowed.
Account Console IT (chrome)	Run Account Console IT	2023-05-11T20:18:49.4046569Z May 11, 2023 8:18:49 PM org.jboss.arquillian.graphene.enricher.FieldAccessValidatorEnricher checkFieldValidity
Account Console IT (chrome)	Run Account Console IT	2023-05-11T20:18:49.4048248Z WARNING: Package-friendly field 'cancelActionButton' found in org.keycloak.testsuite.auth.page.login.DeleteAccountActionConfirmPage. Direct access to fields outside of the declaring class is not allowed.
Account Console IT (chrome)	Run Account Console IT	2023-05-11T20:18:49.4049269Z May 11, 2023 8:18:49 PM org.jboss.arquillian.graphene.enricher.FieldAccessValidatorEnricher checkFieldValidity
Account Console IT (chrome)	Run Account Console IT	2023-05-11T20:18:49.4050420Z WARNING: Package-friendly field 'confirmActionButton' found in org.keycloak.testsuite.auth.page.login.DeleteAccountActionConfirmPage. Direct access to fields outside of the declaring class is not allowed.
Account Console IT (chrome)	Run Account Console IT	2023-05-11T20:18:49.4051410Z May 11, 2023 8:18:49 PM org.jboss.arquillian.graphene.enricher.FieldAccessValidatorEnricher checkFieldValidity
Account Console IT (chrome)	Run Account Console IT	2023-05-11T20:18:49.4052626Z WARNING: Package-friendly field 'cancelActionButton' found in org.keycloak.testsuite.auth.page.login.DeleteAccountActionConfirmPage$$EnhancerByGraphene$$5d2a3f2d. Direct access to fields outside of the declaring class is not allowed.
Account Console IT (chrome)	Run Account Console IT	2023-05-11T20:18:49.4053811Z May 11, 2023 8:18:49 PM org.jboss.arquillian.graphene.enricher.FieldAccessValidatorEnricher checkFieldValidity
Account Console IT (chrome)	Run Account Console IT	2023-05-11T20:18:49.4055025Z WARNING: Package-friendly field 'confirmActionButton' found in org.keycloak.testsuite.auth.page.login.DeleteAccountActionConfirmPage$$EnhancerByGraphene$$5d2a3f2d. Direct access to fields outside of the declaring class is not allowed.
Account Console IT (chrome)	Run Account Console IT	2023-05-11T20:18:49.6045332Z May 11, 2023 8:18:49 PM org.jboss.arquillian.graphene.enricher.FieldAccessValidatorEnricher checkFieldValidity
Account Console IT (chrome)	Run Account Console IT	2023-05-11T20:18:49.6047455Z WARNING: Package-friendly field 'cancelActionButton' found in org.keycloak.testsuite.auth.page.login.DeleteAccountActionConfirmPage. Direct access to fields outside of the declaring class is not allowed.
Account Console IT (chrome)	Run Account Console IT	2023-05-11T20:18:49.6048461Z May 11, 2023 8:18:49 PM org.jboss.arquillian.graphene.enricher.FieldAccessValidatorEnricher checkFieldValidity
Account Console IT (chrome)	Run Account Console IT	2023-05-11T20:18:49.6049833Z WARNING: Package-friendly field 'confirmActionButton' found in org.keycloak.testsuite.auth.page.login.DeleteAccountActionConfirmPage. Direct access to fields outside of the declaring class is not allowed.
Account Console IT (chrome)	Run Account Console IT	2023-05-11T20:18:49.6050883Z May 11, 2023 8:18:49 PM org.jboss.arquillian.graphene.enricher.FieldAccessValidatorEnricher checkFieldValidity
Account Console IT (chrome)	Run Account Console IT	2023-05-11T20:18:49.6052327Z WARNING: Package-friendly field 'cancelActionButton' found in org.keycloak.testsuite.auth.page.login.DeleteAccountActionConfirmPage$$EnhancerByGraphene$$5d2a3f2d. Direct access to fields outside of the declaring class is not allowed.
Account Console IT (chrome)	Run Account Console IT	2023-05-11T20:18:49.6053361Z May 11, 2023 8:18:49 PM org.jboss.arquillian.graphene.enricher.FieldAccessValidatorEnricher checkFieldValidity
Account Console IT (chrome)	Run Account Console IT	2023-05-11T20:18:49.6054575Z WARNING: Package-friendly field 'confirmActionButton' found in org.keycloak.testsuite.auth.page.login.DeleteAccountActionConfirmPage$$EnhancerByGraphene$$5d2a3f2d. Direct access to fields outside of the declaring class is not allowed.
Account Console IT (chrome)	Run Account Console IT	2023-05-11T20:19:00.8714579Z [INFO] Tests run: 6, Failures: 0, Errors: 0, Skipped: 0, Time elapsed: 83.393 s - in org.keycloak.testsuite.ui.account2.DeleteAccountTest
Account Console IT (chrome)	Run Account Console IT	2023-05-11T20:19:00.8756820Z [INFO] Running org.keycloak.testsuite.ui.account2.DeviceActivityTest
Account Console IT (chrome)	Run Account Console IT	2023-05-11T20:19:00.9296120Z May 11, 2023 8:19:00 PM org.openqa.selenium.remote.DesiredCapabilities chrome
Account Console IT (chrome)	Run Account Console IT	2023-05-11T20:19:00.9297765Z INFO: Using `new ChromeOptions()` is preferred to `DesiredCapabilities.chrome()`
Account Console IT (chrome)	Run Account Console IT	2023-05-11T20:19:00.9298234Z May 11, 2023 8:19:00 PM org.openqa.selenium.remote.DesiredCapabilities chrome
Account Console IT (chrome)	Run Account Console IT	2023-05-11T20:19:00.9298714Z INFO: Using `new ChromeOptions()` is preferred to `DesiredCapabilities.chrome()`
Account Console IT (chrome)	Run Account Console IT	2023-05-11T20:19:00.9299525Z Starting ChromeDriver 113.0.5672.63 (0e1a4471d5ae5bf128b1bd8f4d627c8cbd55f70c-refs/branch-heads/5672@{#912}) on port 16090
Account Console IT (chrome)	Run Account Console IT	2023-05-11T20:19:00.9299913Z Only local connections are allowed.
Account Console IT (chrome)	Run Account Console IT	2023-05-11T20:19:00.9300490Z Please see https://chromedriver.chromium.org/security-considerations for suggestions on keeping ChromeDriver safe.
Account Console IT (chrome)	Run Account Console IT	2023-05-11T20:19:01.0290012Z ChromeDriver was started successfully.
Account Console IT (chrome)	Run Account Console IT	2023-05-11T20:19:01.1292641Z May 11, 2023 8:19:01 PM org.openqa.selenium.remote.ProtocolHandshake createSession
Account Console IT (chrome)	Run Account Console IT	2023-05-11T20:19:01.1293344Z INFO: Detected dialect: W3C
Account Console IT (chrome)	Run Account Console IT	2023-05-11T20:21:30.3242504Z [INFO] Tests run: 8, Failures: 0, Errors: 0, Skipped: 0, Time elapsed: 149.408 s - in org.keycloak.testsuite.ui.account2.DeviceActivityTest
Account Console IT (chrome)	Run Account Console IT	2023-05-11T20:21:30.3253096Z [INFO] Running org.keycloak.testsuite.ui.account2.InternationalizationTest
Account Console IT (chrome)	Run Account Console IT	2023-05-11T20:21:30.3981255Z May 11, 2023 8:21:30 PM org.openqa.selenium.remote.DesiredCapabilities chrome
Account Console IT (chrome)	Run Account Console IT	2023-05-11T20:21:30.3982052Z INFO: Using `new ChromeOptions()` is preferred to `DesiredCapabilities.chrome()`
Account Console IT (chrome)	Run Account Console IT	2023-05-11T20:21:30.3982597Z May 11, 2023 8:21:30 PM org.openqa.selenium.remote.DesiredCapabilities chrome
Account Console IT (chrome)	Run Account Console IT	2023-05-11T20:21:30.3983140Z INFO: Using `new ChromeOptions()` is preferred to `DesiredCapabilities.chrome()`
Account Console IT (chrome)	Run Account Console IT	2023-05-11T20:21:30.3984047Z Starting ChromeDriver 113.0.5672.63 (0e1a4471d5ae5bf128b1bd8f4d627c8cbd55f70c-refs/branch-heads/5672@{#912}) on port 3461
Account Console IT (chrome)	Run Account Console IT	2023-05-11T20:21:30.3984515Z Only local connections are allowed.
Account Console IT (chrome)	Run Account Console IT	2023-05-11T20:21:30.3985167Z Please see https://chromedriver.chromium.org/security-considerations for suggestions on keeping ChromeDriver safe.
Account Console IT (chrome)	Run Account Console IT	2023-05-11T20:21:30.3985707Z ChromeDriver was started successfully.
Account Console IT (chrome)	Run Account Console IT	2023-05-11T20:21:30.6911926Z May 11, 2023 8:21:30 PM org.openqa.selenium.remote.ProtocolHandshake createSession
Account Console IT (chrome)	Run Account Console IT	2023-05-11T20:21:30.6914069Z INFO: Detected dialect: W3C
Account Console IT (chrome)	Run Account Console IT	2023-05-11T20:21:54.8480928Z May 11, 2023 8:21:54 PM org.openqa.selenium.remote.DesiredCapabilities chrome
Account Console IT (chrome)	Run Account Console IT	2023-05-11T20:21:54.8487561Z INFO: Using `new ChromeOptions()` is preferred to `DesiredCapabilities.chrome()`
Account Console IT (chrome)	Run Account Console IT	2023-05-11T20:21:54.8488442Z May 11, 2023 8:21:54 PM org.openqa.selenium.remote.DesiredCapabilities chrome
Account Console IT (chrome)	Run Account Console IT	2023-05-11T20:21:54.8489201Z INFO: Using `new ChromeOptions()` is preferred to `DesiredCapabilities.chrome()`
Account Console IT (chrome)	Run Account Console IT	2023-05-11T20:21:54.8490308Z Starting ChromeDriver 113.0.5672.63 (0e1a4471d5ae5bf128b1bd8f4d627c8cbd55f70c-refs/branch-heads/5672@{#912}) on port 27333
Account Console IT (chrome)	Run Account Console IT	2023-05-11T20:21:54.8491012Z Only local connections are allowed.
Account Console IT (chrome)	Run Account Console IT	2023-05-11T20:21:54.8491854Z Please see https://chromedriver.chromium.org/security-considerations for suggestions on keeping ChromeDriver safe.
Account Console IT (chrome)	Run Account Console IT	2023-05-11T20:21:54.8493157Z ChromeDriver was started successfully.
Account Console IT (chrome)	Run Account Console IT	2023-05-11T20:21:55.0471571Z May 11, 2023 8:21:55 PM org.openqa.selenium.remote.ProtocolHandshake createSession
Account Console IT (chrome)	Run Account Console IT	2023-05-11T20:21:55.0472662Z INFO: Detected dialect: W3C
Account Console IT (chrome)	Run Account Console IT	2023-05-11T20:22:04.6637845Z May 11, 2023 8:22:04 PM org.openqa.selenium.remote.DesiredCapabilities chrome
Account Console IT (chrome)	Run Account Console IT	2023-05-11T20:22:04.6638802Z INFO: Using `new ChromeOptions()` is preferred to `DesiredCapabilities.chrome()`
Account Console IT (chrome)	Run Account Console IT	2023-05-11T20:22:04.6640465Z May 11, 2023 8:22:04 PM org.openqa.selenium.remote.DesiredCapabilities chrome
Account Console IT (chrome)	Run Account Console IT	2023-05-11T20:22:04.6641083Z INFO: Using `new ChromeOptions()` is preferred to `DesiredCapabilities.chrome()`
Account Console IT (chrome)	Run Account Console IT	2023-05-11T20:22:04.6642204Z Starting ChromeDriver 113.0.5672.63 (0e1a4471d5ae5bf128b1bd8f4d627c8cbd55f70c-refs/branch-heads/5672@{#912}) on port 2730
Account Console IT (chrome)	Run Account Console IT	2023-05-11T20:22:04.6643438Z Only local connections are allowed.
Account Console IT (chrome)	Run Account Console IT	2023-05-11T20:22:04.6688978Z Please see https://chromedriver.chromium.org/security-considerations for suggestions on keeping ChromeDriver safe.
Account Console IT (chrome)	Run Account Console IT	2023-05-11T20:22:04.6691619Z ChromeDriver was started successfully.
Account Console IT (chrome)	Run Account Console IT	2023-05-11T20:22:04.6694109Z May 11, 2023 8:22:04 PM org.openqa.selenium.remote.ProtocolHandshake createSession
Account Console IT (chrome)	Run Account Console IT	2023-05-11T20:22:04.6696557Z INFO: Detected dialect: W3C
Account Console IT (chrome)	Run Account Console IT	2023-05-11T20:22:14.2341963Z --------- org.keycloak.testsuite.ui.account2.InternationalizationTest output start ---------
Account Console IT (chrome)	Run Account Console IT	2023-05-11T20:22:14.2346645Z InternationalizationTest ++ 20:21:30,341 INFO  [org.keycloak.testsuite.arquillian.AppServerTestEnricher] 
Account Console IT (chrome)	Run Account Console IT	2023-05-11T20:22:14.2347412Z InternationalizationTest ++ 
Account Console IT (chrome)	Run Account Console IT	2023-05-11T20:22:14.2348355Z InternationalizationTest ++ TEST CONTEXT: org.keycloak.testsuite.ui.account2.InternationalizationTest
Account Console IT (chrome)	Run Account Console IT	2023-05-11T20:22:14.2348881Z InternationalizationTest ++ 
Account Console IT (chrome)	Run Account Console IT	2023-05-11T20:22:14.2349451Z InternationalizationTest ++ 20:21:30,342 INFO  [org.keycloak.testsuite.ui.account2.InternationalizationTest] [InternationalizationTest] loggedInPageTest() STARTED
Account Console IT (chrome)	Run Account Console IT	2023-05-11T20:22:14.2350174Z InternationalizationTest ++ 20:21:30,660 INFO  [org.keycloak.testsuite.drone.KeycloakDronePostSetup] Detected browser: chrome 113.0.5672.63
Account Console IT (chrome)	Run Account Console IT	2023-05-11T20:22:14.2350903Z InternationalizationTest ++ 20:21:30,660 INFO  [org.keycloak.testsuite.drone.KeycloakDronePostSetup] Configuring driver settings. implicitWait=2000, pageLoadTimeout=10000
Account Console IT (chrome)	Run Account Console IT	2023-05-11T20:22:14.2351642Z InternationalizationTest ++ 20:21:31,033 DEBUG [org.keycloak.testsuite.ui.account2.InternationalizationTest] loading test realms
Account Console IT (chrome)	Run Account Console IT	2023-05-11T20:22:14.2352708Z InternationalizationTest ++ 2023-05-11 20:21:31,137 WARN  [org.keycloak.theme.DefaultThemeManager] (executor-thread-235) Not found parent theme 'keycloak' of theme 'address'. Unable to load ADMIN theme 'address' due to this.
Account Console IT (chrome)	Run Account Console IT	2023-05-11T20:22:14.2353663Z InternationalizationTest ++ 2023-05-11 20:21:31,137 ERROR [org.keycloak.theme.DefaultThemeManager] (executor-thread-235) Failed to find ADMIN theme address, using built-in themes
Account Console IT (chrome)	Run Account Console IT	2023-05-11T20:22:14.2354685Z InternationalizationTest ++ 2023-05-11 20:21:31,138 WARN  [org.keycloak.theme.DefaultThemeManager] (executor-thread-235) Not found theme 'admin/keycloak' referenced as import of theme 'incorrect'. Unable to load ADMIN theme 'incorrect' due to this.
Account Console IT (chrome)	Run Account Console IT	2023-05-11T20:22:14.2355678Z InternationalizationTest ++ 2023-05-11 20:21:31,138 ERROR [org.keycloak.theme.DefaultThemeManager] (executor-thread-235) Failed to find ADMIN theme incorrect, using built-in themes
Account Console IT (chrome)	Run Account Console IT	2023-05-11T20:22:14.2356740Z InternationalizationTest ++ 20:21:31,189 INFO  [org.keycloak.testsuite.ui.account2.InternationalizationTest] importing test realms
Account Console IT (chrome)	Run Account Console IT	2023-05-11T20:22:14.2357546Z InternationalizationTest ++ 20:21:31,189 DEBUG [org.keycloak.testsuite.ui.account2.InternationalizationTest] --importing realm: test
Account Console IT (chrome)	Run Account Console IT	2023-05-11T20:22:14.2358143Z InternationalizationTest ++ 20:21:32,001 INFO  [org.keycloak.testsuite.util.URLUtils] starting navigation
Account Console IT (chrome)	Run Account Console IT	2023-05-11T20:22:14.2358658Z InternationalizationTest ++ 20:21:32,006 INFO  [org.keycloak.testsuite.util.URLUtils] current URL:  data:,
Account Console IT (chrome)	Run Account Console IT	2023-05-11T20:22:14.2359613Z InternationalizationTest ++ 20:21:32,006 INFO  [org.keycloak.testsuite.util.URLUtils] navigating to https://localhost:8543/auth/realms/test/super-random-page
Account Console IT (chrome)	Run Account Console IT	2023-05-11T20:22:14.2360443Z InternationalizationTest ++ 20:21:32,771 INFO  [org.keycloak.testsuite.util.URLUtils] new current URL:  https://localhost:8543/auth/realms/test/super-random-page
Account Console IT (chrome)	Run Account Console IT	2023-05-11T20:22:14.2361040Z InternationalizationTest ++ 20:21:32,771 INFO  [org.keycloak.testsuite.util.URLUtils] navigation complete
Account Console IT (chrome)	Run Account Console IT	2023-05-11T20:22:14.2361793Z InternationalizationTest ++ 20:21:32,771 INFO  [org.keycloak.testsuite.ui.account2.InternationalizationTest] deleting cookies in 'test' realm
Account Console IT (chrome)	Run Account Console IT	2023-05-11T20:22:14.2362463Z InternationalizationTest ++ 20:21:32,795 DEBUG [org.keycloak.testsuite.ui.account2.InternationalizationTest] creating test user
Account Console IT (chrome)	Run Account Console IT	2023-05-11T20:22:14.2363110Z InternationalizationTest ++ 20:21:32,874 INFO  [org.keycloak.testsuite.util.URLUtils] starting navigation
Account Console IT (chrome)	Run Account Console IT	2023-05-11T20:22:14.2363848Z InternationalizationTest ++ 20:21:32,878 INFO  [org.keycloak.testsuite.util.URLUtils] current URL:  https://localhost:8543/auth/realms/test/super-random-page
Account Console IT (chrome)	Run Account Console IT	2023-05-11T20:22:14.2364516Z InternationalizationTest ++ 20:21:32,879 INFO  [org.keycloak.testsuite.util.URLUtils] navigating to https://localhost:8543/auth/realms/test/account/
Account Console IT (chrome)	Run Account Console IT	2023-05-11T20:22:14.2365085Z InternationalizationTest ++ 20:21:34,046 INFO  [org.keycloak.testsuite.util.WaitUtils] Wait: 2000ms
Account Console IT (chrome)	Run Account Console IT	2023-05-11T20:22:14.2365661Z InternationalizationTest ++ 20:21:36,051 INFO  [org.keycloak.testsuite.util.URLUtils] new current URL:  https://localhost:8543/auth/realms/test/account/#/
Account Console IT (chrome)	Run Account Console IT	2023-05-11T20:22:14.2366389Z InternationalizationTest ++ 20:21:36,051 INFO  [org.keycloak.testsuite.util.URLUtils] navigation complete
Account Console IT (chrome)	Run Account Console IT	2023-05-11T20:22:14.2366906Z InternationalizationTest ++ 20:21:36,064 INFO  [org.keycloak.testsuite.util.URLUtils] starting navigation
Account Console IT (chrome)	Run Account Console IT	2023-05-11T20:22:14.2367487Z InternationalizationTest ++ 20:21:36,069 INFO  [org.keycloak.testsuite.util.URLUtils] current URL:  https://localhost:8543/auth/realms/test/account/#/
Account Console IT (chrome)	Run Account Console IT	2023-05-11T20:22:14.2368297Z InternationalizationTest ++ 20:21:36,069 INFO  [org.keycloak.testsuite.util.URLUtils] navigating to https://localhost:8543/auth/realms/test/account/#/personal-info
Account Console IT (chrome)	Run Account Console IT	2023-05-11T20:22:14.2370017Z InternationalizationTest ++ 20:21:36,678 INFO  [org.keycloak.testsuite.util.URLUtils] new current URL:  https://localhost:8543/auth/realms/test/protocol/openid-connect/auth?client_id=account-console&redirect_uri=https%3A%2F%2Flocalhost%3A8543%2Fauth%2Frealms%2Ftest%2Faccount%2F%23%2Fpersonal-info&state=514a605e-ddb9-4352-9642-ebc0808c5e51&response_mode=fragment&response_type=code&scope=openid&nonce=a9e525fd-d47a-4d75-bd95-317dc06c776c&code_challenge=dzTzYidgSDdmWn6wcpVQjMRvo8eRmr9Vzu46uVLxW6o&code_challenge_method=S256
Account Console IT (chrome)	Run Account Console IT	2023-05-11T20:22:14.2371124Z InternationalizationTest ++ 20:21:36,679 INFO  [org.keycloak.testsuite.util.URLUtils] navigation complete
Account Console IT (chrome)	Run Account Console IT	2023-05-11T20:22:14.2371637Z InternationalizationTest ++ 20:21:37,906 INFO  [org.keycloak.testsuite.util.WaitUtils] Wait: 2000ms
Account Console IT (chrome)	Run Account Console IT	2023-05-11T20:22:14.2372148Z InternationalizationTest ++ 20:21:40,696 INFO  [org.keycloak.testsuite.util.WaitUtils] Wait: 2000ms
Account Console IT (chrome)	Run Account Console IT	2023-05-11T20:22:14.2372665Z InternationalizationTest ++ 20:21:44,014 INFO  [org.keycloak.testsuite.util.WaitUtils] Wait: 2000ms
Account Console IT (chrome)	Run Account Console IT	2023-05-11T20:22:14.2373388Z InternationalizationTest ++ 20:21:46,070 INFO  [org.keycloak.testsuite.ui.account2.InternationalizationTest] calling all TestCleanup
Account Console IT (chrome)	Run Account Console IT	2023-05-11T20:22:14.2374124Z InternationalizationTest ++ 20:21:46,077 INFO  [org.keycloak.testsuite.ui.account2.InternationalizationTest] [InternationalizationTest] loggedInPageTest() FINISHED
Account Console IT (chrome)	Run Account Console IT	2023-05-11T20:22:14.2374724Z InternationalizationTest ++ 
Account Console IT (chrome)	Run Account Console IT	2023-05-11T20:22:14.2375021Z InternationalizationTest ++ 
Account Console IT (chrome)	Run Account Console IT	2023-05-11T20:22:14.2375547Z InternationalizationTest ++ 20:21:46,078 WARN  [org.keycloak.testsuite.ui.account2.InternationalizationTest] [InternationalizationTest] loginFormTest() IGNORED
Account Console IT (chrome)	Run Account Console IT	2023-05-11T20:22:14.2376053Z InternationalizationTest ++ 
Account Console IT (chrome)	Run Account Console IT	2023-05-11T20:22:14.2376451Z InternationalizationTest ++ 
Account Console IT (chrome)	Run Account Console IT	2023-05-11T20:22:14.2376989Z InternationalizationTest ++ 20:21:46,078 INFO  [org.keycloak.testsuite.ui.account2.InternationalizationTest] [InternationalizationTest] userAttributeTest() STARTED
Account Console IT (chrome)	Run Account Console IT	2023-05-11T20:22:14.2377634Z InternationalizationTest ++ 20:21:46,269 INFO  [org.keycloak.testsuite.util.URLUtils] starting navigation
Account Console IT (chrome)	Run Account Console IT	2023-05-11T20:22:14.2378229Z InternationalizationTest ++ 20:21:46,274 INFO  [org.keycloak.testsuite.util.URLUtils] current URL:  https://localhost:8543/auth/realms/test/account/#/
Account Console IT (chrome)	Run Account Console IT	2023-05-11T20:22:14.2379040Z InternationalizationTest ++ 20:21:46,274 INFO  [org.keycloak.testsuite.util.URLUtils] navigating to https://localhost:8543/auth/realms/test/super-random-page
Account Console IT (chrome)	Run Account Console IT	2023-05-11T20:22:14.2379853Z InternationalizationTest ++ 20:21:46,860 INFO  [org.keycloak.testsuite.util.URLUtils] new current URL:  https://localhost:8543/auth/realms/test/super-random-page
Account Console IT (chrome)	Run Account Console IT	2023-05-11T20:22:14.2380442Z InternationalizationTest ++ 20:21:46,860 INFO  [org.keycloak.testsuite.util.URLUtils] navigation complete
Account Console IT (chrome)	Run Account Console IT	2023-05-11T20:22:14.2381183Z InternationalizationTest ++ 20:21:46,860 INFO  [org.keycloak.testsuite.ui.account2.InternationalizationTest] deleting cookies in 'test' realm
Account Console IT (chrome)	Run Account Console IT	2023-05-11T20:22:14.2381856Z InternationalizationTest ++ 20:21:46,903 DEBUG [org.keycloak.testsuite.ui.account2.InternationalizationTest] creating test user
Account Console IT (chrome)	Run Account Console IT	2023-05-11T20:22:14.2382455Z InternationalizationTest ++ 20:21:46,991 INFO  [org.keycloak.testsuite.util.URLUtils] starting navigation
Account Console IT (chrome)	Run Account Console IT	2023-05-11T20:22:14.2383222Z InternationalizationTest ++ 20:21:46,995 INFO  [org.keycloak.testsuite.util.URLUtils] current URL:  https://localhost:8543/auth/realms/test/super-random-page
Account Console IT (chrome)	Run Account Console IT	2023-05-11T20:22:14.2383877Z InternationalizationTest ++ 20:21:46,995 INFO  [org.keycloak.testsuite.util.URLUtils] navigating to https://localhost:8543/auth/realms/test/account/
Account Console IT (chrome)	Run Account Console IT	2023-05-11T20:22:14.2384449Z InternationalizationTest ++ 20:21:48,126 INFO  [org.keycloak.testsuite.util.WaitUtils] Wait: 2000ms
Account Console IT (chrome)	Run Account Console IT	2023-05-11T20:22:14.2385041Z InternationalizationTest ++ 20:21:50,131 INFO  [org.keycloak.testsuite.util.URLUtils] new current URL:  https://localhost:8543/auth/realms/test/account/#/
Account Console IT (chrome)	Run Account Console IT	2023-05-11T20:22:14.2385693Z InternationalizationTest ++ 20:21:50,131 INFO  [org.keycloak.testsuite.util.URLUtils] navigation complete
Account Console IT (chrome)	Run Account Console IT	2023-05-11T20:22:14.2386273Z InternationalizationTest ++ 20:21:50,190 INFO  [org.keycloak.testsuite.util.URLUtils] starting navigation
Account Console IT (chrome)	Run Account Console IT	2023-05-11T20:22:14.2386894Z InternationalizationTest ++ 20:21:50,197 INFO  [org.keycloak.testsuite.util.URLUtils] current URL:  https://localhost:8543/auth/realms/test/account/#/
Account Console IT (chrome)	Run Account Console IT	2023-05-11T20:22:14.2387545Z InternationalizationTest ++ 20:21:50,197 INFO  [org.keycloak.testsuite.util.URLUtils] navigating to https://localhost:8543/auth/realms/test/account/
Account Console IT (chrome)	Run Account Console IT	2023-05-11T20:22:14.2388141Z InternationalizationTest ++ 20:21:50,863 INFO  [org.keycloak.testsuite.util.WaitUtils] Wait: 2000ms
Account Console IT (chrome)	Run Account Console IT	2023-05-11T20:22:14.2388735Z InternationalizationTest ++ 20:21:52,867 INFO  [org.keycloak.testsuite.util.URLUtils] new current URL:  https://localhost:8543/auth/realms/test/account/#/
Account Console IT (chrome)	Run Account Console IT	2023-05-11T20:22:14.2389338Z InternationalizationTest ++ 20:21:52,868 INFO  [org.keycloak.testsuite.util.URLUtils] navigation complete
Account Console IT (chrome)	Run Account Console IT	2023-05-11T20:22:14.2389944Z InternationalizationTest ++ 20:21:53,603 INFO  [org.keycloak.testsuite.ui.account2.InternationalizationTest] calling all TestCleanup
Account Console IT (chrome)	Run Account Console IT	2023-05-11T20:22:14.2390796Z InternationalizationTest ++ 20:21:54,436 ERROR [org.keycloak.testsuite.ui.account2.InternationalizationTest] [InternationalizationTest] userAttributeTest() FAILED
Account Console IT (chrome)	Run Account Console IT	2023-05-11T20:22:14.2391582Z InternationalizationTest ++ 20:21:54,437 INFO  [org.keycloak.testsuite.ui.account2.InternationalizationTest] [InternationalizationTest] userAttributeTest() FINISHED
Account Console IT (chrome)	Run Account Console IT	2023-05-11T20:22:14.2392098Z InternationalizationTest ++ 
Account Console IT (chrome)	Run Account Console IT	2023-05-11T20:22:14.2392385Z InternationalizationTest ++ 
Account Console IT (chrome)	Run Account Console IT	2023-05-11T20:22:14.2392968Z InternationalizationTest ++ 20:21:54,437 WARN  [org.keycloak.testsuite.ui.account2.InternationalizationTest] [InternationalizationTest] shouldDisplayTimeUsingSelectedLocale() IGNORED
Account Console IT (chrome)	Run Account Console IT	2023-05-11T20:22:14.2393645Z InternationalizationTest ++ 
Account Console IT (chrome)	Run Account Console IT	2023-05-11T20:22:14.2393933Z InternationalizationTest ++ 
Account Console IT (chrome)	Run Account Console IT	2023-05-11T20:22:14.2394430Z InternationalizationTest ++ 20:21:54,444 INFO  [org.keycloak.testsuite.arquillian.AuthServerTestEnricher] removing test realms after test class
Account Console IT (chrome)	Run Account Console IT	2023-05-11T20:22:14.2395107Z InternationalizationTest ++ 20:21:54,708 INFO  [org.keycloak.testsuite.arquillian.AuthServerTestEnricher] removed realms: test, 
Account Console IT (chrome)	Run Account Console IT	2023-05-11T20:22:14.2395740Z InternationalizationTest ++ 20:21:54,821 INFO  [org.keycloak.testsuite.arquillian.AppServerTestEnricher] 
Account Console IT (chrome)	Run Account Console IT	2023-05-11T20:22:14.2396186Z InternationalizationTest ++ 
Account Console IT (chrome)	Run Account Console IT	2023-05-11T20:22:14.2396644Z InternationalizationTest ++ TEST CONTEXT: org.keycloak.testsuite.ui.account2.InternationalizationTest
Account Console IT (chrome)	Run Account Console IT	2023-05-11T20:22:14.2397078Z InternationalizationTest ++ 
Account Console IT (chrome)	Run Account Console IT	2023-05-11T20:22:14.2397609Z InternationalizationTest ++ 20:21:54,822 INFO  [org.keycloak.testsuite.ui.account2.InternationalizationTest] [InternationalizationTest] userAttributeTest() STARTED
Account Console IT (chrome)	Run Account Console IT	2023-05-11T20:22:14.2398325Z InternationalizationTest ++ 20:21:55,008 INFO  [org.keycloak.testsuite.drone.KeycloakDronePostSetup] Detected browser: chrome 113.0.5672.63
Account Console IT (chrome)	Run Account Console IT	2023-05-11T20:22:14.2399053Z InternationalizationTest ++ 20:21:55,008 INFO  [org.keycloak.testsuite.drone.KeycloakDronePostSetup] Configuring driver settings. implicitWait=2000, pageLoadTimeout=10000
Account Console IT (chrome)	Run Account Console IT	2023-05-11T20:22:14.2399757Z InternationalizationTest ++ 20:21:55,282 DEBUG [org.keycloak.testsuite.ui.account2.InternationalizationTest] loading test realms
Account Console IT (chrome)	Run Account Console IT	2023-05-11T20:22:14.2400751Z InternationalizationTest ++ 2023-05-11 20:21:55,351 WARN  [org.keycloak.theme.DefaultThemeManager] (executor-thread-165) Not found parent theme 'keycloak' of theme 'address'. Unable to load ADMIN theme 'address' due to this.
Account Console IT (chrome)	Run Account Console IT	2023-05-11T20:22:14.2401734Z InternationalizationTest ++ 2023-05-11 20:21:55,351 ERROR [org.keycloak.theme.DefaultThemeManager] (executor-thread-165) Failed to find ADMIN theme address, using built-in themes
Account Console IT (chrome)	Run Account Console IT	2023-05-11T20:22:14.2402760Z InternationalizationTest ++ 2023-05-11 20:21:55,352 WARN  [org.keycloak.theme.DefaultThemeManager] (executor-thread-165) Not found theme 'admin/keycloak' referenced as import of theme 'incorrect'. Unable to load ADMIN theme 'incorrect' due to this.
Account Console IT (chrome)	Run Account Console IT	2023-05-11T20:22:14.2403728Z InternationalizationTest ++ 2023-05-11 20:21:55,353 ERROR [org.keycloak.theme.DefaultThemeManager] (executor-thread-165) Failed to find ADMIN theme incorrect, using built-in themes
Account Console IT (chrome)	Run Account Console IT	2023-05-11T20:22:14.2404415Z InternationalizationTest ++ 20:21:55,382 INFO  [org.keycloak.testsuite.ui.account2.InternationalizationTest] importing test realms
Account Console IT (chrome)	Run Account Console IT	2023-05-11T20:22:14.2405213Z InternationalizationTest ++ 20:21:55,382 DEBUG [org.keycloak.testsuite.ui.account2.InternationalizationTest] --importing realm: test
Account Console IT (chrome)	Run Account Console IT	2023-05-11T20:22:14.2405809Z InternationalizationTest ++ 20:21:55,868 INFO  [org.keycloak.testsuite.util.URLUtils] starting navigation
Account Console IT (chrome)	Run Account Console IT	2023-05-11T20:22:14.2406729Z InternationalizationTest ++ 20:21:55,872 INFO  [org.keycloak.testsuite.util.URLUtils] current URL:  data:,
Account Console IT (chrome)	Run Account Console IT	2023-05-11T20:22:14.2407519Z InternationalizationTest ++ 20:21:55,873 INFO  [org.keycloak.testsuite.util.URLUtils] navigating to https://localhost:8543/auth/realms/test/super-random-page
Account Console IT (chrome)	Run Account Console IT	2023-05-11T20:22:14.2408532Z InternationalizationTest ++ 20:21:56,590 INFO  [org.keycloak.testsuite.util.URLUtils] new current URL:  https://localhost:8543/auth/realms/test/super-random-page
Account Console IT (chrome)	Run Account Console IT	2023-05-11T20:22:14.2409120Z InternationalizationTest ++ 20:21:56,590 INFO  [org.keycloak.testsuite.util.URLUtils] navigation complete
Account Console IT (chrome)	Run Account Console IT	2023-05-11T20:22:14.2409865Z InternationalizationTest ++ 20:21:56,590 INFO  [org.keycloak.testsuite.ui.account2.InternationalizationTest] deleting cookies in 'test' realm
Account Console IT (chrome)	Run Account Console IT	2023-05-11T20:22:14.2410535Z InternationalizationTest ++ 20:21:56,613 DEBUG [org.keycloak.testsuite.ui.account2.InternationalizationTest] creating test user
Account Console IT (chrome)	Run Account Console IT	2023-05-11T20:22:14.2411111Z InternationalizationTest ++ 20:21:56,692 INFO  [org.keycloak.testsuite.util.URLUtils] starting navigation
Account Console IT (chrome)	Run Account Console IT	2023-05-11T20:22:14.2411999Z InternationalizationTest ++ 20:21:56,696 INFO  [org.keycloak.testsuite.util.URLUtils] current URL:  https://localhost:8543/auth/realms/test/super-random-page
Account Console IT (chrome)	Run Account Console IT	2023-05-11T20:22:14.2412655Z InternationalizationTest ++ 20:21:56,697 INFO  [org.keycloak.testsuite.util.URLUtils] navigating to https://localhost:8543/auth/realms/test/account/
Account Console IT (chrome)	Run Account Console IT	2023-05-11T20:22:14.2413226Z InternationalizationTest ++ 20:21:57,908 INFO  [org.keycloak.testsuite.util.WaitUtils] Wait: 2000ms
Account Console IT (chrome)	Run Account Console IT	2023-05-11T20:22:14.2413798Z InternationalizationTest ++ 20:21:59,913 INFO  [org.keycloak.testsuite.util.URLUtils] new current URL:  https://localhost:8543/auth/realms/test/account/#/
Account Console IT (chrome)	Run Account Console IT	2023-05-11T20:22:14.2414360Z InternationalizationTest ++ 20:21:59,913 INFO  [org.keycloak.testsuite.util.URLUtils] navigation complete
Account Console IT (chrome)	Run Account Console IT	2023-05-11T20:22:14.2414871Z InternationalizationTest ++ 20:21:59,971 INFO  [org.keycloak.testsuite.util.URLUtils] starting navigation
Account Console IT (chrome)	Run Account Console IT	2023-05-11T20:22:14.2415437Z InternationalizationTest ++ 20:21:59,975 INFO  [org.keycloak.testsuite.util.URLUtils] current URL:  https://localhost:8543/auth/realms/test/account/#/
Account Console IT (chrome)	Run Account Console IT	2023-05-11T20:22:14.2416077Z InternationalizationTest ++ 20:21:59,976 INFO  [org.keycloak.testsuite.util.URLUtils] navigating to https://localhost:8543/auth/realms/test/account/
Account Console IT (chrome)	Run Account Console IT	2023-05-11T20:22:14.2416653Z InternationalizationTest ++ 20:22:01,091 INFO  [org.keycloak.testsuite.util.WaitUtils] Wait: 2000ms
Account Console IT (chrome)	Run Account Console IT	2023-05-11T20:22:14.2417234Z InternationalizationTest ++ 20:22:03,096 INFO  [org.keycloak.testsuite.util.URLUtils] new current URL:  https://localhost:8543/auth/realms/test/account/#/
Account Console IT (chrome)	Run Account Console IT	2023-05-11T20:22:14.2417801Z InternationalizationTest ++ 20:22:03,096 INFO  [org.keycloak.testsuite.util.URLUtils] navigation complete
Account Console IT (chrome)	Run Account Console IT	2023-05-11T20:22:14.2418392Z InternationalizationTest ++ 20:22:03,826 INFO  [org.keycloak.testsuite.ui.account2.InternationalizationTest] calling all TestCleanup
Account Console IT (chrome)	Run Account Console IT	2023-05-11T20:22:14.2419110Z InternationalizationTest ++ 20:22:04,066 ERROR [org.keycloak.testsuite.ui.account2.InternationalizationTest] [InternationalizationTest] userAttributeTest() FAILED
Account Console IT (chrome)	Run Account Console IT	2023-05-11T20:22:14.2419873Z InternationalizationTest ++ 20:22:04,066 INFO  [org.keycloak.testsuite.ui.account2.InternationalizationTest] [InternationalizationTest] userAttributeTest() FINISHED
Account Console IT (chrome)	Run Account Console IT	2023-05-11T20:22:14.2420390Z InternationalizationTest ++ 
Account Console IT (chrome)	Run Account Console IT	2023-05-11T20:22:14.2420678Z InternationalizationTest ++ 
Account Console IT (chrome)	Run Account Console IT	2023-05-11T20:22:14.2421168Z InternationalizationTest ++ 20:22:04,072 INFO  [org.keycloak.testsuite.arquillian.AuthServerTestEnricher] removing test realms after test class
Account Console IT (chrome)	Run Account Console IT	2023-05-11T20:22:14.2421835Z InternationalizationTest ++ 20:22:04,371 INFO  [org.keycloak.testsuite.arquillian.AuthServerTestEnricher] removed realms: test, 
Account Console IT (chrome)	Run Account Console IT	2023-05-11T20:22:14.2422466Z InternationalizationTest ++ 20:22:04,479 INFO  [org.keycloak.testsuite.arquillian.AppServerTestEnricher] 
Account Console IT (chrome)	Run Account Console IT	2023-05-11T20:22:14.2422900Z InternationalizationTest ++ 
Account Console IT (chrome)	Run Account Console IT	2023-05-11T20:22:14.2423354Z InternationalizationTest ++ TEST CONTEXT: org.keycloak.testsuite.ui.account2.InternationalizationTest
Account Console IT (chrome)	Run Account Console IT	2023-05-11T20:22:14.2423794Z InternationalizationTest ++ 
Account Console IT (chrome)	Run Account Console IT	2023-05-11T20:22:14.2424328Z InternationalizationTest ++ 20:22:04,479 INFO  [org.keycloak.testsuite.ui.account2.InternationalizationTest] [InternationalizationTest] userAttributeTest() STARTED
Account Console IT (chrome)	Run Account Console IT	2023-05-11T20:22:14.2425166Z InternationalizationTest ++ 20:22:04,639 INFO  [org.keycloak.testsuite.drone.KeycloakDronePostSetup] Detected browser: chrome 113.0.5672.63
Account Console IT (chrome)	Run Account Console IT	2023-05-11T20:22:14.2425863Z InternationalizationTest ++ 20:22:04,639 INFO  [org.keycloak.testsuite.drone.KeycloakDronePostSetup] Configuring driver settings. implicitWait=2000, pageLoadTimeout=10000
Account Console IT (chrome)	Run Account Console IT	2023-05-11T20:22:14.2426562Z InternationalizationTest ++ 20:22:04,939 DEBUG [org.keycloak.testsuite.ui.account2.InternationalizationTest] loading test realms
Account Console IT (chrome)	Run Account Console IT	2023-05-11T20:22:14.2427544Z InternationalizationTest ++ 2023-05-11 20:22:04,997 WARN  [org.keycloak.theme.DefaultThemeManager] (executor-thread-163) Not found parent theme 'keycloak' of theme 'address'. Unable to load ADMIN theme 'address' due to this.
Account Console IT (chrome)	Run Account Console IT	2023-05-11T20:22:14.2428596Z InternationalizationTest ++ 2023-05-11 20:22:04,997 ERROR [org.keycloak.theme.DefaultThemeManager] (executor-thread-163) Failed to find ADMIN theme address, using built-in themes
Account Console IT (chrome)	Run Account Console IT	2023-05-11T20:22:14.2429614Z InternationalizationTest ++ 2023-05-11 20:22:04,998 WARN  [org.keycloak.theme.DefaultThemeManager] (executor-thread-163) Not found theme 'admin/keycloak' referenced as import of theme 'incorrect'. Unable to load ADMIN theme 'incorrect' due to this.
Account Console IT (chrome)	Run Account Console IT	2023-05-11T20:22:14.2430585Z InternationalizationTest ++ 2023-05-11 20:22:04,998 ERROR [org.keycloak.theme.DefaultThemeManager] (executor-thread-163) Failed to find ADMIN theme incorrect, using built-in themes
Account Console IT (chrome)	Run Account Console IT	2023-05-11T20:22:14.2431269Z InternationalizationTest ++ 20:22:05,021 INFO  [org.keycloak.testsuite.ui.account2.InternationalizationTest] importing test realms
Account Console IT (chrome)	Run Account Console IT	2023-05-11T20:22:14.2432078Z InternationalizationTest ++ 20:22:05,021 DEBUG [org.keycloak.testsuite.ui.account2.InternationalizationTest] --importing realm: test
Account Console IT (chrome)	Run Account Console IT	2023-05-11T20:22:14.2432694Z InternationalizationTest ++ 20:22:05,682 INFO  [org.keycloak.testsuite.util.URLUtils] starting navigation
Account Console IT (chrome)	Run Account Console IT	2023-05-11T20:22:14.2433215Z InternationalizationTest ++ 20:22:05,686 INFO  [org.keycloak.testsuite.util.URLUtils] current URL:  data:,
Account Console IT (chrome)	Run Account Console IT	2023-05-11T20:22:14.2434171Z InternationalizationTest ++ 20:22:05,686 INFO  [org.keycloak.testsuite.util.URLUtils] navigating to https://localhost:8543/auth/realms/test/super-random-page
Account Console IT (chrome)	Run Account Console IT	2023-05-11T20:22:14.2434994Z InternationalizationTest ++ 20:22:06,381 INFO  [org.keycloak.testsuite.util.URLUtils] new current URL:  https://localhost:8543/auth/realms/test/super-random-page
Account Console IT (chrome)	Run Account Console IT	2023-05-11T20:22:14.2435639Z InternationalizationTest ++ 20:22:06,381 INFO  [org.keycloak.testsuite.util.URLUtils] navigation complete
Account Console IT (chrome)	Run Account Console IT	2023-05-11T20:22:14.2436376Z InternationalizationTest ++ 20:22:06,381 INFO  [org.keycloak.testsuite.ui.account2.InternationalizationTest] deleting cookies in 'test' realm
Account Console IT (chrome)	Run Account Console IT	2023-05-11T20:22:14.2437045Z InternationalizationTest ++ 20:22:06,403 DEBUG [org.keycloak.testsuite.ui.account2.InternationalizationTest] creating test user
Account Console IT (chrome)	Run Account Console IT	2023-05-11T20:22:14.2437635Z InternationalizationTest ++ 20:22:06,491 INFO  [org.keycloak.testsuite.util.URLUtils] starting navigation
Account Console IT (chrome)	Run Account Console IT	2023-05-11T20:22:14.2438405Z InternationalizationTest ++ 20:22:06,495 INFO  [org.keycloak.testsuite.util.URLUtils] current URL:  https://localhost:8543/auth/realms/test/super-random-page
Account Console IT (chrome)	Run Account Console IT	2023-05-11T20:22:14.2439063Z InternationalizationTest ++ 20:22:06,495 INFO  [org.keycloak.testsuite.util.URLUtils] navigating to https://localhost:8543/auth/realms/test/account/
Account Console IT (chrome)	Run Account Console IT	2023-05-11T20:22:14.2439618Z InternationalizationTest ++ 20:22:07,662 INFO  [org.keycloak.testsuite.util.WaitUtils] Wait: 2000ms
Account Console IT (chrome)	Run Account Console IT	2023-05-11T20:22:14.2440210Z InternationalizationTest ++ 20:22:09,667 INFO  [org.keycloak.testsuite.util.URLUtils] new current URL:  https://localhost:8543/auth/realms/test/account/#/
Account Console IT (chrome)	Run Account Console IT	2023-05-11T20:22:14.2440783Z InternationalizationTest ++ 20:22:09,667 INFO  [org.keycloak.testsuite.util.URLUtils] navigation complete
Account Console IT (chrome)	Run Account Console IT	2023-05-11T20:22:14.2441306Z InternationalizationTest ++ 20:22:09,720 INFO  [org.keycloak.testsuite.util.URLUtils] starting navigation
Account Console IT (chrome)	Run Account Console IT	2023-05-11T20:22:14.2441885Z InternationalizationTest ++ 20:22:09,724 INFO  [org.keycloak.testsuite.util.URLUtils] current URL:  https://localhost:8543/auth/realms/test/account/#/
Account Console IT (chrome)	Run Account Console IT	2023-05-11T20:22:14.2442775Z InternationalizationTest ++ 20:22:09,724 INFO  [org.keycloak.testsuite.util.URLUtils] navigating to https://localhost:8543/auth/realms/test/account/
Account Console IT (chrome)	Run Account Console IT	2023-05-11T20:22:14.2443404Z InternationalizationTest ++ 20:22:10,836 INFO  [org.keycloak.testsuite.util.WaitUtils] Wait: 2000ms
Account Console IT (chrome)	Run Account Console IT	2023-05-11T20:22:14.2443977Z InternationalizationTest ++ 20:22:12,841 INFO  [org.keycloak.testsuite.util.URLUtils] new current URL:  https://localhost:8543/auth/realms/test/account/#/
Account Console IT (chrome)	Run Account Console IT	2023-05-11T20:22:14.2444546Z InternationalizationTest ++ 20:22:12,841 INFO  [org.keycloak.testsuite.util.URLUtils] navigation complete
Account Console IT (chrome)	Run Account Console IT	2023-05-11T20:22:14.2445160Z InternationalizationTest ++ 20:22:13,576 INFO  [org.keycloak.testsuite.ui.account2.InternationalizationTest] calling all TestCleanup
Account Console IT (chrome)	Run Account Console IT	2023-05-11T20:22:14.2446007Z InternationalizationTest ++ 20:22:13,808 ERROR [org.keycloak.testsuite.ui.account2.InternationalizationTest] [InternationalizationTest] userAttributeTest() FAILED
Account Console IT (chrome)	Run Account Console IT	2023-05-11T20:22:14.2446945Z InternationalizationTest ++ 20:22:13,808 INFO  [org.keycloak.testsuite.ui.account2.InternationalizationTest] [InternationalizationTest] userAttributeTest() FINISHED
Account Console IT (chrome)	Run Account Console IT	2023-05-11T20:22:14.2447470Z InternationalizationTest ++ 
Account Console IT (chrome)	Run Account Console IT	2023-05-11T20:22:14.2447761Z InternationalizationTest ++ 
Account Console IT (chrome)	Run Account Console IT	2023-05-11T20:22:14.2448259Z InternationalizationTest ++ 20:22:13,813 INFO  [org.keycloak.testsuite.arquillian.AuthServerTestEnricher] removing test realms after test class
Account Console IT (chrome)	Run Account Console IT	2023-05-11T20:22:14.2448929Z InternationalizationTest ++ 20:22:14,100 INFO  [org.keycloak.testsuite.arquillian.AuthServerTestEnricher] removed realms: test, 
Account Console IT (chrome)	Run Account Console IT	2023-05-11T20:22:14.2449277Z 
Account Console IT (chrome)	Run Account Console IT	2023-05-11T20:22:14.2449785Z --------- org.keycloak.testsuite.ui.account2.InternationalizationTest output end  ---------
Account Console IT (chrome)	Run Account Console IT	2023-05-11T20:22:14.2450593Z [ERROR] Tests run: 6, Failures: 3, Errors: 0, Skipped: 2, Time elapsed: 43.851 s <<< FAILURE! - in org.keycloak.testsuite.ui.account2.InternationalizationTest
Account Console IT (chrome)	Run Account Console IT	2023-05-11T20:22:14.2451445Z -- [ERROR] org.keycloak.testsuite.ui.account2.InternationalizationTest.userAttributeTest  Time elapsed: 8.345 s  <<< FAILURE!
Account Console IT (chrome)	Run Account Console IT	2023-05-11T20:22:14.2452093Z -- org.junit.ComparisonFailure: expected:<[English]> but was:<[und]>
Account Console IT (chrome)	Run Account Console IT	2023-05-11T20:22:14.2452547Z -- 	at org.junit.Assert.assertEquals(Assert.java:117)
Account Console IT (chrome)	Run Account Console IT	2023-05-11T20:22:14.2452971Z -- 	at org.junit.Assert.assertEquals(Assert.java:146)
Account Console IT (chrome)	Run Account Console IT	2023-05-11T20:22:14.2453662Z -- 	at org.keycloak.testsuite.ui.account2.InternationalizationTest.userAttributeTest(InternationalizationTest.java:105)
Account Console IT (chrome)	Run Account Console IT	2023-05-11T20:22:14.2454416Z -- 	at java.base/jdk.internal.reflect.NativeMethodAccessorImpl.invoke0(Native Method)
Account Console IT (chrome)	Run Account Console IT	2023-05-11T20:22:14.2455104Z -- 	at java.base/jdk.internal.reflect.NativeMethodAccessorImpl.invoke(NativeMethodAccessorImpl.java:77)
Account Console IT (chrome)	Run Account Console IT	2023-05-11T20:22:14.2455872Z -- 	at java.base/jdk.internal.reflect.DelegatingMethodAccessorImpl.invoke(DelegatingMethodAccessorImpl.java:43)
Account Console IT (chrome)	Run Account Console IT	2023-05-11T20:22:14.2456494Z -- 	at java.base/java.lang.reflect.Method.invoke(Method.java:568)
Account Console IT (chrome)	Run Account Console IT	2023-05-11T20:22:14.2457057Z -- 	at org.junit.runners.model.FrameworkMethod$1.runReflectiveCall(FrameworkMethod.java:59)
Account Console IT (chrome)	Run Account Console IT	2023-05-11T20:22:14.2457700Z -- 	at org.junit.internal.runners.model.ReflectiveCallable.run(ReflectiveCallable.java:12)
Account Console IT (chrome)	Run Account Console IT	2023-05-11T20:22:14.2458363Z -- 	at org.junit.runners.model.FrameworkMethod.invokeExplosively(FrameworkMethod.java:56)
Account Console IT (chrome)	Run Account Console IT	2023-05-11T20:22:14.2458971Z -- 	at org.jboss.arquillian.junit.Arquillian$8$1.invokeMethod(Arquillian.java:325)
Account Console IT (chrome)	Run Account Console IT	2023-05-11T20:22:14.2459526Z -- 	at org.jboss.arquillian.junit.MethodInvoker$1.invoke(MethodInvoker.java:18)
Account Console IT (chrome)	Run Account Console IT	2023-05-11T20:22:14.2460241Z -- 	at org.jboss.arquillian.container.test.impl.execution.LocalTestExecuter.execute(LocalTestExecuter.java:57)
Account Console IT (chrome)	Run Account Console IT	2023-05-11T20:22:14.2461004Z -- 	at org.keycloak.testsuite.arquillian.ModelTestExecutor.execute(ModelTestExecutor.java:51)
Account Console IT (chrome)	Run Account Console IT	2023-05-11T20:22:14.2461652Z -- 	at jdk.internal.reflect.GeneratedMethodAccessor173.invoke(Unknown Source)
Account Console IT (chrome)	Run Account Console IT	2023-05-11T20:22:14.2462575Z -- 	at java.base/jdk.internal.reflect.DelegatingMethodAccessorImpl.invoke(DelegatingMethodAccessorImpl.java:43)
Account Console IT (chrome)	Run Account Console IT	2023-05-11T20:22:14.2463203Z -- 	at java.base/java.lang.reflect.Method.invoke(Method.java:568)
Account Console IT (chrome)	Run Account Console IT	2023-05-11T20:22:14.2463747Z -- 	at org.jboss.arquillian.core.impl.ObserverImpl.invoke(ObserverImpl.java:86)
Account Console IT (chrome)	Run Account Console IT	2023-05-11T20:22:14.2464424Z -- 	at org.jboss.arquillian.core.impl.EventContextImpl.invokeObservers(EventContextImpl.java:103)
Account Console IT (chrome)	Run Account Console IT	2023-05-11T20:22:14.2465116Z -- 	at org.jboss.arquillian.core.impl.EventContextImpl.proceed(EventContextImpl.java:90)
Account Console IT (chrome)	Run Account Console IT	2023-05-11T20:22:14.2465728Z -- 	at org.jboss.arquillian.core.impl.ManagerImpl.fire(ManagerImpl.java:133)
Account Console IT (chrome)	Run Account Console IT	2023-05-11T20:22:14.2466294Z -- 	at org.jboss.arquillian.core.impl.ManagerImpl.fire(ManagerImpl.java:105)
Account Console IT (chrome)	Run Account Console IT	2023-05-11T20:22:14.2466991Z -- 	at org.jboss.arquillian.core.impl.EventImpl.fire(EventImpl.java:62)
Account Console IT (chrome)	Run Account Console IT	2023-05-11T20:22:14.2467713Z -- 	at org.jboss.arquillian.container.test.impl.execution.ClientTestExecuter.execute(ClientTestExecuter.java:50)
Account Console IT (chrome)	Run Account Console IT	2023-05-11T20:22:14.2468428Z -- 	at jdk.internal.reflect.GeneratedMethodAccessor172.invoke(Unknown Source)
Account Console IT (chrome)	Run Account Console IT	2023-05-11T20:22:14.2469130Z -- 	at java.base/jdk.internal.reflect.DelegatingMethodAccessorImpl.invoke(DelegatingMethodAccessorImpl.java:43)
Account Console IT (chrome)	Run Account Console IT	2023-05-11T20:22:14.2469755Z -- 	at java.base/java.lang.reflect.Method.invoke(Method.java:568)
Account Console IT (chrome)	Run Account Console IT	2023-05-11T20:22:14.2470293Z -- 	at org.jboss.arquillian.core.impl.ObserverImpl.invoke(ObserverImpl.java:86)
Account Console IT (chrome)	Run Account Console IT	2023-05-11T20:22:14.2470985Z -- 	at org.jboss.arquillian.core.impl.EventContextImpl.invokeObservers(EventContextImpl.java:103)
Account Console IT (chrome)	Run Account Console IT	2023-05-11T20:22:14.2471677Z -- 	at org.jboss.arquillian.core.impl.EventContextImpl.proceed(EventContextImpl.java:90)
Account Console IT (chrome)	Run Account Console IT	2023-05-11T20:22:14.2472525Z -- 	at org.jboss.arquillian.container.test.impl.client.ContainerEventController.createContext(ContainerEventController.java:128)
Account Console IT (chrome)	Run Account Console IT	2023-05-11T20:22:14.2473557Z -- 	at org.jboss.arquillian.container.test.impl.client.ContainerEventController.createTestContext(ContainerEventController.java:118)
Account Console IT (chrome)	Run Account Console IT	2023-05-11T20:22:14.2474359Z -- 	at jdk.internal.reflect.GeneratedMethodAccessor171.invoke(Unknown Source)
Account Console IT (chrome)	Run Account Console IT	2023-05-11T20:22:14.2475067Z -- 	at java.base/jdk.internal.reflect.DelegatingMethodAccessorImpl.invoke(DelegatingMethodAccessorImpl.java:43)
Account Console IT (chrome)	Run Account Console IT	2023-05-11T20:22:14.2475674Z -- 	at java.base/java.lang.reflect.Method.invoke(Method.java:568)
Account Console IT (chrome)	Run Account Console IT	2023-05-11T20:22:14.2476240Z -- 	at org.jboss.arquillian.core.impl.ObserverImpl.invoke(ObserverImpl.java:86)
Account Console IT (chrome)	Run Account Console IT	2023-05-11T20:22:14.2476893Z -- 	at org.jboss.arquillian.core.impl.EventContextImpl.proceed(EventContextImpl.java:95)
Account Console IT (chrome)	Run Account Console IT	2023-05-11T20:22:14.2477615Z -- 	at org.jboss.arquillian.test.impl.TestContextHandler.createTestContext(TestContextHandler.java:116)
Account Console IT (chrome)	Run Account Console IT	2023-05-11T20:22:14.2478292Z -- 	at jdk.internal.reflect.GeneratedMethodAccessor7.invoke(Unknown Source)
Account Console IT (chrome)	Run Account Console IT	2023-05-11T20:22:14.2479001Z -- 	at java.base/jdk.internal.reflect.DelegatingMethodAccessorImpl.invoke(DelegatingMethodAccessorImpl.java:43)
Account Console IT (chrome)	Run Account Console IT	2023-05-11T20:22:14.2479603Z -- 	at java.base/java.lang.reflect.Method.invoke(Method.java:568)
Account Console IT (chrome)	Run Account Console IT	2023-05-11T20:22:14.2480146Z -- 	at org.jboss.arquillian.core.impl.ObserverImpl.invoke(ObserverImpl.java:86)
Account Console IT (chrome)	Run Account Console IT	2023-05-11T20:22:14.2480777Z -- 	at org.jboss.arquillian.core.impl.EventContextImpl.proceed(EventContextImpl.java:95)
Account Console IT (chrome)	Run Account Console IT	2023-05-11T20:22:14.2481506Z -- 	at org.jboss.arquillian.test.impl.TestContextHandler.createClassContext(TestContextHandler.java:83)
Account Console IT (chrome)	Run Account Console IT	2023-05-11T20:22:14.2484674Z -- 	at jdk.internal.reflect.GeneratedMethodAccessor6.invoke(Unknown Source)
Account Console IT (chrome)	Run Account Console IT	2023-05-11T20:22:14.2486656Z -- 	at java.base/jdk.internal.reflect.DelegatingMethodAccessorImpl.invoke(DelegatingMethodAccessorImpl.java:43)
Account Console IT (chrome)	Run Account Console IT	2023-05-11T20:22:14.2490243Z -- 	at java.base/java.lang.reflect.Method.invoke(Method.java:568)
Account Console IT (chrome)	Run Account Console IT	2023-05-11T20:22:14.2491644Z -- 	at org.jboss.arquillian.core.impl.ObserverImpl.invoke(ObserverImpl.java:86)
Account Console IT (chrome)	Run Account Console IT	2023-05-11T20:22:14.2495025Z -- 	at org.jboss.arquillian.core.impl.EventContextImpl.proceed(EventContextImpl.java:95)
Account Console IT (chrome)	Run Account Console IT	2023-05-11T20:22:14.2496594Z -- 	at org.jboss.arquillian.test.impl.TestContextHandler.createSuiteContext(TestContextHandler.java:69)
Account Console IT (chrome)	Run Account Console IT	2023-05-11T20:22:14.2500501Z -- 	at jdk.internal.reflect.GeneratedMethodAccessor5.invoke(Unknown Source)
Account Console IT (chrome)	Run Account Console IT	2023-05-11T20:22:14.2517304Z -- 	at java.base/jdk.internal.reflect.DelegatingMethodAccessorImpl.invoke(DelegatingMethodAccessorImpl.java:43)
Account Console IT (chrome)	Run Account Console IT	2023-05-11T20:22:14.2521318Z -- 	at java.base/java.lang.reflect.Method.invoke(Method.java:568)
Account Console IT (chrome)	Run Account Console IT	2023-05-11T20:22:14.2542019Z -- 	at org.jboss.arquillian.core.impl.ObserverImpl.invoke(ObserverImpl.java:86)
Account Console IT (chrome)	Run Account Console IT	2023-05-11T20:22:14.2547683Z -- 	at org.jboss.arquillian.core.impl.EventContextImpl.proceed(EventContextImpl.java:95)
Account Console IT (chrome)	Run Account Console IT	2023-05-11T20:22:14.2557548Z -- 	at org.jboss.arquillian.core.impl.ManagerImpl.fire(ManagerImpl.java:133)
Account Console IT (chrome)	Run Account Console IT	2023-05-11T20:22:14.2562321Z -- 	at org.jboss.arquillian.test.impl.EventTestRunnerAdaptor.test(EventTestRunnerAdaptor.java:139)
Account Console IT (chrome)	Run Account Console IT	2023-05-11T20:22:14.2564238Z -- 	at org.jboss.arquillian.junit.MethodInvoker.invoke(MethodInvoker.java:15)
Account Console IT (chrome)	Run Account Console IT	2023-05-11T20:22:14.2568282Z -- 	at org.jboss.arquillian.junit.Arquillian$8.evaluate(Arquillian.java:332)
Account Console IT (chrome)	Run Account Console IT	2023-05-11T20:22:14.2569643Z -- 	at org.jboss.arquillian.junit.Arquillian$4.evaluate(Arquillian.java:204)
Account Console IT (chrome)	Run Account Console IT	2023-05-11T20:22:14.2573800Z -- 	at org.jboss.arquillian.junit.Arquillian.multiExecute(Arquillian.java:350)
Account Console IT (chrome)	Run Account Console IT	2023-05-11T20:22:14.2575124Z -- 	at org.jboss.arquillian.junit.Arquillian.access$200(Arquillian.java:54)
Account Console IT (chrome)	Run Account Console IT	2023-05-11T20:22:14.2579256Z -- 	at org.jboss.arquillian.junit.Arquillian$5.evaluate(Arquillian.java:215)
Account Console IT (chrome)	Run Account Console IT	2023-05-11T20:22:14.2580497Z -- 	at org.jboss.arquillian.junit.Arquillian$7$1.invoke(Arquillian.java:279)
Account Console IT (chrome)	Run Account Console IT	2023-05-11T20:22:14.2585121Z -- 	at org.jboss.arquillian.container.test.impl.execution.ClientBeforeAfterLifecycleEventExecuter.execute(ClientBeforeAfterLifecycleEventExecuter.java:88)
Account Console IT (chrome)	Run Account Console IT	2023-05-11T20:22:14.2590825Z -- 	at org.jboss.arquillian.container.test.impl.execution.ClientBeforeAfterLifecycleEventExecuter.on(ClientBeforeAfterLifecycleEventExecuter.java:66)
Account Console IT (chrome)	Run Account Console IT	2023-05-11T20:22:14.2595588Z -- 	at jdk.internal.reflect.GeneratedMethodAccessor15.invoke(Unknown Source)
Account Console IT (chrome)	Run Account Console IT	2023-05-11T20:22:14.2597531Z -- 	at java.base/jdk.internal.reflect.DelegatingMethodAccessorImpl.invoke(DelegatingMethodAccessorImpl.java:43)
Account Console IT (chrome)	Run Account Console IT	2023-05-11T20:22:14.2599440Z -- 	at java.base/java.lang.reflect.Method.invoke(Method.java:568)
Account Console IT (chrome)	Run Account Console IT	2023-05-11T20:22:14.2600718Z -- 	at org.jboss.arquillian.core.impl.ObserverImpl.invoke(ObserverImpl.java:86)
Account Console IT (chrome)	Run Account Console IT	2023-05-11T20:22:14.2602935Z -- 	at org.jboss.arquillian.core.impl.EventContextImpl.invokeObservers(EventContextImpl.java:103)
Account Console IT (chrome)	Run Account Console IT	2023-05-11T20:22:14.2607429Z -- 	at org.jboss.arquillian.core.impl.EventContextImpl.proceed(EventContextImpl.java:90)
Account Console IT (chrome)	Run Account Console IT	2023-05-11T20:22:14.2608316Z -- 	at org.jboss.arquillian.container.test.impl.client.ContainerEventController.createContext(ContainerEventController.java:128)
Account Console IT (chrome)	Run Account Console IT	2023-05-11T20:22:14.2609625Z -- 	at org.jboss.arquillian.container.test.impl.client.ContainerEventController.createBeforeContext(ContainerEventController.java:114)
Account Console IT (chrome)	Run Account Console IT	2023-05-11T20:22:14.2610470Z -- 	at jdk.internal.reflect.GeneratedMethodAccessor12.invoke(Unknown Source)
Account Console IT (chrome)	Run Account Console IT	2023-05-11T20:22:14.2611189Z -- 	at java.base/jdk.internal.reflect.DelegatingMethodAccessorImpl.invoke(DelegatingMethodAccessorImpl.java:43)
Account Console IT (chrome)	Run Account Console IT	2023-05-11T20:22:14.2611794Z -- 	at java.base/java.lang.reflect.Method.invoke(Method.java:568)
Account Console IT (chrome)	Run Account Console IT	2023-05-11T20:22:14.2612336Z -- 	at org.jboss.arquillian.core.impl.ObserverImpl.invoke(ObserverImpl.java:86)
Account Console IT (chrome)	Run Account Console IT	2023-05-11T20:22:14.2612967Z -- 	at org.jboss.arquillian.core.impl.EventContextImpl.proceed(EventContextImpl.java:95)
Account Console IT (chrome)	Run Account Console IT	2023-05-11T20:22:14.2613692Z -- 	at org.jboss.arquillian.test.impl.TestContextHandler.createTestContext(TestContextHandler.java:116)
Account Console IT (chrome)	Run Account Console IT	2023-05-11T20:22:14.2614355Z -- 	at jdk.internal.reflect.GeneratedMethodAccessor7.invoke(Unknown Source)
Account Console IT (chrome)	Run Account Console IT	2023-05-11T20:22:14.2615048Z -- 	at java.base/jdk.internal.reflect.DelegatingMethodAccessorImpl.invoke(DelegatingMethodAccessorImpl.java:43)
Account Console IT (chrome)	Run Account Console IT	2023-05-11T20:22:14.2615658Z -- 	at java.base/java.lang.reflect.Method.invoke(Method.java:568)
Account Console IT (chrome)	Run Account Console IT	2023-05-11T20:22:14.2616195Z -- 	at org.jboss.arquillian.core.impl.ObserverImpl.invoke(ObserverImpl.java:86)
Account Console IT (chrome)	Run Account Console IT	2023-05-11T20:22:14.2617101Z -- 	at org.jboss.arquillian.core.impl.EventContextImpl.proceed(EventContextImpl.java:95)
Account Console IT (chrome)	Run Account Console IT	2023-05-11T20:22:14.2617822Z -- 	at org.jboss.arquillian.test.impl.TestContextHandler.createClassContext(TestContextHandler.java:83)
Account Console IT (chrome)	Run Account Console IT	2023-05-11T20:22:14.2618489Z -- 	at jdk.internal.reflect.GeneratedMethodAccessor6.invoke(Unknown Source)
Account Console IT (chrome)	Run Account Console IT	2023-05-11T20:22:14.2619181Z -- 	at java.base/jdk.internal.reflect.DelegatingMethodAccessorImpl.invoke(DelegatingMethodAccessorImpl.java:43)
Account Console IT (chrome)	Run Account Console IT	2023-05-11T20:22:14.2619776Z -- 	at java.base/java.lang.reflect.Method.invoke(Method.java:568)
Account Console IT (chrome)	Run Account Console IT	2023-05-11T20:22:14.2620309Z -- 	at org.jboss.arquillian.core.impl.ObserverImpl.invoke(ObserverImpl.java:86)
Account Console IT (chrome)	Run Account Console IT	2023-05-11T20:22:14.2620976Z -- 	at org.jboss.arquillian.core.impl.EventContextImpl.proceed(EventContextImpl.java:95)
Account Console IT (chrome)	Run Account Console IT	2023-05-11T20:22:14.2621854Z -- 	at org.jboss.arquillian.test.impl.TestContextHandler.createSuiteContext(TestContextHandler.java:69)
Account Console IT (chrome)	Run Account Console IT	2023-05-11T20:22:14.2657624Z -- 	at jdk.internal.reflect.GeneratedMethodAccessor5.invoke(Unknown Source)
Account Console IT (chrome)	Run Account Console IT	2023-05-11T20:22:14.2659444Z -- 	at java.base/jdk.internal.reflect.DelegatingMethodAccessorImpl.invoke(DelegatingMethodAccessorImpl.java:43)
Account Console IT (chrome)	Run Account Console IT	2023-05-11T20:22:14.2663605Z -- 	at java.base/java.lang.reflect.Method.invoke(Method.java:568)
Account Console IT (chrome)	Run Account Console IT	2023-05-11T20:22:14.2664972Z -- 	at org.jboss.arquillian.core.impl.ObserverImpl.invoke(ObserverImpl.java:86)
Account Console IT (chrome)	Run Account Console IT	2023-05-11T20:22:14.2667087Z -- 	at org.jboss.arquillian.core.impl.EventContextImpl.proceed(EventContextImpl.java:95)
Account Console IT (chrome)	Run Account Console IT	2023-05-11T20:22:14.2669158Z -- 	at org.jboss.arquillian.core.impl.ManagerImpl.fire(ManagerImpl.java:133)
Account Console IT (chrome)	Run Account Console IT	2023-05-11T20:22:14.2671073Z -- 	at org.jboss.arquillian.core.impl.ManagerImpl.fire(ManagerImpl.java:105)
Account Console IT (chrome)	Run Account Console IT	2023-05-11T20:22:14.2673105Z -- 	at org.jboss.arquillian.test.impl.EventTestRunnerAdaptor.fireCustomLifecycle(EventTestRunnerAdaptor.java:159)
Account Console IT (chrome)	Run Account Console IT	2023-05-11T20:22:14.2675156Z -- 	at org.jboss.arquillian.junit.Arquillian$7.evaluate(Arquillian.java:273)
Account Console IT (chrome)	Run Account Console IT	2023-05-11T20:22:14.2677002Z -- 	at org.junit.runners.BlockJUnit4ClassRunner$1.evaluate(BlockJUnit4ClassRunner.java:100)
Account Console IT (chrome)	Run Account Console IT	2023-05-11T20:22:14.2679123Z -- 	at org.junit.runners.ParentRunner.runLeaf(ParentRunner.java:366)
Account Console IT (chrome)	Run Account Console IT	2023-05-11T20:22:14.2681072Z -- 	at org.junit.runners.BlockJUnit4ClassRunner.runChild(BlockJUnit4ClassRunner.java:103)
Account Console IT (chrome)	Run Account Console IT	2023-05-11T20:22:14.2682449Z -- 	at org.junit.runners.BlockJUnit4ClassRunner.runChild(BlockJUnit4ClassRunner.java:63)
Account Console IT (chrome)	Run Account Console IT	2023-05-11T20:22:14.2683785Z -- 	at org.junit.runners.ParentRunner$4.run(ParentRunner.java:331)
Account Console IT (chrome)	Run Account Console IT	2023-05-11T20:22:14.2810040Z -- 	at org.junit.runners.ParentRunner$1.schedule(ParentRunner.java:79)
Account Console IT (chrome)	Run Account Console IT	2023-05-11T20:22:14.2810681Z -- 	at org.junit.runners.ParentRunner.runChildren(ParentRunner.java:329)
Account Console IT (chrome)	Run Account Console IT	2023-05-11T20:22:14.2811220Z -- 	at org.junit.runners.ParentRunner.access$100(ParentRunner.java:66)
Account Console IT (chrome)	Run Account Console IT	2023-05-11T20:22:14.2811752Z -- 	at org.junit.runners.ParentRunner$2.evaluate(ParentRunner.java:293)
Account Console IT (chrome)	Run Account Console IT	2023-05-11T20:22:14.2812276Z -- 	at org.jboss.arquillian.junit.Arquillian$2.evaluate(Arquillian.java:166)
Account Console IT (chrome)	Run Account Console IT	2023-05-11T20:22:14.2812863Z -- 	at org.jboss.arquillian.junit.Arquillian.multiExecute(Arquillian.java:350)
Account Console IT (chrome)	Run Account Console IT	2023-05-11T20:22:14.2813442Z -- 	at org.jboss.arquillian.junit.Arquillian.access$200(Arquillian.java:54)
Account Console IT (chrome)	Run Account Console IT	2023-05-11T20:22:14.2813977Z -- 	at org.jboss.arquillian.junit.Arquillian$3.evaluate(Arquillian.java:177)
Account Console IT (chrome)	Run Account Console IT	2023-05-11T20:22:14.2814498Z -- 	at org.junit.rules.ExternalResource$1.evaluate(ExternalResource.java:54)
Account Console IT (chrome)	Run Account Console IT	2023-05-11T20:22:14.2814978Z -- 	at org.junit.rules.RunRules.evaluate(RunRules.java:20)
Account Console IT (chrome)	Run Account Console IT	2023-05-11T20:22:14.2815463Z -- 	at org.junit.runners.ParentRunner$3.evaluate(ParentRunner.java:306)
Account Console IT (chrome)	Run Account Console IT	2023-05-11T20:22:14.2815953Z -- 	at org.junit.runners.ParentRunner.run(ParentRunner.java:413)
Account Console IT (chrome)	Run Account Console IT	2023-05-11T20:22:14.2816461Z -- 	at org.jboss.arquillian.junit.Arquillian.run(Arquillian.java:115)
Account Console IT (chrome)	Run Account Console IT	2023-05-11T20:22:14.2817063Z -- 	at org.apache.maven.surefire.junit4.JUnit4Provider.execute(JUnit4Provider.java:377)
Account Console IT (chrome)	Run Account Console IT	2023-05-11T20:22:14.2817750Z -- 	at org.apache.maven.surefire.junit4.JUnit4Provider.executeWithRerun(JUnit4Provider.java:284)
Account Console IT (chrome)	Run Account Console IT	2023-05-11T20:22:14.2818815Z -- 	at org.apache.maven.surefire.junit4.JUnit4Provider.executeTestSet(JUnit4Provider.java:248)
Account Console IT (chrome)	Run Account Console IT	2023-05-11T20:22:14.2819473Z -- 	at org.apache.maven.surefire.junit4.JUnit4Provider.invoke(JUnit4Provider.java:167)
Account Console IT (chrome)	Run Account Console IT	2023-05-11T20:22:14.2820166Z -- 	at org.apache.maven.surefire.booter.ForkedBooter.runSuitesInProcess(ForkedBooter.java:456)
Account Console IT (chrome)	Run Account Console IT	2023-05-11T20:22:14.2820835Z -- 	at org.apache.maven.surefire.booter.ForkedBooter.execute(ForkedBooter.java:169)
Account Console IT (chrome)	Run Account Console IT	2023-05-11T20:22:14.2821495Z -- 	at org.apache.maven.surefire.booter.ForkedBooter.run(ForkedBooter.java:595)
Account Console IT (chrome)	Run Account Console IT	2023-05-11T20:22:14.2822084Z -- 	at org.apache.maven.surefire.booter.ForkedBooter.main(ForkedBooter.java:581)
Account Console IT (chrome)	Run Account Console IT	2023-05-11T20:22:14.2822458Z -- 
Account Console IT (chrome)	Run Account Console IT	2023-05-11T20:22:14.2823228Z -- [ERROR] org.keycloak.testsuite.ui.account2.InternationalizationTest.userAttributeTest  Time elapsed: 9.232 s  <<< FAILURE!
Account Console IT (chrome)	Run Account Console IT	2023-05-11T20:22:14.2823867Z -- org.junit.ComparisonFailure: expected:<[English]> but was:<[und]>
Account Console IT (chrome)	Run Account Console IT	2023-05-11T20:22:14.2824317Z -- 	at org.junit.Assert.assertEquals(Assert.java:117)
Account Console IT (chrome)	Run Account Console IT	2023-05-11T20:22:14.2824740Z -- 	at org.junit.Assert.assertEquals(Assert.java:146)
Account Console IT (chrome)	Run Account Console IT	2023-05-11T20:22:14.2825422Z -- 	at org.keycloak.testsuite.ui.account2.InternationalizationTest.userAttributeTest(InternationalizationTest.java:105)
Account Console IT (chrome)	Run Account Console IT	2023-05-11T20:22:14.2826157Z -- 	at java.base/jdk.internal.reflect.NativeMethodAccessorImpl.invoke0(Native Method)
Account Console IT (chrome)	Run Account Console IT	2023-05-11T20:22:14.2826851Z -- 	at java.base/jdk.internal.reflect.NativeMethodAccessorImpl.invoke(NativeMethodAccessorImpl.java:77)
Account Console IT (chrome)	Run Account Console IT	2023-05-11T20:22:14.2827605Z -- 	at java.base/jdk.internal.reflect.DelegatingMethodAccessorImpl.invoke(DelegatingMethodAccessorImpl.java:43)
Account Console IT (chrome)	Run Account Console IT	2023-05-11T20:22:14.2828216Z -- 	at java.base/java.lang.reflect.Method.invoke(Method.java:568)
Account Console IT (chrome)	Run Account Console IT	2023-05-11T20:22:14.2828770Z -- 	at org.junit.runners.model.FrameworkMethod$1.runReflectiveCall(FrameworkMethod.java:59)
Account Console IT (chrome)	Run Account Console IT	2023-05-11T20:22:14.2829406Z -- 	at org.junit.internal.runners.model.ReflectiveCallable.run(ReflectiveCallable.java:12)
Account Console IT (chrome)	Run Account Console IT	2023-05-11T20:22:14.2830075Z -- 	at org.junit.runners.model.FrameworkMethod.invokeExplosively(FrameworkMethod.java:56)
Account Console IT (chrome)	Run Account Console IT	2023-05-11T20:22:14.2830706Z -- 	at org.jboss.arquillian.junit.Arquillian$8$1.invokeMethod(Arquillian.java:325)
Account Console IT (chrome)	Run Account Console IT	2023-05-11T20:22:14.2831258Z -- 	at org.jboss.arquillian.junit.MethodInvoker$1.invoke(MethodInvoker.java:18)
Account Console IT (chrome)	Run Account Console IT	2023-05-11T20:22:14.2831968Z -- 	at org.jboss.arquillian.container.test.impl.execution.LocalTestExecuter.execute(LocalTestExecuter.java:57)
Account Console IT (chrome)	Run Account Console IT	2023-05-11T20:22:14.2832722Z -- 	at org.keycloak.testsuite.arquillian.ModelTestExecutor.execute(ModelTestExecutor.java:51)
Account Console IT (chrome)	Run Account Console IT	2023-05-11T20:22:14.2833368Z -- 	at jdk.internal.reflect.GeneratedMethodAccessor173.invoke(Unknown Source)
Account Console IT (chrome)	Run Account Console IT	2023-05-11T20:22:14.2834074Z -- 	at java.base/jdk.internal.reflect.DelegatingMethodAccessorImpl.invoke(DelegatingMethodAccessorImpl.java:43)
Account Console IT (chrome)	Run Account Console IT	2023-05-11T20:22:14.2834682Z -- 	at java.base/java.lang.reflect.Method.invoke(Method.java:568)
Account Console IT (chrome)	Run Account Console IT	2023-05-11T20:22:14.2835216Z -- 	at org.jboss.arquillian.core.impl.ObserverImpl.invoke(ObserverImpl.java:86)
Account Console IT (chrome)	Run Account Console IT	2023-05-11T20:22:14.2835884Z -- 	at org.jboss.arquillian.core.impl.EventContextImpl.invokeObservers(EventContextImpl.java:103)
Account Console IT (chrome)	Run Account Console IT	2023-05-11T20:22:14.2836566Z -- 	at org.jboss.arquillian.core.impl.EventContextImpl.proceed(EventContextImpl.java:90)
Account Console IT (chrome)	Run Account Console IT	2023-05-11T20:22:14.2837172Z -- 	at org.jboss.arquillian.core.impl.ManagerImpl.fire(ManagerImpl.java:133)
Account Console IT (chrome)	Run Account Console IT	2023-05-11T20:22:14.2837736Z -- 	at org.jboss.arquillian.core.impl.ManagerImpl.fire(ManagerImpl.java:105)
Account Console IT (chrome)	Run Account Console IT	2023-05-11T20:22:14.2838279Z -- 	at org.jboss.arquillian.core.impl.EventImpl.fire(EventImpl.java:62)
Account Console IT (chrome)	Run Account Console IT	2023-05-11T20:22:14.2838997Z -- 	at org.jboss.arquillian.container.test.impl.execution.ClientTestExecuter.execute(ClientTestExecuter.java:50)
Account Console IT (chrome)	Run Account Console IT	2023-05-11T20:22:14.2839717Z -- 	at jdk.internal.reflect.GeneratedMethodAccessor172.invoke(Unknown Source)
Account Console IT (chrome)	Run Account Console IT	2023-05-11T20:22:14.2840425Z -- 	at java.base/jdk.internal.reflect.DelegatingMethodAccessorImpl.invoke(DelegatingMethodAccessorImpl.java:43)
Account Console IT (chrome)	Run Account Console IT	2023-05-11T20:22:14.2841027Z -- 	at java.base/java.lang.reflect.Method.invoke(Method.java:568)
Account Console IT (chrome)	Run Account Console IT	2023-05-11T20:22:14.2841689Z -- 	at org.jboss.arquillian.core.impl.ObserverImpl.invoke(ObserverImpl.java:86)
Account Console IT (chrome)	Run Account Console IT	2023-05-11T20:22:14.2842354Z -- 	at org.jboss.arquillian.core.impl.EventContextImpl.invokeObservers(EventContextImpl.java:103)
Account Console IT (chrome)	Run Account Console IT	2023-05-11T20:22:14.2843043Z -- 	at org.jboss.arquillian.core.impl.EventContextImpl.proceed(EventContextImpl.java:90)
Account Console IT (chrome)	Run Account Console IT	2023-05-11T20:22:14.2843882Z -- 	at org.jboss.arquillian.container.test.impl.client.ContainerEventController.createContext(ContainerEventController.java:128)
Account Console IT (chrome)	Run Account Console IT	2023-05-11T20:22:14.2844891Z -- 	at org.jboss.arquillian.container.test.impl.client.ContainerEventController.createTestContext(ContainerEventController.java:118)
Account Console IT (chrome)	Run Account Console IT	2023-05-11T20:22:14.2845681Z -- 	at jdk.internal.reflect.GeneratedMethodAccessor171.invoke(Unknown Source)
Account Console IT (chrome)	Run Account Console IT	2023-05-11T20:22:14.2927859Z -- 	at java.base/jdk.internal.reflect.DelegatingMethodAccessorImpl.invoke(DelegatingMethodAccessorImpl.java:43)
Account Console IT (chrome)	Run Account Console IT	2023-05-11T20:22:14.2928795Z -- 	at java.base/java.lang.reflect.Method.invoke(Method.java:568)
Account Console IT (chrome)	Run Account Console IT	2023-05-11T20:22:14.2929379Z -- 	at org.jboss.arquillian.core.impl.ObserverImpl.invoke(ObserverImpl.java:86)
Account Console IT (chrome)	Run Account Console IT	2023-05-11T20:22:14.2930022Z -- 	at org.jboss.arquillian.core.impl.EventContextImpl.proceed(EventContextImpl.java:95)
Account Console IT (chrome)	Run Account Console IT	2023-05-11T20:22:14.2930751Z -- 	at org.jboss.arquillian.test.impl.TestContextHandler.createTestContext(TestContextHandler.java:116)
Account Console IT (chrome)	Run Account Console IT	2023-05-11T20:22:14.2931416Z -- 	at jdk.internal.reflect.GeneratedMethodAccessor7.invoke(Unknown Source)
Account Console IT (chrome)	Run Account Console IT	2023-05-11T20:22:14.2932118Z -- 	at java.base/jdk.internal.reflect.DelegatingMethodAccessorImpl.invoke(DelegatingMethodAccessorImpl.java:43)
Account Console IT (chrome)	Run Account Console IT	2023-05-11T20:22:14.2932724Z -- 	at java.base/java.lang.reflect.Method.invoke(Method.java:568)
Account Console IT (chrome)	Run Account Console IT	2023-05-11T20:22:14.2933265Z -- 	at org.jboss.arquillian.core.impl.ObserverImpl.invoke(ObserverImpl.java:86)
Account Console IT (chrome)	Run Account Console IT	2023-05-11T20:22:14.2947276Z -- 	at org.jboss.arquillian.core.impl.EventContextImpl.proceed(EventContextImpl.java:95)
Account Console IT (chrome)	Run Account Console IT	2023-05-11T20:22:14.2948548Z -- 	at org.jboss.arquillian.test.impl.TestContextHandler.createClassContext(TestContextHandler.java:83)
Account Console IT (chrome)	Run Account Console IT	2023-05-11T20:22:14.2949269Z -- 	at jdk.internal.reflect.GeneratedMethodAccessor6.invoke(Unknown Source)
Account Console IT (chrome)	Run Account Console IT	2023-05-11T20:22:14.2950008Z -- 	at java.base/jdk.internal.reflect.DelegatingMethodAccessorImpl.invoke(DelegatingMethodAccessorImpl.java:43)
Account Console IT (chrome)	Run Account Console IT	2023-05-11T20:22:14.2950620Z -- 	at java.base/java.lang.reflect.Method.invoke(Method.java:568)
Account Console IT (chrome)	Run Account Console IT	2023-05-11T20:22:14.2951161Z -- 	at org.jboss.arquillian.core.impl.ObserverImpl.invoke(ObserverImpl.java:86)
Account Console IT (chrome)	Run Account Console IT	2023-05-11T20:22:14.2951794Z -- 	at org.jboss.arquillian.core.impl.EventContextImpl.proceed(EventContextImpl.java:95)
Account Console IT (chrome)	Run Account Console IT	2023-05-11T20:22:14.2952514Z -- 	at org.jboss.arquillian.test.impl.TestContextHandler.createSuiteContext(TestContextHandler.java:69)
Account Console IT (chrome)	Run Account Console IT	2023-05-11T20:22:14.2953190Z -- 	at jdk.internal.reflect.GeneratedMethodAccessor5.invoke(Unknown Source)
Account Console IT (chrome)	Run Account Console IT	2023-05-11T20:22:14.2953893Z -- 	at java.base/jdk.internal.reflect.DelegatingMethodAccessorImpl.invoke(DelegatingMethodAccessorImpl.java:43)
Account Console IT (chrome)	Run Account Console IT	2023-05-11T20:22:14.2954503Z -- 	at java.base/java.lang.reflect.Method.invoke(Method.java:568)
Account Console IT (chrome)	Run Account Console IT	2023-05-11T20:22:14.2955042Z -- 	at org.jboss.arquillian.core.impl.ObserverImpl.invoke(ObserverImpl.java:86)
Account Console IT (chrome)	Run Account Console IT	2023-05-11T20:22:14.2955683Z -- 	at org.jboss.arquillian.core.impl.EventContextImpl.proceed(EventContextImpl.java:95)
Account Console IT (chrome)	Run Account Console IT	2023-05-11T20:22:14.2956292Z -- 	at org.jboss.arquillian.core.impl.ManagerImpl.fire(ManagerImpl.java:133)
Account Console IT (chrome)	Run Account Console IT	2023-05-11T20:22:14.2956945Z -- 	at org.jboss.arquillian.test.impl.EventTestRunnerAdaptor.test(EventTestRunnerAdaptor.java:139)
Account Console IT (chrome)	Run Account Console IT	2023-05-11T20:22:14.2957582Z -- 	at org.jboss.arquillian.junit.MethodInvoker.invoke(MethodInvoker.java:15)
Account Console IT (chrome)	Run Account Console IT	2023-05-11T20:22:14.2958132Z -- 	at org.jboss.arquillian.junit.Arquillian$8.evaluate(Arquillian.java:332)
Account Console IT (chrome)	Run Account Console IT	2023-05-11T20:22:14.2958658Z -- 	at org.jboss.arquillian.junit.Arquillian$4.evaluate(Arquillian.java:204)
Account Console IT (chrome)	Run Account Console IT	2023-05-11T20:22:14.2959202Z -- 	at org.jboss.arquillian.junit.Arquillian.multiExecute(Arquillian.java:350)
Account Console IT (chrome)	Run Account Console IT	2023-05-11T20:22:14.2959764Z -- 	at org.jboss.arquillian.junit.Arquillian.access$200(Arquillian.java:54)
Account Console IT (chrome)	Run Account Console IT	2023-05-11T20:22:14.2960757Z -- 	at org.jboss.arquillian.junit.Arquillian$5.evaluate(Arquillian.java:215)
Account Console IT (chrome)	Run Account Console IT	2023-05-11T20:22:14.2961277Z -- 	at org.jboss.arquillian.junit.Arquillian$7$1.invoke(Arquillian.java:279)
Account Console IT (chrome)	Run Account Console IT	2023-05-11T20:22:14.2962197Z -- 	at org.jboss.arquillian.container.test.impl.execution.ClientBeforeAfterLifecycleEventExecuter.execute(ClientBeforeAfterLifecycleEventExecuter.java:88)
Account Console IT (chrome)	Run Account Console IT	2023-05-11T20:22:14.2963399Z -- 	at org.jboss.arquillian.container.test.impl.execution.ClientBeforeAfterLifecycleEventExecuter.on(ClientBeforeAfterLifecycleEventExecuter.java:66)
Account Console IT (chrome)	Run Account Console IT	2023-05-11T20:22:14.2964238Z -- 	at jdk.internal.reflect.GeneratedMethodAccessor15.invoke(Unknown Source)
Account Console IT (chrome)	Run Account Console IT	2023-05-11T20:22:14.2965094Z -- 	at java.base/jdk.internal.reflect.DelegatingMethodAccessorImpl.invoke(DelegatingMethodAccessorImpl.java:43)
Account Console IT (chrome)	Run Account Console IT	2023-05-11T20:22:14.2965700Z -- 	at java.base/java.lang.reflect.Method.invoke(Method.java:568)
Account Console IT (chrome)	Run Account Console IT	2023-05-11T20:22:14.2966444Z -- 	at org.jboss.arquillian.core.impl.ObserverImpl.invoke(ObserverImpl.java:86)
Account Console IT (chrome)	Run Account Console IT	2023-05-11T20:22:14.2967127Z -- 	at org.jboss.arquillian.core.impl.EventContextImpl.invokeObservers(EventContextImpl.java:103)
Account Console IT (chrome)	Run Account Console IT	2023-05-11T20:22:14.2967819Z -- 	at org.jboss.arquillian.core.impl.EventContextImpl.proceed(EventContextImpl.java:90)
Account Console IT (chrome)	Run Account Console IT	2023-05-11T20:22:14.2968659Z -- 	at org.jboss.arquillian.container.test.impl.client.ContainerEventController.createContext(ContainerEventController.java:128)
Account Console IT (chrome)	Run Account Console IT	2023-05-11T20:22:14.2969700Z -- 	at org.jboss.arquillian.container.test.impl.client.ContainerEventController.createBeforeContext(ContainerEventController.java:114)
Account Console IT (chrome)	Run Account Console IT	2023-05-11T20:22:14.2970498Z -- 	at jdk.internal.reflect.GeneratedMethodAccessor12.invoke(Unknown Source)
Account Console IT (chrome)	Run Account Console IT	2023-05-11T20:22:14.2971199Z -- 	at java.base/jdk.internal.reflect.DelegatingMethodAccessorImpl.invoke(DelegatingMethodAccessorImpl.java:43)
Account Console IT (chrome)	Run Account Console IT	2023-05-11T20:22:14.2971803Z -- 	at java.base/java.lang.reflect.Method.invoke(Method.java:568)
Account Console IT (chrome)	Run Account Console IT	2023-05-11T20:22:14.2972340Z -- 	at org.jboss.arquillian.core.impl.ObserverImpl.invoke(ObserverImpl.java:86)
Account Console IT (chrome)	Run Account Console IT	2023-05-11T20:22:14.2972969Z -- 	at org.jboss.arquillian.core.impl.EventContextImpl.proceed(EventContextImpl.java:95)
Account Console IT (chrome)	Run Account Console IT	2023-05-11T20:22:14.2973683Z -- 	at org.jboss.arquillian.test.impl.TestContextHandler.createTestContext(TestContextHandler.java:116)
Account Console IT (chrome)	Run Account Console IT	2023-05-11T20:22:14.2974341Z -- 	at jdk.internal.reflect.GeneratedMethodAccessor7.invoke(Unknown Source)
Account Console IT (chrome)	Run Account Console IT	2023-05-11T20:22:14.2975038Z -- 	at java.base/jdk.internal.reflect.DelegatingMethodAccessorImpl.invoke(DelegatingMethodAccessorImpl.java:43)
Account Console IT (chrome)	Run Account Console IT	2023-05-11T20:22:14.2975637Z -- 	at java.base/java.lang.reflect.Method.invoke(Method.java:568)
Account Console IT (chrome)	Run Account Console IT	2023-05-11T20:22:14.2976180Z -- 	at org.jboss.arquillian.core.impl.ObserverImpl.invoke(ObserverImpl.java:86)
Account Console IT (chrome)	Run Account Console IT	2023-05-11T20:22:14.2976808Z -- 	at org.jboss.arquillian.core.impl.EventContextImpl.proceed(EventContextImpl.java:95)
Account Console IT (chrome)	Run Account Console IT	2023-05-11T20:22:14.2977529Z -- 	at org.jboss.arquillian.test.impl.TestContextHandler.createClassContext(TestContextHandler.java:83)
Account Console IT (chrome)	Run Account Console IT	2023-05-11T20:22:14.2978192Z -- 	at jdk.internal.reflect.GeneratedMethodAccessor6.invoke(Unknown Source)
Account Console IT (chrome)	Run Account Console IT	2023-05-11T20:22:14.2978886Z -- 	at java.base/jdk.internal.reflect.DelegatingMethodAccessorImpl.invoke(DelegatingMethodAccessorImpl.java:43)
Account Console IT (chrome)	Run Account Console IT	2023-05-11T20:22:14.2979478Z -- 	at java.base/java.lang.reflect.Method.invoke(Method.java:568)
Account Console IT (chrome)	Run Account Console IT	2023-05-11T20:22:14.2980014Z -- 	at org.jboss.arquillian.core.impl.ObserverImpl.invoke(ObserverImpl.java:86)
Account Console IT (chrome)	Run Account Console IT	2023-05-11T20:22:14.2980638Z -- 	at org.jboss.arquillian.core.impl.EventContextImpl.proceed(EventContextImpl.java:95)
Account Console IT (chrome)	Run Account Console IT	2023-05-11T20:22:14.2981361Z -- 	at org.jboss.arquillian.test.impl.TestContextHandler.createSuiteContext(TestContextHandler.java:69)
Account Console IT (chrome)	Run Account Console IT	2023-05-11T20:22:14.2982018Z -- 	at jdk.internal.reflect.GeneratedMethodAccessor5.invoke(Unknown Source)
Account Console IT (chrome)	Run Account Console IT	2023-05-11T20:22:14.2982729Z -- 	at java.base/jdk.internal.reflect.DelegatingMethodAccessorImpl.invoke(DelegatingMethodAccessorImpl.java:43)
Account Console IT (chrome)	Run Account Console IT	2023-05-11T20:22:14.2983320Z -- 	at java.base/java.lang.reflect.Method.invoke(Method.java:568)
Account Console IT (chrome)	Run Account Console IT	2023-05-11T20:22:14.2983998Z -- 	at org.jboss.arquillian.core.impl.ObserverImpl.invoke(ObserverImpl.java:86)
Account Console IT (chrome)	Run Account Console IT	2023-05-11T20:22:14.2984616Z -- 	at org.jboss.arquillian.core.impl.EventContextImpl.proceed(EventContextImpl.java:95)
Account Console IT (chrome)	Run Account Console IT	2023-05-11T20:22:14.2985220Z -- 	at org.jboss.arquillian.core.impl.ManagerImpl.fire(ManagerImpl.java:133)
Account Console IT (chrome)	Run Account Console IT	2023-05-11T20:22:14.2985841Z -- 	at org.jboss.arquillian.core.impl.ManagerImpl.fire(ManagerImpl.java:105)
Account Console IT (chrome)	Run Account Console IT	2023-05-11T20:22:14.2986568Z -- 	at org.jboss.arquillian.test.impl.EventTestRunnerAdaptor.fireCustomLifecycle(EventTestRunnerAdaptor.java:159)
Account Console IT (chrome)	Run Account Console IT	2023-05-11T20:22:14.2987241Z -- 	at org.jboss.arquillian.junit.Arquillian$7.evaluate(Arquillian.java:273)
Account Console IT (chrome)	Run Account Console IT	2023-05-11T20:22:14.2987876Z -- 	at org.junit.runners.BlockJUnit4ClassRunner$1.evaluate(BlockJUnit4ClassRunner.java:100)
Account Console IT (chrome)	Run Account Console IT	2023-05-11T20:22:14.2988565Z -- 	at org.junit.runners.ParentRunner.runLeaf(ParentRunner.java:366)
Account Console IT (chrome)	Run Account Console IT	2023-05-11T20:22:14.2989169Z -- 	at org.junit.runners.BlockJUnit4ClassRunner.runChild(BlockJUnit4ClassRunner.java:103)
Account Console IT (chrome)	Run Account Console IT	2023-05-11T20:22:14.2989810Z -- 	at org.junit.runners.BlockJUnit4ClassRunner.runChild(BlockJUnit4ClassRunner.java:63)
Account Console IT (chrome)	Run Account Console IT	2023-05-11T20:22:14.2990360Z -- 	at org.junit.runners.ParentRunner$4.run(ParentRunner.java:331)
Account Console IT (chrome)	Run Account Console IT	2023-05-11T20:22:14.2990852Z -- 	at org.junit.runners.ParentRunner$1.schedule(ParentRunner.java:79)
Account Console IT (chrome)	Run Account Console IT	2023-05-11T20:22:14.2991371Z -- 	at org.junit.runners.ParentRunner.runChildren(ParentRunner.java:329)
Account Console IT (chrome)	Run Account Console IT	2023-05-11T20:22:14.2991899Z -- 	at org.junit.runners.ParentRunner.access$100(ParentRunner.java:66)
Account Console IT (chrome)	Run Account Console IT	2023-05-11T20:22:14.2992403Z -- 	at org.junit.runners.ParentRunner$2.evaluate(ParentRunner.java:293)
Account Console IT (chrome)	Run Account Console IT	2023-05-11T20:22:14.2992920Z -- 	at org.jboss.arquillian.junit.Arquillian$2.evaluate(Arquillian.java:166)
Account Console IT (chrome)	Run Account Console IT	2023-05-11T20:22:14.2993473Z -- 	at org.jboss.arquillian.junit.Arquillian.multiExecute(Arquillian.java:350)
Account Console IT (chrome)	Run Account Console IT	2023-05-11T20:22:14.2994042Z -- 	at org.jboss.arquillian.junit.Arquillian.access$200(Arquillian.java:54)
Account Console IT (chrome)	Run Account Console IT	2023-05-11T20:22:14.2994577Z -- 	at org.jboss.arquillian.junit.Arquillian$3.evaluate(Arquillian.java:177)
Account Console IT (chrome)	Run Account Console IT	2023-05-11T20:22:14.2995113Z -- 	at org.junit.rules.ExternalResource$1.evaluate(ExternalResource.java:54)
Account Console IT (chrome)	Run Account Console IT	2023-05-11T20:22:14.2995587Z -- 	at org.junit.rules.RunRules.evaluate(RunRules.java:20)
Account Console IT (chrome)	Run Account Console IT	2023-05-11T20:22:14.2996067Z -- 	at org.junit.runners.ParentRunner$3.evaluate(ParentRunner.java:306)
Account Console IT (chrome)	Run Account Console IT	2023-05-11T20:22:14.2996553Z -- 	at org.junit.runners.ParentRunner.run(ParentRunner.java:413)
Account Console IT (chrome)	Run Account Console IT	2023-05-11T20:22:14.2997056Z -- 	at org.jboss.arquillian.junit.Arquillian.run(Arquillian.java:115)
Account Console IT (chrome)	Run Account Console IT	2023-05-11T20:22:14.2997645Z -- 	at org.apache.maven.surefire.junit4.JUnit4Provider.execute(JUnit4Provider.java:377)
Account Console IT (chrome)	Run Account Console IT	2023-05-11T20:22:14.2998330Z -- 	at org.apache.maven.surefire.junit4.JUnit4Provider.executeWithRerun(JUnit4Provider.java:302)
Account Console IT (chrome)	Run Account Console IT	2023-05-11T20:22:14.2999041Z -- 	at org.apache.maven.surefire.junit4.JUnit4Provider.executeTestSet(JUnit4Provider.java:248)
Account Console IT (chrome)	Run Account Console IT	2023-05-11T20:22:14.2999700Z -- 	at org.apache.maven.surefire.junit4.JUnit4Provider.invoke(JUnit4Provider.java:167)
Account Console IT (chrome)	Run Account Console IT	2023-05-11T20:22:14.3000380Z -- 	at org.apache.maven.surefire.booter.ForkedBooter.runSuitesInProcess(ForkedBooter.java:456)
Account Console IT (chrome)	Run Account Console IT	2023-05-11T20:22:14.3001033Z -- 	at org.apache.maven.surefire.booter.ForkedBooter.execute(ForkedBooter.java:169)
Account Console IT (chrome)	Run Account Console IT	2023-05-11T20:22:14.3001645Z -- 	at org.apache.maven.surefire.booter.ForkedBooter.run(ForkedBooter.java:595)
Account Console IT (chrome)	Run Account Console IT	2023-05-11T20:22:14.3002231Z -- 	at org.apache.maven.surefire.booter.ForkedBooter.main(ForkedBooter.java:581)
Account Console IT (chrome)	Run Account Console IT	2023-05-11T20:22:14.3002599Z -- 
Account Console IT (chrome)	Run Account Console IT	2023-05-11T20:22:14.3003189Z -- [ERROR] org.keycloak.testsuite.ui.account2.InternationalizationTest.userAttributeTest  Time elapsed: 9.315 s  <<< FAILURE!
Account Console IT (chrome)	Run Account Console IT	2023-05-11T20:22:14.3003827Z -- org.junit.ComparisonFailure: expected:<[English]> but was:<[und]>
Account Console IT (chrome)	Run Account Console IT	2023-05-11T20:22:14.3004266Z -- 	at org.junit.Assert.assertEquals(Assert.java:117)
Account Console IT (chrome)	Run Account Console IT	2023-05-11T20:22:14.3004688Z -- 	at org.junit.Assert.assertEquals(Assert.java:146)
Account Console IT (chrome)	Run Account Console IT	2023-05-11T20:22:14.3005372Z -- 	at org.keycloak.testsuite.ui.account2.InternationalizationTest.userAttributeTest(InternationalizationTest.java:105)
Account Console IT (chrome)	Run Account Console IT	2023-05-11T20:22:14.3007905Z -- 	at java.base/jdk.internal.reflect.NativeMethodAccessorImpl.invoke0(Native Method)
Account Console IT (chrome)	Run Account Console IT	2023-05-11T20:22:14.3008698Z -- 	at java.base/jdk.internal.reflect.NativeMethodAccessorImpl.invoke(NativeMethodAccessorImpl.java:77)
Account Console IT (chrome)	Run Account Console IT	2023-05-11T20:22:14.3009461Z -- 	at java.base/jdk.internal.reflect.DelegatingMethodAccessorImpl.invoke(DelegatingMethodAccessorImpl.java:43)
Account Console IT (chrome)	Run Account Console IT	2023-05-11T20:22:14.3010078Z -- 	at java.base/java.lang.reflect.Method.invoke(Method.java:568)
Account Console IT (chrome)	Run Account Console IT	2023-05-11T20:22:14.3010635Z -- 	at org.junit.runners.model.FrameworkMethod$1.runReflectiveCall(FrameworkMethod.java:59)
Account Console IT (chrome)	Run Account Console IT	2023-05-11T20:22:14.3011751Z -- 	at org.junit.internal.runners.model.ReflectiveCallable.run(ReflectiveCallable.java:12)
Account Console IT (chrome)	Run Account Console IT	2023-05-11T20:22:14.3012420Z -- 	at org.junit.runners.model.FrameworkMethod.invokeExplosively(FrameworkMethod.java:56)
Account Console IT (chrome)	Run Account Console IT	2023-05-11T20:22:14.3013448Z -- 	at org.jboss.arquillian.junit.Arquillian$8$1.invokeMethod(Arquillian.java:325)
Account Console IT (chrome)	Run Account Console IT	2023-05-11T20:22:14.3013999Z -- 	at org.jboss.arquillian.junit.MethodInvoker$1.invoke(MethodInvoker.java:18)
Account Console IT (chrome)	Run Account Console IT	2023-05-11T20:22:14.3014719Z -- 	at org.jboss.arquillian.container.test.impl.execution.LocalTestExecuter.execute(LocalTestExecuter.java:57)
Account Console IT (chrome)	Run Account Console IT	2023-05-11T20:22:14.3043140Z -- 	at org.keycloak.testsuite.arquillian.ModelTestExecutor.execute(ModelTestExecutor.java:51)
Account Console IT (chrome)	Run Account Console IT	2023-05-11T20:22:14.3043857Z -- 	at jdk.internal.reflect.GeneratedMethodAccessor173.invoke(Unknown Source)
Account Console IT (chrome)	Run Account Console IT	2023-05-11T20:22:14.3044757Z -- 	at java.base/jdk.internal.reflect.DelegatingMethodAccessorImpl.invoke(DelegatingMethodAccessorImpl.java:43)
Account Console IT (chrome)	Run Account Console IT	2023-05-11T20:22:14.3045390Z -- 	at java.base/java.lang.reflect.Method.invoke(Method.java:568)
Account Console IT (chrome)	Run Account Console IT	2023-05-11T20:22:14.3045932Z -- 	at org.jboss.arquillian.core.impl.ObserverImpl.invoke(ObserverImpl.java:86)
Account Console IT (chrome)	Run Account Console IT	2023-05-11T20:22:14.3046771Z -- 	at org.jboss.arquillian.core.impl.EventContextImpl.invokeObservers(EventContextImpl.java:103)
Account Console IT (chrome)	Run Account Console IT	2023-05-11T20:22:14.3047465Z -- 	at org.jboss.arquillian.core.impl.EventContextImpl.proceed(EventContextImpl.java:90)
Account Console IT (chrome)	Run Account Console IT	2023-05-11T20:22:14.3048082Z -- 	at org.jboss.arquillian.core.impl.ManagerImpl.fire(ManagerImpl.java:133)
Account Console IT (chrome)	Run Account Console IT	2023-05-11T20:22:14.3048805Z -- 	at org.jboss.arquillian.core.impl.ManagerImpl.fire(ManagerImpl.java:105)
Account Console IT (chrome)	Run Account Console IT	2023-05-11T20:22:14.3049354Z -- 	at org.jboss.arquillian.core.impl.EventImpl.fire(EventImpl.java:62)
Account Console IT (chrome)	Run Account Console IT	2023-05-11T20:22:14.3050076Z -- 	at org.jboss.arquillian.container.test.impl.execution.ClientTestExecuter.execute(ClientTestExecuter.java:50)
Account Console IT (chrome)	Run Account Console IT	2023-05-11T20:22:14.3050795Z -- 	at jdk.internal.reflect.GeneratedMethodAccessor172.invoke(Unknown Source)
Account Console IT (chrome)	Run Account Console IT	2023-05-11T20:22:14.3051501Z -- 	at java.base/jdk.internal.reflect.DelegatingMethodAccessorImpl.invoke(DelegatingMethodAccessorImpl.java:43)
Account Console IT (chrome)	Run Account Console IT	2023-05-11T20:22:14.3052115Z -- 	at java.base/java.lang.reflect.Method.invoke(Method.java:568)
Account Console IT (chrome)	Run Account Console IT	2023-05-11T20:22:14.3052657Z -- 	at org.jboss.arquillian.core.impl.ObserverImpl.invoke(ObserverImpl.java:86)
Account Console IT (chrome)	Run Account Console IT	2023-05-11T20:22:14.3053324Z -- 	at org.jboss.arquillian.core.impl.EventContextImpl.invokeObservers(EventContextImpl.java:103)
Account Console IT (chrome)	Run Account Console IT	2023-05-11T20:22:14.3054018Z -- 	at org.jboss.arquillian.core.impl.EventContextImpl.proceed(EventContextImpl.java:90)
Account Console IT (chrome)	Run Account Console IT	2023-05-11T20:22:14.3054863Z -- 	at org.jboss.arquillian.container.test.impl.client.ContainerEventController.createContext(ContainerEventController.java:128)
Account Console IT (chrome)	Run Account Console IT	2023-05-11T20:22:14.3055877Z -- 	at org.jboss.arquillian.container.test.impl.client.ContainerEventController.createTestContext(ContainerEventController.java:118)
Account Console IT (chrome)	Run Account Console IT	2023-05-11T20:22:14.3056665Z -- 	at jdk.internal.reflect.GeneratedMethodAccessor171.invoke(Unknown Source)
Account Console IT (chrome)	Run Account Console IT	2023-05-11T20:22:14.3057367Z -- 	at java.base/jdk.internal.reflect.DelegatingMethodAccessorImpl.invoke(DelegatingMethodAccessorImpl.java:43)
Account Console IT (chrome)	Run Account Console IT	2023-05-11T20:22:14.3057966Z -- 	at java.base/java.lang.reflect.Method.invoke(Method.java:568)
Account Console IT (chrome)	Run Account Console IT	2023-05-11T20:22:14.3058507Z -- 	at org.jboss.arquillian.core.impl.ObserverImpl.invoke(ObserverImpl.java:86)
Account Console IT (chrome)	Run Account Console IT	2023-05-11T20:22:14.3059148Z -- 	at org.jboss.arquillian.core.impl.EventContextImpl.proceed(EventContextImpl.java:95)
Account Console IT (chrome)	Run Account Console IT	2023-05-11T20:22:14.3060184Z -- 	at org.jboss.arquillian.test.impl.TestContextHandler.createTestContext(TestContextHandler.java:116)
Account Console IT (chrome)	Run Account Console IT	2023-05-11T20:22:14.3060851Z -- 	at jdk.internal.reflect.GeneratedMethodAccessor7.invoke(Unknown Source)
Account Console IT (chrome)	Run Account Console IT	2023-05-11T20:22:14.3061543Z -- 	at java.base/jdk.internal.reflect.DelegatingMethodAccessorImpl.invoke(DelegatingMethodAccessorImpl.java:43)
Account Console IT (chrome)	Run Account Console IT	2023-05-11T20:22:14.3062142Z -- 	at java.base/java.lang.reflect.Method.invoke(Method.java:568)
Account Console IT (chrome)	Run Account Console IT	2023-05-11T20:22:14.3062680Z -- 	at org.jboss.arquillian.core.impl.ObserverImpl.invoke(ObserverImpl.java:86)
Account Console IT (chrome)	Run Account Console IT	2023-05-11T20:22:14.3063303Z -- 	at org.jboss.arquillian.core.impl.EventContextImpl.proceed(EventContextImpl.java:95)
Account Console IT (chrome)	Run Account Console IT	2023-05-11T20:22:14.3064026Z -- 	at org.jboss.arquillian.test.impl.TestContextHandler.createClassContext(TestContextHandler.java:83)
Account Console IT (chrome)	Run Account Console IT	2023-05-11T20:22:14.3064833Z -- 	at jdk.internal.reflect.GeneratedMethodAccessor6.invoke(Unknown Source)
Account Console IT (chrome)	Run Account Console IT	2023-05-11T20:22:14.3065533Z -- 	at java.base/jdk.internal.reflect.DelegatingMethodAccessorImpl.invoke(DelegatingMethodAccessorImpl.java:43)
Account Console IT (chrome)	Run Account Console IT	2023-05-11T20:22:14.3066148Z -- 	at java.base/java.lang.reflect.Method.invoke(Method.java:568)
Account Console IT (chrome)	Run Account Console IT	2023-05-11T20:22:14.3066680Z -- 	at org.jboss.arquillian.core.impl.ObserverImpl.invoke(ObserverImpl.java:86)
Account Console IT (chrome)	Run Account Console IT	2023-05-11T20:22:14.3067305Z -- 	at org.jboss.arquillian.core.impl.EventContextImpl.proceed(EventContextImpl.java:95)
Account Console IT (chrome)	Run Account Console IT	2023-05-11T20:22:14.3068026Z -- 	at org.jboss.arquillian.test.impl.TestContextHandler.createSuiteContext(TestContextHandler.java:69)
Account Console IT (chrome)	Run Account Console IT	2023-05-11T20:22:14.3068684Z -- 	at jdk.internal.reflect.GeneratedMethodAccessor5.invoke(Unknown Source)
Account Console IT (chrome)	Run Account Console IT	2023-05-11T20:22:14.3069376Z -- 	at java.base/jdk.internal.reflect.DelegatingMethodAccessorImpl.invoke(DelegatingMethodAccessorImpl.java:43)
Account Console IT (chrome)	Run Account Console IT	2023-05-11T20:22:14.3069978Z -- 	at java.base/java.lang.reflect.Method.invoke(Method.java:568)
Account Console IT (chrome)	Run Account Console IT	2023-05-11T20:22:14.3070521Z -- 	at org.jboss.arquillian.core.impl.ObserverImpl.invoke(ObserverImpl.java:86)
Account Console IT (chrome)	Run Account Console IT	2023-05-11T20:22:14.3071149Z -- 	at org.jboss.arquillian.core.impl.EventContextImpl.proceed(EventContextImpl.java:95)
Account Console IT (chrome)	Run Account Console IT	2023-05-11T20:22:14.3071759Z -- 	at org.jboss.arquillian.core.impl.ManagerImpl.fire(ManagerImpl.java:133)
Account Console IT (chrome)	Run Account Console IT	2023-05-11T20:22:14.3072426Z -- 	at org.jboss.arquillian.test.impl.EventTestRunnerAdaptor.test(EventTestRunnerAdaptor.java:139)
Account Console IT (chrome)	Run Account Console IT	2023-05-11T20:22:14.3073059Z -- 	at org.jboss.arquillian.junit.MethodInvoker.invoke(MethodInvoker.java:15)
Account Console IT (chrome)	Run Account Console IT	2023-05-11T20:22:14.3073604Z -- 	at org.jboss.arquillian.junit.Arquillian$8.evaluate(Arquillian.java:332)
Account Console IT (chrome)	Run Account Console IT	2023-05-11T20:22:14.3074123Z -- 	at org.jboss.arquillian.junit.Arquillian$4.evaluate(Arquillian.java:204)
Account Console IT (chrome)	Run Account Console IT	2023-05-11T20:22:14.3074673Z -- 	at org.jboss.arquillian.junit.Arquillian.multiExecute(Arquillian.java:350)
Account Console IT (chrome)	Run Account Console IT	2023-05-11T20:22:14.3075234Z -- 	at org.jboss.arquillian.junit.Arquillian.access$200(Arquillian.java:54)
Account Console IT (chrome)	Run Account Console IT	2023-05-11T20:22:14.3075772Z -- 	at org.jboss.arquillian.junit.Arquillian$5.evaluate(Arquillian.java:215)
Account Console IT (chrome)	Run Account Console IT	2023-05-11T20:22:14.3076288Z -- 	at org.jboss.arquillian.junit.Arquillian$7$1.invoke(Arquillian.java:279)
Account Console IT (chrome)	Run Account Console IT	2023-05-11T20:22:14.3077199Z -- 	at org.jboss.arquillian.container.test.impl.execution.ClientBeforeAfterLifecycleEventExecuter.execute(ClientBeforeAfterLifecycleEventExecuter.java:88)
Account Console IT (chrome)	Run Account Console IT	2023-05-11T20:22:14.3078397Z -- 	at org.jboss.arquillian.container.test.impl.execution.ClientBeforeAfterLifecycleEventExecuter.on(ClientBeforeAfterLifecycleEventExecuter.java:66)
Account Console IT (chrome)	Run Account Console IT	2023-05-11T20:22:14.3079256Z -- 	at jdk.internal.reflect.GeneratedMethodAccessor15.invoke(Unknown Source)
Account Console IT (chrome)	Run Account Console IT	2023-05-11T20:22:14.3079957Z -- 	at java.base/jdk.internal.reflect.DelegatingMethodAccessorImpl.invoke(DelegatingMethodAccessorImpl.java:43)
Account Console IT (chrome)	Run Account Console IT	2023-05-11T20:22:14.3080555Z -- 	at java.base/java.lang.reflect.Method.invoke(Method.java:568)
Account Console IT (chrome)	Run Account Console IT	2023-05-11T20:22:14.3081097Z -- 	at org.jboss.arquillian.core.impl.ObserverImpl.invoke(ObserverImpl.java:86)
Account Console IT (chrome)	Run Account Console IT	2023-05-11T20:22:14.3081762Z -- 	at org.jboss.arquillian.core.impl.EventContextImpl.invokeObservers(EventContextImpl.java:103)
Account Console IT (chrome)	Run Account Console IT	2023-05-11T20:22:14.3082451Z -- 	at org.jboss.arquillian.core.impl.EventContextImpl.proceed(EventContextImpl.java:90)
Account Console IT (chrome)	Run Account Console IT	2023-05-11T20:22:14.3083410Z -- 	at org.jboss.arquillian.container.test.impl.client.ContainerEventController.createContext(ContainerEventController.java:128)
Account Console IT (chrome)	Run Account Console IT	2023-05-11T20:22:14.3084434Z -- 	at org.jboss.arquillian.container.test.impl.client.ContainerEventController.createBeforeContext(ContainerEventController.java:114)
Account Console IT (chrome)	Run Account Console IT	2023-05-11T20:22:14.3085220Z -- 	at jdk.internal.reflect.GeneratedMethodAccessor12.invoke(Unknown Source)
Account Console IT (chrome)	Run Account Console IT	2023-05-11T20:22:14.3085960Z -- 	at java.base/jdk.internal.reflect.DelegatingMethodAccessorImpl.invoke(DelegatingMethodAccessorImpl.java:43)
Account Console IT (chrome)	Run Account Console IT	2023-05-11T20:22:14.3089199Z -- 	at java.base/java.lang.reflect.Method.invoke(Method.java:568)
Account Console IT (chrome)	Run Account Console IT	2023-05-11T20:22:14.3089786Z -- 	at org.jboss.arquillian.core.impl.ObserverImpl.invoke(ObserverImpl.java:86)
Account Console IT (chrome)	Run Account Console IT	2023-05-11T20:22:14.3092585Z -- 	at org.jboss.arquillian.core.impl.EventContextImpl.proceed(EventContextImpl.java:95)
Account Console IT (chrome)	Run Account Console IT	2023-05-11T20:22:14.3093425Z -- 	at org.jboss.arquillian.test.impl.TestContextHandler.createTestContext(TestContextHandler.java:116)
Account Console IT (chrome)	Run Account Console IT	2023-05-11T20:22:14.3094109Z -- 	at jdk.internal.reflect.GeneratedMethodAccessor7.invoke(Unknown Source)
Account Console IT (chrome)	Run Account Console IT	2023-05-11T20:22:14.3094816Z -- 	at java.base/jdk.internal.reflect.DelegatingMethodAccessorImpl.invoke(DelegatingMethodAccessorImpl.java:43)
Account Console IT (chrome)	Run Account Console IT	2023-05-11T20:22:14.3098027Z -- 	at java.base/java.lang.reflect.Method.invoke(Method.java:568)
Account Console IT (chrome)	Run Account Console IT	2023-05-11T20:22:14.3098727Z -- 	at org.jboss.arquillian.core.impl.ObserverImpl.invoke(ObserverImpl.java:86)
Account Console IT (chrome)	Run Account Console IT	2023-05-11T20:22:14.3099370Z -- 	at org.jboss.arquillian.core.impl.EventContextImpl.proceed(EventContextImpl.java:95)
Account Console IT (chrome)	Run Account Console IT	2023-05-11T20:22:14.3100114Z -- 	at org.jboss.arquillian.test.impl.TestContextHandler.createClassContext(TestContextHandler.java:83)
Account Console IT (chrome)	Run Account Console IT	2023-05-11T20:22:14.3100783Z -- 	at jdk.internal.reflect.GeneratedMethodAccessor6.invoke(Unknown Source)
Account Console IT (chrome)	Run Account Console IT	2023-05-11T20:22:14.3106872Z -- 	at java.base/jdk.internal.reflect.DelegatingMethodAccessorImpl.invoke(DelegatingMethodAccessorImpl.java:43)
Account Console IT (chrome)	Run Account Console IT	2023-05-11T20:22:14.3107516Z -- 	at java.base/java.lang.reflect.Method.invoke(Method.java:568)
Account Console IT (chrome)	Run Account Console IT	2023-05-11T20:22:14.3108075Z -- 	at org.jboss.arquillian.core.impl.ObserverImpl.invoke(ObserverImpl.java:86)
Account Console IT (chrome)	Run Account Console IT	2023-05-11T20:22:14.3108714Z -- 	at org.jboss.arquillian.core.impl.EventContextImpl.proceed(EventContextImpl.java:95)
Account Console IT (chrome)	Run Account Console IT	2023-05-11T20:22:14.3109444Z -- 	at org.jboss.arquillian.test.impl.TestContextHandler.createSuiteContext(TestContextHandler.java:69)
Account Console IT (chrome)	Run Account Console IT	2023-05-11T20:22:14.3110110Z -- 	at jdk.internal.reflect.GeneratedMethodAccessor5.invoke(Unknown Source)
Account Console IT (chrome)	Run Account Console IT	2023-05-11T20:22:14.3114615Z -- 	at java.base/jdk.internal.reflect.DelegatingMethodAccessorImpl.invoke(DelegatingMethodAccessorImpl.java:43)
Account Console IT (chrome)	Run Account Console IT	2023-05-11T20:22:14.3115258Z -- 	at java.base/java.lang.reflect.Method.invoke(Method.java:568)
Account Console IT (chrome)	Run Account Console IT	2023-05-11T20:22:14.3122700Z -- 	at org.jboss.arquillian.core.impl.ObserverImpl.invoke(ObserverImpl.java:86)
Account Console IT (chrome)	Run Account Console IT	2023-05-11T20:22:14.3127744Z -- 	at org.jboss.arquillian.core.impl.EventContextImpl.proceed(EventContextImpl.java:95)
Account Console IT (chrome)	Run Account Console IT	2023-05-11T20:22:14.3128511Z -- 	at org.jboss.arquillian.core.impl.ManagerImpl.fire(ManagerImpl.java:133)
Account Console IT (chrome)	Run Account Console IT	2023-05-11T20:22:14.3135618Z -- 	at org.jboss.arquillian.core.impl.ManagerImpl.fire(ManagerImpl.java:105)
Account Console IT (chrome)	Run Account Console IT	2023-05-11T20:22:14.3136393Z -- 	at org.jboss.arquillian.test.impl.EventTestRunnerAdaptor.fireCustomLifecycle(EventTestRunnerAdaptor.java:159)
Account Console IT (chrome)	Run Account Console IT	2023-05-11T20:22:14.3140600Z -- 	at org.jboss.arquillian.junit.Arquillian$7.evaluate(Arquillian.java:273)
Account Console IT (chrome)	Run Account Console IT	2023-05-11T20:22:14.3141212Z -- 	at org.junit.runners.BlockJUnit4ClassRunner$1.evaluate(BlockJUnit4ClassRunner.java:100)
Account Console IT (chrome)	Run Account Console IT	2023-05-11T20:22:14.3145546Z -- 	at org.junit.runners.ParentRunner.runLeaf(ParentRunner.java:366)
Account Console IT (chrome)	Run Account Console IT	2023-05-11T20:22:14.3146171Z -- 	at org.junit.runners.BlockJUnit4ClassRunner.runChild(BlockJUnit4ClassRunner.java:103)
Account Console IT (chrome)	Run Account Console IT	2023-05-11T20:22:14.3148775Z -- 	at org.junit.runners.BlockJUnit4ClassRunner.runChild(BlockJUnit4ClassRunner.java:63)
Account Console IT (chrome)	Run Account Console IT	2023-05-11T20:22:14.3149362Z -- 	at org.junit.runners.ParentRunner$4.run(ParentRunner.java:331)
Account Console IT (chrome)	Run Account Console IT	2023-05-11T20:22:14.3149874Z -- 	at org.junit.runners.ParentRunner$1.schedule(ParentRunner.java:79)
Account Console IT (chrome)	Run Account Console IT	2023-05-11T20:22:14.3151180Z -- 	at org.junit.runners.ParentRunner.runChildren(ParentRunner.java:329)
Account Console IT (chrome)	Run Account Console IT	2023-05-11T20:22:14.3151714Z -- 	at org.junit.runners.ParentRunner.access$100(ParentRunner.java:66)
Account Console IT (chrome)	Run Account Console IT	2023-05-11T20:22:14.3152223Z -- 	at org.junit.runners.ParentRunner$2.evaluate(ParentRunner.java:293)
Account Console IT (chrome)	Run Account Console IT	2023-05-11T20:22:14.3152736Z -- 	at org.jboss.arquillian.junit.Arquillian$2.evaluate(Arquillian.java:166)
Account Console IT (chrome)	Run Account Console IT	2023-05-11T20:22:14.3153296Z -- 	at org.jboss.arquillian.junit.Arquillian.multiExecute(Arquillian.java:350)
Account Console IT (chrome)	Run Account Console IT	2023-05-11T20:22:14.3153861Z -- 	at org.jboss.arquillian.junit.Arquillian.access$200(Arquillian.java:54)
Account Console IT (chrome)	Run Account Console IT	2023-05-11T20:22:14.3157376Z -- 	at org.jboss.arquillian.junit.Arquillian$3.evaluate(Arquillian.java:177)
Account Console IT (chrome)	Run Account Console IT	2023-05-11T20:22:14.3158218Z -- 	at org.junit.rules.ExternalResource$1.evaluate(ExternalResource.java:54)
Account Console IT (chrome)	Run Account Console IT	2023-05-11T20:22:14.3158703Z -- 	at org.junit.rules.RunRules.evaluate(RunRules.java:20)
Account Console IT (chrome)	Run Account Console IT	2023-05-11T20:22:14.3159190Z -- 	at org.junit.runners.ParentRunner$3.evaluate(ParentRunner.java:306)
Account Console IT (chrome)	Run Account Console IT	2023-05-11T20:22:14.3164310Z -- 	at org.junit.runners.ParentRunner.run(ParentRunner.java:413)
Account Console IT (chrome)	Run Account Console IT	2023-05-11T20:22:14.3164967Z -- 	at org.jboss.arquillian.junit.Arquillian.run(Arquillian.java:115)
Account Console IT (chrome)	Run Account Console IT	2023-05-11T20:22:14.3165953Z -- 	at org.apache.maven.surefire.junit4.JUnit4Provider.execute(JUnit4Provider.java:377)
Account Console IT (chrome)	Run Account Console IT	2023-05-11T20:22:14.3166787Z -- 	at org.apache.maven.surefire.junit4.JUnit4Provider.executeWithRerun(JUnit4Provider.java:302)
Account Console IT (chrome)	Run Account Console IT	2023-05-11T20:22:14.3172974Z -- 	at org.apache.maven.surefire.junit4.JUnit4Provider.executeTestSet(JUnit4Provider.java:248)
Account Console IT (chrome)	Run Account Console IT	2023-05-11T20:22:14.3173843Z -- 	at org.apache.maven.surefire.junit4.JUnit4Provider.invoke(JUnit4Provider.java:167)
Account Console IT (chrome)	Run Account Console IT	2023-05-11T20:22:14.3174537Z -- 	at org.apache.maven.surefire.booter.ForkedBooter.runSuitesInProcess(ForkedBooter.java:456)
Account Console IT (chrome)	Run Account Console IT	2023-05-11T20:22:14.3175668Z -- 	at org.apache.maven.surefire.booter.ForkedBooter.execute(ForkedBooter.java:169)
Account Console IT (chrome)	Run Account Console IT	2023-05-11T20:22:14.3176284Z -- 	at org.apache.maven.surefire.booter.ForkedBooter.run(ForkedBooter.java:595)
Account Console IT (chrome)	Run Account Console IT	2023-05-11T20:22:14.3176888Z -- 	at org.apache.maven.surefire.booter.ForkedBooter.main(ForkedBooter.java:581)
Account Console IT (chrome)	Run Account Console IT	2023-05-11T20:22:14.3177264Z -- 
Account Console IT (chrome)	Run Account Console IT	2023-05-11T20:22:14.3177608Z [INFO] Running org.keycloak.testsuite.ui.account2.LDAPAccountTest
Account Console IT (chrome)	Run Account Console IT	2023-05-11T20:22:17.1042326Z May 11, 2023 8:22:17 PM org.openqa.selenium.remote.DesiredCapabilities chrome
Account Console IT (chrome)	Run Account Console IT	2023-05-11T20:22:17.1081041Z INFO: Using `new ChromeOptions()` is preferred to `DesiredCapabilities.chrome()`
Account Console IT (chrome)	Run Account Console IT	2023-05-11T20:22:17.1087191Z May 11, 2023 8:22:17 PM org.openqa.selenium.remote.DesiredCapabilities chrome
Account Console IT (chrome)	Run Account Console IT	2023-05-11T20:22:17.1087692Z INFO: Using `new ChromeOptions()` is preferred to `DesiredCapabilities.chrome()`
Account Console IT (chrome)	Run Account Console IT	2023-05-11T20:22:17.1088540Z Starting ChromeDriver 113.0.5672.63 (0e1a4471d5ae5bf128b1bd8f4d627c8cbd55f70c-refs/branch-heads/5672@{#912}) on port 18174
Account Console IT (chrome)	Run Account Console IT	2023-05-11T20:22:17.1088948Z Only local connections are allowed.
Account Console IT (chrome)	Run Account Console IT	2023-05-11T20:22:17.1089522Z Please see https://chromedriver.chromium.org/security-considerations for suggestions on keeping ChromeDriver safe.
Account Console IT (chrome)	Run Account Console IT	2023-05-11T20:22:17.1089969Z ChromeDriver was started successfully.
Account Console IT (chrome)	Run Account Console IT	2023-05-11T20:22:17.3032793Z May 11, 2023 8:22:17 PM org.openqa.selenium.remote.ProtocolHandshake createSession
Account Console IT (chrome)	Run Account Console IT	2023-05-11T20:22:17.3033598Z INFO: Detected dialect: W3C
Account Console IT (chrome)	Run Account Console IT	2023-05-11T20:22:40.0369076Z [INFO] Tests run: 2, Failures: 0, Errors: 0, Skipped: 0, Time elapsed: 25.696 s - in org.keycloak.testsuite.ui.account2.LDAPAccountTest
Account Console IT (chrome)	Run Account Console IT	2023-05-11T20:22:40.0370231Z [INFO] Running org.keycloak.testsuite.ui.account2.LinkedAccountsTest
Account Console IT (chrome)	Run Account Console IT	2023-05-11T20:22:40.0413267Z May 11, 2023 8:22:39 PM org.openqa.selenium.remote.DesiredCapabilities chrome
Account Console IT (chrome)	Run Account Console IT	2023-05-11T20:22:40.0418478Z INFO: Using `new ChromeOptions()` is preferred to `DesiredCapabilities.chrome()`
Account Console IT (chrome)	Run Account Console IT	2023-05-11T20:22:40.0419011Z May 11, 2023 8:22:39 PM org.openqa.selenium.remote.DesiredCapabilities chrome
Account Console IT (chrome)	Run Account Console IT	2023-05-11T20:22:40.0419462Z INFO: Using `new ChromeOptions()` is preferred to `DesiredCapabilities.chrome()`
Account Console IT (chrome)	Run Account Console IT	2023-05-11T20:22:40.0420211Z Starting ChromeDriver 113.0.5672.63 (0e1a4471d5ae5bf128b1bd8f4d627c8cbd55f70c-refs/branch-heads/5672@{#912}) on port 13919
Account Console IT (chrome)	Run Account Console IT	2023-05-11T20:22:40.0420903Z Only local connections are allowed.
Account Console IT (chrome)	Run Account Console IT	2023-05-11T20:22:40.0421491Z Please see https://chromedriver.chromium.org/security-considerations for suggestions on keeping ChromeDriver safe.
Account Console IT (chrome)	Run Account Console IT	2023-05-11T20:22:40.0421942Z ChromeDriver was started successfully.
Account Console IT (chrome)	Run Account Console IT	2023-05-11T20:22:40.2411183Z May 11, 2023 8:22:40 PM org.openqa.selenium.remote.ProtocolHandshake createSession
Account Console IT (chrome)	Run Account Console IT	2023-05-11T20:22:40.2412005Z INFO: Detected dialect: W3C
Account Console IT (chrome)	Run Account Console IT	2023-05-11T20:23:35.0923108Z [INFO] Tests run: 3, Failures: 0, Errors: 0, Skipped: 0, Time elapsed: 55.013 s - in org.keycloak.testsuite.ui.account2.LinkedAccountsTest
Account Console IT (chrome)	Run Account Console IT	2023-05-11T20:23:35.0923776Z [INFO] Running org.keycloak.testsuite.ui.account2.MyResourcesTest
Account Console IT (chrome)	Run Account Console IT	2023-05-11T20:23:35.2367495Z May 11, 2023 8:23:35 PM org.openqa.selenium.remote.DesiredCapabilities chrome
Account Console IT (chrome)	Run Account Console IT	2023-05-11T20:23:35.2369701Z INFO: Using `new ChromeOptions()` is preferred to `DesiredCapabilities.chrome()`
Account Console IT (chrome)	Run Account Console IT	2023-05-11T20:23:35.2370793Z May 11, 2023 8:23:35 PM org.openqa.selenium.remote.DesiredCapabilities chrome
Account Console IT (chrome)	Run Account Console IT	2023-05-11T20:23:35.2371410Z INFO: Using `new ChromeOptions()` is preferred to `DesiredCapabilities.chrome()`
Account Console IT (chrome)	Run Account Console IT	2023-05-11T20:23:35.2372531Z Starting ChromeDriver 113.0.5672.63 (0e1a4471d5ae5bf128b1bd8f4d627c8cbd55f70c-refs/branch-heads/5672@{#912}) on port 15736
Account Console IT (chrome)	Run Account Console IT	2023-05-11T20:23:35.2474598Z Only local connections are allowed.
Account Console IT (chrome)	Run Account Console IT	2023-05-11T20:23:35.2475499Z Please see https://chromedriver.chromium.org/security-considerations for suggestions on keeping ChromeDriver safe.
Account Console IT (chrome)	Run Account Console IT	2023-05-11T20:23:35.2475970Z ChromeDriver was started successfully.
Account Console IT (chrome)	Run Account Console IT	2023-05-11T20:23:35.3350049Z May 11, 2023 8:23:35 PM org.openqa.selenium.remote.ProtocolHandshake createSession
Account Console IT (chrome)	Run Account Console IT	2023-05-11T20:23:35.3350858Z INFO: Detected dialect: W3C
Account Console IT (chrome)	Run Account Console IT	2023-05-11T20:25:25.3696107Z [INFO] Tests run: 9, Failures: 0, Errors: 0, Skipped: 0, Time elapsed: 110.242 s - in org.keycloak.testsuite.ui.account2.MyResourcesTest
Account Console IT (chrome)	Run Account Console IT	2023-05-11T20:25:25.3701738Z [INFO] Running org.keycloak.testsuite.ui.account2.PermissionsTest
Account Console IT (chrome)	Run Account Console IT	2023-05-11T20:25:25.4416645Z May 11, 2023 8:25:25 PM org.openqa.selenium.remote.DesiredCapabilities chrome
Account Console IT (chrome)	Run Account Console IT	2023-05-11T20:25:25.4417610Z INFO: Using `new ChromeOptions()` is preferred to `DesiredCapabilities.chrome()`
Account Console IT (chrome)	Run Account Console IT	2023-05-11T20:25:25.4418325Z May 11, 2023 8:25:25 PM org.openqa.selenium.remote.DesiredCapabilities chrome
Account Console IT (chrome)	Run Account Console IT	2023-05-11T20:25:25.4467200Z INFO: Using `new ChromeOptions()` is preferred to `DesiredCapabilities.chrome()`
Account Console IT (chrome)	Run Account Console IT	2023-05-11T20:25:25.4468084Z Starting ChromeDriver 113.0.5672.63 (0e1a4471d5ae5bf128b1bd8f4d627c8cbd55f70c-refs/branch-heads/5672@{#912}) on port 22492
Account Console IT (chrome)	Run Account Console IT	2023-05-11T20:25:25.4468485Z Only local connections are allowed.
Account Console IT (chrome)	Run Account Console IT	2023-05-11T20:25:25.4469072Z Please see https://chromedriver.chromium.org/security-considerations for suggestions on keeping ChromeDriver safe.
Account Console IT (chrome)	Run Account Console IT	2023-05-11T20:25:25.4469546Z ChromeDriver was started successfully.
Account Console IT (chrome)	Run Account Console IT	2023-05-11T20:25:25.6387173Z May 11, 2023 8:25:25 PM org.openqa.selenium.remote.ProtocolHandshake createSession
Account Console IT (chrome)	Run Account Console IT	2023-05-11T20:25:25.6388212Z INFO: Detected dialect: W3C
Account Console IT (chrome)	Run Account Console IT	2023-05-11T20:25:43.8167996Z [INFO] Tests run: 1, Failures: 0, Errors: 0, Skipped: 0, Time elapsed: 18.42 s - in org.keycloak.testsuite.ui.account2.PermissionsTest
Account Console IT (chrome)	Run Account Console IT	2023-05-11T20:25:43.8169267Z [INFO] Running org.keycloak.testsuite.ui.account2.PersonalInfoTest
Account Console IT (chrome)	Run Account Console IT	2023-05-11T20:25:43.9665687Z May 11, 2023 8:25:43 PM org.openqa.selenium.remote.DesiredCapabilities chrome
Account Console IT (chrome)	Run Account Console IT	2023-05-11T20:25:43.9693477Z INFO: Using `new ChromeOptions()` is preferred to `DesiredCapabilities.chrome()`
Account Console IT (chrome)	Run Account Console IT	2023-05-11T20:25:43.9694351Z May 11, 2023 8:25:43 PM org.openqa.selenium.remote.DesiredCapabilities chrome
Account Console IT (chrome)	Run Account Console IT	2023-05-11T20:25:43.9695595Z INFO: Using `new ChromeOptions()` is preferred to `DesiredCapabilities.chrome()`
Account Console IT (chrome)	Run Account Console IT	2023-05-11T20:25:43.9696645Z Starting ChromeDriver 113.0.5672.63 (0e1a4471d5ae5bf128b1bd8f4d627c8cbd55f70c-refs/branch-heads/5672@{#912}) on port 23054
Account Console IT (chrome)	Run Account Console IT	2023-05-11T20:25:43.9697247Z Only local connections are allowed.
Account Console IT (chrome)	Run Account Console IT	2023-05-11T20:25:43.9698094Z Please see https://chromedriver.chromium.org/security-considerations for suggestions on keeping ChromeDriver safe.
Account Console IT (chrome)	Run Account Console IT	2023-05-11T20:25:43.9845357Z ChromeDriver was started successfully.
Account Console IT (chrome)	Run Account Console IT	2023-05-11T20:25:44.0656868Z May 11, 2023 8:25:44 PM org.openqa.selenium.remote.ProtocolHandshake createSession
Account Console IT (chrome)	Run Account Console IT	2023-05-11T20:25:44.0657359Z INFO: Detected dialect: W3C
Account Console IT (chrome)	Run Account Console IT	2023-05-11T20:27:23.4664207Z [WARNING] Tests run: 9, Failures: 0, Errors: 0, Skipped: 1, Time elapsed: 99.635 s - in org.keycloak.testsuite.ui.account2.PersonalInfoTest
Account Console IT (chrome)	Run Account Console IT	2023-05-11T20:27:23.4673153Z [INFO] Running org.keycloak.testsuite.ui.account2.ReferrerTest
Account Console IT (chrome)	Run Account Console IT	2023-05-11T20:27:23.6501393Z May 11, 2023 8:27:23 PM org.openqa.selenium.remote.DesiredCapabilities chrome
Account Console IT (chrome)	Run Account Console IT	2023-05-11T20:27:23.6502270Z INFO: Using `new ChromeOptions()` is preferred to `DesiredCapabilities.chrome()`
Account Console IT (chrome)	Run Account Console IT	2023-05-11T20:27:23.6582807Z May 11, 2023 8:27:23 PM org.openqa.selenium.remote.DesiredCapabilities chrome
Account Console IT (chrome)	Run Account Console IT	2023-05-11T20:27:23.6583370Z INFO: Using `new ChromeOptions()` is preferred to `DesiredCapabilities.chrome()`
Account Console IT (chrome)	Run Account Console IT	2023-05-11T20:27:23.6584267Z Starting ChromeDriver 113.0.5672.63 (0e1a4471d5ae5bf128b1bd8f4d627c8cbd55f70c-refs/branch-heads/5672@{#912}) on port 3153
Account Console IT (chrome)	Run Account Console IT	2023-05-11T20:27:23.6584667Z Only local connections are allowed.
Account Console IT (chrome)	Run Account Console IT	2023-05-11T20:27:23.6585266Z Please see https://chromedriver.chromium.org/security-considerations for suggestions on keeping ChromeDriver safe.
Account Console IT (chrome)	Run Account Console IT	2023-05-11T20:27:23.6585742Z ChromeDriver was started successfully.
Account Console IT (chrome)	Run Account Console IT	2023-05-11T20:27:23.7494855Z May 11, 2023 8:27:23 PM org.openqa.selenium.remote.ProtocolHandshake createSession
Account Console IT (chrome)	Run Account Console IT	2023-05-11T20:27:23.7495792Z INFO: Detected dialect: W3C
Account Console IT (chrome)	Run Account Console IT	2023-05-11T20:29:12.1273971Z [INFO] Tests run: 8, Failures: 0, Errors: 0, Skipped: 0, Time elapsed: 108.646 s - in org.keycloak.testsuite.ui.account2.ReferrerTest
Account Console IT (chrome)	Run Account Console IT	2023-05-11T20:29:12.1274786Z [INFO] Running org.keycloak.testsuite.ui.account2.SessionTest
Account Console IT (chrome)	Run Account Console IT	2023-05-11T20:29:12.3181272Z May 11, 2023 8:29:12 PM org.openqa.selenium.remote.DesiredCapabilities chrome
Account Console IT (chrome)	Run Account Console IT	2023-05-11T20:29:12.3181987Z INFO: Using `new ChromeOptions()` is preferred to `DesiredCapabilities.chrome()`
Account Console IT (chrome)	Run Account Console IT	2023-05-11T20:29:12.3182565Z May 11, 2023 8:29:12 PM org.openqa.selenium.remote.DesiredCapabilities chrome
Account Console IT (chrome)	Run Account Console IT	2023-05-11T20:29:12.3183100Z INFO: Using `new ChromeOptions()` is preferred to `DesiredCapabilities.chrome()`
Account Console IT (chrome)	Run Account Console IT	2023-05-11T20:29:12.3184021Z Starting ChromeDriver 113.0.5672.63 (0e1a4471d5ae5bf128b1bd8f4d627c8cbd55f70c-refs/branch-heads/5672@{#912}) on port 23397
Account Console IT (chrome)	Run Account Console IT	2023-05-11T20:29:12.3184501Z Only local connections are allowed.
Account Console IT (chrome)	Run Account Console IT	2023-05-11T20:29:12.3185169Z Please see https://chromedriver.chromium.org/security-considerations for suggestions on keeping ChromeDriver safe.
Account Console IT (chrome)	Run Account Console IT	2023-05-11T20:29:12.3185685Z ChromeDriver was started successfully.
Account Console IT (chrome)	Run Account Console IT	2023-05-11T20:29:12.4175032Z May 11, 2023 8:29:12 PM org.openqa.selenium.remote.ProtocolHandshake createSession
Account Console IT (chrome)	Run Account Console IT	2023-05-11T20:29:12.4175579Z INFO: Detected dialect: W3C
Account Console IT (chrome)	Run Account Console IT	2023-05-11T20:34:12.7808413Z [INFO] Tests run: 4, Failures: 0, Errors: 0, Skipped: 0, Time elapsed: 300.633 s - in org.keycloak.testsuite.ui.account2.SessionTest
Account Console IT (chrome)	Run Account Console IT	2023-05-11T20:34:12.7896108Z [INFO] Running org.keycloak.testsuite.ui.account2.SigningInTest
Account Console IT (chrome)	Run Account Console IT	2023-05-11T20:34:12.8775253Z May 11, 2023 8:34:12 PM org.openqa.selenium.remote.DesiredCapabilities chrome
Account Console IT (chrome)	Run Account Console IT	2023-05-11T20:34:12.8776026Z INFO: Using `new ChromeOptions()` is preferred to `DesiredCapabilities.chrome()`
Account Console IT (chrome)	Run Account Console IT	2023-05-11T20:34:12.8776569Z May 11, 2023 8:34:12 PM org.openqa.selenium.remote.DesiredCapabilities chrome
Account Console IT (chrome)	Run Account Console IT	2023-05-11T20:34:12.8777110Z INFO: Using `new ChromeOptions()` is preferred to `DesiredCapabilities.chrome()`
Account Console IT (chrome)	Run Account Console IT	2023-05-11T20:34:12.8778143Z Starting ChromeDriver 113.0.5672.63 (0e1a4471d5ae5bf128b1bd8f4d627c8cbd55f70c-refs/branch-heads/5672@{#912}) on port 23054
Account Console IT (chrome)	Run Account Console IT	2023-05-11T20:34:12.8778634Z Only local connections are allowed.
Account Console IT (chrome)	Run Account Console IT	2023-05-11T20:34:12.8779330Z Please see https://chromedriver.chromium.org/security-considerations for suggestions on keeping ChromeDriver safe.
Account Console IT (chrome)	Run Account Console IT	2023-05-11T20:34:12.8779877Z ChromeDriver was started successfully.
Account Console IT (chrome)	Run Account Console IT	2023-05-11T20:34:13.0772793Z May 11, 2023 8:34:12 PM org.openqa.selenium.remote.ProtocolHandshake createSession
Account Console IT (chrome)	Run Account Console IT	2023-05-11T20:34:13.0773718Z INFO: Detected dialect: W3C
Account Console IT (chrome)	Run Account Console IT	2023-05-11T20:37:15.1365774Z [INFO] Tests run: 6, Failures: 0, Errors: 0, Skipped: 0, Time elapsed: 182.324 s - in org.keycloak.testsuite.ui.account2.SigningInTest
Account Console IT (chrome)	Run Account Console IT	2023-05-11T20:37:15.1373011Z [INFO] Running org.keycloak.testsuite.ui.account2.SmokeTest
Account Console IT (chrome)	Run Account Console IT	2023-05-11T20:37:15.2481865Z May 11, 2023 8:37:15 PM org.openqa.selenium.remote.DesiredCapabilities chrome
Account Console IT (chrome)	Run Account Console IT	2023-05-11T20:37:15.2482755Z INFO: Using `new ChromeOptions()` is preferred to `DesiredCapabilities.chrome()`
Account Console IT (chrome)	Run Account Console IT	2023-05-11T20:37:15.2531170Z May 11, 2023 8:37:15 PM org.openqa.selenium.remote.DesiredCapabilities chrome
Account Console IT (chrome)	Run Account Console IT	2023-05-11T20:37:15.2531699Z INFO: Using `new ChromeOptions()` is preferred to `DesiredCapabilities.chrome()`
Account Console IT (chrome)	Run Account Console IT	2023-05-11T20:37:15.2533052Z Starting ChromeDriver 113.0.5672.63 (0e1a4471d5ae5bf128b1bd8f4d627c8cbd55f70c-refs/branch-heads/5672@{#912}) on port 17513
Account Console IT (chrome)	Run Account Console IT	2023-05-11T20:37:15.2533448Z Only local connections are allowed.
Account Console IT (chrome)	Run Account Console IT	2023-05-11T20:37:15.2534039Z Please see https://chromedriver.chromium.org/security-considerations for suggestions on keeping ChromeDriver safe.
Account Console IT (chrome)	Run Account Console IT	2023-05-11T20:37:15.2534471Z ChromeDriver was started successfully.
Account Console IT (chrome)	Run Account Console IT	2023-05-11T20:37:15.4482426Z May 11, 2023 8:37:15 PM org.openqa.selenium.remote.ProtocolHandshake createSession
Account Console IT (chrome)	Run Account Console IT	2023-05-11T20:37:15.4483278Z INFO: Detected dialect: W3C
Account Console IT (chrome)	Run Account Console IT	2023-05-11T20:37:27.2930368Z [INFO] Tests run: 1, Failures: 0, Errors: 0, Skipped: 0, Time elapsed: 12.11 s - in org.keycloak.testsuite.ui.account2.SmokeTest
Account Console IT (chrome)	Run Account Console IT	2023-05-11T20:37:27.2946438Z [INFO] Running org.keycloak.testsuite.ui.account2.UpdateEmailTest
Account Console IT (chrome)	Run Account Console IT	2023-05-11T20:37:46.2070203Z May 11, 2023 8:37:46 PM org.openqa.selenium.remote.DesiredCapabilities chrome
Account Console IT (chrome)	Run Account Console IT	2023-05-11T20:37:46.2071106Z INFO: Using `new ChromeOptions()` is preferred to `DesiredCapabilities.chrome()`
Account Console IT (chrome)	Run Account Console IT	2023-05-11T20:37:46.2072076Z May 11, 2023 8:37:46 PM org.openqa.selenium.remote.DesiredCapabilities chrome
Account Console IT (chrome)	Run Account Console IT	2023-05-11T20:37:46.2072607Z INFO: Using `new ChromeOptions()` is preferred to `DesiredCapabilities.chrome()`
Account Console IT (chrome)	Run Account Console IT	2023-05-11T20:37:46.3070174Z Starting ChromeDriver 113.0.5672.63 (0e1a4471d5ae5bf128b1bd8f4d627c8cbd55f70c-refs/branch-heads/5672@{#912}) on port 11444
Account Console IT (chrome)	Run Account Console IT	2023-05-11T20:37:46.3071052Z Only local connections are allowed.
Account Console IT (chrome)	Run Account Console IT	2023-05-11T20:37:46.3072144Z Please see https://chromedriver.chromium.org/security-considerations for suggestions on keeping ChromeDriver safe.
Account Console IT (chrome)	Run Account Console IT	2023-05-11T20:37:46.3072758Z ChromeDriver was started successfully.
Account Console IT (chrome)	Run Account Console IT	2023-05-11T20:37:46.4068739Z May 11, 2023 8:37:46 PM org.openqa.selenium.remote.ProtocolHandshake createSession
Account Console IT (chrome)	Run Account Console IT	2023-05-11T20:37:46.4069700Z INFO: Detected dialect: W3C
Account Console IT (chrome)	Run Account Console IT	2023-05-11T20:39:33.8130618Z [INFO] Tests run: 7, Failures: 0, Errors: 0, Skipped: 0, Time elapsed: 126.45 s - in org.keycloak.testsuite.ui.account2.UpdateEmailTest
Account Console IT (chrome)	Run Account Console IT	2023-05-11T20:39:33.8131622Z [INFO] Running org.keycloak.testsuite.ui.account2.WelcomeScreenTest
Account Console IT (chrome)	Run Account Console IT	2023-05-11T20:39:34.4315466Z May 11, 2023 8:39:34 PM org.openqa.selenium.remote.DesiredCapabilities chrome
Account Console IT (chrome)	Run Account Console IT	2023-05-11T20:39:34.4391560Z INFO: Using `new ChromeOptions()` is preferred to `DesiredCapabilities.chrome()`
Account Console IT (chrome)	Run Account Console IT	2023-05-11T20:39:34.4405796Z May 11, 2023 8:39:34 PM org.openqa.selenium.remote.DesiredCapabilities chrome
Account Console IT (chrome)	Run Account Console IT	2023-05-11T20:39:34.4408425Z INFO: Using `new ChromeOptions()` is preferred to `DesiredCapabilities.chrome()`
Account Console IT (chrome)	Run Account Console IT	2023-05-11T20:39:34.4410417Z Starting ChromeDriver 113.0.5672.63 (0e1a4471d5ae5bf128b1bd8f4d627c8cbd55f70c-refs/branch-heads/5672@{#912}) on port 3346
Account Console IT (chrome)	Run Account Console IT	2023-05-11T20:39:34.4411675Z Only local connections are allowed.
Account Console IT (chrome)	Run Account Console IT	2023-05-11T20:39:34.4428064Z Please see https://chromedriver.chromium.org/security-considerations for suggestions on keeping ChromeDriver safe.
Account Console IT (chrome)	Run Account Console IT	2023-05-11T20:39:34.4429243Z ChromeDriver was started successfully.
Account Console IT (chrome)	Run Account Console IT	2023-05-11T20:39:34.6228746Z May 11, 2023 8:39:34 PM org.openqa.selenium.remote.ProtocolHandshake createSession
Account Console IT (chrome)	Run Account Console IT	2023-05-11T20:39:34.6229353Z INFO: Detected dialect: W3C
Account Console IT (chrome)	Run Account Console IT	2023-05-11T20:40:57.2603014Z [INFO] Tests run: 6, Failures: 0, Errors: 0, Skipped: 0, Time elapsed: 83.412 s - in org.keycloak.testsuite.ui.account2.WelcomeScreenTest
Account Console IT (chrome)	Run Account Console IT	2023-05-11T20:40:57.6260063Z -- [INFO] 
Account Console IT (chrome)	Run Account Console IT	2023-05-11T20:40:57.6260578Z -- [INFO] Results:
Account Console IT (chrome)	Run Account Console IT	2023-05-11T20:40:57.6260850Z -- [INFO] 
Account Console IT (chrome)	Run Account Console IT	2023-05-11T20:40:57.6261104Z -- [ERROR] Failures: 
Account Console IT (chrome)	Run Account Console IT	2023-05-11T20:40:57.6261682Z -- [ERROR] org.keycloak.testsuite.ui.account2.InternationalizationTest.userAttributeTest
Account Console IT (chrome)	Run Account Console IT	2023-05-11T20:40:57.6262403Z -- [ERROR]   Run 1: InternationalizationTest.userAttributeTest:105 expected:<[English]> but was:<[und]>
Account Console IT (chrome)	Run Account Console IT	2023-05-11T20:40:57.6263036Z -- [ERROR]   Run 2: InternationalizationTest.userAttributeTest:105 expected:<[English]> but was:<[und]>
Account Console IT (chrome)	Run Account Console IT	2023-05-11T20:40:57.6263663Z -- [ERROR]   Run 3: InternationalizationTest.userAttributeTest:105 expected:<[English]> but was:<[und]>
Account Console IT (chrome)	Run Account Console IT	2023-05-11T20:40:57.6264054Z -- [INFO] 
Account Console IT (chrome)	Run Account Console IT	2023-05-11T20:40:57.6265082Z -- [INFO] 
Account Console IT (chrome)	Run Account Console IT	2023-05-11T20:40:57.6265426Z -- [ERROR] Tests run: 77, Failures: 1, Errors: 0, Skipped: 3
Account Console IT (chrome)	Run Account Console IT	2023-05-11T20:40:57.6265722Z -- [INFO] 
Account Console IT (chrome)	Run Account Console IT	2023-05-11T20:40:57.6295821Z -- [INFO] ------------------------------------------------------------------------
Account Console IT (chrome)	Run Account Console IT	2023-05-11T20:40:57.6300342Z -- [INFO] BUILD FAILURE
Account Console IT (chrome)	Run Account Console IT	2023-05-11T20:40:57.6300803Z -- [INFO] ------------------------------------------------------------------------
Account Console IT (chrome)	Run Account Console IT	2023-05-11T20:40:57.6314851Z -- [INFO] Total time:  24:29 min
Account Console IT (chrome)	Run Account Console IT	2023-05-11T20:40:57.6319146Z -- [INFO] Finished at: 2023-05-11T20:40:57Z
Account Console IT (chrome)	Run Account Console IT	2023-05-11T20:40:57.6319621Z -- [INFO] ------------------------------------------------------------------------
Account Console IT (chrome)	Run Account Console IT	2023-05-11T20:40:57.6328784Z -- [ERROR] Failed to execute goal org.apache.maven.plugins:maven-surefire-plugin:3.0.0-M7:test (default-test) on project integration-arquillian-tests-base-ui: There are test failures.
Account Console IT (chrome)	Run Account Console IT	2023-05-11T20:40:57.6329357Z -- [ERROR] 
Account Console IT (chrome)	Run Account Console IT	2023-05-11T20:40:57.6329977Z -- [ERROR] Please refer to /home/runner/work/keycloak/keycloak/testsuite/integration-arquillian/tests/other/base-ui/target/surefire-reports for the individual test results.
Account Console IT (chrome)	Run Account Console IT	2023-05-11T20:40:57.6330685Z -- [ERROR] Please refer to dump files (if any exist) [date].dump, [date]-jvmRun[N].dump and [date].dumpstream.
Account Console IT (chrome)	Run Account Console IT	2023-05-11T20:40:57.6331086Z -- [ERROR] -> [Help 1]
Account Console IT (chrome)	Run Account Console IT	2023-05-11T20:40:57.6331355Z -- [ERROR] 
Account Console IT (chrome)	Run Account Console IT	2023-05-11T20:40:57.6331756Z -- [ERROR] To see the full stack trace of the errors, re-run Maven with the -e switch.
Account Console IT (chrome)	Run Account Console IT	2023-05-11T20:40:57.6332226Z -- [ERROR] Re-run Maven using the -X switch to enable full debug logging.
Account Console IT (chrome)	Run Account Console IT	2023-05-11T20:40:57.6332547Z -- [ERROR] 
Account Console IT (chrome)	Run Account Console IT	2023-05-11T20:40:57.6333005Z -- [ERROR] For more information about the errors and possible solutions, please read the following articles:
Account Console IT (chrome)	Run Account Console IT	2023-05-11T20:40:57.6333574Z -- [ERROR] [Help 1] http://cwiki.apache.org/confluence/display/MAVEN/MojoFailureException
Account Console IT (chrome)	Run Account Console IT	2023-05-11T20:40:57.6552998Z ##[error]Process completed with exit code 1.
