Account Console IT (chrome)	Run Account Console IT	2023-05-12T02:32:35.2576893Z ##[group]Run ./mvnw test -Dsurefire.rerunFailingTestsCount=2 -nsu -B -Pauth-server-quarkus -Dtest=**.account2.**,!SigningInTest#passwordlessWebAuthnTest,!SigningInTest#twoFactorWebAuthnTest -Dbrowser=chrome "-Dwebdriver.chrome.driver=$CHROMEWEBDRIVER/chromedriver" -f testsuite/integration-arquillian/tests/other/base-ui/pom.xml | misc/log/trimmer.sh
Account Console IT (chrome)	Run Account Console IT	2023-05-12T02:32:35.2578277Z [36;1m./mvnw test -Dsurefire.rerunFailingTestsCount=2 -nsu -B -Pauth-server-quarkus -Dtest=**.account2.**,!SigningInTest#passwordlessWebAuthnTest,!SigningInTest#twoFactorWebAuthnTest -Dbrowser=chrome "-Dwebdriver.chrome.driver=$CHROMEWEBDRIVER/chromedriver" -f testsuite/integration-arquillian/tests/other/base-ui/pom.xml | misc/log/trimmer.sh[0m
Account Console IT (chrome)	Run Account Console IT	2023-05-12T02:32:35.2637135Z shell: /usr/bin/bash --noprofile --norc -e -o pipefail {0}
Account Console IT (chrome)	Run Account Console IT	2023-05-12T02:32:35.2637409Z env:
Account Console IT (chrome)	Run Account Console IT	2023-05-12T02:32:35.2637617Z   DEFAULT_JDK_VERSION: 17
Account Console IT (chrome)	Run Account Console IT	2023-05-12T02:32:35.2637851Z   DEFAULT_JDK_DIST: temurin
Account Console IT (chrome)	Run Account Console IT	2023-05-12T02:32:35.2638094Z   SUREFIRE_RERUN_FAILING_COUNT: 2
Account Console IT (chrome)	Run Account Console IT	2023-05-12T02:32:35.2638451Z   JAVA_HOME: /opt/hostedtoolcache/Java_Temurin-Hotspot_jdk/17.0.7-7/x64
Account Console IT (chrome)	Run Account Console IT	2023-05-12T02:32:35.2638824Z   JAVA_HOME_17_X64: /opt/hostedtoolcache/Java_Temurin-Hotspot_jdk/17.0.7-7/x64
Account Console IT (chrome)	Run Account Console IT	2023-05-12T02:32:35.2639108Z ##[endgroup]
Account Console IT (chrome)	Run Account Console IT	2023-05-12T02:32:39.8133724Z -- [INFO] Scanning for projects...
Account Console IT (chrome)	Run Account Console IT	2023-05-12T02:32:40.0508335Z -- [INFO] 
Account Console IT (chrome)	Run Account Console IT	2023-05-12T02:32:40.0531469Z -- [INFO] ----< org.keycloak.testsuite:integration-arquillian-tests-base-ui >-----
Account Console IT (chrome)	Run Account Console IT	2023-05-12T02:32:40.0532157Z -- [INFO] Building Base UI TestSuite 999.0.0-SNAPSHOT
Account Console IT (chrome)	Run Account Console IT	2023-05-12T02:32:40.0532711Z -- [INFO] --------------------------------[ jar ]---------------------------------
Account Console IT (chrome)	Run Account Console IT	2023-05-12T02:32:40.2465065Z -- [INFO] Downloading from jboss-public-repository: https://repository.jboss.org/nexus/content/groups/public/org/codehaus/mojo/properties-maven-plugin/1.0.0/properties-maven-plugin-1.0.0.pom
Account Console IT (chrome)	Run Account Console IT	2023-05-12T02:32:41.6582553Z -- [INFO] Downloading from central: https://repo.maven.apache.org/maven2/org/codehaus/mojo/properties-maven-plugin/1.0.0/properties-maven-plugin-1.0.0.pom
Account Console IT (chrome)	Run Account Console IT	2023-05-12T02:32:41.8025027Z -- [INFO] Downloaded from central: https://repo.maven.apache.org/maven2/org/codehaus/mojo/properties-maven-plugin/1.0.0/properties-maven-plugin-1.0.0.pom (5.0 kB at 35 kB/s)
Account Console IT (chrome)	Run Account Console IT	2023-05-12T02:32:41.8101122Z -- [INFO] Downloading from jboss-public-repository: https://repository.jboss.org/nexus/content/groups/public/org/codehaus/mojo/properties-maven-plugin/1.0.0/properties-maven-plugin-1.0.0.jar
Account Console IT (chrome)	Run Account Console IT	2023-05-12T02:32:41.9752651Z -- [INFO] Downloading from central: https://repo.maven.apache.org/maven2/org/codehaus/mojo/properties-maven-plugin/1.0.0/properties-maven-plugin-1.0.0.jar
Account Console IT (chrome)	Run Account Console IT	2023-05-12T02:32:42.0674214Z -- [INFO] Downloaded from central: https://repo.maven.apache.org/maven2/org/codehaus/mojo/properties-maven-plugin/1.0.0/properties-maven-plugin-1.0.0.jar (30 kB at 321 kB/s)
Account Console IT (chrome)	Run Account Console IT	2023-05-12T02:32:42.1332452Z -- [INFO] Downloading from central: https://repo.maven.apache.org/maven2/org/jboss/arquillian/extension/arquillian-drone-appium-extension/2.5.5/arquillian-drone-appium-extension-2.5.5.pom
Account Console IT (chrome)	Run Account Console IT	2023-05-12T02:32:42.1492105Z -- [INFO] Downloaded from central: https://repo.maven.apache.org/maven2/org/jboss/arquillian/extension/arquillian-drone-appium-extension/2.5.5/arquillian-drone-appium-extension-2.5.5.pom (3.2 kB at 191 kB/s)
Account Console IT (chrome)	Run Account Console IT	2023-05-12T02:32:42.4262179Z -- [INFO] Downloading from central: https://repo.maven.apache.org/maven2/io/appium/java-client/5.0.0-BETA9/java-client-5.0.0-BETA9.pom
Account Console IT (chrome)	Run Account Console IT	2023-05-12T02:32:42.4613147Z -- [INFO] Downloaded from central: https://repo.maven.apache.org/maven2/io/appium/java-client/5.0.0-BETA9/java-client-5.0.0-BETA9.pom (3.9 kB at 111 kB/s)
Account Console IT (chrome)	Run Account Console IT	2023-05-12T02:32:42.4961333Z -- [INFO] Downloading from central: https://repo.maven.apache.org/maven2/com/google/code/gson/gson/2.8.1/gson-2.8.1.pom
Account Console IT (chrome)	Run Account Console IT	2023-05-12T02:32:42.5171065Z -- [INFO] Downloaded from central: https://repo.maven.apache.org/maven2/com/google/code/gson/gson/2.8.1/gson-2.8.1.pom (1.9 kB at 76 kB/s)
Account Console IT (chrome)	Run Account Console IT	2023-05-12T02:32:42.5187371Z -- [INFO] Downloading from central: https://repo.maven.apache.org/maven2/com/google/code/gson/gson-parent/2.8.1/gson-parent-2.8.1.pom
Account Console IT (chrome)	Run Account Console IT	2023-05-12T02:32:42.5476050Z -- [INFO] Downloaded from central: https://repo.maven.apache.org/maven2/com/google/code/gson/gson-parent/2.8.1/gson-parent-2.8.1.pom (3.7 kB at 127 kB/s)
Account Console IT (chrome)	Run Account Console IT	2023-05-12T02:32:42.5517700Z -- [INFO] Downloading from central: https://repo.maven.apache.org/maven2/cglib/cglib/3.2.5/cglib-3.2.5.pom
Account Console IT (chrome)	Run Account Console IT	2023-05-12T02:32:42.5642364Z -- [INFO] Downloaded from central: https://repo.maven.apache.org/maven2/cglib/cglib/3.2.5/cglib-3.2.5.pom (2.8 kB at 235 kB/s)
Account Console IT (chrome)	Run Account Console IT	2023-05-12T02:32:42.5673714Z -- [INFO] Downloading from central: https://repo.maven.apache.org/maven2/cglib/cglib-parent/3.2.5/cglib-parent-3.2.5.pom
Account Console IT (chrome)	Run Account Console IT	2023-05-12T02:32:42.5768418Z -- [INFO] Downloaded from central: https://repo.maven.apache.org/maven2/cglib/cglib-parent/3.2.5/cglib-parent-3.2.5.pom (9.8 kB at 981 kB/s)
Account Console IT (chrome)	Run Account Console IT	2023-05-12T02:32:42.5802568Z -- [INFO] Downloading from central: https://repo.maven.apache.org/maven2/org/ow2/asm/asm/6.0_ALPHA/asm-6.0_ALPHA.pom
Account Console IT (chrome)	Run Account Console IT	2023-05-12T02:32:42.5886253Z -- [INFO] Downloaded from central: https://repo.maven.apache.org/maven2/org/ow2/asm/asm/6.0_ALPHA/asm-6.0_ALPHA.pom (1.9 kB at 242 kB/s)
Account Console IT (chrome)	Run Account Console IT	2023-05-12T02:32:42.5908801Z -- [INFO] Downloading from central: https://repo.maven.apache.org/maven2/org/ow2/asm/asm-parent/6.0_ALPHA/asm-parent-6.0_ALPHA.pom
Account Console IT (chrome)	Run Account Console IT	2023-05-12T02:32:42.6003083Z -- [INFO] Downloaded from central: https://repo.maven.apache.org/maven2/org/ow2/asm/asm-parent/6.0_ALPHA/asm-parent-6.0_ALPHA.pom (5.5 kB at 611 kB/s)
Account Console IT (chrome)	Run Account Console IT	2023-05-12T02:32:42.6504539Z -- [INFO] Downloading from central: https://repo.maven.apache.org/maven2/org/springframework/spring-context/4.3.8.RELEASE/spring-context-4.3.8.RELEASE.pom
Account Console IT (chrome)	Run Account Console IT	2023-05-12T02:32:42.6585613Z -- [INFO] Downloaded from central: https://repo.maven.apache.org/maven2/org/springframework/spring-context/4.3.8.RELEASE/spring-context-4.3.8.RELEASE.pom (5.0 kB at 627 kB/s)
Account Console IT (chrome)	Run Account Console IT	2023-05-12T02:32:42.6603324Z -- [INFO] Downloading from central: https://repo.maven.apache.org/maven2/org/springframework/spring-aop/4.3.8.RELEASE/spring-aop-4.3.8.RELEASE.pom
Account Console IT (chrome)	Run Account Console IT	2023-05-12T02:32:42.6690174Z -- [INFO] Downloaded from central: https://repo.maven.apache.org/maven2/org/springframework/spring-aop/4.3.8.RELEASE/spring-aop-4.3.8.RELEASE.pom (2.7 kB at 335 kB/s)
Account Console IT (chrome)	Run Account Console IT	2023-05-12T02:32:42.6820074Z -- [INFO] Downloading from central: https://repo.maven.apache.org/maven2/org/springframework/spring-beans/4.3.8.RELEASE/spring-beans-4.3.8.RELEASE.pom
Account Console IT (chrome)	Run Account Console IT	2023-05-12T02:32:42.6941943Z -- [INFO] Downloaded from central: https://repo.maven.apache.org/maven2/org/springframework/spring-beans/4.3.8.RELEASE/spring-beans-4.3.8.RELEASE.pom (2.5 kB at 226 kB/s)
Account Console IT (chrome)	Run Account Console IT	2023-05-12T02:32:42.6975126Z -- [INFO] Downloading from central: https://repo.maven.apache.org/maven2/org/springframework/spring-core/4.3.8.RELEASE/spring-core-4.3.8.RELEASE.pom
Account Console IT (chrome)	Run Account Console IT	2023-05-12T02:32:42.7045393Z -- [INFO] Downloaded from central: https://repo.maven.apache.org/maven2/org/springframework/spring-core/4.3.8.RELEASE/spring-core-4.3.8.RELEASE.pom (2.5 kB at 248 kB/s)
Account Console IT (chrome)	Run Account Console IT	2023-05-12T02:32:42.7063719Z -- [INFO] Downloading from central: https://repo.maven.apache.org/maven2/org/springframework/spring-expression/4.3.8.RELEASE/spring-expression-4.3.8.RELEASE.pom
Account Console IT (chrome)	Run Account Console IT	2023-05-12T02:32:42.7174751Z -- [INFO] Downloaded from central: https://repo.maven.apache.org/maven2/org/springframework/spring-expression/4.3.8.RELEASE/spring-expression-4.3.8.RELEASE.pom (1.7 kB at 155 kB/s)
Account Console IT (chrome)	Run Account Console IT	2023-05-12T02:32:42.7208575Z -- [INFO] Downloading from central: https://repo.maven.apache.org/maven2/org/aspectj/aspectjweaver/1.8.10/aspectjweaver-1.8.10.pom
Account Console IT (chrome)	Run Account Console IT	2023-05-12T02:32:42.7367428Z -- [INFO] Downloaded from central: https://repo.maven.apache.org/maven2/org/aspectj/aspectjweaver/1.8.10/aspectjweaver-1.8.10.pom (1.0 kB at 70 kB/s)
Account Console IT (chrome)	Run Account Console IT	2023-05-12T02:32:43.7674155Z -- [INFO] Downloading from central: https://repo.maven.apache.org/maven2/org/jboss/jboss-parent/37/jboss-parent-37.pom
Account Console IT (chrome)	Run Account Console IT	2023-05-12T02:32:43.7743949Z -- [INFO] Downloaded from central: https://repo.maven.apache.org/maven2/org/jboss/jboss-parent/37/jboss-parent-37.pom (0 B at 0 B/s)
Account Console IT (chrome)	Run Account Console IT	2023-05-12T02:32:43.7768938Z -- [INFO] Downloading from central: https://repo.maven.apache.org/maven2/org/jboss/jboss-parent/38/jboss-parent-38.pom
Account Console IT (chrome)	Run Account Console IT	2023-05-12T02:32:43.7812951Z -- [INFO] Downloaded from central: https://repo.maven.apache.org/maven2/org/jboss/jboss-parent/38/jboss-parent-38.pom (0 B at 0 B/s)
Account Console IT (chrome)	Run Account Console IT	2023-05-12T02:32:44.3006071Z -- [INFO] Downloading from central: https://repo.maven.apache.org/maven2/org/jboss/shrinkwrap/resolver/shrinkwrap-resolver-spi/3.1.4/shrinkwrap-resolver-spi-3.1.4.pom
Account Console IT (chrome)	Run Account Console IT	2023-05-12T02:32:44.3120209Z -- [INFO] Downloaded from central: https://repo.maven.apache.org/maven2/org/jboss/shrinkwrap/resolver/shrinkwrap-resolver-spi/3.1.4/shrinkwrap-resolver-spi-3.1.4.pom (0 B at 0 B/s)
Account Console IT (chrome)	Run Account Console IT	2023-05-12T02:32:44.3128347Z -- [INFO] Downloading from central: https://repo.maven.apache.org/maven2/org/jboss/shrinkwrap/resolver/shrinkwrap-resolver-spi-maven/3.1.4/shrinkwrap-resolver-spi-maven-3.1.4.pom
Account Console IT (chrome)	Run Account Console IT	2023-05-12T02:32:44.3257203Z -- [INFO] Downloaded from central: https://repo.maven.apache.org/maven2/org/jboss/shrinkwrap/resolver/shrinkwrap-resolver-spi-maven/3.1.4/shrinkwrap-resolver-spi-maven-3.1.4.pom (0 B at 0 B/s)
Account Console IT (chrome)	Run Account Console IT	2023-05-12T02:32:44.3283664Z -- [INFO] Downloading from central: https://repo.maven.apache.org/maven2/org/jboss/shrinkwrap/resolver/shrinkwrap-resolver-api-maven-archive/3.1.4/shrinkwrap-resolver-api-maven-archive-3.1.4.pom
Account Console IT (chrome)	Run Account Console IT	2023-05-12T02:32:44.3347601Z -- [INFO] Downloaded from central: https://repo.maven.apache.org/maven2/org/jboss/shrinkwrap/resolver/shrinkwrap-resolver-api-maven-archive/3.1.4/shrinkwrap-resolver-api-maven-archive-3.1.4.pom (0 B at 0 B/s)
Account Console IT (chrome)	Run Account Console IT	2023-05-12T02:32:44.3372457Z -- [INFO] Downloading from central: https://repo.maven.apache.org/maven2/org/jboss/shrinkwrap/resolver/shrinkwrap-resolver-impl-maven/3.1.4/shrinkwrap-resolver-impl-maven-3.1.4.pom
Account Console IT (chrome)	Run Account Console IT	2023-05-12T02:32:44.3403759Z -- [INFO] Downloaded from central: https://repo.maven.apache.org/maven2/org/jboss/shrinkwrap/resolver/shrinkwrap-resolver-impl-maven/3.1.4/shrinkwrap-resolver-impl-maven-3.1.4.pom (0 B at 0 B/s)
Account Console IT (chrome)	Run Account Console IT	2023-05-12T02:32:44.3653338Z -- [INFO] Downloading from central: https://repo.maven.apache.org/maven2/org/jboss/shrinkwrap/resolver/shrinkwrap-resolver-impl-maven-archive/3.1.4/shrinkwrap-resolver-impl-maven-archive-3.1.4.pom
Account Console IT (chrome)	Run Account Console IT	2023-05-12T02:32:44.3691983Z -- [INFO] Downloaded from central: https://repo.maven.apache.org/maven2/org/jboss/shrinkwrap/resolver/shrinkwrap-resolver-impl-maven-archive/3.1.4/shrinkwrap-resolver-impl-maven-archive-3.1.4.pom (0 B at 0 B/s)
Account Console IT (chrome)	Run Account Console IT	2023-05-12T02:32:44.3747871Z -- [INFO] Downloading from central: https://repo.maven.apache.org/maven2/org/jboss/shrinkwrap/resolver/shrinkwrap-resolver-spi-maven-archive/3.1.4/shrinkwrap-resolver-spi-maven-archive-3.1.4.pom
Account Console IT (chrome)	Run Account Console IT	2023-05-12T02:32:44.3814973Z -- [INFO] Downloaded from central: https://repo.maven.apache.org/maven2/org/jboss/shrinkwrap/resolver/shrinkwrap-resolver-spi-maven-archive/3.1.4/shrinkwrap-resolver-spi-maven-archive-3.1.4.pom (0 B at 0 B/s)
Account Console IT (chrome)	Run Account Console IT	2023-05-12T02:32:44.7652737Z -- [INFO] Downloading from central: https://repo.maven.apache.org/maven2/org/jboss/arquillian/extension/arquillian-drone-appium-extension/2.5.5/arquillian-drone-appium-extension-2.5.5.jar
Account Console IT (chrome)	Run Account Console IT	2023-05-12T02:32:44.7744397Z -- [INFO] Downloaded from central: https://repo.maven.apache.org/maven2/org/jboss/arquillian/extension/arquillian-drone-appium-extension/2.5.5/arquillian-drone-appium-extension-2.5.5.jar (9.5 kB at 1.1 MB/s)
Account Console IT (chrome)	Run Account Console IT	2023-05-12T02:32:44.7859798Z -- [INFO] 
Account Console IT (chrome)	Run Account Console IT	2023-05-12T02:32:44.7860688Z -- [INFO] --- maven-enforcer-plugin:3.0.0-M3:enforce (enforce-java-version) @ integration-arquillian-tests-base-ui ---
Account Console IT (chrome)	Run Account Console IT	2023-05-12T02:32:45.0241242Z -- [INFO] 
Account Console IT (chrome)	Run Account Console IT	2023-05-12T02:32:45.0242182Z -- [INFO] --- maven-enforcer-plugin:3.0.0-M3:enforce (enforce-maven-version) @ integration-arquillian-tests-base-ui ---
Account Console IT (chrome)	Run Account Console IT	2023-05-12T02:32:45.0247846Z -- [INFO] 
Account Console IT (chrome)	Run Account Console IT	2023-05-12T02:32:45.0248536Z -- [INFO] --- maven-enforcer-plugin:3.0.0-M3:enforce (enforce-maven) @ integration-arquillian-tests-base-ui ---
Account Console IT (chrome)	Run Account Console IT	2023-05-12T02:32:45.0249055Z -- [INFO] 
Account Console IT (chrome)	Run Account Console IT	2023-05-12T02:32:45.0249657Z -- [INFO] --- buildnumber-maven-plugin:1.4:create (get-scm-revision) @ integration-arquillian-tests-base-ui ---
Account Console IT (chrome)	Run Account Console IT	2023-05-12T02:32:45.2408385Z -- [INFO] Executing: /bin/sh -c cd '/home/runner/work/keycloak/keycloak/testsuite/integration-arquillian/tests/other/base-ui' && 'git' 'rev-parse' '--verify' 'HEAD'
Account Console IT (chrome)	Run Account Console IT	2023-05-12T02:32:45.2414514Z -- [INFO] Working directory: /home/runner/work/keycloak/keycloak/testsuite/integration-arquillian/tests/other/base-ui
Account Console IT (chrome)	Run Account Console IT	2023-05-12T02:32:45.2555251Z -- [INFO] Storing buildNumber: 04ab84800312a705e3ee623f64fbcc2e2abf078b at timestamp: 1683858765225
Account Console IT (chrome)	Run Account Console IT	2023-05-12T02:32:45.2614033Z -- [INFO] Storing buildScmBranch: main
Account Console IT (chrome)	Run Account Console IT	2023-05-12T02:32:45.2614563Z -- [INFO] 
Account Console IT (chrome)	Run Account Console IT	2023-05-12T02:32:45.2615217Z -- [INFO] --- maven-dependency-plugin:3.1.2:unpack (unpack-test-resources) @ integration-arquillian-tests-base-ui ---
Account Console IT (chrome)	Run Account Console IT	2023-05-12T02:32:45.6798046Z -- [INFO] Configured Artifact: org.keycloak.testsuite:integration-arquillian-tests-base:tests:999.0.0-SNAPSHOT:jar
Account Console IT (chrome)	Run Account Console IT	2023-05-12T02:32:45.6962361Z -- [INFO] Unpacking /home/runner/.m2/repository/org/keycloak/testsuite/integration-arquillian-tests-base/999.0.0-SNAPSHOT/integration-arquillian-tests-base-999.0.0-SNAPSHOT-tests.jar to /home/runner/work/keycloak/keycloak/testsuite/integration-arquillian/tests/other/base-ui/target/dependency with includes "arquillian.xml,wildfly-config.xml,keycloak-add-user.json,test-constants.properties,kerberos/*,keystore/*,password-blacklists/*,log4j.properties,vault/*" and excludes ""
Account Console IT (chrome)	Run Account Console IT	2023-05-12T02:32:45.9237043Z -- [INFO] 
Account Console IT (chrome)	Run Account Console IT	2023-05-12T02:32:45.9243177Z -- [INFO] --- maven-resources-plugin:3.0.1:copy-resources (copy-truststore) @ integration-arquillian-tests-base-ui ---
Account Console IT (chrome)	Run Account Console IT	2023-05-12T02:32:45.9766210Z -- [INFO] Using 'UTF-8' encoding to copy filtered resources.
Account Console IT (chrome)	Run Account Console IT	2023-05-12T02:32:45.9772848Z -- [INFO] skip non existing resourceDirectory /home/runner/work/keycloak/keycloak/testsuite/integration-arquillian/tests/other/base-ui/src/test/resources
Account Console IT (chrome)	Run Account Console IT	2023-05-12T02:32:45.9779416Z -- [INFO] 
Account Console IT (chrome)	Run Account Console IT	2023-05-12T02:32:45.9784702Z -- [INFO] --- maven-resources-plugin:3.0.1:resources (default-resources) @ integration-arquillian-tests-base-ui ---
Account Console IT (chrome)	Run Account Console IT	2023-05-12T02:32:45.9822495Z -- [INFO] Using 'UTF-8' encoding to copy filtered resources.
Account Console IT (chrome)	Run Account Console IT	2023-05-12T02:32:45.9883526Z -- [INFO] Copying 12 resources
Account Console IT (chrome)	Run Account Console IT	2023-05-12T02:32:45.9979615Z -- [INFO] 
Account Console IT (chrome)	Run Account Console IT	2023-05-12T02:32:45.9985272Z -- [INFO] --- properties-maven-plugin:1.0.0:read-project-properties (default) @ integration-arquillian-tests-base-ui ---
Account Console IT (chrome)	Run Account Console IT	2023-05-12T02:32:46.0233564Z -- [INFO] 
Account Console IT (chrome)	Run Account Console IT	2023-05-12T02:32:46.0238647Z -- [INFO] --- maven-resources-plugin:3.0.1:copy-resources (copy-theme-files) @ integration-arquillian-tests-base-ui ---
Account Console IT (chrome)	Run Account Console IT	2023-05-12T02:32:46.0264106Z -- [INFO] Using 'UTF-8' encoding to copy filtered resources.
Account Console IT (chrome)	Run Account Console IT	2023-05-12T02:32:46.0288344Z -- [INFO] Copying 12 resources
Account Console IT (chrome)	Run Account Console IT	2023-05-12T02:32:46.0437764Z -- [INFO] 
Account Console IT (chrome)	Run Account Console IT	2023-05-12T02:32:46.0442797Z -- [INFO] --- maven-compiler-plugin:3.8.1:compile (default-compile) @ integration-arquillian-tests-base-ui ---
Account Console IT (chrome)	Run Account Console IT	2023-05-12T02:32:46.1248289Z -- [INFO] Changes detected - recompiling the module!
Account Console IT (chrome)	Run Account Console IT	2023-05-12T02:32:46.1282836Z -- [INFO] Compiling 19 source files to /home/runner/work/keycloak/keycloak/testsuite/integration-arquillian/tests/other/base-ui/target/classes
Account Console IT (chrome)	Run Account Console IT	2023-05-12T02:32:48.7038536Z -- [INFO] 
Account Console IT (chrome)	Run Account Console IT	2023-05-12T02:32:48.7039743Z -- [INFO] --- maven-dependency-plugin:3.1.2:unpack (unpack-undertow-server) @ integration-arquillian-tests-base-ui ---
Account Console IT (chrome)	Run Account Console IT	2023-05-12T02:32:48.7089359Z -- [INFO] Skipping plugin execution
Account Console IT (chrome)	Run Account Console IT	2023-05-12T02:32:48.7090004Z -- [INFO] 
Account Console IT (chrome)	Run Account Console IT	2023-05-12T02:32:48.7090819Z -- [INFO] --- maven-dependency-plugin:3.1.2:unpack (unpack-quarkus-server) @ integration-arquillian-tests-base-ui ---
Account Console IT (chrome)	Run Account Console IT	2023-05-12T02:32:48.7099007Z -- [INFO] Configured Artifact: org.keycloak.testsuite:integration-arquillian-servers-auth-server-quarkus:999.0.0-SNAPSHOT:zip
Account Console IT (chrome)	Run Account Console IT	2023-05-12T02:32:48.7196560Z -- [INFO] Unpacking /home/runner/.m2/repository/org/keycloak/testsuite/integration-arquillian-servers-auth-server-quarkus/999.0.0-SNAPSHOT/integration-arquillian-servers-auth-server-quarkus-999.0.0-SNAPSHOT.zip to /home/runner/work/keycloak/keycloak/testsuite/integration-arquillian/tests/other/base-ui/target/containers with includes "" and excludes ""
Account Console IT (chrome)	Run Account Console IT	2023-05-12T02:32:50.7508094Z -- [INFO] 
Account Console IT (chrome)	Run Account Console IT	2023-05-12T02:32:50.7509146Z -- [INFO] --- maven-dependency-plugin:3.1.2:unpack (unpack-app-server) @ integration-arquillian-tests-base-ui ---
Account Console IT (chrome)	Run Account Console IT	2023-05-12T02:32:50.7544283Z -- [INFO] Skipping plugin execution
Account Console IT (chrome)	Run Account Console IT	2023-05-12T02:32:50.7545046Z -- [INFO] 
Account Console IT (chrome)	Run Account Console IT	2023-05-12T02:32:50.7640914Z -- [INFO] --- maven-dependency-plugin:3.1.2:copy (example-wars) @ integration-arquillian-tests-base-ui ---
Account Console IT (chrome)	Run Account Console IT	2023-05-12T02:32:50.7641609Z -- [INFO] Configured Artifact: org.keycloak.testsuite:hello-world-authz-service:999.0.0-SNAPSHOT:war
Account Console IT (chrome)	Run Account Console IT	2023-05-12T02:32:50.7720632Z -- [INFO] Configured Artifact: org.keycloak.testsuite:photoz-html5-client:999.0.0-SNAPSHOT:war
Account Console IT (chrome)	Run Account Console IT	2023-05-12T02:32:50.7775050Z -- [INFO] Configured Artifact: org.keycloak.testsuite:photoz-restful-api:999.0.0-SNAPSHOT:war
Account Console IT (chrome)	Run Account Console IT	2023-05-12T02:32:50.7827562Z -- [INFO] Configured Artifact: org.keycloak.testsuite:servlet-authz-app:999.0.0-SNAPSHOT:war
Account Console IT (chrome)	Run Account Console IT	2023-05-12T02:32:50.7870985Z -- [INFO] Configured Artifact: org.keycloak.testsuite:servlet-policy-enforcer:999.0.0-SNAPSHOT:war
Account Console IT (chrome)	Run Account Console IT	2023-05-12T02:32:50.7913889Z -- [INFO] Configured Artifact: org.keycloak.testsuite:integration-arquillian-test-apps-cors-angular-product:999.0.0-SNAPSHOT:war
Account Console IT (chrome)	Run Account Console IT	2023-05-12T02:32:50.7955032Z -- [INFO] Configured Artifact: org.keycloak.testsuite:integration-arquillian-test-apps-cors-database-service:999.0.0-SNAPSHOT:war
Account Console IT (chrome)	Run Account Console IT	2023-05-12T02:32:50.7999089Z -- [INFO] Copying hello-world-authz-service-999.0.0-SNAPSHOT.war to /home/runner/work/keycloak/keycloak/testsuite/integration-arquillian/tests/other/base-ui/target/examples/hello-world-authz-service-999.0.0-SNAPSHOT.war
Account Console IT (chrome)	Run Account Console IT	2023-05-12T02:32:50.8029916Z -- [INFO] Copying photoz-html5-client-999.0.0-SNAPSHOT.war to /home/runner/work/keycloak/keycloak/testsuite/integration-arquillian/tests/other/base-ui/target/examples/photoz-html5-client-999.0.0-SNAPSHOT.war
Account Console IT (chrome)	Run Account Console IT	2023-05-12T02:32:50.8037713Z -- [INFO] Copying photoz-restful-api-999.0.0-SNAPSHOT.war to /home/runner/work/keycloak/keycloak/testsuite/integration-arquillian/tests/other/base-ui/target/examples/photoz-restful-api-999.0.0-SNAPSHOT.war
Account Console IT (chrome)	Run Account Console IT	2023-05-12T02:32:50.8045224Z -- [INFO] Copying servlet-authz-app-999.0.0-SNAPSHOT.war to /home/runner/work/keycloak/keycloak/testsuite/integration-arquillian/tests/other/base-ui/target/examples/servlet-authz-app-999.0.0-SNAPSHOT.war
Account Console IT (chrome)	Run Account Console IT	2023-05-12T02:32:50.8103875Z -- [INFO] Copying servlet-policy-enforcer-999.0.0-SNAPSHOT.war to /home/runner/work/keycloak/keycloak/testsuite/integration-arquillian/tests/other/base-ui/target/examples/servlet-policy-enforcer-999.0.0-SNAPSHOT.war
Account Console IT (chrome)	Run Account Console IT	2023-05-12T02:32:50.8113171Z -- [INFO] Copying integration-arquillian-test-apps-cors-angular-product-999.0.0-SNAPSHOT.war to /home/runner/work/keycloak/keycloak/testsuite/integration-arquillian/tests/other/base-ui/target/examples/integration-arquillian-test-apps-cors-angular-product-999.0.0-SNAPSHOT.war
Account Console IT (chrome)	Run Account Console IT	2023-05-12T02:32:50.8125618Z -- [INFO] Copying integration-arquillian-test-apps-cors-database-service-999.0.0-SNAPSHOT.war to /home/runner/work/keycloak/keycloak/testsuite/integration-arquillian/tests/other/base-ui/target/examples/integration-arquillian-test-apps-cors-database-service-999.0.0-SNAPSHOT.war
Account Console IT (chrome)	Run Account Console IT	2023-05-12T02:32:50.8133865Z -- [INFO] 
Account Console IT (chrome)	Run Account Console IT	2023-05-12T02:32:50.8138882Z -- [INFO] --- maven-dependency-plugin:3.1.2:unpack (test-apps-realms) @ integration-arquillian-tests-base-ui ---
Account Console IT (chrome)	Run Account Console IT	2023-05-12T02:32:50.8160754Z -- [INFO] Configured Artifact: org.keycloak.testsuite:integration-arquillian-test-apps-dist:999.0.0-SNAPSHOT:zip
Account Console IT (chrome)	Run Account Console IT	2023-05-12T02:32:50.8201466Z -- [INFO] Unpacking /home/runner/.m2/repository/org/keycloak/testsuite/integration-arquillian-test-apps-dist/999.0.0-SNAPSHOT/integration-arquillian-test-apps-dist-999.0.0-SNAPSHOT.zip to /home/runner/work/keycloak/keycloak/testsuite/integration-arquillian/tests/other/base-ui/target/examples with includes "**/*realm.json,**/*authz-service.json,**/testsaml.json,**/*-keycloak.json" and excludes ""
Account Console IT (chrome)	Run Account Console IT	2023-05-12T02:32:50.8361949Z -- [INFO] 
Account Console IT (chrome)	Run Account Console IT	2023-05-12T02:32:50.8368095Z -- [INFO] --- maven-resources-plugin:3.0.1:copy-resources (example-realms) @ integration-arquillian-tests-base-ui ---
Account Console IT (chrome)	Run Account Console IT	2023-05-12T02:32:50.8388840Z -- [INFO] Skipping the execution.
Account Console IT (chrome)	Run Account Console IT	2023-05-12T02:32:50.8400007Z -- [INFO] 
Account Console IT (chrome)	Run Account Console IT	2023-05-12T02:32:50.8405247Z -- [INFO] --- maven-resources-plugin:3.0.1:testResources (default-testResources) @ integration-arquillian-tests-base-ui ---
Account Console IT (chrome)	Run Account Console IT	2023-05-12T02:32:50.8436733Z -- [INFO] Using 'UTF-8' encoding to copy filtered resources.
Account Console IT (chrome)	Run Account Console IT	2023-05-12T02:32:50.8442172Z -- [INFO] skip non existing resourceDirectory /home/runner/work/keycloak/keycloak/testsuite/integration-arquillian/tests/other/base-ui/src/test/resources
Account Console IT (chrome)	Run Account Console IT	2023-05-12T02:32:50.8447486Z -- [INFO] 
Account Console IT (chrome)	Run Account Console IT	2023-05-12T02:32:50.8453990Z -- [INFO] --- maven-antrun-plugin:1.8:run (clean-second-cache-server-arquillian-bug-workaround) @ integration-arquillian-tests-base-ui ---
Account Console IT (chrome)	Run Account Console IT	2023-05-12T02:32:50.8696525Z -- [INFO] Skipping Antrun execution
Account Console IT (chrome)	Run Account Console IT	2023-05-12T02:32:50.8701697Z -- [INFO] 
Account Console IT (chrome)	Run Account Console IT	2023-05-12T02:32:50.8706726Z -- [INFO] --- maven-resources-plugin:3.0.1:copy-resources (copy-admin-user-json-file) @ integration-arquillian-tests-base-ui ---
Account Console IT (chrome)	Run Account Console IT	2023-05-12T02:32:50.8736865Z -- [INFO] Using 'UTF-8' encoding to copy filtered resources.
Account Console IT (chrome)	Run Account Console IT	2023-05-12T02:32:50.8747091Z -- [INFO] Copying 1 resource
Account Console IT (chrome)	Run Account Console IT	2023-05-12T02:32:50.8792920Z -- [INFO] 
Account Console IT (chrome)	Run Account Console IT	2023-05-12T02:32:50.8797529Z -- [INFO] --- maven-compiler-plugin:3.8.1:testCompile (default-testCompile) @ integration-arquillian-tests-base-ui ---
Account Console IT (chrome)	Run Account Console IT	2023-05-12T02:32:50.8926124Z -- [INFO] Changes detected - recompiling the module!
Account Console IT (chrome)	Run Account Console IT	2023-05-12T02:32:50.8937666Z -- [INFO] Compiling 21 source files to /home/runner/work/keycloak/keycloak/testsuite/integration-arquillian/tests/other/base-ui/target/test-classes
Account Console IT (chrome)	Run Account Console IT	2023-05-12T02:32:52.6429022Z -- [WARNING] /home/runner/work/keycloak/keycloak/testsuite/integration-arquillian/tests/other/base-ui/src/test/java/org/keycloak/testsuite/ui/account2/MyResourcesTest.java:[154,17] setUri(java.lang.String) in org.keycloak.representations.idm.authorization.ResourceRepresentation has been deprecated
Account Console IT (chrome)	Run Account Console IT	2023-05-12T02:32:52.6438692Z -- [WARNING] /home/runner/work/keycloak/keycloak/testsuite/integration-arquillian/tests/other/base-ui/src/test/java/org/keycloak/testsuite/ui/account2/MyResourcesTest.java:[217,9] <T>assertThat(T,org.hamcrest.Matcher<? super T>) in org.junit.Assert has been deprecated
Account Console IT (chrome)	Run Account Console IT	2023-05-12T02:32:52.6444811Z -- [INFO] 
Account Console IT (chrome)	Run Account Console IT	2023-05-12T02:32:52.6450132Z -- [INFO] --- shrinkwrap-resolver-maven-plugin:3.1.4:propagate-execution-context (default) @ integration-arquillian-tests-base-ui ---
Account Console IT (chrome)	Run Account Console IT	2023-05-12T02:32:52.6976459Z -- [INFO] 
Account Console IT (chrome)	Run Account Console IT	2023-05-12T02:32:52.6986574Z -- [INFO] --- maven-surefire-plugin:3.0.0-M7:test (default-test) @ integration-arquillian-tests-base-ui ---
Account Console IT (chrome)	Run Account Console IT	2023-05-12T02:32:52.8209704Z -- [INFO] Using auto detected provider org.apache.maven.surefire.junit4.JUnit4Provider
Account Console IT (chrome)	Run Account Console IT	2023-05-12T02:32:52.9031810Z -- [INFO] Downloading from jboss-public-repository: https://repository.jboss.org/nexus/content/groups/public/org/apache/maven/surefire/surefire-junit4/3.0.0-M7/surefire-junit4-3.0.0-M7.jar
Account Console IT (chrome)	Run Account Console IT	2023-05-12T02:32:52.9665269Z -- [INFO] Downloading from central: https://repo.maven.apache.org/maven2/org/apache/maven/surefire/surefire-junit4/3.0.0-M7/surefire-junit4-3.0.0-M7.jar
Account Console IT (chrome)	Run Account Console IT	2023-05-12T02:32:53.0075995Z -- [INFO] Downloaded from central: https://repo.maven.apache.org/maven2/org/apache/maven/surefire/surefire-junit4/3.0.0-M7/surefire-junit4-3.0.0-M7.jar (18 kB at 401 kB/s)
Account Console IT (chrome)	Run Account Console IT	2023-05-12T02:32:53.0100496Z -- [INFO] Downloading from jboss-public-repository: https://repository.jboss.org/nexus/content/groups/public/org/apache/maven/surefire/surefire-junit4/3.0.0-M7/surefire-junit4-3.0.0-M7.pom
Account Console IT (chrome)	Run Account Console IT	2023-05-12T02:32:53.0759413Z -- [INFO] Downloading from central: https://repo.maven.apache.org/maven2/org/apache/maven/surefire/surefire-junit4/3.0.0-M7/surefire-junit4-3.0.0-M7.pom
Account Console IT (chrome)	Run Account Console IT	2023-05-12T02:32:53.0828058Z -- [INFO] Downloaded from central: https://repo.maven.apache.org/maven2/org/apache/maven/surefire/surefire-junit4/3.0.0-M7/surefire-junit4-3.0.0-M7.pom (2.9 kB at 417 kB/s)
Account Console IT (chrome)	Run Account Console IT	2023-05-12T02:32:53.0852959Z -- [INFO] Downloading from jboss-public-repository: https://repository.jboss.org/nexus/content/groups/public/org/apache/maven/surefire/surefire-providers/3.0.0-M7/surefire-providers-3.0.0-M7.pom
Account Console IT (chrome)	Run Account Console IT	2023-05-12T02:32:53.1435120Z -- [INFO] Downloading from central: https://repo.maven.apache.org/maven2/org/apache/maven/surefire/surefire-providers/3.0.0-M7/surefire-providers-3.0.0-M7.pom
Account Console IT (chrome)	Run Account Console IT	2023-05-12T02:32:53.1556454Z -- [INFO] Downloaded from central: https://repo.maven.apache.org/maven2/org/apache/maven/surefire/surefire-providers/3.0.0-M7/surefire-providers-3.0.0-M7.pom (2.5 kB at 317 kB/s)
Account Console IT (chrome)	Run Account Console IT	2023-05-12T02:32:53.1680046Z -- [INFO] Downloading from jboss-public-repository: https://repository.jboss.org/nexus/content/groups/public/junit/junit/4.0/junit-4.0.pom
Account Console IT (chrome)	Run Account Console IT	2023-05-12T02:32:53.2689738Z -- [INFO] Downloading from central: https://repo.maven.apache.org/maven2/junit/junit/4.0/junit-4.0.pom
Account Console IT (chrome)	Run Account Console IT	2023-05-12T02:32:53.2752959Z -- [INFO] Downloaded from central: https://repo.maven.apache.org/maven2/junit/junit/4.0/junit-4.0.pom (210 B at 30 kB/s)
Account Console IT (chrome)	Run Account Console IT	2023-05-12T02:32:53.2775046Z -- [INFO] Downloading from jboss-public-repository: https://repository.jboss.org/nexus/content/groups/public/org/apache/maven/surefire/common-junit4/3.0.0-M7/common-junit4-3.0.0-M7.pom
Account Console IT (chrome)	Run Account Console IT	2023-05-12T02:32:53.3682042Z -- [INFO] Downloading from central: https://repo.maven.apache.org/maven2/org/apache/maven/surefire/common-junit4/3.0.0-M7/common-junit4-3.0.0-M7.pom
Account Console IT (chrome)	Run Account Console IT	2023-05-12T02:32:53.3739040Z -- [INFO] Downloaded from central: https://repo.maven.apache.org/maven2/org/apache/maven/surefire/common-junit4/3.0.0-M7/common-junit4-3.0.0-M7.pom (3.0 kB at 500 kB/s)
Account Console IT (chrome)	Run Account Console IT	2023-05-12T02:32:53.3822838Z -- [INFO] Downloading from jboss-public-repository: https://repository.jboss.org/nexus/content/groups/public/org/apache/maven/surefire/common-junit3/3.0.0-M7/common-junit3-3.0.0-M7.pom
Account Console IT (chrome)	Run Account Console IT	2023-05-12T02:32:53.4293417Z -- [INFO] Downloading from central: https://repo.maven.apache.org/maven2/org/apache/maven/surefire/common-junit3/3.0.0-M7/common-junit3-3.0.0-M7.pom
Account Console IT (chrome)	Run Account Console IT	2023-05-12T02:32:53.4344368Z -- [INFO] Downloaded from central: https://repo.maven.apache.org/maven2/org/apache/maven/surefire/common-junit3/3.0.0-M7/common-junit3-3.0.0-M7.pom (2.7 kB at 530 kB/s)
Account Console IT (chrome)	Run Account Console IT	2023-05-12T02:32:53.4462558Z -- [INFO] Downloading from jboss-public-repository: https://repository.jboss.org/nexus/content/groups/public/org/apache/maven/surefire/common-java5/3.0.0-M7/common-java5-3.0.0-M7.pom
Account Console IT (chrome)	Run Account Console IT	2023-05-12T02:32:53.4955013Z -- [INFO] Downloading from central: https://repo.maven.apache.org/maven2/org/apache/maven/surefire/common-java5/3.0.0-M7/common-java5-3.0.0-M7.pom
Account Console IT (chrome)	Run Account Console IT	2023-05-12T02:32:53.5037441Z -- [INFO] Downloaded from central: https://repo.maven.apache.org/maven2/org/apache/maven/surefire/common-java5/3.0.0-M7/common-java5-3.0.0-M7.pom (2.7 kB at 337 kB/s)
Account Console IT (chrome)	Run Account Console IT	2023-05-12T02:32:53.5160523Z -- [INFO] Downloading from jboss-public-repository: https://repository.jboss.org/nexus/content/groups/public/org/hamcrest/hamcrest-library/1.3/hamcrest-library-1.3.pom
Account Console IT (chrome)	Run Account Console IT	2023-05-12T02:32:53.5669742Z -- [INFO] Downloading from central: https://repo.maven.apache.org/maven2/org/hamcrest/hamcrest-library/1.3/hamcrest-library-1.3.pom
Account Console IT (chrome)	Run Account Console IT	2023-05-12T02:32:53.5739554Z -- [INFO] Downloaded from central: https://repo.maven.apache.org/maven2/org/hamcrest/hamcrest-library/1.3/hamcrest-library-1.3.pom (820 B at 117 kB/s)
Account Console IT (chrome)	Run Account Console IT	2023-05-12T02:32:53.5855983Z -- [INFO] Downloading from jboss-public-repository: https://repository.jboss.org/nexus/content/groups/public/org/junit/junit-bom/5.8.0/junit-bom-5.8.0.pom
Account Console IT (chrome)	Run Account Console IT	2023-05-12T02:32:53.6467283Z -- [INFO] Downloading from central: https://repo.maven.apache.org/maven2/org/junit/junit-bom/5.8.0/junit-bom-5.8.0.pom
Account Console IT (chrome)	Run Account Console IT	2023-05-12T02:32:53.6555190Z -- [INFO] Downloaded from central: https://repo.maven.apache.org/maven2/org/junit/junit-bom/5.8.0/junit-bom-5.8.0.pom (5.6 kB at 704 kB/s)
Account Console IT (chrome)	Run Account Console IT	2023-05-12T02:32:53.6608874Z -- [INFO] Downloading from jboss-public-repository: https://repository.jboss.org/nexus/content/groups/public/org/apache/maven/surefire/common-junit3/3.0.0-M7/common-junit3-3.0.0-M7.jar
Account Console IT (chrome)	Run Account Console IT	2023-05-12T02:32:53.6609849Z -- [INFO] Downloading from jboss-public-repository: https://repository.jboss.org/nexus/content/groups/public/org/apache/maven/surefire/common-java5/3.0.0-M7/common-java5-3.0.0-M7.jar
Account Console IT (chrome)	Run Account Console IT	2023-05-12T02:32:53.6687509Z -- [INFO] Downloading from jboss-public-repository: https://repository.jboss.org/nexus/content/groups/public/org/apache/maven/surefire/common-junit4/3.0.0-M7/common-junit4-3.0.0-M7.jar
Account Console IT (chrome)	Run Account Console IT	2023-05-12T02:32:53.6945757Z -- [INFO] Downloading from central: https://repo.maven.apache.org/maven2/org/apache/maven/surefire/common-junit3/3.0.0-M7/common-junit3-3.0.0-M7.jar
Account Console IT (chrome)	Run Account Console IT	2023-05-12T02:32:53.7018515Z -- [INFO] Downloaded from central: https://repo.maven.apache.org/maven2/org/apache/maven/surefire/common-junit3/3.0.0-M7/common-junit3-3.0.0-M7.jar (12 kB at 2.0 MB/s)
Account Console IT (chrome)	Run Account Console IT	2023-05-12T02:32:53.7192881Z -- [INFO] Downloading from central: https://repo.maven.apache.org/maven2/org/apache/maven/surefire/common-junit4/3.0.0-M7/common-junit4-3.0.0-M7.jar
Account Console IT (chrome)	Run Account Console IT	2023-05-12T02:32:53.7512283Z -- [INFO] Downloaded from central: https://repo.maven.apache.org/maven2/org/apache/maven/surefire/common-junit4/3.0.0-M7/common-junit4-3.0.0-M7.jar (26 kB at 916 kB/s)
Account Console IT (chrome)	Run Account Console IT	2023-05-12T02:32:53.8082172Z -- [INFO] Downloading from central: https://repo.maven.apache.org/maven2/org/apache/maven/surefire/common-java5/3.0.0-M7/common-java5-3.0.0-M7.jar
Account Console IT (chrome)	Run Account Console IT	2023-05-12T02:32:53.8213873Z -- [INFO] Downloaded from central: https://repo.maven.apache.org/maven2/org/apache/maven/surefire/common-java5/3.0.0-M7/common-java5-3.0.0-M7.jar (17 kB at 1.3 MB/s)
Account Console IT (chrome)	Run Account Console IT	2023-05-12T02:32:53.8348353Z -- [INFO] 
Account Console IT (chrome)	Run Account Console IT	2023-05-12T02:32:53.8351801Z -- [INFO] -------------------------------------------------------
Account Console IT (chrome)	Run Account Console IT	2023-05-12T02:32:53.8538222Z -- [INFO]  T E S T S
Account Console IT (chrome)	Run Account Console IT	2023-05-12T02:32:53.8538653Z -- [INFO] -------------------------------------------------------
Account Console IT (chrome)	Run Account Console IT	2023-05-12T02:32:55.0993968Z -- 02:32:55,086 INFO  [org.keycloak.testsuite.util.NonIDERunListener] Setting keycloak.logging.level to off. Keycloak server logging will be disabled
Account Console IT (chrome)	Run Account Console IT	2023-05-12T02:32:55.0995018Z [INFO] Running org.keycloak.testsuite.ui.account2.ApplicationsTest
Account Console IT (chrome)	Run Account Console IT	2023-05-12T02:32:55.3196113Z May 12, 2023 2:32:55 AM org.keycloak.testsuite.arquillian.containers.MultipleContainersExtension register
Account Console IT (chrome)	Run Account Console IT	2023-05-12T02:32:55.3197020Z INFO: Multiple containers extension registering.
Account Console IT (chrome)	Run Account Console IT	2023-05-12T02:32:55.8203806Z May 12, 2023 2:32:55 AM org.arquillian.recorder.reporter.configuration.ReporterConfigurator configureExtension
Account Console IT (chrome)	Run Account Console IT	2023-05-12T02:32:55.8204729Z INFO: Configuration of Arquillian Reporting extension:
Account Console IT (chrome)	Run Account Console IT	2023-05-12T02:32:55.9209263Z May 12, 2023 2:32:55 AM org.arquillian.recorder.reporter.configuration.ReporterConfigurator configureExtension
Account Console IT (chrome)	Run Account Console IT	2023-05-12T02:32:55.9210396Z INFO: report                                   xml
Account Console IT (chrome)	Run Account Console IT	2023-05-12T02:32:55.9211135Z rootDir                                  target
Account Console IT (chrome)	Run Account Console IT	2023-05-12T02:32:55.9211658Z file                                     target/arquillian_report.xml
Account Console IT (chrome)	Run Account Console IT	2023-05-12T02:32:55.9212156Z template                                 template.xsl
Account Console IT (chrome)	Run Account Console IT	2023-05-12T02:32:55.9212575Z reportAfterEvery                         class
Account Console IT (chrome)	Run Account Console IT	2023-05-12T02:32:55.9212979Z language                                 en
Account Console IT (chrome)	Run Account Console IT	2023-05-12T02:32:55.9213405Z maxImageWidth                            500
Account Console IT (chrome)	Run Account Console IT	2023-05-12T02:32:55.9213804Z imageWidth                               100%
Account Console IT (chrome)	Run Account Console IT	2023-05-12T02:32:55.9214202Z imageHeight                              100%
Account Console IT (chrome)	Run Account Console IT	2023-05-12T02:32:55.9214462Z 
Account Console IT (chrome)	Run Account Console IT	2023-05-12T02:32:56.9217094Z May 12, 2023 2:32:56 AM org.jboss.logmanager.JBossLoggerFinder getLogger
Account Console IT (chrome)	Run Account Console IT	2023-05-12T02:32:56.9218105Z ERROR: The LogManager accessed before the "java.util.logging.manager" system property was set to "org.jboss.logmanager.LogManager". Results may be unexpected.
Account Console IT (chrome)	Run Account Console IT	2023-05-12T02:32:57.3235432Z May 12, 2023 2:32:57 AM org.jboss.arquillian.container.impl.MapObject populate
Account Console IT (chrome)	Run Account Console IT	2023-05-12T02:32:57.3236559Z WARNING: Configuration contain properties not supported by the backing object org.keycloak.testsuite.arquillian.containers.KeycloakQuarkusConfiguration
Account Console IT (chrome)	Run Account Console IT	2023-05-12T02:32:57.3237317Z Unused property entries: {adapterImplClass=
Account Console IT (chrome)	Run Account Console IT	2023-05-12T02:32:57.3237950Z                 org.keycloak.testsuite.arquillian.containers.KeycloakQuarkusServerDeployableContainer
Account Console IT (chrome)	Run Account Console IT	2023-05-12T02:32:57.3238877Z             , enabled=true}
Account Console IT (chrome)	Run Account Console IT	2023-05-12T02:32:57.3239704Z Supported property names: [bindHttpsPort, keycloakConfigPropertyOverrides, startupTimeoutInSeconds, bindHttpPort, keystorePassword, bindHttpsPortOffset, profile, importFile, bindHttpPortOffset, truststorePassword, javaOpts, route, providersPath, fipsMode, debugPort, keystoreFile, truststoreFile, reaugmentBeforeStart]
Account Console IT (chrome)	Run Account Console IT	2023-05-12T02:33:09.9622935Z May 12, 2023 2:33:09 AM org.jboss.arquillian.drone.webdriver.factory.remote.reusable.ReusedSessionPermanentFileStorage readStore
Account Console IT (chrome)	Run Account Console IT	2023-05-12T02:33:09.9624183Z INFO: Reused session store is not available at /home/runner/.drone-webdriver-session-store, a new one will be created.
Account Console IT (chrome)	Run Account Console IT	2023-05-12T02:33:10.2627026Z SLF4J: Failed to load class "org.slf4j.impl.StaticLoggerBinder".
Account Console IT (chrome)	Run Account Console IT	2023-05-12T02:33:10.2627803Z SLF4J: Defaulting to no-operation (NOP) logger implementation
Account Console IT (chrome)	Run Account Console IT	2023-05-12T02:33:10.2628252Z SLF4J: See http://www.slf4j.org/codes.html#StaticLoggerBinder for further details.
Account Console IT (chrome)	Run Account Console IT	2023-05-12T02:33:11.1642719Z May 12, 2023 2:33:11 AM org.openqa.selenium.remote.DesiredCapabilities chrome
Account Console IT (chrome)	Run Account Console IT	2023-05-12T02:33:11.1643544Z INFO: Using `new ChromeOptions()` is preferred to `DesiredCapabilities.chrome()`
Account Console IT (chrome)	Run Account Console IT	2023-05-12T02:33:11.1644295Z May 12, 2023 2:33:11 AM org.openqa.selenium.remote.DesiredCapabilities chrome
Account Console IT (chrome)	Run Account Console IT	2023-05-12T02:33:11.1645243Z INFO: Using `new ChromeOptions()` is preferred to `DesiredCapabilities.chrome()`
Account Console IT (chrome)	Run Account Console IT	2023-05-12T02:33:11.9695324Z Starting ChromeDriver 113.0.5672.63 (0e1a4471d5ae5bf128b1bd8f4d627c8cbd55f70c-refs/branch-heads/5672@{#912}) on port 8897
Account Console IT (chrome)	Run Account Console IT	2023-05-12T02:33:11.9696424Z Only local connections are allowed.
Account Console IT (chrome)	Run Account Console IT	2023-05-12T02:33:11.9705248Z Please see https://chromedriver.chromium.org/security-considerations for suggestions on keeping ChromeDriver safe.
Account Console IT (chrome)	Run Account Console IT	2023-05-12T02:33:12.4672214Z ChromeDriver was started successfully.
Account Console IT (chrome)	Run Account Console IT	2023-05-12T02:33:18.8813054Z May 12, 2023 2:33:18 AM org.openqa.selenium.remote.ProtocolHandshake createSession
Account Console IT (chrome)	Run Account Console IT	2023-05-12T02:33:18.8813809Z INFO: Detected dialect: W3C
Account Console IT (chrome)	Run Account Console IT	2023-05-12T02:33:55.7291644Z [INFO] Tests run: 3, Failures: 0, Errors: 0, Skipped: 0, Time elapsed: 60.483 s - in org.keycloak.testsuite.ui.account2.ApplicationsTest
Account Console IT (chrome)	Run Account Console IT	2023-05-12T02:33:55.7359905Z [INFO] Running org.keycloak.testsuite.ui.account2.DeleteAccountTest
Account Console IT (chrome)	Run Account Console IT	2023-05-12T02:33:55.7659570Z May 12, 2023 2:33:55 AM org.openqa.selenium.remote.DesiredCapabilities chrome
Account Console IT (chrome)	Run Account Console IT	2023-05-12T02:33:55.7660190Z INFO: Using `new ChromeOptions()` is preferred to `DesiredCapabilities.chrome()`
Account Console IT (chrome)	Run Account Console IT	2023-05-12T02:33:55.7698657Z May 12, 2023 2:33:55 AM org.openqa.selenium.remote.DesiredCapabilities chrome
Account Console IT (chrome)	Run Account Console IT	2023-05-12T02:33:55.7699132Z INFO: Using `new ChromeOptions()` is preferred to `DesiredCapabilities.chrome()`
Account Console IT (chrome)	Run Account Console IT	2023-05-12T02:33:55.7699977Z Starting ChromeDriver 113.0.5672.63 (0e1a4471d5ae5bf128b1bd8f4d627c8cbd55f70c-refs/branch-heads/5672@{#912}) on port 5989
Account Console IT (chrome)	Run Account Console IT	2023-05-12T02:33:55.7729296Z Only local connections are allowed.
Account Console IT (chrome)	Run Account Console IT	2023-05-12T02:33:55.7729920Z Please see https://chromedriver.chromium.org/security-considerations for suggestions on keeping ChromeDriver safe.
Account Console IT (chrome)	Run Account Console IT	2023-05-12T02:33:55.7730401Z ChromeDriver was started successfully.
Account Console IT (chrome)	Run Account Console IT	2023-05-12T02:33:55.9620193Z May 12, 2023 2:33:55 AM org.openqa.selenium.remote.ProtocolHandshake createSession
Account Console IT (chrome)	Run Account Console IT	2023-05-12T02:33:55.9620946Z INFO: Detected dialect: W3C
Account Console IT (chrome)	Run Account Console IT	2023-05-12T02:33:56.1617020Z May 12, 2023 2:33:56 AM org.jboss.arquillian.graphene.enricher.FieldAccessValidatorEnricher checkFieldValidity
Account Console IT (chrome)	Run Account Console IT	2023-05-12T02:33:56.1618611Z WARNING: Package-friendly field 'cancelActionButton' found in org.keycloak.testsuite.auth.page.login.DeleteAccountActionConfirmPage. Direct access to fields outside of the declaring class is not allowed.
Account Console IT (chrome)	Run Account Console IT	2023-05-12T02:33:56.1619993Z May 12, 2023 2:33:56 AM org.jboss.arquillian.graphene.enricher.FieldAccessValidatorEnricher checkFieldValidity
Account Console IT (chrome)	Run Account Console IT	2023-05-12T02:33:56.1621188Z WARNING: Package-friendly field 'confirmActionButton' found in org.keycloak.testsuite.auth.page.login.DeleteAccountActionConfirmPage. Direct access to fields outside of the declaring class is not allowed.
Account Console IT (chrome)	Run Account Console IT	2023-05-12T02:33:56.1622416Z May 12, 2023 2:33:56 AM org.jboss.arquillian.graphene.enricher.FieldAccessValidatorEnricher checkFieldValidity
Account Console IT (chrome)	Run Account Console IT	2023-05-12T02:33:56.1623725Z WARNING: Package-friendly field 'cancelActionButton' found in org.keycloak.testsuite.auth.page.login.DeleteAccountActionConfirmPage$$EnhancerByGraphene$$a96b4be5. Direct access to fields outside of the declaring class is not allowed.
Account Console IT (chrome)	Run Account Console IT	2023-05-12T02:33:56.1624603Z May 12, 2023 2:33:56 AM org.jboss.arquillian.graphene.enricher.FieldAccessValidatorEnricher checkFieldValidity
Account Console IT (chrome)	Run Account Console IT	2023-05-12T02:33:56.1625648Z WARNING: Package-friendly field 'confirmActionButton' found in org.keycloak.testsuite.auth.page.login.DeleteAccountActionConfirmPage$$EnhancerByGraphene$$a96b4be5. Direct access to fields outside of the declaring class is not allowed.
Account Console IT (chrome)	Run Account Console IT	2023-05-12T02:33:56.3619278Z May 12, 2023 2:33:56 AM org.jboss.arquillian.graphene.enricher.FieldAccessValidatorEnricher checkFieldValidity
Account Console IT (chrome)	Run Account Console IT	2023-05-12T02:33:56.3637624Z WARNING: Package-friendly field 'cancelActionButton' found in org.keycloak.testsuite.auth.page.login.DeleteAccountActionConfirmPage. Direct access to fields outside of the declaring class is not allowed.
Account Console IT (chrome)	Run Account Console IT	2023-05-12T02:33:56.3638535Z May 12, 2023 2:33:56 AM org.jboss.arquillian.graphene.enricher.FieldAccessValidatorEnricher checkFieldValidity
Account Console IT (chrome)	Run Account Console IT	2023-05-12T02:33:56.3639562Z WARNING: Package-friendly field 'confirmActionButton' found in org.keycloak.testsuite.auth.page.login.DeleteAccountActionConfirmPage. Direct access to fields outside of the declaring class is not allowed.
Account Console IT (chrome)	Run Account Console IT	2023-05-12T02:33:56.3640815Z May 12, 2023 2:33:56 AM org.jboss.arquillian.graphene.enricher.FieldAccessValidatorEnricher checkFieldValidity
Account Console IT (chrome)	Run Account Console IT	2023-05-12T02:33:56.3641880Z WARNING: Package-friendly field 'cancelActionButton' found in org.keycloak.testsuite.auth.page.login.DeleteAccountActionConfirmPage$$EnhancerByGraphene$$a96b4be5. Direct access to fields outside of the declaring class is not allowed.
Account Console IT (chrome)	Run Account Console IT	2023-05-12T02:33:56.3642729Z May 12, 2023 2:33:56 AM org.jboss.arquillian.graphene.enricher.FieldAccessValidatorEnricher checkFieldValidity
Account Console IT (chrome)	Run Account Console IT	2023-05-12T02:33:56.3643771Z WARNING: Package-friendly field 'confirmActionButton' found in org.keycloak.testsuite.auth.page.login.DeleteAccountActionConfirmPage$$EnhancerByGraphene$$a96b4be5. Direct access to fields outside of the declaring class is not allowed.
Account Console IT (chrome)	Run Account Console IT	2023-05-12T02:34:08.4911960Z May 12, 2023 2:34:08 AM org.jboss.arquillian.graphene.enricher.FieldAccessValidatorEnricher checkFieldValidity
Account Console IT (chrome)	Run Account Console IT	2023-05-12T02:34:08.4913297Z WARNING: Package-friendly field 'cancelActionButton' found in org.keycloak.testsuite.auth.page.login.DeleteAccountActionConfirmPage. Direct access to fields outside of the declaring class is not allowed.
Account Console IT (chrome)	Run Account Console IT	2023-05-12T02:34:08.4914130Z May 12, 2023 2:34:08 AM org.jboss.arquillian.graphene.enricher.FieldAccessValidatorEnricher checkFieldValidity
Account Console IT (chrome)	Run Account Console IT	2023-05-12T02:34:08.4915109Z WARNING: Package-friendly field 'confirmActionButton' found in org.keycloak.testsuite.auth.page.login.DeleteAccountActionConfirmPage. Direct access to fields outside of the declaring class is not allowed.
Account Console IT (chrome)	Run Account Console IT	2023-05-12T02:34:08.4915933Z May 12, 2023 2:34:08 AM org.jboss.arquillian.graphene.enricher.FieldAccessValidatorEnricher checkFieldValidity
Account Console IT (chrome)	Run Account Console IT	2023-05-12T02:34:08.4917000Z WARNING: Package-friendly field 'cancelActionButton' found in org.keycloak.testsuite.auth.page.login.DeleteAccountActionConfirmPage$$EnhancerByGraphene$$a96b4be5. Direct access to fields outside of the declaring class is not allowed.
Account Console IT (chrome)	Run Account Console IT	2023-05-12T02:34:08.4917853Z May 12, 2023 2:34:08 AM org.jboss.arquillian.graphene.enricher.FieldAccessValidatorEnricher checkFieldValidity
Account Console IT (chrome)	Run Account Console IT	2023-05-12T02:34:08.4918895Z WARNING: Package-friendly field 'confirmActionButton' found in org.keycloak.testsuite.auth.page.login.DeleteAccountActionConfirmPage$$EnhancerByGraphene$$a96b4be5. Direct access to fields outside of the declaring class is not allowed.
Account Console IT (chrome)	Run Account Console IT	2023-05-12T02:34:08.5870609Z May 12, 2023 2:34:08 AM org.jboss.arquillian.graphene.enricher.FieldAccessValidatorEnricher checkFieldValidity
Account Console IT (chrome)	Run Account Console IT	2023-05-12T02:34:08.5872788Z WARNING: Package-friendly field 'cancelActionButton' found in org.keycloak.testsuite.auth.page.login.DeleteAccountActionConfirmPage. Direct access to fields outside of the declaring class is not allowed.
Account Console IT (chrome)	Run Account Console IT	2023-05-12T02:34:08.5873799Z May 12, 2023 2:34:08 AM org.jboss.arquillian.graphene.enricher.FieldAccessValidatorEnricher checkFieldValidity
Account Console IT (chrome)	Run Account Console IT	2023-05-12T02:34:08.5875544Z WARNING: Package-friendly field 'confirmActionButton' found in org.keycloak.testsuite.auth.page.login.DeleteAccountActionConfirmPage. Direct access to fields outside of the declaring class is not allowed.
Account Console IT (chrome)	Run Account Console IT	2023-05-12T02:34:08.5876468Z May 12, 2023 2:34:08 AM org.jboss.arquillian.graphene.enricher.FieldAccessValidatorEnricher checkFieldValidity
Account Console IT (chrome)	Run Account Console IT	2023-05-12T02:34:08.5877535Z WARNING: Package-friendly field 'cancelActionButton' found in org.keycloak.testsuite.auth.page.login.DeleteAccountActionConfirmPage$$EnhancerByGraphene$$a96b4be5. Direct access to fields outside of the declaring class is not allowed.
Account Console IT (chrome)	Run Account Console IT	2023-05-12T02:34:08.5878628Z May 12, 2023 2:34:08 AM org.jboss.arquillian.graphene.enricher.FieldAccessValidatorEnricher checkFieldValidity
Account Console IT (chrome)	Run Account Console IT	2023-05-12T02:34:08.5879688Z WARNING: Package-friendly field 'confirmActionButton' found in org.keycloak.testsuite.auth.page.login.DeleteAccountActionConfirmPage$$EnhancerByGraphene$$a96b4be5. Direct access to fields outside of the declaring class is not allowed.
Account Console IT (chrome)	Run Account Console IT	2023-05-12T02:34:23.7141301Z May 12, 2023 2:34:23 AM org.jboss.arquillian.graphene.enricher.FieldAccessValidatorEnricher checkFieldValidity
Account Console IT (chrome)	Run Account Console IT	2023-05-12T02:34:23.7142844Z WARNING: Package-friendly field 'cancelActionButton' found in org.keycloak.testsuite.auth.page.login.DeleteAccountActionConfirmPage. Direct access to fields outside of the declaring class is not allowed.
Account Console IT (chrome)	Run Account Console IT	2023-05-12T02:34:23.7144967Z May 12, 2023 2:34:23 AM org.jboss.arquillian.graphene.enricher.FieldAccessValidatorEnricher checkFieldValidity
Account Console IT (chrome)	Run Account Console IT	2023-05-12T02:34:23.7145997Z WARNING: Package-friendly field 'confirmActionButton' found in org.keycloak.testsuite.auth.page.login.DeleteAccountActionConfirmPage. Direct access to fields outside of the declaring class is not allowed.
Account Console IT (chrome)	Run Account Console IT	2023-05-12T02:34:23.7218238Z May 12, 2023 2:34:23 AM org.jboss.arquillian.graphene.enricher.FieldAccessValidatorEnricher checkFieldValidity
Account Console IT (chrome)	Run Account Console IT	2023-05-12T02:34:23.7219679Z WARNING: Package-friendly field 'cancelActionButton' found in org.keycloak.testsuite.auth.page.login.DeleteAccountActionConfirmPage$$EnhancerByGraphene$$a96b4be5. Direct access to fields outside of the declaring class is not allowed.
Account Console IT (chrome)	Run Account Console IT	2023-05-12T02:34:23.7220732Z May 12, 2023 2:34:23 AM org.jboss.arquillian.graphene.enricher.FieldAccessValidatorEnricher checkFieldValidity
Account Console IT (chrome)	Run Account Console IT	2023-05-12T02:34:23.7224724Z WARNING: Package-friendly field 'confirmActionButton' found in org.keycloak.testsuite.auth.page.login.DeleteAccountActionConfirmPage$$EnhancerByGraphene$$a96b4be5. Direct access to fields outside of the declaring class is not allowed.
Account Console IT (chrome)	Run Account Console IT	2023-05-12T02:34:23.9140230Z May 12, 2023 2:34:23 AM org.jboss.arquillian.graphene.enricher.FieldAccessValidatorEnricher checkFieldValidity
Account Console IT (chrome)	Run Account Console IT	2023-05-12T02:34:23.9141972Z WARNING: Package-friendly field 'cancelActionButton' found in org.keycloak.testsuite.auth.page.login.DeleteAccountActionConfirmPage. Direct access to fields outside of the declaring class is not allowed.
Account Console IT (chrome)	Run Account Console IT	2023-05-12T02:34:23.9142966Z May 12, 2023 2:34:23 AM org.jboss.arquillian.graphene.enricher.FieldAccessValidatorEnricher checkFieldValidity
Account Console IT (chrome)	Run Account Console IT	2023-05-12T02:34:23.9144263Z WARNING: Package-friendly field 'confirmActionButton' found in org.keycloak.testsuite.auth.page.login.DeleteAccountActionConfirmPage. Direct access to fields outside of the declaring class is not allowed.
Account Console IT (chrome)	Run Account Console IT	2023-05-12T02:34:23.9145268Z May 12, 2023 2:34:23 AM org.jboss.arquillian.graphene.enricher.FieldAccessValidatorEnricher checkFieldValidity
Account Console IT (chrome)	Run Account Console IT	2023-05-12T02:34:23.9146616Z WARNING: Package-friendly field 'cancelActionButton' found in org.keycloak.testsuite.auth.page.login.DeleteAccountActionConfirmPage$$EnhancerByGraphene$$a96b4be5. Direct access to fields outside of the declaring class is not allowed.
Account Console IT (chrome)	Run Account Console IT	2023-05-12T02:34:23.9149622Z May 12, 2023 2:34:23 AM org.jboss.arquillian.graphene.enricher.FieldAccessValidatorEnricher checkFieldValidity
Account Console IT (chrome)	Run Account Console IT	2023-05-12T02:34:23.9151343Z WARNING: Package-friendly field 'confirmActionButton' found in org.keycloak.testsuite.auth.page.login.DeleteAccountActionConfirmPage$$EnhancerByGraphene$$a96b4be5. Direct access to fields outside of the declaring class is not allowed.
Account Console IT (chrome)	Run Account Console IT	2023-05-12T02:34:40.9466445Z May 12, 2023 2:34:40 AM org.jboss.arquillian.graphene.enricher.FieldAccessValidatorEnricher checkFieldValidity
Account Console IT (chrome)	Run Account Console IT	2023-05-12T02:34:40.9468014Z WARNING: Package-friendly field 'cancelActionButton' found in org.keycloak.testsuite.auth.page.login.DeleteAccountActionConfirmPage. Direct access to fields outside of the declaring class is not allowed.
Account Console IT (chrome)	Run Account Console IT	2023-05-12T02:34:40.9469051Z May 12, 2023 2:34:40 AM org.jboss.arquillian.graphene.enricher.FieldAccessValidatorEnricher checkFieldValidity
Account Console IT (chrome)	Run Account Console IT	2023-05-12T02:34:40.9470324Z WARNING: Package-friendly field 'confirmActionButton' found in org.keycloak.testsuite.auth.page.login.DeleteAccountActionConfirmPage. Direct access to fields outside of the declaring class is not allowed.
Account Console IT (chrome)	Run Account Console IT	2023-05-12T02:34:40.9471368Z May 12, 2023 2:34:40 AM org.jboss.arquillian.graphene.enricher.FieldAccessValidatorEnricher checkFieldValidity
Account Console IT (chrome)	Run Account Console IT	2023-05-12T02:34:40.9550208Z WARNING: Package-friendly field 'cancelActionButton' found in org.keycloak.testsuite.auth.page.login.DeleteAccountActionConfirmPage$$EnhancerByGraphene$$a96b4be5. Direct access to fields outside of the declaring class is not allowed.
Account Console IT (chrome)	Run Account Console IT	2023-05-12T02:34:40.9551512Z May 12, 2023 2:34:40 AM org.jboss.arquillian.graphene.enricher.FieldAccessValidatorEnricher checkFieldValidity
Account Console IT (chrome)	Run Account Console IT	2023-05-12T02:34:40.9552571Z WARNING: Package-friendly field 'confirmActionButton' found in org.keycloak.testsuite.auth.page.login.DeleteAccountActionConfirmPage$$EnhancerByGraphene$$a96b4be5. Direct access to fields outside of the declaring class is not allowed.
Account Console IT (chrome)	Run Account Console IT	2023-05-12T02:34:41.1466845Z May 12, 2023 2:34:41 AM org.jboss.arquillian.graphene.enricher.FieldAccessValidatorEnricher checkFieldValidity
Account Console IT (chrome)	Run Account Console IT	2023-05-12T02:34:41.1468478Z WARNING: Package-friendly field 'cancelActionButton' found in org.keycloak.testsuite.auth.page.login.DeleteAccountActionConfirmPage. Direct access to fields outside of the declaring class is not allowed.
Account Console IT (chrome)	Run Account Console IT	2023-05-12T02:34:41.1469537Z May 12, 2023 2:34:41 AM org.jboss.arquillian.graphene.enricher.FieldAccessValidatorEnricher checkFieldValidity
Account Console IT (chrome)	Run Account Console IT	2023-05-12T02:34:41.1470811Z WARNING: Package-friendly field 'confirmActionButton' found in org.keycloak.testsuite.auth.page.login.DeleteAccountActionConfirmPage. Direct access to fields outside of the declaring class is not allowed.
Account Console IT (chrome)	Run Account Console IT	2023-05-12T02:34:41.1472033Z May 12, 2023 2:34:41 AM org.jboss.arquillian.graphene.enricher.FieldAccessValidatorEnricher checkFieldValidity
Account Console IT (chrome)	Run Account Console IT	2023-05-12T02:34:41.1473313Z WARNING: Package-friendly field 'cancelActionButton' found in org.keycloak.testsuite.auth.page.login.DeleteAccountActionConfirmPage$$EnhancerByGraphene$$a96b4be5. Direct access to fields outside of the declaring class is not allowed.
Account Console IT (chrome)	Run Account Console IT	2023-05-12T02:34:41.1528808Z May 12, 2023 2:34:41 AM org.jboss.arquillian.graphene.enricher.FieldAccessValidatorEnricher checkFieldValidity
Account Console IT (chrome)	Run Account Console IT	2023-05-12T02:34:41.1530050Z WARNING: Package-friendly field 'confirmActionButton' found in org.keycloak.testsuite.auth.page.login.DeleteAccountActionConfirmPage$$EnhancerByGraphene$$a96b4be5. Direct access to fields outside of the declaring class is not allowed.
Account Console IT (chrome)	Run Account Console IT	2023-05-12T02:34:56.0740864Z May 12, 2023 2:34:56 AM org.jboss.arquillian.graphene.enricher.FieldAccessValidatorEnricher checkFieldValidity
Account Console IT (chrome)	Run Account Console IT	2023-05-12T02:34:56.0742518Z WARNING: Package-friendly field 'cancelActionButton' found in org.keycloak.testsuite.auth.page.login.DeleteAccountActionConfirmPage. Direct access to fields outside of the declaring class is not allowed.
Account Console IT (chrome)	Run Account Console IT	2023-05-12T02:34:56.0743673Z May 12, 2023 2:34:56 AM org.jboss.arquillian.graphene.enricher.FieldAccessValidatorEnricher checkFieldValidity
Account Console IT (chrome)	Run Account Console IT	2023-05-12T02:34:56.0744778Z WARNING: Package-friendly field 'confirmActionButton' found in org.keycloak.testsuite.auth.page.login.DeleteAccountActionConfirmPage. Direct access to fields outside of the declaring class is not allowed.
Account Console IT (chrome)	Run Account Console IT	2023-05-12T02:34:56.0746232Z May 12, 2023 2:34:56 AM org.jboss.arquillian.graphene.enricher.FieldAccessValidatorEnricher checkFieldValidity
Account Console IT (chrome)	Run Account Console IT	2023-05-12T02:34:56.0747941Z WARNING: Package-friendly field 'cancelActionButton' found in org.keycloak.testsuite.auth.page.login.DeleteAccountActionConfirmPage$$EnhancerByGraphene$$a96b4be5. Direct access to fields outside of the declaring class is not allowed.
Account Console IT (chrome)	Run Account Console IT	2023-05-12T02:34:56.0748900Z May 12, 2023 2:34:56 AM org.jboss.arquillian.graphene.enricher.FieldAccessValidatorEnricher checkFieldValidity
Account Console IT (chrome)	Run Account Console IT	2023-05-12T02:34:56.0749956Z WARNING: Package-friendly field 'confirmActionButton' found in org.keycloak.testsuite.auth.page.login.DeleteAccountActionConfirmPage$$EnhancerByGraphene$$a96b4be5. Direct access to fields outside of the declaring class is not allowed.
Account Console IT (chrome)	Run Account Console IT	2023-05-12T02:34:56.3964430Z May 12, 2023 2:34:56 AM org.jboss.arquillian.graphene.enricher.FieldAccessValidatorEnricher checkFieldValidity
Account Console IT (chrome)	Run Account Console IT	2023-05-12T02:34:56.3966379Z WARNING: Package-friendly field 'cancelActionButton' found in org.keycloak.testsuite.auth.page.login.DeleteAccountActionConfirmPage. Direct access to fields outside of the declaring class is not allowed.
Account Console IT (chrome)	Run Account Console IT	2023-05-12T02:34:56.3967378Z May 12, 2023 2:34:56 AM org.jboss.arquillian.graphene.enricher.FieldAccessValidatorEnricher checkFieldValidity
Account Console IT (chrome)	Run Account Console IT	2023-05-12T02:34:56.3969044Z WARNING: Package-friendly field 'confirmActionButton' found in org.keycloak.testsuite.auth.page.login.DeleteAccountActionConfirmPage. Direct access to fields outside of the declaring class is not allowed.
Account Console IT (chrome)	Run Account Console IT	2023-05-12T02:34:56.3970125Z May 12, 2023 2:34:56 AM org.jboss.arquillian.graphene.enricher.FieldAccessValidatorEnricher checkFieldValidity
Account Console IT (chrome)	Run Account Console IT	2023-05-12T02:34:56.3971466Z WARNING: Package-friendly field 'cancelActionButton' found in org.keycloak.testsuite.auth.page.login.DeleteAccountActionConfirmPage$$EnhancerByGraphene$$a96b4be5. Direct access to fields outside of the declaring class is not allowed.
Account Console IT (chrome)	Run Account Console IT	2023-05-12T02:34:56.3972555Z May 12, 2023 2:34:56 AM org.jboss.arquillian.graphene.enricher.FieldAccessValidatorEnricher checkFieldValidity
Account Console IT (chrome)	Run Account Console IT	2023-05-12T02:34:56.4025467Z WARNING: Package-friendly field 'confirmActionButton' found in org.keycloak.testsuite.auth.page.login.DeleteAccountActionConfirmPage$$EnhancerByGraphene$$a96b4be5. Direct access to fields outside of the declaring class is not allowed.
Account Console IT (chrome)	Run Account Console IT	2023-05-12T02:35:06.4180162Z May 12, 2023 2:35:06 AM org.jboss.arquillian.graphene.enricher.FieldAccessValidatorEnricher checkFieldValidity
Account Console IT (chrome)	Run Account Console IT	2023-05-12T02:35:06.4181425Z WARNING: Package-friendly field 'cancelActionButton' found in org.keycloak.testsuite.auth.page.login.DeleteAccountActionConfirmPage. Direct access to fields outside of the declaring class is not allowed.
Account Console IT (chrome)	Run Account Console IT	2023-05-12T02:35:06.4182398Z May 12, 2023 2:35:06 AM org.jboss.arquillian.graphene.enricher.FieldAccessValidatorEnricher checkFieldValidity
Account Console IT (chrome)	Run Account Console IT	2023-05-12T02:35:06.4183506Z WARNING: Package-friendly field 'confirmActionButton' found in org.keycloak.testsuite.auth.page.login.DeleteAccountActionConfirmPage. Direct access to fields outside of the declaring class is not allowed.
Account Console IT (chrome)	Run Account Console IT	2023-05-12T02:35:06.4184330Z May 12, 2023 2:35:06 AM org.jboss.arquillian.graphene.enricher.FieldAccessValidatorEnricher checkFieldValidity
Account Console IT (chrome)	Run Account Console IT	2023-05-12T02:35:06.4185383Z WARNING: Package-friendly field 'cancelActionButton' found in org.keycloak.testsuite.auth.page.login.DeleteAccountActionConfirmPage$$EnhancerByGraphene$$a96b4be5. Direct access to fields outside of the declaring class is not allowed.
Account Console IT (chrome)	Run Account Console IT	2023-05-12T02:35:06.4186252Z May 12, 2023 2:35:06 AM org.jboss.arquillian.graphene.enricher.FieldAccessValidatorEnricher checkFieldValidity
Account Console IT (chrome)	Run Account Console IT	2023-05-12T02:35:06.4187284Z WARNING: Package-friendly field 'confirmActionButton' found in org.keycloak.testsuite.auth.page.login.DeleteAccountActionConfirmPage$$EnhancerByGraphene$$a96b4be5. Direct access to fields outside of the declaring class is not allowed.
Account Console IT (chrome)	Run Account Console IT	2023-05-12T02:35:06.6179054Z May 12, 2023 2:35:06 AM org.jboss.arquillian.graphene.enricher.FieldAccessValidatorEnricher checkFieldValidity
Account Console IT (chrome)	Run Account Console IT	2023-05-12T02:35:06.6181954Z WARNING: Package-friendly field 'cancelActionButton' found in org.keycloak.testsuite.auth.page.login.DeleteAccountActionConfirmPage. Direct access to fields outside of the declaring class is not allowed.
Account Console IT (chrome)	Run Account Console IT	2023-05-12T02:35:06.6187040Z May 12, 2023 2:35:06 AM org.jboss.arquillian.graphene.enricher.FieldAccessValidatorEnricher checkFieldValidity
Account Console IT (chrome)	Run Account Console IT	2023-05-12T02:35:06.6188249Z WARNING: Package-friendly field 'confirmActionButton' found in org.keycloak.testsuite.auth.page.login.DeleteAccountActionConfirmPage. Direct access to fields outside of the declaring class is not allowed.
Account Console IT (chrome)	Run Account Console IT	2023-05-12T02:35:06.6189170Z May 12, 2023 2:35:06 AM org.jboss.arquillian.graphene.enricher.FieldAccessValidatorEnricher checkFieldValidity
Account Console IT (chrome)	Run Account Console IT	2023-05-12T02:35:06.6190395Z WARNING: Package-friendly field 'cancelActionButton' found in org.keycloak.testsuite.auth.page.login.DeleteAccountActionConfirmPage$$EnhancerByGraphene$$a96b4be5. Direct access to fields outside of the declaring class is not allowed.
Account Console IT (chrome)	Run Account Console IT	2023-05-12T02:35:06.6191382Z May 12, 2023 2:35:06 AM org.jboss.arquillian.graphene.enricher.FieldAccessValidatorEnricher checkFieldValidity
Account Console IT (chrome)	Run Account Console IT	2023-05-12T02:35:06.6192674Z WARNING: Package-friendly field 'confirmActionButton' found in org.keycloak.testsuite.auth.page.login.DeleteAccountActionConfirmPage$$EnhancerByGraphene$$a96b4be5. Direct access to fields outside of the declaring class is not allowed.
Account Console IT (chrome)	Run Account Console IT	2023-05-12T02:35:17.9176640Z [INFO] Tests run: 6, Failures: 0, Errors: 0, Skipped: 0, Time elapsed: 82.08 s - in org.keycloak.testsuite.ui.account2.DeleteAccountTest
Account Console IT (chrome)	Run Account Console IT	2023-05-12T02:35:17.9225102Z [INFO] Running org.keycloak.testsuite.ui.account2.DeviceActivityTest
Account Console IT (chrome)	Run Account Console IT	2023-05-12T02:35:17.9440399Z May 12, 2023 2:35:17 AM org.openqa.selenium.remote.DesiredCapabilities chrome
Account Console IT (chrome)	Run Account Console IT	2023-05-12T02:35:17.9441028Z INFO: Using `new ChromeOptions()` is preferred to `DesiredCapabilities.chrome()`
Account Console IT (chrome)	Run Account Console IT	2023-05-12T02:35:17.9441585Z May 12, 2023 2:35:17 AM org.openqa.selenium.remote.DesiredCapabilities chrome
Account Console IT (chrome)	Run Account Console IT	2023-05-12T02:35:17.9442144Z INFO: Using `new ChromeOptions()` is preferred to `DesiredCapabilities.chrome()`
Account Console IT (chrome)	Run Account Console IT	2023-05-12T02:35:17.9442996Z Starting ChromeDriver 113.0.5672.63 (0e1a4471d5ae5bf128b1bd8f4d627c8cbd55f70c-refs/branch-heads/5672@{#912}) on port 24852
Account Console IT (chrome)	Run Account Console IT	2023-05-12T02:35:17.9443456Z Only local connections are allowed.
Account Console IT (chrome)	Run Account Console IT	2023-05-12T02:35:17.9444244Z Please see https://chromedriver.chromium.org/security-considerations for suggestions on keeping ChromeDriver safe.
Account Console IT (chrome)	Run Account Console IT	2023-05-12T02:35:17.9444755Z ChromeDriver was started successfully.
Account Console IT (chrome)	Run Account Console IT	2023-05-12T02:35:18.1403521Z May 12, 2023 2:35:18 AM org.openqa.selenium.remote.ProtocolHandshake createSession
Account Console IT (chrome)	Run Account Console IT	2023-05-12T02:35:18.1404225Z INFO: Detected dialect: W3C
Account Console IT (chrome)	Run Account Console IT	2023-05-12T02:37:43.2858899Z [INFO] Tests run: 8, Failures: 0, Errors: 0, Skipped: 0, Time elapsed: 145.266 s - in org.keycloak.testsuite.ui.account2.DeviceActivityTest
Account Console IT (chrome)	Run Account Console IT	2023-05-12T02:37:43.2868904Z [INFO] Running org.keycloak.testsuite.ui.account2.InternationalizationTest
Account Console IT (chrome)	Run Account Console IT	2023-05-12T02:37:43.2929534Z May 12, 2023 2:37:43 AM org.openqa.selenium.remote.DesiredCapabilities chrome
Account Console IT (chrome)	Run Account Console IT	2023-05-12T02:37:43.2930149Z INFO: Using `new ChromeOptions()` is preferred to `DesiredCapabilities.chrome()`
Account Console IT (chrome)	Run Account Console IT	2023-05-12T02:37:43.2930697Z May 12, 2023 2:37:43 AM org.openqa.selenium.remote.DesiredCapabilities chrome
Account Console IT (chrome)	Run Account Console IT	2023-05-12T02:37:43.2931239Z INFO: Using `new ChromeOptions()` is preferred to `DesiredCapabilities.chrome()`
Account Console IT (chrome)	Run Account Console IT	2023-05-12T02:37:43.2951727Z Starting ChromeDriver 113.0.5672.63 (0e1a4471d5ae5bf128b1bd8f4d627c8cbd55f70c-refs/branch-heads/5672@{#912}) on port 31626
Account Console IT (chrome)	Run Account Console IT	2023-05-12T02:37:43.2952291Z Only local connections are allowed.
Account Console IT (chrome)	Run Account Console IT	2023-05-12T02:37:43.2952959Z Please see https://chromedriver.chromium.org/security-considerations for suggestions on keeping ChromeDriver safe.
Account Console IT (chrome)	Run Account Console IT	2023-05-12T02:37:43.2953488Z ChromeDriver was started successfully.
Account Console IT (chrome)	Run Account Console IT	2023-05-12T02:37:43.5928673Z May 12, 2023 2:37:43 AM org.openqa.selenium.remote.ProtocolHandshake createSession
Account Console IT (chrome)	Run Account Console IT	2023-05-12T02:37:43.5930083Z INFO: Detected dialect: W3C
Account Console IT (chrome)	Run Account Console IT	2023-05-12T02:38:08.0362561Z May 12, 2023 2:38:08 AM org.openqa.selenium.remote.DesiredCapabilities chrome
Account Console IT (chrome)	Run Account Console IT	2023-05-12T02:38:08.0363280Z INFO: Using `new ChromeOptions()` is preferred to `DesiredCapabilities.chrome()`
Account Console IT (chrome)	Run Account Console IT	2023-05-12T02:38:08.0363855Z May 12, 2023 2:38:08 AM org.openqa.selenium.remote.DesiredCapabilities chrome
Account Console IT (chrome)	Run Account Console IT	2023-05-12T02:38:08.0364405Z INFO: Using `new ChromeOptions()` is preferred to `DesiredCapabilities.chrome()`
Account Console IT (chrome)	Run Account Console IT	2023-05-12T02:38:08.0365297Z Starting ChromeDriver 113.0.5672.63 (0e1a4471d5ae5bf128b1bd8f4d627c8cbd55f70c-refs/branch-heads/5672@{#912}) on port 28343
Account Console IT (chrome)	Run Account Console IT	2023-05-12T02:38:08.0365766Z Only local connections are allowed.
Account Console IT (chrome)	Run Account Console IT	2023-05-12T02:38:08.0366417Z Please see https://chromedriver.chromium.org/security-considerations for suggestions on keeping ChromeDriver safe.
Account Console IT (chrome)	Run Account Console IT	2023-05-12T02:38:08.0366928Z ChromeDriver was started successfully.
Account Console IT (chrome)	Run Account Console IT	2023-05-12T02:38:08.2390672Z May 12, 2023 2:38:08 AM org.openqa.selenium.remote.ProtocolHandshake createSession
Account Console IT (chrome)	Run Account Console IT	2023-05-12T02:38:08.2391418Z INFO: Detected dialect: W3C
Account Console IT (chrome)	Run Account Console IT	2023-05-12T02:38:18.2648194Z May 12, 2023 2:38:18 AM org.openqa.selenium.remote.DesiredCapabilities chrome
Account Console IT (chrome)	Run Account Console IT	2023-05-12T02:38:18.2662791Z INFO: Using `new ChromeOptions()` is preferred to `DesiredCapabilities.chrome()`
Account Console IT (chrome)	Run Account Console IT	2023-05-12T02:38:18.2663716Z May 12, 2023 2:38:18 AM org.openqa.selenium.remote.DesiredCapabilities chrome
Account Console IT (chrome)	Run Account Console IT	2023-05-12T02:38:18.2664692Z INFO: Using `new ChromeOptions()` is preferred to `DesiredCapabilities.chrome()`
Account Console IT (chrome)	Run Account Console IT	2023-05-12T02:38:18.2665990Z Starting ChromeDriver 113.0.5672.63 (0e1a4471d5ae5bf128b1bd8f4d627c8cbd55f70c-refs/branch-heads/5672@{#912}) on port 5530
Account Console IT (chrome)	Run Account Console IT	2023-05-12T02:38:18.2666451Z Only local connections are allowed.
Account Console IT (chrome)	Run Account Console IT	2023-05-12T02:38:18.2667059Z Please see https://chromedriver.chromium.org/security-considerations for suggestions on keeping ChromeDriver safe.
Account Console IT (chrome)	Run Account Console IT	2023-05-12T02:38:18.2667502Z ChromeDriver was started successfully.
Account Console IT (chrome)	Run Account Console IT	2023-05-12T02:38:18.3614381Z May 12, 2023 2:38:18 AM org.openqa.selenium.remote.ProtocolHandshake createSession
Account Console IT (chrome)	Run Account Console IT	2023-05-12T02:38:18.3615522Z INFO: Detected dialect: W3C
Account Console IT (chrome)	Run Account Console IT	2023-05-12T02:38:27.7381687Z --------- org.keycloak.testsuite.ui.account2.InternationalizationTest output start ---------
Account Console IT (chrome)	Run Account Console IT	2023-05-12T02:38:27.7401570Z InternationalizationTest ++ 02:37:43,238 INFO  [org.keycloak.testsuite.arquillian.AppServerTestEnricher] 
Account Console IT (chrome)	Run Account Console IT	2023-05-12T02:38:27.7402419Z InternationalizationTest ++ 
Account Console IT (chrome)	Run Account Console IT	2023-05-12T02:38:27.7417164Z InternationalizationTest ++ TEST CONTEXT: org.keycloak.testsuite.ui.account2.InternationalizationTest
Account Console IT (chrome)	Run Account Console IT	2023-05-12T02:38:27.7418012Z InternationalizationTest ++ 
Account Console IT (chrome)	Run Account Console IT	2023-05-12T02:38:27.7542812Z InternationalizationTest ++ 02:37:43,239 INFO  [org.keycloak.testsuite.ui.account2.InternationalizationTest] [InternationalizationTest] loggedInPageTest() STARTED
Account Console IT (chrome)	Run Account Console IT	2023-05-12T02:38:27.7564173Z InternationalizationTest ++ 02:37:43,502 INFO  [org.keycloak.testsuite.drone.KeycloakDronePostSetup] Detected browser: chrome 113.0.5672.63
Account Console IT (chrome)	Run Account Console IT	2023-05-12T02:38:27.7565077Z InternationalizationTest ++ 02:37:43,503 INFO  [org.keycloak.testsuite.drone.KeycloakDronePostSetup] Configuring driver settings. implicitWait=2000, pageLoadTimeout=10000
Account Console IT (chrome)	Run Account Console IT	2023-05-12T02:38:27.7606310Z InternationalizationTest ++ 02:37:43,798 DEBUG [org.keycloak.testsuite.ui.account2.InternationalizationTest] loading test realms
Account Console IT (chrome)	Run Account Console IT	2023-05-12T02:38:27.7607444Z InternationalizationTest ++ 2023-05-12 02:37:43,923 WARN  [org.keycloak.theme.DefaultThemeManager] (executor-thread-163) Not found parent theme 'keycloak' of theme 'address'. Unable to load ADMIN theme 'address' due to this.
Account Console IT (chrome)	Run Account Console IT	2023-05-12T02:38:27.7608397Z InternationalizationTest ++ 2023-05-12 02:37:43,923 ERROR [org.keycloak.theme.DefaultThemeManager] (executor-thread-163) Failed to find ADMIN theme address, using built-in themes
Account Console IT (chrome)	Run Account Console IT	2023-05-12T02:38:27.7609397Z InternationalizationTest ++ 2023-05-12 02:37:43,923 WARN  [org.keycloak.theme.DefaultThemeManager] (executor-thread-163) Not found theme 'admin/keycloak' referenced as import of theme 'incorrect'. Unable to load ADMIN theme 'incorrect' due to this.
Account Console IT (chrome)	Run Account Console IT	2023-05-12T02:38:27.7610366Z InternationalizationTest ++ 2023-05-12 02:37:43,924 ERROR [org.keycloak.theme.DefaultThemeManager] (executor-thread-163) Failed to find ADMIN theme incorrect, using built-in themes
Account Console IT (chrome)	Run Account Console IT	2023-05-12T02:38:27.7611362Z InternationalizationTest ++ 02:37:43,962 INFO  [org.keycloak.testsuite.ui.account2.InternationalizationTest] importing test realms
Account Console IT (chrome)	Run Account Console IT	2023-05-12T02:38:27.7612164Z InternationalizationTest ++ 02:37:43,962 DEBUG [org.keycloak.testsuite.ui.account2.InternationalizationTest] --importing realm: test
Account Console IT (chrome)	Run Account Console IT	2023-05-12T02:38:27.7612761Z InternationalizationTest ++ 02:37:44,847 INFO  [org.keycloak.testsuite.util.URLUtils] starting navigation
Account Console IT (chrome)	Run Account Console IT	2023-05-12T02:38:27.7613275Z InternationalizationTest ++ 02:37:44,851 INFO  [org.keycloak.testsuite.util.URLUtils] current URL:  data:,
Account Console IT (chrome)	Run Account Console IT	2023-05-12T02:38:27.7614048Z InternationalizationTest ++ 02:37:44,851 INFO  [org.keycloak.testsuite.util.URLUtils] navigating to https://localhost:8543/auth/realms/test/super-random-page
Account Console IT (chrome)	Run Account Console IT	2023-05-12T02:38:27.7614867Z InternationalizationTest ++ 02:37:45,544 INFO  [org.keycloak.testsuite.util.URLUtils] new current URL:  https://localhost:8543/auth/realms/test/super-random-page
Account Console IT (chrome)	Run Account Console IT	2023-05-12T02:38:27.7615455Z InternationalizationTest ++ 02:37:45,544 INFO  [org.keycloak.testsuite.util.URLUtils] navigation complete
Account Console IT (chrome)	Run Account Console IT	2023-05-12T02:38:27.7616198Z InternationalizationTest ++ 02:37:45,544 INFO  [org.keycloak.testsuite.ui.account2.InternationalizationTest] deleting cookies in 'test' realm
Account Console IT (chrome)	Run Account Console IT	2023-05-12T02:38:27.7617034Z InternationalizationTest ++ 02:37:45,566 DEBUG [org.keycloak.testsuite.ui.account2.InternationalizationTest] creating test user
Account Console IT (chrome)	Run Account Console IT	2023-05-12T02:38:27.7617605Z InternationalizationTest ++ 02:37:45,638 INFO  [org.keycloak.testsuite.util.URLUtils] starting navigation
Account Console IT (chrome)	Run Account Console IT	2023-05-12T02:38:27.7618337Z InternationalizationTest ++ 02:37:45,642 INFO  [org.keycloak.testsuite.util.URLUtils] current URL:  https://localhost:8543/auth/realms/test/super-random-page
Account Console IT (chrome)	Run Account Console IT	2023-05-12T02:38:27.7618971Z InternationalizationTest ++ 02:37:45,642 INFO  [org.keycloak.testsuite.util.URLUtils] navigating to https://localhost:8543/auth/realms/test/account/
Account Console IT (chrome)	Run Account Console IT	2023-05-12T02:38:27.7672490Z InternationalizationTest ++ 02:37:46,779 INFO  [org.keycloak.testsuite.util.WaitUtils] Wait: 2000ms
Account Console IT (chrome)	Run Account Console IT	2023-05-12T02:38:27.7673126Z InternationalizationTest ++ 02:37:48,784 INFO  [org.keycloak.testsuite.util.URLUtils] new current URL:  https://localhost:8543/auth/realms/test/account/#/
Account Console IT (chrome)	Run Account Console IT	2023-05-12T02:38:27.7673735Z InternationalizationTest ++ 02:37:48,784 INFO  [org.keycloak.testsuite.util.URLUtils] navigation complete
Account Console IT (chrome)	Run Account Console IT	2023-05-12T02:38:27.7674258Z InternationalizationTest ++ 02:37:48,797 INFO  [org.keycloak.testsuite.util.URLUtils] starting navigation
Account Console IT (chrome)	Run Account Console IT	2023-05-12T02:38:27.7674831Z InternationalizationTest ++ 02:37:48,805 INFO  [org.keycloak.testsuite.util.URLUtils] current URL:  https://localhost:8543/auth/realms/test/account/#/
Account Console IT (chrome)	Run Account Console IT	2023-05-12T02:38:27.7675759Z InternationalizationTest ++ 02:37:48,805 INFO  [org.keycloak.testsuite.util.URLUtils] navigating to https://localhost:8543/auth/realms/test/account/#/personal-info
Account Console IT (chrome)	Run Account Console IT	2023-05-12T02:38:27.7677434Z InternationalizationTest ++ 02:37:49,401 INFO  [org.keycloak.testsuite.util.URLUtils] new current URL:  https://localhost:8543/auth/realms/test/protocol/openid-connect/auth?client_id=account-console&redirect_uri=https%3A%2F%2Flocalhost%3A8543%2Fauth%2Frealms%2Ftest%2Faccount%2F%23%2Fpersonal-info&state=f03e57d5-3cce-43e4-8abd-9e0029e697ab&response_mode=fragment&response_type=code&scope=openid&nonce=ecdf35e1-6f2e-4399-804c-a0339228bbc2&code_challenge=WJ57KIAXGy8zOX2AhOd0dnEnnsxjdz_mgXDCyNlNeT8&code_challenge_method=S256
Account Console IT (chrome)	Run Account Console IT	2023-05-12T02:38:27.7678538Z InternationalizationTest ++ 02:37:49,401 INFO  [org.keycloak.testsuite.util.URLUtils] navigation complete
Account Console IT (chrome)	Run Account Console IT	2023-05-12T02:38:27.7679045Z InternationalizationTest ++ 02:37:50,473 INFO  [org.keycloak.testsuite.util.WaitUtils] Wait: 2000ms
Account Console IT (chrome)	Run Account Console IT	2023-05-12T02:38:27.7679537Z InternationalizationTest ++ 02:37:53,234 INFO  [org.keycloak.testsuite.util.WaitUtils] Wait: 2000ms
Account Console IT (chrome)	Run Account Console IT	2023-05-12T02:38:27.7680025Z InternationalizationTest ++ 02:37:56,508 INFO  [org.keycloak.testsuite.util.WaitUtils] Wait: 2000ms
Account Console IT (chrome)	Run Account Console IT	2023-05-12T02:38:27.7680861Z InternationalizationTest ++ 02:37:58,560 INFO  [org.keycloak.testsuite.ui.account2.InternationalizationTest] calling all TestCleanup
Account Console IT (chrome)	Run Account Console IT	2023-05-12T02:38:27.7681578Z InternationalizationTest ++ 02:37:58,567 INFO  [org.keycloak.testsuite.ui.account2.InternationalizationTest] [InternationalizationTest] loggedInPageTest() FINISHED
Account Console IT (chrome)	Run Account Console IT	2023-05-12T02:38:27.7682097Z InternationalizationTest ++ 
Account Console IT (chrome)	Run Account Console IT	2023-05-12T02:38:27.7682385Z InternationalizationTest ++ 
Account Console IT (chrome)	Run Account Console IT	2023-05-12T02:38:27.7682909Z InternationalizationTest ++ 02:37:58,567 WARN  [org.keycloak.testsuite.ui.account2.InternationalizationTest] [InternationalizationTest] loginFormTest() IGNORED
Account Console IT (chrome)	Run Account Console IT	2023-05-12T02:38:27.7683427Z InternationalizationTest ++ 
Account Console IT (chrome)	Run Account Console IT	2023-05-12T02:38:27.7683711Z InternationalizationTest ++ 
Account Console IT (chrome)	Run Account Console IT	2023-05-12T02:38:27.7684239Z InternationalizationTest ++ 02:37:58,568 INFO  [org.keycloak.testsuite.ui.account2.InternationalizationTest] [InternationalizationTest] userAttributeTest() STARTED
Account Console IT (chrome)	Run Account Console IT	2023-05-12T02:38:27.7684870Z InternationalizationTest ++ 02:37:58,750 INFO  [org.keycloak.testsuite.util.URLUtils] starting navigation
Account Console IT (chrome)	Run Account Console IT	2023-05-12T02:38:27.7685445Z InternationalizationTest ++ 02:37:58,754 INFO  [org.keycloak.testsuite.util.URLUtils] current URL:  https://localhost:8543/auth/realms/test/account/#/
Account Console IT (chrome)	Run Account Console IT	2023-05-12T02:38:27.7686255Z InternationalizationTest ++ 02:37:58,754 INFO  [org.keycloak.testsuite.util.URLUtils] navigating to https://localhost:8543/auth/realms/test/super-random-page
Account Console IT (chrome)	Run Account Console IT	2023-05-12T02:38:27.7687216Z InternationalizationTest ++ 02:37:59,370 INFO  [org.keycloak.testsuite.util.URLUtils] new current URL:  https://localhost:8543/auth/realms/test/super-random-page
Account Console IT (chrome)	Run Account Console IT	2023-05-12T02:38:27.7687792Z InternationalizationTest ++ 02:37:59,371 INFO  [org.keycloak.testsuite.util.URLUtils] navigation complete
Account Console IT (chrome)	Run Account Console IT	2023-05-12T02:38:27.7688530Z InternationalizationTest ++ 02:37:59,371 INFO  [org.keycloak.testsuite.ui.account2.InternationalizationTest] deleting cookies in 'test' realm
Account Console IT (chrome)	Run Account Console IT	2023-05-12T02:38:27.7689194Z InternationalizationTest ++ 02:37:59,402 DEBUG [org.keycloak.testsuite.ui.account2.InternationalizationTest] creating test user
Account Console IT (chrome)	Run Account Console IT	2023-05-12T02:38:27.7689773Z InternationalizationTest ++ 02:37:59,478 INFO  [org.keycloak.testsuite.util.URLUtils] starting navigation
Account Console IT (chrome)	Run Account Console IT	2023-05-12T02:38:27.7690497Z InternationalizationTest ++ 02:37:59,482 INFO  [org.keycloak.testsuite.util.URLUtils] current URL:  https://localhost:8543/auth/realms/test/super-random-page
Account Console IT (chrome)	Run Account Console IT	2023-05-12T02:38:27.7691139Z InternationalizationTest ++ 02:37:59,482 INFO  [org.keycloak.testsuite.util.URLUtils] navigating to https://localhost:8543/auth/realms/test/account/
Account Console IT (chrome)	Run Account Console IT	2023-05-12T02:38:27.7691693Z InternationalizationTest ++ 02:38:00,606 INFO  [org.keycloak.testsuite.util.WaitUtils] Wait: 2000ms
Account Console IT (chrome)	Run Account Console IT	2023-05-12T02:38:27.7692263Z InternationalizationTest ++ 02:38:02,611 INFO  [org.keycloak.testsuite.util.URLUtils] new current URL:  https://localhost:8543/auth/realms/test/account/#/
Account Console IT (chrome)	Run Account Console IT	2023-05-12T02:38:27.7692825Z InternationalizationTest ++ 02:38:02,611 INFO  [org.keycloak.testsuite.util.URLUtils] navigation complete
Account Console IT (chrome)	Run Account Console IT	2023-05-12T02:38:27.7693343Z InternationalizationTest ++ 02:38:02,661 INFO  [org.keycloak.testsuite.util.URLUtils] starting navigation
Account Console IT (chrome)	Run Account Console IT	2023-05-12T02:38:27.7693906Z InternationalizationTest ++ 02:38:02,665 INFO  [org.keycloak.testsuite.util.URLUtils] current URL:  https://localhost:8543/auth/realms/test/account/#/
Account Console IT (chrome)	Run Account Console IT	2023-05-12T02:38:27.7694531Z InternationalizationTest ++ 02:38:02,665 INFO  [org.keycloak.testsuite.util.URLUtils] navigating to https://localhost:8543/auth/realms/test/account/
Account Console IT (chrome)	Run Account Console IT	2023-05-12T02:38:27.7695090Z InternationalizationTest ++ 02:38:03,766 INFO  [org.keycloak.testsuite.util.WaitUtils] Wait: 2000ms
Account Console IT (chrome)	Run Account Console IT	2023-05-12T02:38:27.7695660Z InternationalizationTest ++ 02:38:05,771 INFO  [org.keycloak.testsuite.util.URLUtils] new current URL:  https://localhost:8543/auth/realms/test/account/#/
Account Console IT (chrome)	Run Account Console IT	2023-05-12T02:38:27.7696226Z InternationalizationTest ++ 02:38:05,771 INFO  [org.keycloak.testsuite.util.URLUtils] navigation complete
Account Console IT (chrome)	Run Account Console IT	2023-05-12T02:38:27.7696821Z InternationalizationTest ++ 02:38:06,476 INFO  [org.keycloak.testsuite.ui.account2.InternationalizationTest] calling all TestCleanup
Account Console IT (chrome)	Run Account Console IT	2023-05-12T02:38:27.7697640Z InternationalizationTest ++ 02:38:07,619 ERROR [org.keycloak.testsuite.ui.account2.InternationalizationTest] [InternationalizationTest] userAttributeTest() FAILED
Account Console IT (chrome)	Run Account Console IT	2023-05-12T02:38:27.7698411Z InternationalizationTest ++ 02:38:07,619 INFO  [org.keycloak.testsuite.ui.account2.InternationalizationTest] [InternationalizationTest] userAttributeTest() FINISHED
Account Console IT (chrome)	Run Account Console IT	2023-05-12T02:38:27.7698931Z InternationalizationTest ++ 
Account Console IT (chrome)	Run Account Console IT	2023-05-12T02:38:27.7699219Z InternationalizationTest ++ 
Account Console IT (chrome)	Run Account Console IT	2023-05-12T02:38:27.7699798Z InternationalizationTest ++ 02:38:07,619 WARN  [org.keycloak.testsuite.ui.account2.InternationalizationTest] [InternationalizationTest] shouldDisplayTimeUsingSelectedLocale() IGNORED
Account Console IT (chrome)	Run Account Console IT	2023-05-12T02:38:27.7700357Z InternationalizationTest ++ 
Account Console IT (chrome)	Run Account Console IT	2023-05-12T02:38:27.7700641Z InternationalizationTest ++ 
Account Console IT (chrome)	Run Account Console IT	2023-05-12T02:38:27.7701133Z InternationalizationTest ++ 02:38:07,624 INFO  [org.keycloak.testsuite.arquillian.AuthServerTestEnricher] removing test realms after test class
Account Console IT (chrome)	Run Account Console IT	2023-05-12T02:38:27.7701803Z InternationalizationTest ++ 02:38:07,898 INFO  [org.keycloak.testsuite.arquillian.AuthServerTestEnricher] removed realms: test, 
Account Console IT (chrome)	Run Account Console IT	2023-05-12T02:38:27.7702419Z InternationalizationTest ++ 02:38:08,008 INFO  [org.keycloak.testsuite.arquillian.AppServerTestEnricher] 
Account Console IT (chrome)	Run Account Console IT	2023-05-12T02:38:27.7702959Z InternationalizationTest ++ 
Account Console IT (chrome)	Run Account Console IT	2023-05-12T02:38:27.7703673Z InternationalizationTest ++ TEST CONTEXT: org.keycloak.testsuite.ui.account2.InternationalizationTest
Account Console IT (chrome)	Run Account Console IT	2023-05-12T02:38:27.7704111Z InternationalizationTest ++ 
Account Console IT (chrome)	Run Account Console IT	2023-05-12T02:38:27.7704642Z InternationalizationTest ++ 02:38:08,009 INFO  [org.keycloak.testsuite.ui.account2.InternationalizationTest] [InternationalizationTest] userAttributeTest() STARTED
Account Console IT (chrome)	Run Account Console IT	2023-05-12T02:38:27.7705344Z InternationalizationTest ++ 02:38:08,215 INFO  [org.keycloak.testsuite.drone.KeycloakDronePostSetup] Detected browser: chrome 113.0.5672.63
Account Console IT (chrome)	Run Account Console IT	2023-05-12T02:38:27.7706049Z InternationalizationTest ++ 02:38:08,216 INFO  [org.keycloak.testsuite.drone.KeycloakDronePostSetup] Configuring driver settings. implicitWait=2000, pageLoadTimeout=10000
Account Console IT (chrome)	Run Account Console IT	2023-05-12T02:38:27.7706750Z InternationalizationTest ++ 02:38:08,486 DEBUG [org.keycloak.testsuite.ui.account2.InternationalizationTest] loading test realms
Account Console IT (chrome)	Run Account Console IT	2023-05-12T02:38:27.7707714Z InternationalizationTest ++ 2023-05-12 02:38:08,545 WARN  [org.keycloak.theme.DefaultThemeManager] (executor-thread-225) Not found parent theme 'keycloak' of theme 'address'. Unable to load ADMIN theme 'address' due to this.
Account Console IT (chrome)	Run Account Console IT	2023-05-12T02:38:27.7708663Z InternationalizationTest ++ 2023-05-12 02:38:08,545 ERROR [org.keycloak.theme.DefaultThemeManager] (executor-thread-225) Failed to find ADMIN theme address, using built-in themes
Account Console IT (chrome)	Run Account Console IT	2023-05-12T02:38:27.7709658Z InternationalizationTest ++ 2023-05-12 02:38:08,545 WARN  [org.keycloak.theme.DefaultThemeManager] (executor-thread-225) Not found theme 'admin/keycloak' referenced as import of theme 'incorrect'. Unable to load ADMIN theme 'incorrect' due to this.
Account Console IT (chrome)	Run Account Console IT	2023-05-12T02:38:27.7710612Z InternationalizationTest ++ 2023-05-12 02:38:08,546 ERROR [org.keycloak.theme.DefaultThemeManager] (executor-thread-225) Failed to find ADMIN theme incorrect, using built-in themes
Account Console IT (chrome)	Run Account Console IT	2023-05-12T02:38:27.7711295Z InternationalizationTest ++ 02:38:08,586 INFO  [org.keycloak.testsuite.ui.account2.InternationalizationTest] importing test realms
Account Console IT (chrome)	Run Account Console IT	2023-05-12T02:38:27.7712090Z InternationalizationTest ++ 02:38:08,586 DEBUG [org.keycloak.testsuite.ui.account2.InternationalizationTest] --importing realm: test
Account Console IT (chrome)	Run Account Console IT	2023-05-12T02:38:27.7712678Z InternationalizationTest ++ 02:38:09,627 INFO  [org.keycloak.testsuite.util.URLUtils] starting navigation
Account Console IT (chrome)	Run Account Console IT	2023-05-12T02:38:27.7713191Z InternationalizationTest ++ 02:38:09,631 INFO  [org.keycloak.testsuite.util.URLUtils] current URL:  data:,
Account Console IT (chrome)	Run Account Console IT	2023-05-12T02:38:27.7713944Z InternationalizationTest ++ 02:38:09,631 INFO  [org.keycloak.testsuite.util.URLUtils] navigating to https://localhost:8543/auth/realms/test/super-random-page
Account Console IT (chrome)	Run Account Console IT	2023-05-12T02:38:27.7714909Z InternationalizationTest ++ 02:38:10,318 INFO  [org.keycloak.testsuite.util.URLUtils] new current URL:  https://localhost:8543/auth/realms/test/super-random-page
Account Console IT (chrome)	Run Account Console IT	2023-05-12T02:38:27.7715491Z InternationalizationTest ++ 02:38:10,318 INFO  [org.keycloak.testsuite.util.URLUtils] navigation complete
Account Console IT (chrome)	Run Account Console IT	2023-05-12T02:38:27.7716221Z InternationalizationTest ++ 02:38:10,318 INFO  [org.keycloak.testsuite.ui.account2.InternationalizationTest] deleting cookies in 'test' realm
Account Console IT (chrome)	Run Account Console IT	2023-05-12T02:38:27.7716887Z InternationalizationTest ++ 02:38:10,339 DEBUG [org.keycloak.testsuite.ui.account2.InternationalizationTest] creating test user
Account Console IT (chrome)	Run Account Console IT	2023-05-12T02:38:27.7717465Z InternationalizationTest ++ 02:38:10,414 INFO  [org.keycloak.testsuite.util.URLUtils] starting navigation
Account Console IT (chrome)	Run Account Console IT	2023-05-12T02:38:27.7718199Z InternationalizationTest ++ 02:38:10,418 INFO  [org.keycloak.testsuite.util.URLUtils] current URL:  https://localhost:8543/auth/realms/test/super-random-page
Account Console IT (chrome)	Run Account Console IT	2023-05-12T02:38:27.7718857Z InternationalizationTest ++ 02:38:10,418 INFO  [org.keycloak.testsuite.util.URLUtils] navigating to https://localhost:8543/auth/realms/test/account/
Account Console IT (chrome)	Run Account Console IT	2023-05-12T02:38:27.7719411Z InternationalizationTest ++ 02:38:11,604 INFO  [org.keycloak.testsuite.util.WaitUtils] Wait: 2000ms
Account Console IT (chrome)	Run Account Console IT	2023-05-12T02:38:27.7719980Z InternationalizationTest ++ 02:38:13,609 INFO  [org.keycloak.testsuite.util.URLUtils] new current URL:  https://localhost:8543/auth/realms/test/account/#/
Account Console IT (chrome)	Run Account Console IT	2023-05-12T02:38:27.7720657Z InternationalizationTest ++ 02:38:13,609 INFO  [org.keycloak.testsuite.util.URLUtils] navigation complete
Account Console IT (chrome)	Run Account Console IT	2023-05-12T02:38:27.7721160Z InternationalizationTest ++ 02:38:13,661 INFO  [org.keycloak.testsuite.util.URLUtils] starting navigation
Account Console IT (chrome)	Run Account Console IT	2023-05-12T02:38:27.7721726Z InternationalizationTest ++ 02:38:13,665 INFO  [org.keycloak.testsuite.util.URLUtils] current URL:  https://localhost:8543/auth/realms/test/account/#/
Account Console IT (chrome)	Run Account Console IT	2023-05-12T02:38:27.7722352Z InternationalizationTest ++ 02:38:13,665 INFO  [org.keycloak.testsuite.util.URLUtils] navigating to https://localhost:8543/auth/realms/test/account/
Account Console IT (chrome)	Run Account Console IT	2023-05-12T02:38:27.7722909Z InternationalizationTest ++ 02:38:14,785 INFO  [org.keycloak.testsuite.util.WaitUtils] Wait: 2000ms
Account Console IT (chrome)	Run Account Console IT	2023-05-12T02:38:27.7723482Z InternationalizationTest ++ 02:38:16,790 INFO  [org.keycloak.testsuite.util.URLUtils] new current URL:  https://localhost:8543/auth/realms/test/account/#/
Account Console IT (chrome)	Run Account Console IT	2023-05-12T02:38:27.7724056Z InternationalizationTest ++ 02:38:16,790 INFO  [org.keycloak.testsuite.util.URLUtils] navigation complete
Account Console IT (chrome)	Run Account Console IT	2023-05-12T02:38:27.7724646Z InternationalizationTest ++ 02:38:17,511 INFO  [org.keycloak.testsuite.ui.account2.InternationalizationTest] calling all TestCleanup
Account Console IT (chrome)	Run Account Console IT	2023-05-12T02:38:27.7725356Z InternationalizationTest ++ 02:38:17,736 ERROR [org.keycloak.testsuite.ui.account2.InternationalizationTest] [InternationalizationTest] userAttributeTest() FAILED
Account Console IT (chrome)	Run Account Console IT	2023-05-12T02:38:27.7726109Z InternationalizationTest ++ 02:38:17,736 INFO  [org.keycloak.testsuite.ui.account2.InternationalizationTest] [InternationalizationTest] userAttributeTest() FINISHED
Account Console IT (chrome)	Run Account Console IT	2023-05-12T02:38:27.7726619Z InternationalizationTest ++ 
Account Console IT (chrome)	Run Account Console IT	2023-05-12T02:38:27.7726904Z InternationalizationTest ++ 
Account Console IT (chrome)	Run Account Console IT	2023-05-12T02:38:27.7727396Z InternationalizationTest ++ 02:38:17,742 INFO  [org.keycloak.testsuite.arquillian.AuthServerTestEnricher] removing test realms after test class
Account Console IT (chrome)	Run Account Console IT	2023-05-12T02:38:27.7728070Z InternationalizationTest ++ 02:38:17,998 INFO  [org.keycloak.testsuite.arquillian.AuthServerTestEnricher] removed realms: test, 
Account Console IT (chrome)	Run Account Console IT	2023-05-12T02:38:27.7728688Z InternationalizationTest ++ 02:38:18,137 INFO  [org.keycloak.testsuite.arquillian.AppServerTestEnricher] 
Account Console IT (chrome)	Run Account Console IT	2023-05-12T02:38:27.7729121Z InternationalizationTest ++ 
Account Console IT (chrome)	Run Account Console IT	2023-05-12T02:38:27.7729576Z InternationalizationTest ++ TEST CONTEXT: org.keycloak.testsuite.ui.account2.InternationalizationTest
Account Console IT (chrome)	Run Account Console IT	2023-05-12T02:38:27.7730015Z InternationalizationTest ++ 
Account Console IT (chrome)	Run Account Console IT	2023-05-12T02:38:27.7730548Z InternationalizationTest ++ 02:38:18,138 INFO  [org.keycloak.testsuite.ui.account2.InternationalizationTest] [InternationalizationTest] userAttributeTest() STARTED
Account Console IT (chrome)	Run Account Console IT	2023-05-12T02:38:27.7731354Z InternationalizationTest ++ 02:38:18,312 INFO  [org.keycloak.testsuite.drone.KeycloakDronePostSetup] Detected browser: chrome 113.0.5672.63
Account Console IT (chrome)	Run Account Console IT	2023-05-12T02:38:27.7732044Z InternationalizationTest ++ 02:38:18,312 INFO  [org.keycloak.testsuite.drone.KeycloakDronePostSetup] Configuring driver settings. implicitWait=2000, pageLoadTimeout=10000
Account Console IT (chrome)	Run Account Console IT	2023-05-12T02:38:27.7732747Z InternationalizationTest ++ 02:38:18,601 DEBUG [org.keycloak.testsuite.ui.account2.InternationalizationTest] loading test realms
Account Console IT (chrome)	Run Account Console IT	2023-05-12T02:38:27.7733702Z InternationalizationTest ++ 2023-05-12 02:38:18,658 WARN  [org.keycloak.theme.DefaultThemeManager] (executor-thread-164) Not found parent theme 'keycloak' of theme 'address'. Unable to load ADMIN theme 'address' due to this.
Account Console IT (chrome)	Run Account Console IT	2023-05-12T02:38:27.7734614Z InternationalizationTest ++ 2023-05-12 02:38:18,658 ERROR [org.keycloak.theme.DefaultThemeManager] (executor-thread-164) Failed to find ADMIN theme address, using built-in themes
Account Console IT (chrome)	Run Account Console IT	2023-05-12T02:38:27.7735608Z InternationalizationTest ++ 2023-05-12 02:38:18,658 WARN  [org.keycloak.theme.DefaultThemeManager] (executor-thread-164) Not found theme 'admin/keycloak' referenced as import of theme 'incorrect'. Unable to load ADMIN theme 'incorrect' due to this.
Account Console IT (chrome)	Run Account Console IT	2023-05-12T02:38:27.7736546Z InternationalizationTest ++ 2023-05-12 02:38:18,659 ERROR [org.keycloak.theme.DefaultThemeManager] (executor-thread-164) Failed to find ADMIN theme incorrect, using built-in themes
Account Console IT (chrome)	Run Account Console IT	2023-05-12T02:38:27.7737330Z InternationalizationTest ++ 02:38:18,673 INFO  [org.keycloak.testsuite.ui.account2.InternationalizationTest] importing test realms
Account Console IT (chrome)	Run Account Console IT	2023-05-12T02:38:27.7738119Z InternationalizationTest ++ 02:38:18,673 DEBUG [org.keycloak.testsuite.ui.account2.InternationalizationTest] --importing realm: test
Account Console IT (chrome)	Run Account Console IT	2023-05-12T02:38:27.7738725Z InternationalizationTest ++ 02:38:19,241 INFO  [org.keycloak.testsuite.util.URLUtils] starting navigation
Account Console IT (chrome)	Run Account Console IT	2023-05-12T02:38:27.7774242Z InternationalizationTest ++ 02:38:19,245 INFO  [org.keycloak.testsuite.util.URLUtils] current URL:  data:,
Account Console IT (chrome)	Run Account Console IT	2023-05-12T02:38:27.7775223Z InternationalizationTest ++ 02:38:19,245 INFO  [org.keycloak.testsuite.util.URLUtils] navigating to https://localhost:8543/auth/realms/test/super-random-page
Account Console IT (chrome)	Run Account Console IT	2023-05-12T02:38:27.7776054Z InternationalizationTest ++ 02:38:19,980 INFO  [org.keycloak.testsuite.util.URLUtils] new current URL:  https://localhost:8543/auth/realms/test/super-random-page
Account Console IT (chrome)	Run Account Console IT	2023-05-12T02:38:27.7776655Z InternationalizationTest ++ 02:38:19,980 INFO  [org.keycloak.testsuite.util.URLUtils] navigation complete
Account Console IT (chrome)	Run Account Console IT	2023-05-12T02:38:27.7777397Z InternationalizationTest ++ 02:38:19,980 INFO  [org.keycloak.testsuite.ui.account2.InternationalizationTest] deleting cookies in 'test' realm
Account Console IT (chrome)	Run Account Console IT	2023-05-12T02:38:27.7778069Z InternationalizationTest ++ 02:38:20,003 DEBUG [org.keycloak.testsuite.ui.account2.InternationalizationTest] creating test user
Account Console IT (chrome)	Run Account Console IT	2023-05-12T02:38:27.7778654Z InternationalizationTest ++ 02:38:20,076 INFO  [org.keycloak.testsuite.util.URLUtils] starting navigation
Account Console IT (chrome)	Run Account Console IT	2023-05-12T02:38:27.7779539Z InternationalizationTest ++ 02:38:20,080 INFO  [org.keycloak.testsuite.util.URLUtils] current URL:  https://localhost:8543/auth/realms/test/super-random-page
Account Console IT (chrome)	Run Account Console IT	2023-05-12T02:38:27.7780190Z InternationalizationTest ++ 02:38:20,080 INFO  [org.keycloak.testsuite.util.URLUtils] navigating to https://localhost:8543/auth/realms/test/account/
Account Console IT (chrome)	Run Account Console IT	2023-05-12T02:38:27.7780758Z InternationalizationTest ++ 02:38:21,217 INFO  [org.keycloak.testsuite.util.WaitUtils] Wait: 2000ms
Account Console IT (chrome)	Run Account Console IT	2023-05-12T02:38:27.7781329Z InternationalizationTest ++ 02:38:23,222 INFO  [org.keycloak.testsuite.util.URLUtils] new current URL:  https://localhost:8543/auth/realms/test/account/#/
Account Console IT (chrome)	Run Account Console IT	2023-05-12T02:38:27.7781897Z InternationalizationTest ++ 02:38:23,222 INFO  [org.keycloak.testsuite.util.URLUtils] navigation complete
Account Console IT (chrome)	Run Account Console IT	2023-05-12T02:38:27.7782405Z InternationalizationTest ++ 02:38:23,271 INFO  [org.keycloak.testsuite.util.URLUtils] starting navigation
Account Console IT (chrome)	Run Account Console IT	2023-05-12T02:38:27.7782972Z InternationalizationTest ++ 02:38:23,275 INFO  [org.keycloak.testsuite.util.URLUtils] current URL:  https://localhost:8543/auth/realms/test/account/#/
Account Console IT (chrome)	Run Account Console IT	2023-05-12T02:38:27.7784112Z InternationalizationTest ++ 02:38:23,275 INFO  [org.keycloak.testsuite.util.URLUtils] navigating to https://localhost:8543/auth/realms/test/account/
Account Console IT (chrome)	Run Account Console IT	2023-05-12T02:38:27.7784669Z InternationalizationTest ++ 02:38:24,373 INFO  [org.keycloak.testsuite.util.WaitUtils] Wait: 2000ms
Account Console IT (chrome)	Run Account Console IT	2023-05-12T02:38:27.7785242Z InternationalizationTest ++ 02:38:26,377 INFO  [org.keycloak.testsuite.util.URLUtils] new current URL:  https://localhost:8543/auth/realms/test/account/#/
Account Console IT (chrome)	Run Account Console IT	2023-05-12T02:38:27.7785806Z InternationalizationTest ++ 02:38:26,377 INFO  [org.keycloak.testsuite.util.URLUtils] navigation complete
Account Console IT (chrome)	Run Account Console IT	2023-05-12T02:38:27.7786394Z InternationalizationTest ++ 02:38:27,104 INFO  [org.keycloak.testsuite.ui.account2.InternationalizationTest] calling all TestCleanup
Account Console IT (chrome)	Run Account Console IT	2023-05-12T02:38:27.7787107Z InternationalizationTest ++ 02:38:27,338 ERROR [org.keycloak.testsuite.ui.account2.InternationalizationTest] [InternationalizationTest] userAttributeTest() FAILED
Account Console IT (chrome)	Run Account Console IT	2023-05-12T02:38:27.7787872Z InternationalizationTest ++ 02:38:27,338 INFO  [org.keycloak.testsuite.ui.account2.InternationalizationTest] [InternationalizationTest] userAttributeTest() FINISHED
Account Console IT (chrome)	Run Account Console IT	2023-05-12T02:38:27.7788384Z InternationalizationTest ++ 
Account Console IT (chrome)	Run Account Console IT	2023-05-12T02:38:27.7788683Z InternationalizationTest ++ 
Account Console IT (chrome)	Run Account Console IT	2023-05-12T02:38:27.7789316Z InternationalizationTest ++ 02:38:27,345 INFO  [org.keycloak.testsuite.arquillian.AuthServerTestEnricher] removing test realms after test class
Account Console IT (chrome)	Run Account Console IT	2023-05-12T02:38:27.7789982Z InternationalizationTest ++ 02:38:27,611 INFO  [org.keycloak.testsuite.arquillian.AuthServerTestEnricher] removed realms: test, 
Account Console IT (chrome)	Run Account Console IT	2023-05-12T02:38:27.7790320Z 
Account Console IT (chrome)	Run Account Console IT	2023-05-12T02:38:27.7790711Z --------- org.keycloak.testsuite.ui.account2.InternationalizationTest output end  ---------
Account Console IT (chrome)	Run Account Console IT	2023-05-12T02:38:27.7791492Z [ERROR] Tests run: 6, Failures: 3, Errors: 0, Skipped: 2, Time elapsed: 44.403 s <<< FAILURE! - in org.keycloak.testsuite.ui.account2.InternationalizationTest
Account Console IT (chrome)	Run Account Console IT	2023-05-12T02:38:27.7792319Z -- [ERROR] org.keycloak.testsuite.ui.account2.InternationalizationTest.userAttributeTest  Time elapsed: 9.038 s  <<< FAILURE!
Account Console IT (chrome)	Run Account Console IT	2023-05-12T02:38:27.7792959Z -- org.junit.ComparisonFailure: expected:<[English]> but was:<[und]>
Account Console IT (chrome)	Run Account Console IT	2023-05-12T02:38:27.7793406Z -- 	at org.junit.Assert.assertEquals(Assert.java:117)
Account Console IT (chrome)	Run Account Console IT	2023-05-12T02:38:27.7793830Z -- 	at org.junit.Assert.assertEquals(Assert.java:146)
Account Console IT (chrome)	Run Account Console IT	2023-05-12T02:38:27.7794529Z -- 	at org.keycloak.testsuite.ui.account2.InternationalizationTest.userAttributeTest(InternationalizationTest.java:105)
Account Console IT (chrome)	Run Account Console IT	2023-05-12T02:38:27.7795273Z -- 	at java.base/jdk.internal.reflect.NativeMethodAccessorImpl.invoke0(Native Method)
Account Console IT (chrome)	Run Account Console IT	2023-05-12T02:38:27.7795954Z -- 	at java.base/jdk.internal.reflect.NativeMethodAccessorImpl.invoke(NativeMethodAccessorImpl.java:77)
Account Console IT (chrome)	Run Account Console IT	2023-05-12T02:38:27.7796704Z -- 	at java.base/jdk.internal.reflect.DelegatingMethodAccessorImpl.invoke(DelegatingMethodAccessorImpl.java:43)
Account Console IT (chrome)	Run Account Console IT	2023-05-12T02:38:27.7797302Z -- 	at java.base/java.lang.reflect.Method.invoke(Method.java:568)
Account Console IT (chrome)	Run Account Console IT	2023-05-12T02:38:27.7797858Z -- 	at org.junit.runners.model.FrameworkMethod$1.runReflectiveCall(FrameworkMethod.java:59)
Account Console IT (chrome)	Run Account Console IT	2023-05-12T02:38:27.7798487Z -- 	at org.junit.internal.runners.model.ReflectiveCallable.run(ReflectiveCallable.java:12)
Account Console IT (chrome)	Run Account Console IT	2023-05-12T02:38:27.7799144Z -- 	at org.junit.runners.model.FrameworkMethod.invokeExplosively(FrameworkMethod.java:56)
Account Console IT (chrome)	Run Account Console IT	2023-05-12T02:38:27.7799754Z -- 	at org.jboss.arquillian.junit.Arquillian$8$1.invokeMethod(Arquillian.java:325)
Account Console IT (chrome)	Run Account Console IT	2023-05-12T02:38:27.7800307Z -- 	at org.jboss.arquillian.junit.MethodInvoker$1.invoke(MethodInvoker.java:18)
Account Console IT (chrome)	Run Account Console IT	2023-05-12T02:38:27.7801023Z -- 	at org.jboss.arquillian.container.test.impl.execution.LocalTestExecuter.execute(LocalTestExecuter.java:57)
Account Console IT (chrome)	Run Account Console IT	2023-05-12T02:38:27.7801779Z -- 	at org.keycloak.testsuite.arquillian.ModelTestExecutor.execute(ModelTestExecutor.java:51)
Account Console IT (chrome)	Run Account Console IT	2023-05-12T02:38:27.7802415Z -- 	at jdk.internal.reflect.GeneratedMethodAccessor173.invoke(Unknown Source)
Account Console IT (chrome)	Run Account Console IT	2023-05-12T02:38:27.7803236Z -- 	at java.base/jdk.internal.reflect.DelegatingMethodAccessorImpl.invoke(DelegatingMethodAccessorImpl.java:43)
Account Console IT (chrome)	Run Account Console IT	2023-05-12T02:38:27.7803838Z -- 	at java.base/java.lang.reflect.Method.invoke(Method.java:568)
Account Console IT (chrome)	Run Account Console IT	2023-05-12T02:38:27.7804375Z -- 	at org.jboss.arquillian.core.impl.ObserverImpl.invoke(ObserverImpl.java:86)
Account Console IT (chrome)	Run Account Console IT	2023-05-12T02:38:27.7805039Z -- 	at org.jboss.arquillian.core.impl.EventContextImpl.invokeObservers(EventContextImpl.java:103)
Account Console IT (chrome)	Run Account Console IT	2023-05-12T02:38:27.7805731Z -- 	at org.jboss.arquillian.core.impl.EventContextImpl.proceed(EventContextImpl.java:90)
Account Console IT (chrome)	Run Account Console IT	2023-05-12T02:38:27.7806337Z -- 	at org.jboss.arquillian.core.impl.ManagerImpl.fire(ManagerImpl.java:133)
Account Console IT (chrome)	Run Account Console IT	2023-05-12T02:38:27.7806907Z -- 	at org.jboss.arquillian.core.impl.ManagerImpl.fire(ManagerImpl.java:105)
Account Console IT (chrome)	Run Account Console IT	2023-05-12T02:38:27.7807464Z -- 	at org.jboss.arquillian.core.impl.EventImpl.fire(EventImpl.java:62)
Account Console IT (chrome)	Run Account Console IT	2023-05-12T02:38:27.7808175Z -- 	at org.jboss.arquillian.container.test.impl.execution.ClientTestExecuter.execute(ClientTestExecuter.java:50)
Account Console IT (chrome)	Run Account Console IT	2023-05-12T02:38:27.7808891Z -- 	at jdk.internal.reflect.GeneratedMethodAccessor172.invoke(Unknown Source)
Account Console IT (chrome)	Run Account Console IT	2023-05-12T02:38:27.7809591Z -- 	at java.base/jdk.internal.reflect.DelegatingMethodAccessorImpl.invoke(DelegatingMethodAccessorImpl.java:43)
Account Console IT (chrome)	Run Account Console IT	2023-05-12T02:38:27.7810191Z -- 	at java.base/java.lang.reflect.Method.invoke(Method.java:568)
Account Console IT (chrome)	Run Account Console IT	2023-05-12T02:38:27.7810726Z -- 	at org.jboss.arquillian.core.impl.ObserverImpl.invoke(ObserverImpl.java:86)
Account Console IT (chrome)	Run Account Console IT	2023-05-12T02:38:27.7811498Z -- 	at org.jboss.arquillian.core.impl.EventContextImpl.invokeObservers(EventContextImpl.java:103)
Account Console IT (chrome)	Run Account Console IT	2023-05-12T02:38:27.7812178Z -- 	at org.jboss.arquillian.core.impl.EventContextImpl.proceed(EventContextImpl.java:90)
Account Console IT (chrome)	Run Account Console IT	2023-05-12T02:38:27.7813016Z -- 	at org.jboss.arquillian.container.test.impl.client.ContainerEventController.createContext(ContainerEventController.java:128)
Account Console IT (chrome)	Run Account Console IT	2023-05-12T02:38:27.7814020Z -- 	at org.jboss.arquillian.container.test.impl.client.ContainerEventController.createTestContext(ContainerEventController.java:118)
Account Console IT (chrome)	Run Account Console IT	2023-05-12T02:38:27.7814820Z -- 	at jdk.internal.reflect.GeneratedMethodAccessor171.invoke(Unknown Source)
Account Console IT (chrome)	Run Account Console IT	2023-05-12T02:38:27.7815519Z -- 	at java.base/jdk.internal.reflect.DelegatingMethodAccessorImpl.invoke(DelegatingMethodAccessorImpl.java:43)
Account Console IT (chrome)	Run Account Console IT	2023-05-12T02:38:27.7816123Z -- 	at java.base/java.lang.reflect.Method.invoke(Method.java:568)
Account Console IT (chrome)	Run Account Console IT	2023-05-12T02:38:27.7816661Z -- 	at org.jboss.arquillian.core.impl.ObserverImpl.invoke(ObserverImpl.java:86)
Account Console IT (chrome)	Run Account Console IT	2023-05-12T02:38:27.7817295Z -- 	at org.jboss.arquillian.core.impl.EventContextImpl.proceed(EventContextImpl.java:95)
Account Console IT (chrome)	Run Account Console IT	2023-05-12T02:38:27.7818007Z -- 	at org.jboss.arquillian.test.impl.TestContextHandler.createTestContext(TestContextHandler.java:116)
Account Console IT (chrome)	Run Account Console IT	2023-05-12T02:38:27.7818666Z -- 	at jdk.internal.reflect.GeneratedMethodAccessor7.invoke(Unknown Source)
Account Console IT (chrome)	Run Account Console IT	2023-05-12T02:38:27.7819360Z -- 	at java.base/jdk.internal.reflect.DelegatingMethodAccessorImpl.invoke(DelegatingMethodAccessorImpl.java:43)
Account Console IT (chrome)	Run Account Console IT	2023-05-12T02:38:27.7819959Z -- 	at java.base/java.lang.reflect.Method.invoke(Method.java:568)
Account Console IT (chrome)	Run Account Console IT	2023-05-12T02:38:27.7820497Z -- 	at org.jboss.arquillian.core.impl.ObserverImpl.invoke(ObserverImpl.java:86)
Account Console IT (chrome)	Run Account Console IT	2023-05-12T02:38:27.7821130Z -- 	at org.jboss.arquillian.core.impl.EventContextImpl.proceed(EventContextImpl.java:95)
Account Console IT (chrome)	Run Account Console IT	2023-05-12T02:38:27.7821849Z -- 	at org.jboss.arquillian.test.impl.TestContextHandler.createClassContext(TestContextHandler.java:83)
Account Console IT (chrome)	Run Account Console IT	2023-05-12T02:38:27.7822516Z -- 	at jdk.internal.reflect.GeneratedMethodAccessor6.invoke(Unknown Source)
Account Console IT (chrome)	Run Account Console IT	2023-05-12T02:38:27.7823328Z -- 	at java.base/jdk.internal.reflect.DelegatingMethodAccessorImpl.invoke(DelegatingMethodAccessorImpl.java:43)
Account Console IT (chrome)	Run Account Console IT	2023-05-12T02:38:27.7823960Z -- 	at java.base/java.lang.reflect.Method.invoke(Method.java:568)
Account Console IT (chrome)	Run Account Console IT	2023-05-12T02:38:27.7824497Z -- 	at org.jboss.arquillian.core.impl.ObserverImpl.invoke(ObserverImpl.java:86)
Account Console IT (chrome)	Run Account Console IT	2023-05-12T02:38:27.7825122Z -- 	at org.jboss.arquillian.core.impl.EventContextImpl.proceed(EventContextImpl.java:95)
Account Console IT (chrome)	Run Account Console IT	2023-05-12T02:38:27.7825841Z -- 	at org.jboss.arquillian.test.impl.TestContextHandler.createSuiteContext(TestContextHandler.java:69)
Account Console IT (chrome)	Run Account Console IT	2023-05-12T02:38:27.7826650Z -- 	at jdk.internal.reflect.GeneratedMethodAccessor5.invoke(Unknown Source)
Account Console IT (chrome)	Run Account Console IT	2023-05-12T02:38:27.7827345Z -- 	at java.base/jdk.internal.reflect.DelegatingMethodAccessorImpl.invoke(DelegatingMethodAccessorImpl.java:43)
Account Console IT (chrome)	Run Account Console IT	2023-05-12T02:38:27.7827953Z -- 	at java.base/java.lang.reflect.Method.invoke(Method.java:568)
Account Console IT (chrome)	Run Account Console IT	2023-05-12T02:38:27.7828494Z -- 	at org.jboss.arquillian.core.impl.ObserverImpl.invoke(ObserverImpl.java:86)
Account Console IT (chrome)	Run Account Console IT	2023-05-12T02:38:27.7829119Z -- 	at org.jboss.arquillian.core.impl.EventContextImpl.proceed(EventContextImpl.java:95)
Account Console IT (chrome)	Run Account Console IT	2023-05-12T02:38:27.7829726Z -- 	at org.jboss.arquillian.core.impl.ManagerImpl.fire(ManagerImpl.java:133)
Account Console IT (chrome)	Run Account Console IT	2023-05-12T02:38:27.7830375Z -- 	at org.jboss.arquillian.test.impl.EventTestRunnerAdaptor.test(EventTestRunnerAdaptor.java:139)
Account Console IT (chrome)	Run Account Console IT	2023-05-12T02:38:27.7831007Z -- 	at org.jboss.arquillian.junit.MethodInvoker.invoke(MethodInvoker.java:15)
Account Console IT (chrome)	Run Account Console IT	2023-05-12T02:38:27.7831551Z -- 	at org.jboss.arquillian.junit.Arquillian$8.evaluate(Arquillian.java:332)
Account Console IT (chrome)	Run Account Console IT	2023-05-12T02:38:27.7832081Z -- 	at org.jboss.arquillian.junit.Arquillian$4.evaluate(Arquillian.java:204)
Account Console IT (chrome)	Run Account Console IT	2023-05-12T02:38:27.7832631Z -- 	at org.jboss.arquillian.junit.Arquillian.multiExecute(Arquillian.java:350)
Account Console IT (chrome)	Run Account Console IT	2023-05-12T02:38:27.7833191Z -- 	at org.jboss.arquillian.junit.Arquillian.access$200(Arquillian.java:54)
Account Console IT (chrome)	Run Account Console IT	2023-05-12T02:38:27.7833982Z -- 	at org.jboss.arquillian.junit.Arquillian$5.evaluate(Arquillian.java:215)
Account Console IT (chrome)	Run Account Console IT	2023-05-12T02:38:27.7834516Z -- 	at org.jboss.arquillian.junit.Arquillian$7$1.invoke(Arquillian.java:279)
Account Console IT (chrome)	Run Account Console IT	2023-05-12T02:38:27.7835419Z -- 	at org.jboss.arquillian.container.test.impl.execution.ClientBeforeAfterLifecycleEventExecuter.execute(ClientBeforeAfterLifecycleEventExecuter.java:88)
Account Console IT (chrome)	Run Account Console IT	2023-05-12T02:38:27.7836609Z -- 	at org.jboss.arquillian.container.test.impl.execution.ClientBeforeAfterLifecycleEventExecuter.on(ClientBeforeAfterLifecycleEventExecuter.java:66)
Account Console IT (chrome)	Run Account Console IT	2023-05-12T02:38:27.7837453Z -- 	at jdk.internal.reflect.GeneratedMethodAccessor15.invoke(Unknown Source)
Account Console IT (chrome)	Run Account Console IT	2023-05-12T02:38:27.7838153Z -- 	at java.base/jdk.internal.reflect.DelegatingMethodAccessorImpl.invoke(DelegatingMethodAccessorImpl.java:43)
Account Console IT (chrome)	Run Account Console IT	2023-05-12T02:38:27.7838756Z -- 	at java.base/java.lang.reflect.Method.invoke(Method.java:568)
Account Console IT (chrome)	Run Account Console IT	2023-05-12T02:38:27.7839294Z -- 	at org.jboss.arquillian.core.impl.ObserverImpl.invoke(ObserverImpl.java:86)
Account Console IT (chrome)	Run Account Console IT	2023-05-12T02:38:27.7844171Z -- 	at org.jboss.arquillian.core.impl.EventContextImpl.invokeObservers(EventContextImpl.java:103)
Account Console IT (chrome)	Run Account Console IT	2023-05-12T02:38:27.7844952Z -- 	at org.jboss.arquillian.core.impl.EventContextImpl.proceed(EventContextImpl.java:90)
Account Console IT (chrome)	Run Account Console IT	2023-05-12T02:38:27.7845822Z -- 	at org.jboss.arquillian.container.test.impl.client.ContainerEventController.createContext(ContainerEventController.java:128)
Account Console IT (chrome)	Run Account Console IT	2023-05-12T02:38:27.7846850Z -- 	at org.jboss.arquillian.container.test.impl.client.ContainerEventController.createBeforeContext(ContainerEventController.java:114)
Account Console IT (chrome)	Run Account Console IT	2023-05-12T02:38:27.7875733Z -- 	at jdk.internal.reflect.GeneratedMethodAccessor12.invoke(Unknown Source)
Account Console IT (chrome)	Run Account Console IT	2023-05-12T02:38:27.7876502Z -- 	at java.base/jdk.internal.reflect.DelegatingMethodAccessorImpl.invoke(DelegatingMethodAccessorImpl.java:43)
Account Console IT (chrome)	Run Account Console IT	2023-05-12T02:38:27.7877119Z -- 	at java.base/java.lang.reflect.Method.invoke(Method.java:568)
Account Console IT (chrome)	Run Account Console IT	2023-05-12T02:38:27.7877666Z -- 	at org.jboss.arquillian.core.impl.ObserverImpl.invoke(ObserverImpl.java:86)
Account Console IT (chrome)	Run Account Console IT	2023-05-12T02:38:27.7878314Z -- 	at org.jboss.arquillian.core.impl.EventContextImpl.proceed(EventContextImpl.java:95)
Account Console IT (chrome)	Run Account Console IT	2023-05-12T02:38:27.7879040Z -- 	at org.jboss.arquillian.test.impl.TestContextHandler.createTestContext(TestContextHandler.java:116)
Account Console IT (chrome)	Run Account Console IT	2023-05-12T02:38:27.7880004Z -- 	at jdk.internal.reflect.GeneratedMethodAccessor7.invoke(Unknown Source)
Account Console IT (chrome)	Run Account Console IT	2023-05-12T02:38:27.7880731Z -- 	at java.base/jdk.internal.reflect.DelegatingMethodAccessorImpl.invoke(DelegatingMethodAccessorImpl.java:43)
Account Console IT (chrome)	Run Account Console IT	2023-05-12T02:38:27.7881372Z -- 	at java.base/java.lang.reflect.Method.invoke(Method.java:568)
Account Console IT (chrome)	Run Account Console IT	2023-05-12T02:38:27.7882090Z -- 	at org.jboss.arquillian.core.impl.ObserverImpl.invoke(ObserverImpl.java:86)
Account Console IT (chrome)	Run Account Console IT	2023-05-12T02:38:27.7886535Z -- 	at org.jboss.arquillian.core.impl.EventContextImpl.proceed(EventContextImpl.java:95)
Account Console IT (chrome)	Run Account Console IT	2023-05-12T02:38:27.7887274Z -- 	at org.jboss.arquillian.test.impl.TestContextHandler.createClassContext(TestContextHandler.java:83)
Account Console IT (chrome)	Run Account Console IT	2023-05-12T02:38:27.7891324Z -- 	at jdk.internal.reflect.GeneratedMethodAccessor6.invoke(Unknown Source)
Account Console IT (chrome)	Run Account Console IT	2023-05-12T02:38:27.7892079Z -- 	at java.base/jdk.internal.reflect.DelegatingMethodAccessorImpl.invoke(DelegatingMethodAccessorImpl.java:43)
Account Console IT (chrome)	Run Account Console IT	2023-05-12T02:38:27.7892688Z -- 	at java.base/java.lang.reflect.Method.invoke(Method.java:568)
Account Console IT (chrome)	Run Account Console IT	2023-05-12T02:38:27.7897746Z -- 	at org.jboss.arquillian.core.impl.ObserverImpl.invoke(ObserverImpl.java:86)
Account Console IT (chrome)	Run Account Console IT	2023-05-12T02:38:27.7905802Z -- 	at org.jboss.arquillian.core.impl.EventContextImpl.proceed(EventContextImpl.java:95)
Account Console IT (chrome)	Run Account Console IT	2023-05-12T02:38:27.7906682Z -- 	at org.jboss.arquillian.test.impl.TestContextHandler.createSuiteContext(TestContextHandler.java:69)
Account Console IT (chrome)	Run Account Console IT	2023-05-12T02:38:27.7907381Z -- 	at jdk.internal.reflect.GeneratedMethodAccessor5.invoke(Unknown Source)
Account Console IT (chrome)	Run Account Console IT	2023-05-12T02:38:27.7908106Z -- 	at java.base/jdk.internal.reflect.DelegatingMethodAccessorImpl.invoke(DelegatingMethodAccessorImpl.java:43)
Account Console IT (chrome)	Run Account Console IT	2023-05-12T02:38:27.7908714Z -- 	at java.base/java.lang.reflect.Method.invoke(Method.java:568)
Account Console IT (chrome)	Run Account Console IT	2023-05-12T02:38:27.7912640Z -- 	at org.jboss.arquillian.core.impl.ObserverImpl.invoke(ObserverImpl.java:86)
Account Console IT (chrome)	Run Account Console IT	2023-05-12T02:38:27.7913701Z -- 	at org.jboss.arquillian.core.impl.EventContextImpl.proceed(EventContextImpl.java:95)
Account Console IT (chrome)	Run Account Console IT	2023-05-12T02:38:27.7920240Z -- 	at org.jboss.arquillian.core.impl.ManagerImpl.fire(ManagerImpl.java:133)
Account Console IT (chrome)	Run Account Console IT	2023-05-12T02:38:27.7920991Z -- 	at org.jboss.arquillian.core.impl.ManagerImpl.fire(ManagerImpl.java:105)
Account Console IT (chrome)	Run Account Console IT	2023-05-12T02:38:27.7921727Z -- 	at org.jboss.arquillian.test.impl.EventTestRunnerAdaptor.fireCustomLifecycle(EventTestRunnerAdaptor.java:159)
Account Console IT (chrome)	Run Account Console IT	2023-05-12T02:38:27.7925675Z -- 	at org.jboss.arquillian.junit.Arquillian$7.evaluate(Arquillian.java:273)
Account Console IT (chrome)	Run Account Console IT	2023-05-12T02:38:27.7926369Z -- 	at org.junit.runners.BlockJUnit4ClassRunner$1.evaluate(BlockJUnit4ClassRunner.java:100)
Account Console IT (chrome)	Run Account Console IT	2023-05-12T02:38:27.7927102Z -- 	at org.junit.runners.ParentRunner.runLeaf(ParentRunner.java:366)
Account Console IT (chrome)	Run Account Console IT	2023-05-12T02:38:27.7927696Z -- 	at org.junit.runners.BlockJUnit4ClassRunner.runChild(BlockJUnit4ClassRunner.java:103)
Account Console IT (chrome)	Run Account Console IT	2023-05-12T02:38:27.7931830Z -- 	at org.junit.runners.BlockJUnit4ClassRunner.runChild(BlockJUnit4ClassRunner.java:63)
Account Console IT (chrome)	Run Account Console IT	2023-05-12T02:38:27.7932540Z -- 	at org.junit.runners.ParentRunner$4.run(ParentRunner.java:331)
Account Console IT (chrome)	Run Account Console IT	2023-05-12T02:38:27.7933043Z -- 	at org.junit.runners.ParentRunner$1.schedule(ParentRunner.java:79)
Account Console IT (chrome)	Run Account Console IT	2023-05-12T02:38:27.7933568Z -- 	at org.junit.runners.ParentRunner.runChildren(ParentRunner.java:329)
Account Console IT (chrome)	Run Account Console IT	2023-05-12T02:38:27.7934097Z -- 	at org.junit.runners.ParentRunner.access$100(ParentRunner.java:66)
Account Console IT (chrome)	Run Account Console IT	2023-05-12T02:38:27.7936432Z -- 	at org.junit.runners.ParentRunner$2.evaluate(ParentRunner.java:293)
Account Console IT (chrome)	Run Account Console IT	2023-05-12T02:38:27.7936977Z -- 	at org.jboss.arquillian.junit.Arquillian$2.evaluate(Arquillian.java:166)
Account Console IT (chrome)	Run Account Console IT	2023-05-12T02:38:27.7937545Z -- 	at org.jboss.arquillian.junit.Arquillian.multiExecute(Arquillian.java:350)
Account Console IT (chrome)	Run Account Console IT	2023-05-12T02:38:27.7938381Z -- 	at org.jboss.arquillian.junit.Arquillian.access$200(Arquillian.java:54)
Account Console IT (chrome)	Run Account Console IT	2023-05-12T02:38:27.7938932Z -- 	at org.jboss.arquillian.junit.Arquillian$3.evaluate(Arquillian.java:177)
Account Console IT (chrome)	Run Account Console IT	2023-05-12T02:38:27.7939453Z -- 	at org.junit.rules.ExternalResource$1.evaluate(ExternalResource.java:54)
Account Console IT (chrome)	Run Account Console IT	2023-05-12T02:38:27.7939941Z -- 	at org.junit.rules.RunRules.evaluate(RunRules.java:20)
Account Console IT (chrome)	Run Account Console IT	2023-05-12T02:38:27.7940419Z -- 	at org.junit.runners.ParentRunner$3.evaluate(ParentRunner.java:306)
Account Console IT (chrome)	Run Account Console IT	2023-05-12T02:38:27.7940907Z -- 	at org.junit.runners.ParentRunner.run(ParentRunner.java:413)
Account Console IT (chrome)	Run Account Console IT	2023-05-12T02:38:27.7941411Z -- 	at org.jboss.arquillian.junit.Arquillian.run(Arquillian.java:115)
Account Console IT (chrome)	Run Account Console IT	2023-05-12T02:38:27.7942235Z -- 	at org.apache.maven.surefire.junit4.JUnit4Provider.execute(JUnit4Provider.java:377)
Account Console IT (chrome)	Run Account Console IT	2023-05-12T02:38:27.7942924Z -- 	at org.apache.maven.surefire.junit4.JUnit4Provider.executeWithRerun(JUnit4Provider.java:284)
Account Console IT (chrome)	Run Account Console IT	2023-05-12T02:38:27.7943944Z -- 	at org.apache.maven.surefire.junit4.JUnit4Provider.executeTestSet(JUnit4Provider.java:248)
Account Console IT (chrome)	Run Account Console IT	2023-05-12T02:38:27.7946918Z -- 	at org.apache.maven.surefire.junit4.JUnit4Provider.invoke(JUnit4Provider.java:167)
Account Console IT (chrome)	Run Account Console IT	2023-05-12T02:38:27.7947646Z -- 	at org.apache.maven.surefire.booter.ForkedBooter.runSuitesInProcess(ForkedBooter.java:456)
Account Console IT (chrome)	Run Account Console IT	2023-05-12T02:38:27.7948331Z -- 	at org.apache.maven.surefire.booter.ForkedBooter.execute(ForkedBooter.java:169)
Account Console IT (chrome)	Run Account Console IT	2023-05-12T02:38:27.7952957Z -- 	at org.apache.maven.surefire.booter.ForkedBooter.run(ForkedBooter.java:595)
Account Console IT (chrome)	Run Account Console IT	2023-05-12T02:38:27.7953691Z -- 	at org.apache.maven.surefire.booter.ForkedBooter.main(ForkedBooter.java:581)
Account Console IT (chrome)	Run Account Console IT	2023-05-12T02:38:27.7954074Z -- 
Account Console IT (chrome)	Run Account Console IT	2023-05-12T02:38:27.7954947Z -- [ERROR] org.keycloak.testsuite.ui.account2.InternationalizationTest.userAttributeTest  Time elapsed: 9.715 s  <<< FAILURE!
Account Console IT (chrome)	Run Account Console IT	2023-05-12T02:38:27.7955606Z -- org.junit.ComparisonFailure: expected:<[English]> but was:<[und]>
Account Console IT (chrome)	Run Account Console IT	2023-05-12T02:38:27.7956059Z -- 	at org.junit.Assert.assertEquals(Assert.java:117)
Account Console IT (chrome)	Run Account Console IT	2023-05-12T02:38:27.7961166Z -- 	at org.junit.Assert.assertEquals(Assert.java:146)
Account Console IT (chrome)	Run Account Console IT	2023-05-12T02:38:27.7961907Z -- 	at org.keycloak.testsuite.ui.account2.InternationalizationTest.userAttributeTest(InternationalizationTest.java:105)
Account Console IT (chrome)	Run Account Console IT	2023-05-12T02:38:27.7965590Z -- 	at java.base/jdk.internal.reflect.NativeMethodAccessorImpl.invoke0(Native Method)
Account Console IT (chrome)	Run Account Console IT	2023-05-12T02:38:27.7966515Z -- 	at java.base/jdk.internal.reflect.NativeMethodAccessorImpl.invoke(NativeMethodAccessorImpl.java:77)
Account Console IT (chrome)	Run Account Console IT	2023-05-12T02:38:27.7981257Z -- 	at java.base/jdk.internal.reflect.DelegatingMethodAccessorImpl.invoke(DelegatingMethodAccessorImpl.java:43)
Account Console IT (chrome)	Run Account Console IT	2023-05-12T02:38:27.7982052Z -- 	at java.base/java.lang.reflect.Method.invoke(Method.java:568)
Account Console IT (chrome)	Run Account Console IT	2023-05-12T02:38:27.7982623Z -- 	at org.junit.runners.model.FrameworkMethod$1.runReflectiveCall(FrameworkMethod.java:59)
Account Console IT (chrome)	Run Account Console IT	2023-05-12T02:38:27.7983405Z -- 	at org.junit.internal.runners.model.ReflectiveCallable.run(ReflectiveCallable.java:12)
Account Console IT (chrome)	Run Account Console IT	2023-05-12T02:38:27.7984402Z -- 	at org.junit.runners.model.FrameworkMethod.invokeExplosively(FrameworkMethod.java:56)
Account Console IT (chrome)	Run Account Console IT	2023-05-12T02:38:27.7985011Z -- 	at org.jboss.arquillian.junit.Arquillian$8$1.invokeMethod(Arquillian.java:325)
Account Console IT (chrome)	Run Account Console IT	2023-05-12T02:38:27.7985566Z -- 	at org.jboss.arquillian.junit.MethodInvoker$1.invoke(MethodInvoker.java:18)
Account Console IT (chrome)	Run Account Console IT	2023-05-12T02:38:27.7986276Z -- 	at org.jboss.arquillian.container.test.impl.execution.LocalTestExecuter.execute(LocalTestExecuter.java:57)
Account Console IT (chrome)	Run Account Console IT	2023-05-12T02:38:27.7990917Z -- 	at org.keycloak.testsuite.arquillian.ModelTestExecutor.execute(ModelTestExecutor.java:51)
Account Console IT (chrome)	Run Account Console IT	2023-05-12T02:38:27.7991606Z -- 	at jdk.internal.reflect.GeneratedMethodAccessor173.invoke(Unknown Source)
Account Console IT (chrome)	Run Account Console IT	2023-05-12T02:38:27.7992321Z -- 	at java.base/jdk.internal.reflect.DelegatingMethodAccessorImpl.invoke(DelegatingMethodAccessorImpl.java:43)
Account Console IT (chrome)	Run Account Console IT	2023-05-12T02:38:27.7995936Z -- 	at java.base/java.lang.reflect.Method.invoke(Method.java:568)
Account Console IT (chrome)	Run Account Console IT	2023-05-12T02:38:27.7996505Z -- 	at org.jboss.arquillian.core.impl.ObserverImpl.invoke(ObserverImpl.java:86)
Account Console IT (chrome)	Run Account Console IT	2023-05-12T02:38:27.8034362Z -- 	at org.jboss.arquillian.core.impl.EventContextImpl.invokeObservers(EventContextImpl.java:103)
Account Console IT (chrome)	Run Account Console IT	2023-05-12T02:38:27.8035126Z -- 	at org.jboss.arquillian.core.impl.EventContextImpl.proceed(EventContextImpl.java:90)
Account Console IT (chrome)	Run Account Console IT	2023-05-12T02:38:27.8035751Z -- 	at org.jboss.arquillian.core.impl.ManagerImpl.fire(ManagerImpl.java:133)
Account Console IT (chrome)	Run Account Console IT	2023-05-12T02:38:27.8036347Z -- 	at org.jboss.arquillian.core.impl.ManagerImpl.fire(ManagerImpl.java:105)
Account Console IT (chrome)	Run Account Console IT	2023-05-12T02:38:27.8036896Z -- 	at org.jboss.arquillian.core.impl.EventImpl.fire(EventImpl.java:62)
Account Console IT (chrome)	Run Account Console IT	2023-05-12T02:38:27.8037623Z -- 	at org.jboss.arquillian.container.test.impl.execution.ClientTestExecuter.execute(ClientTestExecuter.java:50)
Account Console IT (chrome)	Run Account Console IT	2023-05-12T02:38:27.8038359Z -- 	at jdk.internal.reflect.GeneratedMethodAccessor172.invoke(Unknown Source)
Account Console IT (chrome)	Run Account Console IT	2023-05-12T02:38:27.8039066Z -- 	at java.base/jdk.internal.reflect.DelegatingMethodAccessorImpl.invoke(DelegatingMethodAccessorImpl.java:43)
Account Console IT (chrome)	Run Account Console IT	2023-05-12T02:38:27.8039670Z -- 	at java.base/java.lang.reflect.Method.invoke(Method.java:568)
Account Console IT (chrome)	Run Account Console IT	2023-05-12T02:38:27.8040589Z -- 	at org.jboss.arquillian.core.impl.ObserverImpl.invoke(ObserverImpl.java:86)
Account Console IT (chrome)	Run Account Console IT	2023-05-12T02:38:27.8041262Z -- 	at org.jboss.arquillian.core.impl.EventContextImpl.invokeObservers(EventContextImpl.java:103)
Account Console IT (chrome)	Run Account Console IT	2023-05-12T02:38:27.8041959Z -- 	at org.jboss.arquillian.core.impl.EventContextImpl.proceed(EventContextImpl.java:90)
Account Console IT (chrome)	Run Account Console IT	2023-05-12T02:38:27.8042810Z -- 	at org.jboss.arquillian.container.test.impl.client.ContainerEventController.createContext(ContainerEventController.java:128)
Account Console IT (chrome)	Run Account Console IT	2023-05-12T02:38:27.8043823Z -- 	at org.jboss.arquillian.container.test.impl.client.ContainerEventController.createTestContext(ContainerEventController.java:118)
Account Console IT (chrome)	Run Account Console IT	2023-05-12T02:38:27.8044612Z -- 	at jdk.internal.reflect.GeneratedMethodAccessor171.invoke(Unknown Source)
Account Console IT (chrome)	Run Account Console IT	2023-05-12T02:38:27.8045309Z -- 	at java.base/jdk.internal.reflect.DelegatingMethodAccessorImpl.invoke(DelegatingMethodAccessorImpl.java:43)
Account Console IT (chrome)	Run Account Console IT	2023-05-12T02:38:27.8045928Z -- 	at java.base/java.lang.reflect.Method.invoke(Method.java:568)
Account Console IT (chrome)	Run Account Console IT	2023-05-12T02:38:27.8046469Z -- 	at org.jboss.arquillian.core.impl.ObserverImpl.invoke(ObserverImpl.java:86)
Account Console IT (chrome)	Run Account Console IT	2023-05-12T02:38:27.8047097Z -- 	at org.jboss.arquillian.core.impl.EventContextImpl.proceed(EventContextImpl.java:95)
Account Console IT (chrome)	Run Account Console IT	2023-05-12T02:38:27.8047815Z -- 	at org.jboss.arquillian.test.impl.TestContextHandler.createTestContext(TestContextHandler.java:116)
Account Console IT (chrome)	Run Account Console IT	2023-05-12T02:38:27.8048605Z -- 	at jdk.internal.reflect.GeneratedMethodAccessor7.invoke(Unknown Source)
Account Console IT (chrome)	Run Account Console IT	2023-05-12T02:38:27.8049302Z -- 	at java.base/jdk.internal.reflect.DelegatingMethodAccessorImpl.invoke(DelegatingMethodAccessorImpl.java:43)
Account Console IT (chrome)	Run Account Console IT	2023-05-12T02:38:27.8049908Z -- 	at java.base/java.lang.reflect.Method.invoke(Method.java:568)
Account Console IT (chrome)	Run Account Console IT	2023-05-12T02:38:27.8050448Z -- 	at org.jboss.arquillian.core.impl.ObserverImpl.invoke(ObserverImpl.java:86)
Account Console IT (chrome)	Run Account Console IT	2023-05-12T02:38:27.8051077Z -- 	at org.jboss.arquillian.core.impl.EventContextImpl.proceed(EventContextImpl.java:95)
Account Console IT (chrome)	Run Account Console IT	2023-05-12T02:38:27.8051799Z -- 	at org.jboss.arquillian.test.impl.TestContextHandler.createClassContext(TestContextHandler.java:83)
Account Console IT (chrome)	Run Account Console IT	2023-05-12T02:38:27.8052480Z -- 	at jdk.internal.reflect.GeneratedMethodAccessor6.invoke(Unknown Source)
Account Console IT (chrome)	Run Account Console IT	2023-05-12T02:38:27.8053170Z -- 	at java.base/jdk.internal.reflect.DelegatingMethodAccessorImpl.invoke(DelegatingMethodAccessorImpl.java:43)
Account Console IT (chrome)	Run Account Console IT	2023-05-12T02:38:27.8053768Z -- 	at java.base/java.lang.reflect.Method.invoke(Method.java:568)
Account Console IT (chrome)	Run Account Console IT	2023-05-12T02:38:27.8054312Z -- 	at org.jboss.arquillian.core.impl.ObserverImpl.invoke(ObserverImpl.java:86)
Account Console IT (chrome)	Run Account Console IT	2023-05-12T02:38:27.8054933Z -- 	at org.jboss.arquillian.core.impl.EventContextImpl.proceed(EventContextImpl.java:95)
Account Console IT (chrome)	Run Account Console IT	2023-05-12T02:38:27.8055649Z -- 	at org.jboss.arquillian.test.impl.TestContextHandler.createSuiteContext(TestContextHandler.java:69)
Account Console IT (chrome)	Run Account Console IT	2023-05-12T02:38:27.8056307Z -- 	at jdk.internal.reflect.GeneratedMethodAccessor5.invoke(Unknown Source)
Account Console IT (chrome)	Run Account Console IT	2023-05-12T02:38:27.8057137Z -- 	at java.base/jdk.internal.reflect.DelegatingMethodAccessorImpl.invoke(DelegatingMethodAccessorImpl.java:43)
Account Console IT (chrome)	Run Account Console IT	2023-05-12T02:38:27.8057745Z -- 	at java.base/java.lang.reflect.Method.invoke(Method.java:568)
Account Console IT (chrome)	Run Account Console IT	2023-05-12T02:38:27.8058284Z -- 	at org.jboss.arquillian.core.impl.ObserverImpl.invoke(ObserverImpl.java:86)
Account Console IT (chrome)	Run Account Console IT	2023-05-12T02:38:27.8058912Z -- 	at org.jboss.arquillian.core.impl.EventContextImpl.proceed(EventContextImpl.java:95)
Account Console IT (chrome)	Run Account Console IT	2023-05-12T02:38:27.8059521Z -- 	at org.jboss.arquillian.core.impl.ManagerImpl.fire(ManagerImpl.java:133)
Account Console IT (chrome)	Run Account Console IT	2023-05-12T02:38:27.8060185Z -- 	at org.jboss.arquillian.test.impl.EventTestRunnerAdaptor.test(EventTestRunnerAdaptor.java:139)
Account Console IT (chrome)	Run Account Console IT	2023-05-12T02:38:27.8060823Z -- 	at org.jboss.arquillian.junit.MethodInvoker.invoke(MethodInvoker.java:15)
Account Console IT (chrome)	Run Account Console IT	2023-05-12T02:38:27.8061374Z -- 	at org.jboss.arquillian.junit.Arquillian$8.evaluate(Arquillian.java:332)
Account Console IT (chrome)	Run Account Console IT	2023-05-12T02:38:27.8061919Z -- 	at org.jboss.arquillian.junit.Arquillian$4.evaluate(Arquillian.java:204)
Account Console IT (chrome)	Run Account Console IT	2023-05-12T02:38:27.8062467Z -- 	at org.jboss.arquillian.junit.Arquillian.multiExecute(Arquillian.java:350)
Account Console IT (chrome)	Run Account Console IT	2023-05-12T02:38:27.8063300Z -- 	at org.jboss.arquillian.junit.Arquillian.access$200(Arquillian.java:54)
Account Console IT (chrome)	Run Account Console IT	2023-05-12T02:38:27.8063843Z -- 	at org.jboss.arquillian.junit.Arquillian$5.evaluate(Arquillian.java:215)
Account Console IT (chrome)	Run Account Console IT	2023-05-12T02:38:27.8064373Z -- 	at org.jboss.arquillian.junit.Arquillian$7$1.invoke(Arquillian.java:279)
Account Console IT (chrome)	Run Account Console IT	2023-05-12T02:38:27.8065281Z -- 	at org.jboss.arquillian.container.test.impl.execution.ClientBeforeAfterLifecycleEventExecuter.execute(ClientBeforeAfterLifecycleEventExecuter.java:88)
Account Console IT (chrome)	Run Account Console IT	2023-05-12T02:38:27.8066484Z -- 	at org.jboss.arquillian.container.test.impl.execution.ClientBeforeAfterLifecycleEventExecuter.on(ClientBeforeAfterLifecycleEventExecuter.java:66)
Account Console IT (chrome)	Run Account Console IT	2023-05-12T02:38:27.8067328Z -- 	at jdk.internal.reflect.GeneratedMethodAccessor15.invoke(Unknown Source)
Account Console IT (chrome)	Run Account Console IT	2023-05-12T02:38:27.8068024Z -- 	at java.base/jdk.internal.reflect.DelegatingMethodAccessorImpl.invoke(DelegatingMethodAccessorImpl.java:43)
Account Console IT (chrome)	Run Account Console IT	2023-05-12T02:38:27.8068636Z -- 	at java.base/java.lang.reflect.Method.invoke(Method.java:568)
Account Console IT (chrome)	Run Account Console IT	2023-05-12T02:38:27.8069174Z -- 	at org.jboss.arquillian.core.impl.ObserverImpl.invoke(ObserverImpl.java:86)
Account Console IT (chrome)	Run Account Console IT	2023-05-12T02:38:27.8069847Z -- 	at org.jboss.arquillian.core.impl.EventContextImpl.invokeObservers(EventContextImpl.java:103)
Account Console IT (chrome)	Run Account Console IT	2023-05-12T02:38:27.8070531Z -- 	at org.jboss.arquillian.core.impl.EventContextImpl.proceed(EventContextImpl.java:90)
Account Console IT (chrome)	Run Account Console IT	2023-05-12T02:38:27.8071373Z -- 	at org.jboss.arquillian.container.test.impl.client.ContainerEventController.createContext(ContainerEventController.java:128)
Account Console IT (chrome)	Run Account Console IT	2023-05-12T02:38:27.8072547Z -- 	at org.jboss.arquillian.container.test.impl.client.ContainerEventController.createBeforeContext(ContainerEventController.java:114)
Account Console IT (chrome)	Run Account Console IT	2023-05-12T02:38:27.8073342Z -- 	at jdk.internal.reflect.GeneratedMethodAccessor12.invoke(Unknown Source)
Account Console IT (chrome)	Run Account Console IT	2023-05-12T02:38:27.8074041Z -- 	at java.base/jdk.internal.reflect.DelegatingMethodAccessorImpl.invoke(DelegatingMethodAccessorImpl.java:43)
Account Console IT (chrome)	Run Account Console IT	2023-05-12T02:38:27.8074643Z -- 	at java.base/java.lang.reflect.Method.invoke(Method.java:568)
Account Console IT (chrome)	Run Account Console IT	2023-05-12T02:38:27.8075183Z -- 	at org.jboss.arquillian.core.impl.ObserverImpl.invoke(ObserverImpl.java:86)
Account Console IT (chrome)	Run Account Console IT	2023-05-12T02:38:27.8075837Z -- 	at org.jboss.arquillian.core.impl.EventContextImpl.proceed(EventContextImpl.java:95)
Account Console IT (chrome)	Run Account Console IT	2023-05-12T02:38:27.8076558Z -- 	at org.jboss.arquillian.test.impl.TestContextHandler.createTestContext(TestContextHandler.java:116)
Account Console IT (chrome)	Run Account Console IT	2023-05-12T02:38:27.8077221Z -- 	at jdk.internal.reflect.GeneratedMethodAccessor7.invoke(Unknown Source)
Account Console IT (chrome)	Run Account Console IT	2023-05-12T02:38:27.8077921Z -- 	at java.base/jdk.internal.reflect.DelegatingMethodAccessorImpl.invoke(DelegatingMethodAccessorImpl.java:43)
Account Console IT (chrome)	Run Account Console IT	2023-05-12T02:38:27.8078515Z -- 	at java.base/java.lang.reflect.Method.invoke(Method.java:568)
Account Console IT (chrome)	Run Account Console IT	2023-05-12T02:38:27.8079051Z -- 	at org.jboss.arquillian.core.impl.ObserverImpl.invoke(ObserverImpl.java:86)
Account Console IT (chrome)	Run Account Console IT	2023-05-12T02:38:27.8079673Z -- 	at org.jboss.arquillian.core.impl.EventContextImpl.proceed(EventContextImpl.java:95)
Account Console IT (chrome)	Run Account Console IT	2023-05-12T02:38:27.8080396Z -- 	at org.jboss.arquillian.test.impl.TestContextHandler.createClassContext(TestContextHandler.java:83)
Account Console IT (chrome)	Run Account Console IT	2023-05-12T02:38:27.8081069Z -- 	at jdk.internal.reflect.GeneratedMethodAccessor6.invoke(Unknown Source)
Account Console IT (chrome)	Run Account Console IT	2023-05-12T02:38:27.8081762Z -- 	at java.base/jdk.internal.reflect.DelegatingMethodAccessorImpl.invoke(DelegatingMethodAccessorImpl.java:43)
Account Console IT (chrome)	Run Account Console IT	2023-05-12T02:38:27.8082367Z -- 	at java.base/java.lang.reflect.Method.invoke(Method.java:568)
Account Console IT (chrome)	Run Account Console IT	2023-05-12T02:38:27.8082901Z -- 	at org.jboss.arquillian.core.impl.ObserverImpl.invoke(ObserverImpl.java:86)
Account Console IT (chrome)	Run Account Console IT	2023-05-12T02:38:27.8083533Z -- 	at org.jboss.arquillian.core.impl.EventContextImpl.proceed(EventContextImpl.java:95)
Account Console IT (chrome)	Run Account Console IT	2023-05-12T02:38:27.8084252Z -- 	at org.jboss.arquillian.test.impl.TestContextHandler.createSuiteContext(TestContextHandler.java:69)
Account Console IT (chrome)	Run Account Console IT	2023-05-12T02:38:27.8084910Z -- 	at jdk.internal.reflect.GeneratedMethodAccessor5.invoke(Unknown Source)
Account Console IT (chrome)	Run Account Console IT	2023-05-12T02:38:27.8085598Z -- 	at java.base/jdk.internal.reflect.DelegatingMethodAccessorImpl.invoke(DelegatingMethodAccessorImpl.java:43)
Account Console IT (chrome)	Run Account Console IT	2023-05-12T02:38:27.8086200Z -- 	at java.base/java.lang.reflect.Method.invoke(Method.java:568)
Account Console IT (chrome)	Run Account Console IT	2023-05-12T02:38:27.8086856Z -- 	at org.jboss.arquillian.core.impl.ObserverImpl.invoke(ObserverImpl.java:86)
Account Console IT (chrome)	Run Account Console IT	2023-05-12T02:38:27.8087480Z -- 	at org.jboss.arquillian.core.impl.EventContextImpl.proceed(EventContextImpl.java:95)
Account Console IT (chrome)	Run Account Console IT	2023-05-12T02:38:27.8088086Z -- 	at org.jboss.arquillian.core.impl.ManagerImpl.fire(ManagerImpl.java:133)
Account Console IT (chrome)	Run Account Console IT	2023-05-12T02:38:27.8088666Z -- 	at org.jboss.arquillian.core.impl.ManagerImpl.fire(ManagerImpl.java:105)
Account Console IT (chrome)	Run Account Console IT	2023-05-12T02:38:27.8089405Z -- 	at org.jboss.arquillian.test.impl.EventTestRunnerAdaptor.fireCustomLifecycle(EventTestRunnerAdaptor.java:159)
Account Console IT (chrome)	Run Account Console IT	2023-05-12T02:38:27.8090079Z -- 	at org.jboss.arquillian.junit.Arquillian$7.evaluate(Arquillian.java:273)
Account Console IT (chrome)	Run Account Console IT	2023-05-12T02:38:27.8090656Z -- 	at org.junit.runners.BlockJUnit4ClassRunner$1.evaluate(BlockJUnit4ClassRunner.java:100)
Account Console IT (chrome)	Run Account Console IT	2023-05-12T02:38:27.8091213Z -- 	at org.junit.runners.ParentRunner.runLeaf(ParentRunner.java:366)
Account Console IT (chrome)	Run Account Console IT	2023-05-12T02:38:27.8091807Z -- 	at org.junit.runners.BlockJUnit4ClassRunner.runChild(BlockJUnit4ClassRunner.java:103)
Account Console IT (chrome)	Run Account Console IT	2023-05-12T02:38:27.8092453Z -- 	at org.junit.runners.BlockJUnit4ClassRunner.runChild(BlockJUnit4ClassRunner.java:63)
Account Console IT (chrome)	Run Account Console IT	2023-05-12T02:38:27.8093004Z -- 	at org.junit.runners.ParentRunner$4.run(ParentRunner.java:331)
Account Console IT (chrome)	Run Account Console IT	2023-05-12T02:38:27.8093496Z -- 	at org.junit.runners.ParentRunner$1.schedule(ParentRunner.java:79)
Account Console IT (chrome)	Run Account Console IT	2023-05-12T02:38:27.8094019Z -- 	at org.junit.runners.ParentRunner.runChildren(ParentRunner.java:329)
Account Console IT (chrome)	Run Account Console IT	2023-05-12T02:38:27.8094650Z -- 	at org.junit.runners.ParentRunner.access$100(ParentRunner.java:66)
Account Console IT (chrome)	Run Account Console IT	2023-05-12T02:38:27.8095165Z -- 	at org.junit.runners.ParentRunner$2.evaluate(ParentRunner.java:293)
Account Console IT (chrome)	Run Account Console IT	2023-05-12T02:38:27.8095681Z -- 	at org.jboss.arquillian.junit.Arquillian$2.evaluate(Arquillian.java:166)
Account Console IT (chrome)	Run Account Console IT	2023-05-12T02:38:27.8096233Z -- 	at org.jboss.arquillian.junit.Arquillian.multiExecute(Arquillian.java:350)
Account Console IT (chrome)	Run Account Console IT	2023-05-12T02:38:27.8096792Z -- 	at org.jboss.arquillian.junit.Arquillian.access$200(Arquillian.java:54)
Account Console IT (chrome)	Run Account Console IT	2023-05-12T02:38:27.8097327Z -- 	at org.jboss.arquillian.junit.Arquillian$3.evaluate(Arquillian.java:177)
Account Console IT (chrome)	Run Account Console IT	2023-05-12T02:38:27.8097861Z -- 	at org.junit.rules.ExternalResource$1.evaluate(ExternalResource.java:54)
Account Console IT (chrome)	Run Account Console IT	2023-05-12T02:38:27.8098340Z -- 	at org.junit.rules.RunRules.evaluate(RunRules.java:20)
Account Console IT (chrome)	Run Account Console IT	2023-05-12T02:38:27.8098823Z -- 	at org.junit.runners.ParentRunner$3.evaluate(ParentRunner.java:306)
Account Console IT (chrome)	Run Account Console IT	2023-05-12T02:38:27.8099314Z -- 	at org.junit.runners.ParentRunner.run(ParentRunner.java:413)
Account Console IT (chrome)	Run Account Console IT	2023-05-12T02:38:27.8099826Z -- 	at org.jboss.arquillian.junit.Arquillian.run(Arquillian.java:115)
Account Console IT (chrome)	Run Account Console IT	2023-05-12T02:38:27.8100414Z -- 	at org.apache.maven.surefire.junit4.JUnit4Provider.execute(JUnit4Provider.java:377)
Account Console IT (chrome)	Run Account Console IT	2023-05-12T02:38:27.8101119Z -- 	at org.apache.maven.surefire.junit4.JUnit4Provider.executeWithRerun(JUnit4Provider.java:302)
Account Console IT (chrome)	Run Account Console IT	2023-05-12T02:38:27.8101827Z -- 	at org.apache.maven.surefire.junit4.JUnit4Provider.executeTestSet(JUnit4Provider.java:248)
Account Console IT (chrome)	Run Account Console IT	2023-05-12T02:38:27.8102491Z -- 	at org.apache.maven.surefire.junit4.JUnit4Provider.invoke(JUnit4Provider.java:167)
Account Console IT (chrome)	Run Account Console IT	2023-05-12T02:38:27.8103671Z -- 	at org.apache.maven.surefire.booter.ForkedBooter.runSuitesInProcess(ForkedBooter.java:456)
Account Console IT (chrome)	Run Account Console IT	2023-05-12T02:38:27.8104399Z -- 	at org.apache.maven.surefire.booter.ForkedBooter.execute(ForkedBooter.java:169)
Account Console IT (chrome)	Run Account Console IT	2023-05-12T02:38:27.8105011Z -- 	at org.apache.maven.surefire.booter.ForkedBooter.run(ForkedBooter.java:595)
Account Console IT (chrome)	Run Account Console IT	2023-05-12T02:38:27.8105606Z -- 	at org.apache.maven.surefire.booter.ForkedBooter.main(ForkedBooter.java:581)
Account Console IT (chrome)	Run Account Console IT	2023-05-12T02:38:27.8105988Z -- 
Account Console IT (chrome)	Run Account Console IT	2023-05-12T02:38:27.8106583Z -- [ERROR] org.keycloak.testsuite.ui.account2.InternationalizationTest.userAttributeTest  Time elapsed: 9.187 s  <<< FAILURE!
Account Console IT (chrome)	Run Account Console IT	2023-05-12T02:38:27.8111700Z -- org.junit.ComparisonFailure: expected:<[English]> but was:<[und]>
Account Console IT (chrome)	Run Account Console IT	2023-05-12T02:38:27.8112195Z -- 	at org.junit.Assert.assertEquals(Assert.java:117)
Account Console IT (chrome)	Run Account Console IT	2023-05-12T02:38:27.8116655Z -- 	at org.junit.Assert.assertEquals(Assert.java:146)
Account Console IT (chrome)	Run Account Console IT	2023-05-12T02:38:27.8117517Z -- 	at org.keycloak.testsuite.ui.account2.InternationalizationTest.userAttributeTest(InternationalizationTest.java:105)
Account Console IT (chrome)	Run Account Console IT	2023-05-12T02:38:27.8118504Z -- 	at java.base/jdk.internal.reflect.NativeMethodAccessorImpl.invoke0(Native Method)
Account Console IT (chrome)	Run Account Console IT	2023-05-12T02:38:27.8119195Z -- 	at java.base/jdk.internal.reflect.NativeMethodAccessorImpl.invoke(NativeMethodAccessorImpl.java:77)
Account Console IT (chrome)	Run Account Console IT	2023-05-12T02:38:27.8119959Z -- 	at java.base/jdk.internal.reflect.DelegatingMethodAccessorImpl.invoke(DelegatingMethodAccessorImpl.java:43)
Account Console IT (chrome)	Run Account Console IT	2023-05-12T02:38:27.8121043Z -- 	at java.base/java.lang.reflect.Method.invoke(Method.java:568)
Account Console IT (chrome)	Run Account Console IT	2023-05-12T02:38:27.8121606Z -- 	at org.junit.runners.model.FrameworkMethod$1.runReflectiveCall(FrameworkMethod.java:59)
Account Console IT (chrome)	Run Account Console IT	2023-05-12T02:38:27.8130583Z -- 	at org.junit.internal.runners.model.ReflectiveCallable.run(ReflectiveCallable.java:12)
Account Console IT (chrome)	Run Account Console IT	2023-05-12T02:38:27.8131384Z -- 	at org.junit.runners.model.FrameworkMethod.invokeExplosively(FrameworkMethod.java:56)
Account Console IT (chrome)	Run Account Console IT	2023-05-12T02:38:27.8132007Z -- 	at org.jboss.arquillian.junit.Arquillian$8$1.invokeMethod(Arquillian.java:325)
Account Console IT (chrome)	Run Account Console IT	2023-05-12T02:38:27.8132584Z -- 	at org.jboss.arquillian.junit.MethodInvoker$1.invoke(MethodInvoker.java:18)
Account Console IT (chrome)	Run Account Console IT	2023-05-12T02:38:27.8133312Z -- 	at org.jboss.arquillian.container.test.impl.execution.LocalTestExecuter.execute(LocalTestExecuter.java:57)
Account Console IT (chrome)	Run Account Console IT	2023-05-12T02:38:27.8134078Z -- 	at org.keycloak.testsuite.arquillian.ModelTestExecutor.execute(ModelTestExecutor.java:51)
Account Console IT (chrome)	Run Account Console IT	2023-05-12T02:38:27.8134720Z -- 	at jdk.internal.reflect.GeneratedMethodAccessor173.invoke(Unknown Source)
Account Console IT (chrome)	Run Account Console IT	2023-05-12T02:38:27.8135649Z -- 	at java.base/jdk.internal.reflect.DelegatingMethodAccessorImpl.invoke(DelegatingMethodAccessorImpl.java:43)
Account Console IT (chrome)	Run Account Console IT	2023-05-12T02:38:27.8136260Z -- 	at java.base/java.lang.reflect.Method.invoke(Method.java:568)
Account Console IT (chrome)	Run Account Console IT	2023-05-12T02:38:27.8136810Z -- 	at org.jboss.arquillian.core.impl.ObserverImpl.invoke(ObserverImpl.java:86)
Account Console IT (chrome)	Run Account Console IT	2023-05-12T02:38:27.8137486Z -- 	at org.jboss.arquillian.core.impl.EventContextImpl.invokeObservers(EventContextImpl.java:103)
Account Console IT (chrome)	Run Account Console IT	2023-05-12T02:38:27.8138181Z -- 	at org.jboss.arquillian.core.impl.EventContextImpl.proceed(EventContextImpl.java:90)
Account Console IT (chrome)	Run Account Console IT	2023-05-12T02:38:27.8138800Z -- 	at org.jboss.arquillian.core.impl.ManagerImpl.fire(ManagerImpl.java:133)
Account Console IT (chrome)	Run Account Console IT	2023-05-12T02:38:27.8139382Z -- 	at org.jboss.arquillian.core.impl.ManagerImpl.fire(ManagerImpl.java:105)
Account Console IT (chrome)	Run Account Console IT	2023-05-12T02:38:27.8139929Z -- 	at org.jboss.arquillian.core.impl.EventImpl.fire(EventImpl.java:62)
Account Console IT (chrome)	Run Account Console IT	2023-05-12T02:38:27.8140647Z -- 	at org.jboss.arquillian.container.test.impl.execution.ClientTestExecuter.execute(ClientTestExecuter.java:50)
Account Console IT (chrome)	Run Account Console IT	2023-05-12T02:38:27.8141364Z -- 	at jdk.internal.reflect.GeneratedMethodAccessor172.invoke(Unknown Source)
Account Console IT (chrome)	Run Account Console IT	2023-05-12T02:38:27.8142068Z -- 	at java.base/jdk.internal.reflect.DelegatingMethodAccessorImpl.invoke(DelegatingMethodAccessorImpl.java:43)
Account Console IT (chrome)	Run Account Console IT	2023-05-12T02:38:27.8142669Z -- 	at java.base/java.lang.reflect.Method.invoke(Method.java:568)
Account Console IT (chrome)	Run Account Console IT	2023-05-12T02:38:27.8143373Z -- 	at org.jboss.arquillian.core.impl.ObserverImpl.invoke(ObserverImpl.java:86)
Account Console IT (chrome)	Run Account Console IT	2023-05-12T02:38:27.8144050Z -- 	at org.jboss.arquillian.core.impl.EventContextImpl.invokeObservers(EventContextImpl.java:103)
Account Console IT (chrome)	Run Account Console IT	2023-05-12T02:38:27.8144751Z -- 	at org.jboss.arquillian.core.impl.EventContextImpl.proceed(EventContextImpl.java:90)
Account Console IT (chrome)	Run Account Console IT	2023-05-12T02:38:27.8145600Z -- 	at org.jboss.arquillian.container.test.impl.client.ContainerEventController.createContext(ContainerEventController.java:128)
Account Console IT (chrome)	Run Account Console IT	2023-05-12T02:38:27.8146627Z -- 	at org.jboss.arquillian.container.test.impl.client.ContainerEventController.createTestContext(ContainerEventController.java:118)
Account Console IT (chrome)	Run Account Console IT	2023-05-12T02:38:27.8147423Z -- 	at jdk.internal.reflect.GeneratedMethodAccessor171.invoke(Unknown Source)
Account Console IT (chrome)	Run Account Console IT	2023-05-12T02:38:27.8148128Z -- 	at java.base/jdk.internal.reflect.DelegatingMethodAccessorImpl.invoke(DelegatingMethodAccessorImpl.java:43)
Account Console IT (chrome)	Run Account Console IT	2023-05-12T02:38:27.8148734Z -- 	at java.base/java.lang.reflect.Method.invoke(Method.java:568)
Account Console IT (chrome)	Run Account Console IT	2023-05-12T02:38:27.8149269Z -- 	at org.jboss.arquillian.core.impl.ObserverImpl.invoke(ObserverImpl.java:86)
Account Console IT (chrome)	Run Account Console IT	2023-05-12T02:38:27.8150018Z -- 	at org.jboss.arquillian.core.impl.EventContextImpl.proceed(EventContextImpl.java:95)
Account Console IT (chrome)	Run Account Console IT	2023-05-12T02:38:27.8150885Z -- 	at org.jboss.arquillian.test.impl.TestContextHandler.createTestContext(TestContextHandler.java:116)
Account Console IT (chrome)	Run Account Console IT	2023-05-12T02:38:27.8151547Z -- 	at jdk.internal.reflect.GeneratedMethodAccessor7.invoke(Unknown Source)
Account Console IT (chrome)	Run Account Console IT	2023-05-12T02:38:27.8152241Z -- 	at java.base/jdk.internal.reflect.DelegatingMethodAccessorImpl.invoke(DelegatingMethodAccessorImpl.java:43)
Account Console IT (chrome)	Run Account Console IT	2023-05-12T02:38:27.8152853Z -- 	at java.base/java.lang.reflect.Method.invoke(Method.java:568)
Account Console IT (chrome)	Run Account Console IT	2023-05-12T02:38:27.8153407Z -- 	at org.jboss.arquillian.core.impl.ObserverImpl.invoke(ObserverImpl.java:86)
Account Console IT (chrome)	Run Account Console IT	2023-05-12T02:38:27.8154033Z -- 	at org.jboss.arquillian.core.impl.EventContextImpl.proceed(EventContextImpl.java:95)
Account Console IT (chrome)	Run Account Console IT	2023-05-12T02:38:27.8154754Z -- 	at org.jboss.arquillian.test.impl.TestContextHandler.createClassContext(TestContextHandler.java:83)
Account Console IT (chrome)	Run Account Console IT	2023-05-12T02:38:27.8155414Z -- 	at jdk.internal.reflect.GeneratedMethodAccessor6.invoke(Unknown Source)
Account Console IT (chrome)	Run Account Console IT	2023-05-12T02:38:27.8156103Z -- 	at java.base/jdk.internal.reflect.DelegatingMethodAccessorImpl.invoke(DelegatingMethodAccessorImpl.java:43)
Account Console IT (chrome)	Run Account Console IT	2023-05-12T02:38:27.8156710Z -- 	at java.base/java.lang.reflect.Method.invoke(Method.java:568)
Account Console IT (chrome)	Run Account Console IT	2023-05-12T02:38:27.8157247Z -- 	at org.jboss.arquillian.core.impl.ObserverImpl.invoke(ObserverImpl.java:86)
Account Console IT (chrome)	Run Account Console IT	2023-05-12T02:38:27.8157877Z -- 	at org.jboss.arquillian.core.impl.EventContextImpl.proceed(EventContextImpl.java:95)
Account Console IT (chrome)	Run Account Console IT	2023-05-12T02:38:27.8158750Z -- 	at org.jboss.arquillian.test.impl.TestContextHandler.createSuiteContext(TestContextHandler.java:69)
Account Console IT (chrome)	Run Account Console IT	2023-05-12T02:38:27.8159416Z -- 	at jdk.internal.reflect.GeneratedMethodAccessor5.invoke(Unknown Source)
Account Console IT (chrome)	Run Account Console IT	2023-05-12T02:38:27.8160125Z -- 	at java.base/jdk.internal.reflect.DelegatingMethodAccessorImpl.invoke(DelegatingMethodAccessorImpl.java:43)
Account Console IT (chrome)	Run Account Console IT	2023-05-12T02:38:27.8160725Z -- 	at java.base/java.lang.reflect.Method.invoke(Method.java:568)
Account Console IT (chrome)	Run Account Console IT	2023-05-12T02:38:27.8161264Z -- 	at org.jboss.arquillian.core.impl.ObserverImpl.invoke(ObserverImpl.java:86)
Account Console IT (chrome)	Run Account Console IT	2023-05-12T02:38:27.8161893Z -- 	at org.jboss.arquillian.core.impl.EventContextImpl.proceed(EventContextImpl.java:95)
Account Console IT (chrome)	Run Account Console IT	2023-05-12T02:38:27.8162509Z -- 	at org.jboss.arquillian.core.impl.ManagerImpl.fire(ManagerImpl.java:133)
Account Console IT (chrome)	Run Account Console IT	2023-05-12T02:38:27.8163164Z -- 	at org.jboss.arquillian.test.impl.EventTestRunnerAdaptor.test(EventTestRunnerAdaptor.java:139)
Account Console IT (chrome)	Run Account Console IT	2023-05-12T02:38:27.8163796Z -- 	at org.jboss.arquillian.junit.MethodInvoker.invoke(MethodInvoker.java:15)
Account Console IT (chrome)	Run Account Console IT	2023-05-12T02:38:27.8164351Z -- 	at org.jboss.arquillian.junit.Arquillian$8.evaluate(Arquillian.java:332)
Account Console IT (chrome)	Run Account Console IT	2023-05-12T02:38:27.8164868Z -- 	at org.jboss.arquillian.junit.Arquillian$4.evaluate(Arquillian.java:204)
Account Console IT (chrome)	Run Account Console IT	2023-05-12T02:38:27.8165412Z -- 	at org.jboss.arquillian.junit.Arquillian.multiExecute(Arquillian.java:350)
Account Console IT (chrome)	Run Account Console IT	2023-05-12T02:38:27.8165986Z -- 	at org.jboss.arquillian.junit.Arquillian.access$200(Arquillian.java:54)
Account Console IT (chrome)	Run Account Console IT	2023-05-12T02:38:27.8166517Z -- 	at org.jboss.arquillian.junit.Arquillian$5.evaluate(Arquillian.java:215)
Account Console IT (chrome)	Run Account Console IT	2023-05-12T02:38:27.8167034Z -- 	at org.jboss.arquillian.junit.Arquillian$7$1.invoke(Arquillian.java:279)
Account Console IT (chrome)	Run Account Console IT	2023-05-12T02:38:27.8167936Z -- 	at org.jboss.arquillian.container.test.impl.execution.ClientBeforeAfterLifecycleEventExecuter.execute(ClientBeforeAfterLifecycleEventExecuter.java:88)
Account Console IT (chrome)	Run Account Console IT	2023-05-12T02:38:27.8169125Z -- 	at org.jboss.arquillian.container.test.impl.execution.ClientBeforeAfterLifecycleEventExecuter.on(ClientBeforeAfterLifecycleEventExecuter.java:66)
Account Console IT (chrome)	Run Account Console IT	2023-05-12T02:38:27.8169971Z -- 	at jdk.internal.reflect.GeneratedMethodAccessor15.invoke(Unknown Source)
Account Console IT (chrome)	Run Account Console IT	2023-05-12T02:38:27.8170663Z -- 	at java.base/jdk.internal.reflect.DelegatingMethodAccessorImpl.invoke(DelegatingMethodAccessorImpl.java:43)
Account Console IT (chrome)	Run Account Console IT	2023-05-12T02:38:27.8171263Z -- 	at java.base/java.lang.reflect.Method.invoke(Method.java:568)
Account Console IT (chrome)	Run Account Console IT	2023-05-12T02:38:27.8171801Z -- 	at org.jboss.arquillian.core.impl.ObserverImpl.invoke(ObserverImpl.java:86)
Account Console IT (chrome)	Run Account Console IT	2023-05-12T02:38:27.8172464Z -- 	at org.jboss.arquillian.core.impl.EventContextImpl.invokeObservers(EventContextImpl.java:103)
Account Console IT (chrome)	Run Account Console IT	2023-05-12T02:38:27.8173158Z -- 	at org.jboss.arquillian.core.impl.EventContextImpl.proceed(EventContextImpl.java:90)
Account Console IT (chrome)	Run Account Console IT	2023-05-12T02:38:27.8174113Z -- 	at org.jboss.arquillian.container.test.impl.client.ContainerEventController.createContext(ContainerEventController.java:128)
Account Console IT (chrome)	Run Account Console IT	2023-05-12T02:38:27.8175135Z -- 	at org.jboss.arquillian.container.test.impl.client.ContainerEventController.createBeforeContext(ContainerEventController.java:114)
Account Console IT (chrome)	Run Account Console IT	2023-05-12T02:38:27.8175939Z -- 	at jdk.internal.reflect.GeneratedMethodAccessor12.invoke(Unknown Source)
Account Console IT (chrome)	Run Account Console IT	2023-05-12T02:38:27.8176640Z -- 	at java.base/jdk.internal.reflect.DelegatingMethodAccessorImpl.invoke(DelegatingMethodAccessorImpl.java:43)
Account Console IT (chrome)	Run Account Console IT	2023-05-12T02:38:27.8177243Z -- 	at java.base/java.lang.reflect.Method.invoke(Method.java:568)
Account Console IT (chrome)	Run Account Console IT	2023-05-12T02:38:27.8177784Z -- 	at org.jboss.arquillian.core.impl.ObserverImpl.invoke(ObserverImpl.java:86)
Account Console IT (chrome)	Run Account Console IT	2023-05-12T02:38:27.8178414Z -- 	at org.jboss.arquillian.core.impl.EventContextImpl.proceed(EventContextImpl.java:95)
Account Console IT (chrome)	Run Account Console IT	2023-05-12T02:38:27.8179133Z -- 	at org.jboss.arquillian.test.impl.TestContextHandler.createTestContext(TestContextHandler.java:116)
Account Console IT (chrome)	Run Account Console IT	2023-05-12T02:38:27.8179814Z -- 	at jdk.internal.reflect.GeneratedMethodAccessor7.invoke(Unknown Source)
Account Console IT (chrome)	Run Account Console IT	2023-05-12T02:38:27.8180506Z -- 	at java.base/jdk.internal.reflect.DelegatingMethodAccessorImpl.invoke(DelegatingMethodAccessorImpl.java:43)
Account Console IT (chrome)	Run Account Console IT	2023-05-12T02:38:27.8181101Z -- 	at java.base/java.lang.reflect.Method.invoke(Method.java:568)
Account Console IT (chrome)	Run Account Console IT	2023-05-12T02:38:27.8181738Z -- 	at org.jboss.arquillian.core.impl.ObserverImpl.invoke(ObserverImpl.java:86)
Account Console IT (chrome)	Run Account Console IT	2023-05-12T02:38:27.8182363Z -- 	at org.jboss.arquillian.core.impl.EventContextImpl.proceed(EventContextImpl.java:95)
Account Console IT (chrome)	Run Account Console IT	2023-05-12T02:38:27.8183236Z -- 	at org.jboss.arquillian.test.impl.TestContextHandler.createClassContext(TestContextHandler.java:83)
Account Console IT (chrome)	Run Account Console IT	2023-05-12T02:38:27.8183909Z -- 	at jdk.internal.reflect.GeneratedMethodAccessor6.invoke(Unknown Source)
Account Console IT (chrome)	Run Account Console IT	2023-05-12T02:38:27.8184610Z -- 	at java.base/jdk.internal.reflect.DelegatingMethodAccessorImpl.invoke(DelegatingMethodAccessorImpl.java:43)
Account Console IT (chrome)	Run Account Console IT	2023-05-12T02:38:27.8185214Z -- 	at java.base/java.lang.reflect.Method.invoke(Method.java:568)
Account Console IT (chrome)	Run Account Console IT	2023-05-12T02:38:27.8185760Z -- 	at org.jboss.arquillian.core.impl.ObserverImpl.invoke(ObserverImpl.java:86)
Account Console IT (chrome)	Run Account Console IT	2023-05-12T02:38:27.8186390Z -- 	at org.jboss.arquillian.core.impl.EventContextImpl.proceed(EventContextImpl.java:95)
Account Console IT (chrome)	Run Account Console IT	2023-05-12T02:38:27.8187125Z -- 	at org.jboss.arquillian.test.impl.TestContextHandler.createSuiteContext(TestContextHandler.java:69)
Account Console IT (chrome)	Run Account Console IT	2023-05-12T02:38:27.8187793Z -- 	at jdk.internal.reflect.GeneratedMethodAccessor5.invoke(Unknown Source)
Account Console IT (chrome)	Run Account Console IT	2023-05-12T02:38:27.8188489Z -- 	at java.base/jdk.internal.reflect.DelegatingMethodAccessorImpl.invoke(DelegatingMethodAccessorImpl.java:43)
Account Console IT (chrome)	Run Account Console IT	2023-05-12T02:38:27.8189086Z -- 	at java.base/java.lang.reflect.Method.invoke(Method.java:568)
Account Console IT (chrome)	Run Account Console IT	2023-05-12T02:38:27.8189618Z -- 	at org.jboss.arquillian.core.impl.ObserverImpl.invoke(ObserverImpl.java:86)
Account Console IT (chrome)	Run Account Console IT	2023-05-12T02:38:27.8190244Z -- 	at org.jboss.arquillian.core.impl.EventContextImpl.proceed(EventContextImpl.java:95)
Account Console IT (chrome)	Run Account Console IT	2023-05-12T02:38:27.8190848Z -- 	at org.jboss.arquillian.core.impl.ManagerImpl.fire(ManagerImpl.java:133)
Account Console IT (chrome)	Run Account Console IT	2023-05-12T02:38:27.8191419Z -- 	at org.jboss.arquillian.core.impl.ManagerImpl.fire(ManagerImpl.java:105)
Account Console IT (chrome)	Run Account Console IT	2023-05-12T02:38:27.8192143Z -- 	at org.jboss.arquillian.test.impl.EventTestRunnerAdaptor.fireCustomLifecycle(EventTestRunnerAdaptor.java:159)
Account Console IT (chrome)	Run Account Console IT	2023-05-12T02:38:27.8192813Z -- 	at org.jboss.arquillian.junit.Arquillian$7.evaluate(Arquillian.java:273)
Account Console IT (chrome)	Run Account Console IT	2023-05-12T02:38:27.8193404Z -- 	at org.junit.runners.BlockJUnit4ClassRunner$1.evaluate(BlockJUnit4ClassRunner.java:100)
Account Console IT (chrome)	Run Account Console IT	2023-05-12T02:38:27.8193959Z -- 	at org.junit.runners.ParentRunner.runLeaf(ParentRunner.java:366)
Account Console IT (chrome)	Run Account Console IT	2023-05-12T02:38:27.8194550Z -- 	at org.junit.runners.BlockJUnit4ClassRunner.runChild(BlockJUnit4ClassRunner.java:103)
Account Console IT (chrome)	Run Account Console IT	2023-05-12T02:38:27.8195187Z -- 	at org.junit.runners.BlockJUnit4ClassRunner.runChild(BlockJUnit4ClassRunner.java:63)
Account Console IT (chrome)	Run Account Console IT	2023-05-12T02:38:27.8195741Z -- 	at org.junit.runners.ParentRunner$4.run(ParentRunner.java:331)
Account Console IT (chrome)	Run Account Console IT	2023-05-12T02:38:27.8196231Z -- 	at org.junit.runners.ParentRunner$1.schedule(ParentRunner.java:79)
Account Console IT (chrome)	Run Account Console IT	2023-05-12T02:38:27.8196891Z -- 	at org.junit.runners.ParentRunner.runChildren(ParentRunner.java:329)
Account Console IT (chrome)	Run Account Console IT	2023-05-12T02:38:27.8197425Z -- 	at org.junit.runners.ParentRunner.access$100(ParentRunner.java:66)
Account Console IT (chrome)	Run Account Console IT	2023-05-12T02:38:27.8197933Z -- 	at org.junit.runners.ParentRunner$2.evaluate(ParentRunner.java:293)
Account Console IT (chrome)	Run Account Console IT	2023-05-12T02:38:27.8198449Z -- 	at org.jboss.arquillian.junit.Arquillian$2.evaluate(Arquillian.java:166)
Account Console IT (chrome)	Run Account Console IT	2023-05-12T02:38:27.8199014Z -- 	at org.jboss.arquillian.junit.Arquillian.multiExecute(Arquillian.java:350)
Account Console IT (chrome)	Run Account Console IT	2023-05-12T02:38:27.8199593Z -- 	at org.jboss.arquillian.junit.Arquillian.access$200(Arquillian.java:54)
Account Console IT (chrome)	Run Account Console IT	2023-05-12T02:38:27.8200133Z -- 	at org.jboss.arquillian.junit.Arquillian$3.evaluate(Arquillian.java:177)
Account Console IT (chrome)	Run Account Console IT	2023-05-12T02:38:27.8200656Z -- 	at org.junit.rules.ExternalResource$1.evaluate(ExternalResource.java:54)
Account Console IT (chrome)	Run Account Console IT	2023-05-12T02:38:27.8201132Z -- 	at org.junit.rules.RunRules.evaluate(RunRules.java:20)
Account Console IT (chrome)	Run Account Console IT	2023-05-12T02:38:27.8201618Z -- 	at org.junit.runners.ParentRunner$3.evaluate(ParentRunner.java:306)
Account Console IT (chrome)	Run Account Console IT	2023-05-12T02:38:27.8202116Z -- 	at org.junit.runners.ParentRunner.run(ParentRunner.java:413)
Account Console IT (chrome)	Run Account Console IT	2023-05-12T02:38:27.8202618Z -- 	at org.jboss.arquillian.junit.Arquillian.run(Arquillian.java:115)
Account Console IT (chrome)	Run Account Console IT	2023-05-12T02:38:27.8203209Z -- 	at org.apache.maven.surefire.junit4.JUnit4Provider.execute(JUnit4Provider.java:377)
Account Console IT (chrome)	Run Account Console IT	2023-05-12T02:38:27.8204012Z -- 	at org.apache.maven.surefire.junit4.JUnit4Provider.executeWithRerun(JUnit4Provider.java:302)
Account Console IT (chrome)	Run Account Console IT	2023-05-12T02:38:27.8204723Z -- 	at org.apache.maven.surefire.junit4.JUnit4Provider.executeTestSet(JUnit4Provider.java:248)
Account Console IT (chrome)	Run Account Console IT	2023-05-12T02:38:27.8206078Z -- 	at org.apache.maven.surefire.junit4.JUnit4Provider.invoke(JUnit4Provider.java:167)
Account Console IT (chrome)	Run Account Console IT	2023-05-12T02:38:27.8206852Z -- 	at org.apache.maven.surefire.booter.ForkedBooter.runSuitesInProcess(ForkedBooter.java:456)
Account Console IT (chrome)	Run Account Console IT	2023-05-12T02:38:27.8207517Z -- 	at org.apache.maven.surefire.booter.ForkedBooter.execute(ForkedBooter.java:169)
Account Console IT (chrome)	Run Account Console IT	2023-05-12T02:38:27.8208125Z -- 	at org.apache.maven.surefire.booter.ForkedBooter.run(ForkedBooter.java:595)
Account Console IT (chrome)	Run Account Console IT	2023-05-12T02:38:27.8208727Z -- 	at org.apache.maven.surefire.booter.ForkedBooter.main(ForkedBooter.java:581)
Account Console IT (chrome)	Run Account Console IT	2023-05-12T02:38:27.8209105Z -- 
Account Console IT (chrome)	Run Account Console IT	2023-05-12T02:38:27.8209438Z [INFO] Running org.keycloak.testsuite.ui.account2.LDAPAccountTest
Account Console IT (chrome)	Run Account Console IT	2023-05-12T02:38:30.2985235Z May 12, 2023 2:38:30 AM org.openqa.selenium.remote.DesiredCapabilities chrome
Account Console IT (chrome)	Run Account Console IT	2023-05-12T02:38:30.2986175Z INFO: Using `new ChromeOptions()` is preferred to `DesiredCapabilities.chrome()`
Account Console IT (chrome)	Run Account Console IT	2023-05-12T02:38:30.2986722Z May 12, 2023 2:38:30 AM org.openqa.selenium.remote.DesiredCapabilities chrome
Account Console IT (chrome)	Run Account Console IT	2023-05-12T02:38:30.2987244Z INFO: Using `new ChromeOptions()` is preferred to `DesiredCapabilities.chrome()`
Account Console IT (chrome)	Run Account Console IT	2023-05-12T02:38:30.2988104Z Starting ChromeDriver 113.0.5672.63 (0e1a4471d5ae5bf128b1bd8f4d627c8cbd55f70c-refs/branch-heads/5672@{#912}) on port 17161
Account Console IT (chrome)	Run Account Console IT	2023-05-12T02:38:30.2988570Z Only local connections are allowed.
Account Console IT (chrome)	Run Account Console IT	2023-05-12T02:38:30.2989230Z Please see https://chromedriver.chromium.org/security-considerations for suggestions on keeping ChromeDriver safe.
Account Console IT (chrome)	Run Account Console IT	2023-05-12T02:38:30.2989761Z ChromeDriver was started successfully.
Account Console IT (chrome)	Run Account Console IT	2023-05-12T02:38:30.4916280Z May 12, 2023 2:38:30 AM org.openqa.selenium.remote.ProtocolHandshake createSession
Account Console IT (chrome)	Run Account Console IT	2023-05-12T02:38:30.4917053Z INFO: Detected dialect: W3C
Account Console IT (chrome)	Run Account Console IT	2023-05-12T02:38:52.5766514Z [INFO] Tests run: 2, Failures: 0, Errors: 0, Skipped: 0, Time elapsed: 24.821 s - in org.keycloak.testsuite.ui.account2.LDAPAccountTest
Account Console IT (chrome)	Run Account Console IT	2023-05-12T02:38:52.5784106Z [INFO] Running org.keycloak.testsuite.ui.account2.LinkedAccountsTest
Account Console IT (chrome)	Run Account Console IT	2023-05-12T02:38:52.7437884Z May 12, 2023 2:38:52 AM org.openqa.selenium.remote.DesiredCapabilities chrome
Account Console IT (chrome)	Run Account Console IT	2023-05-12T02:38:52.7444385Z INFO: Using `new ChromeOptions()` is preferred to `DesiredCapabilities.chrome()`
Account Console IT (chrome)	Run Account Console IT	2023-05-12T02:38:52.7445025Z May 12, 2023 2:38:52 AM org.openqa.selenium.remote.DesiredCapabilities chrome
Account Console IT (chrome)	Run Account Console IT	2023-05-12T02:38:52.7445565Z INFO: Using `new ChromeOptions()` is preferred to `DesiredCapabilities.chrome()`
Account Console IT (chrome)	Run Account Console IT	2023-05-12T02:38:52.7446469Z Starting ChromeDriver 113.0.5672.63 (0e1a4471d5ae5bf128b1bd8f4d627c8cbd55f70c-refs/branch-heads/5672@{#912}) on port 1733
Account Console IT (chrome)	Run Account Console IT	2023-05-12T02:38:52.7447284Z Only local connections are allowed.
Account Console IT (chrome)	Run Account Console IT	2023-05-12T02:38:52.7447945Z Please see https://chromedriver.chromium.org/security-considerations for suggestions on keeping ChromeDriver safe.
Account Console IT (chrome)	Run Account Console IT	2023-05-12T02:38:52.7448461Z ChromeDriver was started successfully.
Account Console IT (chrome)	Run Account Console IT	2023-05-12T02:38:52.8431479Z May 12, 2023 2:38:52 AM org.openqa.selenium.remote.ProtocolHandshake createSession
Account Console IT (chrome)	Run Account Console IT	2023-05-12T02:38:52.8432500Z INFO: Detected dialect: W3C
Account Console IT (chrome)	Run Account Console IT	2023-05-12T02:39:47.4510599Z [INFO] Tests run: 3, Failures: 0, Errors: 0, Skipped: 0, Time elapsed: 54.827 s - in org.keycloak.testsuite.ui.account2.LinkedAccountsTest
Account Console IT (chrome)	Run Account Console IT	2023-05-12T02:39:47.4518054Z [INFO] Running org.keycloak.testsuite.ui.account2.MyResourcesTest
Account Console IT (chrome)	Run Account Console IT	2023-05-12T02:39:47.5387061Z May 12, 2023 2:39:47 AM org.openqa.selenium.remote.DesiredCapabilities chrome
Account Console IT (chrome)	Run Account Console IT	2023-05-12T02:39:47.5387639Z INFO: Using `new ChromeOptions()` is preferred to `DesiredCapabilities.chrome()`
Account Console IT (chrome)	Run Account Console IT	2023-05-12T02:39:47.5388131Z May 12, 2023 2:39:47 AM org.openqa.selenium.remote.DesiredCapabilities chrome
Account Console IT (chrome)	Run Account Console IT	2023-05-12T02:39:47.5388585Z INFO: Using `new ChromeOptions()` is preferred to `DesiredCapabilities.chrome()`
Account Console IT (chrome)	Run Account Console IT	2023-05-12T02:39:47.5389381Z Starting ChromeDriver 113.0.5672.63 (0e1a4471d5ae5bf128b1bd8f4d627c8cbd55f70c-refs/branch-heads/5672@{#912}) on port 23063
Account Console IT (chrome)	Run Account Console IT	2023-05-12T02:39:47.5390136Z Only local connections are allowed.
Account Console IT (chrome)	Run Account Console IT	2023-05-12T02:39:47.5390714Z Please see https://chromedriver.chromium.org/security-considerations for suggestions on keeping ChromeDriver safe.
Account Console IT (chrome)	Run Account Console IT	2023-05-12T02:39:47.5391153Z ChromeDriver was started successfully.
Account Console IT (chrome)	Run Account Console IT	2023-05-12T02:39:47.6355074Z May 12, 2023 2:39:47 AM org.openqa.selenium.remote.ProtocolHandshake createSession
Account Console IT (chrome)	Run Account Console IT	2023-05-12T02:39:47.6356054Z INFO: Detected dialect: W3C
Account Console IT (chrome)	Run Account Console IT	2023-05-12T02:41:35.0823692Z [INFO] Tests run: 9, Failures: 0, Errors: 0, Skipped: 0, Time elapsed: 107.575 s - in org.keycloak.testsuite.ui.account2.MyResourcesTest
Account Console IT (chrome)	Run Account Console IT	2023-05-12T02:41:35.0839944Z [INFO] Running org.keycloak.testsuite.ui.account2.PermissionsTest
Account Console IT (chrome)	Run Account Console IT	2023-05-12T02:41:35.2042311Z May 12, 2023 2:41:35 AM org.openqa.selenium.remote.DesiredCapabilities chrome
Account Console IT (chrome)	Run Account Console IT	2023-05-12T02:41:35.2053600Z INFO: Using `new ChromeOptions()` is preferred to `DesiredCapabilities.chrome()`
Account Console IT (chrome)	Run Account Console IT	2023-05-12T02:41:35.2056806Z May 12, 2023 2:41:35 AM org.openqa.selenium.remote.DesiredCapabilities chrome
Account Console IT (chrome)	Run Account Console IT	2023-05-12T02:41:35.2057319Z INFO: Using `new ChromeOptions()` is preferred to `DesiredCapabilities.chrome()`
Account Console IT (chrome)	Run Account Console IT	2023-05-12T02:41:35.2086555Z Starting ChromeDriver 113.0.5672.63 (0e1a4471d5ae5bf128b1bd8f4d627c8cbd55f70c-refs/branch-heads/5672@{#912}) on port 20607
Account Console IT (chrome)	Run Account Console IT	2023-05-12T02:41:35.2086999Z Only local connections are allowed.
Account Console IT (chrome)	Run Account Console IT	2023-05-12T02:41:35.2087592Z Please see https://chromedriver.chromium.org/security-considerations for suggestions on keeping ChromeDriver safe.
Account Console IT (chrome)	Run Account Console IT	2023-05-12T02:41:35.2088032Z ChromeDriver was started successfully.
Account Console IT (chrome)	Run Account Console IT	2023-05-12T02:41:35.3031231Z May 12, 2023 2:41:35 AM org.openqa.selenium.remote.ProtocolHandshake createSession
Account Console IT (chrome)	Run Account Console IT	2023-05-12T02:41:35.3032288Z INFO: Detected dialect: W3C
Account Console IT (chrome)	Run Account Console IT	2023-05-12T02:41:53.7133178Z [INFO] Tests run: 1, Failures: 0, Errors: 0, Skipped: 0, Time elapsed: 18.593 s - in org.keycloak.testsuite.ui.account2.PermissionsTest
Account Console IT (chrome)	Run Account Console IT	2023-05-12T02:41:53.7160832Z [INFO] Running org.keycloak.testsuite.ui.account2.PersonalInfoTest
Account Console IT (chrome)	Run Account Console IT	2023-05-12T02:41:53.8339689Z May 12, 2023 2:41:53 AM org.openqa.selenium.remote.DesiredCapabilities chrome
Account Console IT (chrome)	Run Account Console IT	2023-05-12T02:41:53.8388467Z INFO: Using `new ChromeOptions()` is preferred to `DesiredCapabilities.chrome()`
Account Console IT (chrome)	Run Account Console IT	2023-05-12T02:41:53.8389137Z May 12, 2023 2:41:53 AM org.openqa.selenium.remote.DesiredCapabilities chrome
Account Console IT (chrome)	Run Account Console IT	2023-05-12T02:41:53.8389595Z INFO: Using `new ChromeOptions()` is preferred to `DesiredCapabilities.chrome()`
Account Console IT (chrome)	Run Account Console IT	2023-05-12T02:41:53.8390488Z Starting ChromeDriver 113.0.5672.63 (0e1a4471d5ae5bf128b1bd8f4d627c8cbd55f70c-refs/branch-heads/5672@{#912}) on port 11776
Account Console IT (chrome)	Run Account Console IT	2023-05-12T02:41:53.8391083Z Only local connections are allowed.
Account Console IT (chrome)	Run Account Console IT	2023-05-12T02:41:53.8391731Z Please see https://chromedriver.chromium.org/security-considerations for suggestions on keeping ChromeDriver safe.
Account Console IT (chrome)	Run Account Console IT	2023-05-12T02:41:53.8392583Z ChromeDriver was started successfully.
Account Console IT (chrome)	Run Account Console IT	2023-05-12T02:41:53.9332294Z May 12, 2023 2:41:53 AM org.openqa.selenium.remote.ProtocolHandshake createSession
Account Console IT (chrome)	Run Account Console IT	2023-05-12T02:41:53.9333399Z INFO: Detected dialect: W3C
Account Console IT (chrome)	Run Account Console IT	2023-05-12T02:43:31.9489580Z [WARNING] Tests run: 9, Failures: 0, Errors: 0, Skipped: 1, Time elapsed: 98.2 s - in org.keycloak.testsuite.ui.account2.PersonalInfoTest
Account Console IT (chrome)	Run Account Console IT	2023-05-12T02:43:31.9554870Z [INFO] Running org.keycloak.testsuite.ui.account2.ReferrerTest
Account Console IT (chrome)	Run Account Console IT	2023-05-12T02:43:32.0993513Z May 12, 2023 2:43:31 AM org.openqa.selenium.remote.DesiredCapabilities chrome
Account Console IT (chrome)	Run Account Console IT	2023-05-12T02:43:32.0994384Z INFO: Using `new ChromeOptions()` is preferred to `DesiredCapabilities.chrome()`
Account Console IT (chrome)	Run Account Console IT	2023-05-12T02:43:32.0995100Z May 12, 2023 2:43:31 AM org.openqa.selenium.remote.DesiredCapabilities chrome
Account Console IT (chrome)	Run Account Console IT	2023-05-12T02:43:32.0995716Z INFO: Using `new ChromeOptions()` is preferred to `DesiredCapabilities.chrome()`
Account Console IT (chrome)	Run Account Console IT	2023-05-12T02:43:32.0996663Z Starting ChromeDriver 113.0.5672.63 (0e1a4471d5ae5bf128b1bd8f4d627c8cbd55f70c-refs/branch-heads/5672@{#912}) on port 15328
Account Console IT (chrome)	Run Account Console IT	2023-05-12T02:43:32.1089299Z Only local connections are allowed.
Account Console IT (chrome)	Run Account Console IT	2023-05-12T02:43:32.1090082Z Please see https://chromedriver.chromium.org/security-considerations for suggestions on keeping ChromeDriver safe.
Account Console IT (chrome)	Run Account Console IT	2023-05-12T02:43:32.1090855Z ChromeDriver was started successfully.
Account Console IT (chrome)	Run Account Console IT	2023-05-12T02:43:32.1990065Z May 12, 2023 2:43:32 AM org.openqa.selenium.remote.ProtocolHandshake createSession
Account Console IT (chrome)	Run Account Console IT	2023-05-12T02:43:32.1991327Z INFO: Detected dialect: W3C
Account Console IT (chrome)	Run Account Console IT	2023-05-12T02:45:19.7996745Z [INFO] Tests run: 8, Failures: 0, Errors: 0, Skipped: 0, Time elapsed: 107.805 s - in org.keycloak.testsuite.ui.account2.ReferrerTest
Account Console IT (chrome)	Run Account Console IT	2023-05-12T02:45:19.7997354Z [INFO] Running org.keycloak.testsuite.ui.account2.SessionTest
Account Console IT (chrome)	Run Account Console IT	2023-05-12T02:45:19.9778826Z May 12, 2023 2:45:19 AM org.openqa.selenium.remote.DesiredCapabilities chrome
Account Console IT (chrome)	Run Account Console IT	2023-05-12T02:45:19.9779679Z INFO: Using `new ChromeOptions()` is preferred to `DesiredCapabilities.chrome()`
Account Console IT (chrome)	Run Account Console IT	2023-05-12T02:45:19.9871661Z May 12, 2023 2:45:19 AM org.openqa.selenium.remote.DesiredCapabilities chrome
Account Console IT (chrome)	Run Account Console IT	2023-05-12T02:45:19.9872201Z INFO: Using `new ChromeOptions()` is preferred to `DesiredCapabilities.chrome()`
Account Console IT (chrome)	Run Account Console IT	2023-05-12T02:45:19.9873266Z Starting ChromeDriver 113.0.5672.63 (0e1a4471d5ae5bf128b1bd8f4d627c8cbd55f70c-refs/branch-heads/5672@{#912}) on port 24532
Account Console IT (chrome)	Run Account Console IT	2023-05-12T02:45:19.9873699Z Only local connections are allowed.
Account Console IT (chrome)	Run Account Console IT	2023-05-12T02:45:19.9874278Z Please see https://chromedriver.chromium.org/security-considerations for suggestions on keeping ChromeDriver safe.
Account Console IT (chrome)	Run Account Console IT	2023-05-12T02:45:19.9874715Z ChromeDriver was started successfully.
Account Console IT (chrome)	Run Account Console IT	2023-05-12T02:45:20.1812276Z May 12, 2023 2:45:20 AM org.openqa.selenium.remote.ProtocolHandshake createSession
Account Console IT (chrome)	Run Account Console IT	2023-05-12T02:45:20.1813022Z INFO: Detected dialect: W3C
Account Console IT (chrome)	Run Account Console IT	2023-05-12T02:50:19.1135614Z [INFO] Tests run: 4, Failures: 0, Errors: 0, Skipped: 0, Time elapsed: 299.291 s - in org.keycloak.testsuite.ui.account2.SessionTest
Account Console IT (chrome)	Run Account Console IT	2023-05-12T02:50:19.1142541Z [INFO] Running org.keycloak.testsuite.ui.account2.SigningInTest
Account Console IT (chrome)	Run Account Console IT	2023-05-12T02:50:19.2585079Z May 12, 2023 2:50:19 AM org.openqa.selenium.remote.DesiredCapabilities chrome
Account Console IT (chrome)	Run Account Console IT	2023-05-12T02:50:19.2585646Z INFO: Using `new ChromeOptions()` is preferred to `DesiredCapabilities.chrome()`
Account Console IT (chrome)	Run Account Console IT	2023-05-12T02:50:19.2586108Z May 12, 2023 2:50:19 AM org.openqa.selenium.remote.DesiredCapabilities chrome
Account Console IT (chrome)	Run Account Console IT	2023-05-12T02:50:19.2586584Z INFO: Using `new ChromeOptions()` is preferred to `DesiredCapabilities.chrome()`
Account Console IT (chrome)	Run Account Console IT	2023-05-12T02:50:19.2624804Z Starting ChromeDriver 113.0.5672.63 (0e1a4471d5ae5bf128b1bd8f4d627c8cbd55f70c-refs/branch-heads/5672@{#912}) on port 21203
Account Console IT (chrome)	Run Account Console IT	2023-05-12T02:50:19.2625450Z Only local connections are allowed.
Account Console IT (chrome)	Run Account Console IT	2023-05-12T02:50:19.2626218Z Please see https://chromedriver.chromium.org/security-considerations for suggestions on keeping ChromeDriver safe.
Account Console IT (chrome)	Run Account Console IT	2023-05-12T02:50:19.2626759Z ChromeDriver was started successfully.
Account Console IT (chrome)	Run Account Console IT	2023-05-12T02:50:19.3581123Z May 12, 2023 2:50:19 AM org.openqa.selenium.remote.ProtocolHandshake createSession
Account Console IT (chrome)	Run Account Console IT	2023-05-12T02:50:19.3582331Z INFO: Detected dialect: W3C
Account Console IT (chrome)	Run Account Console IT	2023-05-12T02:53:20.2450163Z [INFO] Tests run: 6, Failures: 0, Errors: 0, Skipped: 0, Time elapsed: 181.109 s - in org.keycloak.testsuite.ui.account2.SigningInTest
Account Console IT (chrome)	Run Account Console IT	2023-05-12T02:53:20.2458000Z [INFO] Running org.keycloak.testsuite.ui.account2.SmokeTest
Account Console IT (chrome)	Run Account Console IT	2023-05-12T02:53:20.4426956Z May 12, 2023 2:53:20 AM org.openqa.selenium.remote.DesiredCapabilities chrome
Account Console IT (chrome)	Run Account Console IT	2023-05-12T02:53:20.4427979Z INFO: Using `new ChromeOptions()` is preferred to `DesiredCapabilities.chrome()`
Account Console IT (chrome)	Run Account Console IT	2023-05-12T02:53:20.4428717Z May 12, 2023 2:53:20 AM org.openqa.selenium.remote.DesiredCapabilities chrome
Account Console IT (chrome)	Run Account Console IT	2023-05-12T02:53:20.4429336Z INFO: Using `new ChromeOptions()` is preferred to `DesiredCapabilities.chrome()`
Account Console IT (chrome)	Run Account Console IT	2023-05-12T02:53:20.4430429Z Starting ChromeDriver 113.0.5672.63 (0e1a4471d5ae5bf128b1bd8f4d627c8cbd55f70c-refs/branch-heads/5672@{#912}) on port 32227
Account Console IT (chrome)	Run Account Console IT	2023-05-12T02:53:20.4430980Z Only local connections are allowed.
Account Console IT (chrome)	Run Account Console IT	2023-05-12T02:53:20.4431782Z Please see https://chromedriver.chromium.org/security-considerations for suggestions on keeping ChromeDriver safe.
Account Console IT (chrome)	Run Account Console IT	2023-05-12T02:53:20.4432406Z ChromeDriver was started successfully.
Account Console IT (chrome)	Run Account Console IT	2023-05-12T02:53:20.4432954Z May 12, 2023 2:53:20 AM org.openqa.selenium.remote.ProtocolHandshake createSession
Account Console IT (chrome)	Run Account Console IT	2023-05-12T02:53:20.4433449Z INFO: Detected dialect: W3C
Account Console IT (chrome)	Run Account Console IT	2023-05-12T02:53:32.3480814Z [INFO] Tests run: 1, Failures: 0, Errors: 0, Skipped: 0, Time elapsed: 12.079 s - in org.keycloak.testsuite.ui.account2.SmokeTest
Account Console IT (chrome)	Run Account Console IT	2023-05-12T02:53:32.3485788Z [INFO] Running org.keycloak.testsuite.ui.account2.UpdateEmailTest
Account Console IT (chrome)	Run Account Console IT	2023-05-12T02:53:50.2088598Z May 12, 2023 2:53:50 AM org.openqa.selenium.remote.DesiredCapabilities chrome
Account Console IT (chrome)	Run Account Console IT	2023-05-12T02:53:50.2089457Z INFO: Using `new ChromeOptions()` is preferred to `DesiredCapabilities.chrome()`
Account Console IT (chrome)	Run Account Console IT	2023-05-12T02:53:50.2146072Z May 12, 2023 2:53:50 AM org.openqa.selenium.remote.DesiredCapabilities chrome
Account Console IT (chrome)	Run Account Console IT	2023-05-12T02:53:50.2146596Z INFO: Using `new ChromeOptions()` is preferred to `DesiredCapabilities.chrome()`
Account Console IT (chrome)	Run Account Console IT	2023-05-12T02:53:50.3093699Z Starting ChromeDriver 113.0.5672.63 (0e1a4471d5ae5bf128b1bd8f4d627c8cbd55f70c-refs/branch-heads/5672@{#912}) on port 29727
Account Console IT (chrome)	Run Account Console IT	2023-05-12T02:53:50.3094470Z Only local connections are allowed.
Account Console IT (chrome)	Run Account Console IT	2023-05-12T02:53:50.3095311Z Please see https://chromedriver.chromium.org/security-considerations for suggestions on keeping ChromeDriver safe.
Account Console IT (chrome)	Run Account Console IT	2023-05-12T02:53:50.3095959Z ChromeDriver was started successfully.
Account Console IT (chrome)	Run Account Console IT	2023-05-12T02:53:50.4090584Z May 12, 2023 2:53:50 AM org.openqa.selenium.remote.ProtocolHandshake createSession
Account Console IT (chrome)	Run Account Console IT	2023-05-12T02:53:50.4091460Z INFO: Detected dialect: W3C
Account Console IT (chrome)	Run Account Console IT	2023-05-12T02:55:34.4111849Z [INFO] Tests run: 7, Failures: 0, Errors: 0, Skipped: 0, Time elapsed: 122.019 s - in org.keycloak.testsuite.ui.account2.UpdateEmailTest
Account Console IT (chrome)	Run Account Console IT	2023-05-12T02:55:34.4112785Z [INFO] Running org.keycloak.testsuite.ui.account2.WelcomeScreenTest
Account Console IT (chrome)	Run Account Console IT	2023-05-12T02:55:35.2669035Z May 12, 2023 2:55:35 AM org.openqa.selenium.remote.DesiredCapabilities chrome
Account Console IT (chrome)	Run Account Console IT	2023-05-12T02:55:35.2669801Z INFO: Using `new ChromeOptions()` is preferred to `DesiredCapabilities.chrome()`
Account Console IT (chrome)	Run Account Console IT	2023-05-12T02:55:35.2671647Z May 12, 2023 2:55:35 AM org.openqa.selenium.remote.DesiredCapabilities chrome
Account Console IT (chrome)	Run Account Console IT	2023-05-12T02:55:35.2672233Z INFO: Using `new ChromeOptions()` is preferred to `DesiredCapabilities.chrome()`
Account Console IT (chrome)	Run Account Console IT	2023-05-12T02:55:35.2673201Z Starting ChromeDriver 113.0.5672.63 (0e1a4471d5ae5bf128b1bd8f4d627c8cbd55f70c-refs/branch-heads/5672@{#912}) on port 9598
Account Console IT (chrome)	Run Account Console IT	2023-05-12T02:55:35.2676055Z Only local connections are allowed.
Account Console IT (chrome)	Run Account Console IT	2023-05-12T02:55:35.2676828Z Please see https://chromedriver.chromium.org/security-considerations for suggestions on keeping ChromeDriver safe.
Account Console IT (chrome)	Run Account Console IT	2023-05-12T02:55:35.2677385Z ChromeDriver was started successfully.
Account Console IT (chrome)	Run Account Console IT	2023-05-12T02:55:35.4670416Z May 12, 2023 2:55:35 AM org.openqa.selenium.remote.ProtocolHandshake createSession
Account Console IT (chrome)	Run Account Console IT	2023-05-12T02:55:35.4671940Z INFO: Detected dialect: W3C
Account Console IT (chrome)	Run Account Console IT	2023-05-12T02:56:57.7898763Z [INFO] Tests run: 6, Failures: 0, Errors: 0, Skipped: 0, Time elapsed: 83.367 s - in org.keycloak.testsuite.ui.account2.WelcomeScreenTest
Account Console IT (chrome)	Run Account Console IT	2023-05-12T02:56:58.1294300Z -- [INFO] 
Account Console IT (chrome)	Run Account Console IT	2023-05-12T02:56:58.1294674Z -- [INFO] Results:
Account Console IT (chrome)	Run Account Console IT	2023-05-12T02:56:58.1295054Z -- [INFO] 
Account Console IT (chrome)	Run Account Console IT	2023-05-12T02:56:58.1295313Z -- [ERROR] Failures: 
Account Console IT (chrome)	Run Account Console IT	2023-05-12T02:56:58.1295887Z -- [ERROR] org.keycloak.testsuite.ui.account2.InternationalizationTest.userAttributeTest
Account Console IT (chrome)	Run Account Console IT	2023-05-12T02:56:58.1296602Z -- [ERROR]   Run 1: InternationalizationTest.userAttributeTest:105 expected:<[English]> but was:<[und]>
Account Console IT (chrome)	Run Account Console IT	2023-05-12T02:56:58.1297258Z -- [ERROR]   Run 2: InternationalizationTest.userAttributeTest:105 expected:<[English]> but was:<[und]>
Account Console IT (chrome)	Run Account Console IT	2023-05-12T02:56:58.1297879Z -- [ERROR]   Run 3: InternationalizationTest.userAttributeTest:105 expected:<[English]> but was:<[und]>
Account Console IT (chrome)	Run Account Console IT	2023-05-12T02:56:58.1298265Z -- [INFO] 
Account Console IT (chrome)	Run Account Console IT	2023-05-12T02:56:58.1298494Z -- [INFO] 
Account Console IT (chrome)	Run Account Console IT	2023-05-12T02:56:58.1298834Z -- [ERROR] Tests run: 77, Failures: 1, Errors: 0, Skipped: 3
Account Console IT (chrome)	Run Account Console IT	2023-05-12T02:56:58.1299147Z -- [INFO] 
Account Console IT (chrome)	Run Account Console IT	2023-05-12T02:56:58.1332066Z -- [INFO] ------------------------------------------------------------------------
Account Console IT (chrome)	Run Account Console IT	2023-05-12T02:56:58.1332849Z -- [INFO] BUILD FAILURE
Account Console IT (chrome)	Run Account Console IT	2023-05-12T02:56:58.1333477Z -- [INFO] ------------------------------------------------------------------------
Account Console IT (chrome)	Run Account Console IT	2023-05-12T02:56:58.1339382Z -- [INFO] Total time:  24:18 min
Account Console IT (chrome)	Run Account Console IT	2023-05-12T02:56:58.1340667Z -- [INFO] Finished at: 2023-05-12T02:56:58Z
Account Console IT (chrome)	Run Account Console IT	2023-05-12T02:56:58.1341360Z -- [INFO] ------------------------------------------------------------------------
Account Console IT (chrome)	Run Account Console IT	2023-05-12T02:56:58.1352436Z -- [ERROR] Failed to execute goal org.apache.maven.plugins:maven-surefire-plugin:3.0.0-M7:test (default-test) on project integration-arquillian-tests-base-ui: There are test failures.
Account Console IT (chrome)	Run Account Console IT	2023-05-12T02:56:58.1353222Z -- [ERROR] 
Account Console IT (chrome)	Run Account Console IT	2023-05-12T02:56:58.1354079Z -- [ERROR] Please refer to /home/runner/work/keycloak/keycloak/testsuite/integration-arquillian/tests/other/base-ui/target/surefire-reports for the individual test results.
Account Console IT (chrome)	Run Account Console IT	2023-05-12T02:56:58.1354979Z -- [ERROR] Please refer to dump files (if any exist) [date].dump, [date]-jvmRun[N].dump and [date].dumpstream.
Account Console IT (chrome)	Run Account Console IT	2023-05-12T02:56:58.1355526Z -- [ERROR] -> [Help 1]
Account Console IT (chrome)	Run Account Console IT	2023-05-12T02:56:58.1355902Z -- [ERROR] 
Account Console IT (chrome)	Run Account Console IT	2023-05-12T02:56:58.1356560Z -- [ERROR] To see the full stack trace of the errors, re-run Maven with the -e switch.
Account Console IT (chrome)	Run Account Console IT	2023-05-12T02:56:58.1357204Z -- [ERROR] Re-run Maven using the -X switch to enable full debug logging.
Account Console IT (chrome)	Run Account Console IT	2023-05-12T02:56:58.1357667Z -- [ERROR] 
Account Console IT (chrome)	Run Account Console IT	2023-05-12T02:56:58.1358298Z -- [ERROR] For more information about the errors and possible solutions, please read the following articles:
Account Console IT (chrome)	Run Account Console IT	2023-05-12T02:56:58.1359049Z -- [ERROR] [Help 1] http://cwiki.apache.org/confluence/display/MAVEN/MojoFailureException
Account Console IT (chrome)	Run Account Console IT	2023-05-12T02:56:58.1562196Z ##[error]Process completed with exit code 1.
