Account Console IT (chrome)	Run Account Console IT	2023-05-13T02:28:36.4588273Z ##[group]Run ./mvnw test -Dsurefire.rerunFailingTestsCount=2 -nsu -B -Pauth-server-quarkus -Dtest=**.account2.**,!SigningInTest#passwordlessWebAuthnTest,!SigningInTest#twoFactorWebAuthnTest -Dbrowser=chrome "-Dwebdriver.chrome.driver=$CHROMEWEBDRIVER/chromedriver" -f testsuite/integration-arquillian/tests/other/base-ui/pom.xml | misc/log/trimmer.sh
Account Console IT (chrome)	Run Account Console IT	2023-05-13T02:28:36.4589467Z [36;1m./mvnw test -Dsurefire.rerunFailingTestsCount=2 -nsu -B -Pauth-server-quarkus -Dtest=**.account2.**,!SigningInTest#passwordlessWebAuthnTest,!SigningInTest#twoFactorWebAuthnTest -Dbrowser=chrome "-Dwebdriver.chrome.driver=$CHROMEWEBDRIVER/chromedriver" -f testsuite/integration-arquillian/tests/other/base-ui/pom.xml | misc/log/trimmer.sh[0m
Account Console IT (chrome)	Run Account Console IT	2023-05-13T02:28:36.4642844Z shell: /usr/bin/bash --noprofile --norc -e -o pipefail {0}
Account Console IT (chrome)	Run Account Console IT	2023-05-13T02:28:36.4643119Z env:
Account Console IT (chrome)	Run Account Console IT	2023-05-13T02:28:36.4643327Z   DEFAULT_JDK_VERSION: 17
Account Console IT (chrome)	Run Account Console IT	2023-05-13T02:28:36.4643555Z   DEFAULT_JDK_DIST: temurin
Account Console IT (chrome)	Run Account Console IT	2023-05-13T02:28:36.4643797Z   SUREFIRE_RERUN_FAILING_COUNT: 2
Account Console IT (chrome)	Run Account Console IT	2023-05-13T02:28:36.4644357Z   JAVA_HOME: /opt/hostedtoolcache/Java_Temurin-Hotspot_jdk/17.0.7-7/x64
Account Console IT (chrome)	Run Account Console IT	2023-05-13T02:28:36.4644738Z   JAVA_HOME_17_X64: /opt/hostedtoolcache/Java_Temurin-Hotspot_jdk/17.0.7-7/x64
Account Console IT (chrome)	Run Account Console IT	2023-05-13T02:28:36.4645031Z ##[endgroup]
Account Console IT (chrome)	Run Account Console IT	2023-05-13T02:28:40.4304283Z -- [INFO] Scanning for projects...
Account Console IT (chrome)	Run Account Console IT	2023-05-13T02:28:40.7165971Z -- [INFO] 
Account Console IT (chrome)	Run Account Console IT	2023-05-13T02:28:40.7171477Z -- [INFO] ----< org.keycloak.testsuite:integration-arquillian-tests-base-ui >-----
Account Console IT (chrome)	Run Account Console IT	2023-05-13T02:28:40.7172242Z -- [INFO] Building Base UI TestSuite 999.0.0-SNAPSHOT
Account Console IT (chrome)	Run Account Console IT	2023-05-13T02:28:40.7173617Z -- [INFO] --------------------------------[ jar ]---------------------------------
Account Console IT (chrome)	Run Account Console IT	2023-05-13T02:28:40.8863523Z -- [INFO] Downloading from jboss-public-repository: https://repository.jboss.org/nexus/content/groups/public/org/codehaus/mojo/properties-maven-plugin/1.0.0/properties-maven-plugin-1.0.0.pom
Account Console IT (chrome)	Run Account Console IT	2023-05-13T02:28:41.3005217Z -- [INFO] Downloading from central: https://repo.maven.apache.org/maven2/org/codehaus/mojo/properties-maven-plugin/1.0.0/properties-maven-plugin-1.0.0.pom
Account Console IT (chrome)	Run Account Console IT	2023-05-13T02:28:41.3564618Z -- [INFO] Downloaded from central: https://repo.maven.apache.org/maven2/org/codehaus/mojo/properties-maven-plugin/1.0.0/properties-maven-plugin-1.0.0.pom (5.0 kB at 89 kB/s)
Account Console IT (chrome)	Run Account Console IT	2023-05-13T02:28:41.3611715Z -- [INFO] Downloading from jboss-public-repository: https://repository.jboss.org/nexus/content/groups/public/org/codehaus/mojo/properties-maven-plugin/1.0.0/properties-maven-plugin-1.0.0.jar
Account Console IT (chrome)	Run Account Console IT	2023-05-13T02:28:41.3819679Z -- [INFO] Downloading from central: https://repo.maven.apache.org/maven2/org/codehaus/mojo/properties-maven-plugin/1.0.0/properties-maven-plugin-1.0.0.jar
Account Console IT (chrome)	Run Account Console IT	2023-05-13T02:28:41.4195072Z -- [INFO] Downloaded from central: https://repo.maven.apache.org/maven2/org/codehaus/mojo/properties-maven-plugin/1.0.0/properties-maven-plugin-1.0.0.jar (30 kB at 798 kB/s)
Account Console IT (chrome)	Run Account Console IT	2023-05-13T02:28:41.4831661Z -- [INFO] Downloading from central: https://repo.maven.apache.org/maven2/org/jboss/arquillian/extension/arquillian-drone-appium-extension/2.5.5/arquillian-drone-appium-extension-2.5.5.pom
Account Console IT (chrome)	Run Account Console IT	2023-05-13T02:28:41.5133250Z -- [INFO] Downloaded from central: https://repo.maven.apache.org/maven2/org/jboss/arquillian/extension/arquillian-drone-appium-extension/2.5.5/arquillian-drone-appium-extension-2.5.5.pom (3.2 kB at 98 kB/s)
Account Console IT (chrome)	Run Account Console IT	2023-05-13T02:28:41.6940236Z -- [INFO] Downloading from central: https://repo.maven.apache.org/maven2/io/appium/java-client/5.0.0-BETA9/java-client-5.0.0-BETA9.pom
Account Console IT (chrome)	Run Account Console IT	2023-05-13T02:28:41.7312777Z -- [INFO] Downloaded from central: https://repo.maven.apache.org/maven2/io/appium/java-client/5.0.0-BETA9/java-client-5.0.0-BETA9.pom (3.9 kB at 111 kB/s)
Account Console IT (chrome)	Run Account Console IT	2023-05-13T02:28:41.7473455Z -- [INFO] Downloading from central: https://repo.maven.apache.org/maven2/com/google/code/gson/gson/2.8.1/gson-2.8.1.pom
Account Console IT (chrome)	Run Account Console IT	2023-05-13T02:28:41.7696651Z -- [INFO] Downloaded from central: https://repo.maven.apache.org/maven2/com/google/code/gson/gson/2.8.1/gson-2.8.1.pom (1.9 kB at 79 kB/s)
Account Console IT (chrome)	Run Account Console IT	2023-05-13T02:28:41.7716302Z -- [INFO] Downloading from central: https://repo.maven.apache.org/maven2/com/google/code/gson/gson-parent/2.8.1/gson-parent-2.8.1.pom
Account Console IT (chrome)	Run Account Console IT	2023-05-13T02:28:41.8053796Z -- [INFO] Downloaded from central: https://repo.maven.apache.org/maven2/com/google/code/gson/gson-parent/2.8.1/gson-parent-2.8.1.pom (3.7 kB at 111 kB/s)
Account Console IT (chrome)	Run Account Console IT	2023-05-13T02:28:41.8138087Z -- [INFO] Downloading from central: https://repo.maven.apache.org/maven2/cglib/cglib/3.2.5/cglib-3.2.5.pom
Account Console IT (chrome)	Run Account Console IT	2023-05-13T02:28:41.8352614Z -- [INFO] Downloaded from central: https://repo.maven.apache.org/maven2/cglib/cglib/3.2.5/cglib-3.2.5.pom (2.8 kB at 123 kB/s)
Account Console IT (chrome)	Run Account Console IT	2023-05-13T02:28:41.8371027Z -- [INFO] Downloading from central: https://repo.maven.apache.org/maven2/cglib/cglib-parent/3.2.5/cglib-parent-3.2.5.pom
Account Console IT (chrome)	Run Account Console IT	2023-05-13T02:28:41.8622302Z -- [INFO] Downloaded from central: https://repo.maven.apache.org/maven2/cglib/cglib-parent/3.2.5/cglib-parent-3.2.5.pom (9.8 kB at 393 kB/s)
Account Console IT (chrome)	Run Account Console IT	2023-05-13T02:28:41.8657776Z -- [INFO] Downloading from central: https://repo.maven.apache.org/maven2/org/ow2/asm/asm/6.0_ALPHA/asm-6.0_ALPHA.pom
Account Console IT (chrome)	Run Account Console IT	2023-05-13T02:28:41.8937347Z -- [INFO] Downloaded from central: https://repo.maven.apache.org/maven2/org/ow2/asm/asm/6.0_ALPHA/asm-6.0_ALPHA.pom (1.9 kB at 67 kB/s)
Account Console IT (chrome)	Run Account Console IT	2023-05-13T02:28:41.8951981Z -- [INFO] Downloading from central: https://repo.maven.apache.org/maven2/org/ow2/asm/asm-parent/6.0_ALPHA/asm-parent-6.0_ALPHA.pom
Account Console IT (chrome)	Run Account Console IT	2023-05-13T02:28:41.9246989Z -- [INFO] Downloaded from central: https://repo.maven.apache.org/maven2/org/ow2/asm/asm-parent/6.0_ALPHA/asm-parent-6.0_ALPHA.pom (5.5 kB at 190 kB/s)
Account Console IT (chrome)	Run Account Console IT	2023-05-13T02:28:41.9607886Z -- [INFO] Downloading from central: https://repo.maven.apache.org/maven2/org/springframework/spring-context/4.3.8.RELEASE/spring-context-4.3.8.RELEASE.pom
Account Console IT (chrome)	Run Account Console IT	2023-05-13T02:28:42.0009061Z -- [INFO] Downloaded from central: https://repo.maven.apache.org/maven2/org/springframework/spring-context/4.3.8.RELEASE/spring-context-4.3.8.RELEASE.pom (5.0 kB at 129 kB/s)
Account Console IT (chrome)	Run Account Console IT	2023-05-13T02:28:42.0053878Z -- [INFO] Downloading from central: https://repo.maven.apache.org/maven2/org/springframework/spring-aop/4.3.8.RELEASE/spring-aop-4.3.8.RELEASE.pom
Account Console IT (chrome)	Run Account Console IT	2023-05-13T02:28:42.0314094Z -- [INFO] Downloaded from central: https://repo.maven.apache.org/maven2/org/springframework/spring-aop/4.3.8.RELEASE/spring-aop-4.3.8.RELEASE.pom (2.7 kB at 99 kB/s)
Account Console IT (chrome)	Run Account Console IT	2023-05-13T02:28:42.0358903Z -- [INFO] Downloading from central: https://repo.maven.apache.org/maven2/org/springframework/spring-beans/4.3.8.RELEASE/spring-beans-4.3.8.RELEASE.pom
Account Console IT (chrome)	Run Account Console IT	2023-05-13T02:28:42.0624508Z -- [INFO] Downloaded from central: https://repo.maven.apache.org/maven2/org/springframework/spring-beans/4.3.8.RELEASE/spring-beans-4.3.8.RELEASE.pom (2.5 kB at 92 kB/s)
Account Console IT (chrome)	Run Account Console IT	2023-05-13T02:28:42.0667210Z -- [INFO] Downloading from central: https://repo.maven.apache.org/maven2/org/springframework/spring-core/4.3.8.RELEASE/spring-core-4.3.8.RELEASE.pom
Account Console IT (chrome)	Run Account Console IT	2023-05-13T02:28:42.0953040Z -- [INFO] Downloaded from central: https://repo.maven.apache.org/maven2/org/springframework/spring-core/4.3.8.RELEASE/spring-core-4.3.8.RELEASE.pom (2.5 kB at 85 kB/s)
Account Console IT (chrome)	Run Account Console IT	2023-05-13T02:28:42.1138679Z -- [INFO] Downloading from central: https://repo.maven.apache.org/maven2/org/springframework/spring-expression/4.3.8.RELEASE/spring-expression-4.3.8.RELEASE.pom
Account Console IT (chrome)	Run Account Console IT	2023-05-13T02:28:42.1435514Z -- [INFO] Downloaded from central: https://repo.maven.apache.org/maven2/org/springframework/spring-expression/4.3.8.RELEASE/spring-expression-4.3.8.RELEASE.pom (1.7 kB at 49 kB/s)
Account Console IT (chrome)	Run Account Console IT	2023-05-13T02:28:42.1470970Z -- [INFO] Downloading from central: https://repo.maven.apache.org/maven2/org/aspectj/aspectjweaver/1.8.10/aspectjweaver-1.8.10.pom
Account Console IT (chrome)	Run Account Console IT	2023-05-13T02:28:42.1729351Z -- [INFO] Downloaded from central: https://repo.maven.apache.org/maven2/org/aspectj/aspectjweaver/1.8.10/aspectjweaver-1.8.10.pom (1.0 kB at 39 kB/s)
Account Console IT (chrome)	Run Account Console IT	2023-05-13T02:28:43.1212024Z -- [INFO] Downloading from central: https://repo.maven.apache.org/maven2/org/jboss/jboss-parent/37/jboss-parent-37.pom
Account Console IT (chrome)	Run Account Console IT	2023-05-13T02:28:43.1355124Z -- [INFO] Downloaded from central: https://repo.maven.apache.org/maven2/org/jboss/jboss-parent/37/jboss-parent-37.pom (0 B at 0 B/s)
Account Console IT (chrome)	Run Account Console IT	2023-05-13T02:28:43.1387247Z -- [INFO] Downloading from central: https://repo.maven.apache.org/maven2/org/jboss/jboss-parent/38/jboss-parent-38.pom
Account Console IT (chrome)	Run Account Console IT	2023-05-13T02:28:43.1592702Z -- [INFO] Downloaded from central: https://repo.maven.apache.org/maven2/org/jboss/jboss-parent/38/jboss-parent-38.pom (0 B at 0 B/s)
Account Console IT (chrome)	Run Account Console IT	2023-05-13T02:28:43.7260675Z -- [INFO] Downloading from central: https://repo.maven.apache.org/maven2/org/jboss/shrinkwrap/resolver/shrinkwrap-resolver-spi/3.1.4/shrinkwrap-resolver-spi-3.1.4.pom
Account Console IT (chrome)	Run Account Console IT	2023-05-13T02:28:43.7444280Z -- [INFO] Downloaded from central: https://repo.maven.apache.org/maven2/org/jboss/shrinkwrap/resolver/shrinkwrap-resolver-spi/3.1.4/shrinkwrap-resolver-spi-3.1.4.pom (0 B at 0 B/s)
Account Console IT (chrome)	Run Account Console IT	2023-05-13T02:28:43.7471651Z -- [INFO] Downloading from central: https://repo.maven.apache.org/maven2/org/jboss/shrinkwrap/resolver/shrinkwrap-resolver-spi-maven/3.1.4/shrinkwrap-resolver-spi-maven-3.1.4.pom
Account Console IT (chrome)	Run Account Console IT	2023-05-13T02:28:43.7606389Z -- [INFO] Downloaded from central: https://repo.maven.apache.org/maven2/org/jboss/shrinkwrap/resolver/shrinkwrap-resolver-spi-maven/3.1.4/shrinkwrap-resolver-spi-maven-3.1.4.pom (0 B at 0 B/s)
Account Console IT (chrome)	Run Account Console IT	2023-05-13T02:28:43.7642998Z -- [INFO] Downloading from central: https://repo.maven.apache.org/maven2/org/jboss/shrinkwrap/resolver/shrinkwrap-resolver-api-maven-archive/3.1.4/shrinkwrap-resolver-api-maven-archive-3.1.4.pom
Account Console IT (chrome)	Run Account Console IT	2023-05-13T02:28:43.7784123Z -- [INFO] Downloaded from central: https://repo.maven.apache.org/maven2/org/jboss/shrinkwrap/resolver/shrinkwrap-resolver-api-maven-archive/3.1.4/shrinkwrap-resolver-api-maven-archive-3.1.4.pom (0 B at 0 B/s)
Account Console IT (chrome)	Run Account Console IT	2023-05-13T02:28:43.7825089Z -- [INFO] Downloading from central: https://repo.maven.apache.org/maven2/org/jboss/shrinkwrap/resolver/shrinkwrap-resolver-impl-maven/3.1.4/shrinkwrap-resolver-impl-maven-3.1.4.pom
Account Console IT (chrome)	Run Account Console IT	2023-05-13T02:28:43.7952997Z -- [INFO] Downloaded from central: https://repo.maven.apache.org/maven2/org/jboss/shrinkwrap/resolver/shrinkwrap-resolver-impl-maven/3.1.4/shrinkwrap-resolver-impl-maven-3.1.4.pom (0 B at 0 B/s)
Account Console IT (chrome)	Run Account Console IT	2023-05-13T02:28:43.8424448Z -- [INFO] Downloading from central: https://repo.maven.apache.org/maven2/org/jboss/shrinkwrap/resolver/shrinkwrap-resolver-impl-maven-archive/3.1.4/shrinkwrap-resolver-impl-maven-archive-3.1.4.pom
Account Console IT (chrome)	Run Account Console IT	2023-05-13T02:28:43.8577556Z -- [INFO] Downloaded from central: https://repo.maven.apache.org/maven2/org/jboss/shrinkwrap/resolver/shrinkwrap-resolver-impl-maven-archive/3.1.4/shrinkwrap-resolver-impl-maven-archive-3.1.4.pom (0 B at 0 B/s)
Account Console IT (chrome)	Run Account Console IT	2023-05-13T02:28:43.8611879Z -- [INFO] Downloading from central: https://repo.maven.apache.org/maven2/org/jboss/shrinkwrap/resolver/shrinkwrap-resolver-spi-maven-archive/3.1.4/shrinkwrap-resolver-spi-maven-archive-3.1.4.pom
Account Console IT (chrome)	Run Account Console IT	2023-05-13T02:28:43.8732922Z -- [INFO] Downloaded from central: https://repo.maven.apache.org/maven2/org/jboss/shrinkwrap/resolver/shrinkwrap-resolver-spi-maven-archive/3.1.4/shrinkwrap-resolver-spi-maven-archive-3.1.4.pom (0 B at 0 B/s)
Account Console IT (chrome)	Run Account Console IT	2023-05-13T02:28:44.4094056Z -- [INFO] Downloading from central: https://repo.maven.apache.org/maven2/org/jboss/arquillian/extension/arquillian-drone-appium-extension/2.5.5/arquillian-drone-appium-extension-2.5.5.jar
Account Console IT (chrome)	Run Account Console IT	2023-05-13T02:28:45.0637086Z -- [INFO] Downloaded from central: https://repo.maven.apache.org/maven2/org/jboss/arquillian/extension/arquillian-drone-appium-extension/2.5.5/arquillian-drone-appium-extension-2.5.5.jar (9.5 kB at 15 kB/s)
Account Console IT (chrome)	Run Account Console IT	2023-05-13T02:28:45.0819665Z -- [INFO] 
Account Console IT (chrome)	Run Account Console IT	2023-05-13T02:28:45.0851807Z -- [INFO] --- maven-enforcer-plugin:3.0.0-M3:enforce (enforce-java-version) @ integration-arquillian-tests-base-ui ---
Account Console IT (chrome)	Run Account Console IT	2023-05-13T02:28:45.2991414Z -- [INFO] 
Account Console IT (chrome)	Run Account Console IT	2023-05-13T02:28:45.2992636Z -- [INFO] --- maven-enforcer-plugin:3.0.0-M3:enforce (enforce-maven-version) @ integration-arquillian-tests-base-ui ---
Account Console IT (chrome)	Run Account Console IT	2023-05-13T02:28:45.3021033Z -- [INFO] 
Account Console IT (chrome)	Run Account Console IT	2023-05-13T02:28:45.3021852Z -- [INFO] --- maven-enforcer-plugin:3.0.0-M3:enforce (enforce-maven) @ integration-arquillian-tests-base-ui ---
Account Console IT (chrome)	Run Account Console IT	2023-05-13T02:28:45.3027581Z -- [INFO] 
Account Console IT (chrome)	Run Account Console IT	2023-05-13T02:28:45.3031795Z -- [INFO] --- buildnumber-maven-plugin:1.4:create (get-scm-revision) @ integration-arquillian-tests-base-ui ---
Account Console IT (chrome)	Run Account Console IT	2023-05-13T02:28:45.5173499Z -- [INFO] Executing: /bin/sh -c cd '/home/runner/work/keycloak/keycloak/testsuite/integration-arquillian/tests/other/base-ui' && 'git' 'rev-parse' '--verify' 'HEAD'
Account Console IT (chrome)	Run Account Console IT	2023-05-13T02:28:45.5174608Z -- [INFO] Working directory: /home/runner/work/keycloak/keycloak/testsuite/integration-arquillian/tests/other/base-ui
Account Console IT (chrome)	Run Account Console IT	2023-05-13T02:28:45.5275009Z -- [INFO] Storing buildNumber: 04ab84800312a705e3ee623f64fbcc2e2abf078b at timestamp: 1683944925502
Account Console IT (chrome)	Run Account Console IT	2023-05-13T02:28:45.6554753Z -- [INFO] Storing buildScmBranch: main
Account Console IT (chrome)	Run Account Console IT	2023-05-13T02:28:45.6555441Z -- [INFO] 
Account Console IT (chrome)	Run Account Console IT	2023-05-13T02:28:45.6676182Z -- [INFO] --- maven-dependency-plugin:3.1.2:unpack (unpack-test-resources) @ integration-arquillian-tests-base-ui ---
Account Console IT (chrome)	Run Account Console IT	2023-05-13T02:28:46.0303533Z -- [INFO] Configured Artifact: org.keycloak.testsuite:integration-arquillian-tests-base:tests:999.0.0-SNAPSHOT:jar
Account Console IT (chrome)	Run Account Console IT	2023-05-13T02:28:46.0493262Z -- [INFO] Unpacking /home/runner/.m2/repository/org/keycloak/testsuite/integration-arquillian-tests-base/999.0.0-SNAPSHOT/integration-arquillian-tests-base-999.0.0-SNAPSHOT-tests.jar to /home/runner/work/keycloak/keycloak/testsuite/integration-arquillian/tests/other/base-ui/target/dependency with includes "arquillian.xml,wildfly-config.xml,keycloak-add-user.json,test-constants.properties,kerberos/*,keystore/*,password-blacklists/*,log4j.properties,vault/*" and excludes ""
Account Console IT (chrome)	Run Account Console IT	2023-05-13T02:28:46.2135566Z -- [INFO] 
Account Console IT (chrome)	Run Account Console IT	2023-05-13T02:28:46.2136588Z -- [INFO] --- maven-resources-plugin:3.0.1:copy-resources (copy-truststore) @ integration-arquillian-tests-base-ui ---
Account Console IT (chrome)	Run Account Console IT	2023-05-13T02:28:46.2484198Z -- [INFO] Using 'UTF-8' encoding to copy filtered resources.
Account Console IT (chrome)	Run Account Console IT	2023-05-13T02:28:46.2487488Z -- [INFO] skip non existing resourceDirectory /home/runner/work/keycloak/keycloak/testsuite/integration-arquillian/tests/other/base-ui/src/test/resources
Account Console IT (chrome)	Run Account Console IT	2023-05-13T02:28:46.2494032Z -- [INFO] 
Account Console IT (chrome)	Run Account Console IT	2023-05-13T02:28:46.2494810Z -- [INFO] --- maven-resources-plugin:3.0.1:resources (default-resources) @ integration-arquillian-tests-base-ui ---
Account Console IT (chrome)	Run Account Console IT	2023-05-13T02:28:46.2518614Z -- [INFO] Using 'UTF-8' encoding to copy filtered resources.
Account Console IT (chrome)	Run Account Console IT	2023-05-13T02:28:46.2573189Z -- [INFO] Copying 12 resources
Account Console IT (chrome)	Run Account Console IT	2023-05-13T02:28:46.2648055Z -- [INFO] 
Account Console IT (chrome)	Run Account Console IT	2023-05-13T02:28:46.2648912Z -- [INFO] --- properties-maven-plugin:1.0.0:read-project-properties (default) @ integration-arquillian-tests-base-ui ---
Account Console IT (chrome)	Run Account Console IT	2023-05-13T02:28:46.2797134Z -- [INFO] 
Account Console IT (chrome)	Run Account Console IT	2023-05-13T02:28:46.2798122Z -- [INFO] --- maven-resources-plugin:3.0.1:copy-resources (copy-theme-files) @ integration-arquillian-tests-base-ui ---
Account Console IT (chrome)	Run Account Console IT	2023-05-13T02:28:46.2809627Z -- [INFO] Using 'UTF-8' encoding to copy filtered resources.
Account Console IT (chrome)	Run Account Console IT	2023-05-13T02:28:46.2822283Z -- [INFO] Copying 12 resources
Account Console IT (chrome)	Run Account Console IT	2023-05-13T02:28:46.2909655Z -- [INFO] 
Account Console IT (chrome)	Run Account Console IT	2023-05-13T02:28:46.2914909Z -- [INFO] --- maven-compiler-plugin:3.8.1:compile (default-compile) @ integration-arquillian-tests-base-ui ---
Account Console IT (chrome)	Run Account Console IT	2023-05-13T02:28:46.3718632Z -- [INFO] Changes detected - recompiling the module!
Account Console IT (chrome)	Run Account Console IT	2023-05-13T02:28:46.3753453Z -- [INFO] Compiling 19 source files to /home/runner/work/keycloak/keycloak/testsuite/integration-arquillian/tests/other/base-ui/target/classes
Account Console IT (chrome)	Run Account Console IT	2023-05-13T02:28:48.5035361Z -- [INFO] 
Account Console IT (chrome)	Run Account Console IT	2023-05-13T02:28:48.5036188Z -- [INFO] --- maven-dependency-plugin:3.1.2:unpack (unpack-undertow-server) @ integration-arquillian-tests-base-ui ---
Account Console IT (chrome)	Run Account Console IT	2023-05-13T02:28:48.5059642Z -- [INFO] Skipping plugin execution
Account Console IT (chrome)	Run Account Console IT	2023-05-13T02:28:48.5060097Z -- [INFO] 
Account Console IT (chrome)	Run Account Console IT	2023-05-13T02:28:48.5060707Z -- [INFO] --- maven-dependency-plugin:3.1.2:unpack (unpack-quarkus-server) @ integration-arquillian-tests-base-ui ---
Account Console IT (chrome)	Run Account Console IT	2023-05-13T02:28:48.5070416Z -- [INFO] Configured Artifact: org.keycloak.testsuite:integration-arquillian-servers-auth-server-quarkus:999.0.0-SNAPSHOT:zip
Account Console IT (chrome)	Run Account Console IT	2023-05-13T02:28:48.5155754Z -- [INFO] Unpacking /home/runner/.m2/repository/org/keycloak/testsuite/integration-arquillian-servers-auth-server-quarkus/999.0.0-SNAPSHOT/integration-arquillian-servers-auth-server-quarkus-999.0.0-SNAPSHOT.zip to /home/runner/work/keycloak/keycloak/testsuite/integration-arquillian/tests/other/base-ui/target/containers with includes "" and excludes ""
Account Console IT (chrome)	Run Account Console IT	2023-05-13T02:28:50.7352410Z -- [INFO] 
Account Console IT (chrome)	Run Account Console IT	2023-05-13T02:28:50.7353482Z -- [INFO] --- maven-dependency-plugin:3.1.2:unpack (unpack-app-server) @ integration-arquillian-tests-base-ui ---
Account Console IT (chrome)	Run Account Console IT	2023-05-13T02:28:50.7395370Z -- [INFO] Skipping plugin execution
Account Console IT (chrome)	Run Account Console IT	2023-05-13T02:28:50.7395934Z -- [INFO] 
Account Console IT (chrome)	Run Account Console IT	2023-05-13T02:28:50.7396965Z -- [INFO] --- maven-dependency-plugin:3.1.2:copy (example-wars) @ integration-arquillian-tests-base-ui ---
Account Console IT (chrome)	Run Account Console IT	2023-05-13T02:28:50.7397658Z -- [INFO] Configured Artifact: org.keycloak.testsuite:hello-world-authz-service:999.0.0-SNAPSHOT:war
Account Console IT (chrome)	Run Account Console IT	2023-05-13T02:28:50.7400798Z -- [INFO] Configured Artifact: org.keycloak.testsuite:photoz-html5-client:999.0.0-SNAPSHOT:war
Account Console IT (chrome)	Run Account Console IT	2023-05-13T02:28:50.7413560Z -- [INFO] Configured Artifact: org.keycloak.testsuite:photoz-restful-api:999.0.0-SNAPSHOT:war
Account Console IT (chrome)	Run Account Console IT	2023-05-13T02:28:50.7441610Z -- [INFO] Configured Artifact: org.keycloak.testsuite:servlet-authz-app:999.0.0-SNAPSHOT:war
Account Console IT (chrome)	Run Account Console IT	2023-05-13T02:28:50.7467513Z -- [INFO] Configured Artifact: org.keycloak.testsuite:servlet-policy-enforcer:999.0.0-SNAPSHOT:war
Account Console IT (chrome)	Run Account Console IT	2023-05-13T02:28:50.7494343Z -- [INFO] Configured Artifact: org.keycloak.testsuite:integration-arquillian-test-apps-cors-angular-product:999.0.0-SNAPSHOT:war
Account Console IT (chrome)	Run Account Console IT	2023-05-13T02:28:50.7526233Z -- [INFO] Configured Artifact: org.keycloak.testsuite:integration-arquillian-test-apps-cors-database-service:999.0.0-SNAPSHOT:war
Account Console IT (chrome)	Run Account Console IT	2023-05-13T02:28:50.7552133Z -- [INFO] Copying hello-world-authz-service-999.0.0-SNAPSHOT.war to /home/runner/work/keycloak/keycloak/testsuite/integration-arquillian/tests/other/base-ui/target/examples/hello-world-authz-service-999.0.0-SNAPSHOT.war
Account Console IT (chrome)	Run Account Console IT	2023-05-13T02:28:50.7627283Z -- [INFO] Copying photoz-html5-client-999.0.0-SNAPSHOT.war to /home/runner/work/keycloak/keycloak/testsuite/integration-arquillian/tests/other/base-ui/target/examples/photoz-html5-client-999.0.0-SNAPSHOT.war
Account Console IT (chrome)	Run Account Console IT	2023-05-13T02:28:50.7669176Z -- [INFO] Copying photoz-restful-api-999.0.0-SNAPSHOT.war to /home/runner/work/keycloak/keycloak/testsuite/integration-arquillian/tests/other/base-ui/target/examples/photoz-restful-api-999.0.0-SNAPSHOT.war
Account Console IT (chrome)	Run Account Console IT	2023-05-13T02:28:50.7675873Z -- [INFO] Copying servlet-authz-app-999.0.0-SNAPSHOT.war to /home/runner/work/keycloak/keycloak/testsuite/integration-arquillian/tests/other/base-ui/target/examples/servlet-authz-app-999.0.0-SNAPSHOT.war
Account Console IT (chrome)	Run Account Console IT	2023-05-13T02:28:50.7698377Z -- [INFO] Copying servlet-policy-enforcer-999.0.0-SNAPSHOT.war to /home/runner/work/keycloak/keycloak/testsuite/integration-arquillian/tests/other/base-ui/target/examples/servlet-policy-enforcer-999.0.0-SNAPSHOT.war
Account Console IT (chrome)	Run Account Console IT	2023-05-13T02:28:50.7753498Z -- [INFO] Copying integration-arquillian-test-apps-cors-angular-product-999.0.0-SNAPSHOT.war to /home/runner/work/keycloak/keycloak/testsuite/integration-arquillian/tests/other/base-ui/target/examples/integration-arquillian-test-apps-cors-angular-product-999.0.0-SNAPSHOT.war
Account Console IT (chrome)	Run Account Console IT	2023-05-13T02:28:50.7765459Z -- [INFO] Copying integration-arquillian-test-apps-cors-database-service-999.0.0-SNAPSHOT.war to /home/runner/work/keycloak/keycloak/testsuite/integration-arquillian/tests/other/base-ui/target/examples/integration-arquillian-test-apps-cors-database-service-999.0.0-SNAPSHOT.war
Account Console IT (chrome)	Run Account Console IT	2023-05-13T02:28:50.7773386Z -- [INFO] 
Account Console IT (chrome)	Run Account Console IT	2023-05-13T02:28:50.7774305Z -- [INFO] --- maven-dependency-plugin:3.1.2:unpack (test-apps-realms) @ integration-arquillian-tests-base-ui ---
Account Console IT (chrome)	Run Account Console IT	2023-05-13T02:28:50.7802727Z -- [INFO] Configured Artifact: org.keycloak.testsuite:integration-arquillian-test-apps-dist:999.0.0-SNAPSHOT:zip
Account Console IT (chrome)	Run Account Console IT	2023-05-13T02:28:50.7841196Z -- [INFO] Unpacking /home/runner/.m2/repository/org/keycloak/testsuite/integration-arquillian-test-apps-dist/999.0.0-SNAPSHOT/integration-arquillian-test-apps-dist-999.0.0-SNAPSHOT.zip to /home/runner/work/keycloak/keycloak/testsuite/integration-arquillian/tests/other/base-ui/target/examples with includes "**/*realm.json,**/*authz-service.json,**/testsaml.json,**/*-keycloak.json" and excludes ""
Account Console IT (chrome)	Run Account Console IT	2023-05-13T02:28:50.7963124Z -- [INFO] 
Account Console IT (chrome)	Run Account Console IT	2023-05-13T02:28:50.7967099Z -- [INFO] --- maven-resources-plugin:3.0.1:copy-resources (example-realms) @ integration-arquillian-tests-base-ui ---
Account Console IT (chrome)	Run Account Console IT	2023-05-13T02:28:50.7989915Z -- [INFO] Skipping the execution.
Account Console IT (chrome)	Run Account Console IT	2023-05-13T02:28:50.7999748Z -- [INFO] 
Account Console IT (chrome)	Run Account Console IT	2023-05-13T02:28:50.8006133Z -- [INFO] --- maven-resources-plugin:3.0.1:testResources (default-testResources) @ integration-arquillian-tests-base-ui ---
Account Console IT (chrome)	Run Account Console IT	2023-05-13T02:28:50.8029013Z -- [INFO] Using 'UTF-8' encoding to copy filtered resources.
Account Console IT (chrome)	Run Account Console IT	2023-05-13T02:28:50.8036684Z -- [INFO] skip non existing resourceDirectory /home/runner/work/keycloak/keycloak/testsuite/integration-arquillian/tests/other/base-ui/src/test/resources
Account Console IT (chrome)	Run Account Console IT	2023-05-13T02:28:50.8040860Z -- [INFO] 
Account Console IT (chrome)	Run Account Console IT	2023-05-13T02:28:50.8045986Z -- [INFO] --- maven-antrun-plugin:1.8:run (clean-second-cache-server-arquillian-bug-workaround) @ integration-arquillian-tests-base-ui ---
Account Console IT (chrome)	Run Account Console IT	2023-05-13T02:28:50.8286101Z -- [INFO] Skipping Antrun execution
Account Console IT (chrome)	Run Account Console IT	2023-05-13T02:28:50.8290441Z -- [INFO] 
Account Console IT (chrome)	Run Account Console IT	2023-05-13T02:28:50.8350567Z -- [INFO] --- maven-resources-plugin:3.0.1:copy-resources (copy-admin-user-json-file) @ integration-arquillian-tests-base-ui ---
Account Console IT (chrome)	Run Account Console IT	2023-05-13T02:28:50.8373520Z -- [INFO] Using 'UTF-8' encoding to copy filtered resources.
Account Console IT (chrome)	Run Account Console IT	2023-05-13T02:28:50.8384725Z -- [INFO] Copying 1 resource
Account Console IT (chrome)	Run Account Console IT	2023-05-13T02:28:50.8429055Z -- [INFO] 
Account Console IT (chrome)	Run Account Console IT	2023-05-13T02:28:50.8446505Z -- [INFO] --- maven-compiler-plugin:3.8.1:testCompile (default-testCompile) @ integration-arquillian-tests-base-ui ---
Account Console IT (chrome)	Run Account Console IT	2023-05-13T02:28:50.8553458Z -- [INFO] Changes detected - recompiling the module!
Account Console IT (chrome)	Run Account Console IT	2023-05-13T02:28:50.8563184Z -- [INFO] Compiling 21 source files to /home/runner/work/keycloak/keycloak/testsuite/integration-arquillian/tests/other/base-ui/target/test-classes
Account Console IT (chrome)	Run Account Console IT	2023-05-13T02:28:52.8774688Z -- [WARNING] /home/runner/work/keycloak/keycloak/testsuite/integration-arquillian/tests/other/base-ui/src/test/java/org/keycloak/testsuite/ui/account2/MyResourcesTest.java:[154,17] setUri(java.lang.String) in org.keycloak.representations.idm.authorization.ResourceRepresentation has been deprecated
Account Console IT (chrome)	Run Account Console IT	2023-05-13T02:28:52.8780895Z -- [WARNING] /home/runner/work/keycloak/keycloak/testsuite/integration-arquillian/tests/other/base-ui/src/test/java/org/keycloak/testsuite/ui/account2/MyResourcesTest.java:[217,9] <T>assertThat(T,org.hamcrest.Matcher<? super T>) in org.junit.Assert has been deprecated
Account Console IT (chrome)	Run Account Console IT	2023-05-13T02:28:52.8786179Z -- [INFO] 
Account Console IT (chrome)	Run Account Console IT	2023-05-13T02:28:52.8790828Z -- [INFO] --- shrinkwrap-resolver-maven-plugin:3.1.4:propagate-execution-context (default) @ integration-arquillian-tests-base-ui ---
Account Console IT (chrome)	Run Account Console IT	2023-05-13T02:28:52.9392119Z -- [INFO] 
Account Console IT (chrome)	Run Account Console IT	2023-05-13T02:28:52.9401912Z -- [INFO] --- maven-surefire-plugin:3.0.0-M7:test (default-test) @ integration-arquillian-tests-base-ui ---
Account Console IT (chrome)	Run Account Console IT	2023-05-13T02:28:53.0442458Z -- [INFO] Using auto detected provider org.apache.maven.surefire.junit4.JUnit4Provider
Account Console IT (chrome)	Run Account Console IT	2023-05-13T02:28:53.1265444Z -- [INFO] Downloading from jboss-public-repository: https://repository.jboss.org/nexus/content/groups/public/org/apache/maven/surefire/surefire-junit4/3.0.0-M7/surefire-junit4-3.0.0-M7.jar
Account Console IT (chrome)	Run Account Console IT	2023-05-13T02:28:53.1939214Z -- [INFO] Downloading from central: https://repo.maven.apache.org/maven2/org/apache/maven/surefire/surefire-junit4/3.0.0-M7/surefire-junit4-3.0.0-M7.jar
Account Console IT (chrome)	Run Account Console IT	2023-05-13T02:28:53.2179736Z -- [INFO] Downloaded from central: https://repo.maven.apache.org/maven2/org/apache/maven/surefire/surefire-junit4/3.0.0-M7/surefire-junit4-3.0.0-M7.jar (18 kB at 629 kB/s)
Account Console IT (chrome)	Run Account Console IT	2023-05-13T02:28:53.2194939Z -- [INFO] Downloading from jboss-public-repository: https://repository.jboss.org/nexus/content/groups/public/org/apache/maven/surefire/surefire-junit4/3.0.0-M7/surefire-junit4-3.0.0-M7.pom
Account Console IT (chrome)	Run Account Console IT	2023-05-13T02:28:53.3425240Z -- [INFO] Downloading from central: https://repo.maven.apache.org/maven2/org/apache/maven/surefire/surefire-junit4/3.0.0-M7/surefire-junit4-3.0.0-M7.pom
Account Console IT (chrome)	Run Account Console IT	2023-05-13T02:28:53.3749991Z -- [INFO] Downloaded from central: https://repo.maven.apache.org/maven2/org/apache/maven/surefire/surefire-junit4/3.0.0-M7/surefire-junit4-3.0.0-M7.pom (2.9 kB at 91 kB/s)
Account Console IT (chrome)	Run Account Console IT	2023-05-13T02:28:53.3772982Z -- [INFO] Downloading from jboss-public-repository: https://repository.jboss.org/nexus/content/groups/public/org/apache/maven/surefire/surefire-providers/3.0.0-M7/surefire-providers-3.0.0-M7.pom
Account Console IT (chrome)	Run Account Console IT	2023-05-13T02:28:53.4496642Z -- [INFO] Downloading from central: https://repo.maven.apache.org/maven2/org/apache/maven/surefire/surefire-providers/3.0.0-M7/surefire-providers-3.0.0-M7.pom
Account Console IT (chrome)	Run Account Console IT	2023-05-13T02:28:53.4698753Z -- [INFO] Downloaded from central: https://repo.maven.apache.org/maven2/org/apache/maven/surefire/surefire-providers/3.0.0-M7/surefire-providers-3.0.0-M7.pom (2.5 kB at 121 kB/s)
Account Console IT (chrome)	Run Account Console IT	2023-05-13T02:28:53.4786154Z -- [INFO] Downloading from jboss-public-repository: https://repository.jboss.org/nexus/content/groups/public/junit/junit/4.0/junit-4.0.pom
Account Console IT (chrome)	Run Account Console IT	2023-05-13T02:28:53.6143526Z -- [INFO] Downloading from central: https://repo.maven.apache.org/maven2/junit/junit/4.0/junit-4.0.pom
Account Console IT (chrome)	Run Account Console IT	2023-05-13T02:28:53.6374798Z -- [INFO] Downloaded from central: https://repo.maven.apache.org/maven2/junit/junit/4.0/junit-4.0.pom (210 B at 8.8 kB/s)
Account Console IT (chrome)	Run Account Console IT	2023-05-13T02:28:53.6432808Z -- [INFO] Downloading from jboss-public-repository: https://repository.jboss.org/nexus/content/groups/public/org/apache/maven/surefire/common-junit4/3.0.0-M7/common-junit4-3.0.0-M7.pom
Account Console IT (chrome)	Run Account Console IT	2023-05-13T02:28:53.7134127Z -- [INFO] Downloading from central: https://repo.maven.apache.org/maven2/org/apache/maven/surefire/common-junit4/3.0.0-M7/common-junit4-3.0.0-M7.pom
Account Console IT (chrome)	Run Account Console IT	2023-05-13T02:28:53.7368123Z -- [INFO] Downloaded from central: https://repo.maven.apache.org/maven2/org/apache/maven/surefire/common-junit4/3.0.0-M7/common-junit4-3.0.0-M7.pom (3.0 kB at 120 kB/s)
Account Console IT (chrome)	Run Account Console IT	2023-05-13T02:28:53.7493574Z -- [INFO] Downloading from jboss-public-repository: https://repository.jboss.org/nexus/content/groups/public/org/apache/maven/surefire/common-junit3/3.0.0-M7/common-junit3-3.0.0-M7.pom
Account Console IT (chrome)	Run Account Console IT	2023-05-13T02:28:53.8295717Z -- [INFO] Downloading from central: https://repo.maven.apache.org/maven2/org/apache/maven/surefire/common-junit3/3.0.0-M7/common-junit3-3.0.0-M7.pom
Account Console IT (chrome)	Run Account Console IT	2023-05-13T02:28:53.8505314Z -- [INFO] Downloaded from central: https://repo.maven.apache.org/maven2/org/apache/maven/surefire/common-junit3/3.0.0-M7/common-junit3-3.0.0-M7.pom (2.7 kB at 133 kB/s)
Account Console IT (chrome)	Run Account Console IT	2023-05-13T02:28:53.8586243Z -- [INFO] Downloading from jboss-public-repository: https://repository.jboss.org/nexus/content/groups/public/org/apache/maven/surefire/common-java5/3.0.0-M7/common-java5-3.0.0-M7.pom
Account Console IT (chrome)	Run Account Console IT	2023-05-13T02:28:53.9240091Z -- [INFO] Downloading from central: https://repo.maven.apache.org/maven2/org/apache/maven/surefire/common-java5/3.0.0-M7/common-java5-3.0.0-M7.pom
Account Console IT (chrome)	Run Account Console IT	2023-05-13T02:28:53.9514739Z -- [INFO] Downloaded from central: https://repo.maven.apache.org/maven2/org/apache/maven/surefire/common-java5/3.0.0-M7/common-java5-3.0.0-M7.pom (2.7 kB at 117 kB/s)
Account Console IT (chrome)	Run Account Console IT	2023-05-13T02:28:53.9563163Z -- [INFO] Downloading from jboss-public-repository: https://repository.jboss.org/nexus/content/groups/public/org/hamcrest/hamcrest-library/1.3/hamcrest-library-1.3.pom
Account Console IT (chrome)	Run Account Console IT	2023-05-13T02:28:54.0219831Z -- [INFO] Downloading from central: https://repo.maven.apache.org/maven2/org/hamcrest/hamcrest-library/1.3/hamcrest-library-1.3.pom
Account Console IT (chrome)	Run Account Console IT	2023-05-13T02:28:54.0530740Z -- [INFO] Downloaded from central: https://repo.maven.apache.org/maven2/org/hamcrest/hamcrest-library/1.3/hamcrest-library-1.3.pom (820 B at 26 kB/s)
Account Console IT (chrome)	Run Account Console IT	2023-05-13T02:28:54.0662865Z -- [INFO] Downloading from jboss-public-repository: https://repository.jboss.org/nexus/content/groups/public/org/junit/junit-bom/5.8.0/junit-bom-5.8.0.pom
Account Console IT (chrome)	Run Account Console IT	2023-05-13T02:28:54.1356181Z -- [INFO] Downloading from central: https://repo.maven.apache.org/maven2/org/junit/junit-bom/5.8.0/junit-bom-5.8.0.pom
Account Console IT (chrome)	Run Account Console IT	2023-05-13T02:28:54.1663541Z -- [INFO] Downloaded from central: https://repo.maven.apache.org/maven2/org/junit/junit-bom/5.8.0/junit-bom-5.8.0.pom (5.6 kB at 188 kB/s)
Account Console IT (chrome)	Run Account Console IT	2023-05-13T02:28:54.1712603Z -- [INFO] Downloading from jboss-public-repository: https://repository.jboss.org/nexus/content/groups/public/org/apache/maven/surefire/common-junit3/3.0.0-M7/common-junit3-3.0.0-M7.jar
Account Console IT (chrome)	Run Account Console IT	2023-05-13T02:28:54.1713684Z -- [INFO] Downloading from jboss-public-repository: https://repository.jboss.org/nexus/content/groups/public/org/apache/maven/surefire/common-junit4/3.0.0-M7/common-junit4-3.0.0-M7.jar
Account Console IT (chrome)	Run Account Console IT	2023-05-13T02:28:54.1714938Z -- [INFO] Downloading from jboss-public-repository: https://repository.jboss.org/nexus/content/groups/public/org/apache/maven/surefire/common-java5/3.0.0-M7/common-java5-3.0.0-M7.jar
Account Console IT (chrome)	Run Account Console IT	2023-05-13T02:28:54.2290786Z -- [INFO] Downloading from central: https://repo.maven.apache.org/maven2/org/apache/maven/surefire/common-junit3/3.0.0-M7/common-junit3-3.0.0-M7.jar
Account Console IT (chrome)	Run Account Console IT	2023-05-13T02:28:54.2637126Z -- [INFO] Downloading from central: https://repo.maven.apache.org/maven2/org/apache/maven/surefire/common-junit4/3.0.0-M7/common-junit4-3.0.0-M7.jar
Account Console IT (chrome)	Run Account Console IT	2023-05-13T02:28:54.2688344Z -- [INFO] Downloading from central: https://repo.maven.apache.org/maven2/org/apache/maven/surefire/common-java5/3.0.0-M7/common-java5-3.0.0-M7.jar
Account Console IT (chrome)	Run Account Console IT	2023-05-13T02:28:54.2730382Z -- [INFO] Downloaded from central: https://repo.maven.apache.org/maven2/org/apache/maven/surefire/common-junit3/3.0.0-M7/common-junit3-3.0.0-M7.jar (12 kB at 267 kB/s)
Account Console IT (chrome)	Run Account Console IT	2023-05-13T02:28:54.3187268Z -- [INFO] Downloaded from central: https://repo.maven.apache.org/maven2/org/apache/maven/surefire/common-java5/3.0.0-M7/common-java5-3.0.0-M7.jar (17 kB at 354 kB/s)
Account Console IT (chrome)	Run Account Console IT	2023-05-13T02:28:54.3501041Z -- [INFO] Downloaded from central: https://repo.maven.apache.org/maven2/org/apache/maven/surefire/common-junit4/3.0.0-M7/common-junit4-3.0.0-M7.jar (26 kB at 302 kB/s)
Account Console IT (chrome)	Run Account Console IT	2023-05-13T02:28:54.3638736Z -- [INFO] 
Account Console IT (chrome)	Run Account Console IT	2023-05-13T02:28:54.3648878Z -- [INFO] -------------------------------------------------------
Account Console IT (chrome)	Run Account Console IT	2023-05-13T02:28:54.3651725Z -- [INFO]  T E S T S
Account Console IT (chrome)	Run Account Console IT	2023-05-13T02:28:54.3662019Z -- [INFO] -------------------------------------------------------
Account Console IT (chrome)	Run Account Console IT	2023-05-13T02:28:55.2682660Z -- 02:28:55,259 INFO  [org.keycloak.testsuite.util.NonIDERunListener] Setting keycloak.logging.level to off. Keycloak server logging will be disabled
Account Console IT (chrome)	Run Account Console IT	2023-05-13T02:28:55.2705778Z [INFO] Running org.keycloak.testsuite.ui.account2.ApplicationsTest
Account Console IT (chrome)	Run Account Console IT	2023-05-13T02:28:55.5414349Z May 13, 2023 2:28:55 AM org.keycloak.testsuite.arquillian.containers.MultipleContainersExtension register
Account Console IT (chrome)	Run Account Console IT	2023-05-13T02:28:55.5414974Z INFO: Multiple containers extension registering.
Account Console IT (chrome)	Run Account Console IT	2023-05-13T02:28:56.0420780Z May 13, 2023 2:28:55 AM org.arquillian.recorder.reporter.configuration.ReporterConfigurator configureExtension
Account Console IT (chrome)	Run Account Console IT	2023-05-13T02:28:56.0421766Z INFO: Configuration of Arquillian Reporting extension:
Account Console IT (chrome)	Run Account Console IT	2023-05-13T02:28:56.0422472Z May 13, 2023 2:28:55 AM org.arquillian.recorder.reporter.configuration.ReporterConfigurator configureExtension
Account Console IT (chrome)	Run Account Console IT	2023-05-13T02:28:56.0668295Z INFO: report                                   xml
Account Console IT (chrome)	Run Account Console IT	2023-05-13T02:28:56.0668650Z rootDir                                  target
Account Console IT (chrome)	Run Account Console IT	2023-05-13T02:28:56.0668942Z file                                     target/arquillian_report.xml
Account Console IT (chrome)	Run Account Console IT	2023-05-13T02:28:56.0669235Z template                                 template.xsl
Account Console IT (chrome)	Run Account Console IT	2023-05-13T02:28:56.0669510Z reportAfterEvery                         class
Account Console IT (chrome)	Run Account Console IT	2023-05-13T02:28:56.0669774Z language                                 en
Account Console IT (chrome)	Run Account Console IT	2023-05-13T02:28:56.0670065Z maxImageWidth                            500
Account Console IT (chrome)	Run Account Console IT	2023-05-13T02:28:56.0670318Z imageWidth                               100%
Account Console IT (chrome)	Run Account Console IT	2023-05-13T02:28:56.0670566Z imageHeight                              100%
Account Console IT (chrome)	Run Account Console IT	2023-05-13T02:28:56.0670714Z 
Account Console IT (chrome)	Run Account Console IT	2023-05-13T02:28:56.8440497Z May 13, 2023 2:28:56 AM org.jboss.logmanager.JBossLoggerFinder getLogger
Account Console IT (chrome)	Run Account Console IT	2023-05-13T02:28:56.8441515Z ERROR: The LogManager accessed before the "java.util.logging.manager" system property was set to "org.jboss.logmanager.LogManager". Results may be unexpected.
Account Console IT (chrome)	Run Account Console IT	2023-05-13T02:28:57.0444286Z May 13, 2023 2:28:57 AM org.jboss.arquillian.container.impl.MapObject populate
Account Console IT (chrome)	Run Account Console IT	2023-05-13T02:28:57.0445265Z WARNING: Configuration contain properties not supported by the backing object org.keycloak.testsuite.arquillian.containers.KeycloakQuarkusConfiguration
Account Console IT (chrome)	Run Account Console IT	2023-05-13T02:28:57.0446019Z Unused property entries: {adapterImplClass=
Account Console IT (chrome)	Run Account Console IT	2023-05-13T02:28:57.0446848Z                 org.keycloak.testsuite.arquillian.containers.KeycloakQuarkusServerDeployableContainer
Account Console IT (chrome)	Run Account Console IT	2023-05-13T02:28:57.0447806Z             , enabled=true}
Account Console IT (chrome)	Run Account Console IT	2023-05-13T02:28:57.0557151Z Supported property names: [bindHttpsPort, keycloakConfigPropertyOverrides, startupTimeoutInSeconds, bindHttpPort, keystorePassword, bindHttpsPortOffset, profile, importFile, bindHttpPortOffset, truststorePassword, javaOpts, route, providersPath, fipsMode, debugPort, keystoreFile, truststoreFile, reaugmentBeforeStart]
Account Console IT (chrome)	Run Account Console IT	2023-05-13T02:29:09.8842603Z May 13, 2023 2:29:09 AM org.jboss.arquillian.drone.webdriver.factory.remote.reusable.ReusedSessionPermanentFileStorage readStore
Account Console IT (chrome)	Run Account Console IT	2023-05-13T02:29:09.8843911Z INFO: Reused session store is not available at /home/runner/.drone-webdriver-session-store, a new one will be created.
Account Console IT (chrome)	Run Account Console IT	2023-05-13T02:29:10.1847482Z SLF4J: Failed to load class "org.slf4j.impl.StaticLoggerBinder".
Account Console IT (chrome)	Run Account Console IT	2023-05-13T02:29:10.1848463Z SLF4J: Defaulting to no-operation (NOP) logger implementation
Account Console IT (chrome)	Run Account Console IT	2023-05-13T02:29:10.1849111Z SLF4J: See http://www.slf4j.org/codes.html#StaticLoggerBinder for further details.
Account Console IT (chrome)	Run Account Console IT	2023-05-13T02:29:10.9861526Z May 13, 2023 2:29:10 AM org.openqa.selenium.remote.DesiredCapabilities chrome
Account Console IT (chrome)	Run Account Console IT	2023-05-13T02:29:10.9862315Z INFO: Using `new ChromeOptions()` is preferred to `DesiredCapabilities.chrome()`
Account Console IT (chrome)	Run Account Console IT	2023-05-13T02:29:10.9862959Z May 13, 2023 2:29:10 AM org.openqa.selenium.remote.DesiredCapabilities chrome
Account Console IT (chrome)	Run Account Console IT	2023-05-13T02:29:10.9863571Z INFO: Using `new ChromeOptions()` is preferred to `DesiredCapabilities.chrome()`
Account Console IT (chrome)	Run Account Console IT	2023-05-13T02:29:11.3914278Z Starting ChromeDriver 113.0.5672.63 (0e1a4471d5ae5bf128b1bd8f4d627c8cbd55f70c-refs/branch-heads/5672@{#912}) on port 15802
Account Console IT (chrome)	Run Account Console IT	2023-05-13T02:29:11.3914977Z Only local connections are allowed.
Account Console IT (chrome)	Run Account Console IT	2023-05-13T02:29:11.3915658Z Please see https://chromedriver.chromium.org/security-considerations for suggestions on keeping ChromeDriver safe.
Account Console IT (chrome)	Run Account Console IT	2023-05-13T02:29:11.6888514Z ChromeDriver was started successfully.
Account Console IT (chrome)	Run Account Console IT	2023-05-13T02:29:12.4891195Z May 13, 2023 2:29:12 AM org.openqa.selenium.remote.ProtocolHandshake createSession
Account Console IT (chrome)	Run Account Console IT	2023-05-13T02:29:12.4891674Z INFO: Detected dialect: W3C
Account Console IT (chrome)	Run Account Console IT	2023-05-13T02:29:45.7821048Z [INFO] Tests run: 3, Failures: 0, Errors: 0, Skipped: 0, Time elapsed: 50.366 s - in org.keycloak.testsuite.ui.account2.ApplicationsTest
Account Console IT (chrome)	Run Account Console IT	2023-05-13T02:29:45.7834523Z [INFO] Running org.keycloak.testsuite.ui.account2.DeleteAccountTest
Account Console IT (chrome)	Run Account Console IT	2023-05-13T02:29:45.7841621Z May 13, 2023 2:29:45 AM org.openqa.selenium.remote.DesiredCapabilities chrome
Account Console IT (chrome)	Run Account Console IT	2023-05-13T02:29:45.7842343Z INFO: Using `new ChromeOptions()` is preferred to `DesiredCapabilities.chrome()`
Account Console IT (chrome)	Run Account Console IT	2023-05-13T02:29:45.7846386Z May 13, 2023 2:29:45 AM org.openqa.selenium.remote.DesiredCapabilities chrome
Account Console IT (chrome)	Run Account Console IT	2023-05-13T02:29:45.7846967Z INFO: Using `new ChromeOptions()` is preferred to `DesiredCapabilities.chrome()`
Account Console IT (chrome)	Run Account Console IT	2023-05-13T02:29:45.8542984Z Starting ChromeDriver 113.0.5672.63 (0e1a4471d5ae5bf128b1bd8f4d627c8cbd55f70c-refs/branch-heads/5672@{#912}) on port 25824
Account Console IT (chrome)	Run Account Console IT	2023-05-13T02:29:45.8543744Z Only local connections are allowed.
Account Console IT (chrome)	Run Account Console IT	2023-05-13T02:29:45.8544510Z Please see https://chromedriver.chromium.org/security-considerations for suggestions on keeping ChromeDriver safe.
Account Console IT (chrome)	Run Account Console IT	2023-05-13T02:29:45.8545189Z ChromeDriver was started successfully.
Account Console IT (chrome)	Run Account Console IT	2023-05-13T02:29:46.0528039Z May 13, 2023 2:29:45 AM org.openqa.selenium.remote.ProtocolHandshake createSession
Account Console IT (chrome)	Run Account Console IT	2023-05-13T02:29:46.0528773Z INFO: Detected dialect: W3C
Account Console IT (chrome)	Run Account Console IT	2023-05-13T02:29:46.1528495Z May 13, 2023 2:29:46 AM org.jboss.arquillian.graphene.enricher.FieldAccessValidatorEnricher checkFieldValidity
Account Console IT (chrome)	Run Account Console IT	2023-05-13T02:29:46.1529965Z WARNING: Package-friendly field 'cancelActionButton' found in org.keycloak.testsuite.auth.page.login.DeleteAccountActionConfirmPage. Direct access to fields outside of the declaring class is not allowed.
Account Console IT (chrome)	Run Account Console IT	2023-05-13T02:29:46.1530958Z May 13, 2023 2:29:46 AM org.jboss.arquillian.graphene.enricher.FieldAccessValidatorEnricher checkFieldValidity
Account Console IT (chrome)	Run Account Console IT	2023-05-13T02:29:46.1532079Z WARNING: Package-friendly field 'confirmActionButton' found in org.keycloak.testsuite.auth.page.login.DeleteAccountActionConfirmPage. Direct access to fields outside of the declaring class is not allowed.
Account Console IT (chrome)	Run Account Console IT	2023-05-13T02:29:46.1604865Z May 13, 2023 2:29:46 AM org.jboss.arquillian.graphene.enricher.FieldAccessValidatorEnricher checkFieldValidity
Account Console IT (chrome)	Run Account Console IT	2023-05-13T02:29:46.1606073Z WARNING: Package-friendly field 'cancelActionButton' found in org.keycloak.testsuite.auth.page.login.DeleteAccountActionConfirmPage$$EnhancerByGraphene$$5d2a3f2d. Direct access to fields outside of the declaring class is not allowed.
Account Console IT (chrome)	Run Account Console IT	2023-05-13T02:29:46.1606875Z May 13, 2023 2:29:46 AM org.jboss.arquillian.graphene.enricher.FieldAccessValidatorEnricher checkFieldValidity
Account Console IT (chrome)	Run Account Console IT	2023-05-13T02:29:46.1607809Z WARNING: Package-friendly field 'confirmActionButton' found in org.keycloak.testsuite.auth.page.login.DeleteAccountActionConfirmPage$$EnhancerByGraphene$$5d2a3f2d. Direct access to fields outside of the declaring class is not allowed.
Account Console IT (chrome)	Run Account Console IT	2023-05-13T02:29:46.3549430Z May 13, 2023 2:29:46 AM org.jboss.arquillian.graphene.enricher.FieldAccessValidatorEnricher checkFieldValidity
Account Console IT (chrome)	Run Account Console IT	2023-05-13T02:29:46.3551573Z WARNING: Package-friendly field 'cancelActionButton' found in org.keycloak.testsuite.auth.page.login.DeleteAccountActionConfirmPage. Direct access to fields outside of the declaring class is not allowed.
Account Console IT (chrome)	Run Account Console IT	2023-05-13T02:29:46.3552988Z May 13, 2023 2:29:46 AM org.jboss.arquillian.graphene.enricher.FieldAccessValidatorEnricher checkFieldValidity
Account Console IT (chrome)	Run Account Console IT	2023-05-13T02:29:46.3554106Z WARNING: Package-friendly field 'confirmActionButton' found in org.keycloak.testsuite.auth.page.login.DeleteAccountActionConfirmPage. Direct access to fields outside of the declaring class is not allowed.
Account Console IT (chrome)	Run Account Console IT	2023-05-13T02:29:46.3555038Z May 13, 2023 2:29:46 AM org.jboss.arquillian.graphene.enricher.FieldAccessValidatorEnricher checkFieldValidity
Account Console IT (chrome)	Run Account Console IT	2023-05-13T02:29:46.3616022Z WARNING: Package-friendly field 'cancelActionButton' found in org.keycloak.testsuite.auth.page.login.DeleteAccountActionConfirmPage$$EnhancerByGraphene$$5d2a3f2d. Direct access to fields outside of the declaring class is not allowed.
Account Console IT (chrome)	Run Account Console IT	2023-05-13T02:29:46.3616896Z May 13, 2023 2:29:46 AM org.jboss.arquillian.graphene.enricher.FieldAccessValidatorEnricher checkFieldValidity
Account Console IT (chrome)	Run Account Console IT	2023-05-13T02:29:46.3617888Z WARNING: Package-friendly field 'confirmActionButton' found in org.keycloak.testsuite.auth.page.login.DeleteAccountActionConfirmPage$$EnhancerByGraphene$$5d2a3f2d. Direct access to fields outside of the declaring class is not allowed.
Account Console IT (chrome)	Run Account Console IT	2023-05-13T02:29:58.4868994Z May 13, 2023 2:29:58 AM org.jboss.arquillian.graphene.enricher.FieldAccessValidatorEnricher checkFieldValidity
Account Console IT (chrome)	Run Account Console IT	2023-05-13T02:29:58.4870179Z WARNING: Package-friendly field 'cancelActionButton' found in org.keycloak.testsuite.auth.page.login.DeleteAccountActionConfirmPage. Direct access to fields outside of the declaring class is not allowed.
Account Console IT (chrome)	Run Account Console IT	2023-05-13T02:29:58.4870981Z May 13, 2023 2:29:58 AM org.jboss.arquillian.graphene.enricher.FieldAccessValidatorEnricher checkFieldValidity
Account Console IT (chrome)	Run Account Console IT	2023-05-13T02:29:58.4871998Z WARNING: Package-friendly field 'confirmActionButton' found in org.keycloak.testsuite.auth.page.login.DeleteAccountActionConfirmPage. Direct access to fields outside of the declaring class is not allowed.
Account Console IT (chrome)	Run Account Console IT	2023-05-13T02:29:58.4872766Z May 13, 2023 2:29:58 AM org.jboss.arquillian.graphene.enricher.FieldAccessValidatorEnricher checkFieldValidity
Account Console IT (chrome)	Run Account Console IT	2023-05-13T02:29:58.4873707Z WARNING: Package-friendly field 'cancelActionButton' found in org.keycloak.testsuite.auth.page.login.DeleteAccountActionConfirmPage$$EnhancerByGraphene$$5d2a3f2d. Direct access to fields outside of the declaring class is not allowed.
Account Console IT (chrome)	Run Account Console IT	2023-05-13T02:29:58.4874472Z May 13, 2023 2:29:58 AM org.jboss.arquillian.graphene.enricher.FieldAccessValidatorEnricher checkFieldValidity
Account Console IT (chrome)	Run Account Console IT	2023-05-13T02:29:58.4875397Z WARNING: Package-friendly field 'confirmActionButton' found in org.keycloak.testsuite.auth.page.login.DeleteAccountActionConfirmPage$$EnhancerByGraphene$$5d2a3f2d. Direct access to fields outside of the declaring class is not allowed.
Account Console IT (chrome)	Run Account Console IT	2023-05-13T02:29:58.5867450Z May 13, 2023 2:29:58 AM org.jboss.arquillian.graphene.enricher.FieldAccessValidatorEnricher checkFieldValidity
Account Console IT (chrome)	Run Account Console IT	2023-05-13T02:29:58.5868660Z WARNING: Package-friendly field 'cancelActionButton' found in org.keycloak.testsuite.auth.page.login.DeleteAccountActionConfirmPage. Direct access to fields outside of the declaring class is not allowed.
Account Console IT (chrome)	Run Account Console IT	2023-05-13T02:29:58.5869788Z May 13, 2023 2:29:58 AM org.jboss.arquillian.graphene.enricher.FieldAccessValidatorEnricher checkFieldValidity
Account Console IT (chrome)	Run Account Console IT	2023-05-13T02:29:58.5870698Z WARNING: Package-friendly field 'confirmActionButton' found in org.keycloak.testsuite.auth.page.login.DeleteAccountActionConfirmPage. Direct access to fields outside of the declaring class is not allowed.
Account Console IT (chrome)	Run Account Console IT	2023-05-13T02:29:58.5871556Z May 13, 2023 2:29:58 AM org.jboss.arquillian.graphene.enricher.FieldAccessValidatorEnricher checkFieldValidity
Account Console IT (chrome)	Run Account Console IT	2023-05-13T02:29:58.5872510Z WARNING: Package-friendly field 'cancelActionButton' found in org.keycloak.testsuite.auth.page.login.DeleteAccountActionConfirmPage$$EnhancerByGraphene$$5d2a3f2d. Direct access to fields outside of the declaring class is not allowed.
Account Console IT (chrome)	Run Account Console IT	2023-05-13T02:29:58.5873465Z May 13, 2023 2:29:58 AM org.jboss.arquillian.graphene.enricher.FieldAccessValidatorEnricher checkFieldValidity
Account Console IT (chrome)	Run Account Console IT	2023-05-13T02:29:58.5874404Z WARNING: Package-friendly field 'confirmActionButton' found in org.keycloak.testsuite.auth.page.login.DeleteAccountActionConfirmPage$$EnhancerByGraphene$$5d2a3f2d. Direct access to fields outside of the declaring class is not allowed.
Account Console IT (chrome)	Run Account Console IT	2023-05-13T02:30:13.7099149Z May 13, 2023 2:30:13 AM org.jboss.arquillian.graphene.enricher.FieldAccessValidatorEnricher checkFieldValidity
Account Console IT (chrome)	Run Account Console IT	2023-05-13T02:30:13.7100711Z WARNING: Package-friendly field 'cancelActionButton' found in org.keycloak.testsuite.auth.page.login.DeleteAccountActionConfirmPage. Direct access to fields outside of the declaring class is not allowed.
Account Console IT (chrome)	Run Account Console IT	2023-05-13T02:30:13.7101891Z May 13, 2023 2:30:13 AM org.jboss.arquillian.graphene.enricher.FieldAccessValidatorEnricher checkFieldValidity
Account Console IT (chrome)	Run Account Console IT	2023-05-13T02:30:13.7102941Z WARNING: Package-friendly field 'confirmActionButton' found in org.keycloak.testsuite.auth.page.login.DeleteAccountActionConfirmPage. Direct access to fields outside of the declaring class is not allowed.
Account Console IT (chrome)	Run Account Console IT	2023-05-13T02:30:13.8097046Z May 13, 2023 2:30:13 AM org.jboss.arquillian.graphene.enricher.FieldAccessValidatorEnricher checkFieldValidity
Account Console IT (chrome)	Run Account Console IT	2023-05-13T02:30:13.8098545Z WARNING: Package-friendly field 'cancelActionButton' found in org.keycloak.testsuite.auth.page.login.DeleteAccountActionConfirmPage$$EnhancerByGraphene$$5d2a3f2d. Direct access to fields outside of the declaring class is not allowed.
Account Console IT (chrome)	Run Account Console IT	2023-05-13T02:30:13.8099767Z May 13, 2023 2:30:13 AM org.jboss.arquillian.graphene.enricher.FieldAccessValidatorEnricher checkFieldValidity
Account Console IT (chrome)	Run Account Console IT	2023-05-13T02:30:13.8100863Z WARNING: Package-friendly field 'confirmActionButton' found in org.keycloak.testsuite.auth.page.login.DeleteAccountActionConfirmPage$$EnhancerByGraphene$$5d2a3f2d. Direct access to fields outside of the declaring class is not allowed.
Account Console IT (chrome)	Run Account Console IT	2023-05-13T02:30:13.9098442Z May 13, 2023 2:30:13 AM org.jboss.arquillian.graphene.enricher.FieldAccessValidatorEnricher checkFieldValidity
Account Console IT (chrome)	Run Account Console IT	2023-05-13T02:30:13.9099884Z WARNING: Package-friendly field 'cancelActionButton' found in org.keycloak.testsuite.auth.page.login.DeleteAccountActionConfirmPage. Direct access to fields outside of the declaring class is not allowed.
Account Console IT (chrome)	Run Account Console IT	2023-05-13T02:30:13.9101052Z May 13, 2023 2:30:13 AM org.jboss.arquillian.graphene.enricher.FieldAccessValidatorEnricher checkFieldValidity
Account Console IT (chrome)	Run Account Console IT	2023-05-13T02:30:13.9102135Z WARNING: Package-friendly field 'confirmActionButton' found in org.keycloak.testsuite.auth.page.login.DeleteAccountActionConfirmPage. Direct access to fields outside of the declaring class is not allowed.
Account Console IT (chrome)	Run Account Console IT	2023-05-13T02:30:13.9103573Z May 13, 2023 2:30:13 AM org.jboss.arquillian.graphene.enricher.FieldAccessValidatorEnricher checkFieldValidity
Account Console IT (chrome)	Run Account Console IT	2023-05-13T02:30:13.9104796Z WARNING: Package-friendly field 'cancelActionButton' found in org.keycloak.testsuite.auth.page.login.DeleteAccountActionConfirmPage$$EnhancerByGraphene$$5d2a3f2d. Direct access to fields outside of the declaring class is not allowed.
Account Console IT (chrome)	Run Account Console IT	2023-05-13T02:30:13.9106462Z May 13, 2023 2:30:13 AM org.jboss.arquillian.graphene.enricher.FieldAccessValidatorEnricher checkFieldValidity
Account Console IT (chrome)	Run Account Console IT	2023-05-13T02:30:13.9107684Z WARNING: Package-friendly field 'confirmActionButton' found in org.keycloak.testsuite.auth.page.login.DeleteAccountActionConfirmPage$$EnhancerByGraphene$$5d2a3f2d. Direct access to fields outside of the declaring class is not allowed.
Account Console IT (chrome)	Run Account Console IT	2023-05-13T02:30:31.0329459Z May 13, 2023 2:30:31 AM org.jboss.arquillian.graphene.enricher.FieldAccessValidatorEnricher checkFieldValidity
Account Console IT (chrome)	Run Account Console IT	2023-05-13T02:30:31.0330878Z WARNING: Package-friendly field 'cancelActionButton' found in org.keycloak.testsuite.auth.page.login.DeleteAccountActionConfirmPage. Direct access to fields outside of the declaring class is not allowed.
Account Console IT (chrome)	Run Account Console IT	2023-05-13T02:30:31.0331876Z May 13, 2023 2:30:31 AM org.jboss.arquillian.graphene.enricher.FieldAccessValidatorEnricher checkFieldValidity
Account Console IT (chrome)	Run Account Console IT	2023-05-13T02:30:31.0333152Z WARNING: Package-friendly field 'confirmActionButton' found in org.keycloak.testsuite.auth.page.login.DeleteAccountActionConfirmPage. Direct access to fields outside of the declaring class is not allowed.
Account Console IT (chrome)	Run Account Console IT	2023-05-13T02:30:31.0334504Z May 13, 2023 2:30:31 AM org.jboss.arquillian.graphene.enricher.FieldAccessValidatorEnricher checkFieldValidity
Account Console IT (chrome)	Run Account Console IT	2023-05-13T02:30:31.0335663Z WARNING: Package-friendly field 'cancelActionButton' found in org.keycloak.testsuite.auth.page.login.DeleteAccountActionConfirmPage$$EnhancerByGraphene$$5d2a3f2d. Direct access to fields outside of the declaring class is not allowed.
Account Console IT (chrome)	Run Account Console IT	2023-05-13T02:30:31.0344307Z May 13, 2023 2:30:31 AM org.jboss.arquillian.graphene.enricher.FieldAccessValidatorEnricher checkFieldValidity
Account Console IT (chrome)	Run Account Console IT	2023-05-13T02:30:31.0345484Z WARNING: Package-friendly field 'confirmActionButton' found in org.keycloak.testsuite.auth.page.login.DeleteAccountActionConfirmPage$$EnhancerByGraphene$$5d2a3f2d. Direct access to fields outside of the declaring class is not allowed.
Account Console IT (chrome)	Run Account Console IT	2023-05-13T02:30:31.2329204Z May 13, 2023 2:30:31 AM org.jboss.arquillian.graphene.enricher.FieldAccessValidatorEnricher checkFieldValidity
Account Console IT (chrome)	Run Account Console IT	2023-05-13T02:30:31.2330734Z WARNING: Package-friendly field 'cancelActionButton' found in org.keycloak.testsuite.auth.page.login.DeleteAccountActionConfirmPage. Direct access to fields outside of the declaring class is not allowed.
Account Console IT (chrome)	Run Account Console IT	2023-05-13T02:30:31.2331635Z May 13, 2023 2:30:31 AM org.jboss.arquillian.graphene.enricher.FieldAccessValidatorEnricher checkFieldValidity
Account Console IT (chrome)	Run Account Console IT	2023-05-13T02:30:31.2333080Z WARNING: Package-friendly field 'confirmActionButton' found in org.keycloak.testsuite.auth.page.login.DeleteAccountActionConfirmPage. Direct access to fields outside of the declaring class is not allowed.
Account Console IT (chrome)	Run Account Console IT	2023-05-13T02:30:31.2333911Z May 13, 2023 2:30:31 AM org.jboss.arquillian.graphene.enricher.FieldAccessValidatorEnricher checkFieldValidity
Account Console IT (chrome)	Run Account Console IT	2023-05-13T02:30:31.2334894Z WARNING: Package-friendly field 'cancelActionButton' found in org.keycloak.testsuite.auth.page.login.DeleteAccountActionConfirmPage$$EnhancerByGraphene$$5d2a3f2d. Direct access to fields outside of the declaring class is not allowed.
Account Console IT (chrome)	Run Account Console IT	2023-05-13T02:30:31.2335690Z May 13, 2023 2:30:31 AM org.jboss.arquillian.graphene.enricher.FieldAccessValidatorEnricher checkFieldValidity
Account Console IT (chrome)	Run Account Console IT	2023-05-13T02:30:31.2336614Z WARNING: Package-friendly field 'confirmActionButton' found in org.keycloak.testsuite.auth.page.login.DeleteAccountActionConfirmPage$$EnhancerByGraphene$$5d2a3f2d. Direct access to fields outside of the declaring class is not allowed.
Account Console IT (chrome)	Run Account Console IT	2023-05-13T02:30:46.1525744Z May 13, 2023 2:30:46 AM org.jboss.arquillian.graphene.enricher.FieldAccessValidatorEnricher checkFieldValidity
Account Console IT (chrome)	Run Account Console IT	2023-05-13T02:30:46.1531562Z WARNING: Package-friendly field 'cancelActionButton' found in org.keycloak.testsuite.auth.page.login.DeleteAccountActionConfirmPage. Direct access to fields outside of the declaring class is not allowed.
Account Console IT (chrome)	Run Account Console IT	2023-05-13T02:30:46.1532483Z May 13, 2023 2:30:46 AM org.jboss.arquillian.graphene.enricher.FieldAccessValidatorEnricher checkFieldValidity
Account Console IT (chrome)	Run Account Console IT	2023-05-13T02:30:46.1533448Z WARNING: Package-friendly field 'confirmActionButton' found in org.keycloak.testsuite.auth.page.login.DeleteAccountActionConfirmPage. Direct access to fields outside of the declaring class is not allowed.
Account Console IT (chrome)	Run Account Console IT	2023-05-13T02:30:46.1534636Z May 13, 2023 2:30:46 AM org.jboss.arquillian.graphene.enricher.FieldAccessValidatorEnricher checkFieldValidity
Account Console IT (chrome)	Run Account Console IT	2023-05-13T02:30:46.1535649Z WARNING: Package-friendly field 'cancelActionButton' found in org.keycloak.testsuite.auth.page.login.DeleteAccountActionConfirmPage$$EnhancerByGraphene$$5d2a3f2d. Direct access to fields outside of the declaring class is not allowed.
Account Console IT (chrome)	Run Account Console IT	2023-05-13T02:30:46.1536594Z May 13, 2023 2:30:46 AM org.jboss.arquillian.graphene.enricher.FieldAccessValidatorEnricher checkFieldValidity
Account Console IT (chrome)	Run Account Console IT	2023-05-13T02:30:46.1537599Z WARNING: Package-friendly field 'confirmActionButton' found in org.keycloak.testsuite.auth.page.login.DeleteAccountActionConfirmPage$$EnhancerByGraphene$$5d2a3f2d. Direct access to fields outside of the declaring class is not allowed.
Account Console IT (chrome)	Run Account Console IT	2023-05-13T02:30:46.3525179Z May 13, 2023 2:30:46 AM org.jboss.arquillian.graphene.enricher.FieldAccessValidatorEnricher checkFieldValidity
Account Console IT (chrome)	Run Account Console IT	2023-05-13T02:30:46.3527061Z WARNING: Package-friendly field 'cancelActionButton' found in org.keycloak.testsuite.auth.page.login.DeleteAccountActionConfirmPage. Direct access to fields outside of the declaring class is not allowed.
Account Console IT (chrome)	Run Account Console IT	2023-05-13T02:30:46.3528063Z May 13, 2023 2:30:46 AM org.jboss.arquillian.graphene.enricher.FieldAccessValidatorEnricher checkFieldValidity
Account Console IT (chrome)	Run Account Console IT	2023-05-13T02:30:46.3529225Z WARNING: Package-friendly field 'confirmActionButton' found in org.keycloak.testsuite.auth.page.login.DeleteAccountActionConfirmPage. Direct access to fields outside of the declaring class is not allowed.
Account Console IT (chrome)	Run Account Console IT	2023-05-13T02:30:46.3530107Z May 13, 2023 2:30:46 AM org.jboss.arquillian.graphene.enricher.FieldAccessValidatorEnricher checkFieldValidity
Account Console IT (chrome)	Run Account Console IT	2023-05-13T02:30:46.3583931Z WARNING: Package-friendly field 'cancelActionButton' found in org.keycloak.testsuite.auth.page.login.DeleteAccountActionConfirmPage$$EnhancerByGraphene$$5d2a3f2d. Direct access to fields outside of the declaring class is not allowed.
Account Console IT (chrome)	Run Account Console IT	2023-05-13T02:30:46.3584781Z May 13, 2023 2:30:46 AM org.jboss.arquillian.graphene.enricher.FieldAccessValidatorEnricher checkFieldValidity
Account Console IT (chrome)	Run Account Console IT	2023-05-13T02:30:46.3585966Z WARNING: Package-friendly field 'confirmActionButton' found in org.keycloak.testsuite.auth.page.login.DeleteAccountActionConfirmPage$$EnhancerByGraphene$$5d2a3f2d. Direct access to fields outside of the declaring class is not allowed.
Account Console IT (chrome)	Run Account Console IT	2023-05-13T02:30:56.3637086Z May 13, 2023 2:30:56 AM org.jboss.arquillian.graphene.enricher.FieldAccessValidatorEnricher checkFieldValidity
Account Console IT (chrome)	Run Account Console IT	2023-05-13T02:30:56.3638286Z WARNING: Package-friendly field 'cancelActionButton' found in org.keycloak.testsuite.auth.page.login.DeleteAccountActionConfirmPage. Direct access to fields outside of the declaring class is not allowed.
Account Console IT (chrome)	Run Account Console IT	2023-05-13T02:30:56.3639027Z May 13, 2023 2:30:56 AM org.jboss.arquillian.graphene.enricher.FieldAccessValidatorEnricher checkFieldValidity
Account Console IT (chrome)	Run Account Console IT	2023-05-13T02:30:56.3639936Z WARNING: Package-friendly field 'confirmActionButton' found in org.keycloak.testsuite.auth.page.login.DeleteAccountActionConfirmPage. Direct access to fields outside of the declaring class is not allowed.
Account Console IT (chrome)	Run Account Console IT	2023-05-13T02:30:56.3640683Z May 13, 2023 2:30:56 AM org.jboss.arquillian.graphene.enricher.FieldAccessValidatorEnricher checkFieldValidity
Account Console IT (chrome)	Run Account Console IT	2023-05-13T02:30:56.3641640Z WARNING: Package-friendly field 'cancelActionButton' found in org.keycloak.testsuite.auth.page.login.DeleteAccountActionConfirmPage$$EnhancerByGraphene$$5d2a3f2d. Direct access to fields outside of the declaring class is not allowed.
Account Console IT (chrome)	Run Account Console IT	2023-05-13T02:30:56.3642416Z May 13, 2023 2:30:56 AM org.jboss.arquillian.graphene.enricher.FieldAccessValidatorEnricher checkFieldValidity
Account Console IT (chrome)	Run Account Console IT	2023-05-13T02:30:56.3643342Z WARNING: Package-friendly field 'confirmActionButton' found in org.keycloak.testsuite.auth.page.login.DeleteAccountActionConfirmPage$$EnhancerByGraphene$$5d2a3f2d. Direct access to fields outside of the declaring class is not allowed.
Account Console IT (chrome)	Run Account Console IT	2023-05-13T02:30:56.4636579Z May 13, 2023 2:30:56 AM org.jboss.arquillian.graphene.enricher.FieldAccessValidatorEnricher checkFieldValidity
Account Console IT (chrome)	Run Account Console IT	2023-05-13T02:30:56.4637753Z WARNING: Package-friendly field 'cancelActionButton' found in org.keycloak.testsuite.auth.page.login.DeleteAccountActionConfirmPage. Direct access to fields outside of the declaring class is not allowed.
Account Console IT (chrome)	Run Account Console IT	2023-05-13T02:30:56.4638491Z May 13, 2023 2:30:56 AM org.jboss.arquillian.graphene.enricher.FieldAccessValidatorEnricher checkFieldValidity
Account Console IT (chrome)	Run Account Console IT	2023-05-13T02:30:56.4639394Z WARNING: Package-friendly field 'confirmActionButton' found in org.keycloak.testsuite.auth.page.login.DeleteAccountActionConfirmPage. Direct access to fields outside of the declaring class is not allowed.
Account Console IT (chrome)	Run Account Console IT	2023-05-13T02:30:56.4640113Z May 13, 2023 2:30:56 AM org.jboss.arquillian.graphene.enricher.FieldAccessValidatorEnricher checkFieldValidity
Account Console IT (chrome)	Run Account Console IT	2023-05-13T02:30:56.4641042Z WARNING: Package-friendly field 'cancelActionButton' found in org.keycloak.testsuite.auth.page.login.DeleteAccountActionConfirmPage$$EnhancerByGraphene$$5d2a3f2d. Direct access to fields outside of the declaring class is not allowed.
Account Console IT (chrome)	Run Account Console IT	2023-05-13T02:30:56.4642260Z May 13, 2023 2:30:56 AM org.jboss.arquillian.graphene.enricher.FieldAccessValidatorEnricher checkFieldValidity
Account Console IT (chrome)	Run Account Console IT	2023-05-13T02:30:56.4643200Z WARNING: Package-friendly field 'confirmActionButton' found in org.keycloak.testsuite.auth.page.login.DeleteAccountActionConfirmPage$$EnhancerByGraphene$$5d2a3f2d. Direct access to fields outside of the declaring class is not allowed.
Account Console IT (chrome)	Run Account Console IT	2023-05-13T02:31:07.5248947Z [INFO] Tests run: 6, Failures: 0, Errors: 0, Skipped: 0, Time elapsed: 81.682 s - in org.keycloak.testsuite.ui.account2.DeleteAccountTest
Account Console IT (chrome)	Run Account Console IT	2023-05-13T02:31:07.5263355Z [INFO] Running org.keycloak.testsuite.ui.account2.DeviceActivityTest
Account Console IT (chrome)	Run Account Console IT	2023-05-13T02:31:07.5793419Z May 13, 2023 2:31:07 AM org.openqa.selenium.remote.DesiredCapabilities chrome
Account Console IT (chrome)	Run Account Console IT	2023-05-13T02:31:07.5794246Z INFO: Using `new ChromeOptions()` is preferred to `DesiredCapabilities.chrome()`
Account Console IT (chrome)	Run Account Console IT	2023-05-13T02:31:07.5794913Z May 13, 2023 2:31:07 AM org.openqa.selenium.remote.DesiredCapabilities chrome
Account Console IT (chrome)	Run Account Console IT	2023-05-13T02:31:07.5795549Z INFO: Using `new ChromeOptions()` is preferred to `DesiredCapabilities.chrome()`
Account Console IT (chrome)	Run Account Console IT	2023-05-13T02:31:07.5796514Z Starting ChromeDriver 113.0.5672.63 (0e1a4471d5ae5bf128b1bd8f4d627c8cbd55f70c-refs/branch-heads/5672@{#912}) on port 14219
Account Console IT (chrome)	Run Account Console IT	2023-05-13T02:31:07.5797094Z Only local connections are allowed.
Account Console IT (chrome)	Run Account Console IT	2023-05-13T02:31:07.5797875Z Please see https://chromedriver.chromium.org/security-considerations for suggestions on keeping ChromeDriver safe.
Account Console IT (chrome)	Run Account Console IT	2023-05-13T02:31:07.6790360Z ChromeDriver was started successfully.
Account Console IT (chrome)	Run Account Console IT	2023-05-13T02:31:07.7790726Z May 13, 2023 2:31:07 AM org.openqa.selenium.remote.ProtocolHandshake createSession
Account Console IT (chrome)	Run Account Console IT	2023-05-13T02:31:07.7791634Z INFO: Detected dialect: W3C
Account Console IT (chrome)	Run Account Console IT	2023-05-13T02:33:32.1711046Z [INFO] Tests run: 8, Failures: 0, Errors: 0, Skipped: 0, Time elapsed: 144.615 s - in org.keycloak.testsuite.ui.account2.DeviceActivityTest
Account Console IT (chrome)	Run Account Console IT	2023-05-13T02:33:32.1716791Z [INFO] Running org.keycloak.testsuite.ui.account2.InternationalizationTest
Account Console IT (chrome)	Run Account Console IT	2023-05-13T02:33:32.2601860Z May 13, 2023 2:33:32 AM org.openqa.selenium.remote.DesiredCapabilities chrome
Account Console IT (chrome)	Run Account Console IT	2023-05-13T02:33:32.2602684Z INFO: Using `new ChromeOptions()` is preferred to `DesiredCapabilities.chrome()`
Account Console IT (chrome)	Run Account Console IT	2023-05-13T02:33:32.2649742Z May 13, 2023 2:33:32 AM org.openqa.selenium.remote.DesiredCapabilities chrome
Account Console IT (chrome)	Run Account Console IT	2023-05-13T02:33:32.2650188Z INFO: Using `new ChromeOptions()` is preferred to `DesiredCapabilities.chrome()`
Account Console IT (chrome)	Run Account Console IT	2023-05-13T02:33:32.2650917Z Starting ChromeDriver 113.0.5672.63 (0e1a4471d5ae5bf128b1bd8f4d627c8cbd55f70c-refs/branch-heads/5672@{#912}) on port 8861
Account Console IT (chrome)	Run Account Console IT	2023-05-13T02:33:32.2651286Z Only local connections are allowed.
Account Console IT (chrome)	Run Account Console IT	2023-05-13T02:33:32.2651820Z Please see https://chromedriver.chromium.org/security-considerations for suggestions on keeping ChromeDriver safe.
Account Console IT (chrome)	Run Account Console IT	2023-05-13T02:33:32.2652241Z ChromeDriver was started successfully.
Account Console IT (chrome)	Run Account Console IT	2023-05-13T02:33:32.3565614Z May 13, 2023 2:33:32 AM org.openqa.selenium.remote.ProtocolHandshake createSession
Account Console IT (chrome)	Run Account Console IT	2023-05-13T02:33:32.3566769Z INFO: Detected dialect: W3C
Account Console IT (chrome)	Run Account Console IT	2023-05-13T02:33:56.2817293Z May 13, 2023 2:33:56 AM org.openqa.selenium.remote.DesiredCapabilities chrome
Account Console IT (chrome)	Run Account Console IT	2023-05-13T02:33:56.2836121Z INFO: Using `new ChromeOptions()` is preferred to `DesiredCapabilities.chrome()`
Account Console IT (chrome)	Run Account Console IT	2023-05-13T02:33:56.2836627Z May 13, 2023 2:33:56 AM org.openqa.selenium.remote.DesiredCapabilities chrome
Account Console IT (chrome)	Run Account Console IT	2023-05-13T02:33:56.2837057Z INFO: Using `new ChromeOptions()` is preferred to `DesiredCapabilities.chrome()`
Account Console IT (chrome)	Run Account Console IT	2023-05-13T02:33:56.2838631Z Starting ChromeDriver 113.0.5672.63 (0e1a4471d5ae5bf128b1bd8f4d627c8cbd55f70c-refs/branch-heads/5672@{#912}) on port 11611
Account Console IT (chrome)	Run Account Console IT	2023-05-13T02:33:56.2838996Z Only local connections are allowed.
Account Console IT (chrome)	Run Account Console IT	2023-05-13T02:33:56.2839530Z Please see https://chromedriver.chromium.org/security-considerations for suggestions on keeping ChromeDriver safe.
Account Console IT (chrome)	Run Account Console IT	2023-05-13T02:33:56.2839941Z ChromeDriver was started successfully.
Account Console IT (chrome)	Run Account Console IT	2023-05-13T02:33:56.4807150Z May 13, 2023 2:33:56 AM org.openqa.selenium.remote.ProtocolHandshake createSession
Account Console IT (chrome)	Run Account Console IT	2023-05-13T02:33:56.4808225Z INFO: Detected dialect: W3C
Account Console IT (chrome)	Run Account Console IT	2023-05-13T02:34:05.9912999Z May 13, 2023 2:34:05 AM org.openqa.selenium.remote.DesiredCapabilities chrome
Account Console IT (chrome)	Run Account Console IT	2023-05-13T02:34:05.9913659Z INFO: Using `new ChromeOptions()` is preferred to `DesiredCapabilities.chrome()`
Account Console IT (chrome)	Run Account Console IT	2023-05-13T02:34:05.9914172Z May 13, 2023 2:34:05 AM org.openqa.selenium.remote.DesiredCapabilities chrome
Account Console IT (chrome)	Run Account Console IT	2023-05-13T02:34:05.9914656Z INFO: Using `new ChromeOptions()` is preferred to `DesiredCapabilities.chrome()`
Account Console IT (chrome)	Run Account Console IT	2023-05-13T02:34:05.9980830Z Starting ChromeDriver 113.0.5672.63 (0e1a4471d5ae5bf128b1bd8f4d627c8cbd55f70c-refs/branch-heads/5672@{#912}) on port 28587
Account Console IT (chrome)	Run Account Console IT	2023-05-13T02:34:06.0038867Z Only local connections are allowed.
Account Console IT (chrome)	Run Account Console IT	2023-05-13T02:34:06.0039602Z Please see https://chromedriver.chromium.org/security-considerations for suggestions on keeping ChromeDriver safe.
Account Console IT (chrome)	Run Account Console IT	2023-05-13T02:34:06.0040038Z ChromeDriver was started successfully.
Account Console IT (chrome)	Run Account Console IT	2023-05-13T02:34:06.0905126Z May 13, 2023 2:34:06 AM org.openqa.selenium.remote.ProtocolHandshake createSession
Account Console IT (chrome)	Run Account Console IT	2023-05-13T02:34:06.0906030Z INFO: Detected dialect: W3C
Account Console IT (chrome)	Run Account Console IT	2023-05-13T02:34:15.8449423Z --------- org.keycloak.testsuite.ui.account2.InternationalizationTest output start ---------
Account Console IT (chrome)	Run Account Console IT	2023-05-13T02:34:15.8454608Z InternationalizationTest ++ 02:33:32,186 INFO  [org.keycloak.testsuite.arquillian.AppServerTestEnricher] 
Account Console IT (chrome)	Run Account Console IT	2023-05-13T02:34:15.8455281Z InternationalizationTest ++ 
Account Console IT (chrome)	Run Account Console IT	2023-05-13T02:34:15.8456650Z InternationalizationTest ++ TEST CONTEXT: org.keycloak.testsuite.ui.account2.InternationalizationTest
Account Console IT (chrome)	Run Account Console IT	2023-05-13T02:34:15.8457179Z InternationalizationTest ++ 
Account Console IT (chrome)	Run Account Console IT	2023-05-13T02:34:15.8566293Z InternationalizationTest ++ 02:33:32,187 INFO  [org.keycloak.testsuite.ui.account2.InternationalizationTest] [InternationalizationTest] loggedInPageTest() STARTED
Account Console IT (chrome)	Run Account Console IT	2023-05-13T02:34:15.8566988Z InternationalizationTest ++ 02:33:32,341 INFO  [org.keycloak.testsuite.drone.KeycloakDronePostSetup] Detected browser: chrome 113.0.5672.63
Account Console IT (chrome)	Run Account Console IT	2023-05-13T02:34:15.8567664Z InternationalizationTest ++ 02:33:32,341 INFO  [org.keycloak.testsuite.drone.KeycloakDronePostSetup] Configuring driver settings. implicitWait=2000, pageLoadTimeout=10000
Account Console IT (chrome)	Run Account Console IT	2023-05-13T02:34:15.8568354Z InternationalizationTest ++ 02:33:32,605 DEBUG [org.keycloak.testsuite.ui.account2.InternationalizationTest] loading test realms
Account Console IT (chrome)	Run Account Console IT	2023-05-13T02:34:15.8569361Z InternationalizationTest ++ 2023-05-13 02:33:32,703 WARN  [org.keycloak.theme.DefaultThemeManager] (executor-thread-289) Not found parent theme 'keycloak' of theme 'address'. Unable to load ADMIN theme 'address' due to this.
Account Console IT (chrome)	Run Account Console IT	2023-05-13T02:34:15.8570193Z InternationalizationTest ++ 2023-05-13 02:33:32,706 ERROR [org.keycloak.theme.DefaultThemeManager] (executor-thread-289) Failed to find ADMIN theme address, using built-in themes
Account Console IT (chrome)	Run Account Console IT	2023-05-13T02:34:15.8571102Z InternationalizationTest ++ 2023-05-13 02:33:32,715 WARN  [org.keycloak.theme.DefaultThemeManager] (executor-thread-289) Not found theme 'admin/keycloak' referenced as import of theme 'incorrect'. Unable to load ADMIN theme 'incorrect' due to this.
Account Console IT (chrome)	Run Account Console IT	2023-05-13T02:34:15.8572100Z InternationalizationTest ++ 2023-05-13 02:33:32,715 ERROR [org.keycloak.theme.DefaultThemeManager] (executor-thread-289) Failed to find ADMIN theme incorrect, using built-in themes
Account Console IT (chrome)	Run Account Console IT	2023-05-13T02:34:15.8573005Z InternationalizationTest ++ 02:33:32,769 INFO  [org.keycloak.testsuite.ui.account2.InternationalizationTest] importing test realms
Account Console IT (chrome)	Run Account Console IT	2023-05-13T02:34:15.8573713Z InternationalizationTest ++ 02:33:32,769 DEBUG [org.keycloak.testsuite.ui.account2.InternationalizationTest] --importing realm: test
Account Console IT (chrome)	Run Account Console IT	2023-05-13T02:34:15.8574259Z InternationalizationTest ++ 02:33:33,573 INFO  [org.keycloak.testsuite.util.URLUtils] starting navigation
Account Console IT (chrome)	Run Account Console IT	2023-05-13T02:34:15.8574742Z InternationalizationTest ++ 02:33:33,577 INFO  [org.keycloak.testsuite.util.URLUtils] current URL:  data:,
Account Console IT (chrome)	Run Account Console IT	2023-05-13T02:34:15.8575467Z InternationalizationTest ++ 02:33:33,578 INFO  [org.keycloak.testsuite.util.URLUtils] navigating to https://localhost:8543/auth/realms/test/super-random-page
Account Console IT (chrome)	Run Account Console IT	2023-05-13T02:34:15.8576255Z InternationalizationTest ++ 02:33:34,267 INFO  [org.keycloak.testsuite.util.URLUtils] new current URL:  https://localhost:8543/auth/realms/test/super-random-page
Account Console IT (chrome)	Run Account Console IT	2023-05-13T02:34:15.8576991Z InternationalizationTest ++ 02:33:34,267 INFO  [org.keycloak.testsuite.util.URLUtils] navigation complete
Account Console IT (chrome)	Run Account Console IT	2023-05-13T02:34:15.8577656Z InternationalizationTest ++ 02:33:34,267 INFO  [org.keycloak.testsuite.ui.account2.InternationalizationTest] deleting cookies in 'test' realm
Account Console IT (chrome)	Run Account Console IT	2023-05-13T02:34:15.8578269Z InternationalizationTest ++ 02:33:34,285 DEBUG [org.keycloak.testsuite.ui.account2.InternationalizationTest] creating test user
Account Console IT (chrome)	Run Account Console IT	2023-05-13T02:34:15.8578796Z InternationalizationTest ++ 02:33:34,368 INFO  [org.keycloak.testsuite.util.URLUtils] starting navigation
Account Console IT (chrome)	Run Account Console IT	2023-05-13T02:34:15.8579453Z InternationalizationTest ++ 02:33:34,371 INFO  [org.keycloak.testsuite.util.URLUtils] current URL:  https://localhost:8543/auth/realms/test/super-random-page
Account Console IT (chrome)	Run Account Console IT	2023-05-13T02:34:15.8580041Z InternationalizationTest ++ 02:33:34,371 INFO  [org.keycloak.testsuite.util.URLUtils] navigating to https://localhost:8543/auth/realms/test/account/
Account Console IT (chrome)	Run Account Console IT	2023-05-13T02:34:15.8580570Z InternationalizationTest ++ 02:33:35,518 INFO  [org.keycloak.testsuite.util.WaitUtils] Wait: 2000ms
Account Console IT (chrome)	Run Account Console IT	2023-05-13T02:34:15.8581116Z InternationalizationTest ++ 02:33:37,522 INFO  [org.keycloak.testsuite.util.URLUtils] new current URL:  https://localhost:8543/auth/realms/test/account/#/
Account Console IT (chrome)	Run Account Console IT	2023-05-13T02:34:15.8581641Z InternationalizationTest ++ 02:33:37,522 INFO  [org.keycloak.testsuite.util.URLUtils] navigation complete
Account Console IT (chrome)	Run Account Console IT	2023-05-13T02:34:15.8582103Z InternationalizationTest ++ 02:33:37,536 INFO  [org.keycloak.testsuite.util.URLUtils] starting navigation
Account Console IT (chrome)	Run Account Console IT	2023-05-13T02:34:15.8582640Z InternationalizationTest ++ 02:33:37,540 INFO  [org.keycloak.testsuite.util.URLUtils] current URL:  https://localhost:8543/auth/realms/test/account/#/
Account Console IT (chrome)	Run Account Console IT	2023-05-13T02:34:15.8584107Z InternationalizationTest ++ 02:33:37,540 INFO  [org.keycloak.testsuite.util.URLUtils] navigating to https://localhost:8543/auth/realms/test/account/#/personal-info
Account Console IT (chrome)	Run Account Console IT	2023-05-13T02:34:15.8585645Z InternationalizationTest ++ 02:33:38,159 INFO  [org.keycloak.testsuite.util.URLUtils] new current URL:  https://localhost:8543/auth/realms/test/protocol/openid-connect/auth?client_id=account-console&redirect_uri=https%3A%2F%2Flocalhost%3A8543%2Fauth%2Frealms%2Ftest%2Faccount%2F%23%2Fpersonal-info&state=6086d082-8bb3-4370-8429-8a927ebd104a&response_mode=fragment&response_type=code&scope=openid&nonce=ff2af700-cc85-4d0f-87b9-1d3a9dd8a6f9&code_challenge=pQrRHyK_VoKgx6z0P2xmMfr6NHMUpCNLzy3fY37mhQk&code_challenge_method=S256
Account Console IT (chrome)	Run Account Console IT	2023-05-13T02:34:15.8586679Z InternationalizationTest ++ 02:33:38,159 INFO  [org.keycloak.testsuite.util.URLUtils] navigation complete
Account Console IT (chrome)	Run Account Console IT	2023-05-13T02:34:15.8587144Z InternationalizationTest ++ 02:33:39,254 INFO  [org.keycloak.testsuite.util.WaitUtils] Wait: 2000ms
Account Console IT (chrome)	Run Account Console IT	2023-05-13T02:34:15.8587606Z InternationalizationTest ++ 02:33:42,079 INFO  [org.keycloak.testsuite.util.WaitUtils] Wait: 2000ms
Account Console IT (chrome)	Run Account Console IT	2023-05-13T02:34:15.8588057Z InternationalizationTest ++ 02:33:45,360 INFO  [org.keycloak.testsuite.util.WaitUtils] Wait: 2000ms
Account Console IT (chrome)	Run Account Console IT	2023-05-13T02:34:15.8588697Z InternationalizationTest ++ 02:33:47,408 INFO  [org.keycloak.testsuite.ui.account2.InternationalizationTest] calling all TestCleanup
Account Console IT (chrome)	Run Account Console IT	2023-05-13T02:34:15.8589348Z InternationalizationTest ++ 02:33:47,414 INFO  [org.keycloak.testsuite.ui.account2.InternationalizationTest] [InternationalizationTest] loggedInPageTest() FINISHED
Account Console IT (chrome)	Run Account Console IT	2023-05-13T02:34:15.8589824Z InternationalizationTest ++ 
Account Console IT (chrome)	Run Account Console IT	2023-05-13T02:34:15.8590090Z InternationalizationTest ++ 
Account Console IT (chrome)	Run Account Console IT	2023-05-13T02:34:15.8590561Z InternationalizationTest ++ 02:33:47,415 WARN  [org.keycloak.testsuite.ui.account2.InternationalizationTest] [InternationalizationTest] loginFormTest() IGNORED
Account Console IT (chrome)	Run Account Console IT	2023-05-13T02:34:15.8591006Z InternationalizationTest ++ 
Account Console IT (chrome)	Run Account Console IT	2023-05-13T02:34:15.8591359Z InternationalizationTest ++ 
Account Console IT (chrome)	Run Account Console IT	2023-05-13T02:34:15.8592095Z InternationalizationTest ++ 02:33:47,415 INFO  [org.keycloak.testsuite.ui.account2.InternationalizationTest] [InternationalizationTest] userAttributeTest() STARTED
Account Console IT (chrome)	Run Account Console IT	2023-05-13T02:34:15.8592791Z InternationalizationTest ++ 02:33:47,584 INFO  [org.keycloak.testsuite.util.URLUtils] starting navigation
Account Console IT (chrome)	Run Account Console IT	2023-05-13T02:34:15.8593330Z InternationalizationTest ++ 02:33:47,588 INFO  [org.keycloak.testsuite.util.URLUtils] current URL:  https://localhost:8543/auth/realms/test/account/#/
Account Console IT (chrome)	Run Account Console IT	2023-05-13T02:34:15.8594070Z InternationalizationTest ++ 02:33:47,588 INFO  [org.keycloak.testsuite.util.URLUtils] navigating to https://localhost:8543/auth/realms/test/super-random-page
Account Console IT (chrome)	Run Account Console IT	2023-05-13T02:34:15.8594812Z InternationalizationTest ++ 02:33:48,158 INFO  [org.keycloak.testsuite.util.URLUtils] new current URL:  https://localhost:8543/auth/realms/test/super-random-page
Account Console IT (chrome)	Run Account Console IT	2023-05-13T02:34:15.8595341Z InternationalizationTest ++ 02:33:48,158 INFO  [org.keycloak.testsuite.util.URLUtils] navigation complete
Account Console IT (chrome)	Run Account Console IT	2023-05-13T02:34:15.8595999Z InternationalizationTest ++ 02:33:48,158 INFO  [org.keycloak.testsuite.ui.account2.InternationalizationTest] deleting cookies in 'test' realm
Account Console IT (chrome)	Run Account Console IT	2023-05-13T02:34:15.8596606Z InternationalizationTest ++ 02:33:48,191 DEBUG [org.keycloak.testsuite.ui.account2.InternationalizationTest] creating test user
Account Console IT (chrome)	Run Account Console IT	2023-05-13T02:34:15.8597133Z InternationalizationTest ++ 02:33:48,287 INFO  [org.keycloak.testsuite.util.URLUtils] starting navigation
Account Console IT (chrome)	Run Account Console IT	2023-05-13T02:34:15.8597788Z InternationalizationTest ++ 02:33:48,290 INFO  [org.keycloak.testsuite.util.URLUtils] current URL:  https://localhost:8543/auth/realms/test/super-random-page
Account Console IT (chrome)	Run Account Console IT	2023-05-13T02:34:15.8598372Z InternationalizationTest ++ 02:33:48,290 INFO  [org.keycloak.testsuite.util.URLUtils] navigating to https://localhost:8543/auth/realms/test/account/
Account Console IT (chrome)	Run Account Console IT	2023-05-13T02:34:15.8598929Z InternationalizationTest ++ 02:33:49,432 INFO  [org.keycloak.testsuite.util.WaitUtils] Wait: 2000ms
Account Console IT (chrome)	Run Account Console IT	2023-05-13T02:34:15.8599533Z InternationalizationTest ++ 02:33:51,436 INFO  [org.keycloak.testsuite.util.URLUtils] new current URL:  https://localhost:8543/auth/realms/test/account/#/
Account Console IT (chrome)	Run Account Console IT	2023-05-13T02:34:15.8600156Z InternationalizationTest ++ 02:33:51,436 INFO  [org.keycloak.testsuite.util.URLUtils] navigation complete
Account Console IT (chrome)	Run Account Console IT	2023-05-13T02:34:15.8600804Z InternationalizationTest ++ 02:33:51,491 INFO  [org.keycloak.testsuite.util.URLUtils] starting navigation
Account Console IT (chrome)	Run Account Console IT	2023-05-13T02:34:15.8601395Z InternationalizationTest ++ 02:33:51,494 INFO  [org.keycloak.testsuite.util.URLUtils] current URL:  https://localhost:8543/auth/realms/test/account/#/
Account Console IT (chrome)	Run Account Console IT	2023-05-13T02:34:15.8602050Z InternationalizationTest ++ 02:33:51,494 INFO  [org.keycloak.testsuite.util.URLUtils] navigating to https://localhost:8543/auth/realms/test/account/
Account Console IT (chrome)	Run Account Console IT	2023-05-13T02:34:15.8602634Z InternationalizationTest ++ 02:33:52,583 INFO  [org.keycloak.testsuite.util.WaitUtils] Wait: 2000ms
Account Console IT (chrome)	Run Account Console IT	2023-05-13T02:34:15.8603267Z InternationalizationTest ++ 02:33:54,587 INFO  [org.keycloak.testsuite.util.URLUtils] new current URL:  https://localhost:8543/auth/realms/test/account/#/
Account Console IT (chrome)	Run Account Console IT	2023-05-13T02:34:15.8603860Z InternationalizationTest ++ 02:33:54,587 INFO  [org.keycloak.testsuite.util.URLUtils] navigation complete
Account Console IT (chrome)	Run Account Console IT	2023-05-13T02:34:15.8604535Z InternationalizationTest ++ 02:33:55,309 INFO  [org.keycloak.testsuite.ui.account2.InternationalizationTest] calling all TestCleanup
Account Console IT (chrome)	Run Account Console IT	2023-05-13T02:34:15.8605385Z InternationalizationTest ++ 02:33:55,924 ERROR [org.keycloak.testsuite.ui.account2.InternationalizationTest] [InternationalizationTest] userAttributeTest() FAILED
Account Console IT (chrome)	Run Account Console IT	2023-05-13T02:34:15.8643094Z InternationalizationTest ++ 02:33:55,924 INFO  [org.keycloak.testsuite.ui.account2.InternationalizationTest] [InternationalizationTest] userAttributeTest() FINISHED
Account Console IT (chrome)	Run Account Console IT	2023-05-13T02:34:15.8643734Z InternationalizationTest ++ 
Account Console IT (chrome)	Run Account Console IT	2023-05-13T02:34:15.8644004Z InternationalizationTest ++ 
Account Console IT (chrome)	Run Account Console IT	2023-05-13T02:34:15.8644542Z InternationalizationTest ++ 02:33:55,924 WARN  [org.keycloak.testsuite.ui.account2.InternationalizationTest] [InternationalizationTest] shouldDisplayTimeUsingSelectedLocale() IGNORED
Account Console IT (chrome)	Run Account Console IT	2023-05-13T02:34:15.8645056Z InternationalizationTest ++ 
Account Console IT (chrome)	Run Account Console IT	2023-05-13T02:34:15.8645314Z InternationalizationTest ++ 
Account Console IT (chrome)	Run Account Console IT	2023-05-13T02:34:15.8645767Z InternationalizationTest ++ 02:33:55,931 INFO  [org.keycloak.testsuite.arquillian.AuthServerTestEnricher] removing test realms after test class
Account Console IT (chrome)	Run Account Console IT	2023-05-13T02:34:15.8646655Z InternationalizationTest ++ 02:33:56,150 INFO  [org.keycloak.testsuite.arquillian.AuthServerTestEnricher] removed realms: test, 
Account Console IT (chrome)	Run Account Console IT	2023-05-13T02:34:15.8647232Z InternationalizationTest ++ 02:33:56,256 INFO  [org.keycloak.testsuite.arquillian.AppServerTestEnricher] 
Account Console IT (chrome)	Run Account Console IT	2023-05-13T02:34:15.8647631Z InternationalizationTest ++ 
Account Console IT (chrome)	Run Account Console IT	2023-05-13T02:34:15.8648058Z InternationalizationTest ++ TEST CONTEXT: org.keycloak.testsuite.ui.account2.InternationalizationTest
Account Console IT (chrome)	Run Account Console IT	2023-05-13T02:34:15.8648463Z InternationalizationTest ++ 
Account Console IT (chrome)	Run Account Console IT	2023-05-13T02:34:15.8648951Z InternationalizationTest ++ 02:33:56,257 INFO  [org.keycloak.testsuite.ui.account2.InternationalizationTest] [InternationalizationTest] userAttributeTest() STARTED
Account Console IT (chrome)	Run Account Console IT	2023-05-13T02:34:15.8649606Z InternationalizationTest ++ 02:33:56,405 INFO  [org.keycloak.testsuite.drone.KeycloakDronePostSetup] Detected browser: chrome 113.0.5672.63
Account Console IT (chrome)	Run Account Console IT	2023-05-13T02:34:15.8650266Z InternationalizationTest ++ 02:33:56,405 INFO  [org.keycloak.testsuite.drone.KeycloakDronePostSetup] Configuring driver settings. implicitWait=2000, pageLoadTimeout=10000
Account Console IT (chrome)	Run Account Console IT	2023-05-13T02:34:15.8650921Z InternationalizationTest ++ 02:33:56,658 DEBUG [org.keycloak.testsuite.ui.account2.InternationalizationTest] loading test realms
Account Console IT (chrome)	Run Account Console IT	2023-05-13T02:34:15.8651883Z InternationalizationTest ++ 2023-05-13 02:33:56,720 WARN  [org.keycloak.theme.DefaultThemeManager] (executor-thread-291) Not found parent theme 'keycloak' of theme 'address'. Unable to load ADMIN theme 'address' due to this.
Account Console IT (chrome)	Run Account Console IT	2023-05-13T02:34:15.8652733Z InternationalizationTest ++ 2023-05-13 02:33:56,721 ERROR [org.keycloak.theme.DefaultThemeManager] (executor-thread-291) Failed to find ADMIN theme address, using built-in themes
Account Console IT (chrome)	Run Account Console IT	2023-05-13T02:34:15.8653645Z InternationalizationTest ++ 2023-05-13 02:33:56,721 WARN  [org.keycloak.theme.DefaultThemeManager] (executor-thread-291) Not found theme 'admin/keycloak' referenced as import of theme 'incorrect'. Unable to load ADMIN theme 'incorrect' due to this.
Account Console IT (chrome)	Run Account Console IT	2023-05-13T02:34:15.8654522Z InternationalizationTest ++ 2023-05-13 02:33:56,721 ERROR [org.keycloak.theme.DefaultThemeManager] (executor-thread-291) Failed to find ADMIN theme incorrect, using built-in themes
Account Console IT (chrome)	Run Account Console IT	2023-05-13T02:34:15.8655149Z InternationalizationTest ++ 02:33:56,751 INFO  [org.keycloak.testsuite.ui.account2.InternationalizationTest] importing test realms
Account Console IT (chrome)	Run Account Console IT	2023-05-13T02:34:15.8655870Z InternationalizationTest ++ 02:33:56,751 DEBUG [org.keycloak.testsuite.ui.account2.InternationalizationTest] --importing realm: test
Account Console IT (chrome)	Run Account Console IT	2023-05-13T02:34:15.8656418Z InternationalizationTest ++ 02:33:57,447 INFO  [org.keycloak.testsuite.util.URLUtils] starting navigation
Account Console IT (chrome)	Run Account Console IT	2023-05-13T02:34:15.8656900Z InternationalizationTest ++ 02:33:57,451 INFO  [org.keycloak.testsuite.util.URLUtils] current URL:  data:,
Account Console IT (chrome)	Run Account Console IT	2023-05-13T02:34:15.8657597Z InternationalizationTest ++ 02:33:57,451 INFO  [org.keycloak.testsuite.util.URLUtils] navigating to https://localhost:8543/auth/realms/test/super-random-page
Account Console IT (chrome)	Run Account Console IT	2023-05-13T02:34:15.8658470Z InternationalizationTest ++ 02:33:58,140 INFO  [org.keycloak.testsuite.util.URLUtils] new current URL:  https://localhost:8543/auth/realms/test/super-random-page
Account Console IT (chrome)	Run Account Console IT	2023-05-13T02:34:15.8659007Z InternationalizationTest ++ 02:33:58,140 INFO  [org.keycloak.testsuite.util.URLUtils] navigation complete
Account Console IT (chrome)	Run Account Console IT	2023-05-13T02:34:15.8659677Z InternationalizationTest ++ 02:33:58,140 INFO  [org.keycloak.testsuite.ui.account2.InternationalizationTest] deleting cookies in 'test' realm
Account Console IT (chrome)	Run Account Console IT	2023-05-13T02:34:15.8660289Z InternationalizationTest ++ 02:33:58,159 DEBUG [org.keycloak.testsuite.ui.account2.InternationalizationTest] creating test user
Account Console IT (chrome)	Run Account Console IT	2023-05-13T02:34:15.8660820Z InternationalizationTest ++ 02:33:58,243 INFO  [org.keycloak.testsuite.util.URLUtils] starting navigation
Account Console IT (chrome)	Run Account Console IT	2023-05-13T02:34:15.8661477Z InternationalizationTest ++ 02:33:58,247 INFO  [org.keycloak.testsuite.util.URLUtils] current URL:  https://localhost:8543/auth/realms/test/super-random-page
Account Console IT (chrome)	Run Account Console IT	2023-05-13T02:34:15.8662157Z InternationalizationTest ++ 02:33:58,247 INFO  [org.keycloak.testsuite.util.URLUtils] navigating to https://localhost:8543/auth/realms/test/account/
Account Console IT (chrome)	Run Account Console IT	2023-05-13T02:34:15.8662701Z InternationalizationTest ++ 02:33:59,368 INFO  [org.keycloak.testsuite.util.WaitUtils] Wait: 2000ms
Account Console IT (chrome)	Run Account Console IT	2023-05-13T02:34:15.8663237Z InternationalizationTest ++ 02:34:01,372 INFO  [org.keycloak.testsuite.util.URLUtils] new current URL:  https://localhost:8543/auth/realms/test/account/#/
Account Console IT (chrome)	Run Account Console IT	2023-05-13T02:34:15.8663763Z InternationalizationTest ++ 02:34:01,372 INFO  [org.keycloak.testsuite.util.URLUtils] navigation complete
Account Console IT (chrome)	Run Account Console IT	2023-05-13T02:34:15.8664228Z InternationalizationTest ++ 02:34:01,427 INFO  [org.keycloak.testsuite.util.URLUtils] starting navigation
Account Console IT (chrome)	Run Account Console IT	2023-05-13T02:34:15.8664752Z InternationalizationTest ++ 02:34:01,430 INFO  [org.keycloak.testsuite.util.URLUtils] current URL:  https://localhost:8543/auth/realms/test/account/#/
Account Console IT (chrome)	Run Account Console IT	2023-05-13T02:34:15.8665331Z InternationalizationTest ++ 02:34:01,430 INFO  [org.keycloak.testsuite.util.URLUtils] navigating to https://localhost:8543/auth/realms/test/account/
Account Console IT (chrome)	Run Account Console IT	2023-05-13T02:34:15.8665857Z InternationalizationTest ++ 02:34:02,526 INFO  [org.keycloak.testsuite.util.WaitUtils] Wait: 2000ms
Account Console IT (chrome)	Run Account Console IT	2023-05-13T02:34:15.8666385Z InternationalizationTest ++ 02:34:04,530 INFO  [org.keycloak.testsuite.util.URLUtils] new current URL:  https://localhost:8543/auth/realms/test/account/#/
Account Console IT (chrome)	Run Account Console IT	2023-05-13T02:34:15.8666911Z InternationalizationTest ++ 02:34:04,530 INFO  [org.keycloak.testsuite.util.URLUtils] navigation complete
Account Console IT (chrome)	Run Account Console IT	2023-05-13T02:34:15.8667450Z InternationalizationTest ++ 02:34:05,284 INFO  [org.keycloak.testsuite.ui.account2.InternationalizationTest] calling all TestCleanup
Account Console IT (chrome)	Run Account Console IT	2023-05-13T02:34:15.8668107Z InternationalizationTest ++ 02:34:05,521 ERROR [org.keycloak.testsuite.ui.account2.InternationalizationTest] [InternationalizationTest] userAttributeTest() FAILED
Account Console IT (chrome)	Run Account Console IT	2023-05-13T02:34:15.8668796Z InternationalizationTest ++ 02:34:05,521 INFO  [org.keycloak.testsuite.ui.account2.InternationalizationTest] [InternationalizationTest] userAttributeTest() FINISHED
Account Console IT (chrome)	Run Account Console IT	2023-05-13T02:34:15.8669279Z InternationalizationTest ++ 
Account Console IT (chrome)	Run Account Console IT	2023-05-13T02:34:15.8669546Z InternationalizationTest ++ 
Account Console IT (chrome)	Run Account Console IT	2023-05-13T02:34:15.8670003Z InternationalizationTest ++ 02:34:05,527 INFO  [org.keycloak.testsuite.arquillian.AuthServerTestEnricher] removing test realms after test class
Account Console IT (chrome)	Run Account Console IT	2023-05-13T02:34:15.8670618Z InternationalizationTest ++ 02:34:05,756 INFO  [org.keycloak.testsuite.arquillian.AuthServerTestEnricher] removed realms: test, 
Account Console IT (chrome)	Run Account Console IT	2023-05-13T02:34:15.8671397Z InternationalizationTest ++ 02:34:05,854 INFO  [org.keycloak.testsuite.arquillian.AppServerTestEnricher] 
Account Console IT (chrome)	Run Account Console IT	2023-05-13T02:34:15.8671805Z InternationalizationTest ++ 
Account Console IT (chrome)	Run Account Console IT	2023-05-13T02:34:15.8672224Z InternationalizationTest ++ TEST CONTEXT: org.keycloak.testsuite.ui.account2.InternationalizationTest
Account Console IT (chrome)	Run Account Console IT	2023-05-13T02:34:15.8672633Z InternationalizationTest ++ 
Account Console IT (chrome)	Run Account Console IT	2023-05-13T02:34:15.8673121Z InternationalizationTest ++ 02:34:05,855 INFO  [org.keycloak.testsuite.ui.account2.InternationalizationTest] [InternationalizationTest] userAttributeTest() STARTED
Account Console IT (chrome)	Run Account Console IT	2023-05-13T02:34:15.8673888Z InternationalizationTest ++ 02:34:06,010 INFO  [org.keycloak.testsuite.drone.KeycloakDronePostSetup] Detected browser: chrome 113.0.5672.63
Account Console IT (chrome)	Run Account Console IT	2023-05-13T02:34:15.8674528Z InternationalizationTest ++ 02:34:06,010 INFO  [org.keycloak.testsuite.drone.KeycloakDronePostSetup] Configuring driver settings. implicitWait=2000, pageLoadTimeout=10000
Account Console IT (chrome)	Run Account Console IT	2023-05-13T02:34:15.8675158Z InternationalizationTest ++ 02:34:06,300 DEBUG [org.keycloak.testsuite.ui.account2.InternationalizationTest] loading test realms
Account Console IT (chrome)	Run Account Console IT	2023-05-13T02:34:15.8676025Z InternationalizationTest ++ 2023-05-13 02:34:06,366 WARN  [org.keycloak.theme.DefaultThemeManager] (executor-thread-291) Not found parent theme 'keycloak' of theme 'address'. Unable to load ADMIN theme 'address' due to this.
Account Console IT (chrome)	Run Account Console IT	2023-05-13T02:34:15.8676904Z InternationalizationTest ++ 2023-05-13 02:34:06,366 ERROR [org.keycloak.theme.DefaultThemeManager] (executor-thread-291) Failed to find ADMIN theme address, using built-in themes
Account Console IT (chrome)	Run Account Console IT	2023-05-13T02:34:15.8677922Z InternationalizationTest ++ 2023-05-13 02:34:06,366 WARN  [org.keycloak.theme.DefaultThemeManager] (executor-thread-291) Not found theme 'admin/keycloak' referenced as import of theme 'incorrect'. Unable to load ADMIN theme 'incorrect' due to this.
Account Console IT (chrome)	Run Account Console IT	2023-05-13T02:34:15.8678789Z InternationalizationTest ++ 2023-05-13 02:34:06,367 ERROR [org.keycloak.theme.DefaultThemeManager] (executor-thread-291) Failed to find ADMIN theme incorrect, using built-in themes
Account Console IT (chrome)	Run Account Console IT	2023-05-13T02:34:15.8679414Z InternationalizationTest ++ 02:34:06,396 INFO  [org.keycloak.testsuite.ui.account2.InternationalizationTest] importing test realms
Account Console IT (chrome)	Run Account Console IT	2023-05-13T02:34:15.8680130Z InternationalizationTest ++ 02:34:06,396 DEBUG [org.keycloak.testsuite.ui.account2.InternationalizationTest] --importing realm: test
Account Console IT (chrome)	Run Account Console IT	2023-05-13T02:34:15.8680677Z InternationalizationTest ++ 02:34:07,367 INFO  [org.keycloak.testsuite.util.URLUtils] starting navigation
Account Console IT (chrome)	Run Account Console IT	2023-05-13T02:34:15.8681159Z InternationalizationTest ++ 02:34:07,371 INFO  [org.keycloak.testsuite.util.URLUtils] current URL:  data:,
Account Console IT (chrome)	Run Account Console IT	2023-05-13T02:34:15.8681980Z InternationalizationTest ++ 02:34:07,371 INFO  [org.keycloak.testsuite.util.URLUtils] navigating to https://localhost:8543/auth/realms/test/super-random-page
Account Console IT (chrome)	Run Account Console IT	2023-05-13T02:34:15.8682719Z InternationalizationTest ++ 02:34:08,048 INFO  [org.keycloak.testsuite.util.URLUtils] new current URL:  https://localhost:8543/auth/realms/test/super-random-page
Account Console IT (chrome)	Run Account Console IT	2023-05-13T02:34:15.8683263Z InternationalizationTest ++ 02:34:08,048 INFO  [org.keycloak.testsuite.util.URLUtils] navigation complete
Account Console IT (chrome)	Run Account Console IT	2023-05-13T02:34:15.8683913Z InternationalizationTest ++ 02:34:08,048 INFO  [org.keycloak.testsuite.ui.account2.InternationalizationTest] deleting cookies in 'test' realm
Account Console IT (chrome)	Run Account Console IT	2023-05-13T02:34:15.8684517Z InternationalizationTest ++ 02:34:08,065 DEBUG [org.keycloak.testsuite.ui.account2.InternationalizationTest] creating test user
Account Console IT (chrome)	Run Account Console IT	2023-05-13T02:34:15.8685044Z InternationalizationTest ++ 02:34:08,148 INFO  [org.keycloak.testsuite.util.URLUtils] starting navigation
Account Console IT (chrome)	Run Account Console IT	2023-05-13T02:34:15.8685713Z InternationalizationTest ++ 02:34:08,152 INFO  [org.keycloak.testsuite.util.URLUtils] current URL:  https://localhost:8543/auth/realms/test/super-random-page
Account Console IT (chrome)	Run Account Console IT	2023-05-13T02:34:15.8686308Z InternationalizationTest ++ 02:34:08,152 INFO  [org.keycloak.testsuite.util.URLUtils] navigating to https://localhost:8543/auth/realms/test/account/
Account Console IT (chrome)	Run Account Console IT	2023-05-13T02:34:15.8686831Z InternationalizationTest ++ 02:34:09,279 INFO  [org.keycloak.testsuite.util.WaitUtils] Wait: 2000ms
Account Console IT (chrome)	Run Account Console IT	2023-05-13T02:34:15.8687361Z InternationalizationTest ++ 02:34:11,283 INFO  [org.keycloak.testsuite.util.URLUtils] new current URL:  https://localhost:8543/auth/realms/test/account/#/
Account Console IT (chrome)	Run Account Console IT	2023-05-13T02:34:15.8687893Z InternationalizationTest ++ 02:34:11,283 INFO  [org.keycloak.testsuite.util.URLUtils] navigation complete
Account Console IT (chrome)	Run Account Console IT	2023-05-13T02:34:15.8688354Z InternationalizationTest ++ 02:34:11,335 INFO  [org.keycloak.testsuite.util.URLUtils] starting navigation
Account Console IT (chrome)	Run Account Console IT	2023-05-13T02:34:15.8688878Z InternationalizationTest ++ 02:34:11,341 INFO  [org.keycloak.testsuite.util.URLUtils] current URL:  https://localhost:8543/auth/realms/test/account/#/
Account Console IT (chrome)	Run Account Console IT	2023-05-13T02:34:15.8689560Z InternationalizationTest ++ 02:34:11,341 INFO  [org.keycloak.testsuite.util.URLUtils] navigating to https://localhost:8543/auth/realms/test/account/
Account Console IT (chrome)	Run Account Console IT	2023-05-13T02:34:15.8690080Z InternationalizationTest ++ 02:34:12,527 INFO  [org.keycloak.testsuite.util.WaitUtils] Wait: 2000ms
Account Console IT (chrome)	Run Account Console IT	2023-05-13T02:34:15.8690600Z InternationalizationTest ++ 02:34:14,531 INFO  [org.keycloak.testsuite.util.URLUtils] new current URL:  https://localhost:8543/auth/realms/test/account/#/
Account Console IT (chrome)	Run Account Console IT	2023-05-13T02:34:15.8691118Z InternationalizationTest ++ 02:34:14,531 INFO  [org.keycloak.testsuite.util.URLUtils] navigation complete
Account Console IT (chrome)	Run Account Console IT	2023-05-13T02:34:15.8691657Z InternationalizationTest ++ 02:34:15,270 INFO  [org.keycloak.testsuite.ui.account2.InternationalizationTest] calling all TestCleanup
Account Console IT (chrome)	Run Account Console IT	2023-05-13T02:34:15.8692310Z InternationalizationTest ++ 02:34:15,504 ERROR [org.keycloak.testsuite.ui.account2.InternationalizationTest] [InternationalizationTest] userAttributeTest() FAILED
Account Console IT (chrome)	Run Account Console IT	2023-05-13T02:34:15.8693096Z InternationalizationTest ++ 02:34:15,504 INFO  [org.keycloak.testsuite.ui.account2.InternationalizationTest] [InternationalizationTest] userAttributeTest() FINISHED
Account Console IT (chrome)	Run Account Console IT	2023-05-13T02:34:15.8693568Z InternationalizationTest ++ 
Account Console IT (chrome)	Run Account Console IT	2023-05-13T02:34:15.8693830Z InternationalizationTest ++ 
Account Console IT (chrome)	Run Account Console IT	2023-05-13T02:34:15.8694278Z InternationalizationTest ++ 02:34:15,509 INFO  [org.keycloak.testsuite.arquillian.AuthServerTestEnricher] removing test realms after test class
Account Console IT (chrome)	Run Account Console IT	2023-05-13T02:34:15.8694882Z InternationalizationTest ++ 02:34:15,707 INFO  [org.keycloak.testsuite.arquillian.AuthServerTestEnricher] removed realms: test, 
Account Console IT (chrome)	Run Account Console IT	2023-05-13T02:34:15.8695192Z 
Account Console IT (chrome)	Run Account Console IT	2023-05-13T02:34:15.8695547Z --------- org.keycloak.testsuite.ui.account2.InternationalizationTest output end  ---------
Account Console IT (chrome)	Run Account Console IT	2023-05-13T02:34:15.8696270Z [ERROR] Tests run: 6, Failures: 3, Errors: 0, Skipped: 2, Time elapsed: 43.614 s <<< FAILURE! - in org.keycloak.testsuite.ui.account2.InternationalizationTest
Account Console IT (chrome)	Run Account Console IT	2023-05-13T02:34:15.8697056Z -- [ERROR] org.keycloak.testsuite.ui.account2.InternationalizationTest.userAttributeTest  Time elapsed: 8.495 s  <<< FAILURE!
Account Console IT (chrome)	Run Account Console IT	2023-05-13T02:34:15.8697650Z -- org.junit.ComparisonFailure: expected:<[English]> but was:<[und]>
Account Console IT (chrome)	Run Account Console IT	2023-05-13T02:34:15.8698070Z -- 	at org.junit.Assert.assertEquals(Assert.java:117)
Account Console IT (chrome)	Run Account Console IT	2023-05-13T02:34:15.8698462Z -- 	at org.junit.Assert.assertEquals(Assert.java:146)
Account Console IT (chrome)	Run Account Console IT	2023-05-13T02:34:15.8699081Z -- 	at org.keycloak.testsuite.ui.account2.InternationalizationTest.userAttributeTest(InternationalizationTest.java:105)
Account Console IT (chrome)	Run Account Console IT	2023-05-13T02:34:15.8699755Z -- 	at java.base/jdk.internal.reflect.NativeMethodAccessorImpl.invoke0(Native Method)
Account Console IT (chrome)	Run Account Console IT	2023-05-13T02:34:15.8700376Z -- 	at java.base/jdk.internal.reflect.NativeMethodAccessorImpl.invoke(NativeMethodAccessorImpl.java:77)
Account Console IT (chrome)	Run Account Console IT	2023-05-13T02:34:15.8701061Z -- 	at java.base/jdk.internal.reflect.DelegatingMethodAccessorImpl.invoke(DelegatingMethodAccessorImpl.java:43)
Account Console IT (chrome)	Run Account Console IT	2023-05-13T02:34:15.8701619Z -- 	at java.base/java.lang.reflect.Method.invoke(Method.java:568)
Account Console IT (chrome)	Run Account Console IT	2023-05-13T02:34:15.8702145Z -- 	at org.junit.runners.model.FrameworkMethod$1.runReflectiveCall(FrameworkMethod.java:59)
Account Console IT (chrome)	Run Account Console IT	2023-05-13T02:34:15.8702735Z -- 	at org.junit.internal.runners.model.ReflectiveCallable.run(ReflectiveCallable.java:12)
Account Console IT (chrome)	Run Account Console IT	2023-05-13T02:34:15.8703332Z -- 	at org.junit.runners.model.FrameworkMethod.invokeExplosively(FrameworkMethod.java:56)
Account Console IT (chrome)	Run Account Console IT	2023-05-13T02:34:15.8703882Z -- 	at org.jboss.arquillian.junit.Arquillian$8$1.invokeMethod(Arquillian.java:325)
Account Console IT (chrome)	Run Account Console IT	2023-05-13T02:34:15.8704393Z -- 	at org.jboss.arquillian.junit.MethodInvoker$1.invoke(MethodInvoker.java:18)
Account Console IT (chrome)	Run Account Console IT	2023-05-13T02:34:15.8705029Z -- 	at org.jboss.arquillian.container.test.impl.execution.LocalTestExecuter.execute(LocalTestExecuter.java:57)
Account Console IT (chrome)	Run Account Console IT	2023-05-13T02:34:15.8705711Z -- 	at org.keycloak.testsuite.arquillian.ModelTestExecutor.execute(ModelTestExecutor.java:51)
Account Console IT (chrome)	Run Account Console IT	2023-05-13T02:34:15.8706298Z -- 	at jdk.internal.reflect.GeneratedMethodAccessor173.invoke(Unknown Source)
Account Console IT (chrome)	Run Account Console IT	2023-05-13T02:34:15.8707030Z -- 	at java.base/jdk.internal.reflect.DelegatingMethodAccessorImpl.invoke(DelegatingMethodAccessorImpl.java:43)
Account Console IT (chrome)	Run Account Console IT	2023-05-13T02:34:15.8707582Z -- 	at java.base/java.lang.reflect.Method.invoke(Method.java:568)
Account Console IT (chrome)	Run Account Console IT	2023-05-13T02:34:15.8708081Z -- 	at org.jboss.arquillian.core.impl.ObserverImpl.invoke(ObserverImpl.java:86)
Account Console IT (chrome)	Run Account Console IT	2023-05-13T02:34:15.8708675Z -- 	at org.jboss.arquillian.core.impl.EventContextImpl.invokeObservers(EventContextImpl.java:103)
Account Console IT (chrome)	Run Account Console IT	2023-05-13T02:34:15.8709299Z -- 	at org.jboss.arquillian.core.impl.EventContextImpl.proceed(EventContextImpl.java:90)
Account Console IT (chrome)	Run Account Console IT	2023-05-13T02:34:15.8709848Z -- 	at org.jboss.arquillian.core.impl.ManagerImpl.fire(ManagerImpl.java:133)
Account Console IT (chrome)	Run Account Console IT	2023-05-13T02:34:15.8710364Z -- 	at org.jboss.arquillian.core.impl.ManagerImpl.fire(ManagerImpl.java:105)
Account Console IT (chrome)	Run Account Console IT	2023-05-13T02:34:15.8710859Z -- 	at org.jboss.arquillian.core.impl.EventImpl.fire(EventImpl.java:62)
Account Console IT (chrome)	Run Account Console IT	2023-05-13T02:34:15.8711630Z -- 	at org.jboss.arquillian.container.test.impl.execution.ClientTestExecuter.execute(ClientTestExecuter.java:50)
Account Console IT (chrome)	Run Account Console IT	2023-05-13T02:34:15.8712409Z -- 	at jdk.internal.reflect.GeneratedMethodAccessor172.invoke(Unknown Source)
Account Console IT (chrome)	Run Account Console IT	2023-05-13T02:34:15.8713039Z -- 	at java.base/jdk.internal.reflect.DelegatingMethodAccessorImpl.invoke(DelegatingMethodAccessorImpl.java:43)
Account Console IT (chrome)	Run Account Console IT	2023-05-13T02:34:15.8713590Z -- 	at java.base/java.lang.reflect.Method.invoke(Method.java:568)
Account Console IT (chrome)	Run Account Console IT	2023-05-13T02:34:15.8714082Z -- 	at org.jboss.arquillian.core.impl.ObserverImpl.invoke(ObserverImpl.java:86)
Account Console IT (chrome)	Run Account Console IT	2023-05-13T02:34:15.8714698Z -- 	at org.jboss.arquillian.core.impl.EventContextImpl.invokeObservers(EventContextImpl.java:103)
Account Console IT (chrome)	Run Account Console IT	2023-05-13T02:34:15.8715320Z -- 	at org.jboss.arquillian.core.impl.EventContextImpl.proceed(EventContextImpl.java:90)
Account Console IT (chrome)	Run Account Console IT	2023-05-13T02:34:15.8716083Z -- 	at org.jboss.arquillian.container.test.impl.client.ContainerEventController.createContext(ContainerEventController.java:128)
Account Console IT (chrome)	Run Account Console IT	2023-05-13T02:34:15.8717003Z -- 	at org.jboss.arquillian.container.test.impl.client.ContainerEventController.createTestContext(ContainerEventController.java:118)
Account Console IT (chrome)	Run Account Console IT	2023-05-13T02:34:15.8717721Z -- 	at jdk.internal.reflect.GeneratedMethodAccessor171.invoke(Unknown Source)
Account Console IT (chrome)	Run Account Console IT	2023-05-13T02:34:15.8718347Z -- 	at java.base/jdk.internal.reflect.DelegatingMethodAccessorImpl.invoke(DelegatingMethodAccessorImpl.java:43)
Account Console IT (chrome)	Run Account Console IT	2023-05-13T02:34:15.8718893Z -- 	at java.base/java.lang.reflect.Method.invoke(Method.java:568)
Account Console IT (chrome)	Run Account Console IT	2023-05-13T02:34:15.8719377Z -- 	at org.jboss.arquillian.core.impl.ObserverImpl.invoke(ObserverImpl.java:86)
Account Console IT (chrome)	Run Account Console IT	2023-05-13T02:34:15.8719937Z -- 	at org.jboss.arquillian.core.impl.EventContextImpl.proceed(EventContextImpl.java:95)
Account Console IT (chrome)	Run Account Console IT	2023-05-13T02:34:15.8720594Z -- 	at org.jboss.arquillian.test.impl.TestContextHandler.createTestContext(TestContextHandler.java:116)
Account Console IT (chrome)	Run Account Console IT	2023-05-13T02:34:15.8721193Z -- 	at jdk.internal.reflect.GeneratedMethodAccessor7.invoke(Unknown Source)
Account Console IT (chrome)	Run Account Console IT	2023-05-13T02:34:15.8721808Z -- 	at java.base/jdk.internal.reflect.DelegatingMethodAccessorImpl.invoke(DelegatingMethodAccessorImpl.java:43)
Account Console IT (chrome)	Run Account Console IT	2023-05-13T02:34:15.8722345Z -- 	at java.base/java.lang.reflect.Method.invoke(Method.java:568)
Account Console IT (chrome)	Run Account Console IT	2023-05-13T02:34:15.8722833Z -- 	at org.jboss.arquillian.core.impl.ObserverImpl.invoke(ObserverImpl.java:86)
Account Console IT (chrome)	Run Account Console IT	2023-05-13T02:34:15.8723389Z -- 	at org.jboss.arquillian.core.impl.EventContextImpl.proceed(EventContextImpl.java:95)
Account Console IT (chrome)	Run Account Console IT	2023-05-13T02:34:15.8724029Z -- 	at org.jboss.arquillian.test.impl.TestContextHandler.createClassContext(TestContextHandler.java:83)
Account Console IT (chrome)	Run Account Console IT	2023-05-13T02:34:15.8724633Z -- 	at jdk.internal.reflect.GeneratedMethodAccessor6.invoke(Unknown Source)
Account Console IT (chrome)	Run Account Console IT	2023-05-13T02:34:15.8725255Z -- 	at java.base/jdk.internal.reflect.DelegatingMethodAccessorImpl.invoke(DelegatingMethodAccessorImpl.java:43)
Account Console IT (chrome)	Run Account Console IT	2023-05-13T02:34:15.8725794Z -- 	at java.base/java.lang.reflect.Method.invoke(Method.java:568)
Account Console IT (chrome)	Run Account Console IT	2023-05-13T02:34:15.8726291Z -- 	at org.jboss.arquillian.core.impl.ObserverImpl.invoke(ObserverImpl.java:86)
Account Console IT (chrome)	Run Account Console IT	2023-05-13T02:34:15.8726850Z -- 	at org.jboss.arquillian.core.impl.EventContextImpl.proceed(EventContextImpl.java:95)
Account Console IT (chrome)	Run Account Console IT	2023-05-13T02:34:15.8727487Z -- 	at org.jboss.arquillian.test.impl.TestContextHandler.createSuiteContext(TestContextHandler.java:69)
Account Console IT (chrome)	Run Account Console IT	2023-05-13T02:34:15.8728182Z -- 	at jdk.internal.reflect.GeneratedMethodAccessor5.invoke(Unknown Source)
Account Console IT (chrome)	Run Account Console IT	2023-05-13T02:34:15.8728794Z -- 	at java.base/jdk.internal.reflect.DelegatingMethodAccessorImpl.invoke(DelegatingMethodAccessorImpl.java:43)
Account Console IT (chrome)	Run Account Console IT	2023-05-13T02:34:15.8729331Z -- 	at java.base/java.lang.reflect.Method.invoke(Method.java:568)
Account Console IT (chrome)	Run Account Console IT	2023-05-13T02:34:15.8729816Z -- 	at org.jboss.arquillian.core.impl.ObserverImpl.invoke(ObserverImpl.java:86)
Account Console IT (chrome)	Run Account Console IT	2023-05-13T02:34:15.8730375Z -- 	at org.jboss.arquillian.core.impl.EventContextImpl.proceed(EventContextImpl.java:95)
Account Console IT (chrome)	Run Account Console IT	2023-05-13T02:34:15.8730926Z -- 	at org.jboss.arquillian.core.impl.ManagerImpl.fire(ManagerImpl.java:133)
Account Console IT (chrome)	Run Account Console IT	2023-05-13T02:34:15.8731522Z -- 	at org.jboss.arquillian.test.impl.EventTestRunnerAdaptor.test(EventTestRunnerAdaptor.java:139)
Account Console IT (chrome)	Run Account Console IT	2023-05-13T02:34:15.8732105Z -- 	at org.jboss.arquillian.junit.MethodInvoker.invoke(MethodInvoker.java:15)
Account Console IT (chrome)	Run Account Console IT	2023-05-13T02:34:15.8732614Z -- 	at org.jboss.arquillian.junit.Arquillian$8.evaluate(Arquillian.java:332)
Account Console IT (chrome)	Run Account Console IT	2023-05-13T02:34:15.8733875Z -- 	at org.jboss.arquillian.junit.Arquillian$4.evaluate(Arquillian.java:204)
Account Console IT (chrome)	Run Account Console IT	2023-05-13T02:34:15.8734379Z -- 	at org.jboss.arquillian.junit.Arquillian.multiExecute(Arquillian.java:350)
Account Console IT (chrome)	Run Account Console IT	2023-05-13T02:34:15.8734902Z -- 	at org.jboss.arquillian.junit.Arquillian.access$200(Arquillian.java:54)
Account Console IT (chrome)	Run Account Console IT	2023-05-13T02:34:15.8735394Z -- 	at org.jboss.arquillian.junit.Arquillian$5.evaluate(Arquillian.java:215)
Account Console IT (chrome)	Run Account Console IT	2023-05-13T02:34:15.8735866Z -- 	at org.jboss.arquillian.junit.Arquillian$7$1.invoke(Arquillian.java:279)
Account Console IT (chrome)	Run Account Console IT	2023-05-13T02:34:15.8736687Z -- 	at org.jboss.arquillian.container.test.impl.execution.ClientBeforeAfterLifecycleEventExecuter.execute(ClientBeforeAfterLifecycleEventExecuter.java:88)
Account Console IT (chrome)	Run Account Console IT	2023-05-13T02:34:15.8737744Z -- 	at org.jboss.arquillian.container.test.impl.execution.ClientBeforeAfterLifecycleEventExecuter.on(ClientBeforeAfterLifecycleEventExecuter.java:66)
Account Console IT (chrome)	Run Account Console IT	2023-05-13T02:34:15.8738498Z -- 	at jdk.internal.reflect.GeneratedMethodAccessor15.invoke(Unknown Source)
Account Console IT (chrome)	Run Account Console IT	2023-05-13T02:34:15.8739151Z -- 	at java.base/jdk.internal.reflect.DelegatingMethodAccessorImpl.invoke(DelegatingMethodAccessorImpl.java:43)
Account Console IT (chrome)	Run Account Console IT	2023-05-13T02:34:15.8739706Z -- 	at java.base/java.lang.reflect.Method.invoke(Method.java:568)
Account Console IT (chrome)	Run Account Console IT	2023-05-13T02:34:15.8740199Z -- 	at org.jboss.arquillian.core.impl.ObserverImpl.invoke(ObserverImpl.java:86)
Account Console IT (chrome)	Run Account Console IT	2023-05-13T02:34:15.8740794Z -- 	at org.jboss.arquillian.core.impl.EventContextImpl.invokeObservers(EventContextImpl.java:103)
Account Console IT (chrome)	Run Account Console IT	2023-05-13T02:34:15.8741410Z -- 	at org.jboss.arquillian.core.impl.EventContextImpl.proceed(EventContextImpl.java:90)
Account Console IT (chrome)	Run Account Console IT	2023-05-13T02:34:15.8742165Z -- 	at org.jboss.arquillian.container.test.impl.client.ContainerEventController.createContext(ContainerEventController.java:128)
Account Console IT (chrome)	Run Account Console IT	2023-05-13T02:34:15.8743070Z -- 	at org.jboss.arquillian.container.test.impl.client.ContainerEventController.createBeforeContext(ContainerEventController.java:114)
Account Console IT (chrome)	Run Account Console IT	2023-05-13T02:34:15.8743778Z -- 	at jdk.internal.reflect.GeneratedMethodAccessor12.invoke(Unknown Source)
Account Console IT (chrome)	Run Account Console IT	2023-05-13T02:34:15.8744419Z -- 	at java.base/jdk.internal.reflect.DelegatingMethodAccessorImpl.invoke(DelegatingMethodAccessorImpl.java:43)
Account Console IT (chrome)	Run Account Console IT	2023-05-13T02:34:15.8744965Z -- 	at java.base/java.lang.reflect.Method.invoke(Method.java:568)
Account Console IT (chrome)	Run Account Console IT	2023-05-13T02:34:15.8745462Z -- 	at org.jboss.arquillian.core.impl.ObserverImpl.invoke(ObserverImpl.java:86)
Account Console IT (chrome)	Run Account Console IT	2023-05-13T02:34:15.8746028Z -- 	at org.jboss.arquillian.core.impl.EventContextImpl.proceed(EventContextImpl.java:95)
Account Console IT (chrome)	Run Account Console IT	2023-05-13T02:34:15.8746687Z -- 	at org.jboss.arquillian.test.impl.TestContextHandler.createTestContext(TestContextHandler.java:116)
Account Console IT (chrome)	Run Account Console IT	2023-05-13T02:34:15.8747288Z -- 	at jdk.internal.reflect.GeneratedMethodAccessor7.invoke(Unknown Source)
Account Console IT (chrome)	Run Account Console IT	2023-05-13T02:34:15.8747915Z -- 	at java.base/jdk.internal.reflect.DelegatingMethodAccessorImpl.invoke(DelegatingMethodAccessorImpl.java:43)
Account Console IT (chrome)	Run Account Console IT	2023-05-13T02:34:15.8748457Z -- 	at java.base/java.lang.reflect.Method.invoke(Method.java:568)
Account Console IT (chrome)	Run Account Console IT	2023-05-13T02:34:15.8748937Z -- 	at org.jboss.arquillian.core.impl.ObserverImpl.invoke(ObserverImpl.java:86)
Account Console IT (chrome)	Run Account Console IT	2023-05-13T02:34:15.8749603Z -- 	at org.jboss.arquillian.core.impl.EventContextImpl.proceed(EventContextImpl.java:95)
Account Console IT (chrome)	Run Account Console IT	2023-05-13T02:34:15.8750253Z -- 	at org.jboss.arquillian.test.impl.TestContextHandler.createClassContext(TestContextHandler.java:83)
Account Console IT (chrome)	Run Account Console IT	2023-05-13T02:34:15.8750850Z -- 	at jdk.internal.reflect.GeneratedMethodAccessor6.invoke(Unknown Source)
Account Console IT (chrome)	Run Account Console IT	2023-05-13T02:34:15.8760213Z -- 	at java.base/jdk.internal.reflect.DelegatingMethodAccessorImpl.invoke(DelegatingMethodAccessorImpl.java:43)
Account Console IT (chrome)	Run Account Console IT	2023-05-13T02:34:15.8760850Z -- 	at java.base/java.lang.reflect.Method.invoke(Method.java:568)
Account Console IT (chrome)	Run Account Console IT	2023-05-13T02:34:15.8761344Z -- 	at org.jboss.arquillian.core.impl.ObserverImpl.invoke(ObserverImpl.java:86)
Account Console IT (chrome)	Run Account Console IT	2023-05-13T02:34:15.8761910Z -- 	at org.jboss.arquillian.core.impl.EventContextImpl.proceed(EventContextImpl.java:95)
Account Console IT (chrome)	Run Account Console IT	2023-05-13T02:34:15.8762556Z -- 	at org.jboss.arquillian.test.impl.TestContextHandler.createSuiteContext(TestContextHandler.java:69)
Account Console IT (chrome)	Run Account Console IT	2023-05-13T02:34:15.8763349Z -- 	at jdk.internal.reflect.GeneratedMethodAccessor5.invoke(Unknown Source)
Account Console IT (chrome)	Run Account Console IT	2023-05-13T02:34:15.8763987Z -- 	at java.base/jdk.internal.reflect.DelegatingMethodAccessorImpl.invoke(DelegatingMethodAccessorImpl.java:43)
Account Console IT (chrome)	Run Account Console IT	2023-05-13T02:34:15.8764530Z -- 	at java.base/java.lang.reflect.Method.invoke(Method.java:568)
Account Console IT (chrome)	Run Account Console IT	2023-05-13T02:34:15.8765012Z -- 	at org.jboss.arquillian.core.impl.ObserverImpl.invoke(ObserverImpl.java:86)
Account Console IT (chrome)	Run Account Console IT	2023-05-13T02:34:15.8765573Z -- 	at org.jboss.arquillian.core.impl.EventContextImpl.proceed(EventContextImpl.java:95)
Account Console IT (chrome)	Run Account Console IT	2023-05-13T02:34:15.8766138Z -- 	at org.jboss.arquillian.core.impl.ManagerImpl.fire(ManagerImpl.java:133)
Account Console IT (chrome)	Run Account Console IT	2023-05-13T02:34:15.8766655Z -- 	at org.jboss.arquillian.core.impl.ManagerImpl.fire(ManagerImpl.java:105)
Account Console IT (chrome)	Run Account Console IT	2023-05-13T02:34:15.8767314Z -- 	at org.jboss.arquillian.test.impl.EventTestRunnerAdaptor.fireCustomLifecycle(EventTestRunnerAdaptor.java:159)
Account Console IT (chrome)	Run Account Console IT	2023-05-13T02:34:15.8767930Z -- 	at org.jboss.arquillian.junit.Arquillian$7.evaluate(Arquillian.java:273)
Account Console IT (chrome)	Run Account Console IT	2023-05-13T02:34:15.8768461Z -- 	at org.junit.runners.BlockJUnit4ClassRunner$1.evaluate(BlockJUnit4ClassRunner.java:100)
Account Console IT (chrome)	Run Account Console IT	2023-05-13T02:34:15.8768976Z -- 	at org.junit.runners.ParentRunner.runLeaf(ParentRunner.java:366)
Account Console IT (chrome)	Run Account Console IT	2023-05-13T02:34:15.8769523Z -- 	at org.junit.runners.BlockJUnit4ClassRunner.runChild(BlockJUnit4ClassRunner.java:103)
Account Console IT (chrome)	Run Account Console IT	2023-05-13T02:34:15.8770104Z -- 	at org.junit.runners.BlockJUnit4ClassRunner.runChild(BlockJUnit4ClassRunner.java:63)
Account Console IT (chrome)	Run Account Console IT	2023-05-13T02:34:15.8770611Z -- 	at org.junit.runners.ParentRunner$4.run(ParentRunner.java:331)
Account Console IT (chrome)	Run Account Console IT	2023-05-13T02:34:15.8771071Z -- 	at org.junit.runners.ParentRunner$1.schedule(ParentRunner.java:79)
Account Console IT (chrome)	Run Account Console IT	2023-05-13T02:34:15.8771554Z -- 	at org.junit.runners.ParentRunner.runChildren(ParentRunner.java:329)
Account Console IT (chrome)	Run Account Console IT	2023-05-13T02:34:15.8772053Z -- 	at org.junit.runners.ParentRunner.access$100(ParentRunner.java:66)
Account Console IT (chrome)	Run Account Console IT	2023-05-13T02:34:15.8772517Z -- 	at org.junit.runners.ParentRunner$2.evaluate(ParentRunner.java:293)
Account Console IT (chrome)	Run Account Console IT	2023-05-13T02:34:15.8773288Z -- 	at org.jboss.arquillian.junit.Arquillian$2.evaluate(Arquillian.java:166)
Account Console IT (chrome)	Run Account Console IT	2023-05-13T02:34:15.8773832Z -- 	at org.jboss.arquillian.junit.Arquillian.multiExecute(Arquillian.java:350)
Account Console IT (chrome)	Run Account Console IT	2023-05-13T02:34:15.8774346Z -- 	at org.jboss.arquillian.junit.Arquillian.access$200(Arquillian.java:54)
Account Console IT (chrome)	Run Account Console IT	2023-05-13T02:34:15.8774834Z -- 	at org.jboss.arquillian.junit.Arquillian$3.evaluate(Arquillian.java:177)
Account Console IT (chrome)	Run Account Console IT	2023-05-13T02:34:15.8775312Z -- 	at org.junit.rules.ExternalResource$1.evaluate(ExternalResource.java:54)
Account Console IT (chrome)	Run Account Console IT	2023-05-13T02:34:15.8775747Z -- 	at org.junit.rules.RunRules.evaluate(RunRules.java:20)
Account Console IT (chrome)	Run Account Console IT	2023-05-13T02:34:15.8776193Z -- 	at org.junit.runners.ParentRunner$3.evaluate(ParentRunner.java:306)
Account Console IT (chrome)	Run Account Console IT	2023-05-13T02:34:15.8776643Z -- 	at org.junit.runners.ParentRunner.run(ParentRunner.java:413)
Account Console IT (chrome)	Run Account Console IT	2023-05-13T02:34:15.8777150Z -- 	at org.jboss.arquillian.junit.Arquillian.run(Arquillian.java:115)
Account Console IT (chrome)	Run Account Console IT	2023-05-13T02:34:15.8777707Z -- 	at org.apache.maven.surefire.junit4.JUnit4Provider.execute(JUnit4Provider.java:377)
Account Console IT (chrome)	Run Account Console IT	2023-05-13T02:34:15.8778330Z -- 	at org.apache.maven.surefire.junit4.JUnit4Provider.executeWithRerun(JUnit4Provider.java:284)
Account Console IT (chrome)	Run Account Console IT	2023-05-13T02:34:15.8779121Z -- 	at org.apache.maven.surefire.junit4.JUnit4Provider.executeTestSet(JUnit4Provider.java:248)
Account Console IT (chrome)	Run Account Console IT	2023-05-13T02:34:15.8779717Z -- 	at org.apache.maven.surefire.junit4.JUnit4Provider.invoke(JUnit4Provider.java:167)
Account Console IT (chrome)	Run Account Console IT	2023-05-13T02:34:15.8780327Z -- 	at org.apache.maven.surefire.booter.ForkedBooter.runSuitesInProcess(ForkedBooter.java:456)
Account Console IT (chrome)	Run Account Console IT	2023-05-13T02:34:15.8780937Z -- 	at org.apache.maven.surefire.booter.ForkedBooter.execute(ForkedBooter.java:169)
Account Console IT (chrome)	Run Account Console IT	2023-05-13T02:34:15.8781491Z -- 	at org.apache.maven.surefire.booter.ForkedBooter.run(ForkedBooter.java:595)
Account Console IT (chrome)	Run Account Console IT	2023-05-13T02:34:15.8782024Z -- 	at org.apache.maven.surefire.booter.ForkedBooter.main(ForkedBooter.java:581)
Account Console IT (chrome)	Run Account Console IT	2023-05-13T02:34:15.8782365Z -- 
Account Console IT (chrome)	Run Account Console IT	2023-05-13T02:34:15.8782903Z -- [ERROR] org.keycloak.testsuite.ui.account2.InternationalizationTest.userAttributeTest  Time elapsed: 9.253 s  <<< FAILURE!
Account Console IT (chrome)	Run Account Console IT	2023-05-13T02:34:15.8783497Z -- org.junit.ComparisonFailure: expected:<[English]> but was:<[und]>
Account Console IT (chrome)	Run Account Console IT	2023-05-13T02:34:15.8784010Z -- 	at org.junit.Assert.assertEquals(Assert.java:117)
Account Console IT (chrome)	Run Account Console IT	2023-05-13T02:34:15.8784409Z -- 	at org.junit.Assert.assertEquals(Assert.java:146)
Account Console IT (chrome)	Run Account Console IT	2023-05-13T02:34:15.8785023Z -- 	at org.keycloak.testsuite.ui.account2.InternationalizationTest.userAttributeTest(InternationalizationTest.java:105)
Account Console IT (chrome)	Run Account Console IT	2023-05-13T02:34:15.8785699Z -- 	at java.base/jdk.internal.reflect.NativeMethodAccessorImpl.invoke0(Native Method)
Account Console IT (chrome)	Run Account Console IT	2023-05-13T02:34:15.8786310Z -- 	at java.base/jdk.internal.reflect.NativeMethodAccessorImpl.invoke(NativeMethodAccessorImpl.java:77)
Account Console IT (chrome)	Run Account Console IT	2023-05-13T02:34:15.8786984Z -- 	at java.base/jdk.internal.reflect.DelegatingMethodAccessorImpl.invoke(DelegatingMethodAccessorImpl.java:43)
Account Console IT (chrome)	Run Account Console IT	2023-05-13T02:34:15.8787532Z -- 	at java.base/java.lang.reflect.Method.invoke(Method.java:568)
Account Console IT (chrome)	Run Account Console IT	2023-05-13T02:34:15.8788040Z -- 	at org.junit.runners.model.FrameworkMethod$1.runReflectiveCall(FrameworkMethod.java:59)
Account Console IT (chrome)	Run Account Console IT	2023-05-13T02:34:15.8788617Z -- 	at org.junit.internal.runners.model.ReflectiveCallable.run(ReflectiveCallable.java:12)
Account Console IT (chrome)	Run Account Console IT	2023-05-13T02:34:15.8789228Z -- 	at org.junit.runners.model.FrameworkMethod.invokeExplosively(FrameworkMethod.java:56)
Account Console IT (chrome)	Run Account Console IT	2023-05-13T02:34:15.8789791Z -- 	at org.jboss.arquillian.junit.Arquillian$8$1.invokeMethod(Arquillian.java:325)
Account Console IT (chrome)	Run Account Console IT	2023-05-13T02:34:15.8790303Z -- 	at org.jboss.arquillian.junit.MethodInvoker$1.invoke(MethodInvoker.java:18)
Account Console IT (chrome)	Run Account Console IT	2023-05-13T02:34:15.8790955Z -- 	at org.jboss.arquillian.container.test.impl.execution.LocalTestExecuter.execute(LocalTestExecuter.java:57)
Account Console IT (chrome)	Run Account Console IT	2023-05-13T02:34:15.8791758Z -- 	at org.keycloak.testsuite.arquillian.ModelTestExecutor.execute(ModelTestExecutor.java:51)
Account Console IT (chrome)	Run Account Console IT	2023-05-13T02:34:15.8792338Z -- 	at jdk.internal.reflect.GeneratedMethodAccessor173.invoke(Unknown Source)
Account Console IT (chrome)	Run Account Console IT	2023-05-13T02:34:15.8792974Z -- 	at java.base/jdk.internal.reflect.DelegatingMethodAccessorImpl.invoke(DelegatingMethodAccessorImpl.java:43)
Account Console IT (chrome)	Run Account Console IT	2023-05-13T02:34:15.8793517Z -- 	at java.base/java.lang.reflect.Method.invoke(Method.java:568)
Account Console IT (chrome)	Run Account Console IT	2023-05-13T02:34:15.8794012Z -- 	at org.jboss.arquillian.core.impl.ObserverImpl.invoke(ObserverImpl.java:86)
Account Console IT (chrome)	Run Account Console IT	2023-05-13T02:34:15.8794621Z -- 	at org.jboss.arquillian.core.impl.EventContextImpl.invokeObservers(EventContextImpl.java:103)
Account Console IT (chrome)	Run Account Console IT	2023-05-13T02:34:15.8795241Z -- 	at org.jboss.arquillian.core.impl.EventContextImpl.proceed(EventContextImpl.java:90)
Account Console IT (chrome)	Run Account Console IT	2023-05-13T02:34:15.8795808Z -- 	at org.jboss.arquillian.core.impl.ManagerImpl.fire(ManagerImpl.java:133)
Account Console IT (chrome)	Run Account Console IT	2023-05-13T02:34:15.8796328Z -- 	at org.jboss.arquillian.core.impl.ManagerImpl.fire(ManagerImpl.java:105)
Account Console IT (chrome)	Run Account Console IT	2023-05-13T02:34:15.8796822Z -- 	at org.jboss.arquillian.core.impl.EventImpl.fire(EventImpl.java:62)
Account Console IT (chrome)	Run Account Console IT	2023-05-13T02:34:15.8797482Z -- 	at org.jboss.arquillian.container.test.impl.execution.ClientTestExecuter.execute(ClientTestExecuter.java:50)
Account Console IT (chrome)	Run Account Console IT	2023-05-13T02:34:15.8798120Z -- 	at jdk.internal.reflect.GeneratedMethodAccessor172.invoke(Unknown Source)
Account Console IT (chrome)	Run Account Console IT	2023-05-13T02:34:15.8798760Z -- 	at java.base/jdk.internal.reflect.DelegatingMethodAccessorImpl.invoke(DelegatingMethodAccessorImpl.java:43)
Account Console IT (chrome)	Run Account Console IT	2023-05-13T02:34:15.8799315Z -- 	at java.base/java.lang.reflect.Method.invoke(Method.java:568)
Account Console IT (chrome)	Run Account Console IT	2023-05-13T02:34:15.8799930Z -- 	at org.jboss.arquillian.core.impl.ObserverImpl.invoke(ObserverImpl.java:86)
Account Console IT (chrome)	Run Account Console IT	2023-05-13T02:34:15.8800529Z -- 	at org.jboss.arquillian.core.impl.EventContextImpl.invokeObservers(EventContextImpl.java:103)
Account Console IT (chrome)	Run Account Console IT	2023-05-13T02:34:15.8801142Z -- 	at org.jboss.arquillian.core.impl.EventContextImpl.proceed(EventContextImpl.java:90)
Account Console IT (chrome)	Run Account Console IT	2023-05-13T02:34:15.8801906Z -- 	at org.jboss.arquillian.container.test.impl.client.ContainerEventController.createContext(ContainerEventController.java:128)
Account Console IT (chrome)	Run Account Console IT	2023-05-13T02:34:15.8802809Z -- 	at org.jboss.arquillian.container.test.impl.client.ContainerEventController.createTestContext(ContainerEventController.java:118)
Account Console IT (chrome)	Run Account Console IT	2023-05-13T02:34:15.8803514Z -- 	at jdk.internal.reflect.GeneratedMethodAccessor171.invoke(Unknown Source)
Account Console IT (chrome)	Run Account Console IT	2023-05-13T02:34:15.8804147Z -- 	at java.base/jdk.internal.reflect.DelegatingMethodAccessorImpl.invoke(DelegatingMethodAccessorImpl.java:43)
Account Console IT (chrome)	Run Account Console IT	2023-05-13T02:34:15.8804805Z -- 	at java.base/java.lang.reflect.Method.invoke(Method.java:568)
Account Console IT (chrome)	Run Account Console IT	2023-05-13T02:34:15.8805296Z -- 	at org.jboss.arquillian.core.impl.ObserverImpl.invoke(ObserverImpl.java:86)
Account Console IT (chrome)	Run Account Console IT	2023-05-13T02:34:15.8805859Z -- 	at org.jboss.arquillian.core.impl.EventContextImpl.proceed(EventContextImpl.java:95)
Account Console IT (chrome)	Run Account Console IT	2023-05-13T02:34:15.8806503Z -- 	at org.jboss.arquillian.test.impl.TestContextHandler.createTestContext(TestContextHandler.java:116)
Account Console IT (chrome)	Run Account Console IT	2023-05-13T02:34:15.8807103Z -- 	at jdk.internal.reflect.GeneratedMethodAccessor7.invoke(Unknown Source)
Account Console IT (chrome)	Run Account Console IT	2023-05-13T02:34:15.8807724Z -- 	at java.base/jdk.internal.reflect.DelegatingMethodAccessorImpl.invoke(DelegatingMethodAccessorImpl.java:43)
Account Console IT (chrome)	Run Account Console IT	2023-05-13T02:34:15.8808282Z -- 	at java.base/java.lang.reflect.Method.invoke(Method.java:568)
Account Console IT (chrome)	Run Account Console IT	2023-05-13T02:34:15.8808763Z -- 	at org.jboss.arquillian.core.impl.ObserverImpl.invoke(ObserverImpl.java:86)
Account Console IT (chrome)	Run Account Console IT	2023-05-13T02:34:15.8809319Z -- 	at org.jboss.arquillian.core.impl.EventContextImpl.proceed(EventContextImpl.java:95)
Account Console IT (chrome)	Run Account Console IT	2023-05-13T02:34:15.8809962Z -- 	at org.jboss.arquillian.test.impl.TestContextHandler.createClassContext(TestContextHandler.java:83)
Account Console IT (chrome)	Run Account Console IT	2023-05-13T02:34:15.8810557Z -- 	at jdk.internal.reflect.GeneratedMethodAccessor6.invoke(Unknown Source)
Account Console IT (chrome)	Run Account Console IT	2023-05-13T02:34:15.8811171Z -- 	at java.base/jdk.internal.reflect.DelegatingMethodAccessorImpl.invoke(DelegatingMethodAccessorImpl.java:43)
Account Console IT (chrome)	Run Account Console IT	2023-05-13T02:34:15.8811712Z -- 	at java.base/java.lang.reflect.Method.invoke(Method.java:568)
Account Console IT (chrome)	Run Account Console IT	2023-05-13T02:34:15.8812191Z -- 	at org.jboss.arquillian.core.impl.ObserverImpl.invoke(ObserverImpl.java:86)
Account Console IT (chrome)	Run Account Console IT	2023-05-13T02:34:15.8812749Z -- 	at org.jboss.arquillian.core.impl.EventContextImpl.proceed(EventContextImpl.java:95)
Account Console IT (chrome)	Run Account Console IT	2023-05-13T02:34:15.8813390Z -- 	at org.jboss.arquillian.test.impl.TestContextHandler.createSuiteContext(TestContextHandler.java:69)
Account Console IT (chrome)	Run Account Console IT	2023-05-13T02:34:15.8813977Z -- 	at jdk.internal.reflect.GeneratedMethodAccessor5.invoke(Unknown Source)
Account Console IT (chrome)	Run Account Console IT	2023-05-13T02:34:15.8814588Z -- 	at java.base/jdk.internal.reflect.DelegatingMethodAccessorImpl.invoke(DelegatingMethodAccessorImpl.java:43)
Account Console IT (chrome)	Run Account Console IT	2023-05-13T02:34:15.8815123Z -- 	at java.base/java.lang.reflect.Method.invoke(Method.java:568)
Account Console IT (chrome)	Run Account Console IT	2023-05-13T02:34:15.8815595Z -- 	at org.jboss.arquillian.core.impl.ObserverImpl.invoke(ObserverImpl.java:86)
Account Console IT (chrome)	Run Account Console IT	2023-05-13T02:34:15.8816141Z -- 	at org.jboss.arquillian.core.impl.EventContextImpl.proceed(EventContextImpl.java:95)
Account Console IT (chrome)	Run Account Console IT	2023-05-13T02:34:15.8816687Z -- 	at org.jboss.arquillian.core.impl.ManagerImpl.fire(ManagerImpl.java:133)
Account Console IT (chrome)	Run Account Console IT	2023-05-13T02:34:15.8817279Z -- 	at org.jboss.arquillian.test.impl.EventTestRunnerAdaptor.test(EventTestRunnerAdaptor.java:139)
Account Console IT (chrome)	Run Account Console IT	2023-05-13T02:34:15.8817861Z -- 	at org.jboss.arquillian.junit.MethodInvoker.invoke(MethodInvoker.java:15)
Account Console IT (chrome)	Run Account Console IT	2023-05-13T02:34:15.8818360Z -- 	at org.jboss.arquillian.junit.Arquillian$8.evaluate(Arquillian.java:332)
Account Console IT (chrome)	Run Account Console IT	2023-05-13T02:34:15.8818841Z -- 	at org.jboss.arquillian.junit.Arquillian$4.evaluate(Arquillian.java:204)
Account Console IT (chrome)	Run Account Console IT	2023-05-13T02:34:15.8819353Z -- 	at org.jboss.arquillian.junit.Arquillian.multiExecute(Arquillian.java:350)
Account Console IT (chrome)	Run Account Console IT	2023-05-13T02:34:15.8819868Z -- 	at org.jboss.arquillian.junit.Arquillian.access$200(Arquillian.java:54)
Account Console IT (chrome)	Run Account Console IT	2023-05-13T02:34:15.8820451Z -- 	at org.jboss.arquillian.junit.Arquillian$5.evaluate(Arquillian.java:215)
Account Console IT (chrome)	Run Account Console IT	2023-05-13T02:34:15.8820928Z -- 	at org.jboss.arquillian.junit.Arquillian$7$1.invoke(Arquillian.java:279)
Account Console IT (chrome)	Run Account Console IT	2023-05-13T02:34:15.8821735Z -- 	at org.jboss.arquillian.container.test.impl.execution.ClientBeforeAfterLifecycleEventExecuter.execute(ClientBeforeAfterLifecycleEventExecuter.java:88)
Account Console IT (chrome)	Run Account Console IT	2023-05-13T02:34:15.8822787Z -- 	at org.jboss.arquillian.container.test.impl.execution.ClientBeforeAfterLifecycleEventExecuter.on(ClientBeforeAfterLifecycleEventExecuter.java:66)
Account Console IT (chrome)	Run Account Console IT	2023-05-13T02:34:15.8823534Z -- 	at jdk.internal.reflect.GeneratedMethodAccessor15.invoke(Unknown Source)
Account Console IT (chrome)	Run Account Console IT	2023-05-13T02:34:15.8824146Z -- 	at java.base/jdk.internal.reflect.DelegatingMethodAccessorImpl.invoke(DelegatingMethodAccessorImpl.java:43)
Account Console IT (chrome)	Run Account Console IT	2023-05-13T02:34:15.8824691Z -- 	at java.base/java.lang.reflect.Method.invoke(Method.java:568)
Account Console IT (chrome)	Run Account Console IT	2023-05-13T02:34:15.8825275Z -- 	at org.jboss.arquillian.core.impl.ObserverImpl.invoke(ObserverImpl.java:86)
Account Console IT (chrome)	Run Account Console IT	2023-05-13T02:34:15.8825894Z -- 	at org.jboss.arquillian.core.impl.EventContextImpl.invokeObservers(EventContextImpl.java:103)
Account Console IT (chrome)	Run Account Console IT	2023-05-13T02:34:15.8826522Z -- 	at org.jboss.arquillian.core.impl.EventContextImpl.proceed(EventContextImpl.java:90)
Account Console IT (chrome)	Run Account Console IT	2023-05-13T02:34:15.8827267Z -- 	at org.jboss.arquillian.container.test.impl.client.ContainerEventController.createContext(ContainerEventController.java:128)
Account Console IT (chrome)	Run Account Console IT	2023-05-13T02:34:15.8828174Z -- 	at org.jboss.arquillian.container.test.impl.client.ContainerEventController.createBeforeContext(ContainerEventController.java:114)
Account Console IT (chrome)	Run Account Console IT	2023-05-13T02:34:15.8828887Z -- 	at jdk.internal.reflect.GeneratedMethodAccessor12.invoke(Unknown Source)
Account Console IT (chrome)	Run Account Console IT	2023-05-13T02:34:15.8829517Z -- 	at java.base/jdk.internal.reflect.DelegatingMethodAccessorImpl.invoke(DelegatingMethodAccessorImpl.java:43)
Account Console IT (chrome)	Run Account Console IT	2023-05-13T02:34:15.8830065Z -- 	at java.base/java.lang.reflect.Method.invoke(Method.java:568)
Account Console IT (chrome)	Run Account Console IT	2023-05-13T02:34:15.8830558Z -- 	at org.jboss.arquillian.core.impl.ObserverImpl.invoke(ObserverImpl.java:86)
Account Console IT (chrome)	Run Account Console IT	2023-05-13T02:34:15.8831120Z -- 	at org.jboss.arquillian.core.impl.EventContextImpl.proceed(EventContextImpl.java:95)
Account Console IT (chrome)	Run Account Console IT	2023-05-13T02:34:15.8831951Z -- 	at org.jboss.arquillian.test.impl.TestContextHandler.createTestContext(TestContextHandler.java:116)
Account Console IT (chrome)	Run Account Console IT	2023-05-13T02:34:15.8832550Z -- 	at jdk.internal.reflect.GeneratedMethodAccessor7.invoke(Unknown Source)
Account Console IT (chrome)	Run Account Console IT	2023-05-13T02:34:15.8833178Z -- 	at java.base/jdk.internal.reflect.DelegatingMethodAccessorImpl.invoke(DelegatingMethodAccessorImpl.java:43)
Account Console IT (chrome)	Run Account Console IT	2023-05-13T02:34:15.8833713Z -- 	at java.base/java.lang.reflect.Method.invoke(Method.java:568)
Account Console IT (chrome)	Run Account Console IT	2023-05-13T02:34:15.8834195Z -- 	at org.jboss.arquillian.core.impl.ObserverImpl.invoke(ObserverImpl.java:86)
Account Console IT (chrome)	Run Account Console IT	2023-05-13T02:34:15.8834755Z -- 	at org.jboss.arquillian.core.impl.EventContextImpl.proceed(EventContextImpl.java:95)
Account Console IT (chrome)	Run Account Console IT	2023-05-13T02:34:15.8835398Z -- 	at org.jboss.arquillian.test.impl.TestContextHandler.createClassContext(TestContextHandler.java:83)
Account Console IT (chrome)	Run Account Console IT	2023-05-13T02:34:15.8836006Z -- 	at jdk.internal.reflect.GeneratedMethodAccessor6.invoke(Unknown Source)
Account Console IT (chrome)	Run Account Console IT	2023-05-13T02:34:15.8836620Z -- 	at java.base/jdk.internal.reflect.DelegatingMethodAccessorImpl.invoke(DelegatingMethodAccessorImpl.java:43)
Account Console IT (chrome)	Run Account Console IT	2023-05-13T02:34:15.8837176Z -- 	at java.base/java.lang.reflect.Method.invoke(Method.java:568)
Account Console IT (chrome)	Run Account Console IT	2023-05-13T02:34:15.8837675Z -- 	at org.jboss.arquillian.core.impl.ObserverImpl.invoke(ObserverImpl.java:86)
Account Console IT (chrome)	Run Account Console IT	2023-05-13T02:34:15.8838237Z -- 	at org.jboss.arquillian.core.impl.EventContextImpl.proceed(EventContextImpl.java:95)
Account Console IT (chrome)	Run Account Console IT	2023-05-13T02:34:15.8838873Z -- 	at org.jboss.arquillian.test.impl.TestContextHandler.createSuiteContext(TestContextHandler.java:69)
Account Console IT (chrome)	Run Account Console IT	2023-05-13T02:34:15.8839463Z -- 	at jdk.internal.reflect.GeneratedMethodAccessor5.invoke(Unknown Source)
Account Console IT (chrome)	Run Account Console IT	2023-05-13T02:34:15.8840070Z -- 	at java.base/jdk.internal.reflect.DelegatingMethodAccessorImpl.invoke(DelegatingMethodAccessorImpl.java:43)
Account Console IT (chrome)	Run Account Console IT	2023-05-13T02:34:15.8840611Z -- 	at java.base/java.lang.reflect.Method.invoke(Method.java:568)
Account Console IT (chrome)	Run Account Console IT	2023-05-13T02:34:15.8841205Z -- 	at org.jboss.arquillian.core.impl.ObserverImpl.invoke(ObserverImpl.java:86)
Account Console IT (chrome)	Run Account Console IT	2023-05-13T02:34:15.8841758Z -- 	at org.jboss.arquillian.core.impl.EventContextImpl.proceed(EventContextImpl.java:95)
Account Console IT (chrome)	Run Account Console IT	2023-05-13T02:34:15.8842308Z -- 	at org.jboss.arquillian.core.impl.ManagerImpl.fire(ManagerImpl.java:133)
Account Console IT (chrome)	Run Account Console IT	2023-05-13T02:34:15.8842854Z -- 	at org.jboss.arquillian.core.impl.ManagerImpl.fire(ManagerImpl.java:105)
Account Console IT (chrome)	Run Account Console IT	2023-05-13T02:34:15.8843510Z -- 	at org.jboss.arquillian.test.impl.EventTestRunnerAdaptor.fireCustomLifecycle(EventTestRunnerAdaptor.java:159)
Account Console IT (chrome)	Run Account Console IT	2023-05-13T02:34:15.8844122Z -- 	at org.jboss.arquillian.junit.Arquillian$7.evaluate(Arquillian.java:273)
Account Console IT (chrome)	Run Account Console IT	2023-05-13T02:34:15.8844659Z -- 	at org.junit.runners.BlockJUnit4ClassRunner$1.evaluate(BlockJUnit4ClassRunner.java:100)
Account Console IT (chrome)	Run Account Console IT	2023-05-13T02:34:15.8845171Z -- 	at org.junit.runners.ParentRunner.runLeaf(ParentRunner.java:366)
Account Console IT (chrome)	Run Account Console IT	2023-05-13T02:34:15.8845708Z -- 	at org.junit.runners.BlockJUnit4ClassRunner.runChild(BlockJUnit4ClassRunner.java:103)
Account Console IT (chrome)	Run Account Console IT	2023-05-13T02:34:15.8846390Z -- 	at org.junit.runners.BlockJUnit4ClassRunner.runChild(BlockJUnit4ClassRunner.java:63)
Account Console IT (chrome)	Run Account Console IT	2023-05-13T02:34:15.8846889Z -- 	at org.junit.runners.ParentRunner$4.run(ParentRunner.java:331)
Account Console IT (chrome)	Run Account Console IT	2023-05-13T02:34:15.8847346Z -- 	at org.junit.runners.ParentRunner$1.schedule(ParentRunner.java:79)
Account Console IT (chrome)	Run Account Console IT	2023-05-13T02:34:15.8847824Z -- 	at org.junit.runners.ParentRunner.runChildren(ParentRunner.java:329)
Account Console IT (chrome)	Run Account Console IT	2023-05-13T02:34:15.8848305Z -- 	at org.junit.runners.ParentRunner.access$100(ParentRunner.java:66)
Account Console IT (chrome)	Run Account Console IT	2023-05-13T02:34:15.8848761Z -- 	at org.junit.runners.ParentRunner$2.evaluate(ParentRunner.java:293)
Account Console IT (chrome)	Run Account Console IT	2023-05-13T02:34:15.8849237Z -- 	at org.jboss.arquillian.junit.Arquillian$2.evaluate(Arquillian.java:166)
Account Console IT (chrome)	Run Account Console IT	2023-05-13T02:34:15.8849737Z -- 	at org.jboss.arquillian.junit.Arquillian.multiExecute(Arquillian.java:350)
Account Console IT (chrome)	Run Account Console IT	2023-05-13T02:34:15.8850245Z -- 	at org.jboss.arquillian.junit.Arquillian.access$200(Arquillian.java:54)
Account Console IT (chrome)	Run Account Console IT	2023-05-13T02:34:15.8850730Z -- 	at org.jboss.arquillian.junit.Arquillian$3.evaluate(Arquillian.java:177)
Account Console IT (chrome)	Run Account Console IT	2023-05-13T02:34:15.8851217Z -- 	at org.junit.rules.ExternalResource$1.evaluate(ExternalResource.java:54)
Account Console IT (chrome)	Run Account Console IT	2023-05-13T02:34:15.8851652Z -- 	at org.junit.rules.RunRules.evaluate(RunRules.java:20)
Account Console IT (chrome)	Run Account Console IT	2023-05-13T02:34:15.8852093Z -- 	at org.junit.runners.ParentRunner$3.evaluate(ParentRunner.java:306)
Account Console IT (chrome)	Run Account Console IT	2023-05-13T02:34:15.8852539Z -- 	at org.junit.runners.ParentRunner.run(ParentRunner.java:413)
Account Console IT (chrome)	Run Account Console IT	2023-05-13T02:34:15.8852999Z -- 	at org.jboss.arquillian.junit.Arquillian.run(Arquillian.java:115)
Account Console IT (chrome)	Run Account Console IT	2023-05-13T02:34:15.8853535Z -- 	at org.apache.maven.surefire.junit4.JUnit4Provider.execute(JUnit4Provider.java:377)
Account Console IT (chrome)	Run Account Console IT	2023-05-13T02:34:15.8854151Z -- 	at org.apache.maven.surefire.junit4.JUnit4Provider.executeWithRerun(JUnit4Provider.java:302)
Account Console IT (chrome)	Run Account Console IT	2023-05-13T02:34:15.8854791Z -- 	at org.apache.maven.surefire.junit4.JUnit4Provider.executeTestSet(JUnit4Provider.java:248)
Account Console IT (chrome)	Run Account Console IT	2023-05-13T02:34:15.8855389Z -- 	at org.apache.maven.surefire.junit4.JUnit4Provider.invoke(JUnit4Provider.java:167)
Account Console IT (chrome)	Run Account Console IT	2023-05-13T02:34:15.8856007Z -- 	at org.apache.maven.surefire.booter.ForkedBooter.runSuitesInProcess(ForkedBooter.java:456)
Account Console IT (chrome)	Run Account Console IT	2023-05-13T02:34:15.8856597Z -- 	at org.apache.maven.surefire.booter.ForkedBooter.execute(ForkedBooter.java:169)
Account Console IT (chrome)	Run Account Console IT	2023-05-13T02:34:15.8857137Z -- 	at org.apache.maven.surefire.booter.ForkedBooter.run(ForkedBooter.java:595)
Account Console IT (chrome)	Run Account Console IT	2023-05-13T02:34:15.8857669Z -- 	at org.apache.maven.surefire.booter.ForkedBooter.main(ForkedBooter.java:581)
Account Console IT (chrome)	Run Account Console IT	2023-05-13T02:34:15.8858002Z -- 
Account Console IT (chrome)	Run Account Console IT	2023-05-13T02:34:15.8858543Z -- [ERROR] org.keycloak.testsuite.ui.account2.InternationalizationTest.userAttributeTest  Time elapsed: 9.637 s  <<< FAILURE!
Account Console IT (chrome)	Run Account Console IT	2023-05-13T02:34:15.8859122Z -- org.junit.ComparisonFailure: expected:<[English]> but was:<[und]>
Account Console IT (chrome)	Run Account Console IT	2023-05-13T02:34:15.8859542Z -- 	at org.junit.Assert.assertEquals(Assert.java:117)
Account Console IT (chrome)	Run Account Console IT	2023-05-13T02:34:15.8859926Z -- 	at org.junit.Assert.assertEquals(Assert.java:146)
Account Console IT (chrome)	Run Account Console IT	2023-05-13T02:34:15.8860551Z -- 	at org.keycloak.testsuite.ui.account2.InternationalizationTest.userAttributeTest(InternationalizationTest.java:105)
Account Console IT (chrome)	Run Account Console IT	2023-05-13T02:34:15.8861313Z -- 	at java.base/jdk.internal.reflect.NativeMethodAccessorImpl.invoke0(Native Method)
Account Console IT (chrome)	Run Account Console IT	2023-05-13T02:34:15.8861930Z -- 	at java.base/jdk.internal.reflect.NativeMethodAccessorImpl.invoke(NativeMethodAccessorImpl.java:77)
Account Console IT (chrome)	Run Account Console IT	2023-05-13T02:34:15.8862601Z -- 	at java.base/jdk.internal.reflect.DelegatingMethodAccessorImpl.invoke(DelegatingMethodAccessorImpl.java:43)
Account Console IT (chrome)	Run Account Console IT	2023-05-13T02:34:15.8863147Z -- 	at java.base/java.lang.reflect.Method.invoke(Method.java:568)
Account Console IT (chrome)	Run Account Console IT	2023-05-13T02:34:15.8863652Z -- 	at org.junit.runners.model.FrameworkMethod$1.runReflectiveCall(FrameworkMethod.java:59)
Account Console IT (chrome)	Run Account Console IT	2023-05-13T02:34:15.8864227Z -- 	at org.junit.internal.runners.model.ReflectiveCallable.run(ReflectiveCallable.java:12)
Account Console IT (chrome)	Run Account Console IT	2023-05-13T02:34:15.8864826Z -- 	at org.junit.runners.model.FrameworkMethod.invokeExplosively(FrameworkMethod.java:56)
Account Console IT (chrome)	Run Account Console IT	2023-05-13T02:34:15.8865372Z -- 	at org.jboss.arquillian.junit.Arquillian$8$1.invokeMethod(Arquillian.java:325)
Account Console IT (chrome)	Run Account Console IT	2023-05-13T02:34:15.8865880Z -- 	at org.jboss.arquillian.junit.MethodInvoker$1.invoke(MethodInvoker.java:18)
Account Console IT (chrome)	Run Account Console IT	2023-05-13T02:34:15.8866644Z -- 	at org.jboss.arquillian.container.test.impl.execution.LocalTestExecuter.execute(LocalTestExecuter.java:57)
Account Console IT (chrome)	Run Account Console IT	2023-05-13T02:34:15.8867315Z -- 	at org.keycloak.testsuite.arquillian.ModelTestExecutor.execute(ModelTestExecutor.java:51)
Account Console IT (chrome)	Run Account Console IT	2023-05-13T02:34:15.8867902Z -- 	at jdk.internal.reflect.GeneratedMethodAccessor173.invoke(Unknown Source)
Account Console IT (chrome)	Run Account Console IT	2023-05-13T02:34:15.8868531Z -- 	at java.base/jdk.internal.reflect.DelegatingMethodAccessorImpl.invoke(DelegatingMethodAccessorImpl.java:43)
Account Console IT (chrome)	Run Account Console IT	2023-05-13T02:34:15.8869076Z -- 	at java.base/java.lang.reflect.Method.invoke(Method.java:568)
Account Console IT (chrome)	Run Account Console IT	2023-05-13T02:34:15.8869562Z -- 	at org.jboss.arquillian.core.impl.ObserverImpl.invoke(ObserverImpl.java:86)
Account Console IT (chrome)	Run Account Console IT	2023-05-13T02:34:15.8870159Z -- 	at org.jboss.arquillian.core.impl.EventContextImpl.invokeObservers(EventContextImpl.java:103)
Account Console IT (chrome)	Run Account Console IT	2023-05-13T02:34:15.8870775Z -- 	at org.jboss.arquillian.core.impl.EventContextImpl.proceed(EventContextImpl.java:90)
Account Console IT (chrome)	Run Account Console IT	2023-05-13T02:34:15.8871423Z -- 	at org.jboss.arquillian.core.impl.ManagerImpl.fire(ManagerImpl.java:133)
Account Console IT (chrome)	Run Account Console IT	2023-05-13T02:34:15.8871945Z -- 	at org.jboss.arquillian.core.impl.ManagerImpl.fire(ManagerImpl.java:105)
Account Console IT (chrome)	Run Account Console IT	2023-05-13T02:34:15.8872442Z -- 	at org.jboss.arquillian.core.impl.EventImpl.fire(EventImpl.java:62)
Account Console IT (chrome)	Run Account Console IT	2023-05-13T02:34:15.8873087Z -- 	at org.jboss.arquillian.container.test.impl.execution.ClientTestExecuter.execute(ClientTestExecuter.java:50)
Account Console IT (chrome)	Run Account Console IT	2023-05-13T02:34:15.8873732Z -- 	at jdk.internal.reflect.GeneratedMethodAccessor172.invoke(Unknown Source)
Account Console IT (chrome)	Run Account Console IT	2023-05-13T02:34:15.8874371Z -- 	at java.base/jdk.internal.reflect.DelegatingMethodAccessorImpl.invoke(DelegatingMethodAccessorImpl.java:43)
Account Console IT (chrome)	Run Account Console IT	2023-05-13T02:34:15.8874911Z -- 	at java.base/java.lang.reflect.Method.invoke(Method.java:568)
Account Console IT (chrome)	Run Account Console IT	2023-05-13T02:34:15.8875402Z -- 	at org.jboss.arquillian.core.impl.ObserverImpl.invoke(ObserverImpl.java:86)
Account Console IT (chrome)	Run Account Console IT	2023-05-13T02:34:15.8876001Z -- 	at org.jboss.arquillian.core.impl.EventContextImpl.invokeObservers(EventContextImpl.java:103)
Account Console IT (chrome)	Run Account Console IT	2023-05-13T02:34:15.8876626Z -- 	at org.jboss.arquillian.core.impl.EventContextImpl.proceed(EventContextImpl.java:90)
Account Console IT (chrome)	Run Account Console IT	2023-05-13T02:34:15.8877409Z -- 	at org.jboss.arquillian.container.test.impl.client.ContainerEventController.createContext(ContainerEventController.java:128)
Account Console IT (chrome)	Run Account Console IT	2023-05-13T02:34:15.8878307Z -- 	at org.jboss.arquillian.container.test.impl.client.ContainerEventController.createTestContext(ContainerEventController.java:118)
Account Console IT (chrome)	Run Account Console IT	2023-05-13T02:34:15.8879018Z -- 	at jdk.internal.reflect.GeneratedMethodAccessor171.invoke(Unknown Source)
Account Console IT (chrome)	Run Account Console IT	2023-05-13T02:34:15.8879636Z -- 	at java.base/jdk.internal.reflect.DelegatingMethodAccessorImpl.invoke(DelegatingMethodAccessorImpl.java:43)
Account Console IT (chrome)	Run Account Console IT	2023-05-13T02:34:15.8880188Z -- 	at java.base/java.lang.reflect.Method.invoke(Method.java:568)
Account Console IT (chrome)	Run Account Console IT	2023-05-13T02:34:15.8880676Z -- 	at org.jboss.arquillian.core.impl.ObserverImpl.invoke(ObserverImpl.java:86)
Account Console IT (chrome)	Run Account Console IT	2023-05-13T02:34:15.8881239Z -- 	at org.jboss.arquillian.core.impl.EventContextImpl.proceed(EventContextImpl.java:95)
Account Console IT (chrome)	Run Account Console IT	2023-05-13T02:34:15.8882010Z -- 	at org.jboss.arquillian.test.impl.TestContextHandler.createTestContext(TestContextHandler.java:116)
Account Console IT (chrome)	Run Account Console IT	2023-05-13T02:34:15.8882610Z -- 	at jdk.internal.reflect.GeneratedMethodAccessor7.invoke(Unknown Source)
Account Console IT (chrome)	Run Account Console IT	2023-05-13T02:34:15.8883238Z -- 	at java.base/jdk.internal.reflect.DelegatingMethodAccessorImpl.invoke(DelegatingMethodAccessorImpl.java:43)
Account Console IT (chrome)	Run Account Console IT	2023-05-13T02:34:15.8883774Z -- 	at java.base/java.lang.reflect.Method.invoke(Method.java:568)
Account Console IT (chrome)	Run Account Console IT	2023-05-13T02:34:15.8884254Z -- 	at org.jboss.arquillian.core.impl.ObserverImpl.invoke(ObserverImpl.java:86)
Account Console IT (chrome)	Run Account Console IT	2023-05-13T02:34:15.8884810Z -- 	at org.jboss.arquillian.core.impl.EventContextImpl.proceed(EventContextImpl.java:95)
Account Console IT (chrome)	Run Account Console IT	2023-05-13T02:34:15.8885458Z -- 	at org.jboss.arquillian.test.impl.TestContextHandler.createClassContext(TestContextHandler.java:83)
Account Console IT (chrome)	Run Account Console IT	2023-05-13T02:34:15.8886051Z -- 	at jdk.internal.reflect.GeneratedMethodAccessor6.invoke(Unknown Source)
Account Console IT (chrome)	Run Account Console IT	2023-05-13T02:34:15.8886665Z -- 	at java.base/jdk.internal.reflect.DelegatingMethodAccessorImpl.invoke(DelegatingMethodAccessorImpl.java:43)
Account Console IT (chrome)	Run Account Console IT	2023-05-13T02:34:15.8887298Z -- 	at java.base/java.lang.reflect.Method.invoke(Method.java:568)
Account Console IT (chrome)	Run Account Console IT	2023-05-13T02:34:15.8887775Z -- 	at org.jboss.arquillian.core.impl.ObserverImpl.invoke(ObserverImpl.java:86)
Account Console IT (chrome)	Run Account Console IT	2023-05-13T02:34:15.8888328Z -- 	at org.jboss.arquillian.core.impl.EventContextImpl.proceed(EventContextImpl.java:95)
Account Console IT (chrome)	Run Account Console IT	2023-05-13T02:34:15.8888965Z -- 	at org.jboss.arquillian.test.impl.TestContextHandler.createSuiteContext(TestContextHandler.java:69)
Account Console IT (chrome)	Run Account Console IT	2023-05-13T02:34:15.8889552Z -- 	at jdk.internal.reflect.GeneratedMethodAccessor5.invoke(Unknown Source)
Account Console IT (chrome)	Run Account Console IT	2023-05-13T02:34:15.8890471Z -- 	at java.base/jdk.internal.reflect.DelegatingMethodAccessorImpl.invoke(DelegatingMethodAccessorImpl.java:43)
Account Console IT (chrome)	Run Account Console IT	2023-05-13T02:34:15.8891024Z -- 	at java.base/java.lang.reflect.Method.invoke(Method.java:568)
Account Console IT (chrome)	Run Account Console IT	2023-05-13T02:34:15.8891505Z -- 	at org.jboss.arquillian.core.impl.ObserverImpl.invoke(ObserverImpl.java:86)
Account Console IT (chrome)	Run Account Console IT	2023-05-13T02:34:15.8892047Z -- 	at org.jboss.arquillian.core.impl.EventContextImpl.proceed(EventContextImpl.java:95)
Account Console IT (chrome)	Run Account Console IT	2023-05-13T02:34:15.8892609Z -- 	at org.jboss.arquillian.core.impl.ManagerImpl.fire(ManagerImpl.java:133)
Account Console IT (chrome)	Run Account Console IT	2023-05-13T02:34:15.8893199Z -- 	at org.jboss.arquillian.test.impl.EventTestRunnerAdaptor.test(EventTestRunnerAdaptor.java:139)
Account Console IT (chrome)	Run Account Console IT	2023-05-13T02:34:15.8893772Z -- 	at org.jboss.arquillian.junit.MethodInvoker.invoke(MethodInvoker.java:15)
Account Console IT (chrome)	Run Account Console IT	2023-05-13T02:34:15.8894272Z -- 	at org.jboss.arquillian.junit.Arquillian$8.evaluate(Arquillian.java:332)
Account Console IT (chrome)	Run Account Console IT	2023-05-13T02:34:15.8894750Z -- 	at org.jboss.arquillian.junit.Arquillian$4.evaluate(Arquillian.java:204)
Account Console IT (chrome)	Run Account Console IT	2023-05-13T02:34:15.8895245Z -- 	at org.jboss.arquillian.junit.Arquillian.multiExecute(Arquillian.java:350)
Account Console IT (chrome)	Run Account Console IT	2023-05-13T02:34:15.8895760Z -- 	at org.jboss.arquillian.junit.Arquillian.access$200(Arquillian.java:54)
Account Console IT (chrome)	Run Account Console IT	2023-05-13T02:34:15.8896246Z -- 	at org.jboss.arquillian.junit.Arquillian$5.evaluate(Arquillian.java:215)
Account Console IT (chrome)	Run Account Console IT	2023-05-13T02:34:15.8896724Z -- 	at org.jboss.arquillian.junit.Arquillian$7$1.invoke(Arquillian.java:279)
Account Console IT (chrome)	Run Account Console IT	2023-05-13T02:34:15.8897537Z -- 	at org.jboss.arquillian.container.test.impl.execution.ClientBeforeAfterLifecycleEventExecuter.execute(ClientBeforeAfterLifecycleEventExecuter.java:88)
Account Console IT (chrome)	Run Account Console IT	2023-05-13T02:34:15.8898589Z -- 	at org.jboss.arquillian.container.test.impl.execution.ClientBeforeAfterLifecycleEventExecuter.on(ClientBeforeAfterLifecycleEventExecuter.java:66)
Account Console IT (chrome)	Run Account Console IT	2023-05-13T02:34:15.8899333Z -- 	at jdk.internal.reflect.GeneratedMethodAccessor15.invoke(Unknown Source)
Account Console IT (chrome)	Run Account Console IT	2023-05-13T02:34:15.8899958Z -- 	at java.base/jdk.internal.reflect.DelegatingMethodAccessorImpl.invoke(DelegatingMethodAccessorImpl.java:43)
Account Console IT (chrome)	Run Account Console IT	2023-05-13T02:34:15.8900502Z -- 	at java.base/java.lang.reflect.Method.invoke(Method.java:568)
Account Console IT (chrome)	Run Account Console IT	2023-05-13T02:34:15.8900989Z -- 	at org.jboss.arquillian.core.impl.ObserverImpl.invoke(ObserverImpl.java:86)
Account Console IT (chrome)	Run Account Console IT	2023-05-13T02:34:15.8901589Z -- 	at org.jboss.arquillian.core.impl.EventContextImpl.invokeObservers(EventContextImpl.java:103)
Account Console IT (chrome)	Run Account Console IT	2023-05-13T02:34:15.8902206Z -- 	at org.jboss.arquillian.core.impl.EventContextImpl.proceed(EventContextImpl.java:90)
Account Console IT (chrome)	Run Account Console IT	2023-05-13T02:34:15.8903066Z -- 	at org.jboss.arquillian.container.test.impl.client.ContainerEventController.createContext(ContainerEventController.java:128)
Account Console IT (chrome)	Run Account Console IT	2023-05-13T02:34:15.8903973Z -- 	at org.jboss.arquillian.container.test.impl.client.ContainerEventController.createBeforeContext(ContainerEventController.java:114)
Account Console IT (chrome)	Run Account Console IT	2023-05-13T02:34:15.8904685Z -- 	at jdk.internal.reflect.GeneratedMethodAccessor12.invoke(Unknown Source)
Account Console IT (chrome)	Run Account Console IT	2023-05-13T02:34:15.8905305Z -- 	at java.base/jdk.internal.reflect.DelegatingMethodAccessorImpl.invoke(DelegatingMethodAccessorImpl.java:43)
Account Console IT (chrome)	Run Account Console IT	2023-05-13T02:34:15.8905850Z -- 	at java.base/java.lang.reflect.Method.invoke(Method.java:568)
Account Console IT (chrome)	Run Account Console IT	2023-05-13T02:34:15.8906331Z -- 	at org.jboss.arquillian.core.impl.ObserverImpl.invoke(ObserverImpl.java:86)
Account Console IT (chrome)	Run Account Console IT	2023-05-13T02:34:15.8906882Z -- 	at org.jboss.arquillian.core.impl.EventContextImpl.proceed(EventContextImpl.java:95)
Account Console IT (chrome)	Run Account Console IT	2023-05-13T02:34:15.8907533Z -- 	at org.jboss.arquillian.test.impl.TestContextHandler.createTestContext(TestContextHandler.java:116)
Account Console IT (chrome)	Run Account Console IT	2023-05-13T02:34:15.8908221Z -- 	at jdk.internal.reflect.GeneratedMethodAccessor7.invoke(Unknown Source)
Account Console IT (chrome)	Run Account Console IT	2023-05-13T02:34:15.8908832Z -- 	at java.base/jdk.internal.reflect.DelegatingMethodAccessorImpl.invoke(DelegatingMethodAccessorImpl.java:43)
Account Console IT (chrome)	Run Account Console IT	2023-05-13T02:34:15.8909372Z -- 	at java.base/java.lang.reflect.Method.invoke(Method.java:568)
Account Console IT (chrome)	Run Account Console IT	2023-05-13T02:34:15.8909858Z -- 	at org.jboss.arquillian.core.impl.ObserverImpl.invoke(ObserverImpl.java:86)
Account Console IT (chrome)	Run Account Console IT	2023-05-13T02:34:15.8910414Z -- 	at org.jboss.arquillian.core.impl.EventContextImpl.proceed(EventContextImpl.java:95)
Account Console IT (chrome)	Run Account Console IT	2023-05-13T02:34:15.8911052Z -- 	at org.jboss.arquillian.test.impl.TestContextHandler.createClassContext(TestContextHandler.java:83)
Account Console IT (chrome)	Run Account Console IT	2023-05-13T02:34:15.8911799Z -- 	at jdk.internal.reflect.GeneratedMethodAccessor6.invoke(Unknown Source)
Account Console IT (chrome)	Run Account Console IT	2023-05-13T02:34:15.8912415Z -- 	at java.base/jdk.internal.reflect.DelegatingMethodAccessorImpl.invoke(DelegatingMethodAccessorImpl.java:43)
Account Console IT (chrome)	Run Account Console IT	2023-05-13T02:34:15.8912954Z -- 	at java.base/java.lang.reflect.Method.invoke(Method.java:568)
Account Console IT (chrome)	Run Account Console IT	2023-05-13T02:34:15.8913442Z -- 	at org.jboss.arquillian.core.impl.ObserverImpl.invoke(ObserverImpl.java:86)
Account Console IT (chrome)	Run Account Console IT	2023-05-13T02:34:15.8913993Z -- 	at org.jboss.arquillian.core.impl.EventContextImpl.proceed(EventContextImpl.java:95)
Account Console IT (chrome)	Run Account Console IT	2023-05-13T02:34:15.8914633Z -- 	at org.jboss.arquillian.test.impl.TestContextHandler.createSuiteContext(TestContextHandler.java:69)
Account Console IT (chrome)	Run Account Console IT	2023-05-13T02:34:15.8915223Z -- 	at jdk.internal.reflect.GeneratedMethodAccessor5.invoke(Unknown Source)
Account Console IT (chrome)	Run Account Console IT	2023-05-13T02:34:15.8915837Z -- 	at java.base/jdk.internal.reflect.DelegatingMethodAccessorImpl.invoke(DelegatingMethodAccessorImpl.java:43)
Account Console IT (chrome)	Run Account Console IT	2023-05-13T02:34:15.8916378Z -- 	at java.base/java.lang.reflect.Method.invoke(Method.java:568)
Account Console IT (chrome)	Run Account Console IT	2023-05-13T02:34:15.8916857Z -- 	at org.jboss.arquillian.core.impl.ObserverImpl.invoke(ObserverImpl.java:86)
Account Console IT (chrome)	Run Account Console IT	2023-05-13T02:34:15.8917407Z -- 	at org.jboss.arquillian.core.impl.EventContextImpl.proceed(EventContextImpl.java:95)
Account Console IT (chrome)	Run Account Console IT	2023-05-13T02:34:15.8917956Z -- 	at org.jboss.arquillian.core.impl.ManagerImpl.fire(ManagerImpl.java:133)
Account Console IT (chrome)	Run Account Console IT	2023-05-13T02:34:15.8918476Z -- 	at org.jboss.arquillian.core.impl.ManagerImpl.fire(ManagerImpl.java:105)
Account Console IT (chrome)	Run Account Console IT	2023-05-13T02:34:15.8919133Z -- 	at org.jboss.arquillian.test.impl.EventTestRunnerAdaptor.fireCustomLifecycle(EventTestRunnerAdaptor.java:159)
Account Console IT (chrome)	Run Account Console IT	2023-05-13T02:34:15.8919754Z -- 	at org.jboss.arquillian.junit.Arquillian$7.evaluate(Arquillian.java:273)
Account Console IT (chrome)	Run Account Console IT	2023-05-13T02:34:15.8920280Z -- 	at org.junit.runners.BlockJUnit4ClassRunner$1.evaluate(BlockJUnit4ClassRunner.java:100)
Account Console IT (chrome)	Run Account Console IT	2023-05-13T02:34:15.8920787Z -- 	at org.junit.runners.ParentRunner.runLeaf(ParentRunner.java:366)
Account Console IT (chrome)	Run Account Console IT	2023-05-13T02:34:15.8921323Z -- 	at org.junit.runners.BlockJUnit4ClassRunner.runChild(BlockJUnit4ClassRunner.java:103)
Account Console IT (chrome)	Run Account Console IT	2023-05-13T02:34:15.8921900Z -- 	at org.junit.runners.BlockJUnit4ClassRunner.runChild(BlockJUnit4ClassRunner.java:63)
Account Console IT (chrome)	Run Account Console IT	2023-05-13T02:34:15.8922399Z -- 	at org.junit.runners.ParentRunner$4.run(ParentRunner.java:331)
Account Console IT (chrome)	Run Account Console IT	2023-05-13T02:34:15.8922858Z -- 	at org.junit.runners.ParentRunner$1.schedule(ParentRunner.java:79)
Account Console IT (chrome)	Run Account Console IT	2023-05-13T02:34:15.8923448Z -- 	at org.junit.runners.ParentRunner.runChildren(ParentRunner.java:329)
Account Console IT (chrome)	Run Account Console IT	2023-05-13T02:34:15.8923934Z -- 	at org.junit.runners.ParentRunner.access$100(ParentRunner.java:66)
Account Console IT (chrome)	Run Account Console IT	2023-05-13T02:34:15.8924390Z -- 	at org.junit.runners.ParentRunner$2.evaluate(ParentRunner.java:293)
Account Console IT (chrome)	Run Account Console IT	2023-05-13T02:34:15.8924858Z -- 	at org.jboss.arquillian.junit.Arquillian$2.evaluate(Arquillian.java:166)
Account Console IT (chrome)	Run Account Console IT	2023-05-13T02:34:15.8925374Z -- 	at org.jboss.arquillian.junit.Arquillian.multiExecute(Arquillian.java:350)
Account Console IT (chrome)	Run Account Console IT	2023-05-13T02:34:15.8925881Z -- 	at org.jboss.arquillian.junit.Arquillian.access$200(Arquillian.java:54)
Account Console IT (chrome)	Run Account Console IT	2023-05-13T02:34:15.8926364Z -- 	at org.jboss.arquillian.junit.Arquillian$3.evaluate(Arquillian.java:177)
Account Console IT (chrome)	Run Account Console IT	2023-05-13T02:34:15.8926840Z -- 	at org.junit.rules.ExternalResource$1.evaluate(ExternalResource.java:54)
Account Console IT (chrome)	Run Account Console IT	2023-05-13T02:34:15.8927281Z -- 	at org.junit.rules.RunRules.evaluate(RunRules.java:20)
Account Console IT (chrome)	Run Account Console IT	2023-05-13T02:34:15.8927732Z -- 	at org.junit.runners.ParentRunner$3.evaluate(ParentRunner.java:306)
Account Console IT (chrome)	Run Account Console IT	2023-05-13T02:34:15.8928282Z -- 	at org.junit.runners.ParentRunner.run(ParentRunner.java:413)
Account Console IT (chrome)	Run Account Console IT	2023-05-13T02:34:15.8928747Z -- 	at org.jboss.arquillian.junit.Arquillian.run(Arquillian.java:115)
Account Console IT (chrome)	Run Account Console IT	2023-05-13T02:34:15.8929280Z -- 	at org.apache.maven.surefire.junit4.JUnit4Provider.execute(JUnit4Provider.java:377)
Account Console IT (chrome)	Run Account Console IT	2023-05-13T02:34:15.8929899Z -- 	at org.apache.maven.surefire.junit4.JUnit4Provider.executeWithRerun(JUnit4Provider.java:302)
Account Console IT (chrome)	Run Account Console IT	2023-05-13T02:34:15.8930528Z -- 	at org.apache.maven.surefire.junit4.JUnit4Provider.executeTestSet(JUnit4Provider.java:248)
Account Console IT (chrome)	Run Account Console IT	2023-05-13T02:34:15.8931123Z -- 	at org.apache.maven.surefire.junit4.JUnit4Provider.invoke(JUnit4Provider.java:167)
Account Console IT (chrome)	Run Account Console IT	2023-05-13T02:34:15.8931728Z -- 	at org.apache.maven.surefire.booter.ForkedBooter.runSuitesInProcess(ForkedBooter.java:456)
Account Console IT (chrome)	Run Account Console IT	2023-05-13T02:34:15.8932325Z -- 	at org.apache.maven.surefire.booter.ForkedBooter.execute(ForkedBooter.java:169)
Account Console IT (chrome)	Run Account Console IT	2023-05-13T02:34:15.8932870Z -- 	at org.apache.maven.surefire.booter.ForkedBooter.run(ForkedBooter.java:595)
Account Console IT (chrome)	Run Account Console IT	2023-05-13T02:34:15.8933422Z -- 	at org.apache.maven.surefire.booter.ForkedBooter.main(ForkedBooter.java:581)
Account Console IT (chrome)	Run Account Console IT	2023-05-13T02:34:15.8933758Z -- 
Account Console IT (chrome)	Run Account Console IT	2023-05-13T02:34:15.8934060Z [INFO] Running org.keycloak.testsuite.ui.account2.LDAPAccountTest
Account Console IT (chrome)	Run Account Console IT	2023-05-13T02:34:18.1073537Z May 13, 2023 2:34:18 AM org.openqa.selenium.remote.DesiredCapabilities chrome
Account Console IT (chrome)	Run Account Console IT	2023-05-13T02:34:18.1079509Z INFO: Using `new ChromeOptions()` is preferred to `DesiredCapabilities.chrome()`
Account Console IT (chrome)	Run Account Console IT	2023-05-13T02:34:18.1079962Z May 13, 2023 2:34:18 AM org.openqa.selenium.remote.DesiredCapabilities chrome
Account Console IT (chrome)	Run Account Console IT	2023-05-13T02:34:18.1080530Z INFO: Using `new ChromeOptions()` is preferred to `DesiredCapabilities.chrome()`
Account Console IT (chrome)	Run Account Console IT	2023-05-13T02:34:18.1081395Z Starting ChromeDriver 113.0.5672.63 (0e1a4471d5ae5bf128b1bd8f4d627c8cbd55f70c-refs/branch-heads/5672@{#912}) on port 27754
Account Console IT (chrome)	Run Account Console IT	2023-05-13T02:34:18.1081850Z Only local connections are allowed.
Account Console IT (chrome)	Run Account Console IT	2023-05-13T02:34:18.1082415Z Please see https://chromedriver.chromium.org/security-considerations for suggestions on keeping ChromeDriver safe.
Account Console IT (chrome)	Run Account Console IT	2023-05-13T02:34:18.1082930Z ChromeDriver was started successfully.
Account Console IT (chrome)	Run Account Console IT	2023-05-13T02:34:18.2065904Z May 13, 2023 2:34:18 AM org.openqa.selenium.remote.ProtocolHandshake createSession
Account Console IT (chrome)	Run Account Console IT	2023-05-13T02:34:18.2081172Z INFO: Detected dialect: W3C
Account Console IT (chrome)	Run Account Console IT	2023-05-13T02:34:40.7645616Z [INFO] Tests run: 2, Failures: 0, Errors: 0, Skipped: 0, Time elapsed: 24.885 s - in org.keycloak.testsuite.ui.account2.LDAPAccountTest
Account Console IT (chrome)	Run Account Console IT	2023-05-13T02:34:40.7651261Z [INFO] Running org.keycloak.testsuite.ui.account2.LinkedAccountsTest
Account Console IT (chrome)	Run Account Console IT	2023-05-13T02:34:40.8578889Z May 13, 2023 2:34:40 AM org.openqa.selenium.remote.DesiredCapabilities chrome
Account Console IT (chrome)	Run Account Console IT	2023-05-13T02:34:40.8579627Z INFO: Using `new ChromeOptions()` is preferred to `DesiredCapabilities.chrome()`
Account Console IT (chrome)	Run Account Console IT	2023-05-13T02:34:40.8580151Z May 13, 2023 2:34:40 AM org.openqa.selenium.remote.DesiredCapabilities chrome
Account Console IT (chrome)	Run Account Console IT	2023-05-13T02:34:40.8580632Z INFO: Using `new ChromeOptions()` is preferred to `DesiredCapabilities.chrome()`
Account Console IT (chrome)	Run Account Console IT	2023-05-13T02:34:40.8581477Z Starting ChromeDriver 113.0.5672.63 (0e1a4471d5ae5bf128b1bd8f4d627c8cbd55f70c-refs/branch-heads/5672@{#912}) on port 20594
Account Console IT (chrome)	Run Account Console IT	2023-05-13T02:34:40.8582225Z Only local connections are allowed.
Account Console IT (chrome)	Run Account Console IT	2023-05-13T02:34:40.8582833Z Please see https://chromedriver.chromium.org/security-considerations for suggestions on keeping ChromeDriver safe.
Account Console IT (chrome)	Run Account Console IT	2023-05-13T02:34:40.8583317Z ChromeDriver was started successfully.
Account Console IT (chrome)	Run Account Console IT	2023-05-13T02:34:40.9580120Z May 13, 2023 2:34:40 AM org.openqa.selenium.remote.ProtocolHandshake createSession
Account Console IT (chrome)	Run Account Console IT	2023-05-13T02:34:40.9580985Z INFO: Detected dialect: W3C
Account Console IT (chrome)	Run Account Console IT	2023-05-13T02:35:35.1873265Z [INFO] Tests run: 3, Failures: 0, Errors: 0, Skipped: 0, Time elapsed: 54.365 s - in org.keycloak.testsuite.ui.account2.LinkedAccountsTest
Account Console IT (chrome)	Run Account Console IT	2023-05-13T02:35:35.1874180Z [INFO] Running org.keycloak.testsuite.ui.account2.MyResourcesTest
Account Console IT (chrome)	Run Account Console IT	2023-05-13T02:35:35.3273029Z May 13, 2023 2:35:35 AM org.openqa.selenium.remote.DesiredCapabilities chrome
Account Console IT (chrome)	Run Account Console IT	2023-05-13T02:35:35.3282849Z INFO: Using `new ChromeOptions()` is preferred to `DesiredCapabilities.chrome()`
Account Console IT (chrome)	Run Account Console IT	2023-05-13T02:35:35.3284044Z May 13, 2023 2:35:35 AM org.openqa.selenium.remote.DesiredCapabilities chrome
Account Console IT (chrome)	Run Account Console IT	2023-05-13T02:35:35.3285616Z INFO: Using `new ChromeOptions()` is preferred to `DesiredCapabilities.chrome()`
Account Console IT (chrome)	Run Account Console IT	2023-05-13T02:35:35.3286517Z Starting ChromeDriver 113.0.5672.63 (0e1a4471d5ae5bf128b1bd8f4d627c8cbd55f70c-refs/branch-heads/5672@{#912}) on port 5956
Account Console IT (chrome)	Run Account Console IT	2023-05-13T02:35:35.3287021Z Only local connections are allowed.
Account Console IT (chrome)	Run Account Console IT	2023-05-13T02:35:35.3430554Z Please see https://chromedriver.chromium.org/security-considerations for suggestions on keeping ChromeDriver safe.
Account Console IT (chrome)	Run Account Console IT	2023-05-13T02:35:35.3431061Z ChromeDriver was started successfully.
Account Console IT (chrome)	Run Account Console IT	2023-05-13T02:35:35.4203913Z May 13, 2023 2:35:35 AM org.openqa.selenium.remote.ProtocolHandshake createSession
Account Console IT (chrome)	Run Account Console IT	2023-05-13T02:35:35.4204359Z INFO: Detected dialect: W3C
Account Console IT (chrome)	Run Account Console IT	2023-05-13T02:37:22.0482049Z [INFO] Tests run: 9, Failures: 0, Errors: 0, Skipped: 0, Time elapsed: 106.808 s - in org.keycloak.testsuite.ui.account2.MyResourcesTest
Account Console IT (chrome)	Run Account Console IT	2023-05-13T02:37:22.0490449Z [INFO] Running org.keycloak.testsuite.ui.account2.PermissionsTest
Account Console IT (chrome)	Run Account Console IT	2023-05-13T02:37:22.1573637Z May 13, 2023 2:37:22 AM org.openqa.selenium.remote.DesiredCapabilities chrome
Account Console IT (chrome)	Run Account Console IT	2023-05-13T02:37:22.1574372Z INFO: Using `new ChromeOptions()` is preferred to `DesiredCapabilities.chrome()`
Account Console IT (chrome)	Run Account Console IT	2023-05-13T02:37:22.1574902Z May 13, 2023 2:37:22 AM org.openqa.selenium.remote.DesiredCapabilities chrome
Account Console IT (chrome)	Run Account Console IT	2023-05-13T02:37:22.1575409Z INFO: Using `new ChromeOptions()` is preferred to `DesiredCapabilities.chrome()`
Account Console IT (chrome)	Run Account Console IT	2023-05-13T02:37:22.1576248Z Starting ChromeDriver 113.0.5672.63 (0e1a4471d5ae5bf128b1bd8f4d627c8cbd55f70c-refs/branch-heads/5672@{#912}) on port 14662
Account Console IT (chrome)	Run Account Console IT	2023-05-13T02:37:22.1576679Z Only local connections are allowed.
Account Console IT (chrome)	Run Account Console IT	2023-05-13T02:37:22.1613580Z Please see https://chromedriver.chromium.org/security-considerations for suggestions on keeping ChromeDriver safe.
Account Console IT (chrome)	Run Account Console IT	2023-05-13T02:37:22.1614100Z ChromeDriver was started successfully.
Account Console IT (chrome)	Run Account Console IT	2023-05-13T02:37:22.3542058Z May 13, 2023 2:37:22 AM org.openqa.selenium.remote.ProtocolHandshake createSession
Account Console IT (chrome)	Run Account Console IT	2023-05-13T02:37:22.3543039Z INFO: Detected dialect: W3C
Account Console IT (chrome)	Run Account Console IT	2023-05-13T02:37:40.4234296Z [INFO] Tests run: 1, Failures: 0, Errors: 0, Skipped: 0, Time elapsed: 18.328 s - in org.keycloak.testsuite.ui.account2.PermissionsTest
Account Console IT (chrome)	Run Account Console IT	2023-05-13T02:37:40.4235206Z [INFO] Running org.keycloak.testsuite.ui.account2.PersonalInfoTest
Account Console IT (chrome)	Run Account Console IT	2023-05-13T02:37:40.5759142Z May 13, 2023 2:37:40 AM org.openqa.selenium.remote.DesiredCapabilities chrome
Account Console IT (chrome)	Run Account Console IT	2023-05-13T02:37:40.5792443Z INFO: Using `new ChromeOptions()` is preferred to `DesiredCapabilities.chrome()`
Account Console IT (chrome)	Run Account Console IT	2023-05-13T02:37:40.5792958Z May 13, 2023 2:37:40 AM org.openqa.selenium.remote.DesiredCapabilities chrome
Account Console IT (chrome)	Run Account Console IT	2023-05-13T02:37:40.5793524Z INFO: Using `new ChromeOptions()` is preferred to `DesiredCapabilities.chrome()`
Account Console IT (chrome)	Run Account Console IT	2023-05-13T02:37:40.5794439Z Starting ChromeDriver 113.0.5672.63 (0e1a4471d5ae5bf128b1bd8f4d627c8cbd55f70c-refs/branch-heads/5672@{#912}) on port 28369
Account Console IT (chrome)	Run Account Console IT	2023-05-13T02:37:40.5794909Z Only local connections are allowed.
Account Console IT (chrome)	Run Account Console IT	2023-05-13T02:37:40.5795563Z Please see https://chromedriver.chromium.org/security-considerations for suggestions on keeping ChromeDriver safe.
Account Console IT (chrome)	Run Account Console IT	2023-05-13T02:37:40.5796378Z ChromeDriver was started successfully.
Account Console IT (chrome)	Run Account Console IT	2023-05-13T02:37:40.6754535Z May 13, 2023 2:37:40 AM org.openqa.selenium.remote.ProtocolHandshake createSession
Account Console IT (chrome)	Run Account Console IT	2023-05-13T02:37:40.6755281Z INFO: Detected dialect: W3C
Account Console IT (chrome)	Run Account Console IT	2023-05-13T02:39:17.3691604Z [WARNING] Tests run: 9, Failures: 0, Errors: 0, Skipped: 1, Time elapsed: 96.871 s - in org.keycloak.testsuite.ui.account2.PersonalInfoTest
Account Console IT (chrome)	Run Account Console IT	2023-05-13T02:39:17.3699893Z [INFO] Running org.keycloak.testsuite.ui.account2.ReferrerTest
Account Console IT (chrome)	Run Account Console IT	2023-05-13T02:39:17.4973077Z May 13, 2023 2:39:17 AM org.openqa.selenium.remote.DesiredCapabilities chrome
Account Console IT (chrome)	Run Account Console IT	2023-05-13T02:39:17.4974955Z INFO: Using `new ChromeOptions()` is preferred to `DesiredCapabilities.chrome()`
Account Console IT (chrome)	Run Account Console IT	2023-05-13T02:39:17.4975570Z May 13, 2023 2:39:17 AM org.openqa.selenium.remote.DesiredCapabilities chrome
Account Console IT (chrome)	Run Account Console IT	2023-05-13T02:39:17.4976124Z INFO: Using `new ChromeOptions()` is preferred to `DesiredCapabilities.chrome()`
Account Console IT (chrome)	Run Account Console IT	2023-05-13T02:39:17.4977938Z Starting ChromeDriver 113.0.5672.63 (0e1a4471d5ae5bf128b1bd8f4d627c8cbd55f70c-refs/branch-heads/5672@{#912}) on port 31026
Account Console IT (chrome)	Run Account Console IT	2023-05-13T02:39:17.4978479Z Only local connections are allowed.
Account Console IT (chrome)	Run Account Console IT	2023-05-13T02:39:17.5001302Z Please see https://chromedriver.chromium.org/security-considerations for suggestions on keeping ChromeDriver safe.
Account Console IT (chrome)	Run Account Console IT	2023-05-13T02:39:17.5001789Z ChromeDriver was started successfully.
Account Console IT (chrome)	Run Account Console IT	2023-05-13T02:39:17.5968580Z May 13, 2023 2:39:17 AM org.openqa.selenium.remote.ProtocolHandshake createSession
Account Console IT (chrome)	Run Account Console IT	2023-05-13T02:39:17.5969345Z INFO: Detected dialect: W3C
Account Console IT (chrome)	Run Account Console IT	2023-05-13T02:41:04.5227340Z [INFO] Tests run: 8, Failures: 0, Errors: 0, Skipped: 0, Time elapsed: 107.105 s - in org.keycloak.testsuite.ui.account2.ReferrerTest
Account Console IT (chrome)	Run Account Console IT	2023-05-13T02:41:04.5244918Z [INFO] Running org.keycloak.testsuite.ui.account2.SessionTest
Account Console IT (chrome)	Run Account Console IT	2023-05-13T02:41:04.6219265Z May 13, 2023 2:41:04 AM org.openqa.selenium.remote.DesiredCapabilities chrome
Account Console IT (chrome)	Run Account Console IT	2023-05-13T02:41:04.6220158Z INFO: Using `new ChromeOptions()` is preferred to `DesiredCapabilities.chrome()`
Account Console IT (chrome)	Run Account Console IT	2023-05-13T02:41:04.6314663Z May 13, 2023 2:41:04 AM org.openqa.selenium.remote.DesiredCapabilities chrome
Account Console IT (chrome)	Run Account Console IT	2023-05-13T02:41:04.6315204Z INFO: Using `new ChromeOptions()` is preferred to `DesiredCapabilities.chrome()`
Account Console IT (chrome)	Run Account Console IT	2023-05-13T02:41:04.6315964Z Starting ChromeDriver 113.0.5672.63 (0e1a4471d5ae5bf128b1bd8f4d627c8cbd55f70c-refs/branch-heads/5672@{#912}) on port 6266
Account Console IT (chrome)	Run Account Console IT	2023-05-13T02:41:04.6316346Z Only local connections are allowed.
Account Console IT (chrome)	Run Account Console IT	2023-05-13T02:41:04.6316893Z Please see https://chromedriver.chromium.org/security-considerations for suggestions on keeping ChromeDriver safe.
Account Console IT (chrome)	Run Account Console IT	2023-05-13T02:41:04.6317319Z ChromeDriver was started successfully.
Account Console IT (chrome)	Run Account Console IT	2023-05-13T02:41:04.7212674Z May 13, 2023 2:41:04 AM org.openqa.selenium.remote.ProtocolHandshake createSession
Account Console IT (chrome)	Run Account Console IT	2023-05-13T02:41:04.7213492Z INFO: Detected dialect: W3C
Account Console IT (chrome)	Run Account Console IT	2023-05-13T02:46:04.3748871Z [INFO] Tests run: 4, Failures: 0, Errors: 0, Skipped: 0, Time elapsed: 299.804 s - in org.keycloak.testsuite.ui.account2.SessionTest
Account Console IT (chrome)	Run Account Console IT	2023-05-13T02:46:04.3757182Z [INFO] Running org.keycloak.testsuite.ui.account2.SigningInTest
Account Console IT (chrome)	Run Account Console IT	2023-05-13T02:46:04.5022025Z May 13, 2023 2:46:04 AM org.openqa.selenium.remote.DesiredCapabilities chrome
Account Console IT (chrome)	Run Account Console IT	2023-05-13T02:46:04.5022877Z INFO: Using `new ChromeOptions()` is preferred to `DesiredCapabilities.chrome()`
Account Console IT (chrome)	Run Account Console IT	2023-05-13T02:46:04.5023736Z May 13, 2023 2:46:04 AM org.openqa.selenium.remote.DesiredCapabilities chrome
Account Console IT (chrome)	Run Account Console IT	2023-05-13T02:46:04.5024306Z INFO: Using `new ChromeOptions()` is preferred to `DesiredCapabilities.chrome()`
Account Console IT (chrome)	Run Account Console IT	2023-05-13T02:46:04.5025108Z Starting ChromeDriver 113.0.5672.63 (0e1a4471d5ae5bf128b1bd8f4d627c8cbd55f70c-refs/branch-heads/5672@{#912}) on port 17436
Account Console IT (chrome)	Run Account Console IT	2023-05-13T02:46:04.5025484Z Only local connections are allowed.
Account Console IT (chrome)	Run Account Console IT	2023-05-13T02:46:04.5026020Z Please see https://chromedriver.chromium.org/security-considerations for suggestions on keeping ChromeDriver safe.
Account Console IT (chrome)	Run Account Console IT	2023-05-13T02:46:04.5026432Z ChromeDriver was started successfully.
Account Console IT (chrome)	Run Account Console IT	2023-05-13T02:46:04.6042903Z May 13, 2023 2:46:04 AM org.openqa.selenium.remote.ProtocolHandshake createSession
Account Console IT (chrome)	Run Account Console IT	2023-05-13T02:46:04.6046316Z INFO: Detected dialect: W3C
Account Console IT (chrome)	Run Account Console IT	2023-05-13T02:49:05.7064634Z [INFO] Tests run: 6, Failures: 0, Errors: 0, Skipped: 0, Time elapsed: 181.31 s - in org.keycloak.testsuite.ui.account2.SigningInTest
Account Console IT (chrome)	Run Account Console IT	2023-05-13T02:49:05.7076873Z [INFO] Running org.keycloak.testsuite.ui.account2.SmokeTest
Account Console IT (chrome)	Run Account Console IT	2023-05-13T02:49:05.8862469Z May 13, 2023 2:49:05 AM org.openqa.selenium.remote.DesiredCapabilities chrome
Account Console IT (chrome)	Run Account Console IT	2023-05-13T02:49:05.8863131Z INFO: Using `new ChromeOptions()` is preferred to `DesiredCapabilities.chrome()`
Account Console IT (chrome)	Run Account Console IT	2023-05-13T02:49:05.8863574Z May 13, 2023 2:49:05 AM org.openqa.selenium.remote.DesiredCapabilities chrome
Account Console IT (chrome)	Run Account Console IT	2023-05-13T02:49:05.8864069Z INFO: Using `new ChromeOptions()` is preferred to `DesiredCapabilities.chrome()`
Account Console IT (chrome)	Run Account Console IT	2023-05-13T02:49:05.8864874Z Starting ChromeDriver 113.0.5672.63 (0e1a4471d5ae5bf128b1bd8f4d627c8cbd55f70c-refs/branch-heads/5672@{#912}) on port 6883
Account Console IT (chrome)	Run Account Console IT	2023-05-13T02:49:05.8865310Z Only local connections are allowed.
Account Console IT (chrome)	Run Account Console IT	2023-05-13T02:49:05.8866253Z Please see https://chromedriver.chromium.org/security-considerations for suggestions on keeping ChromeDriver safe.
Account Console IT (chrome)	Run Account Console IT	2023-05-13T02:49:05.8866738Z ChromeDriver was started successfully.
Account Console IT (chrome)	Run Account Console IT	2023-05-13T02:49:05.8867209Z May 13, 2023 2:49:05 AM org.openqa.selenium.remote.ProtocolHandshake createSession
Account Console IT (chrome)	Run Account Console IT	2023-05-13T02:49:05.8867612Z INFO: Detected dialect: W3C
Account Console IT (chrome)	Run Account Console IT	2023-05-13T02:49:17.5756663Z [INFO] Tests run: 1, Failures: 0, Errors: 0, Skipped: 0, Time elapsed: 11.848 s - in org.keycloak.testsuite.ui.account2.SmokeTest
Account Console IT (chrome)	Run Account Console IT	2023-05-13T02:49:17.5757832Z [INFO] Running org.keycloak.testsuite.ui.account2.UpdateEmailTest
Account Console IT (chrome)	Run Account Console IT	2023-05-13T02:49:35.4715080Z May 13, 2023 2:49:35 AM org.openqa.selenium.remote.DesiredCapabilities chrome
Account Console IT (chrome)	Run Account Console IT	2023-05-13T02:49:35.4715615Z INFO: Using `new ChromeOptions()` is preferred to `DesiredCapabilities.chrome()`
Account Console IT (chrome)	Run Account Console IT	2023-05-13T02:49:35.4716043Z May 13, 2023 2:49:35 AM org.openqa.selenium.remote.DesiredCapabilities chrome
Account Console IT (chrome)	Run Account Console IT	2023-05-13T02:49:35.4716461Z INFO: Using `new ChromeOptions()` is preferred to `DesiredCapabilities.chrome()`
Account Console IT (chrome)	Run Account Console IT	2023-05-13T02:49:35.4717219Z Starting ChromeDriver 113.0.5672.63 (0e1a4471d5ae5bf128b1bd8f4d627c8cbd55f70c-refs/branch-heads/5672@{#912}) on port 23928
Account Console IT (chrome)	Run Account Console IT	2023-05-13T02:49:35.4717591Z Only local connections are allowed.
Account Console IT (chrome)	Run Account Console IT	2023-05-13T02:49:35.4718123Z Please see https://chromedriver.chromium.org/security-considerations for suggestions on keeping ChromeDriver safe.
Account Console IT (chrome)	Run Account Console IT	2023-05-13T02:49:35.4718530Z ChromeDriver was started successfully.
Account Console IT (chrome)	Run Account Console IT	2023-05-13T02:49:35.5704253Z May 13, 2023 2:49:35 AM org.openqa.selenium.remote.ProtocolHandshake createSession
Account Console IT (chrome)	Run Account Console IT	2023-05-13T02:49:35.5705071Z INFO: Detected dialect: W3C
Account Console IT (chrome)	Run Account Console IT	2023-05-13T02:51:16.3898239Z [INFO] Tests run: 7, Failures: 0, Errors: 0, Skipped: 0, Time elapsed: 118.781 s - in org.keycloak.testsuite.ui.account2.UpdateEmailTest
Account Console IT (chrome)	Run Account Console IT	2023-05-13T02:51:16.3905885Z [INFO] Running org.keycloak.testsuite.ui.account2.WelcomeScreenTest
Account Console IT (chrome)	Run Account Console IT	2023-05-13T02:51:17.0149860Z May 13, 2023 2:51:16 AM org.openqa.selenium.remote.DesiredCapabilities chrome
Account Console IT (chrome)	Run Account Console IT	2023-05-13T02:51:17.0150523Z INFO: Using `new ChromeOptions()` is preferred to `DesiredCapabilities.chrome()`
Account Console IT (chrome)	Run Account Console IT	2023-05-13T02:51:17.0151025Z May 13, 2023 2:51:16 AM org.openqa.selenium.remote.DesiredCapabilities chrome
Account Console IT (chrome)	Run Account Console IT	2023-05-13T02:51:17.0151608Z INFO: Using `new ChromeOptions()` is preferred to `DesiredCapabilities.chrome()`
Account Console IT (chrome)	Run Account Console IT	2023-05-13T02:51:17.0152425Z Starting ChromeDriver 113.0.5672.63 (0e1a4471d5ae5bf128b1bd8f4d627c8cbd55f70c-refs/branch-heads/5672@{#912}) on port 13855
Account Console IT (chrome)	Run Account Console IT	2023-05-13T02:51:17.0152857Z Only local connections are allowed.
Account Console IT (chrome)	Run Account Console IT	2023-05-13T02:51:17.0153462Z Please see https://chromedriver.chromium.org/security-considerations for suggestions on keeping ChromeDriver safe.
Account Console IT (chrome)	Run Account Console IT	2023-05-13T02:51:17.0153938Z ChromeDriver was started successfully.
Account Console IT (chrome)	Run Account Console IT	2023-05-13T02:51:17.3146627Z May 13, 2023 2:51:17 AM org.openqa.selenium.remote.ProtocolHandshake createSession
Account Console IT (chrome)	Run Account Console IT	2023-05-13T02:51:17.3147145Z INFO: Detected dialect: W3C
Account Console IT (chrome)	Run Account Console IT	2023-05-13T02:52:40.5809663Z [INFO] Tests run: 6, Failures: 0, Errors: 0, Skipped: 0, Time elapsed: 84.164 s - in org.keycloak.testsuite.ui.account2.WelcomeScreenTest
Account Console IT (chrome)	Run Account Console IT	2023-05-13T02:52:40.9148801Z -- [INFO] 
Account Console IT (chrome)	Run Account Console IT	2023-05-13T02:52:40.9149116Z -- [INFO] Results:
Account Console IT (chrome)	Run Account Console IT	2023-05-13T02:52:40.9149372Z -- [INFO] 
Account Console IT (chrome)	Run Account Console IT	2023-05-13T02:52:40.9149604Z -- [ERROR] Failures: 
Account Console IT (chrome)	Run Account Console IT	2023-05-13T02:52:40.9178533Z -- [ERROR] org.keycloak.testsuite.ui.account2.InternationalizationTest.userAttributeTest
Account Console IT (chrome)	Run Account Console IT	2023-05-13T02:52:40.9227695Z -- [ERROR]   Run 1: InternationalizationTest.userAttributeTest:105 expected:<[English]> but was:<[und]>
Account Console IT (chrome)	Run Account Console IT	2023-05-13T02:52:40.9228338Z -- [ERROR]   Run 2: InternationalizationTest.userAttributeTest:105 expected:<[English]> but was:<[und]>
Account Console IT (chrome)	Run Account Console IT	2023-05-13T02:52:40.9228904Z -- [ERROR]   Run 3: InternationalizationTest.userAttributeTest:105 expected:<[English]> but was:<[und]>
Account Console IT (chrome)	Run Account Console IT	2023-05-13T02:52:40.9229266Z -- [INFO] 
Account Console IT (chrome)	Run Account Console IT	2023-05-13T02:52:40.9229484Z -- [INFO] 
Account Console IT (chrome)	Run Account Console IT	2023-05-13T02:52:40.9229812Z -- [ERROR] Tests run: 77, Failures: 1, Errors: 0, Skipped: 3
Account Console IT (chrome)	Run Account Console IT	2023-05-13T02:52:40.9230086Z -- [INFO] 
Account Console IT (chrome)	Run Account Console IT	2023-05-13T02:52:40.9230494Z -- [INFO] ------------------------------------------------------------------------
Account Console IT (chrome)	Run Account Console IT	2023-05-13T02:52:40.9237466Z -- [INFO] BUILD FAILURE
Account Console IT (chrome)	Run Account Console IT	2023-05-13T02:52:40.9237875Z -- [INFO] ------------------------------------------------------------------------
Account Console IT (chrome)	Run Account Console IT	2023-05-13T02:52:40.9238232Z -- [INFO] Total time:  24:00 min
Account Console IT (chrome)	Run Account Console IT	2023-05-13T02:52:40.9238540Z -- [INFO] Finished at: 2023-05-13T02:52:40Z
Account Console IT (chrome)	Run Account Console IT	2023-05-13T02:52:40.9238932Z -- [INFO] ------------------------------------------------------------------------
Account Console IT (chrome)	Run Account Console IT	2023-05-13T02:52:40.9275621Z -- [ERROR] Failed to execute goal org.apache.maven.plugins:maven-surefire-plugin:3.0.0-M7:test (default-test) on project integration-arquillian-tests-base-ui: There are test failures.
Account Console IT (chrome)	Run Account Console IT	2023-05-13T02:52:40.9276683Z -- [ERROR] 
Account Console IT (chrome)	Run Account Console IT	2023-05-13T02:52:40.9277368Z -- [ERROR] Please refer to /home/runner/work/keycloak/keycloak/testsuite/integration-arquillian/tests/other/base-ui/target/surefire-reports for the individual test results.
Account Console IT (chrome)	Run Account Console IT	2023-05-13T02:52:40.9278011Z -- [ERROR] Please refer to dump files (if any exist) [date].dump, [date]-jvmRun[N].dump and [date].dumpstream.
Account Console IT (chrome)	Run Account Console IT	2023-05-13T02:52:40.9278400Z -- [ERROR] -> [Help 1]
Account Console IT (chrome)	Run Account Console IT	2023-05-13T02:52:40.9278634Z -- [ERROR] 
Account Console IT (chrome)	Run Account Console IT	2023-05-13T02:52:40.9279001Z -- [ERROR] To see the full stack trace of the errors, re-run Maven with the -e switch.
Account Console IT (chrome)	Run Account Console IT	2023-05-13T02:52:40.9279435Z -- [ERROR] Re-run Maven using the -X switch to enable full debug logging.
Account Console IT (chrome)	Run Account Console IT	2023-05-13T02:52:40.9279735Z -- [ERROR] 
Account Console IT (chrome)	Run Account Console IT	2023-05-13T02:52:40.9280149Z -- [ERROR] For more information about the errors and possible solutions, please read the following articles:
Account Console IT (chrome)	Run Account Console IT	2023-05-13T02:52:40.9280680Z -- [ERROR] [Help 1] http://cwiki.apache.org/confluence/display/MAVEN/MojoFailureException
Account Console IT (chrome)	Run Account Console IT	2023-05-13T02:52:40.9607148Z ##[error]Process completed with exit code 1.
