Account Console IT (chrome)	Run Account Console IT	2023-05-13T20:20:56.1054969Z ##[group]Run ./mvnw test -Dsurefire.rerunFailingTestsCount=2 -nsu -B -Pauth-server-quarkus -Dtest=**.account2.**,!SigningInTest#passwordlessWebAuthnTest,!SigningInTest#twoFactorWebAuthnTest -Dbrowser=chrome "-Dwebdriver.chrome.driver=$CHROMEWEBDRIVER/chromedriver" -f testsuite/integration-arquillian/tests/other/base-ui/pom.xml | misc/log/trimmer.sh
Account Console IT (chrome)	Run Account Console IT	2023-05-13T20:20:56.1057739Z [36;1m./mvnw test -Dsurefire.rerunFailingTestsCount=2 -nsu -B -Pauth-server-quarkus -Dtest=**.account2.**,!SigningInTest#passwordlessWebAuthnTest,!SigningInTest#twoFactorWebAuthnTest -Dbrowser=chrome "-Dwebdriver.chrome.driver=$CHROMEWEBDRIVER/chromedriver" -f testsuite/integration-arquillian/tests/other/base-ui/pom.xml | misc/log/trimmer.sh[0m
Account Console IT (chrome)	Run Account Console IT	2023-05-13T20:20:56.1148617Z shell: /usr/bin/bash --noprofile --norc -e -o pipefail {0}
Account Console IT (chrome)	Run Account Console IT	2023-05-13T20:20:56.1148971Z env:
Account Console IT (chrome)	Run Account Console IT	2023-05-13T20:20:56.1149236Z   DEFAULT_JDK_VERSION: 17
Account Console IT (chrome)	Run Account Console IT	2023-05-13T20:20:56.1149532Z   DEFAULT_JDK_DIST: temurin
Account Console IT (chrome)	Run Account Console IT	2023-05-13T20:20:56.1149840Z   SUREFIRE_RERUN_FAILING_COUNT: 2
Account Console IT (chrome)	Run Account Console IT	2023-05-13T20:20:56.1150359Z   JAVA_HOME: /opt/hostedtoolcache/Java_Temurin-Hotspot_jdk/17.0.7-7/x64
Account Console IT (chrome)	Run Account Console IT	2023-05-13T20:20:56.1150833Z   JAVA_HOME_17_X64: /opt/hostedtoolcache/Java_Temurin-Hotspot_jdk/17.0.7-7/x64
Account Console IT (chrome)	Run Account Console IT	2023-05-13T20:20:56.1151199Z ##[endgroup]
Account Console IT (chrome)	Run Account Console IT	2023-05-13T20:21:01.7149775Z -- [INFO] Scanning for projects...
Account Console IT (chrome)	Run Account Console IT	2023-05-13T20:21:02.0499579Z -- [INFO] 
Account Console IT (chrome)	Run Account Console IT	2023-05-13T20:21:02.0521340Z -- [INFO] ----< org.keycloak.testsuite:integration-arquillian-tests-base-ui >-----
Account Console IT (chrome)	Run Account Console IT	2023-05-13T20:21:02.0527971Z -- [INFO] Building Base UI TestSuite 999.0.0-SNAPSHOT
Account Console IT (chrome)	Run Account Console IT	2023-05-13T20:21:02.0528645Z -- [INFO] --------------------------------[ jar ]---------------------------------
Account Console IT (chrome)	Run Account Console IT	2023-05-13T20:21:02.2390259Z -- [INFO] Downloading from jboss-public-repository: https://repository.jboss.org/nexus/content/groups/public/org/codehaus/mojo/properties-maven-plugin/1.0.0/properties-maven-plugin-1.0.0.pom
Account Console IT (chrome)	Run Account Console IT	2023-05-13T20:21:02.8412688Z -- [INFO] Downloading from central: https://repo.maven.apache.org/maven2/org/codehaus/mojo/properties-maven-plugin/1.0.0/properties-maven-plugin-1.0.0.pom
Account Console IT (chrome)	Run Account Console IT	2023-05-13T20:21:02.9032060Z -- [INFO] Downloaded from central: https://repo.maven.apache.org/maven2/org/codehaus/mojo/properties-maven-plugin/1.0.0/properties-maven-plugin-1.0.0.pom (5.0 kB at 78 kB/s)
Account Console IT (chrome)	Run Account Console IT	2023-05-13T20:21:02.9117867Z -- [INFO] Downloading from jboss-public-repository: https://repository.jboss.org/nexus/content/groups/public/org/codehaus/mojo/properties-maven-plugin/1.0.0/properties-maven-plugin-1.0.0.jar
Account Console IT (chrome)	Run Account Console IT	2023-05-13T20:21:02.9463404Z -- [INFO] Downloading from central: https://repo.maven.apache.org/maven2/org/codehaus/mojo/properties-maven-plugin/1.0.0/properties-maven-plugin-1.0.0.jar
Account Console IT (chrome)	Run Account Console IT	2023-05-13T20:21:02.9822353Z -- [INFO] Downloaded from central: https://repo.maven.apache.org/maven2/org/codehaus/mojo/properties-maven-plugin/1.0.0/properties-maven-plugin-1.0.0.jar (30 kB at 777 kB/s)
Account Console IT (chrome)	Run Account Console IT	2023-05-13T20:21:03.0306614Z -- [INFO] Downloading from central: https://repo.maven.apache.org/maven2/org/jboss/arquillian/extension/arquillian-drone-appium-extension/2.5.5/arquillian-drone-appium-extension-2.5.5.pom
Account Console IT (chrome)	Run Account Console IT	2023-05-13T20:21:03.0672668Z -- [INFO] Downloaded from central: https://repo.maven.apache.org/maven2/org/jboss/arquillian/extension/arquillian-drone-appium-extension/2.5.5/arquillian-drone-appium-extension-2.5.5.pom (3.2 kB at 88 kB/s)
Account Console IT (chrome)	Run Account Console IT	2023-05-13T20:21:03.3199672Z -- [INFO] Downloading from central: https://repo.maven.apache.org/maven2/io/appium/java-client/5.0.0-BETA9/java-client-5.0.0-BETA9.pom
Account Console IT (chrome)	Run Account Console IT	2023-05-13T20:21:03.3486068Z -- [INFO] Downloaded from central: https://repo.maven.apache.org/maven2/io/appium/java-client/5.0.0-BETA9/java-client-5.0.0-BETA9.pom (3.9 kB at 138 kB/s)
Account Console IT (chrome)	Run Account Console IT	2023-05-13T20:21:03.3671891Z -- [INFO] Downloading from central: https://repo.maven.apache.org/maven2/com/google/code/gson/gson/2.8.1/gson-2.8.1.pom
Account Console IT (chrome)	Run Account Console IT	2023-05-13T20:21:03.4152291Z -- [INFO] Downloaded from central: https://repo.maven.apache.org/maven2/com/google/code/gson/gson/2.8.1/gson-2.8.1.pom (1.9 kB at 39 kB/s)
Account Console IT (chrome)	Run Account Console IT	2023-05-13T20:21:03.4247441Z -- [INFO] Downloading from central: https://repo.maven.apache.org/maven2/com/google/code/gson/gson-parent/2.8.1/gson-parent-2.8.1.pom
Account Console IT (chrome)	Run Account Console IT	2023-05-13T20:21:03.4529004Z -- [INFO] Downloaded from central: https://repo.maven.apache.org/maven2/com/google/code/gson/gson-parent/2.8.1/gson-parent-2.8.1.pom (3.7 kB at 131 kB/s)
Account Console IT (chrome)	Run Account Console IT	2023-05-13T20:21:03.4566730Z -- [INFO] Downloading from central: https://repo.maven.apache.org/maven2/cglib/cglib/3.2.5/cglib-3.2.5.pom
Account Console IT (chrome)	Run Account Console IT	2023-05-13T20:21:03.4862531Z -- [INFO] Downloaded from central: https://repo.maven.apache.org/maven2/cglib/cglib/3.2.5/cglib-3.2.5.pom (2.8 kB at 97 kB/s)
Account Console IT (chrome)	Run Account Console IT	2023-05-13T20:21:03.4883527Z -- [INFO] Downloading from central: https://repo.maven.apache.org/maven2/cglib/cglib-parent/3.2.5/cglib-parent-3.2.5.pom
Account Console IT (chrome)	Run Account Console IT	2023-05-13T20:21:03.5174987Z -- [INFO] Downloaded from central: https://repo.maven.apache.org/maven2/cglib/cglib-parent/3.2.5/cglib-parent-3.2.5.pom (9.8 kB at 338 kB/s)
Account Console IT (chrome)	Run Account Console IT	2023-05-13T20:21:03.5208181Z -- [INFO] Downloading from central: https://repo.maven.apache.org/maven2/org/ow2/asm/asm/6.0_ALPHA/asm-6.0_ALPHA.pom
Account Console IT (chrome)	Run Account Console IT	2023-05-13T20:21:03.5484556Z -- [INFO] Downloaded from central: https://repo.maven.apache.org/maven2/org/ow2/asm/asm/6.0_ALPHA/asm-6.0_ALPHA.pom (1.9 kB at 72 kB/s)
Account Console IT (chrome)	Run Account Console IT	2023-05-13T20:21:03.5528350Z -- [INFO] Downloading from central: https://repo.maven.apache.org/maven2/org/ow2/asm/asm-parent/6.0_ALPHA/asm-parent-6.0_ALPHA.pom
Account Console IT (chrome)	Run Account Console IT	2023-05-13T20:21:03.5799986Z -- [INFO] Downloaded from central: https://repo.maven.apache.org/maven2/org/ow2/asm/asm-parent/6.0_ALPHA/asm-parent-6.0_ALPHA.pom (5.5 kB at 196 kB/s)
Account Console IT (chrome)	Run Account Console IT	2023-05-13T20:21:03.6158178Z -- [INFO] Downloading from central: https://repo.maven.apache.org/maven2/org/springframework/spring-context/4.3.8.RELEASE/spring-context-4.3.8.RELEASE.pom
Account Console IT (chrome)	Run Account Console IT	2023-05-13T20:21:03.6457563Z -- [INFO] Downloaded from central: https://repo.maven.apache.org/maven2/org/springframework/spring-context/4.3.8.RELEASE/spring-context-4.3.8.RELEASE.pom (5.0 kB at 167 kB/s)
Account Console IT (chrome)	Run Account Console IT	2023-05-13T20:21:03.6569790Z -- [INFO] Downloading from central: https://repo.maven.apache.org/maven2/org/springframework/spring-aop/4.3.8.RELEASE/spring-aop-4.3.8.RELEASE.pom
Account Console IT (chrome)	Run Account Console IT	2023-05-13T20:21:03.6915255Z -- [INFO] Downloaded from central: https://repo.maven.apache.org/maven2/org/springframework/spring-aop/4.3.8.RELEASE/spring-aop-4.3.8.RELEASE.pom (2.7 kB at 65 kB/s)
Account Console IT (chrome)	Run Account Console IT	2023-05-13T20:21:03.6935231Z -- [INFO] Downloading from central: https://repo.maven.apache.org/maven2/org/springframework/spring-beans/4.3.8.RELEASE/spring-beans-4.3.8.RELEASE.pom
Account Console IT (chrome)	Run Account Console IT	2023-05-13T20:21:03.7207273Z -- [INFO] Downloaded from central: https://repo.maven.apache.org/maven2/org/springframework/spring-beans/4.3.8.RELEASE/spring-beans-4.3.8.RELEASE.pom (2.5 kB at 92 kB/s)
Account Console IT (chrome)	Run Account Console IT	2023-05-13T20:21:03.7234189Z -- [INFO] Downloading from central: https://repo.maven.apache.org/maven2/org/springframework/spring-core/4.3.8.RELEASE/spring-core-4.3.8.RELEASE.pom
Account Console IT (chrome)	Run Account Console IT	2023-05-13T20:21:03.7495664Z -- [INFO] Downloaded from central: https://repo.maven.apache.org/maven2/org/springframework/spring-core/4.3.8.RELEASE/spring-core-4.3.8.RELEASE.pom (2.5 kB at 95 kB/s)
Account Console IT (chrome)	Run Account Console IT	2023-05-13T20:21:03.7554220Z -- [INFO] Downloading from central: https://repo.maven.apache.org/maven2/org/springframework/spring-expression/4.3.8.RELEASE/spring-expression-4.3.8.RELEASE.pom
Account Console IT (chrome)	Run Account Console IT	2023-05-13T20:21:03.7803934Z -- [INFO] Downloaded from central: https://repo.maven.apache.org/maven2/org/springframework/spring-expression/4.3.8.RELEASE/spring-expression-4.3.8.RELEASE.pom (1.7 kB at 61 kB/s)
Account Console IT (chrome)	Run Account Console IT	2023-05-13T20:21:03.7831090Z -- [INFO] Downloading from central: https://repo.maven.apache.org/maven2/org/aspectj/aspectjweaver/1.8.10/aspectjweaver-1.8.10.pom
Account Console IT (chrome)	Run Account Console IT	2023-05-13T20:21:03.8121019Z -- [INFO] Downloaded from central: https://repo.maven.apache.org/maven2/org/aspectj/aspectjweaver/1.8.10/aspectjweaver-1.8.10.pom (1.0 kB at 36 kB/s)
Account Console IT (chrome)	Run Account Console IT	2023-05-13T20:21:04.7306221Z -- [INFO] Downloading from central: https://repo.maven.apache.org/maven2/org/jboss/jboss-parent/37/jboss-parent-37.pom
Account Console IT (chrome)	Run Account Console IT	2023-05-13T20:21:04.7447908Z -- [INFO] Downloaded from central: https://repo.maven.apache.org/maven2/org/jboss/jboss-parent/37/jboss-parent-37.pom (0 B at 0 B/s)
Account Console IT (chrome)	Run Account Console IT	2023-05-13T20:21:04.7497633Z -- [INFO] Downloading from central: https://repo.maven.apache.org/maven2/org/jboss/jboss-parent/38/jboss-parent-38.pom
Account Console IT (chrome)	Run Account Console IT	2023-05-13T20:21:04.7631384Z -- [INFO] Downloaded from central: https://repo.maven.apache.org/maven2/org/jboss/jboss-parent/38/jboss-parent-38.pom (0 B at 0 B/s)
Account Console IT (chrome)	Run Account Console IT	2023-05-13T20:21:05.3836821Z -- [INFO] Downloading from central: https://repo.maven.apache.org/maven2/org/jboss/shrinkwrap/resolver/shrinkwrap-resolver-spi/3.1.4/shrinkwrap-resolver-spi-3.1.4.pom
Account Console IT (chrome)	Run Account Console IT	2023-05-13T20:21:05.3988437Z -- [INFO] Downloaded from central: https://repo.maven.apache.org/maven2/org/jboss/shrinkwrap/resolver/shrinkwrap-resolver-spi/3.1.4/shrinkwrap-resolver-spi-3.1.4.pom (0 B at 0 B/s)
Account Console IT (chrome)	Run Account Console IT	2023-05-13T20:21:05.4034976Z -- [INFO] Downloading from central: https://repo.maven.apache.org/maven2/org/jboss/shrinkwrap/resolver/shrinkwrap-resolver-spi-maven/3.1.4/shrinkwrap-resolver-spi-maven-3.1.4.pom
Account Console IT (chrome)	Run Account Console IT	2023-05-13T20:21:05.4204349Z -- [INFO] Downloaded from central: https://repo.maven.apache.org/maven2/org/jboss/shrinkwrap/resolver/shrinkwrap-resolver-spi-maven/3.1.4/shrinkwrap-resolver-spi-maven-3.1.4.pom (0 B at 0 B/s)
Account Console IT (chrome)	Run Account Console IT	2023-05-13T20:21:05.4238640Z -- [INFO] Downloading from central: https://repo.maven.apache.org/maven2/org/jboss/shrinkwrap/resolver/shrinkwrap-resolver-api-maven-archive/3.1.4/shrinkwrap-resolver-api-maven-archive-3.1.4.pom
Account Console IT (chrome)	Run Account Console IT	2023-05-13T20:21:05.4383134Z -- [INFO] Downloaded from central: https://repo.maven.apache.org/maven2/org/jboss/shrinkwrap/resolver/shrinkwrap-resolver-api-maven-archive/3.1.4/shrinkwrap-resolver-api-maven-archive-3.1.4.pom (0 B at 0 B/s)
Account Console IT (chrome)	Run Account Console IT	2023-05-13T20:21:05.4431998Z -- [INFO] Downloading from central: https://repo.maven.apache.org/maven2/org/jboss/shrinkwrap/resolver/shrinkwrap-resolver-impl-maven/3.1.4/shrinkwrap-resolver-impl-maven-3.1.4.pom
Account Console IT (chrome)	Run Account Console IT	2023-05-13T20:21:05.4574868Z -- [INFO] Downloaded from central: https://repo.maven.apache.org/maven2/org/jboss/shrinkwrap/resolver/shrinkwrap-resolver-impl-maven/3.1.4/shrinkwrap-resolver-impl-maven-3.1.4.pom (0 B at 0 B/s)
Account Console IT (chrome)	Run Account Console IT	2023-05-13T20:21:05.5044560Z -- [INFO] Downloading from central: https://repo.maven.apache.org/maven2/org/jboss/shrinkwrap/resolver/shrinkwrap-resolver-impl-maven-archive/3.1.4/shrinkwrap-resolver-impl-maven-archive-3.1.4.pom
Account Console IT (chrome)	Run Account Console IT	2023-05-13T20:21:05.5178676Z -- [INFO] Downloaded from central: https://repo.maven.apache.org/maven2/org/jboss/shrinkwrap/resolver/shrinkwrap-resolver-impl-maven-archive/3.1.4/shrinkwrap-resolver-impl-maven-archive-3.1.4.pom (0 B at 0 B/s)
Account Console IT (chrome)	Run Account Console IT	2023-05-13T20:21:05.5227461Z -- [INFO] Downloading from central: https://repo.maven.apache.org/maven2/org/jboss/shrinkwrap/resolver/shrinkwrap-resolver-spi-maven-archive/3.1.4/shrinkwrap-resolver-spi-maven-archive-3.1.4.pom
Account Console IT (chrome)	Run Account Console IT	2023-05-13T20:21:05.5361530Z -- [INFO] Downloaded from central: https://repo.maven.apache.org/maven2/org/jboss/shrinkwrap/resolver/shrinkwrap-resolver-spi-maven-archive/3.1.4/shrinkwrap-resolver-spi-maven-archive-3.1.4.pom (0 B at 0 B/s)
Account Console IT (chrome)	Run Account Console IT	2023-05-13T20:21:06.0666258Z -- [INFO] Downloading from central: https://repo.maven.apache.org/maven2/org/jboss/arquillian/extension/arquillian-drone-appium-extension/2.5.5/arquillian-drone-appium-extension-2.5.5.jar
Account Console IT (chrome)	Run Account Console IT	2023-05-13T20:21:06.1090626Z -- [INFO] Downloaded from central: https://repo.maven.apache.org/maven2/org/jboss/arquillian/extension/arquillian-drone-appium-extension/2.5.5/arquillian-drone-appium-extension-2.5.5.jar (9.5 kB at 220 kB/s)
Account Console IT (chrome)	Run Account Console IT	2023-05-13T20:21:06.1299944Z -- [INFO] 
Account Console IT (chrome)	Run Account Console IT	2023-05-13T20:21:06.1301029Z -- [INFO] --- maven-enforcer-plugin:3.0.0-M3:enforce (enforce-java-version) @ integration-arquillian-tests-base-ui ---
Account Console IT (chrome)	Run Account Console IT	2023-05-13T20:21:06.3052771Z -- [INFO] 
Account Console IT (chrome)	Run Account Console IT	2023-05-13T20:21:06.3054251Z -- [INFO] --- maven-enforcer-plugin:3.0.0-M3:enforce (enforce-maven-version) @ integration-arquillian-tests-base-ui ---
Account Console IT (chrome)	Run Account Console IT	2023-05-13T20:21:06.3084278Z -- [INFO] 
Account Console IT (chrome)	Run Account Console IT	2023-05-13T20:21:06.3088308Z -- [INFO] --- maven-enforcer-plugin:3.0.0-M3:enforce (enforce-maven) @ integration-arquillian-tests-base-ui ---
Account Console IT (chrome)	Run Account Console IT	2023-05-13T20:21:06.3097147Z -- [INFO] 
Account Console IT (chrome)	Run Account Console IT	2023-05-13T20:21:06.3103402Z -- [INFO] --- buildnumber-maven-plugin:1.4:create (get-scm-revision) @ integration-arquillian-tests-base-ui ---
Account Console IT (chrome)	Run Account Console IT	2023-05-13T20:21:06.5618487Z -- [INFO] Executing: /bin/sh -c cd '/home/runner/work/keycloak/keycloak/testsuite/integration-arquillian/tests/other/base-ui' && 'git' 'rev-parse' '--verify' 'HEAD'
Account Console IT (chrome)	Run Account Console IT	2023-05-13T20:21:06.5620198Z -- [INFO] Working directory: /home/runner/work/keycloak/keycloak/testsuite/integration-arquillian/tests/other/base-ui
Account Console IT (chrome)	Run Account Console IT	2023-05-13T20:21:06.5788194Z -- [INFO] Storing buildNumber: 04ab84800312a705e3ee623f64fbcc2e2abf078b at timestamp: 1684009266545
Account Console IT (chrome)	Run Account Console IT	2023-05-13T20:21:06.5915381Z -- [INFO] Storing buildScmBranch: main
Account Console IT (chrome)	Run Account Console IT	2023-05-13T20:21:06.5952192Z -- [INFO] 
Account Console IT (chrome)	Run Account Console IT	2023-05-13T20:21:06.5952923Z -- [INFO] --- maven-dependency-plugin:3.1.2:unpack (unpack-test-resources) @ integration-arquillian-tests-base-ui ---
Account Console IT (chrome)	Run Account Console IT	2023-05-13T20:21:06.9712728Z -- [INFO] Configured Artifact: org.keycloak.testsuite:integration-arquillian-tests-base:tests:999.0.0-SNAPSHOT:jar
Account Console IT (chrome)	Run Account Console IT	2023-05-13T20:21:06.9952403Z -- [INFO] Unpacking /home/runner/.m2/repository/org/keycloak/testsuite/integration-arquillian-tests-base/999.0.0-SNAPSHOT/integration-arquillian-tests-base-999.0.0-SNAPSHOT-tests.jar to /home/runner/work/keycloak/keycloak/testsuite/integration-arquillian/tests/other/base-ui/target/dependency with includes "arquillian.xml,wildfly-config.xml,keycloak-add-user.json,test-constants.properties,kerberos/*,keystore/*,password-blacklists/*,log4j.properties,vault/*" and excludes ""
Account Console IT (chrome)	Run Account Console IT	2023-05-13T20:21:07.1852364Z -- [INFO] 
Account Console IT (chrome)	Run Account Console IT	2023-05-13T20:21:07.1853168Z -- [INFO] --- maven-resources-plugin:3.0.1:copy-resources (copy-truststore) @ integration-arquillian-tests-base-ui ---
Account Console IT (chrome)	Run Account Console IT	2023-05-13T20:21:07.2481640Z -- [INFO] Using 'UTF-8' encoding to copy filtered resources.
Account Console IT (chrome)	Run Account Console IT	2023-05-13T20:21:07.2482815Z -- [INFO] skip non existing resourceDirectory /home/runner/work/keycloak/keycloak/testsuite/integration-arquillian/tests/other/base-ui/src/test/resources
Account Console IT (chrome)	Run Account Console IT	2023-05-13T20:21:07.2483416Z -- [INFO] 
Account Console IT (chrome)	Run Account Console IT	2023-05-13T20:21:07.2484103Z -- [INFO] --- maven-resources-plugin:3.0.1:resources (default-resources) @ integration-arquillian-tests-base-ui ---
Account Console IT (chrome)	Run Account Console IT	2023-05-13T20:21:07.2528201Z -- [INFO] Using 'UTF-8' encoding to copy filtered resources.
Account Console IT (chrome)	Run Account Console IT	2023-05-13T20:21:07.2595323Z -- [INFO] Copying 12 resources
Account Console IT (chrome)	Run Account Console IT	2023-05-13T20:21:07.2703912Z -- [INFO] 
Account Console IT (chrome)	Run Account Console IT	2023-05-13T20:21:07.2704834Z -- [INFO] --- properties-maven-plugin:1.0.0:read-project-properties (default) @ integration-arquillian-tests-base-ui ---
Account Console IT (chrome)	Run Account Console IT	2023-05-13T20:21:07.2969961Z -- [INFO] 
Account Console IT (chrome)	Run Account Console IT	2023-05-13T20:21:07.2970832Z -- [INFO] --- maven-resources-plugin:3.0.1:copy-resources (copy-theme-files) @ integration-arquillian-tests-base-ui ---
Account Console IT (chrome)	Run Account Console IT	2023-05-13T20:21:07.2997970Z -- [INFO] Using 'UTF-8' encoding to copy filtered resources.
Account Console IT (chrome)	Run Account Console IT	2023-05-13T20:21:07.3025044Z -- [INFO] Copying 12 resources
Account Console IT (chrome)	Run Account Console IT	2023-05-13T20:21:07.3174086Z -- [INFO] 
Account Console IT (chrome)	Run Account Console IT	2023-05-13T20:21:07.3174987Z -- [INFO] --- maven-compiler-plugin:3.8.1:compile (default-compile) @ integration-arquillian-tests-base-ui ---
Account Console IT (chrome)	Run Account Console IT	2023-05-13T20:21:07.4359738Z -- [INFO] Changes detected - recompiling the module!
Account Console IT (chrome)	Run Account Console IT	2023-05-13T20:21:07.4396896Z -- [INFO] Compiling 19 source files to /home/runner/work/keycloak/keycloak/testsuite/integration-arquillian/tests/other/base-ui/target/classes
Account Console IT (chrome)	Run Account Console IT	2023-05-13T20:21:10.0836367Z -- [INFO] 
Account Console IT (chrome)	Run Account Console IT	2023-05-13T20:21:10.0860837Z -- [INFO] --- maven-dependency-plugin:3.1.2:unpack (unpack-undertow-server) @ integration-arquillian-tests-base-ui ---
Account Console IT (chrome)	Run Account Console IT	2023-05-13T20:21:10.0917843Z -- [INFO] Skipping plugin execution
Account Console IT (chrome)	Run Account Console IT	2023-05-13T20:21:10.0920419Z -- [INFO] 
Account Console IT (chrome)	Run Account Console IT	2023-05-13T20:21:10.0922646Z -- [INFO] --- maven-dependency-plugin:3.1.2:unpack (unpack-quarkus-server) @ integration-arquillian-tests-base-ui ---
Account Console IT (chrome)	Run Account Console IT	2023-05-13T20:21:10.0940586Z -- [INFO] Configured Artifact: org.keycloak.testsuite:integration-arquillian-servers-auth-server-quarkus:999.0.0-SNAPSHOT:zip
Account Console IT (chrome)	Run Account Console IT	2023-05-13T20:21:10.1032510Z -- [INFO] Unpacking /home/runner/.m2/repository/org/keycloak/testsuite/integration-arquillian-servers-auth-server-quarkus/999.0.0-SNAPSHOT/integration-arquillian-servers-auth-server-quarkus-999.0.0-SNAPSHOT.zip to /home/runner/work/keycloak/keycloak/testsuite/integration-arquillian/tests/other/base-ui/target/containers with includes "" and excludes ""
Account Console IT (chrome)	Run Account Console IT	2023-05-13T20:21:12.3546660Z -- [INFO] 
Account Console IT (chrome)	Run Account Console IT	2023-05-13T20:21:12.3548475Z -- [INFO] --- maven-dependency-plugin:3.1.2:unpack (unpack-app-server) @ integration-arquillian-tests-base-ui ---
Account Console IT (chrome)	Run Account Console IT	2023-05-13T20:21:12.3576074Z -- [INFO] Skipping plugin execution
Account Console IT (chrome)	Run Account Console IT	2023-05-13T20:21:12.3584419Z -- [INFO] 
Account Console IT (chrome)	Run Account Console IT	2023-05-13T20:21:12.3586030Z -- [INFO] --- maven-dependency-plugin:3.1.2:copy (example-wars) @ integration-arquillian-tests-base-ui ---
Account Console IT (chrome)	Run Account Console IT	2023-05-13T20:21:12.3681045Z -- [INFO] Configured Artifact: org.keycloak.testsuite:hello-world-authz-service:999.0.0-SNAPSHOT:war
Account Console IT (chrome)	Run Account Console IT	2023-05-13T20:21:12.3862056Z -- [INFO] Configured Artifact: org.keycloak.testsuite:photoz-html5-client:999.0.0-SNAPSHOT:war
Account Console IT (chrome)	Run Account Console IT	2023-05-13T20:21:12.3902838Z -- [INFO] Configured Artifact: org.keycloak.testsuite:photoz-restful-api:999.0.0-SNAPSHOT:war
Account Console IT (chrome)	Run Account Console IT	2023-05-13T20:21:12.3940764Z -- [INFO] Configured Artifact: org.keycloak.testsuite:servlet-authz-app:999.0.0-SNAPSHOT:war
Account Console IT (chrome)	Run Account Console IT	2023-05-13T20:21:12.4023020Z -- [INFO] Configured Artifact: org.keycloak.testsuite:servlet-policy-enforcer:999.0.0-SNAPSHOT:war
Account Console IT (chrome)	Run Account Console IT	2023-05-13T20:21:12.4071184Z -- [INFO] Configured Artifact: org.keycloak.testsuite:integration-arquillian-test-apps-cors-angular-product:999.0.0-SNAPSHOT:war
Account Console IT (chrome)	Run Account Console IT	2023-05-13T20:21:12.4114388Z -- [INFO] Configured Artifact: org.keycloak.testsuite:integration-arquillian-test-apps-cors-database-service:999.0.0-SNAPSHOT:war
Account Console IT (chrome)	Run Account Console IT	2023-05-13T20:21:12.4159171Z -- [INFO] Copying hello-world-authz-service-999.0.0-SNAPSHOT.war to /home/runner/work/keycloak/keycloak/testsuite/integration-arquillian/tests/other/base-ui/target/examples/hello-world-authz-service-999.0.0-SNAPSHOT.war
Account Console IT (chrome)	Run Account Console IT	2023-05-13T20:21:12.4191826Z -- [INFO] Copying photoz-html5-client-999.0.0-SNAPSHOT.war to /home/runner/work/keycloak/keycloak/testsuite/integration-arquillian/tests/other/base-ui/target/examples/photoz-html5-client-999.0.0-SNAPSHOT.war
Account Console IT (chrome)	Run Account Console IT	2023-05-13T20:21:12.4198801Z -- [INFO] Copying photoz-restful-api-999.0.0-SNAPSHOT.war to /home/runner/work/keycloak/keycloak/testsuite/integration-arquillian/tests/other/base-ui/target/examples/photoz-restful-api-999.0.0-SNAPSHOT.war
Account Console IT (chrome)	Run Account Console IT	2023-05-13T20:21:12.4204958Z -- [INFO] Copying servlet-authz-app-999.0.0-SNAPSHOT.war to /home/runner/work/keycloak/keycloak/testsuite/integration-arquillian/tests/other/base-ui/target/examples/servlet-authz-app-999.0.0-SNAPSHOT.war
Account Console IT (chrome)	Run Account Console IT	2023-05-13T20:21:12.4210619Z -- [INFO] Copying servlet-policy-enforcer-999.0.0-SNAPSHOT.war to /home/runner/work/keycloak/keycloak/testsuite/integration-arquillian/tests/other/base-ui/target/examples/servlet-policy-enforcer-999.0.0-SNAPSHOT.war
Account Console IT (chrome)	Run Account Console IT	2023-05-13T20:21:12.4217903Z -- [INFO] Copying integration-arquillian-test-apps-cors-angular-product-999.0.0-SNAPSHOT.war to /home/runner/work/keycloak/keycloak/testsuite/integration-arquillian/tests/other/base-ui/target/examples/integration-arquillian-test-apps-cors-angular-product-999.0.0-SNAPSHOT.war
Account Console IT (chrome)	Run Account Console IT	2023-05-13T20:21:12.4278255Z -- [INFO] Copying integration-arquillian-test-apps-cors-database-service-999.0.0-SNAPSHOT.war to /home/runner/work/keycloak/keycloak/testsuite/integration-arquillian/tests/other/base-ui/target/examples/integration-arquillian-test-apps-cors-database-service-999.0.0-SNAPSHOT.war
Account Console IT (chrome)	Run Account Console IT	2023-05-13T20:21:12.4279744Z -- [INFO] 
Account Console IT (chrome)	Run Account Console IT	2023-05-13T20:21:12.4280754Z -- [INFO] --- maven-dependency-plugin:3.1.2:unpack (test-apps-realms) @ integration-arquillian-tests-base-ui ---
Account Console IT (chrome)	Run Account Console IT	2023-05-13T20:21:12.4281795Z -- [INFO] Configured Artifact: org.keycloak.testsuite:integration-arquillian-test-apps-dist:999.0.0-SNAPSHOT:zip
Account Console IT (chrome)	Run Account Console IT	2023-05-13T20:21:12.4313814Z -- [INFO] Unpacking /home/runner/.m2/repository/org/keycloak/testsuite/integration-arquillian-test-apps-dist/999.0.0-SNAPSHOT/integration-arquillian-test-apps-dist-999.0.0-SNAPSHOT.zip to /home/runner/work/keycloak/keycloak/testsuite/integration-arquillian/tests/other/base-ui/target/examples with includes "**/*realm.json,**/*authz-service.json,**/testsaml.json,**/*-keycloak.json" and excludes ""
Account Console IT (chrome)	Run Account Console IT	2023-05-13T20:21:12.4484165Z -- [INFO] 
Account Console IT (chrome)	Run Account Console IT	2023-05-13T20:21:12.4485304Z -- [INFO] --- maven-resources-plugin:3.0.1:copy-resources (example-realms) @ integration-arquillian-tests-base-ui ---
Account Console IT (chrome)	Run Account Console IT	2023-05-13T20:21:12.4518889Z -- [INFO] Skipping the execution.
Account Console IT (chrome)	Run Account Console IT	2023-05-13T20:21:12.4528454Z -- [INFO] 
Account Console IT (chrome)	Run Account Console IT	2023-05-13T20:21:12.4532762Z -- [INFO] --- maven-resources-plugin:3.0.1:testResources (default-testResources) @ integration-arquillian-tests-base-ui ---
Account Console IT (chrome)	Run Account Console IT	2023-05-13T20:21:12.4568365Z -- [INFO] Using 'UTF-8' encoding to copy filtered resources.
Account Console IT (chrome)	Run Account Console IT	2023-05-13T20:21:12.4573533Z -- [INFO] skip non existing resourceDirectory /home/runner/work/keycloak/keycloak/testsuite/integration-arquillian/tests/other/base-ui/src/test/resources
Account Console IT (chrome)	Run Account Console IT	2023-05-13T20:21:12.4580813Z -- [INFO] 
Account Console IT (chrome)	Run Account Console IT	2023-05-13T20:21:12.4585629Z -- [INFO] --- maven-antrun-plugin:1.8:run (clean-second-cache-server-arquillian-bug-workaround) @ integration-arquillian-tests-base-ui ---
Account Console IT (chrome)	Run Account Console IT	2023-05-13T20:21:12.4918017Z -- [INFO] Skipping Antrun execution
Account Console IT (chrome)	Run Account Console IT	2023-05-13T20:21:12.4918911Z -- [INFO] 
Account Console IT (chrome)	Run Account Console IT	2023-05-13T20:21:12.4924913Z -- [INFO] --- maven-resources-plugin:3.0.1:copy-resources (copy-admin-user-json-file) @ integration-arquillian-tests-base-ui ---
Account Console IT (chrome)	Run Account Console IT	2023-05-13T20:21:12.4944356Z -- [INFO] Using 'UTF-8' encoding to copy filtered resources.
Account Console IT (chrome)	Run Account Console IT	2023-05-13T20:21:12.4954694Z -- [INFO] Copying 1 resource
Account Console IT (chrome)	Run Account Console IT	2023-05-13T20:21:12.5005855Z -- [INFO] 
Account Console IT (chrome)	Run Account Console IT	2023-05-13T20:21:12.5006822Z -- [INFO] --- maven-compiler-plugin:3.8.1:testCompile (default-testCompile) @ integration-arquillian-tests-base-ui ---
Account Console IT (chrome)	Run Account Console IT	2023-05-13T20:21:12.5078590Z -- [INFO] Changes detected - recompiling the module!
Account Console IT (chrome)	Run Account Console IT	2023-05-13T20:21:12.5114459Z -- [INFO] Compiling 21 source files to /home/runner/work/keycloak/keycloak/testsuite/integration-arquillian/tests/other/base-ui/target/test-classes
Account Console IT (chrome)	Run Account Console IT	2023-05-13T20:21:14.7915759Z -- [WARNING] /home/runner/work/keycloak/keycloak/testsuite/integration-arquillian/tests/other/base-ui/src/test/java/org/keycloak/testsuite/ui/account2/MyResourcesTest.java:[154,17] setUri(java.lang.String) in org.keycloak.representations.idm.authorization.ResourceRepresentation has been deprecated
Account Console IT (chrome)	Run Account Console IT	2023-05-13T20:21:14.7917694Z -- [WARNING] /home/runner/work/keycloak/keycloak/testsuite/integration-arquillian/tests/other/base-ui/src/test/java/org/keycloak/testsuite/ui/account2/MyResourcesTest.java:[217,9] <T>assertThat(T,org.hamcrest.Matcher<? super T>) in org.junit.Assert has been deprecated
Account Console IT (chrome)	Run Account Console IT	2023-05-13T20:21:14.7937372Z -- [INFO] 
Account Console IT (chrome)	Run Account Console IT	2023-05-13T20:21:14.7938375Z -- [INFO] --- shrinkwrap-resolver-maven-plugin:3.1.4:propagate-execution-context (default) @ integration-arquillian-tests-base-ui ---
Account Console IT (chrome)	Run Account Console IT	2023-05-13T20:21:14.8630187Z -- [INFO] 
Account Console IT (chrome)	Run Account Console IT	2023-05-13T20:21:14.8637532Z -- [INFO] --- maven-surefire-plugin:3.0.0-M7:test (default-test) @ integration-arquillian-tests-base-ui ---
Account Console IT (chrome)	Run Account Console IT	2023-05-13T20:21:15.0349994Z -- [INFO] Using auto detected provider org.apache.maven.surefire.junit4.JUnit4Provider
Account Console IT (chrome)	Run Account Console IT	2023-05-13T20:21:15.0944287Z -- [INFO] Downloading from jboss-public-repository: https://repository.jboss.org/nexus/content/groups/public/org/apache/maven/surefire/surefire-junit4/3.0.0-M7/surefire-junit4-3.0.0-M7.jar
Account Console IT (chrome)	Run Account Console IT	2023-05-13T20:21:15.1750066Z -- [INFO] Downloading from central: https://repo.maven.apache.org/maven2/org/apache/maven/surefire/surefire-junit4/3.0.0-M7/surefire-junit4-3.0.0-M7.jar
Account Console IT (chrome)	Run Account Console IT	2023-05-13T20:21:15.2069195Z -- [INFO] Downloaded from central: https://repo.maven.apache.org/maven2/org/apache/maven/surefire/surefire-junit4/3.0.0-M7/surefire-junit4-3.0.0-M7.jar (18 kB at 551 kB/s)
Account Console IT (chrome)	Run Account Console IT	2023-05-13T20:21:15.2092855Z -- [INFO] Downloading from jboss-public-repository: https://repository.jboss.org/nexus/content/groups/public/org/apache/maven/surefire/surefire-junit4/3.0.0-M7/surefire-junit4-3.0.0-M7.pom
Account Console IT (chrome)	Run Account Console IT	2023-05-13T20:21:15.2729189Z -- [INFO] Downloading from central: https://repo.maven.apache.org/maven2/org/apache/maven/surefire/surefire-junit4/3.0.0-M7/surefire-junit4-3.0.0-M7.pom
Account Console IT (chrome)	Run Account Console IT	2023-05-13T20:21:15.3016314Z -- [INFO] Downloaded from central: https://repo.maven.apache.org/maven2/org/apache/maven/surefire/surefire-junit4/3.0.0-M7/surefire-junit4-3.0.0-M7.pom (2.9 kB at 104 kB/s)
Account Console IT (chrome)	Run Account Console IT	2023-05-13T20:21:15.3045126Z -- [INFO] Downloading from jboss-public-repository: https://repository.jboss.org/nexus/content/groups/public/org/apache/maven/surefire/surefire-providers/3.0.0-M7/surefire-providers-3.0.0-M7.pom
Account Console IT (chrome)	Run Account Console IT	2023-05-13T20:21:15.4014891Z -- [INFO] Downloading from central: https://repo.maven.apache.org/maven2/org/apache/maven/surefire/surefire-providers/3.0.0-M7/surefire-providers-3.0.0-M7.pom
Account Console IT (chrome)	Run Account Console IT	2023-05-13T20:21:15.4360351Z -- [INFO] Downloaded from central: https://repo.maven.apache.org/maven2/org/apache/maven/surefire/surefire-providers/3.0.0-M7/surefire-providers-3.0.0-M7.pom (2.5 kB at 85 kB/s)
Account Console IT (chrome)	Run Account Console IT	2023-05-13T20:21:15.4475813Z -- [INFO] Downloading from jboss-public-repository: https://repository.jboss.org/nexus/content/groups/public/junit/junit/4.0/junit-4.0.pom
Account Console IT (chrome)	Run Account Console IT	2023-05-13T20:21:15.5157119Z -- [INFO] Downloading from central: https://repo.maven.apache.org/maven2/junit/junit/4.0/junit-4.0.pom
Account Console IT (chrome)	Run Account Console IT	2023-05-13T20:21:15.5458034Z -- [INFO] Downloaded from central: https://repo.maven.apache.org/maven2/junit/junit/4.0/junit-4.0.pom (210 B at 6.8 kB/s)
Account Console IT (chrome)	Run Account Console IT	2023-05-13T20:21:15.5502034Z -- [INFO] Downloading from jboss-public-repository: https://repository.jboss.org/nexus/content/groups/public/org/apache/maven/surefire/common-junit4/3.0.0-M7/common-junit4-3.0.0-M7.pom
Account Console IT (chrome)	Run Account Console IT	2023-05-13T20:21:15.6151000Z -- [INFO] Downloading from central: https://repo.maven.apache.org/maven2/org/apache/maven/surefire/common-junit4/3.0.0-M7/common-junit4-3.0.0-M7.pom
Account Console IT (chrome)	Run Account Console IT	2023-05-13T20:21:15.6438433Z -- [INFO] Downloaded from central: https://repo.maven.apache.org/maven2/org/apache/maven/surefire/common-junit4/3.0.0-M7/common-junit4-3.0.0-M7.pom (3.0 kB at 103 kB/s)
Account Console IT (chrome)	Run Account Console IT	2023-05-13T20:21:15.6570172Z -- [INFO] Downloading from jboss-public-repository: https://repository.jboss.org/nexus/content/groups/public/org/apache/maven/surefire/common-junit3/3.0.0-M7/common-junit3-3.0.0-M7.pom
Account Console IT (chrome)	Run Account Console IT	2023-05-13T20:21:15.7210975Z -- [INFO] Downloading from central: https://repo.maven.apache.org/maven2/org/apache/maven/surefire/common-junit3/3.0.0-M7/common-junit3-3.0.0-M7.pom
Account Console IT (chrome)	Run Account Console IT	2023-05-13T20:21:15.7519906Z -- [INFO] Downloaded from central: https://repo.maven.apache.org/maven2/org/apache/maven/surefire/common-junit3/3.0.0-M7/common-junit3-3.0.0-M7.pom (2.7 kB at 86 kB/s)
Account Console IT (chrome)	Run Account Console IT	2023-05-13T20:21:15.7642175Z -- [INFO] Downloading from jboss-public-repository: https://repository.jboss.org/nexus/content/groups/public/org/apache/maven/surefire/common-java5/3.0.0-M7/common-java5-3.0.0-M7.pom
Account Console IT (chrome)	Run Account Console IT	2023-05-13T20:21:15.8461562Z -- [INFO] Downloading from central: https://repo.maven.apache.org/maven2/org/apache/maven/surefire/common-java5/3.0.0-M7/common-java5-3.0.0-M7.pom
Account Console IT (chrome)	Run Account Console IT	2023-05-13T20:21:15.8920972Z -- [INFO] Downloaded from central: https://repo.maven.apache.org/maven2/org/apache/maven/surefire/common-java5/3.0.0-M7/common-java5-3.0.0-M7.pom (2.7 kB at 59 kB/s)
Account Console IT (chrome)	Run Account Console IT	2023-05-13T20:21:15.9079141Z -- [INFO] Downloading from jboss-public-repository: https://repository.jboss.org/nexus/content/groups/public/org/hamcrest/hamcrest-library/1.3/hamcrest-library-1.3.pom
Account Console IT (chrome)	Run Account Console IT	2023-05-13T20:21:15.9768877Z -- [INFO] Downloading from central: https://repo.maven.apache.org/maven2/org/hamcrest/hamcrest-library/1.3/hamcrest-library-1.3.pom
Account Console IT (chrome)	Run Account Console IT	2023-05-13T20:21:16.0051943Z -- [INFO] Downloaded from central: https://repo.maven.apache.org/maven2/org/hamcrest/hamcrest-library/1.3/hamcrest-library-1.3.pom (820 B at 29 kB/s)
Account Console IT (chrome)	Run Account Console IT	2023-05-13T20:21:16.0232511Z -- [INFO] Downloading from jboss-public-repository: https://repository.jboss.org/nexus/content/groups/public/org/junit/junit-bom/5.8.0/junit-bom-5.8.0.pom
Account Console IT (chrome)	Run Account Console IT	2023-05-13T20:21:16.0958891Z -- [INFO] Downloading from central: https://repo.maven.apache.org/maven2/org/junit/junit-bom/5.8.0/junit-bom-5.8.0.pom
Account Console IT (chrome)	Run Account Console IT	2023-05-13T20:21:16.1342751Z -- [INFO] Downloaded from central: https://repo.maven.apache.org/maven2/org/junit/junit-bom/5.8.0/junit-bom-5.8.0.pom (5.6 kB at 148 kB/s)
Account Console IT (chrome)	Run Account Console IT	2023-05-13T20:21:16.1394231Z -- [INFO] Downloading from jboss-public-repository: https://repository.jboss.org/nexus/content/groups/public/org/apache/maven/surefire/common-junit3/3.0.0-M7/common-junit3-3.0.0-M7.jar
Account Console IT (chrome)	Run Account Console IT	2023-05-13T20:21:16.1398233Z -- [INFO] Downloading from jboss-public-repository: https://repository.jboss.org/nexus/content/groups/public/org/apache/maven/surefire/common-java5/3.0.0-M7/common-java5-3.0.0-M7.jar
Account Console IT (chrome)	Run Account Console IT	2023-05-13T20:21:16.1410808Z -- [INFO] Downloading from jboss-public-repository: https://repository.jboss.org/nexus/content/groups/public/org/apache/maven/surefire/common-junit4/3.0.0-M7/common-junit4-3.0.0-M7.jar
Account Console IT (chrome)	Run Account Console IT	2023-05-13T20:21:16.2097182Z -- [INFO] Downloading from central: https://repo.maven.apache.org/maven2/org/apache/maven/surefire/common-junit3/3.0.0-M7/common-junit3-3.0.0-M7.jar
Account Console IT (chrome)	Run Account Console IT	2023-05-13T20:21:16.2450238Z -- [INFO] Downloading from central: https://repo.maven.apache.org/maven2/org/apache/maven/surefire/common-java5/3.0.0-M7/common-java5-3.0.0-M7.jar
Account Console IT (chrome)	Run Account Console IT	2023-05-13T20:21:16.2497701Z -- [INFO] Downloading from central: https://repo.maven.apache.org/maven2/org/apache/maven/surefire/common-junit4/3.0.0-M7/common-junit4-3.0.0-M7.jar
Account Console IT (chrome)	Run Account Console IT	2023-05-13T20:21:16.2527493Z -- [INFO] Downloaded from central: https://repo.maven.apache.org/maven2/org/apache/maven/surefire/common-junit3/3.0.0-M7/common-junit3-3.0.0-M7.jar (12 kB at 267 kB/s)
Account Console IT (chrome)	Run Account Console IT	2023-05-13T20:21:16.2951591Z -- [INFO] Downloaded from central: https://repo.maven.apache.org/maven2/org/apache/maven/surefire/common-junit4/3.0.0-M7/common-junit4-3.0.0-M7.jar (26 kB at 557 kB/s)
Account Console IT (chrome)	Run Account Console IT	2023-05-13T20:21:16.3283576Z -- [INFO] Downloaded from central: https://repo.maven.apache.org/maven2/org/apache/maven/surefire/common-java5/3.0.0-M7/common-java5-3.0.0-M7.jar (17 kB at 206 kB/s)
Account Console IT (chrome)	Run Account Console IT	2023-05-13T20:21:16.3474350Z -- [INFO] 
Account Console IT (chrome)	Run Account Console IT	2023-05-13T20:21:16.3475263Z -- [INFO] -------------------------------------------------------
Account Console IT (chrome)	Run Account Console IT	2023-05-13T20:21:16.3475883Z -- [INFO]  T E S T S
Account Console IT (chrome)	Run Account Console IT	2023-05-13T20:21:16.3476637Z -- [INFO] -------------------------------------------------------
Account Console IT (chrome)	Run Account Console IT	2023-05-13T20:21:17.4652139Z -- 20:21:17,455 INFO  [org.keycloak.testsuite.util.NonIDERunListener] Setting keycloak.logging.level to off. Keycloak server logging will be disabled
Account Console IT (chrome)	Run Account Console IT	2023-05-13T20:21:17.4686263Z [INFO] Running org.keycloak.testsuite.ui.account2.ApplicationsTest
Account Console IT (chrome)	Run Account Console IT	2023-05-13T20:21:17.7817723Z May 13, 2023 8:21:17 PM org.keycloak.testsuite.arquillian.containers.MultipleContainersExtension register
Account Console IT (chrome)	Run Account Console IT	2023-05-13T20:21:17.7818794Z INFO: Multiple containers extension registering.
Account Console IT (chrome)	Run Account Console IT	2023-05-13T20:21:18.2835282Z May 13, 2023 8:21:18 PM org.arquillian.recorder.reporter.configuration.ReporterConfigurator configureExtension
Account Console IT (chrome)	Run Account Console IT	2023-05-13T20:21:18.2836514Z INFO: Configuration of Arquillian Reporting extension:
Account Console IT (chrome)	Run Account Console IT	2023-05-13T20:21:18.2837418Z May 13, 2023 8:21:18 PM org.arquillian.recorder.reporter.configuration.ReporterConfigurator configureExtension
Account Console IT (chrome)	Run Account Console IT	2023-05-13T20:21:18.2838151Z INFO: report                                   xml
Account Console IT (chrome)	Run Account Console IT	2023-05-13T20:21:18.2838712Z rootDir                                  target
Account Console IT (chrome)	Run Account Console IT	2023-05-13T20:21:18.2839888Z file                                     target/arquillian_report.xml
Account Console IT (chrome)	Run Account Console IT	2023-05-13T20:21:18.2840455Z template                                 template.xsl
Account Console IT (chrome)	Run Account Console IT	2023-05-13T20:21:18.3055895Z reportAfterEvery                         class
Account Console IT (chrome)	Run Account Console IT	2023-05-13T20:21:18.3056364Z language                                 en
Account Console IT (chrome)	Run Account Console IT	2023-05-13T20:21:18.3056784Z maxImageWidth                            500
Account Console IT (chrome)	Run Account Console IT	2023-05-13T20:21:18.3057319Z imageWidth                               100%
Account Console IT (chrome)	Run Account Console IT	2023-05-13T20:21:18.3057646Z imageHeight                              100%
Account Console IT (chrome)	Run Account Console IT	2023-05-13T20:21:18.3057837Z 
Account Console IT (chrome)	Run Account Console IT	2023-05-13T20:21:19.2848397Z May 13, 2023 8:21:19 PM org.jboss.logmanager.JBossLoggerFinder getLogger
Account Console IT (chrome)	Run Account Console IT	2023-05-13T20:21:19.2849176Z ERROR: The LogManager accessed before the "java.util.logging.manager" system property was set to "org.jboss.logmanager.LogManager". Results may be unexpected.
Account Console IT (chrome)	Run Account Console IT	2023-05-13T20:21:19.4852948Z May 13, 2023 8:21:19 PM org.jboss.arquillian.container.impl.MapObject populate
Account Console IT (chrome)	Run Account Console IT	2023-05-13T20:21:19.4854172Z WARNING: Configuration contain properties not supported by the backing object org.keycloak.testsuite.arquillian.containers.KeycloakQuarkusConfiguration
Account Console IT (chrome)	Run Account Console IT	2023-05-13T20:21:19.4855116Z Unused property entries: {adapterImplClass=
Account Console IT (chrome)	Run Account Console IT	2023-05-13T20:21:19.4856236Z                 org.keycloak.testsuite.arquillian.containers.KeycloakQuarkusServerDeployableContainer
Account Console IT (chrome)	Run Account Console IT	2023-05-13T20:21:19.4857377Z             , enabled=true}
Account Console IT (chrome)	Run Account Console IT	2023-05-13T20:21:19.4858499Z Supported property names: [bindHttpsPort, keycloakConfigPropertyOverrides, startupTimeoutInSeconds, bindHttpPort, keystorePassword, bindHttpsPortOffset, profile, importFile, bindHttpPortOffset, truststorePassword, javaOpts, route, providersPath, fipsMode, debugPort, keystoreFile, truststoreFile, reaugmentBeforeStart]
Account Console IT (chrome)	Run Account Console IT	2023-05-13T20:21:34.3247789Z May 13, 2023 8:21:34 PM org.jboss.arquillian.drone.webdriver.factory.remote.reusable.ReusedSessionPermanentFileStorage readStore
Account Console IT (chrome)	Run Account Console IT	2023-05-13T20:21:34.3249329Z INFO: Reused session store is not available at /home/runner/.drone-webdriver-session-store, a new one will be created.
Account Console IT (chrome)	Run Account Console IT	2023-05-13T20:21:34.7298907Z SLF4J: Failed to load class "org.slf4j.impl.StaticLoggerBinder".
Account Console IT (chrome)	Run Account Console IT	2023-05-13T20:21:34.7299798Z SLF4J: Defaulting to no-operation (NOP) logger implementation
Account Console IT (chrome)	Run Account Console IT	2023-05-13T20:21:34.7301215Z SLF4J: See http://www.slf4j.org/codes.html#StaticLoggerBinder for further details.
Account Console IT (chrome)	Run Account Console IT	2023-05-13T20:21:35.7270118Z May 13, 2023 8:21:35 PM org.openqa.selenium.remote.DesiredCapabilities chrome
Account Console IT (chrome)	Run Account Console IT	2023-05-13T20:21:35.7271228Z INFO: Using `new ChromeOptions()` is preferred to `DesiredCapabilities.chrome()`
Account Console IT (chrome)	Run Account Console IT	2023-05-13T20:21:35.7272032Z May 13, 2023 8:21:35 PM org.openqa.selenium.remote.DesiredCapabilities chrome
Account Console IT (chrome)	Run Account Console IT	2023-05-13T20:21:35.7273356Z INFO: Using `new ChromeOptions()` is preferred to `DesiredCapabilities.chrome()`
Account Console IT (chrome)	Run Account Console IT	2023-05-13T20:21:35.9302521Z Starting ChromeDriver 113.0.5672.63 (0e1a4471d5ae5bf128b1bd8f4d627c8cbd55f70c-refs/branch-heads/5672@{#912}) on port 30297
Account Console IT (chrome)	Run Account Console IT	2023-05-13T20:21:35.9303321Z Only local connections are allowed.
Account Console IT (chrome)	Run Account Console IT	2023-05-13T20:21:35.9327647Z Please see https://chromedriver.chromium.org/security-considerations for suggestions on keeping ChromeDriver safe.
Account Console IT (chrome)	Run Account Console IT	2023-05-13T20:21:35.9335551Z ChromeDriver was started successfully.
Account Console IT (chrome)	Run Account Console IT	2023-05-13T20:21:37.0294627Z May 13, 2023 8:21:37 PM org.openqa.selenium.remote.ProtocolHandshake createSession
Account Console IT (chrome)	Run Account Console IT	2023-05-13T20:21:37.0295190Z INFO: Detected dialect: W3C
Account Console IT (chrome)	Run Account Console IT	2023-05-13T20:22:14.1865756Z [INFO] Tests run: 3, Failures: 0, Errors: 0, Skipped: 0, Time elapsed: 56.588 s - in org.keycloak.testsuite.ui.account2.ApplicationsTest
Account Console IT (chrome)	Run Account Console IT	2023-05-13T20:22:14.1902017Z [INFO] Running org.keycloak.testsuite.ui.account2.DeleteAccountTest
Account Console IT (chrome)	Run Account Console IT	2023-05-13T20:22:14.2224234Z May 13, 2023 8:22:14 PM org.openqa.selenium.remote.DesiredCapabilities chrome
Account Console IT (chrome)	Run Account Console IT	2023-05-13T20:22:14.2225146Z INFO: Using `new ChromeOptions()` is preferred to `DesiredCapabilities.chrome()`
Account Console IT (chrome)	Run Account Console IT	2023-05-13T20:22:14.2225988Z May 13, 2023 8:22:14 PM org.openqa.selenium.remote.DesiredCapabilities chrome
Account Console IT (chrome)	Run Account Console IT	2023-05-13T20:22:14.2226780Z INFO: Using `new ChromeOptions()` is preferred to `DesiredCapabilities.chrome()`
Account Console IT (chrome)	Run Account Console IT	2023-05-13T20:22:14.2230017Z Starting ChromeDriver 113.0.5672.63 (0e1a4471d5ae5bf128b1bd8f4d627c8cbd55f70c-refs/branch-heads/5672@{#912}) on port 3118
Account Console IT (chrome)	Run Account Console IT	2023-05-13T20:22:14.2231176Z Only local connections are allowed.
Account Console IT (chrome)	Run Account Console IT	2023-05-13T20:22:14.2237287Z Please see https://chromedriver.chromium.org/security-considerations for suggestions on keeping ChromeDriver safe.
Account Console IT (chrome)	Run Account Console IT	2023-05-13T20:22:14.2238663Z ChromeDriver was started successfully.
Account Console IT (chrome)	Run Account Console IT	2023-05-13T20:22:14.5234216Z May 13, 2023 8:22:14 PM org.openqa.selenium.remote.ProtocolHandshake createSession
Account Console IT (chrome)	Run Account Console IT	2023-05-13T20:22:14.5234817Z INFO: Detected dialect: W3C
Account Console IT (chrome)	Run Account Console IT	2023-05-13T20:22:14.6217160Z May 13, 2023 8:22:14 PM org.jboss.arquillian.graphene.enricher.FieldAccessValidatorEnricher checkFieldValidity
Account Console IT (chrome)	Run Account Console IT	2023-05-13T20:22:14.6218688Z WARNING: Package-friendly field 'cancelActionButton' found in org.keycloak.testsuite.auth.page.login.DeleteAccountActionConfirmPage. Direct access to fields outside of the declaring class is not allowed.
Account Console IT (chrome)	Run Account Console IT	2023-05-13T20:22:14.6219647Z May 13, 2023 8:22:14 PM org.jboss.arquillian.graphene.enricher.FieldAccessValidatorEnricher checkFieldValidity
Account Console IT (chrome)	Run Account Console IT	2023-05-13T20:22:14.6220941Z WARNING: Package-friendly field 'confirmActionButton' found in org.keycloak.testsuite.auth.page.login.DeleteAccountActionConfirmPage. Direct access to fields outside of the declaring class is not allowed.
Account Console IT (chrome)	Run Account Console IT	2023-05-13T20:22:14.6222315Z May 13, 2023 8:22:14 PM org.jboss.arquillian.graphene.enricher.FieldAccessValidatorEnricher checkFieldValidity
Account Console IT (chrome)	Run Account Console IT	2023-05-13T20:22:14.6223515Z WARNING: Package-friendly field 'cancelActionButton' found in org.keycloak.testsuite.auth.page.login.DeleteAccountActionConfirmPage$$EnhancerByGraphene$$5d2a3f2d. Direct access to fields outside of the declaring class is not allowed.
Account Console IT (chrome)	Run Account Console IT	2023-05-13T20:22:14.6224503Z May 13, 2023 8:22:14 PM org.jboss.arquillian.graphene.enricher.FieldAccessValidatorEnricher checkFieldValidity
Account Console IT (chrome)	Run Account Console IT	2023-05-13T20:22:14.6225657Z WARNING: Package-friendly field 'confirmActionButton' found in org.keycloak.testsuite.auth.page.login.DeleteAccountActionConfirmPage$$EnhancerByGraphene$$5d2a3f2d. Direct access to fields outside of the declaring class is not allowed.
Account Console IT (chrome)	Run Account Console IT	2023-05-13T20:22:15.0241168Z May 13, 2023 8:22:14 PM org.jboss.arquillian.graphene.enricher.FieldAccessValidatorEnricher checkFieldValidity
Account Console IT (chrome)	Run Account Console IT	2023-05-13T20:22:15.0247115Z WARNING: Package-friendly field 'cancelActionButton' found in org.keycloak.testsuite.auth.page.login.DeleteAccountActionConfirmPage. Direct access to fields outside of the declaring class is not allowed.
Account Console IT (chrome)	Run Account Console IT	2023-05-13T20:22:15.0248241Z May 13, 2023 8:22:14 PM org.jboss.arquillian.graphene.enricher.FieldAccessValidatorEnricher checkFieldValidity
Account Console IT (chrome)	Run Account Console IT	2023-05-13T20:22:15.0249946Z WARNING: Package-friendly field 'confirmActionButton' found in org.keycloak.testsuite.auth.page.login.DeleteAccountActionConfirmPage. Direct access to fields outside of the declaring class is not allowed.
Account Console IT (chrome)	Run Account Console IT	2023-05-13T20:22:15.0250937Z May 13, 2023 8:22:14 PM org.jboss.arquillian.graphene.enricher.FieldAccessValidatorEnricher checkFieldValidity
Account Console IT (chrome)	Run Account Console IT	2023-05-13T20:22:15.0252180Z WARNING: Package-friendly field 'cancelActionButton' found in org.keycloak.testsuite.auth.page.login.DeleteAccountActionConfirmPage$$EnhancerByGraphene$$5d2a3f2d. Direct access to fields outside of the declaring class is not allowed.
Account Console IT (chrome)	Run Account Console IT	2023-05-13T20:22:15.0253198Z May 13, 2023 8:22:14 PM org.jboss.arquillian.graphene.enricher.FieldAccessValidatorEnricher checkFieldValidity
Account Console IT (chrome)	Run Account Console IT	2023-05-13T20:22:15.0254435Z WARNING: Package-friendly field 'confirmActionButton' found in org.keycloak.testsuite.auth.page.login.DeleteAccountActionConfirmPage$$EnhancerByGraphene$$5d2a3f2d. Direct access to fields outside of the declaring class is not allowed.
Account Console IT (chrome)	Run Account Console IT	2023-05-13T20:22:29.1637490Z May 13, 2023 8:22:29 PM org.jboss.arquillian.graphene.enricher.FieldAccessValidatorEnricher checkFieldValidity
Account Console IT (chrome)	Run Account Console IT	2023-05-13T20:22:29.1639499Z WARNING: Package-friendly field 'cancelActionButton' found in org.keycloak.testsuite.auth.page.login.DeleteAccountActionConfirmPage. Direct access to fields outside of the declaring class is not allowed.
Account Console IT (chrome)	Run Account Console IT	2023-05-13T20:22:29.1640691Z May 13, 2023 8:22:29 PM org.jboss.arquillian.graphene.enricher.FieldAccessValidatorEnricher checkFieldValidity
Account Console IT (chrome)	Run Account Console IT	2023-05-13T20:22:29.1642107Z WARNING: Package-friendly field 'confirmActionButton' found in org.keycloak.testsuite.auth.page.login.DeleteAccountActionConfirmPage. Direct access to fields outside of the declaring class is not allowed.
Account Console IT (chrome)	Run Account Console IT	2023-05-13T20:22:29.1643250Z May 13, 2023 8:22:29 PM org.jboss.arquillian.graphene.enricher.FieldAccessValidatorEnricher checkFieldValidity
Account Console IT (chrome)	Run Account Console IT	2023-05-13T20:22:29.1644727Z WARNING: Package-friendly field 'cancelActionButton' found in org.keycloak.testsuite.auth.page.login.DeleteAccountActionConfirmPage$$EnhancerByGraphene$$5d2a3f2d. Direct access to fields outside of the declaring class is not allowed.
Account Console IT (chrome)	Run Account Console IT	2023-05-13T20:22:29.1645865Z May 13, 2023 8:22:29 PM org.jboss.arquillian.graphene.enricher.FieldAccessValidatorEnricher checkFieldValidity
Account Console IT (chrome)	Run Account Console IT	2023-05-13T20:22:29.1647204Z WARNING: Package-friendly field 'confirmActionButton' found in org.keycloak.testsuite.auth.page.login.DeleteAccountActionConfirmPage$$EnhancerByGraphene$$5d2a3f2d. Direct access to fields outside of the declaring class is not allowed.
Account Console IT (chrome)	Run Account Console IT	2023-05-13T20:22:29.3627733Z May 13, 2023 8:22:29 PM org.jboss.arquillian.graphene.enricher.FieldAccessValidatorEnricher checkFieldValidity
Account Console IT (chrome)	Run Account Console IT	2023-05-13T20:22:29.3629613Z WARNING: Package-friendly field 'cancelActionButton' found in org.keycloak.testsuite.auth.page.login.DeleteAccountActionConfirmPage. Direct access to fields outside of the declaring class is not allowed.
Account Console IT (chrome)	Run Account Console IT	2023-05-13T20:22:29.3631400Z May 13, 2023 8:22:29 PM org.jboss.arquillian.graphene.enricher.FieldAccessValidatorEnricher checkFieldValidity
Account Console IT (chrome)	Run Account Console IT	2023-05-13T20:22:29.3632726Z WARNING: Package-friendly field 'confirmActionButton' found in org.keycloak.testsuite.auth.page.login.DeleteAccountActionConfirmPage. Direct access to fields outside of the declaring class is not allowed.
Account Console IT (chrome)	Run Account Console IT	2023-05-13T20:22:29.3633942Z May 13, 2023 8:22:29 PM org.jboss.arquillian.graphene.enricher.FieldAccessValidatorEnricher checkFieldValidity
Account Console IT (chrome)	Run Account Console IT	2023-05-13T20:22:29.3635308Z WARNING: Package-friendly field 'cancelActionButton' found in org.keycloak.testsuite.auth.page.login.DeleteAccountActionConfirmPage$$EnhancerByGraphene$$5d2a3f2d. Direct access to fields outside of the declaring class is not allowed.
Account Console IT (chrome)	Run Account Console IT	2023-05-13T20:22:29.3636697Z May 13, 2023 8:22:29 PM org.jboss.arquillian.graphene.enricher.FieldAccessValidatorEnricher checkFieldValidity
Account Console IT (chrome)	Run Account Console IT	2023-05-13T20:22:29.3638258Z WARNING: Package-friendly field 'confirmActionButton' found in org.keycloak.testsuite.auth.page.login.DeleteAccountActionConfirmPage$$EnhancerByGraphene$$5d2a3f2d. Direct access to fields outside of the declaring class is not allowed.
Account Console IT (chrome)	Run Account Console IT	2023-05-13T20:22:46.4132591Z May 13, 2023 8:22:46 PM org.jboss.arquillian.graphene.enricher.FieldAccessValidatorEnricher checkFieldValidity
Account Console IT (chrome)	Run Account Console IT	2023-05-13T20:22:46.4134277Z WARNING: Package-friendly field 'cancelActionButton' found in org.keycloak.testsuite.auth.page.login.DeleteAccountActionConfirmPage. Direct access to fields outside of the declaring class is not allowed.
Account Console IT (chrome)	Run Account Console IT	2023-05-13T20:22:46.4135382Z May 13, 2023 8:22:46 PM org.jboss.arquillian.graphene.enricher.FieldAccessValidatorEnricher checkFieldValidity
Account Console IT (chrome)	Run Account Console IT	2023-05-13T20:22:46.4136579Z WARNING: Package-friendly field 'confirmActionButton' found in org.keycloak.testsuite.auth.page.login.DeleteAccountActionConfirmPage. Direct access to fields outside of the declaring class is not allowed.
Account Console IT (chrome)	Run Account Console IT	2023-05-13T20:22:46.4137576Z May 13, 2023 8:22:46 PM org.jboss.arquillian.graphene.enricher.FieldAccessValidatorEnricher checkFieldValidity
Account Console IT (chrome)	Run Account Console IT	2023-05-13T20:22:46.4138840Z WARNING: Package-friendly field 'cancelActionButton' found in org.keycloak.testsuite.auth.page.login.DeleteAccountActionConfirmPage$$EnhancerByGraphene$$5d2a3f2d. Direct access to fields outside of the declaring class is not allowed.
Account Console IT (chrome)	Run Account Console IT	2023-05-13T20:22:46.4139883Z May 13, 2023 8:22:46 PM org.jboss.arquillian.graphene.enricher.FieldAccessValidatorEnricher checkFieldValidity
Account Console IT (chrome)	Run Account Console IT	2023-05-13T20:22:46.4141440Z WARNING: Package-friendly field 'confirmActionButton' found in org.keycloak.testsuite.auth.page.login.DeleteAccountActionConfirmPage$$EnhancerByGraphene$$5d2a3f2d. Direct access to fields outside of the declaring class is not allowed.
Account Console IT (chrome)	Run Account Console IT	2023-05-13T20:22:46.6103406Z May 13, 2023 8:22:46 PM org.jboss.arquillian.graphene.enricher.FieldAccessValidatorEnricher checkFieldValidity
Account Console IT (chrome)	Run Account Console IT	2023-05-13T20:22:46.6105302Z WARNING: Package-friendly field 'cancelActionButton' found in org.keycloak.testsuite.auth.page.login.DeleteAccountActionConfirmPage. Direct access to fields outside of the declaring class is not allowed.
Account Console IT (chrome)	Run Account Console IT	2023-05-13T20:22:46.6106396Z May 13, 2023 8:22:46 PM org.jboss.arquillian.graphene.enricher.FieldAccessValidatorEnricher checkFieldValidity
Account Console IT (chrome)	Run Account Console IT	2023-05-13T20:22:46.6107720Z WARNING: Package-friendly field 'confirmActionButton' found in org.keycloak.testsuite.auth.page.login.DeleteAccountActionConfirmPage. Direct access to fields outside of the declaring class is not allowed.
Account Console IT (chrome)	Run Account Console IT	2023-05-13T20:22:46.6108727Z May 13, 2023 8:22:46 PM org.jboss.arquillian.graphene.enricher.FieldAccessValidatorEnricher checkFieldValidity
Account Console IT (chrome)	Run Account Console IT	2023-05-13T20:22:46.6110095Z WARNING: Package-friendly field 'cancelActionButton' found in org.keycloak.testsuite.auth.page.login.DeleteAccountActionConfirmPage$$EnhancerByGraphene$$5d2a3f2d. Direct access to fields outside of the declaring class is not allowed.
Account Console IT (chrome)	Run Account Console IT	2023-05-13T20:22:46.6111884Z May 13, 2023 8:22:46 PM org.jboss.arquillian.graphene.enricher.FieldAccessValidatorEnricher checkFieldValidity
Account Console IT (chrome)	Run Account Console IT	2023-05-13T20:22:46.6113369Z WARNING: Package-friendly field 'confirmActionButton' found in org.keycloak.testsuite.auth.page.login.DeleteAccountActionConfirmPage$$EnhancerByGraphene$$5d2a3f2d. Direct access to fields outside of the declaring class is not allowed.
Account Console IT (chrome)	Run Account Console IT	2023-05-13T20:23:04.2442712Z May 13, 2023 8:23:04 PM org.jboss.arquillian.graphene.enricher.FieldAccessValidatorEnricher checkFieldValidity
Account Console IT (chrome)	Run Account Console IT	2023-05-13T20:23:04.2444367Z WARNING: Package-friendly field 'cancelActionButton' found in org.keycloak.testsuite.auth.page.login.DeleteAccountActionConfirmPage. Direct access to fields outside of the declaring class is not allowed.
Account Console IT (chrome)	Run Account Console IT	2023-05-13T20:23:04.2445434Z May 13, 2023 8:23:04 PM org.jboss.arquillian.graphene.enricher.FieldAccessValidatorEnricher checkFieldValidity
Account Console IT (chrome)	Run Account Console IT	2023-05-13T20:23:04.2446714Z WARNING: Package-friendly field 'confirmActionButton' found in org.keycloak.testsuite.auth.page.login.DeleteAccountActionConfirmPage. Direct access to fields outside of the declaring class is not allowed.
Account Console IT (chrome)	Run Account Console IT	2023-05-13T20:23:04.2447810Z May 13, 2023 8:23:04 PM org.jboss.arquillian.graphene.enricher.FieldAccessValidatorEnricher checkFieldValidity
Account Console IT (chrome)	Run Account Console IT	2023-05-13T20:23:04.2449166Z WARNING: Package-friendly field 'cancelActionButton' found in org.keycloak.testsuite.auth.page.login.DeleteAccountActionConfirmPage$$EnhancerByGraphene$$5d2a3f2d. Direct access to fields outside of the declaring class is not allowed.
Account Console IT (chrome)	Run Account Console IT	2023-05-13T20:23:04.2450757Z May 13, 2023 8:23:04 PM org.jboss.arquillian.graphene.enricher.FieldAccessValidatorEnricher checkFieldValidity
Account Console IT (chrome)	Run Account Console IT	2023-05-13T20:23:04.2452103Z WARNING: Package-friendly field 'confirmActionButton' found in org.keycloak.testsuite.auth.page.login.DeleteAccountActionConfirmPage$$EnhancerByGraphene$$5d2a3f2d. Direct access to fields outside of the declaring class is not allowed.
Account Console IT (chrome)	Run Account Console IT	2023-05-13T20:23:04.5431162Z May 13, 2023 8:23:04 PM org.jboss.arquillian.graphene.enricher.FieldAccessValidatorEnricher checkFieldValidity
Account Console IT (chrome)	Run Account Console IT	2023-05-13T20:23:04.5432886Z WARNING: Package-friendly field 'cancelActionButton' found in org.keycloak.testsuite.auth.page.login.DeleteAccountActionConfirmPage. Direct access to fields outside of the declaring class is not allowed.
Account Console IT (chrome)	Run Account Console IT	2023-05-13T20:23:04.5434561Z May 13, 2023 8:23:04 PM org.jboss.arquillian.graphene.enricher.FieldAccessValidatorEnricher checkFieldValidity
Account Console IT (chrome)	Run Account Console IT	2023-05-13T20:23:04.5435909Z WARNING: Package-friendly field 'confirmActionButton' found in org.keycloak.testsuite.auth.page.login.DeleteAccountActionConfirmPage. Direct access to fields outside of the declaring class is not allowed.
Account Console IT (chrome)	Run Account Console IT	2023-05-13T20:23:04.5437182Z May 13, 2023 8:23:04 PM org.jboss.arquillian.graphene.enricher.FieldAccessValidatorEnricher checkFieldValidity
Account Console IT (chrome)	Run Account Console IT	2023-05-13T20:23:04.5438532Z WARNING: Package-friendly field 'cancelActionButton' found in org.keycloak.testsuite.auth.page.login.DeleteAccountActionConfirmPage$$EnhancerByGraphene$$5d2a3f2d. Direct access to fields outside of the declaring class is not allowed.
Account Console IT (chrome)	Run Account Console IT	2023-05-13T20:23:04.5440438Z May 13, 2023 8:23:04 PM org.jboss.arquillian.graphene.enricher.FieldAccessValidatorEnricher checkFieldValidity
Account Console IT (chrome)	Run Account Console IT	2023-05-13T20:23:04.5441828Z WARNING: Package-friendly field 'confirmActionButton' found in org.keycloak.testsuite.auth.page.login.DeleteAccountActionConfirmPage$$EnhancerByGraphene$$5d2a3f2d. Direct access to fields outside of the declaring class is not allowed.
Account Console IT (chrome)	Run Account Console IT	2023-05-13T20:23:20.0756712Z May 13, 2023 8:23:20 PM org.jboss.arquillian.graphene.enricher.FieldAccessValidatorEnricher checkFieldValidity
Account Console IT (chrome)	Run Account Console IT	2023-05-13T20:23:20.0758387Z WARNING: Package-friendly field 'cancelActionButton' found in org.keycloak.testsuite.auth.page.login.DeleteAccountActionConfirmPage. Direct access to fields outside of the declaring class is not allowed.
Account Console IT (chrome)	Run Account Console IT	2023-05-13T20:23:20.0759452Z May 13, 2023 8:23:20 PM org.jboss.arquillian.graphene.enricher.FieldAccessValidatorEnricher checkFieldValidity
Account Console IT (chrome)	Run Account Console IT	2023-05-13T20:23:20.0760737Z WARNING: Package-friendly field 'confirmActionButton' found in org.keycloak.testsuite.auth.page.login.DeleteAccountActionConfirmPage. Direct access to fields outside of the declaring class is not allowed.
Account Console IT (chrome)	Run Account Console IT	2023-05-13T20:23:20.0762235Z May 13, 2023 8:23:20 PM org.jboss.arquillian.graphene.enricher.FieldAccessValidatorEnricher checkFieldValidity
Account Console IT (chrome)	Run Account Console IT	2023-05-13T20:23:20.0763630Z WARNING: Package-friendly field 'cancelActionButton' found in org.keycloak.testsuite.auth.page.login.DeleteAccountActionConfirmPage$$EnhancerByGraphene$$5d2a3f2d. Direct access to fields outside of the declaring class is not allowed.
Account Console IT (chrome)	Run Account Console IT	2023-05-13T20:23:20.0765499Z May 13, 2023 8:23:20 PM org.jboss.arquillian.graphene.enricher.FieldAccessValidatorEnricher checkFieldValidity
Account Console IT (chrome)	Run Account Console IT	2023-05-13T20:23:20.0766899Z WARNING: Package-friendly field 'confirmActionButton' found in org.keycloak.testsuite.auth.page.login.DeleteAccountActionConfirmPage$$EnhancerByGraphene$$5d2a3f2d. Direct access to fields outside of the declaring class is not allowed.
Account Console IT (chrome)	Run Account Console IT	2023-05-13T20:23:20.2755649Z May 13, 2023 8:23:20 PM org.jboss.arquillian.graphene.enricher.FieldAccessValidatorEnricher checkFieldValidity
Account Console IT (chrome)	Run Account Console IT	2023-05-13T20:23:20.2758297Z WARNING: Package-friendly field 'cancelActionButton' found in org.keycloak.testsuite.auth.page.login.DeleteAccountActionConfirmPage. Direct access to fields outside of the declaring class is not allowed.
Account Console IT (chrome)	Run Account Console IT	2023-05-13T20:23:20.2760002Z May 13, 2023 8:23:20 PM org.jboss.arquillian.graphene.enricher.FieldAccessValidatorEnricher checkFieldValidity
Account Console IT (chrome)	Run Account Console IT	2023-05-13T20:23:20.2761372Z WARNING: Package-friendly field 'confirmActionButton' found in org.keycloak.testsuite.auth.page.login.DeleteAccountActionConfirmPage. Direct access to fields outside of the declaring class is not allowed.
Account Console IT (chrome)	Run Account Console IT	2023-05-13T20:23:20.2762350Z May 13, 2023 8:23:20 PM org.jboss.arquillian.graphene.enricher.FieldAccessValidatorEnricher checkFieldValidity
Account Console IT (chrome)	Run Account Console IT	2023-05-13T20:23:20.2763602Z WARNING: Package-friendly field 'cancelActionButton' found in org.keycloak.testsuite.auth.page.login.DeleteAccountActionConfirmPage$$EnhancerByGraphene$$5d2a3f2d. Direct access to fields outside of the declaring class is not allowed.
Account Console IT (chrome)	Run Account Console IT	2023-05-13T20:23:20.2764856Z May 13, 2023 8:23:20 PM org.jboss.arquillian.graphene.enricher.FieldAccessValidatorEnricher checkFieldValidity
Account Console IT (chrome)	Run Account Console IT	2023-05-13T20:23:20.2766184Z WARNING: Package-friendly field 'confirmActionButton' found in org.keycloak.testsuite.auth.page.login.DeleteAccountActionConfirmPage$$EnhancerByGraphene$$5d2a3f2d. Direct access to fields outside of the declaring class is not allowed.
Account Console IT (chrome)	Run Account Console IT	2023-05-13T20:23:32.2968421Z May 13, 2023 8:23:32 PM org.jboss.arquillian.graphene.enricher.FieldAccessValidatorEnricher checkFieldValidity
Account Console IT (chrome)	Run Account Console IT	2023-05-13T20:23:32.2970410Z WARNING: Package-friendly field 'cancelActionButton' found in org.keycloak.testsuite.auth.page.login.DeleteAccountActionConfirmPage. Direct access to fields outside of the declaring class is not allowed.
Account Console IT (chrome)	Run Account Console IT	2023-05-13T20:23:32.2971968Z May 13, 2023 8:23:32 PM org.jboss.arquillian.graphene.enricher.FieldAccessValidatorEnricher checkFieldValidity
Account Console IT (chrome)	Run Account Console IT	2023-05-13T20:23:32.2973349Z WARNING: Package-friendly field 'confirmActionButton' found in org.keycloak.testsuite.auth.page.login.DeleteAccountActionConfirmPage. Direct access to fields outside of the declaring class is not allowed.
Account Console IT (chrome)	Run Account Console IT	2023-05-13T20:23:32.2974736Z May 13, 2023 8:23:32 PM org.jboss.arquillian.graphene.enricher.FieldAccessValidatorEnricher checkFieldValidity
Account Console IT (chrome)	Run Account Console IT	2023-05-13T20:23:32.2976269Z WARNING: Package-friendly field 'cancelActionButton' found in org.keycloak.testsuite.auth.page.login.DeleteAccountActionConfirmPage$$EnhancerByGraphene$$5d2a3f2d. Direct access to fields outside of the declaring class is not allowed.
Account Console IT (chrome)	Run Account Console IT	2023-05-13T20:23:32.2977596Z May 13, 2023 8:23:32 PM org.jboss.arquillian.graphene.enricher.FieldAccessValidatorEnricher checkFieldValidity
Account Console IT (chrome)	Run Account Console IT	2023-05-13T20:23:32.2978927Z WARNING: Package-friendly field 'confirmActionButton' found in org.keycloak.testsuite.auth.page.login.DeleteAccountActionConfirmPage$$EnhancerByGraphene$$5d2a3f2d. Direct access to fields outside of the declaring class is not allowed.
Account Console IT (chrome)	Run Account Console IT	2023-05-13T20:23:32.4970028Z May 13, 2023 8:23:32 PM org.jboss.arquillian.graphene.enricher.FieldAccessValidatorEnricher checkFieldValidity
Account Console IT (chrome)	Run Account Console IT	2023-05-13T20:23:32.4973474Z WARNING: Package-friendly field 'cancelActionButton' found in org.keycloak.testsuite.auth.page.login.DeleteAccountActionConfirmPage. Direct access to fields outside of the declaring class is not allowed.
Account Console IT (chrome)	Run Account Console IT	2023-05-13T20:23:32.4975775Z May 13, 2023 8:23:32 PM org.jboss.arquillian.graphene.enricher.FieldAccessValidatorEnricher checkFieldValidity
Account Console IT (chrome)	Run Account Console IT	2023-05-13T20:23:32.4977948Z WARNING: Package-friendly field 'confirmActionButton' found in org.keycloak.testsuite.auth.page.login.DeleteAccountActionConfirmPage. Direct access to fields outside of the declaring class is not allowed.
Account Console IT (chrome)	Run Account Console IT	2023-05-13T20:23:32.4980054Z May 13, 2023 8:23:32 PM org.jboss.arquillian.graphene.enricher.FieldAccessValidatorEnricher checkFieldValidity
Account Console IT (chrome)	Run Account Console IT	2023-05-13T20:23:32.4982293Z WARNING: Package-friendly field 'cancelActionButton' found in org.keycloak.testsuite.auth.page.login.DeleteAccountActionConfirmPage$$EnhancerByGraphene$$5d2a3f2d. Direct access to fields outside of the declaring class is not allowed.
Account Console IT (chrome)	Run Account Console IT	2023-05-13T20:23:32.4984512Z May 13, 2023 8:23:32 PM org.jboss.arquillian.graphene.enricher.FieldAccessValidatorEnricher checkFieldValidity
Account Console IT (chrome)	Run Account Console IT	2023-05-13T20:23:32.4986743Z WARNING: Package-friendly field 'confirmActionButton' found in org.keycloak.testsuite.auth.page.login.DeleteAccountActionConfirmPage$$EnhancerByGraphene$$5d2a3f2d. Direct access to fields outside of the declaring class is not allowed.
Account Console IT (chrome)	Run Account Console IT	2023-05-13T20:23:44.0160232Z [INFO] Tests run: 6, Failures: 0, Errors: 0, Skipped: 0, Time elapsed: 89.749 s - in org.keycloak.testsuite.ui.account2.DeleteAccountTest
Account Console IT (chrome)	Run Account Console IT	2023-05-13T20:23:44.0294508Z [INFO] Running org.keycloak.testsuite.ui.account2.DeviceActivityTest
Account Console IT (chrome)	Run Account Console IT	2023-05-13T20:23:44.1234473Z May 13, 2023 8:23:43 PM org.openqa.selenium.remote.DesiredCapabilities chrome
Account Console IT (chrome)	Run Account Console IT	2023-05-13T20:23:44.1235381Z INFO: Using `new ChromeOptions()` is preferred to `DesiredCapabilities.chrome()`
Account Console IT (chrome)	Run Account Console IT	2023-05-13T20:23:44.1236019Z May 13, 2023 8:23:43 PM org.openqa.selenium.remote.DesiredCapabilities chrome
Account Console IT (chrome)	Run Account Console IT	2023-05-13T20:23:44.1236691Z INFO: Using `new ChromeOptions()` is preferred to `DesiredCapabilities.chrome()`
Account Console IT (chrome)	Run Account Console IT	2023-05-13T20:23:44.1237825Z Starting ChromeDriver 113.0.5672.63 (0e1a4471d5ae5bf128b1bd8f4d627c8cbd55f70c-refs/branch-heads/5672@{#912}) on port 7926
Account Console IT (chrome)	Run Account Console IT	2023-05-13T20:23:44.1238361Z Only local connections are allowed.
Account Console IT (chrome)	Run Account Console IT	2023-05-13T20:23:44.1239100Z Please see https://chromedriver.chromium.org/security-considerations for suggestions on keeping ChromeDriver safe.
Account Console IT (chrome)	Run Account Console IT	2023-05-13T20:23:44.1239666Z ChromeDriver was started successfully.
Account Console IT (chrome)	Run Account Console IT	2023-05-13T20:23:44.3224591Z May 13, 2023 8:23:44 PM org.openqa.selenium.remote.ProtocolHandshake createSession
Account Console IT (chrome)	Run Account Console IT	2023-05-13T20:23:44.3238977Z INFO: Detected dialect: W3C
Account Console IT (chrome)	Run Account Console IT	2023-05-13T20:26:14.0265208Z [INFO] Tests run: 8, Failures: 0, Errors: 0, Skipped: 0, Time elapsed: 149.924 s - in org.keycloak.testsuite.ui.account2.DeviceActivityTest
Account Console IT (chrome)	Run Account Console IT	2023-05-13T20:26:14.0269659Z [INFO] Running org.keycloak.testsuite.ui.account2.InternationalizationTest
Account Console IT (chrome)	Run Account Console IT	2023-05-13T20:26:14.0995934Z May 13, 2023 8:26:14 PM org.openqa.selenium.remote.DesiredCapabilities chrome
Account Console IT (chrome)	Run Account Console IT	2023-05-13T20:26:14.0996709Z INFO: Using `new ChromeOptions()` is preferred to `DesiredCapabilities.chrome()`
Account Console IT (chrome)	Run Account Console IT	2023-05-13T20:26:14.0997303Z May 13, 2023 8:26:14 PM org.openqa.selenium.remote.DesiredCapabilities chrome
Account Console IT (chrome)	Run Account Console IT	2023-05-13T20:26:14.0997923Z INFO: Using `new ChromeOptions()` is preferred to `DesiredCapabilities.chrome()`
Account Console IT (chrome)	Run Account Console IT	2023-05-13T20:26:14.0998899Z Starting ChromeDriver 113.0.5672.63 (0e1a4471d5ae5bf128b1bd8f4d627c8cbd55f70c-refs/branch-heads/5672@{#912}) on port 7354
Account Console IT (chrome)	Run Account Console IT	2023-05-13T20:26:14.0999426Z Only local connections are allowed.
Account Console IT (chrome)	Run Account Console IT	2023-05-13T20:26:14.1000370Z Please see https://chromedriver.chromium.org/security-considerations for suggestions on keeping ChromeDriver safe.
Account Console IT (chrome)	Run Account Console IT	2023-05-13T20:26:14.1000982Z ChromeDriver was started successfully.
Account Console IT (chrome)	Run Account Console IT	2023-05-13T20:26:14.4918755Z May 13, 2023 8:26:14 PM org.openqa.selenium.remote.ProtocolHandshake createSession
Account Console IT (chrome)	Run Account Console IT	2023-05-13T20:26:14.4930298Z INFO: Detected dialect: W3C
Account Console IT (chrome)	Run Account Console IT	2023-05-13T20:26:39.5450248Z May 13, 2023 8:26:39 PM org.openqa.selenium.remote.DesiredCapabilities chrome
Account Console IT (chrome)	Run Account Console IT	2023-05-13T20:26:39.5451033Z INFO: Using `new ChromeOptions()` is preferred to `DesiredCapabilities.chrome()`
Account Console IT (chrome)	Run Account Console IT	2023-05-13T20:26:39.5451626Z May 13, 2023 8:26:39 PM org.openqa.selenium.remote.DesiredCapabilities chrome
Account Console IT (chrome)	Run Account Console IT	2023-05-13T20:26:39.5452245Z INFO: Using `new ChromeOptions()` is preferred to `DesiredCapabilities.chrome()`
Account Console IT (chrome)	Run Account Console IT	2023-05-13T20:26:39.5453229Z Starting ChromeDriver 113.0.5672.63 (0e1a4471d5ae5bf128b1bd8f4d627c8cbd55f70c-refs/branch-heads/5672@{#912}) on port 11403
Account Console IT (chrome)	Run Account Console IT	2023-05-13T20:26:39.5453757Z Only local connections are allowed.
Account Console IT (chrome)	Run Account Console IT	2023-05-13T20:26:39.5454477Z Please see https://chromedriver.chromium.org/security-considerations for suggestions on keeping ChromeDriver safe.
Account Console IT (chrome)	Run Account Console IT	2023-05-13T20:26:39.5455046Z ChromeDriver was started successfully.
Account Console IT (chrome)	Run Account Console IT	2023-05-13T20:26:39.7401256Z May 13, 2023 8:26:39 PM org.openqa.selenium.remote.ProtocolHandshake createSession
Account Console IT (chrome)	Run Account Console IT	2023-05-13T20:26:39.7402892Z INFO: Detected dialect: W3C
Account Console IT (chrome)	Run Account Console IT	2023-05-13T20:26:49.7585295Z May 13, 2023 8:26:49 PM org.openqa.selenium.remote.DesiredCapabilities chrome
Account Console IT (chrome)	Run Account Console IT	2023-05-13T20:26:49.7586202Z INFO: Using `new ChromeOptions()` is preferred to `DesiredCapabilities.chrome()`
Account Console IT (chrome)	Run Account Console IT	2023-05-13T20:26:49.7586866Z May 13, 2023 8:26:49 PM org.openqa.selenium.remote.DesiredCapabilities chrome
Account Console IT (chrome)	Run Account Console IT	2023-05-13T20:26:49.7587925Z INFO: Using `new ChromeOptions()` is preferred to `DesiredCapabilities.chrome()`
Account Console IT (chrome)	Run Account Console IT	2023-05-13T20:26:49.9583790Z Starting ChromeDriver 113.0.5672.63 (0e1a4471d5ae5bf128b1bd8f4d627c8cbd55f70c-refs/branch-heads/5672@{#912}) on port 23006
Account Console IT (chrome)	Run Account Console IT	2023-05-13T20:26:49.9584574Z Only local connections are allowed.
Account Console IT (chrome)	Run Account Console IT	2023-05-13T20:26:49.9585372Z Please see https://chromedriver.chromium.org/security-considerations for suggestions on keeping ChromeDriver safe.
Account Console IT (chrome)	Run Account Console IT	2023-05-13T20:26:49.9585990Z ChromeDriver was started successfully.
Account Console IT (chrome)	Run Account Console IT	2023-05-13T20:26:50.0572706Z May 13, 2023 8:26:49 PM org.openqa.selenium.remote.ProtocolHandshake createSession
Account Console IT (chrome)	Run Account Console IT	2023-05-13T20:26:50.0573852Z INFO: Detected dialect: W3C
Account Console IT (chrome)	Run Account Console IT	2023-05-13T20:26:59.8581468Z --------- org.keycloak.testsuite.ui.account2.InternationalizationTest output start ---------
Account Console IT (chrome)	Run Account Console IT	2023-05-13T20:26:59.8582590Z InternationalizationTest ++ 20:26:14,018 INFO  [org.keycloak.testsuite.arquillian.AppServerTestEnricher] 
Account Console IT (chrome)	Run Account Console IT	2023-05-13T20:26:59.8583266Z InternationalizationTest ++ 
Account Console IT (chrome)	Run Account Console IT	2023-05-13T20:26:59.8584086Z InternationalizationTest ++ TEST CONTEXT: org.keycloak.testsuite.ui.account2.InternationalizationTest
Account Console IT (chrome)	Run Account Console IT	2023-05-13T20:26:59.8584710Z InternationalizationTest ++ 
Account Console IT (chrome)	Run Account Console IT	2023-05-13T20:26:59.8585441Z InternationalizationTest ++ 20:26:14,020 INFO  [org.keycloak.testsuite.ui.account2.InternationalizationTest] [InternationalizationTest] loggedInPageTest() STARTED
Account Console IT (chrome)	Run Account Console IT	2023-05-13T20:26:59.8586379Z InternationalizationTest ++ 20:26:14,332 INFO  [org.keycloak.testsuite.drone.KeycloakDronePostSetup] Detected browser: chrome 113.0.5672.63
Account Console IT (chrome)	Run Account Console IT	2023-05-13T20:26:59.8587297Z InternationalizationTest ++ 20:26:14,333 INFO  [org.keycloak.testsuite.drone.KeycloakDronePostSetup] Configuring driver settings. implicitWait=2000, pageLoadTimeout=10000
Account Console IT (chrome)	Run Account Console IT	2023-05-13T20:26:59.8588326Z InternationalizationTest ++ 20:26:14,674 DEBUG [org.keycloak.testsuite.ui.account2.InternationalizationTest] loading test realms
Account Console IT (chrome)	Run Account Console IT	2023-05-13T20:26:59.8589721Z InternationalizationTest ++ 2023-05-13 20:26:14,814 WARN  [org.keycloak.theme.DefaultThemeManager] (executor-thread-189) Not found parent theme 'keycloak' of theme 'address'. Unable to load ADMIN theme 'address' due to this.
Account Console IT (chrome)	Run Account Console IT	2023-05-13T20:26:59.8590935Z InternationalizationTest ++ 2023-05-13 20:26:14,815 ERROR [org.keycloak.theme.DefaultThemeManager] (executor-thread-189) Failed to find ADMIN theme address, using built-in themes
Account Console IT (chrome)	Run Account Console IT	2023-05-13T20:26:59.8592245Z InternationalizationTest ++ 2023-05-13 20:26:14,821 WARN  [org.keycloak.theme.DefaultThemeManager] (executor-thread-189) Not found theme 'admin/keycloak' referenced as import of theme 'incorrect'. Unable to load ADMIN theme 'incorrect' due to this.
Account Console IT (chrome)	Run Account Console IT	2023-05-13T20:26:59.8593696Z InternationalizationTest ++ 2023-05-13 20:26:14,823 ERROR [org.keycloak.theme.DefaultThemeManager] (executor-thread-189) Failed to find ADMIN theme incorrect, using built-in themes
Account Console IT (chrome)	Run Account Console IT	2023-05-13T20:26:59.8595330Z InternationalizationTest ++ 20:26:14,874 INFO  [org.keycloak.testsuite.ui.account2.InternationalizationTest] importing test realms
Account Console IT (chrome)	Run Account Console IT	2023-05-13T20:26:59.8596437Z InternationalizationTest ++ 20:26:14,874 DEBUG [org.keycloak.testsuite.ui.account2.InternationalizationTest] --importing realm: test
Account Console IT (chrome)	Run Account Console IT	2023-05-13T20:26:59.8597241Z InternationalizationTest ++ 20:26:15,862 INFO  [org.keycloak.testsuite.util.URLUtils] starting navigation
Account Console IT (chrome)	Run Account Console IT	2023-05-13T20:26:59.8597939Z InternationalizationTest ++ 20:26:15,868 INFO  [org.keycloak.testsuite.util.URLUtils] current URL:  data:,
Account Console IT (chrome)	Run Account Console IT	2023-05-13T20:26:59.8598974Z InternationalizationTest ++ 20:26:15,868 INFO  [org.keycloak.testsuite.util.URLUtils] navigating to https://localhost:8543/auth/realms/test/super-random-page
Account Console IT (chrome)	Run Account Console IT	2023-05-13T20:26:59.8600061Z InternationalizationTest ++ 20:26:16,616 INFO  [org.keycloak.testsuite.util.URLUtils] new current URL:  https://localhost:8543/auth/realms/test/super-random-page
Account Console IT (chrome)	Run Account Console IT	2023-05-13T20:26:59.8613352Z InternationalizationTest ++ 20:26:16,616 INFO  [org.keycloak.testsuite.util.URLUtils] navigation complete
Account Console IT (chrome)	Run Account Console IT	2023-05-13T20:26:59.8614601Z InternationalizationTest ++ 20:26:16,616 INFO  [org.keycloak.testsuite.ui.account2.InternationalizationTest] deleting cookies in 'test' realm
Account Console IT (chrome)	Run Account Console IT	2023-05-13T20:26:59.8617915Z InternationalizationTest ++ 20:26:16,641 DEBUG [org.keycloak.testsuite.ui.account2.InternationalizationTest] creating test user
Account Console IT (chrome)	Run Account Console IT	2023-05-13T20:26:59.8618624Z InternationalizationTest ++ 20:26:16,728 INFO  [org.keycloak.testsuite.util.URLUtils] starting navigation
Account Console IT (chrome)	Run Account Console IT	2023-05-13T20:26:59.8619581Z InternationalizationTest ++ 20:26:16,733 INFO  [org.keycloak.testsuite.util.URLUtils] current URL:  https://localhost:8543/auth/realms/test/super-random-page
Account Console IT (chrome)	Run Account Console IT	2023-05-13T20:26:59.8620357Z InternationalizationTest ++ 20:26:16,733 INFO  [org.keycloak.testsuite.util.URLUtils] navigating to https://localhost:8543/auth/realms/test/account/
Account Console IT (chrome)	Run Account Console IT	2023-05-13T20:26:59.8621041Z InternationalizationTest ++ 20:26:17,937 INFO  [org.keycloak.testsuite.util.WaitUtils] Wait: 2000ms
Account Console IT (chrome)	Run Account Console IT	2023-05-13T20:26:59.8621729Z InternationalizationTest ++ 20:26:19,943 INFO  [org.keycloak.testsuite.util.URLUtils] new current URL:  https://localhost:8543/auth/realms/test/account/#/
Account Console IT (chrome)	Run Account Console IT	2023-05-13T20:26:59.8622428Z InternationalizationTest ++ 20:26:19,944 INFO  [org.keycloak.testsuite.util.URLUtils] navigation complete
Account Console IT (chrome)	Run Account Console IT	2023-05-13T20:26:59.8623036Z InternationalizationTest ++ 20:26:19,958 INFO  [org.keycloak.testsuite.util.URLUtils] starting navigation
Account Console IT (chrome)	Run Account Console IT	2023-05-13T20:26:59.8623719Z InternationalizationTest ++ 20:26:19,966 INFO  [org.keycloak.testsuite.util.URLUtils] current URL:  https://localhost:8543/auth/realms/test/account/#/
Account Console IT (chrome)	Run Account Console IT	2023-05-13T20:26:59.8624677Z InternationalizationTest ++ 20:26:19,966 INFO  [org.keycloak.testsuite.util.URLUtils] navigating to https://localhost:8543/auth/realms/test/account/#/personal-info
Account Console IT (chrome)	Run Account Console IT	2023-05-13T20:26:59.8626764Z InternationalizationTest ++ 20:26:20,601 INFO  [org.keycloak.testsuite.util.URLUtils] new current URL:  https://localhost:8543/auth/realms/test/protocol/openid-connect/auth?client_id=account-console&redirect_uri=https%3A%2F%2Flocalhost%3A8543%2Fauth%2Frealms%2Ftest%2Faccount%2F%23%2Fpersonal-info&state=d7b38a95-f2a5-4dab-81a0-ebcbfc178c3d&response_mode=fragment&response_type=code&scope=openid&nonce=c09d51b5-817c-4e47-88ad-30026f0e1aae&code_challenge=pt5s7YlazJ0TU73VTuFIvmFP_UOy4_BzXm41BhlMfpE&code_challenge_method=S256
Account Console IT (chrome)	Run Account Console IT	2023-05-13T20:26:59.8627998Z InternationalizationTest ++ 20:26:20,601 INFO  [org.keycloak.testsuite.util.URLUtils] navigation complete
Account Console IT (chrome)	Run Account Console IT	2023-05-13T20:26:59.8628560Z InternationalizationTest ++ 20:26:21,831 INFO  [org.keycloak.testsuite.util.WaitUtils] Wait: 2000ms
Account Console IT (chrome)	Run Account Console IT	2023-05-13T20:26:59.8629110Z InternationalizationTest ++ 20:26:24,784 INFO  [org.keycloak.testsuite.util.WaitUtils] Wait: 2000ms
Account Console IT (chrome)	Run Account Console IT	2023-05-13T20:26:59.8629664Z InternationalizationTest ++ 20:26:28,043 INFO  [org.keycloak.testsuite.util.WaitUtils] Wait: 2000ms
Account Console IT (chrome)	Run Account Console IT	2023-05-13T20:26:59.8630492Z InternationalizationTest ++ 20:26:30,152 INFO  [org.keycloak.testsuite.ui.account2.InternationalizationTest] calling all TestCleanup
Account Console IT (chrome)	Run Account Console IT	2023-05-13T20:26:59.8631289Z InternationalizationTest ++ 20:26:30,159 INFO  [org.keycloak.testsuite.ui.account2.InternationalizationTest] [InternationalizationTest] loggedInPageTest() FINISHED
Account Console IT (chrome)	Run Account Console IT	2023-05-13T20:26:59.8631865Z InternationalizationTest ++ 
Account Console IT (chrome)	Run Account Console IT	2023-05-13T20:26:59.8632186Z InternationalizationTest ++ 
Account Console IT (chrome)	Run Account Console IT	2023-05-13T20:26:59.8632769Z InternationalizationTest ++ 20:26:30,181 WARN  [org.keycloak.testsuite.ui.account2.InternationalizationTest] [InternationalizationTest] loginFormTest() IGNORED
Account Console IT (chrome)	Run Account Console IT	2023-05-13T20:26:59.8658333Z InternationalizationTest ++ 
Account Console IT (chrome)	Run Account Console IT	2023-05-13T20:26:59.8658696Z InternationalizationTest ++ 
Account Console IT (chrome)	Run Account Console IT	2023-05-13T20:26:59.8659298Z InternationalizationTest ++ 20:26:30,181 INFO  [org.keycloak.testsuite.ui.account2.InternationalizationTest] [InternationalizationTest] userAttributeTest() STARTED
Account Console IT (chrome)	Run Account Console IT	2023-05-13T20:26:59.8660033Z InternationalizationTest ++ 20:26:30,391 INFO  [org.keycloak.testsuite.util.URLUtils] starting navigation
Account Console IT (chrome)	Run Account Console IT	2023-05-13T20:26:59.8660696Z InternationalizationTest ++ 20:26:30,396 INFO  [org.keycloak.testsuite.util.URLUtils] current URL:  https://localhost:8543/auth/realms/test/account/#/
Account Console IT (chrome)	Run Account Console IT	2023-05-13T20:26:59.8661934Z InternationalizationTest ++ 20:26:30,396 INFO  [org.keycloak.testsuite.util.URLUtils] navigating to https://localhost:8543/auth/realms/test/super-random-page
Account Console IT (chrome)	Run Account Console IT	2023-05-13T20:26:59.8663021Z InternationalizationTest ++ 20:26:30,995 INFO  [org.keycloak.testsuite.util.URLUtils] new current URL:  https://localhost:8543/auth/realms/test/super-random-page
Account Console IT (chrome)	Run Account Console IT	2023-05-13T20:26:59.8663672Z InternationalizationTest ++ 20:26:30,995 INFO  [org.keycloak.testsuite.util.URLUtils] navigation complete
Account Console IT (chrome)	Run Account Console IT	2023-05-13T20:26:59.8664511Z InternationalizationTest ++ 20:26:30,995 INFO  [org.keycloak.testsuite.ui.account2.InternationalizationTest] deleting cookies in 'test' realm
Account Console IT (chrome)	Run Account Console IT	2023-05-13T20:26:59.8665252Z InternationalizationTest ++ 20:26:31,031 DEBUG [org.keycloak.testsuite.ui.account2.InternationalizationTest] creating test user
Account Console IT (chrome)	Run Account Console IT	2023-05-13T20:26:59.8665901Z InternationalizationTest ++ 20:26:31,128 INFO  [org.keycloak.testsuite.util.URLUtils] starting navigation
Account Console IT (chrome)	Run Account Console IT	2023-05-13T20:26:59.8666717Z InternationalizationTest ++ 20:26:31,137 INFO  [org.keycloak.testsuite.util.URLUtils] current URL:  https://localhost:8543/auth/realms/test/super-random-page
Account Console IT (chrome)	Run Account Console IT	2023-05-13T20:26:59.8667436Z InternationalizationTest ++ 20:26:31,137 INFO  [org.keycloak.testsuite.util.URLUtils] navigating to https://localhost:8543/auth/realms/test/account/
Account Console IT (chrome)	Run Account Console IT	2023-05-13T20:26:59.8668053Z InternationalizationTest ++ 20:26:32,249 INFO  [org.keycloak.testsuite.util.WaitUtils] Wait: 2000ms
Account Console IT (chrome)	Run Account Console IT	2023-05-13T20:26:59.8668687Z InternationalizationTest ++ 20:26:34,254 INFO  [org.keycloak.testsuite.util.URLUtils] new current URL:  https://localhost:8543/auth/realms/test/account/#/
Account Console IT (chrome)	Run Account Console IT	2023-05-13T20:26:59.8669307Z InternationalizationTest ++ 20:26:34,254 INFO  [org.keycloak.testsuite.util.URLUtils] navigation complete
Account Console IT (chrome)	Run Account Console IT	2023-05-13T20:26:59.8669886Z InternationalizationTest ++ 20:26:34,313 INFO  [org.keycloak.testsuite.util.URLUtils] starting navigation
Account Console IT (chrome)	Run Account Console IT	2023-05-13T20:26:59.8670515Z InternationalizationTest ++ 20:26:34,319 INFO  [org.keycloak.testsuite.util.URLUtils] current URL:  https://localhost:8543/auth/realms/test/account/#/
Account Console IT (chrome)	Run Account Console IT	2023-05-13T20:26:59.8671210Z InternationalizationTest ++ 20:26:34,319 INFO  [org.keycloak.testsuite.util.URLUtils] navigating to https://localhost:8543/auth/realms/test/account/
Account Console IT (chrome)	Run Account Console IT	2023-05-13T20:26:59.8671832Z InternationalizationTest ++ 20:26:35,472 INFO  [org.keycloak.testsuite.util.WaitUtils] Wait: 2000ms
Account Console IT (chrome)	Run Account Console IT	2023-05-13T20:26:59.8672460Z InternationalizationTest ++ 20:26:37,480 INFO  [org.keycloak.testsuite.util.URLUtils] new current URL:  https://localhost:8543/auth/realms/test/account/#/
Account Console IT (chrome)	Run Account Console IT	2023-05-13T20:26:59.8673355Z InternationalizationTest ++ 20:26:37,480 INFO  [org.keycloak.testsuite.util.URLUtils] navigation complete
Account Console IT (chrome)	Run Account Console IT	2023-05-13T20:26:59.8673939Z InternationalizationTest ++ 20:26:38,236 INFO  [org.keycloak.testsuite.ui.account2.InternationalizationTest] calling all TestCleanup
Account Console IT (chrome)	Run Account Console IT	2023-05-13T20:26:59.8674780Z InternationalizationTest ++ 20:26:39,074 ERROR [org.keycloak.testsuite.ui.account2.InternationalizationTest] [InternationalizationTest] userAttributeTest() FAILED
Account Console IT (chrome)	Run Account Console IT	2023-05-13T20:26:59.8675539Z InternationalizationTest ++ 20:26:39,074 INFO  [org.keycloak.testsuite.ui.account2.InternationalizationTest] [InternationalizationTest] userAttributeTest() FINISHED
Account Console IT (chrome)	Run Account Console IT	2023-05-13T20:26:59.8676038Z InternationalizationTest ++ 
Account Console IT (chrome)	Run Account Console IT	2023-05-13T20:26:59.8676317Z InternationalizationTest ++ 
Account Console IT (chrome)	Run Account Console IT	2023-05-13T20:26:59.8677093Z InternationalizationTest ++ 20:26:39,074 WARN  [org.keycloak.testsuite.ui.account2.InternationalizationTest] [InternationalizationTest] shouldDisplayTimeUsingSelectedLocale() IGNORED
Account Console IT (chrome)	Run Account Console IT	2023-05-13T20:26:59.8677710Z InternationalizationTest ++ 
Account Console IT (chrome)	Run Account Console IT	2023-05-13T20:26:59.8678026Z InternationalizationTest ++ 
Account Console IT (chrome)	Run Account Console IT	2023-05-13T20:26:59.8678575Z InternationalizationTest ++ 20:26:39,081 INFO  [org.keycloak.testsuite.arquillian.AuthServerTestEnricher] removing test realms after test class
Account Console IT (chrome)	Run Account Console IT	2023-05-13T20:26:59.8679321Z InternationalizationTest ++ 20:26:39,372 INFO  [org.keycloak.testsuite.arquillian.AuthServerTestEnricher] removed realms: test, 
Account Console IT (chrome)	Run Account Console IT	2023-05-13T20:26:59.8680006Z InternationalizationTest ++ 20:26:39,505 INFO  [org.keycloak.testsuite.arquillian.AppServerTestEnricher] 
Account Console IT (chrome)	Run Account Console IT	2023-05-13T20:26:59.8680621Z InternationalizationTest ++ 
Account Console IT (chrome)	Run Account Console IT	2023-05-13T20:26:59.8681124Z InternationalizationTest ++ TEST CONTEXT: org.keycloak.testsuite.ui.account2.InternationalizationTest
Account Console IT (chrome)	Run Account Console IT	2023-05-13T20:26:59.8681613Z InternationalizationTest ++ 
Account Console IT (chrome)	Run Account Console IT	2023-05-13T20:26:59.8682205Z InternationalizationTest ++ 20:26:39,506 INFO  [org.keycloak.testsuite.ui.account2.InternationalizationTest] [InternationalizationTest] userAttributeTest() STARTED
Account Console IT (chrome)	Run Account Console IT	2023-05-13T20:26:59.8682987Z InternationalizationTest ++ 20:26:39,683 INFO  [org.keycloak.testsuite.drone.KeycloakDronePostSetup] Detected browser: chrome 113.0.5672.63
Account Console IT (chrome)	Run Account Console IT	2023-05-13T20:26:59.8683811Z InternationalizationTest ++ 20:26:39,684 INFO  [org.keycloak.testsuite.drone.KeycloakDronePostSetup] Configuring driver settings. implicitWait=2000, pageLoadTimeout=10000
Account Console IT (chrome)	Run Account Console IT	2023-05-13T20:26:59.8684486Z InternationalizationTest ++ 20:26:39,982 DEBUG [org.keycloak.testsuite.ui.account2.InternationalizationTest] loading test realms
Account Console IT (chrome)	Run Account Console IT	2023-05-13T20:26:59.8685422Z InternationalizationTest ++ 2023-05-13 20:26:40,048 WARN  [org.keycloak.theme.DefaultThemeManager] (executor-thread-321) Not found parent theme 'keycloak' of theme 'address'. Unable to load ADMIN theme 'address' due to this.
Account Console IT (chrome)	Run Account Console IT	2023-05-13T20:26:59.8686327Z InternationalizationTest ++ 2023-05-13 20:26:40,048 ERROR [org.keycloak.theme.DefaultThemeManager] (executor-thread-321) Failed to find ADMIN theme address, using built-in themes
Account Console IT (chrome)	Run Account Console IT	2023-05-13T20:26:59.8687298Z InternationalizationTest ++ 2023-05-13 20:26:40,049 WARN  [org.keycloak.theme.DefaultThemeManager] (executor-thread-321) Not found theme 'admin/keycloak' referenced as import of theme 'incorrect'. Unable to load ADMIN theme 'incorrect' due to this.
Account Console IT (chrome)	Run Account Console IT	2023-05-13T20:26:59.8688230Z InternationalizationTest ++ 2023-05-13 20:26:40,049 ERROR [org.keycloak.theme.DefaultThemeManager] (executor-thread-321) Failed to find ADMIN theme incorrect, using built-in themes
Account Console IT (chrome)	Run Account Console IT	2023-05-13T20:26:59.8688890Z InternationalizationTest ++ 20:26:40,070 INFO  [org.keycloak.testsuite.ui.account2.InternationalizationTest] importing test realms
Account Console IT (chrome)	Run Account Console IT	2023-05-13T20:26:59.8689839Z InternationalizationTest ++ 20:26:40,070 DEBUG [org.keycloak.testsuite.ui.account2.InternationalizationTest] --importing realm: test
Account Console IT (chrome)	Run Account Console IT	2023-05-13T20:26:59.8690702Z InternationalizationTest ++ 20:26:40,967 INFO  [org.keycloak.testsuite.util.URLUtils] starting navigation
Account Console IT (chrome)	Run Account Console IT	2023-05-13T20:26:59.8691320Z InternationalizationTest ++ 20:26:40,972 INFO  [org.keycloak.testsuite.util.URLUtils] current URL:  data:,
Account Console IT (chrome)	Run Account Console IT	2023-05-13T20:26:59.8692221Z InternationalizationTest ++ 20:26:40,972 INFO  [org.keycloak.testsuite.util.URLUtils] navigating to https://localhost:8543/auth/realms/test/super-random-page
Account Console IT (chrome)	Run Account Console IT	2023-05-13T20:26:59.8693342Z InternationalizationTest ++ 20:26:41,700 INFO  [org.keycloak.testsuite.util.URLUtils] new current URL:  https://localhost:8543/auth/realms/test/super-random-page
Account Console IT (chrome)	Run Account Console IT	2023-05-13T20:26:59.8694035Z InternationalizationTest ++ 20:26:41,701 INFO  [org.keycloak.testsuite.util.URLUtils] navigation complete
Account Console IT (chrome)	Run Account Console IT	2023-05-13T20:26:59.8694914Z InternationalizationTest ++ 20:26:41,701 INFO  [org.keycloak.testsuite.ui.account2.InternationalizationTest] deleting cookies in 'test' realm
Account Console IT (chrome)	Run Account Console IT	2023-05-13T20:26:59.8695705Z InternationalizationTest ++ 20:26:41,727 DEBUG [org.keycloak.testsuite.ui.account2.InternationalizationTest] creating test user
Account Console IT (chrome)	Run Account Console IT	2023-05-13T20:26:59.8696393Z InternationalizationTest ++ 20:26:41,815 INFO  [org.keycloak.testsuite.util.URLUtils] starting navigation
Account Console IT (chrome)	Run Account Console IT	2023-05-13T20:26:59.8697275Z InternationalizationTest ++ 20:26:41,819 INFO  [org.keycloak.testsuite.util.URLUtils] current URL:  https://localhost:8543/auth/realms/test/super-random-page
Account Console IT (chrome)	Run Account Console IT	2023-05-13T20:26:59.8698047Z InternationalizationTest ++ 20:26:41,819 INFO  [org.keycloak.testsuite.util.URLUtils] navigating to https://localhost:8543/auth/realms/test/account/
Account Console IT (chrome)	Run Account Console IT	2023-05-13T20:26:59.8698718Z InternationalizationTest ++ 20:26:42,983 INFO  [org.keycloak.testsuite.util.WaitUtils] Wait: 2000ms
Account Console IT (chrome)	Run Account Console IT	2023-05-13T20:26:59.8699400Z InternationalizationTest ++ 20:26:44,989 INFO  [org.keycloak.testsuite.util.URLUtils] new current URL:  https://localhost:8543/auth/realms/test/account/#/
Account Console IT (chrome)	Run Account Console IT	2023-05-13T20:26:59.8700451Z InternationalizationTest ++ 20:26:44,989 INFO  [org.keycloak.testsuite.util.URLUtils] navigation complete
Account Console IT (chrome)	Run Account Console IT	2023-05-13T20:26:59.8701157Z InternationalizationTest ++ 20:26:45,045 INFO  [org.keycloak.testsuite.util.URLUtils] starting navigation
Account Console IT (chrome)	Run Account Console IT	2023-05-13T20:26:59.8702043Z InternationalizationTest ++ 20:26:45,049 INFO  [org.keycloak.testsuite.util.URLUtils] current URL:  https://localhost:8543/auth/realms/test/account/#/
Account Console IT (chrome)	Run Account Console IT	2023-05-13T20:26:59.8702833Z InternationalizationTest ++ 20:26:45,049 INFO  [org.keycloak.testsuite.util.URLUtils] navigating to https://localhost:8543/auth/realms/test/account/
Account Console IT (chrome)	Run Account Console IT	2023-05-13T20:26:59.8703580Z InternationalizationTest ++ 20:26:46,228 INFO  [org.keycloak.testsuite.util.WaitUtils] Wait: 2000ms
Account Console IT (chrome)	Run Account Console IT	2023-05-13T20:26:59.8704293Z InternationalizationTest ++ 20:26:48,235 INFO  [org.keycloak.testsuite.util.URLUtils] new current URL:  https://localhost:8543/auth/realms/test/account/#/
Account Console IT (chrome)	Run Account Console IT	2023-05-13T20:26:59.8705076Z InternationalizationTest ++ 20:26:48,235 INFO  [org.keycloak.testsuite.util.URLUtils] navigation complete
Account Console IT (chrome)	Run Account Console IT	2023-05-13T20:26:59.8705846Z InternationalizationTest ++ 20:26:49,008 INFO  [org.keycloak.testsuite.ui.account2.InternationalizationTest] calling all TestCleanup
Account Console IT (chrome)	Run Account Console IT	2023-05-13T20:26:59.8706725Z InternationalizationTest ++ 20:26:49,267 ERROR [org.keycloak.testsuite.ui.account2.InternationalizationTest] [InternationalizationTest] userAttributeTest() FAILED
Account Console IT (chrome)	Run Account Console IT	2023-05-13T20:26:59.8707653Z InternationalizationTest ++ 20:26:49,267 INFO  [org.keycloak.testsuite.ui.account2.InternationalizationTest] [InternationalizationTest] userAttributeTest() FINISHED
Account Console IT (chrome)	Run Account Console IT	2023-05-13T20:26:59.8708319Z InternationalizationTest ++ 
Account Console IT (chrome)	Run Account Console IT	2023-05-13T20:26:59.8708752Z InternationalizationTest ++ 
Account Console IT (chrome)	Run Account Console IT	2023-05-13T20:26:59.8709386Z InternationalizationTest ++ 20:26:49,273 INFO  [org.keycloak.testsuite.arquillian.AuthServerTestEnricher] removing test realms after test class
Account Console IT (chrome)	Run Account Console IT	2023-05-13T20:26:59.8710220Z InternationalizationTest ++ 20:26:49,589 INFO  [org.keycloak.testsuite.arquillian.AuthServerTestEnricher] removed realms: test, 
Account Console IT (chrome)	Run Account Console IT	2023-05-13T20:26:59.8710995Z InternationalizationTest ++ 20:26:49,734 INFO  [org.keycloak.testsuite.arquillian.AppServerTestEnricher] 
Account Console IT (chrome)	Run Account Console IT	2023-05-13T20:26:59.8711857Z InternationalizationTest ++ 
Account Console IT (chrome)	Run Account Console IT	2023-05-13T20:26:59.8712489Z InternationalizationTest ++ TEST CONTEXT: org.keycloak.testsuite.ui.account2.InternationalizationTest
Account Console IT (chrome)	Run Account Console IT	2023-05-13T20:26:59.8721133Z InternationalizationTest ++ 
Account Console IT (chrome)	Run Account Console IT	2023-05-13T20:26:59.8721917Z InternationalizationTest ++ 20:26:49,734 INFO  [org.keycloak.testsuite.ui.account2.InternationalizationTest] [InternationalizationTest] userAttributeTest() STARTED
Account Console IT (chrome)	Run Account Console IT	2023-05-13T20:26:59.8734752Z InternationalizationTest ++ 20:26:49,975 INFO  [org.keycloak.testsuite.drone.KeycloakDronePostSetup] Detected browser: chrome 113.0.5672.63
Account Console IT (chrome)	Run Account Console IT	2023-05-13T20:26:59.8735657Z InternationalizationTest ++ 20:26:49,975 INFO  [org.keycloak.testsuite.drone.KeycloakDronePostSetup] Configuring driver settings. implicitWait=2000, pageLoadTimeout=10000
Account Console IT (chrome)	Run Account Console IT	2023-05-13T20:26:59.8736539Z InternationalizationTest ++ 20:26:50,294 DEBUG [org.keycloak.testsuite.ui.account2.InternationalizationTest] loading test realms
Account Console IT (chrome)	Run Account Console IT	2023-05-13T20:26:59.8737778Z InternationalizationTest ++ 2023-05-13 20:26:50,363 WARN  [org.keycloak.theme.DefaultThemeManager] (executor-thread-269) Not found parent theme 'keycloak' of theme 'address'. Unable to load ADMIN theme 'address' due to this.
Account Console IT (chrome)	Run Account Console IT	2023-05-13T20:26:59.8739002Z InternationalizationTest ++ 2023-05-13 20:26:50,364 ERROR [org.keycloak.theme.DefaultThemeManager] (executor-thread-269) Failed to find ADMIN theme address, using built-in themes
Account Console IT (chrome)	Run Account Console IT	2023-05-13T20:26:59.8755560Z InternationalizationTest ++ 2023-05-13 20:26:50,364 WARN  [org.keycloak.theme.DefaultThemeManager] (executor-thread-269) Not found theme 'admin/keycloak' referenced as import of theme 'incorrect'. Unable to load ADMIN theme 'incorrect' due to this.
Account Console IT (chrome)	Run Account Console IT	2023-05-13T20:26:59.8767792Z InternationalizationTest ++ 2023-05-13 20:26:50,365 ERROR [org.keycloak.theme.DefaultThemeManager] (executor-thread-269) Failed to find ADMIN theme incorrect, using built-in themes
Account Console IT (chrome)	Run Account Console IT	2023-05-13T20:26:59.8768818Z InternationalizationTest ++ 20:26:50,402 INFO  [org.keycloak.testsuite.ui.account2.InternationalizationTest] importing test realms
Account Console IT (chrome)	Run Account Console IT	2023-05-13T20:26:59.8769900Z InternationalizationTest ++ 20:26:50,402 DEBUG [org.keycloak.testsuite.ui.account2.InternationalizationTest] --importing realm: test
Account Console IT (chrome)	Run Account Console IT	2023-05-13T20:26:59.8770703Z InternationalizationTest ++ 20:26:50,980 INFO  [org.keycloak.testsuite.util.URLUtils] starting navigation
Account Console IT (chrome)	Run Account Console IT	2023-05-13T20:26:59.8771477Z InternationalizationTest ++ 20:26:50,984 INFO  [org.keycloak.testsuite.util.URLUtils] current URL:  data:,
Account Console IT (chrome)	Run Account Console IT	2023-05-13T20:26:59.8772665Z InternationalizationTest ++ 20:26:50,985 INFO  [org.keycloak.testsuite.util.URLUtils] navigating to https://localhost:8543/auth/realms/test/super-random-page
Account Console IT (chrome)	Run Account Console IT	2023-05-13T20:26:59.8773759Z InternationalizationTest ++ 20:26:51,741 INFO  [org.keycloak.testsuite.util.URLUtils] new current URL:  https://localhost:8543/auth/realms/test/super-random-page
Account Console IT (chrome)	Run Account Console IT	2023-05-13T20:26:59.8774556Z InternationalizationTest ++ 20:26:51,741 INFO  [org.keycloak.testsuite.util.URLUtils] navigation complete
Account Console IT (chrome)	Run Account Console IT	2023-05-13T20:26:59.8775628Z InternationalizationTest ++ 20:26:51,741 INFO  [org.keycloak.testsuite.ui.account2.InternationalizationTest] deleting cookies in 'test' realm
Account Console IT (chrome)	Run Account Console IT	2023-05-13T20:26:59.8776532Z InternationalizationTest ++ 20:26:51,763 DEBUG [org.keycloak.testsuite.ui.account2.InternationalizationTest] creating test user
Account Console IT (chrome)	Run Account Console IT	2023-05-13T20:26:59.8777313Z InternationalizationTest ++ 20:26:51,858 INFO  [org.keycloak.testsuite.util.URLUtils] starting navigation
Account Console IT (chrome)	Run Account Console IT	2023-05-13T20:26:59.8880259Z InternationalizationTest ++ 20:26:51,862 INFO  [org.keycloak.testsuite.util.URLUtils] current URL:  https://localhost:8543/auth/realms/test/super-random-page
Account Console IT (chrome)	Run Account Console IT	2023-05-13T20:26:59.8881038Z InternationalizationTest ++ 20:26:51,862 INFO  [org.keycloak.testsuite.util.URLUtils] navigating to https://localhost:8543/auth/realms/test/account/
Account Console IT (chrome)	Run Account Console IT	2023-05-13T20:26:59.8881687Z InternationalizationTest ++ 20:26:53,089 INFO  [org.keycloak.testsuite.util.WaitUtils] Wait: 2000ms
Account Console IT (chrome)	Run Account Console IT	2023-05-13T20:26:59.8882335Z InternationalizationTest ++ 20:26:55,095 INFO  [org.keycloak.testsuite.util.URLUtils] new current URL:  https://localhost:8543/auth/realms/test/account/#/
Account Console IT (chrome)	Run Account Console IT	2023-05-13T20:26:59.8882969Z InternationalizationTest ++ 20:26:55,095 INFO  [org.keycloak.testsuite.util.URLUtils] navigation complete
Account Console IT (chrome)	Run Account Console IT	2023-05-13T20:26:59.8883597Z InternationalizationTest ++ 20:26:55,158 INFO  [org.keycloak.testsuite.util.URLUtils] starting navigation
Account Console IT (chrome)	Run Account Console IT	2023-05-13T20:26:59.8884157Z InternationalizationTest ++ 20:26:55,163 INFO  [org.keycloak.testsuite.util.URLUtils] current URL:  https://localhost:8543/auth/realms/test/account/#/
Account Console IT (chrome)	Run Account Console IT	2023-05-13T20:26:59.8885009Z InternationalizationTest ++ 20:26:55,163 INFO  [org.keycloak.testsuite.util.URLUtils] navigating to https://localhost:8543/auth/realms/test/account/
Account Console IT (chrome)	Run Account Console IT	2023-05-13T20:26:59.8885582Z InternationalizationTest ++ 20:26:56,312 INFO  [org.keycloak.testsuite.util.WaitUtils] Wait: 2000ms
Account Console IT (chrome)	Run Account Console IT	2023-05-13T20:26:59.8886353Z InternationalizationTest ++ 20:26:58,318 INFO  [org.keycloak.testsuite.util.URLUtils] new current URL:  https://localhost:8543/auth/realms/test/account/#/
Account Console IT (chrome)	Run Account Console IT	2023-05-13T20:26:59.8886981Z InternationalizationTest ++ 20:26:58,318 INFO  [org.keycloak.testsuite.util.URLUtils] navigation complete
Account Console IT (chrome)	Run Account Console IT	2023-05-13T20:26:59.8887637Z InternationalizationTest ++ 20:26:59,088 INFO  [org.keycloak.testsuite.ui.account2.InternationalizationTest] calling all TestCleanup
Account Console IT (chrome)	Run Account Console IT	2023-05-13T20:26:59.8888433Z InternationalizationTest ++ 20:26:59,360 ERROR [org.keycloak.testsuite.ui.account2.InternationalizationTest] [InternationalizationTest] userAttributeTest() FAILED
Account Console IT (chrome)	Run Account Console IT	2023-05-13T20:26:59.8889285Z InternationalizationTest ++ 20:26:59,360 INFO  [org.keycloak.testsuite.ui.account2.InternationalizationTest] [InternationalizationTest] userAttributeTest() FINISHED
Account Console IT (chrome)	Run Account Console IT	2023-05-13T20:26:59.8890057Z InternationalizationTest ++ 
Account Console IT (chrome)	Run Account Console IT	2023-05-13T20:26:59.8890543Z InternationalizationTest ++ 
Account Console IT (chrome)	Run Account Console IT	2023-05-13T20:26:59.8891150Z InternationalizationTest ++ 20:26:59,369 INFO  [org.keycloak.testsuite.arquillian.AuthServerTestEnricher] removing test realms after test class
Account Console IT (chrome)	Run Account Console IT	2023-05-13T20:26:59.8891945Z InternationalizationTest ++ 20:26:59,752 INFO  [org.keycloak.testsuite.arquillian.AuthServerTestEnricher] removed realms: test, 
Account Console IT (chrome)	Run Account Console IT	2023-05-13T20:26:59.8892352Z 
Account Console IT (chrome)	Run Account Console IT	2023-05-13T20:26:59.8892816Z --------- org.keycloak.testsuite.ui.account2.InternationalizationTest output end  ---------
Account Console IT (chrome)	Run Account Console IT	2023-05-13T20:26:59.8893766Z [ERROR] Tests run: 6, Failures: 3, Errors: 0, Skipped: 2, Time elapsed: 45.801 s <<< FAILURE! - in org.keycloak.testsuite.ui.account2.InternationalizationTest
Account Console IT (chrome)	Run Account Console IT	2023-05-13T20:26:59.8894785Z -- [ERROR] org.keycloak.testsuite.ui.account2.InternationalizationTest.userAttributeTest  Time elapsed: 8.874 s  <<< FAILURE!
Account Console IT (chrome)	Run Account Console IT	2023-05-13T20:26:59.8895558Z -- org.junit.ComparisonFailure: expected:<[English]> but was:<[und]>
Account Console IT (chrome)	Run Account Console IT	2023-05-13T20:26:59.8896106Z -- 	at org.junit.Assert.assertEquals(Assert.java:117)
Account Console IT (chrome)	Run Account Console IT	2023-05-13T20:26:59.8896613Z -- 	at org.junit.Assert.assertEquals(Assert.java:146)
Account Console IT (chrome)	Run Account Console IT	2023-05-13T20:26:59.8897438Z -- 	at org.keycloak.testsuite.ui.account2.InternationalizationTest.userAttributeTest(InternationalizationTest.java:105)
Account Console IT (chrome)	Run Account Console IT	2023-05-13T20:26:59.8898346Z -- 	at java.base/jdk.internal.reflect.NativeMethodAccessorImpl.invoke0(Native Method)
Account Console IT (chrome)	Run Account Console IT	2023-05-13T20:26:59.8899178Z -- 	at java.base/jdk.internal.reflect.NativeMethodAccessorImpl.invoke(NativeMethodAccessorImpl.java:77)
Account Console IT (chrome)	Run Account Console IT	2023-05-13T20:26:59.8900089Z -- 	at java.base/jdk.internal.reflect.DelegatingMethodAccessorImpl.invoke(DelegatingMethodAccessorImpl.java:43)
Account Console IT (chrome)	Run Account Console IT	2023-05-13T20:26:59.8900817Z -- 	at java.base/java.lang.reflect.Method.invoke(Method.java:568)
Account Console IT (chrome)	Run Account Console IT	2023-05-13T20:26:59.8901488Z -- 	at org.junit.runners.model.FrameworkMethod$1.runReflectiveCall(FrameworkMethod.java:59)
Account Console IT (chrome)	Run Account Console IT	2023-05-13T20:26:59.8902253Z -- 	at org.junit.internal.runners.model.ReflectiveCallable.run(ReflectiveCallable.java:12)
Account Console IT (chrome)	Run Account Console IT	2023-05-13T20:26:59.8903060Z -- 	at org.junit.runners.model.FrameworkMethod.invokeExplosively(FrameworkMethod.java:56)
Account Console IT (chrome)	Run Account Console IT	2023-05-13T20:26:59.8903793Z -- 	at org.jboss.arquillian.junit.Arquillian$8$1.invokeMethod(Arquillian.java:325)
Account Console IT (chrome)	Run Account Console IT	2023-05-13T20:26:59.8904544Z -- 	at org.jboss.arquillian.junit.MethodInvoker$1.invoke(MethodInvoker.java:18)
Account Console IT (chrome)	Run Account Console IT	2023-05-13T20:26:59.8905334Z -- 	at org.jboss.arquillian.container.test.impl.execution.LocalTestExecuter.execute(LocalTestExecuter.java:57)
Account Console IT (chrome)	Run Account Console IT	2023-05-13T20:26:59.8906203Z -- 	at org.keycloak.testsuite.arquillian.ModelTestExecutor.execute(ModelTestExecutor.java:51)
Account Console IT (chrome)	Run Account Console IT	2023-05-13T20:26:59.8906923Z -- 	at jdk.internal.reflect.GeneratedMethodAccessor173.invoke(Unknown Source)
Account Console IT (chrome)	Run Account Console IT	2023-05-13T20:26:59.8907824Z -- 	at java.base/jdk.internal.reflect.DelegatingMethodAccessorImpl.invoke(DelegatingMethodAccessorImpl.java:43)
Account Console IT (chrome)	Run Account Console IT	2023-05-13T20:26:59.8908501Z -- 	at java.base/java.lang.reflect.Method.invoke(Method.java:568)
Account Console IT (chrome)	Run Account Console IT	2023-05-13T20:26:59.8909104Z -- 	at org.jboss.arquillian.core.impl.ObserverImpl.invoke(ObserverImpl.java:86)
Account Console IT (chrome)	Run Account Console IT	2023-05-13T20:26:59.8909856Z -- 	at org.jboss.arquillian.core.impl.EventContextImpl.invokeObservers(EventContextImpl.java:103)
Account Console IT (chrome)	Run Account Console IT	2023-05-13T20:26:59.8910620Z -- 	at org.jboss.arquillian.core.impl.EventContextImpl.proceed(EventContextImpl.java:90)
Account Console IT (chrome)	Run Account Console IT	2023-05-13T20:26:59.8911302Z -- 	at org.jboss.arquillian.core.impl.ManagerImpl.fire(ManagerImpl.java:133)
Account Console IT (chrome)	Run Account Console IT	2023-05-13T20:26:59.8911936Z -- 	at org.jboss.arquillian.core.impl.ManagerImpl.fire(ManagerImpl.java:105)
Account Console IT (chrome)	Run Account Console IT	2023-05-13T20:26:59.8912547Z -- 	at org.jboss.arquillian.core.impl.EventImpl.fire(EventImpl.java:62)
Account Console IT (chrome)	Run Account Console IT	2023-05-13T20:26:59.8913524Z -- 	at org.jboss.arquillian.container.test.impl.execution.ClientTestExecuter.execute(ClientTestExecuter.java:50)
Account Console IT (chrome)	Run Account Console IT	2023-05-13T20:26:59.8914331Z -- 	at jdk.internal.reflect.GeneratedMethodAccessor172.invoke(Unknown Source)
Account Console IT (chrome)	Run Account Console IT	2023-05-13T20:26:59.8915116Z -- 	at java.base/jdk.internal.reflect.DelegatingMethodAccessorImpl.invoke(DelegatingMethodAccessorImpl.java:43)
Account Console IT (chrome)	Run Account Console IT	2023-05-13T20:26:59.8915825Z -- 	at java.base/java.lang.reflect.Method.invoke(Method.java:568)
Account Console IT (chrome)	Run Account Console IT	2023-05-13T20:26:59.8916601Z -- 	at org.jboss.arquillian.core.impl.ObserverImpl.invoke(ObserverImpl.java:86)
Account Console IT (chrome)	Run Account Console IT	2023-05-13T20:26:59.8917341Z -- 	at org.jboss.arquillian.core.impl.EventContextImpl.invokeObservers(EventContextImpl.java:103)
Account Console IT (chrome)	Run Account Console IT	2023-05-13T20:26:59.8918103Z -- 	at org.jboss.arquillian.core.impl.EventContextImpl.proceed(EventContextImpl.java:90)
Account Console IT (chrome)	Run Account Console IT	2023-05-13T20:26:59.8919038Z -- 	at org.jboss.arquillian.container.test.impl.client.ContainerEventController.createContext(ContainerEventController.java:128)
Account Console IT (chrome)	Run Account Console IT	2023-05-13T20:26:59.8920162Z -- 	at org.jboss.arquillian.container.test.impl.client.ContainerEventController.createTestContext(ContainerEventController.java:118)
Account Console IT (chrome)	Run Account Console IT	2023-05-13T20:26:59.8921065Z -- 	at jdk.internal.reflect.GeneratedMethodAccessor171.invoke(Unknown Source)
Account Console IT (chrome)	Run Account Console IT	2023-05-13T20:26:59.8921853Z -- 	at java.base/jdk.internal.reflect.DelegatingMethodAccessorImpl.invoke(DelegatingMethodAccessorImpl.java:43)
Account Console IT (chrome)	Run Account Console IT	2023-05-13T20:26:59.8922527Z -- 	at java.base/java.lang.reflect.Method.invoke(Method.java:568)
Account Console IT (chrome)	Run Account Console IT	2023-05-13T20:26:59.8923325Z -- 	at org.jboss.arquillian.core.impl.ObserverImpl.invoke(ObserverImpl.java:86)
Account Console IT (chrome)	Run Account Console IT	2023-05-13T20:26:59.8924089Z -- 	at org.jboss.arquillian.core.impl.EventContextImpl.proceed(EventContextImpl.java:95)
Account Console IT (chrome)	Run Account Console IT	2023-05-13T20:26:59.8924946Z -- 	at org.jboss.arquillian.test.impl.TestContextHandler.createTestContext(TestContextHandler.java:116)
Account Console IT (chrome)	Run Account Console IT	2023-05-13T20:26:59.8925744Z -- 	at jdk.internal.reflect.GeneratedMethodAccessor7.invoke(Unknown Source)
Account Console IT (chrome)	Run Account Console IT	2023-05-13T20:26:59.8926582Z -- 	at java.base/jdk.internal.reflect.DelegatingMethodAccessorImpl.invoke(DelegatingMethodAccessorImpl.java:43)
Account Console IT (chrome)	Run Account Console IT	2023-05-13T20:26:59.8966032Z -- 	at java.base/java.lang.reflect.Method.invoke(Method.java:568)
Account Console IT (chrome)	Run Account Console IT	2023-05-13T20:26:59.8966787Z -- 	at org.jboss.arquillian.core.impl.ObserverImpl.invoke(ObserverImpl.java:86)
Account Console IT (chrome)	Run Account Console IT	2023-05-13T20:26:59.8967570Z -- 	at org.jboss.arquillian.core.impl.EventContextImpl.proceed(EventContextImpl.java:95)
Account Console IT (chrome)	Run Account Console IT	2023-05-13T20:26:59.8968575Z -- 	at org.jboss.arquillian.test.impl.TestContextHandler.createClassContext(TestContextHandler.java:83)
Account Console IT (chrome)	Run Account Console IT	2023-05-13T20:26:59.8969407Z -- 	at jdk.internal.reflect.GeneratedMethodAccessor6.invoke(Unknown Source)
Account Console IT (chrome)	Run Account Console IT	2023-05-13T20:26:59.8970260Z -- 	at java.base/jdk.internal.reflect.DelegatingMethodAccessorImpl.invoke(DelegatingMethodAccessorImpl.java:43)
Account Console IT (chrome)	Run Account Console IT	2023-05-13T20:26:59.8970993Z -- 	at java.base/java.lang.reflect.Method.invoke(Method.java:568)
Account Console IT (chrome)	Run Account Console IT	2023-05-13T20:26:59.8971641Z -- 	at org.jboss.arquillian.core.impl.ObserverImpl.invoke(ObserverImpl.java:86)
Account Console IT (chrome)	Run Account Console IT	2023-05-13T20:26:59.8972393Z -- 	at org.jboss.arquillian.core.impl.EventContextImpl.proceed(EventContextImpl.java:95)
Account Console IT (chrome)	Run Account Console IT	2023-05-13T20:26:59.8973268Z -- 	at org.jboss.arquillian.test.impl.TestContextHandler.createSuiteContext(TestContextHandler.java:69)
Account Console IT (chrome)	Run Account Console IT	2023-05-13T20:26:59.8974324Z -- 	at jdk.internal.reflect.GeneratedMethodAccessor5.invoke(Unknown Source)
Account Console IT (chrome)	Run Account Console IT	2023-05-13T20:26:59.8975178Z -- 	at java.base/jdk.internal.reflect.DelegatingMethodAccessorImpl.invoke(DelegatingMethodAccessorImpl.java:43)
Account Console IT (chrome)	Run Account Console IT	2023-05-13T20:26:59.8975903Z -- 	at java.base/java.lang.reflect.Method.invoke(Method.java:568)
Account Console IT (chrome)	Run Account Console IT	2023-05-13T20:26:59.8976545Z -- 	at org.jboss.arquillian.core.impl.ObserverImpl.invoke(ObserverImpl.java:86)
Account Console IT (chrome)	Run Account Console IT	2023-05-13T20:26:59.8977294Z -- 	at org.jboss.arquillian.core.impl.EventContextImpl.proceed(EventContextImpl.java:95)
Account Console IT (chrome)	Run Account Console IT	2023-05-13T20:26:59.8978024Z -- 	at org.jboss.arquillian.core.impl.ManagerImpl.fire(ManagerImpl.java:133)
Account Console IT (chrome)	Run Account Console IT	2023-05-13T20:26:59.8978814Z -- 	at org.jboss.arquillian.test.impl.EventTestRunnerAdaptor.test(EventTestRunnerAdaptor.java:139)
Account Console IT (chrome)	Run Account Console IT	2023-05-13T20:26:59.8979574Z -- 	at org.jboss.arquillian.junit.MethodInvoker.invoke(MethodInvoker.java:15)
Account Console IT (chrome)	Run Account Console IT	2023-05-13T20:26:59.8980248Z -- 	at org.jboss.arquillian.junit.Arquillian$8.evaluate(Arquillian.java:332)
Account Console IT (chrome)	Run Account Console IT	2023-05-13T20:26:59.8980883Z -- 	at org.jboss.arquillian.junit.Arquillian$4.evaluate(Arquillian.java:204)
Account Console IT (chrome)	Run Account Console IT	2023-05-13T20:26:59.8981539Z -- 	at org.jboss.arquillian.junit.Arquillian.multiExecute(Arquillian.java:350)
Account Console IT (chrome)	Run Account Console IT	2023-05-13T20:26:59.8982211Z -- 	at org.jboss.arquillian.junit.Arquillian.access$200(Arquillian.java:54)
Account Console IT (chrome)	Run Account Console IT	2023-05-13T20:26:59.8983157Z -- 	at org.jboss.arquillian.junit.Arquillian$5.evaluate(Arquillian.java:215)
Account Console IT (chrome)	Run Account Console IT	2023-05-13T20:26:59.8983780Z -- 	at org.jboss.arquillian.junit.Arquillian$7$1.invoke(Arquillian.java:279)
Account Console IT (chrome)	Run Account Console IT	2023-05-13T20:26:59.8984920Z -- 	at org.jboss.arquillian.container.test.impl.execution.ClientBeforeAfterLifecycleEventExecuter.execute(ClientBeforeAfterLifecycleEventExecuter.java:88)
Account Console IT (chrome)	Run Account Console IT	2023-05-13T20:26:59.8986354Z -- 	at org.jboss.arquillian.container.test.impl.execution.ClientBeforeAfterLifecycleEventExecuter.on(ClientBeforeAfterLifecycleEventExecuter.java:66)
Account Console IT (chrome)	Run Account Console IT	2023-05-13T20:26:59.8987364Z -- 	at jdk.internal.reflect.GeneratedMethodAccessor15.invoke(Unknown Source)
Account Console IT (chrome)	Run Account Console IT	2023-05-13T20:26:59.8988215Z -- 	at java.base/jdk.internal.reflect.DelegatingMethodAccessorImpl.invoke(DelegatingMethodAccessorImpl.java:43)
Account Console IT (chrome)	Run Account Console IT	2023-05-13T20:26:59.8988953Z -- 	at java.base/java.lang.reflect.Method.invoke(Method.java:568)
Account Console IT (chrome)	Run Account Console IT	2023-05-13T20:26:59.8989601Z -- 	at org.jboss.arquillian.core.impl.ObserverImpl.invoke(ObserverImpl.java:86)
Account Console IT (chrome)	Run Account Console IT	2023-05-13T20:26:59.8990405Z -- 	at org.jboss.arquillian.core.impl.EventContextImpl.invokeObservers(EventContextImpl.java:103)
Account Console IT (chrome)	Run Account Console IT	2023-05-13T20:26:59.8991228Z -- 	at org.jboss.arquillian.core.impl.EventContextImpl.proceed(EventContextImpl.java:90)
Account Console IT (chrome)	Run Account Console IT	2023-05-13T20:26:59.8992229Z -- 	at org.jboss.arquillian.container.test.impl.client.ContainerEventController.createContext(ContainerEventController.java:128)
Account Console IT (chrome)	Run Account Console IT	2023-05-13T20:26:59.8993640Z -- 	at org.jboss.arquillian.container.test.impl.client.ContainerEventController.createBeforeContext(ContainerEventController.java:114)
Account Console IT (chrome)	Run Account Console IT	2023-05-13T20:26:59.8994598Z -- 	at jdk.internal.reflect.GeneratedMethodAccessor12.invoke(Unknown Source)
Account Console IT (chrome)	Run Account Console IT	2023-05-13T20:26:59.8995441Z -- 	at java.base/jdk.internal.reflect.DelegatingMethodAccessorImpl.invoke(DelegatingMethodAccessorImpl.java:43)
Account Console IT (chrome)	Run Account Console IT	2023-05-13T20:26:59.8996167Z -- 	at java.base/java.lang.reflect.Method.invoke(Method.java:568)
Account Console IT (chrome)	Run Account Console IT	2023-05-13T20:26:59.8996824Z -- 	at org.jboss.arquillian.core.impl.ObserverImpl.invoke(ObserverImpl.java:86)
Account Console IT (chrome)	Run Account Console IT	2023-05-13T20:26:59.8997586Z -- 	at org.jboss.arquillian.core.impl.EventContextImpl.proceed(EventContextImpl.java:95)
Account Console IT (chrome)	Run Account Console IT	2023-05-13T20:26:59.8998452Z -- 	at org.jboss.arquillian.test.impl.TestContextHandler.createTestContext(TestContextHandler.java:116)
Account Console IT (chrome)	Run Account Console IT	2023-05-13T20:26:59.8999241Z -- 	at jdk.internal.reflect.GeneratedMethodAccessor7.invoke(Unknown Source)
Account Console IT (chrome)	Run Account Console IT	2023-05-13T20:26:59.9000079Z -- 	at java.base/jdk.internal.reflect.DelegatingMethodAccessorImpl.invoke(DelegatingMethodAccessorImpl.java:43)
Account Console IT (chrome)	Run Account Console IT	2023-05-13T20:26:59.9000807Z -- 	at java.base/java.lang.reflect.Method.invoke(Method.java:568)
Account Console IT (chrome)	Run Account Console IT	2023-05-13T20:26:59.9001449Z -- 	at org.jboss.arquillian.core.impl.ObserverImpl.invoke(ObserverImpl.java:86)
Account Console IT (chrome)	Run Account Console IT	2023-05-13T20:26:59.9002350Z -- 	at org.jboss.arquillian.core.impl.EventContextImpl.proceed(EventContextImpl.java:95)
Account Console IT (chrome)	Run Account Console IT	2023-05-13T20:26:59.9003212Z -- 	at org.jboss.arquillian.test.impl.TestContextHandler.createClassContext(TestContextHandler.java:83)
Account Console IT (chrome)	Run Account Console IT	2023-05-13T20:26:59.9004018Z -- 	at jdk.internal.reflect.GeneratedMethodAccessor6.invoke(Unknown Source)
Account Console IT (chrome)	Run Account Console IT	2023-05-13T20:26:59.9004847Z -- 	at java.base/jdk.internal.reflect.DelegatingMethodAccessorImpl.invoke(DelegatingMethodAccessorImpl.java:43)
Account Console IT (chrome)	Run Account Console IT	2023-05-13T20:26:59.9005579Z -- 	at java.base/java.lang.reflect.Method.invoke(Method.java:568)
Account Console IT (chrome)	Run Account Console IT	2023-05-13T20:26:59.9006225Z -- 	at org.jboss.arquillian.core.impl.ObserverImpl.invoke(ObserverImpl.java:86)
Account Console IT (chrome)	Run Account Console IT	2023-05-13T20:26:59.9006972Z -- 	at org.jboss.arquillian.core.impl.EventContextImpl.proceed(EventContextImpl.java:95)
Account Console IT (chrome)	Run Account Console IT	2023-05-13T20:26:59.9007844Z -- 	at org.jboss.arquillian.test.impl.TestContextHandler.createSuiteContext(TestContextHandler.java:69)
Account Console IT (chrome)	Run Account Console IT	2023-05-13T20:26:59.9008637Z -- 	at jdk.internal.reflect.GeneratedMethodAccessor5.invoke(Unknown Source)
Account Console IT (chrome)	Run Account Console IT	2023-05-13T20:26:59.9009575Z -- 	at java.base/jdk.internal.reflect.DelegatingMethodAccessorImpl.invoke(DelegatingMethodAccessorImpl.java:43)
Account Console IT (chrome)	Run Account Console IT	2023-05-13T20:26:59.9010246Z -- 	at java.base/java.lang.reflect.Method.invoke(Method.java:568)
Account Console IT (chrome)	Run Account Console IT	2023-05-13T20:26:59.9011001Z -- 	at org.jboss.arquillian.core.impl.ObserverImpl.invoke(ObserverImpl.java:86)
Account Console IT (chrome)	Run Account Console IT	2023-05-13T20:26:59.9011694Z -- 	at org.jboss.arquillian.core.impl.EventContextImpl.proceed(EventContextImpl.java:95)
Account Console IT (chrome)	Run Account Console IT	2023-05-13T20:26:59.9012366Z -- 	at org.jboss.arquillian.core.impl.ManagerImpl.fire(ManagerImpl.java:133)
Account Console IT (chrome)	Run Account Console IT	2023-05-13T20:26:59.9013013Z -- 	at org.jboss.arquillian.core.impl.ManagerImpl.fire(ManagerImpl.java:105)
Account Console IT (chrome)	Run Account Console IT	2023-05-13T20:26:59.9013815Z -- 	at org.jboss.arquillian.test.impl.EventTestRunnerAdaptor.fireCustomLifecycle(EventTestRunnerAdaptor.java:159)
Account Console IT (chrome)	Run Account Console IT	2023-05-13T20:26:59.9014564Z -- 	at org.jboss.arquillian.junit.Arquillian$7.evaluate(Arquillian.java:273)
Account Console IT (chrome)	Run Account Console IT	2023-05-13T20:26:59.9015204Z -- 	at org.junit.runners.BlockJUnit4ClassRunner$1.evaluate(BlockJUnit4ClassRunner.java:100)
Account Console IT (chrome)	Run Account Console IT	2023-05-13T20:26:59.9015867Z -- 	at org.junit.runners.ParentRunner.runLeaf(ParentRunner.java:366)
Account Console IT (chrome)	Run Account Console IT	2023-05-13T20:26:59.9016520Z -- 	at org.junit.runners.BlockJUnit4ClassRunner.runChild(BlockJUnit4ClassRunner.java:103)
Account Console IT (chrome)	Run Account Console IT	2023-05-13T20:26:59.9017235Z -- 	at org.junit.runners.BlockJUnit4ClassRunner.runChild(BlockJUnit4ClassRunner.java:63)
Account Console IT (chrome)	Run Account Console IT	2023-05-13T20:26:59.9018175Z -- 	at org.junit.runners.ParentRunner$4.run(ParentRunner.java:331)
Account Console IT (chrome)	Run Account Console IT	2023-05-13T20:26:59.9018724Z -- 	at org.junit.runners.ParentRunner$1.schedule(ParentRunner.java:79)
Account Console IT (chrome)	Run Account Console IT	2023-05-13T20:26:59.9019309Z -- 	at org.junit.runners.ParentRunner.runChildren(ParentRunner.java:329)
Account Console IT (chrome)	Run Account Console IT	2023-05-13T20:26:59.9019908Z -- 	at org.junit.runners.ParentRunner.access$100(ParentRunner.java:66)
Account Console IT (chrome)	Run Account Console IT	2023-05-13T20:26:59.9020471Z -- 	at org.junit.runners.ParentRunner$2.evaluate(ParentRunner.java:293)
Account Console IT (chrome)	Run Account Console IT	2023-05-13T20:26:59.9021045Z -- 	at org.jboss.arquillian.junit.Arquillian$2.evaluate(Arquillian.java:166)
Account Console IT (chrome)	Run Account Console IT	2023-05-13T20:26:59.9021877Z -- 	at org.jboss.arquillian.junit.Arquillian.multiExecute(Arquillian.java:350)
Account Console IT (chrome)	Run Account Console IT	2023-05-13T20:26:59.9022557Z -- 	at org.jboss.arquillian.junit.Arquillian.access$200(Arquillian.java:54)
Account Console IT (chrome)	Run Account Console IT	2023-05-13T20:26:59.9023197Z -- 	at org.jboss.arquillian.junit.Arquillian$3.evaluate(Arquillian.java:177)
Account Console IT (chrome)	Run Account Console IT	2023-05-13T20:26:59.9023826Z -- 	at org.junit.rules.ExternalResource$1.evaluate(ExternalResource.java:54)
Account Console IT (chrome)	Run Account Console IT	2023-05-13T20:26:59.9024424Z -- 	at org.junit.rules.RunRules.evaluate(RunRules.java:20)
Account Console IT (chrome)	Run Account Console IT	2023-05-13T20:26:59.9025008Z -- 	at org.junit.runners.ParentRunner$3.evaluate(ParentRunner.java:306)
Account Console IT (chrome)	Run Account Console IT	2023-05-13T20:26:59.9025598Z -- 	at org.junit.runners.ParentRunner.run(ParentRunner.java:413)
Account Console IT (chrome)	Run Account Console IT	2023-05-13T20:26:59.9026206Z -- 	at org.jboss.arquillian.junit.Arquillian.run(Arquillian.java:115)
Account Console IT (chrome)	Run Account Console IT	2023-05-13T20:26:59.9026913Z -- 	at org.apache.maven.surefire.junit4.JUnit4Provider.execute(JUnit4Provider.java:377)
Account Console IT (chrome)	Run Account Console IT	2023-05-13T20:26:59.9027748Z -- 	at org.apache.maven.surefire.junit4.JUnit4Provider.executeWithRerun(JUnit4Provider.java:284)
Account Console IT (chrome)	Run Account Console IT	2023-05-13T20:26:59.9028815Z -- 	at org.apache.maven.surefire.junit4.JUnit4Provider.executeTestSet(JUnit4Provider.java:248)
Account Console IT (chrome)	Run Account Console IT	2023-05-13T20:26:59.9029550Z -- 	at org.apache.maven.surefire.junit4.JUnit4Provider.invoke(JUnit4Provider.java:167)
Account Console IT (chrome)	Run Account Console IT	2023-05-13T20:26:59.9030307Z -- 	at org.apache.maven.surefire.booter.ForkedBooter.runSuitesInProcess(ForkedBooter.java:456)
Account Console IT (chrome)	Run Account Console IT	2023-05-13T20:26:59.9031044Z -- 	at org.apache.maven.surefire.booter.ForkedBooter.execute(ForkedBooter.java:169)
Account Console IT (chrome)	Run Account Console IT	2023-05-13T20:26:59.9031712Z -- 	at org.apache.maven.surefire.booter.ForkedBooter.run(ForkedBooter.java:595)
Account Console IT (chrome)	Run Account Console IT	2023-05-13T20:26:59.9032363Z -- 	at org.apache.maven.surefire.booter.ForkedBooter.main(ForkedBooter.java:581)
Account Console IT (chrome)	Run Account Console IT	2023-05-13T20:26:59.9032784Z -- 
Account Console IT (chrome)	Run Account Console IT	2023-05-13T20:26:59.9061095Z -- [ERROR] org.keycloak.testsuite.ui.account2.InternationalizationTest.userAttributeTest  Time elapsed: 9.747 s  <<< FAILURE!
Account Console IT (chrome)	Run Account Console IT	2023-05-13T20:26:59.9061884Z -- org.junit.ComparisonFailure: expected:<[English]> but was:<[und]>
Account Console IT (chrome)	Run Account Console IT	2023-05-13T20:26:59.9062426Z -- 	at org.junit.Assert.assertEquals(Assert.java:117)
Account Console IT (chrome)	Run Account Console IT	2023-05-13T20:26:59.9062904Z -- 	at org.junit.Assert.assertEquals(Assert.java:146)
Account Console IT (chrome)	Run Account Console IT	2023-05-13T20:26:59.9063834Z -- 	at org.keycloak.testsuite.ui.account2.InternationalizationTest.userAttributeTest(InternationalizationTest.java:105)
Account Console IT (chrome)	Run Account Console IT	2023-05-13T20:26:59.9065534Z -- 	at java.base/jdk.internal.reflect.NativeMethodAccessorImpl.invoke0(Native Method)
Account Console IT (chrome)	Run Account Console IT	2023-05-13T20:26:59.9066362Z -- 	at java.base/jdk.internal.reflect.NativeMethodAccessorImpl.invoke(NativeMethodAccessorImpl.java:77)
Account Console IT (chrome)	Run Account Console IT	2023-05-13T20:26:59.9070829Z -- 	at java.base/jdk.internal.reflect.DelegatingMethodAccessorImpl.invoke(DelegatingMethodAccessorImpl.java:43)
Account Console IT (chrome)	Run Account Console IT	2023-05-13T20:26:59.9071602Z -- 	at java.base/java.lang.reflect.Method.invoke(Method.java:568)
Account Console IT (chrome)	Run Account Console IT	2023-05-13T20:26:59.9072272Z -- 	at org.junit.runners.model.FrameworkMethod$1.runReflectiveCall(FrameworkMethod.java:59)
Account Console IT (chrome)	Run Account Console IT	2023-05-13T20:26:59.9073293Z -- 	at org.junit.internal.runners.model.ReflectiveCallable.run(ReflectiveCallable.java:12)
Account Console IT (chrome)	Run Account Console IT	2023-05-13T20:26:59.9077956Z -- 	at org.junit.runners.model.FrameworkMethod.invokeExplosively(FrameworkMethod.java:56)
Account Console IT (chrome)	Run Account Console IT	2023-05-13T20:26:59.9078756Z -- 	at org.jboss.arquillian.junit.Arquillian$8$1.invokeMethod(Arquillian.java:325)
Account Console IT (chrome)	Run Account Console IT	2023-05-13T20:26:59.9079387Z -- 	at org.jboss.arquillian.junit.MethodInvoker$1.invoke(MethodInvoker.java:18)
Account Console IT (chrome)	Run Account Console IT	2023-05-13T20:26:59.9080198Z -- 	at org.jboss.arquillian.container.test.impl.execution.LocalTestExecuter.execute(LocalTestExecuter.java:57)
Account Console IT (chrome)	Run Account Console IT	2023-05-13T20:26:59.9081046Z -- 	at org.keycloak.testsuite.arquillian.ModelTestExecutor.execute(ModelTestExecutor.java:51)
Account Console IT (chrome)	Run Account Console IT	2023-05-13T20:26:59.9081760Z -- 	at jdk.internal.reflect.GeneratedMethodAccessor173.invoke(Unknown Source)
Account Console IT (chrome)	Run Account Console IT	2023-05-13T20:26:59.9082548Z -- 	at java.base/jdk.internal.reflect.DelegatingMethodAccessorImpl.invoke(DelegatingMethodAccessorImpl.java:43)
Account Console IT (chrome)	Run Account Console IT	2023-05-13T20:26:59.9083227Z -- 	at java.base/java.lang.reflect.Method.invoke(Method.java:568)
Account Console IT (chrome)	Run Account Console IT	2023-05-13T20:26:59.9083831Z -- 	at org.jboss.arquillian.core.impl.ObserverImpl.invoke(ObserverImpl.java:86)
Account Console IT (chrome)	Run Account Console IT	2023-05-13T20:26:59.9084820Z -- 	at org.jboss.arquillian.core.impl.EventContextImpl.invokeObservers(EventContextImpl.java:103)
Account Console IT (chrome)	Run Account Console IT	2023-05-13T20:26:59.9085649Z -- 	at org.jboss.arquillian.core.impl.EventContextImpl.proceed(EventContextImpl.java:90)
Account Console IT (chrome)	Run Account Console IT	2023-05-13T20:26:59.9091738Z -- 	at org.jboss.arquillian.core.impl.ManagerImpl.fire(ManagerImpl.java:133)
Account Console IT (chrome)	Run Account Console IT	2023-05-13T20:26:59.9092601Z -- 	at org.jboss.arquillian.core.impl.ManagerImpl.fire(ManagerImpl.java:105)
Account Console IT (chrome)	Run Account Console IT	2023-05-13T20:26:59.9093276Z -- 	at org.jboss.arquillian.core.impl.EventImpl.fire(EventImpl.java:62)
Account Console IT (chrome)	Run Account Console IT	2023-05-13T20:26:59.9094148Z -- 	at org.jboss.arquillian.container.test.impl.execution.ClientTestExecuter.execute(ClientTestExecuter.java:50)
Account Console IT (chrome)	Run Account Console IT	2023-05-13T20:26:59.9103525Z -- 	at jdk.internal.reflect.GeneratedMethodAccessor172.invoke(Unknown Source)
Account Console IT (chrome)	Run Account Console IT	2023-05-13T20:26:59.9104432Z -- 	at java.base/jdk.internal.reflect.DelegatingMethodAccessorImpl.invoke(DelegatingMethodAccessorImpl.java:43)
Account Console IT (chrome)	Run Account Console IT	2023-05-13T20:26:59.9105168Z -- 	at java.base/java.lang.reflect.Method.invoke(Method.java:568)
Account Console IT (chrome)	Run Account Console IT	2023-05-13T20:26:59.9106150Z -- 	at org.jboss.arquillian.core.impl.ObserverImpl.invoke(ObserverImpl.java:86)
Account Console IT (chrome)	Run Account Console IT	2023-05-13T20:26:59.9106912Z -- 	at org.jboss.arquillian.core.impl.EventContextImpl.invokeObservers(EventContextImpl.java:103)
Account Console IT (chrome)	Run Account Console IT	2023-05-13T20:26:59.9107694Z -- 	at org.jboss.arquillian.core.impl.EventContextImpl.proceed(EventContextImpl.java:90)
Account Console IT (chrome)	Run Account Console IT	2023-05-13T20:26:59.9108646Z -- 	at org.jboss.arquillian.container.test.impl.client.ContainerEventController.createContext(ContainerEventController.java:128)
Account Console IT (chrome)	Run Account Console IT	2023-05-13T20:26:59.9109800Z -- 	at org.jboss.arquillian.container.test.impl.client.ContainerEventController.createTestContext(ContainerEventController.java:118)
Account Console IT (chrome)	Run Account Console IT	2023-05-13T20:26:59.9110683Z -- 	at jdk.internal.reflect.GeneratedMethodAccessor171.invoke(Unknown Source)
Account Console IT (chrome)	Run Account Console IT	2023-05-13T20:26:59.9111473Z -- 	at java.base/jdk.internal.reflect.DelegatingMethodAccessorImpl.invoke(DelegatingMethodAccessorImpl.java:43)
Account Console IT (chrome)	Run Account Console IT	2023-05-13T20:26:59.9112225Z -- 	at java.base/java.lang.reflect.Method.invoke(Method.java:568)
Account Console IT (chrome)	Run Account Console IT	2023-05-13T20:26:59.9112759Z -- 	at org.jboss.arquillian.core.impl.ObserverImpl.invoke(ObserverImpl.java:86)
Account Console IT (chrome)	Run Account Console IT	2023-05-13T20:26:59.9113630Z -- 	at org.jboss.arquillian.core.impl.EventContextImpl.proceed(EventContextImpl.java:95)
Account Console IT (chrome)	Run Account Console IT	2023-05-13T20:26:59.9114342Z -- 	at org.jboss.arquillian.test.impl.TestContextHandler.createTestContext(TestContextHandler.java:116)
Account Console IT (chrome)	Run Account Console IT	2023-05-13T20:26:59.9115122Z -- 	at jdk.internal.reflect.GeneratedMethodAccessor7.invoke(Unknown Source)
Account Console IT (chrome)	Run Account Console IT	2023-05-13T20:26:59.9115843Z -- 	at java.base/jdk.internal.reflect.DelegatingMethodAccessorImpl.invoke(DelegatingMethodAccessorImpl.java:43)
Account Console IT (chrome)	Run Account Console IT	2023-05-13T20:26:59.9116445Z -- 	at java.base/java.lang.reflect.Method.invoke(Method.java:568)
Account Console IT (chrome)	Run Account Console IT	2023-05-13T20:26:59.9117203Z -- 	at org.jboss.arquillian.core.impl.ObserverImpl.invoke(ObserverImpl.java:86)
Account Console IT (chrome)	Run Account Console IT	2023-05-13T20:26:59.9117899Z -- 	at org.jboss.arquillian.core.impl.EventContextImpl.proceed(EventContextImpl.java:95)
Account Console IT (chrome)	Run Account Console IT	2023-05-13T20:26:59.9118707Z -- 	at org.jboss.arquillian.test.impl.TestContextHandler.createClassContext(TestContextHandler.java:83)
Account Console IT (chrome)	Run Account Console IT	2023-05-13T20:26:59.9119454Z -- 	at jdk.internal.reflect.GeneratedMethodAccessor6.invoke(Unknown Source)
Account Console IT (chrome)	Run Account Console IT	2023-05-13T20:26:59.9120430Z -- 	at java.base/jdk.internal.reflect.DelegatingMethodAccessorImpl.invoke(DelegatingMethodAccessorImpl.java:43)
Account Console IT (chrome)	Run Account Console IT	2023-05-13T20:26:59.9121167Z -- 	at java.base/java.lang.reflect.Method.invoke(Method.java:568)
Account Console IT (chrome)	Run Account Console IT	2023-05-13T20:26:59.9121814Z -- 	at org.jboss.arquillian.core.impl.ObserverImpl.invoke(ObserverImpl.java:86)
Account Console IT (chrome)	Run Account Console IT	2023-05-13T20:26:59.9122570Z -- 	at org.jboss.arquillian.core.impl.EventContextImpl.proceed(EventContextImpl.java:95)
Account Console IT (chrome)	Run Account Console IT	2023-05-13T20:26:59.9127737Z -- 	at org.jboss.arquillian.test.impl.TestContextHandler.createSuiteContext(TestContextHandler.java:69)
Account Console IT (chrome)	Run Account Console IT	2023-05-13T20:26:59.9128947Z -- 	at jdk.internal.reflect.GeneratedMethodAccessor5.invoke(Unknown Source)
Account Console IT (chrome)	Run Account Console IT	2023-05-13T20:26:59.9136410Z -- 	at java.base/jdk.internal.reflect.DelegatingMethodAccessorImpl.invoke(DelegatingMethodAccessorImpl.java:43)
Account Console IT (chrome)	Run Account Console IT	2023-05-13T20:26:59.9137292Z -- 	at java.base/java.lang.reflect.Method.invoke(Method.java:568)
Account Console IT (chrome)	Run Account Console IT	2023-05-13T20:26:59.9137913Z -- 	at org.jboss.arquillian.core.impl.ObserverImpl.invoke(ObserverImpl.java:86)
Account Console IT (chrome)	Run Account Console IT	2023-05-13T20:26:59.9138630Z -- 	at org.jboss.arquillian.core.impl.EventContextImpl.proceed(EventContextImpl.java:95)
Account Console IT (chrome)	Run Account Console IT	2023-05-13T20:26:59.9139327Z -- 	at org.jboss.arquillian.core.impl.ManagerImpl.fire(ManagerImpl.java:133)
Account Console IT (chrome)	Run Account Console IT	2023-05-13T20:26:59.9140060Z -- 	at org.jboss.arquillian.test.impl.EventTestRunnerAdaptor.test(EventTestRunnerAdaptor.java:139)
Account Console IT (chrome)	Run Account Console IT	2023-05-13T20:26:59.9140768Z -- 	at org.jboss.arquillian.junit.MethodInvoker.invoke(MethodInvoker.java:15)
Account Console IT (chrome)	Run Account Console IT	2023-05-13T20:26:59.9141591Z -- 	at org.jboss.arquillian.junit.Arquillian$8.evaluate(Arquillian.java:332)
Account Console IT (chrome)	Run Account Console IT	2023-05-13T20:26:59.9145816Z -- 	at org.jboss.arquillian.junit.Arquillian$4.evaluate(Arquillian.java:204)
Account Console IT (chrome)	Run Account Console IT	2023-05-13T20:26:59.9146563Z -- 	at org.jboss.arquillian.junit.Arquillian.multiExecute(Arquillian.java:350)
Account Console IT (chrome)	Run Account Console IT	2023-05-13T20:26:59.9147264Z -- 	at org.jboss.arquillian.junit.Arquillian.access$200(Arquillian.java:54)
Account Console IT (chrome)	Run Account Console IT	2023-05-13T20:26:59.9148262Z -- 	at org.jboss.arquillian.junit.Arquillian$5.evaluate(Arquillian.java:215)
Account Console IT (chrome)	Run Account Console IT	2023-05-13T20:26:59.9148847Z -- 	at org.jboss.arquillian.junit.Arquillian$7$1.invoke(Arquillian.java:279)
Account Console IT (chrome)	Run Account Console IT	2023-05-13T20:26:59.9149867Z -- 	at org.jboss.arquillian.container.test.impl.execution.ClientBeforeAfterLifecycleEventExecuter.execute(ClientBeforeAfterLifecycleEventExecuter.java:88)
Account Console IT (chrome)	Run Account Console IT	2023-05-13T20:26:59.9151194Z -- 	at org.jboss.arquillian.container.test.impl.execution.ClientBeforeAfterLifecycleEventExecuter.on(ClientBeforeAfterLifecycleEventExecuter.java:66)
Account Console IT (chrome)	Run Account Console IT	2023-05-13T20:26:59.9152135Z -- 	at jdk.internal.reflect.GeneratedMethodAccessor15.invoke(Unknown Source)
Account Console IT (chrome)	Run Account Console IT	2023-05-13T20:26:59.9153231Z -- 	at java.base/jdk.internal.reflect.DelegatingMethodAccessorImpl.invoke(DelegatingMethodAccessorImpl.java:43)
Account Console IT (chrome)	Run Account Console IT	2023-05-13T20:26:59.9153831Z -- 	at java.base/java.lang.reflect.Method.invoke(Method.java:568)
Account Console IT (chrome)	Run Account Console IT	2023-05-13T20:26:59.9154358Z -- 	at org.jboss.arquillian.core.impl.ObserverImpl.invoke(ObserverImpl.java:86)
Account Console IT (chrome)	Run Account Console IT	2023-05-13T20:26:59.9155038Z -- 	at org.jboss.arquillian.core.impl.EventContextImpl.invokeObservers(EventContextImpl.java:103)
Account Console IT (chrome)	Run Account Console IT	2023-05-13T20:26:59.9155712Z -- 	at org.jboss.arquillian.core.impl.EventContextImpl.proceed(EventContextImpl.java:90)
Account Console IT (chrome)	Run Account Console IT	2023-05-13T20:26:59.9156695Z -- 	at org.jboss.arquillian.container.test.impl.client.ContainerEventController.createContext(ContainerEventController.java:128)
Account Console IT (chrome)	Run Account Console IT	2023-05-13T20:26:59.9157685Z -- 	at org.jboss.arquillian.container.test.impl.client.ContainerEventController.createBeforeContext(ContainerEventController.java:114)
Account Console IT (chrome)	Run Account Console IT	2023-05-13T20:26:59.9158457Z -- 	at jdk.internal.reflect.GeneratedMethodAccessor12.invoke(Unknown Source)
Account Console IT (chrome)	Run Account Console IT	2023-05-13T20:26:59.9159142Z -- 	at java.base/jdk.internal.reflect.DelegatingMethodAccessorImpl.invoke(DelegatingMethodAccessorImpl.java:43)
Account Console IT (chrome)	Run Account Console IT	2023-05-13T20:26:59.9159978Z -- 	at java.base/java.lang.reflect.Method.invoke(Method.java:568)
Account Console IT (chrome)	Run Account Console IT	2023-05-13T20:26:59.9164536Z -- 	at org.jboss.arquillian.core.impl.ObserverImpl.invoke(ObserverImpl.java:86)
Account Console IT (chrome)	Run Account Console IT	2023-05-13T20:26:59.9165412Z -- 	at org.jboss.arquillian.core.impl.EventContextImpl.proceed(EventContextImpl.java:95)
Account Console IT (chrome)	Run Account Console IT	2023-05-13T20:26:59.9166229Z -- 	at org.jboss.arquillian.test.impl.TestContextHandler.createTestContext(TestContextHandler.java:116)
Account Console IT (chrome)	Run Account Console IT	2023-05-13T20:26:59.9169128Z -- 	at jdk.internal.reflect.GeneratedMethodAccessor7.invoke(Unknown Source)
Account Console IT (chrome)	Run Account Console IT	2023-05-13T20:26:59.9169950Z -- 	at java.base/jdk.internal.reflect.DelegatingMethodAccessorImpl.invoke(DelegatingMethodAccessorImpl.java:43)
Account Console IT (chrome)	Run Account Console IT	2023-05-13T20:26:59.9170624Z -- 	at java.base/java.lang.reflect.Method.invoke(Method.java:568)
Account Console IT (chrome)	Run Account Console IT	2023-05-13T20:26:59.9171232Z -- 	at org.jboss.arquillian.core.impl.ObserverImpl.invoke(ObserverImpl.java:86)
Account Console IT (chrome)	Run Account Console IT	2023-05-13T20:26:59.9171935Z -- 	at org.jboss.arquillian.core.impl.EventContextImpl.proceed(EventContextImpl.java:95)
Account Console IT (chrome)	Run Account Console IT	2023-05-13T20:26:59.9172750Z -- 	at org.jboss.arquillian.test.impl.TestContextHandler.createClassContext(TestContextHandler.java:83)
Account Console IT (chrome)	Run Account Console IT	2023-05-13T20:26:59.9173500Z -- 	at jdk.internal.reflect.GeneratedMethodAccessor6.invoke(Unknown Source)
Account Console IT (chrome)	Run Account Console IT	2023-05-13T20:26:59.9174501Z -- 	at java.base/jdk.internal.reflect.DelegatingMethodAccessorImpl.invoke(DelegatingMethodAccessorImpl.java:43)
Account Console IT (chrome)	Run Account Console IT	2023-05-13T20:26:59.9175225Z -- 	at java.base/java.lang.reflect.Method.invoke(Method.java:568)
Account Console IT (chrome)	Run Account Console IT	2023-05-13T20:26:59.9175884Z -- 	at org.jboss.arquillian.core.impl.ObserverImpl.invoke(ObserverImpl.java:86)
Account Console IT (chrome)	Run Account Console IT	2023-05-13T20:26:59.9176654Z -- 	at org.jboss.arquillian.core.impl.EventContextImpl.proceed(EventContextImpl.java:95)
Account Console IT (chrome)	Run Account Console IT	2023-05-13T20:26:59.9177521Z -- 	at org.jboss.arquillian.test.impl.TestContextHandler.createSuiteContext(TestContextHandler.java:69)
Account Console IT (chrome)	Run Account Console IT	2023-05-13T20:26:59.9178739Z -- 	at jdk.internal.reflect.GeneratedMethodAccessor5.invoke(Unknown Source)
Account Console IT (chrome)	Run Account Console IT	2023-05-13T20:26:59.9179602Z -- 	at java.base/jdk.internal.reflect.DelegatingMethodAccessorImpl.invoke(DelegatingMethodAccessorImpl.java:43)
Account Console IT (chrome)	Run Account Console IT	2023-05-13T20:26:59.9180323Z -- 	at java.base/java.lang.reflect.Method.invoke(Method.java:568)
Account Console IT (chrome)	Run Account Console IT	2023-05-13T20:26:59.9181218Z -- 	at org.jboss.arquillian.core.impl.ObserverImpl.invoke(ObserverImpl.java:86)
Account Console IT (chrome)	Run Account Console IT	2023-05-13T20:26:59.9184849Z -- 	at org.jboss.arquillian.core.impl.EventContextImpl.proceed(EventContextImpl.java:95)
Account Console IT (chrome)	Run Account Console IT	2023-05-13T20:26:59.9185739Z -- 	at org.jboss.arquillian.core.impl.ManagerImpl.fire(ManagerImpl.java:133)
Account Console IT (chrome)	Run Account Console IT	2023-05-13T20:26:59.9186496Z -- 	at org.jboss.arquillian.core.impl.ManagerImpl.fire(ManagerImpl.java:105)
Account Console IT (chrome)	Run Account Console IT	2023-05-13T20:26:59.9187380Z -- 	at org.jboss.arquillian.test.impl.EventTestRunnerAdaptor.fireCustomLifecycle(EventTestRunnerAdaptor.java:159)
Account Console IT (chrome)	Run Account Console IT	2023-05-13T20:26:59.9193263Z -- 	at org.jboss.arquillian.junit.Arquillian$7.evaluate(Arquillian.java:273)
Account Console IT (chrome)	Run Account Console IT	2023-05-13T20:26:59.9194047Z -- 	at org.junit.runners.BlockJUnit4ClassRunner$1.evaluate(BlockJUnit4ClassRunner.java:100)
Account Console IT (chrome)	Run Account Console IT	2023-05-13T20:26:59.9194735Z -- 	at org.junit.runners.ParentRunner.runLeaf(ParentRunner.java:366)
Account Console IT (chrome)	Run Account Console IT	2023-05-13T20:26:59.9195453Z -- 	at org.junit.runners.BlockJUnit4ClassRunner.runChild(BlockJUnit4ClassRunner.java:103)
Account Console IT (chrome)	Run Account Console IT	2023-05-13T20:26:59.9196235Z -- 	at org.junit.runners.BlockJUnit4ClassRunner.runChild(BlockJUnit4ClassRunner.java:63)
Account Console IT (chrome)	Run Account Console IT	2023-05-13T20:26:59.9196908Z -- 	at org.junit.runners.ParentRunner$4.run(ParentRunner.java:331)
Account Console IT (chrome)	Run Account Console IT	2023-05-13T20:26:59.9197500Z -- 	at org.junit.runners.ParentRunner$1.schedule(ParentRunner.java:79)
Account Console IT (chrome)	Run Account Console IT	2023-05-13T20:26:59.9198385Z -- 	at org.junit.runners.ParentRunner.runChildren(ParentRunner.java:329)
Account Console IT (chrome)	Run Account Console IT	2023-05-13T20:26:59.9199431Z -- 	at org.junit.runners.ParentRunner.access$100(ParentRunner.java:66)
Account Console IT (chrome)	Run Account Console IT	2023-05-13T20:26:59.9200058Z -- 	at org.junit.runners.ParentRunner$2.evaluate(ParentRunner.java:293)
Account Console IT (chrome)	Run Account Console IT	2023-05-13T20:26:59.9200680Z -- 	at org.jboss.arquillian.junit.Arquillian$2.evaluate(Arquillian.java:166)
Account Console IT (chrome)	Run Account Console IT	2023-05-13T20:26:59.9201372Z -- 	at org.jboss.arquillian.junit.Arquillian.multiExecute(Arquillian.java:350)
Account Console IT (chrome)	Run Account Console IT	2023-05-13T20:26:59.9202051Z -- 	at org.jboss.arquillian.junit.Arquillian.access$200(Arquillian.java:54)
Account Console IT (chrome)	Run Account Console IT	2023-05-13T20:26:59.9202695Z -- 	at org.jboss.arquillian.junit.Arquillian$3.evaluate(Arquillian.java:177)
Account Console IT (chrome)	Run Account Console IT	2023-05-13T20:26:59.9203334Z -- 	at org.junit.rules.ExternalResource$1.evaluate(ExternalResource.java:54)
Account Console IT (chrome)	Run Account Console IT	2023-05-13T20:26:59.9203907Z -- 	at org.junit.rules.RunRules.evaluate(RunRules.java:20)
Account Console IT (chrome)	Run Account Console IT	2023-05-13T20:26:59.9210231Z -- 	at org.junit.runners.ParentRunner$3.evaluate(ParentRunner.java:306)
Account Console IT (chrome)	Run Account Console IT	2023-05-13T20:26:59.9210884Z -- 	at org.junit.runners.ParentRunner.run(ParentRunner.java:413)
Account Console IT (chrome)	Run Account Console IT	2023-05-13T20:26:59.9211512Z -- 	at org.jboss.arquillian.junit.Arquillian.run(Arquillian.java:115)
Account Console IT (chrome)	Run Account Console IT	2023-05-13T20:26:59.9212236Z -- 	at org.apache.maven.surefire.junit4.JUnit4Provider.execute(JUnit4Provider.java:377)
Account Console IT (chrome)	Run Account Console IT	2023-05-13T20:26:59.9213067Z -- 	at org.apache.maven.surefire.junit4.JUnit4Provider.executeWithRerun(JUnit4Provider.java:302)
Account Console IT (chrome)	Run Account Console IT	2023-05-13T20:26:59.9213925Z -- 	at org.apache.maven.surefire.junit4.JUnit4Provider.executeTestSet(JUnit4Provider.java:248)
Account Console IT (chrome)	Run Account Console IT	2023-05-13T20:26:59.9215258Z -- 	at org.apache.maven.surefire.junit4.JUnit4Provider.invoke(JUnit4Provider.java:167)
Account Console IT (chrome)	Run Account Console IT	2023-05-13T20:26:59.9216144Z -- 	at org.apache.maven.surefire.booter.ForkedBooter.runSuitesInProcess(ForkedBooter.java:456)
Account Console IT (chrome)	Run Account Console IT	2023-05-13T20:26:59.9216943Z -- 	at org.apache.maven.surefire.booter.ForkedBooter.execute(ForkedBooter.java:169)
Account Console IT (chrome)	Run Account Console IT	2023-05-13T20:26:59.9217673Z -- 	at org.apache.maven.surefire.booter.ForkedBooter.run(ForkedBooter.java:595)
Account Console IT (chrome)	Run Account Console IT	2023-05-13T20:26:59.9218401Z -- 	at org.apache.maven.surefire.booter.ForkedBooter.main(ForkedBooter.java:581)
Account Console IT (chrome)	Run Account Console IT	2023-05-13T20:26:59.9235918Z -- 
Account Console IT (chrome)	Run Account Console IT	2023-05-13T20:26:59.9237054Z -- [ERROR] org.keycloak.testsuite.ui.account2.InternationalizationTest.userAttributeTest  Time elapsed: 9.611 s  <<< FAILURE!
Account Console IT (chrome)	Run Account Console IT	2023-05-13T20:26:59.9237868Z -- org.junit.ComparisonFailure: expected:<[English]> but was:<[und]>
Account Console IT (chrome)	Run Account Console IT	2023-05-13T20:26:59.9238415Z -- 	at org.junit.Assert.assertEquals(Assert.java:117)
Account Console IT (chrome)	Run Account Console IT	2023-05-13T20:26:59.9238929Z -- 	at org.junit.Assert.assertEquals(Assert.java:146)
Account Console IT (chrome)	Run Account Console IT	2023-05-13T20:26:59.9239753Z -- 	at org.keycloak.testsuite.ui.account2.InternationalizationTest.userAttributeTest(InternationalizationTest.java:105)
Account Console IT (chrome)	Run Account Console IT	2023-05-13T20:26:59.9240916Z -- 	at java.base/jdk.internal.reflect.NativeMethodAccessorImpl.invoke0(Native Method)
Account Console IT (chrome)	Run Account Console IT	2023-05-13T20:26:59.9241739Z -- 	at java.base/jdk.internal.reflect.NativeMethodAccessorImpl.invoke(NativeMethodAccessorImpl.java:77)
Account Console IT (chrome)	Run Account Console IT	2023-05-13T20:26:59.9242644Z -- 	at java.base/jdk.internal.reflect.DelegatingMethodAccessorImpl.invoke(DelegatingMethodAccessorImpl.java:43)
Account Console IT (chrome)	Run Account Console IT	2023-05-13T20:26:59.9243383Z -- 	at java.base/java.lang.reflect.Method.invoke(Method.java:568)
Account Console IT (chrome)	Run Account Console IT	2023-05-13T20:26:59.9244048Z -- 	at org.junit.runners.model.FrameworkMethod$1.runReflectiveCall(FrameworkMethod.java:59)
Account Console IT (chrome)	Run Account Console IT	2023-05-13T20:26:59.9245274Z -- 	at org.junit.internal.runners.model.ReflectiveCallable.run(ReflectiveCallable.java:12)
Account Console IT (chrome)	Run Account Console IT	2023-05-13T20:26:59.9246072Z -- 	at org.junit.runners.model.FrameworkMethod.invokeExplosively(FrameworkMethod.java:56)
Account Console IT (chrome)	Run Account Console IT	2023-05-13T20:26:59.9246797Z -- 	at org.jboss.arquillian.junit.Arquillian$8$1.invokeMethod(Arquillian.java:325)
Account Console IT (chrome)	Run Account Console IT	2023-05-13T20:26:59.9250210Z -- 	at org.jboss.arquillian.junit.MethodInvoker$1.invoke(MethodInvoker.java:18)
Account Console IT (chrome)	Run Account Console IT	2023-05-13T20:26:59.9253643Z -- 	at org.jboss.arquillian.container.test.impl.execution.LocalTestExecuter.execute(LocalTestExecuter.java:57)
Account Console IT (chrome)	Run Account Console IT	2023-05-13T20:26:59.9254606Z -- 	at org.keycloak.testsuite.arquillian.ModelTestExecutor.execute(ModelTestExecutor.java:51)
Account Console IT (chrome)	Run Account Console IT	2023-05-13T20:26:59.9255718Z -- 	at jdk.internal.reflect.GeneratedMethodAccessor173.invoke(Unknown Source)
Account Console IT (chrome)	Run Account Console IT	2023-05-13T20:26:59.9256510Z -- 	at java.base/jdk.internal.reflect.DelegatingMethodAccessorImpl.invoke(DelegatingMethodAccessorImpl.java:43)
Account Console IT (chrome)	Run Account Console IT	2023-05-13T20:26:59.9257185Z -- 	at java.base/java.lang.reflect.Method.invoke(Method.java:568)
Account Console IT (chrome)	Run Account Console IT	2023-05-13T20:26:59.9257790Z -- 	at org.jboss.arquillian.core.impl.ObserverImpl.invoke(ObserverImpl.java:86)
Account Console IT (chrome)	Run Account Console IT	2023-05-13T20:26:59.9258530Z -- 	at org.jboss.arquillian.core.impl.EventContextImpl.invokeObservers(EventContextImpl.java:103)
Account Console IT (chrome)	Run Account Console IT	2023-05-13T20:26:59.9259301Z -- 	at org.jboss.arquillian.core.impl.EventContextImpl.proceed(EventContextImpl.java:90)
Account Console IT (chrome)	Run Account Console IT	2023-05-13T20:26:59.9259992Z -- 	at org.jboss.arquillian.core.impl.ManagerImpl.fire(ManagerImpl.java:133)
Account Console IT (chrome)	Run Account Console IT	2023-05-13T20:26:59.9264255Z -- 	at org.jboss.arquillian.core.impl.ManagerImpl.fire(ManagerImpl.java:105)
Account Console IT (chrome)	Run Account Console IT	2023-05-13T20:26:59.9264903Z -- 	at org.jboss.arquillian.core.impl.EventImpl.fire(EventImpl.java:62)
Account Console IT (chrome)	Run Account Console IT	2023-05-13T20:26:59.9265740Z -- 	at org.jboss.arquillian.container.test.impl.execution.ClientTestExecuter.execute(ClientTestExecuter.java:50)
Account Console IT (chrome)	Run Account Console IT	2023-05-13T20:26:59.9292666Z -- 	at jdk.internal.reflect.GeneratedMethodAccessor172.invoke(Unknown Source)
Account Console IT (chrome)	Run Account Console IT	2023-05-13T20:26:59.9293532Z -- 	at java.base/jdk.internal.reflect.DelegatingMethodAccessorImpl.invoke(DelegatingMethodAccessorImpl.java:43)
Account Console IT (chrome)	Run Account Console IT	2023-05-13T20:26:59.9294139Z -- 	at java.base/java.lang.reflect.Method.invoke(Method.java:568)
Account Console IT (chrome)	Run Account Console IT	2023-05-13T20:26:59.9294677Z -- 	at org.jboss.arquillian.core.impl.ObserverImpl.invoke(ObserverImpl.java:86)
Account Console IT (chrome)	Run Account Console IT	2023-05-13T20:26:59.9295330Z -- 	at org.jboss.arquillian.core.impl.EventContextImpl.invokeObservers(EventContextImpl.java:103)
Account Console IT (chrome)	Run Account Console IT	2023-05-13T20:26:59.9296017Z -- 	at org.jboss.arquillian.core.impl.EventContextImpl.proceed(EventContextImpl.java:90)
Account Console IT (chrome)	Run Account Console IT	2023-05-13T20:26:59.9296842Z -- 	at org.jboss.arquillian.container.test.impl.client.ContainerEventController.createContext(ContainerEventController.java:128)
Account Console IT (chrome)	Run Account Console IT	2023-05-13T20:26:59.9298191Z -- 	at org.jboss.arquillian.container.test.impl.client.ContainerEventController.createTestContext(ContainerEventController.java:118)
Account Console IT (chrome)	Run Account Console IT	2023-05-13T20:26:59.9299158Z -- 	at jdk.internal.reflect.GeneratedMethodAccessor171.invoke(Unknown Source)
Account Console IT (chrome)	Run Account Console IT	2023-05-13T20:26:59.9300453Z -- 	at java.base/jdk.internal.reflect.DelegatingMethodAccessorImpl.invoke(DelegatingMethodAccessorImpl.java:43)
Account Console IT (chrome)	Run Account Console IT	2023-05-13T20:26:59.9301205Z -- 	at java.base/java.lang.reflect.Method.invoke(Method.java:568)
Account Console IT (chrome)	Run Account Console IT	2023-05-13T20:26:59.9301851Z -- 	at org.jboss.arquillian.core.impl.ObserverImpl.invoke(ObserverImpl.java:86)
Account Console IT (chrome)	Run Account Console IT	2023-05-13T20:26:59.9302606Z -- 	at org.jboss.arquillian.core.impl.EventContextImpl.proceed(EventContextImpl.java:95)
Account Console IT (chrome)	Run Account Console IT	2023-05-13T20:26:59.9303725Z -- 	at org.jboss.arquillian.test.impl.TestContextHandler.createTestContext(TestContextHandler.java:116)
Account Console IT (chrome)	Run Account Console IT	2023-05-13T20:26:59.9304524Z -- 	at jdk.internal.reflect.GeneratedMethodAccessor7.invoke(Unknown Source)
Account Console IT (chrome)	Run Account Console IT	2023-05-13T20:26:59.9305361Z -- 	at java.base/jdk.internal.reflect.DelegatingMethodAccessorImpl.invoke(DelegatingMethodAccessorImpl.java:43)
Account Console IT (chrome)	Run Account Console IT	2023-05-13T20:26:59.9306094Z -- 	at java.base/java.lang.reflect.Method.invoke(Method.java:568)
Account Console IT (chrome)	Run Account Console IT	2023-05-13T20:26:59.9306743Z -- 	at org.jboss.arquillian.core.impl.ObserverImpl.invoke(ObserverImpl.java:86)
Account Console IT (chrome)	Run Account Console IT	2023-05-13T20:26:59.9307503Z -- 	at org.jboss.arquillian.core.impl.EventContextImpl.proceed(EventContextImpl.java:95)
Account Console IT (chrome)	Run Account Console IT	2023-05-13T20:26:59.9308388Z -- 	at org.jboss.arquillian.test.impl.TestContextHandler.createClassContext(TestContextHandler.java:83)
Account Console IT (chrome)	Run Account Console IT	2023-05-13T20:26:59.9314788Z -- 	at jdk.internal.reflect.GeneratedMethodAccessor6.invoke(Unknown Source)
Account Console IT (chrome)	Run Account Console IT	2023-05-13T20:26:59.9315840Z -- 	at java.base/jdk.internal.reflect.DelegatingMethodAccessorImpl.invoke(DelegatingMethodAccessorImpl.java:43)
Account Console IT (chrome)	Run Account Console IT	2023-05-13T20:26:59.9316595Z -- 	at java.base/java.lang.reflect.Method.invoke(Method.java:568)
Account Console IT (chrome)	Run Account Console IT	2023-05-13T20:26:59.9322432Z -- 	at org.jboss.arquillian.core.impl.ObserverImpl.invoke(ObserverImpl.java:86)
Account Console IT (chrome)	Run Account Console IT	2023-05-13T20:26:59.9323241Z -- 	at org.jboss.arquillian.core.impl.EventContextImpl.proceed(EventContextImpl.java:95)
Account Console IT (chrome)	Run Account Console IT	2023-05-13T20:26:59.9324370Z -- 	at org.jboss.arquillian.test.impl.TestContextHandler.createSuiteContext(TestContextHandler.java:69)
Account Console IT (chrome)	Run Account Console IT	2023-05-13T20:26:59.9325604Z -- 	at jdk.internal.reflect.GeneratedMethodAccessor5.invoke(Unknown Source)
Account Console IT (chrome)	Run Account Console IT	2023-05-13T20:26:59.9326480Z -- 	at java.base/jdk.internal.reflect.DelegatingMethodAccessorImpl.invoke(DelegatingMethodAccessorImpl.java:43)
Account Console IT (chrome)	Run Account Console IT	2023-05-13T20:26:59.9327224Z -- 	at java.base/java.lang.reflect.Method.invoke(Method.java:568)
Account Console IT (chrome)	Run Account Console IT	2023-05-13T20:26:59.9327945Z -- 	at org.jboss.arquillian.core.impl.ObserverImpl.invoke(ObserverImpl.java:86)
Account Console IT (chrome)	Run Account Console IT	2023-05-13T20:26:59.9328647Z -- 	at org.jboss.arquillian.core.impl.EventContextImpl.proceed(EventContextImpl.java:95)
Account Console IT (chrome)	Run Account Console IT	2023-05-13T20:26:59.9329535Z -- 	at org.jboss.arquillian.core.impl.ManagerImpl.fire(ManagerImpl.java:133)
Account Console IT (chrome)	Run Account Console IT	2023-05-13T20:26:59.9330322Z -- 	at org.jboss.arquillian.test.impl.EventTestRunnerAdaptor.test(EventTestRunnerAdaptor.java:139)
Account Console IT (chrome)	Run Account Console IT	2023-05-13T20:26:59.9331085Z -- 	at org.jboss.arquillian.junit.MethodInvoker.invoke(MethodInvoker.java:15)
Account Console IT (chrome)	Run Account Console IT	2023-05-13T20:26:59.9331754Z -- 	at org.jboss.arquillian.junit.Arquillian$8.evaluate(Arquillian.java:332)
Account Console IT (chrome)	Run Account Console IT	2023-05-13T20:26:59.9332384Z -- 	at org.jboss.arquillian.junit.Arquillian$4.evaluate(Arquillian.java:204)
Account Console IT (chrome)	Run Account Console IT	2023-05-13T20:26:59.9333044Z -- 	at org.jboss.arquillian.junit.Arquillian.multiExecute(Arquillian.java:350)
Account Console IT (chrome)	Run Account Console IT	2023-05-13T20:26:59.9343372Z -- 	at org.jboss.arquillian.junit.Arquillian.access$200(Arquillian.java:54)
Account Console IT (chrome)	Run Account Console IT	2023-05-13T20:26:59.9344149Z -- 	at org.jboss.arquillian.junit.Arquillian$5.evaluate(Arquillian.java:215)
Account Console IT (chrome)	Run Account Console IT	2023-05-13T20:26:59.9344762Z -- 	at org.jboss.arquillian.junit.Arquillian$7$1.invoke(Arquillian.java:279)
Account Console IT (chrome)	Run Account Console IT	2023-05-13T20:26:59.9345793Z -- 	at org.jboss.arquillian.container.test.impl.execution.ClientBeforeAfterLifecycleEventExecuter.execute(ClientBeforeAfterLifecycleEventExecuter.java:88)
Account Console IT (chrome)	Run Account Console IT	2023-05-13T20:26:59.9347312Z -- 	at org.jboss.arquillian.container.test.impl.execution.ClientBeforeAfterLifecycleEventExecuter.on(ClientBeforeAfterLifecycleEventExecuter.java:66)
Account Console IT (chrome)	Run Account Console IT	2023-05-13T20:26:59.9348333Z -- 	at jdk.internal.reflect.GeneratedMethodAccessor15.invoke(Unknown Source)
Account Console IT (chrome)	Run Account Console IT	2023-05-13T20:26:59.9352178Z -- 	at java.base/jdk.internal.reflect.DelegatingMethodAccessorImpl.invoke(DelegatingMethodAccessorImpl.java:43)
Account Console IT (chrome)	Run Account Console IT	2023-05-13T20:26:59.9353298Z -- 	at java.base/java.lang.reflect.Method.invoke(Method.java:568)
Account Console IT (chrome)	Run Account Console IT	2023-05-13T20:26:59.9353970Z -- 	at org.jboss.arquillian.core.impl.ObserverImpl.invoke(ObserverImpl.java:86)
Account Console IT (chrome)	Run Account Console IT	2023-05-13T20:26:59.9354777Z -- 	at org.jboss.arquillian.core.impl.EventContextImpl.invokeObservers(EventContextImpl.java:103)
Account Console IT (chrome)	Run Account Console IT	2023-05-13T20:26:59.9355614Z -- 	at org.jboss.arquillian.core.impl.EventContextImpl.proceed(EventContextImpl.java:90)
Account Console IT (chrome)	Run Account Console IT	2023-05-13T20:26:59.9359049Z -- 	at org.jboss.arquillian.container.test.impl.client.ContainerEventController.createContext(ContainerEventController.java:128)
Account Console IT (chrome)	Run Account Console IT	2023-05-13T20:26:59.9362076Z -- 	at org.jboss.arquillian.container.test.impl.client.ContainerEventController.createBeforeContext(ContainerEventController.java:114)
Account Console IT (chrome)	Run Account Console IT	2023-05-13T20:26:59.9363131Z -- 	at jdk.internal.reflect.GeneratedMethodAccessor12.invoke(Unknown Source)
Account Console IT (chrome)	Run Account Console IT	2023-05-13T20:26:59.9363982Z -- 	at java.base/jdk.internal.reflect.DelegatingMethodAccessorImpl.invoke(DelegatingMethodAccessorImpl.java:43)
Account Console IT (chrome)	Run Account Console IT	2023-05-13T20:26:59.9364711Z -- 	at java.base/java.lang.reflect.Method.invoke(Method.java:568)
Account Console IT (chrome)	Run Account Console IT	2023-05-13T20:26:59.9365361Z -- 	at org.jboss.arquillian.core.impl.ObserverImpl.invoke(ObserverImpl.java:86)
Account Console IT (chrome)	Run Account Console IT	2023-05-13T20:26:59.9366121Z -- 	at org.jboss.arquillian.core.impl.EventContextImpl.proceed(EventContextImpl.java:95)
Account Console IT (chrome)	Run Account Console IT	2023-05-13T20:26:59.9366994Z -- 	at org.jboss.arquillian.test.impl.TestContextHandler.createTestContext(TestContextHandler.java:116)
Account Console IT (chrome)	Run Account Console IT	2023-05-13T20:26:59.9367802Z -- 	at jdk.internal.reflect.GeneratedMethodAccessor7.invoke(Unknown Source)
Account Console IT (chrome)	Run Account Console IT	2023-05-13T20:26:59.9368639Z -- 	at java.base/jdk.internal.reflect.DelegatingMethodAccessorImpl.invoke(DelegatingMethodAccessorImpl.java:43)
Account Console IT (chrome)	Run Account Console IT	2023-05-13T20:26:59.9369460Z -- 	at java.base/java.lang.reflect.Method.invoke(Method.java:568)
Account Console IT (chrome)	Run Account Console IT	2023-05-13T20:26:59.9370284Z -- 	at org.jboss.arquillian.core.impl.ObserverImpl.invoke(ObserverImpl.java:86)
Account Console IT (chrome)	Run Account Console IT	2023-05-13T20:26:59.9380844Z -- 	at org.jboss.arquillian.core.impl.EventContextImpl.proceed(EventContextImpl.java:95)
Account Console IT (chrome)	Run Account Console IT	2023-05-13T20:26:59.9381779Z -- 	at org.jboss.arquillian.test.impl.TestContextHandler.createClassContext(TestContextHandler.java:83)
Account Console IT (chrome)	Run Account Console IT	2023-05-13T20:26:59.9382588Z -- 	at jdk.internal.reflect.GeneratedMethodAccessor6.invoke(Unknown Source)
Account Console IT (chrome)	Run Account Console IT	2023-05-13T20:26:59.9383434Z -- 	at java.base/jdk.internal.reflect.DelegatingMethodAccessorImpl.invoke(DelegatingMethodAccessorImpl.java:43)
Account Console IT (chrome)	Run Account Console IT	2023-05-13T20:26:59.9384166Z -- 	at java.base/java.lang.reflect.Method.invoke(Method.java:568)
Account Console IT (chrome)	Run Account Console IT	2023-05-13T20:26:59.9384830Z -- 	at org.jboss.arquillian.core.impl.ObserverImpl.invoke(ObserverImpl.java:86)
Account Console IT (chrome)	Run Account Console IT	2023-05-13T20:26:59.9385590Z -- 	at org.jboss.arquillian.core.impl.EventContextImpl.proceed(EventContextImpl.java:95)
Account Console IT (chrome)	Run Account Console IT	2023-05-13T20:26:59.9386466Z -- 	at org.jboss.arquillian.test.impl.TestContextHandler.createSuiteContext(TestContextHandler.java:69)
Account Console IT (chrome)	Run Account Console IT	2023-05-13T20:26:59.9387283Z -- 	at jdk.internal.reflect.GeneratedMethodAccessor5.invoke(Unknown Source)
Account Console IT (chrome)	Run Account Console IT	2023-05-13T20:26:59.9388122Z -- 	at java.base/jdk.internal.reflect.DelegatingMethodAccessorImpl.invoke(DelegatingMethodAccessorImpl.java:43)
Account Console IT (chrome)	Run Account Console IT	2023-05-13T20:26:59.9388848Z -- 	at java.base/java.lang.reflect.Method.invoke(Method.java:568)
Account Console IT (chrome)	Run Account Console IT	2023-05-13T20:26:59.9389496Z -- 	at org.jboss.arquillian.core.impl.ObserverImpl.invoke(ObserverImpl.java:86)
Account Console IT (chrome)	Run Account Console IT	2023-05-13T20:26:59.9390251Z -- 	at org.jboss.arquillian.core.impl.EventContextImpl.proceed(EventContextImpl.java:95)
Account Console IT (chrome)	Run Account Console IT	2023-05-13T20:26:59.9390979Z -- 	at org.jboss.arquillian.core.impl.ManagerImpl.fire(ManagerImpl.java:133)
Account Console IT (chrome)	Run Account Console IT	2023-05-13T20:26:59.9391674Z -- 	at org.jboss.arquillian.core.impl.ManagerImpl.fire(ManagerImpl.java:105)
Account Console IT (chrome)	Run Account Console IT	2023-05-13T20:26:59.9392542Z -- 	at org.jboss.arquillian.test.impl.EventTestRunnerAdaptor.fireCustomLifecycle(EventTestRunnerAdaptor.java:159)
Account Console IT (chrome)	Run Account Console IT	2023-05-13T20:26:59.9394158Z -- 	at org.jboss.arquillian.junit.Arquillian$7.evaluate(Arquillian.java:273)
Account Console IT (chrome)	Run Account Console IT	2023-05-13T20:26:59.9394820Z -- 	at org.junit.runners.BlockJUnit4ClassRunner$1.evaluate(BlockJUnit4ClassRunner.java:100)
Account Console IT (chrome)	Run Account Console IT	2023-05-13T20:26:59.9395456Z -- 	at org.junit.runners.ParentRunner.runLeaf(ParentRunner.java:366)
Account Console IT (chrome)	Run Account Console IT	2023-05-13T20:26:59.9396124Z -- 	at org.junit.runners.BlockJUnit4ClassRunner.runChild(BlockJUnit4ClassRunner.java:103)
Account Console IT (chrome)	Run Account Console IT	2023-05-13T20:26:59.9396842Z -- 	at org.junit.runners.BlockJUnit4ClassRunner.runChild(BlockJUnit4ClassRunner.java:63)
Account Console IT (chrome)	Run Account Console IT	2023-05-13T20:26:59.9412820Z -- 	at org.junit.runners.ParentRunner$4.run(ParentRunner.java:331)
Account Console IT (chrome)	Run Account Console IT	2023-05-13T20:26:59.9413427Z -- 	at org.junit.runners.ParentRunner$1.schedule(ParentRunner.java:79)
Account Console IT (chrome)	Run Account Console IT	2023-05-13T20:26:59.9414295Z -- 	at org.junit.runners.ParentRunner.runChildren(ParentRunner.java:329)
Account Console IT (chrome)	Run Account Console IT	2023-05-13T20:26:59.9414896Z -- 	at org.junit.runners.ParentRunner.access$100(ParentRunner.java:66)
Account Console IT (chrome)	Run Account Console IT	2023-05-13T20:26:59.9415467Z -- 	at org.junit.runners.ParentRunner$2.evaluate(ParentRunner.java:293)
Account Console IT (chrome)	Run Account Console IT	2023-05-13T20:26:59.9416123Z -- 	at org.jboss.arquillian.junit.Arquillian$2.evaluate(Arquillian.java:166)
Account Console IT (chrome)	Run Account Console IT	2023-05-13T20:26:59.9416751Z -- 	at org.jboss.arquillian.junit.Arquillian.multiExecute(Arquillian.java:350)
Account Console IT (chrome)	Run Account Console IT	2023-05-13T20:26:59.9417387Z -- 	at org.jboss.arquillian.junit.Arquillian.access$200(Arquillian.java:54)
Account Console IT (chrome)	Run Account Console IT	2023-05-13T20:26:59.9417999Z -- 	at org.jboss.arquillian.junit.Arquillian$3.evaluate(Arquillian.java:177)
Account Console IT (chrome)	Run Account Console IT	2023-05-13T20:26:59.9418585Z -- 	at org.junit.rules.ExternalResource$1.evaluate(ExternalResource.java:54)
Account Console IT (chrome)	Run Account Console IT	2023-05-13T20:26:59.9419118Z -- 	at org.junit.rules.RunRules.evaluate(RunRules.java:20)
Account Console IT (chrome)	Run Account Console IT	2023-05-13T20:26:59.9419660Z -- 	at org.junit.runners.ParentRunner$3.evaluate(ParentRunner.java:306)
Account Console IT (chrome)	Run Account Console IT	2023-05-13T20:26:59.9420213Z -- 	at org.junit.runners.ParentRunner.run(ParentRunner.java:413)
Account Console IT (chrome)	Run Account Console IT	2023-05-13T20:26:59.9420774Z -- 	at org.jboss.arquillian.junit.Arquillian.run(Arquillian.java:115)
Account Console IT (chrome)	Run Account Console IT	2023-05-13T20:26:59.9421433Z -- 	at org.apache.maven.surefire.junit4.JUnit4Provider.execute(JUnit4Provider.java:377)
Account Console IT (chrome)	Run Account Console IT	2023-05-13T20:26:59.9422341Z -- 	at org.apache.maven.surefire.junit4.JUnit4Provider.executeWithRerun(JUnit4Provider.java:302)
Account Console IT (chrome)	Run Account Console IT	2023-05-13T20:26:59.9423135Z -- 	at org.apache.maven.surefire.junit4.JUnit4Provider.executeTestSet(JUnit4Provider.java:248)
Account Console IT (chrome)	Run Account Console IT	2023-05-13T20:26:59.9423873Z -- 	at org.apache.maven.surefire.junit4.JUnit4Provider.invoke(JUnit4Provider.java:167)
Account Console IT (chrome)	Run Account Console IT	2023-05-13T20:26:59.9424635Z -- 	at org.apache.maven.surefire.booter.ForkedBooter.runSuitesInProcess(ForkedBooter.java:456)
Account Console IT (chrome)	Run Account Console IT	2023-05-13T20:26:59.9429389Z -- 	at org.apache.maven.surefire.booter.ForkedBooter.execute(ForkedBooter.java:169)
Account Console IT (chrome)	Run Account Console IT	2023-05-13T20:26:59.9430324Z -- 	at org.apache.maven.surefire.booter.ForkedBooter.run(ForkedBooter.java:595)
Account Console IT (chrome)	Run Account Console IT	2023-05-13T20:26:59.9431060Z -- 	at org.apache.maven.surefire.booter.ForkedBooter.main(ForkedBooter.java:581)
Account Console IT (chrome)	Run Account Console IT	2023-05-13T20:26:59.9431507Z -- 
Account Console IT (chrome)	Run Account Console IT	2023-05-13T20:26:59.9435177Z [INFO] Running org.keycloak.testsuite.ui.account2.LDAPAccountTest
Account Console IT (chrome)	Run Account Console IT	2023-05-13T20:27:02.8023835Z May 13, 2023 8:27:02 PM org.openqa.selenium.remote.DesiredCapabilities chrome
Account Console IT (chrome)	Run Account Console IT	2023-05-13T20:27:02.8024802Z INFO: Using `new ChromeOptions()` is preferred to `DesiredCapabilities.chrome()`
Account Console IT (chrome)	Run Account Console IT	2023-05-13T20:27:02.8025939Z May 13, 2023 8:27:02 PM org.openqa.selenium.remote.DesiredCapabilities chrome
Account Console IT (chrome)	Run Account Console IT	2023-05-13T20:27:02.8026581Z INFO: Using `new ChromeOptions()` is preferred to `DesiredCapabilities.chrome()`
Account Console IT (chrome)	Run Account Console IT	2023-05-13T20:27:02.8034423Z Starting ChromeDriver 113.0.5672.63 (0e1a4471d5ae5bf128b1bd8f4d627c8cbd55f70c-refs/branch-heads/5672@{#912}) on port 18357
Account Console IT (chrome)	Run Account Console IT	2023-05-13T20:27:02.8035399Z Only local connections are allowed.
Account Console IT (chrome)	Run Account Console IT	2023-05-13T20:27:02.8036871Z Please see https://chromedriver.chromium.org/security-considerations for suggestions on keeping ChromeDriver safe.
Account Console IT (chrome)	Run Account Console IT	2023-05-13T20:27:02.8037554Z ChromeDriver was started successfully.
Account Console IT (chrome)	Run Account Console IT	2023-05-13T20:27:03.0018589Z May 13, 2023 8:27:02 PM org.openqa.selenium.remote.ProtocolHandshake createSession
Account Console IT (chrome)	Run Account Console IT	2023-05-13T20:27:03.0019156Z INFO: Detected dialect: W3C
Account Console IT (chrome)	Run Account Console IT	2023-05-13T20:27:26.6191624Z [INFO] Tests run: 2, Failures: 0, Errors: 0, Skipped: 0, Time elapsed: 26.687 s - in org.keycloak.testsuite.ui.account2.LDAPAccountTest
Account Console IT (chrome)	Run Account Console IT	2023-05-13T20:27:26.6192621Z [INFO] Running org.keycloak.testsuite.ui.account2.LinkedAccountsTest
Account Console IT (chrome)	Run Account Console IT	2023-05-13T20:27:26.7594646Z May 13, 2023 8:27:26 PM org.openqa.selenium.remote.DesiredCapabilities chrome
Account Console IT (chrome)	Run Account Console IT	2023-05-13T20:27:26.7598070Z INFO: Using `new ChromeOptions()` is preferred to `DesiredCapabilities.chrome()`
Account Console IT (chrome)	Run Account Console IT	2023-05-13T20:27:26.7598565Z May 13, 2023 8:27:26 PM org.openqa.selenium.remote.DesiredCapabilities chrome
Account Console IT (chrome)	Run Account Console IT	2023-05-13T20:27:26.7599008Z INFO: Using `new ChromeOptions()` is preferred to `DesiredCapabilities.chrome()`
Account Console IT (chrome)	Run Account Console IT	2023-05-13T20:27:26.7600022Z Starting ChromeDriver 113.0.5672.63 (0e1a4471d5ae5bf128b1bd8f4d627c8cbd55f70c-refs/branch-heads/5672@{#912}) on port 14217
Account Console IT (chrome)	Run Account Console IT	2023-05-13T20:27:26.7600936Z Only local connections are allowed.
Account Console IT (chrome)	Run Account Console IT	2023-05-13T20:27:26.7601591Z Please see https://chromedriver.chromium.org/security-considerations for suggestions on keeping ChromeDriver safe.
Account Console IT (chrome)	Run Account Console IT	2023-05-13T20:27:26.7602116Z ChromeDriver was started successfully.
Account Console IT (chrome)	Run Account Console IT	2023-05-13T20:27:26.9591438Z May 13, 2023 8:27:26 PM org.openqa.selenium.remote.ProtocolHandshake createSession
Account Console IT (chrome)	Run Account Console IT	2023-05-13T20:27:26.9592393Z INFO: Detected dialect: W3C
Account Console IT (chrome)	Run Account Console IT	2023-05-13T20:28:23.5430803Z [INFO] Tests run: 3, Failures: 0, Errors: 0, Skipped: 0, Time elapsed: 56.886 s - in org.keycloak.testsuite.ui.account2.LinkedAccountsTest
Account Console IT (chrome)	Run Account Console IT	2023-05-13T20:28:23.5476712Z [INFO] Running org.keycloak.testsuite.ui.account2.MyResourcesTest
Account Console IT (chrome)	Run Account Console IT	2023-05-13T20:28:23.6754303Z May 13, 2023 8:28:23 PM org.openqa.selenium.remote.DesiredCapabilities chrome
Account Console IT (chrome)	Run Account Console IT	2023-05-13T20:28:23.6755641Z INFO: Using `new ChromeOptions()` is preferred to `DesiredCapabilities.chrome()`
Account Console IT (chrome)	Run Account Console IT	2023-05-13T20:28:23.6756504Z May 13, 2023 8:28:23 PM org.openqa.selenium.remote.DesiredCapabilities chrome
Account Console IT (chrome)	Run Account Console IT	2023-05-13T20:28:23.6757095Z INFO: Using `new ChromeOptions()` is preferred to `DesiredCapabilities.chrome()`
Account Console IT (chrome)	Run Account Console IT	2023-05-13T20:28:23.6758251Z Starting ChromeDriver 113.0.5672.63 (0e1a4471d5ae5bf128b1bd8f4d627c8cbd55f70c-refs/branch-heads/5672@{#912}) on port 29290
Account Console IT (chrome)	Run Account Console IT	2023-05-13T20:28:23.6759300Z Only local connections are allowed.
Account Console IT (chrome)	Run Account Console IT	2023-05-13T20:28:23.6763970Z Please see https://chromedriver.chromium.org/security-considerations for suggestions on keeping ChromeDriver safe.
Account Console IT (chrome)	Run Account Console IT	2023-05-13T20:28:23.6764622Z ChromeDriver was started successfully.
Account Console IT (chrome)	Run Account Console IT	2023-05-13T20:28:23.8710313Z May 13, 2023 8:28:23 PM org.openqa.selenium.remote.ProtocolHandshake createSession
Account Console IT (chrome)	Run Account Console IT	2023-05-13T20:28:23.8711960Z INFO: Detected dialect: W3C
Account Console IT (chrome)	Run Account Console IT	2023-05-13T20:30:17.3355048Z [INFO] Tests run: 9, Failures: 0, Errors: 0, Skipped: 0, Time elapsed: 113.732 s - in org.keycloak.testsuite.ui.account2.MyResourcesTest
Account Console IT (chrome)	Run Account Console IT	2023-05-13T20:30:17.3356350Z [INFO] Running org.keycloak.testsuite.ui.account2.PermissionsTest
Account Console IT (chrome)	Run Account Console IT	2023-05-13T20:30:17.4029233Z May 13, 2023 8:30:17 PM org.openqa.selenium.remote.DesiredCapabilities chrome
Account Console IT (chrome)	Run Account Console IT	2023-05-13T20:30:17.4030168Z INFO: Using `new ChromeOptions()` is preferred to `DesiredCapabilities.chrome()`
Account Console IT (chrome)	Run Account Console IT	2023-05-13T20:30:17.4030986Z May 13, 2023 8:30:17 PM org.openqa.selenium.remote.DesiredCapabilities chrome
Account Console IT (chrome)	Run Account Console IT	2023-05-13T20:30:17.4134205Z INFO: Using `new ChromeOptions()` is preferred to `DesiredCapabilities.chrome()`
Account Console IT (chrome)	Run Account Console IT	2023-05-13T20:30:17.4138701Z Starting ChromeDriver 113.0.5672.63 (0e1a4471d5ae5bf128b1bd8f4d627c8cbd55f70c-refs/branch-heads/5672@{#912}) on port 7991
Account Console IT (chrome)	Run Account Console IT	2023-05-13T20:30:17.4139147Z Only local connections are allowed.
Account Console IT (chrome)	Run Account Console IT	2023-05-13T20:30:17.4139793Z Please see https://chromedriver.chromium.org/security-considerations for suggestions on keeping ChromeDriver safe.
Account Console IT (chrome)	Run Account Console IT	2023-05-13T20:30:17.4140280Z ChromeDriver was started successfully.
Account Console IT (chrome)	Run Account Console IT	2023-05-13T20:30:17.6030792Z May 13, 2023 8:30:17 PM org.openqa.selenium.remote.ProtocolHandshake createSession
Account Console IT (chrome)	Run Account Console IT	2023-05-13T20:30:17.6032511Z INFO: Detected dialect: W3C
Account Console IT (chrome)	Run Account Console IT	2023-05-13T20:30:35.9294076Z [INFO] Tests run: 1, Failures: 0, Errors: 0, Skipped: 0, Time elapsed: 18.574 s - in org.keycloak.testsuite.ui.account2.PermissionsTest
Account Console IT (chrome)	Run Account Console IT	2023-05-13T20:30:35.9295876Z [INFO] Running org.keycloak.testsuite.ui.account2.PersonalInfoTest
Account Console IT (chrome)	Run Account Console IT	2023-05-13T20:30:36.1347896Z May 13, 2023 8:30:35 PM org.openqa.selenium.remote.DesiredCapabilities chrome
Account Console IT (chrome)	Run Account Console IT	2023-05-13T20:30:36.1350875Z INFO: Using `new ChromeOptions()` is preferred to `DesiredCapabilities.chrome()`
Account Console IT (chrome)	Run Account Console IT	2023-05-13T20:30:36.1352591Z May 13, 2023 8:30:35 PM org.openqa.selenium.remote.DesiredCapabilities chrome
Account Console IT (chrome)	Run Account Console IT	2023-05-13T20:30:36.1354521Z INFO: Using `new ChromeOptions()` is preferred to `DesiredCapabilities.chrome()`
Account Console IT (chrome)	Run Account Console IT	2023-05-13T20:30:36.1355501Z Starting ChromeDriver 113.0.5672.63 (0e1a4471d5ae5bf128b1bd8f4d627c8cbd55f70c-refs/branch-heads/5672@{#912}) on port 5584
Account Console IT (chrome)	Run Account Console IT	2023-05-13T20:30:36.1355966Z Only local connections are allowed.
Account Console IT (chrome)	Run Account Console IT	2023-05-13T20:30:36.1356653Z Please see https://chromedriver.chromium.org/security-considerations for suggestions on keeping ChromeDriver safe.
Account Console IT (chrome)	Run Account Console IT	2023-05-13T20:30:36.1357602Z ChromeDriver was started successfully.
Account Console IT (chrome)	Run Account Console IT	2023-05-13T20:30:36.2340605Z May 13, 2023 8:30:36 PM org.openqa.selenium.remote.ProtocolHandshake createSession
Account Console IT (chrome)	Run Account Console IT	2023-05-13T20:30:36.2342531Z INFO: Detected dialect: W3C
Account Console IT (chrome)	Run Account Console IT	2023-05-13T20:32:17.3741612Z [WARNING] Tests run: 9, Failures: 0, Errors: 0, Skipped: 1, Time elapsed: 101.426 s - in org.keycloak.testsuite.ui.account2.PersonalInfoTest
Account Console IT (chrome)	Run Account Console IT	2023-05-13T20:32:17.3749329Z [INFO] Running org.keycloak.testsuite.ui.account2.ReferrerTest
Account Console IT (chrome)	Run Account Console IT	2023-05-13T20:32:17.5984081Z May 13, 2023 8:32:17 PM org.openqa.selenium.remote.DesiredCapabilities chrome
Account Console IT (chrome)	Run Account Console IT	2023-05-13T20:32:17.5984903Z INFO: Using `new ChromeOptions()` is preferred to `DesiredCapabilities.chrome()`
Account Console IT (chrome)	Run Account Console IT	2023-05-13T20:32:17.5994202Z May 13, 2023 8:32:17 PM org.openqa.selenium.remote.DesiredCapabilities chrome
Account Console IT (chrome)	Run Account Console IT	2023-05-13T20:32:17.5994914Z INFO: Using `new ChromeOptions()` is preferred to `DesiredCapabilities.chrome()`
Account Console IT (chrome)	Run Account Console IT	2023-05-13T20:32:17.5996102Z Starting ChromeDriver 113.0.5672.63 (0e1a4471d5ae5bf128b1bd8f4d627c8cbd55f70c-refs/branch-heads/5672@{#912}) on port 5703
Account Console IT (chrome)	Run Account Console IT	2023-05-13T20:32:17.5996627Z Only local connections are allowed.
Account Console IT (chrome)	Run Account Console IT	2023-05-13T20:32:17.5997350Z Please see https://chromedriver.chromium.org/security-considerations for suggestions on keeping ChromeDriver safe.
Account Console IT (chrome)	Run Account Console IT	2023-05-13T20:32:17.5998302Z ChromeDriver was started successfully.
Account Console IT (chrome)	Run Account Console IT	2023-05-13T20:32:17.5998822Z May 13, 2023 8:32:17 PM org.openqa.selenium.remote.ProtocolHandshake createSession
Account Console IT (chrome)	Run Account Console IT	2023-05-13T20:32:17.5999306Z INFO: Detected dialect: W3C
Account Console IT (chrome)	Run Account Console IT	2023-05-13T20:34:07.3623820Z [INFO] Tests run: 8, Failures: 0, Errors: 0, Skipped: 0, Time elapsed: 109.888 s - in org.keycloak.testsuite.ui.account2.ReferrerTest
Account Console IT (chrome)	Run Account Console IT	2023-05-13T20:34:07.3638535Z [INFO] Running org.keycloak.testsuite.ui.account2.SessionTest
Account Console IT (chrome)	Run Account Console IT	2023-05-13T20:34:07.4887171Z May 13, 2023 8:34:07 PM org.openqa.selenium.remote.DesiredCapabilities chrome
Account Console IT (chrome)	Run Account Console IT	2023-05-13T20:34:07.4888229Z INFO: Using `new ChromeOptions()` is preferred to `DesiredCapabilities.chrome()`
Account Console IT (chrome)	Run Account Console IT	2023-05-13T20:34:07.4889018Z May 13, 2023 8:34:07 PM org.openqa.selenium.remote.DesiredCapabilities chrome
Account Console IT (chrome)	Run Account Console IT	2023-05-13T20:34:07.4975027Z INFO: Using `new ChromeOptions()` is preferred to `DesiredCapabilities.chrome()`
Account Console IT (chrome)	Run Account Console IT	2023-05-13T20:34:07.4976067Z Starting ChromeDriver 113.0.5672.63 (0e1a4471d5ae5bf128b1bd8f4d627c8cbd55f70c-refs/branch-heads/5672@{#912}) on port 25957
Account Console IT (chrome)	Run Account Console IT	2023-05-13T20:34:07.4976568Z Only local connections are allowed.
Account Console IT (chrome)	Run Account Console IT	2023-05-13T20:34:07.4977264Z Please see https://chromedriver.chromium.org/security-considerations for suggestions on keeping ChromeDriver safe.
Account Console IT (chrome)	Run Account Console IT	2023-05-13T20:34:07.4977782Z ChromeDriver was started successfully.
Account Console IT (chrome)	Run Account Console IT	2023-05-13T20:34:07.5880283Z May 13, 2023 8:34:07 PM org.openqa.selenium.remote.ProtocolHandshake createSession
Account Console IT (chrome)	Run Account Console IT	2023-05-13T20:34:07.5881136Z INFO: Detected dialect: W3C
Account Console IT (chrome)	Run Account Console IT	2023-05-13T20:39:07.7293711Z [INFO] Tests run: 4, Failures: 0, Errors: 0, Skipped: 0, Time elapsed: 300.351 s - in org.keycloak.testsuite.ui.account2.SessionTest
Account Console IT (chrome)	Run Account Console IT	2023-05-13T20:39:07.7301448Z [INFO] Running org.keycloak.testsuite.ui.account2.SigningInTest
Account Console IT (chrome)	Run Account Console IT	2023-05-13T20:39:07.8770152Z May 13, 2023 8:39:07 PM org.openqa.selenium.remote.DesiredCapabilities chrome
Account Console IT (chrome)	Run Account Console IT	2023-05-13T20:39:07.8771068Z INFO: Using `new ChromeOptions()` is preferred to `DesiredCapabilities.chrome()`
Account Console IT (chrome)	Run Account Console IT	2023-05-13T20:39:07.8771748Z May 13, 2023 8:39:07 PM org.openqa.selenium.remote.DesiredCapabilities chrome
Account Console IT (chrome)	Run Account Console IT	2023-05-13T20:39:07.8772374Z INFO: Using `new ChromeOptions()` is preferred to `DesiredCapabilities.chrome()`
Account Console IT (chrome)	Run Account Console IT	2023-05-13T20:39:07.8773428Z Starting ChromeDriver 113.0.5672.63 (0e1a4471d5ae5bf128b1bd8f4d627c8cbd55f70c-refs/branch-heads/5672@{#912}) on port 10944
Account Console IT (chrome)	Run Account Console IT	2023-05-13T20:39:07.8773994Z Only local connections are allowed.
Account Console IT (chrome)	Run Account Console IT	2023-05-13T20:39:07.8774768Z Please see https://chromedriver.chromium.org/security-considerations for suggestions on keeping ChromeDriver safe.
Account Console IT (chrome)	Run Account Console IT	2023-05-13T20:39:07.8775369Z ChromeDriver was started successfully.
Account Console IT (chrome)	Run Account Console IT	2023-05-13T20:39:07.9761409Z May 13, 2023 8:39:07 PM org.openqa.selenium.remote.ProtocolHandshake createSession
Account Console IT (chrome)	Run Account Console IT	2023-05-13T20:39:07.9762748Z INFO: Detected dialect: W3C
Account Console IT (chrome)	Run Account Console IT	2023-05-13T20:42:11.6037210Z [INFO] Tests run: 6, Failures: 0, Errors: 0, Skipped: 0, Time elapsed: 183.841 s - in org.keycloak.testsuite.ui.account2.SigningInTest
Account Console IT (chrome)	Run Account Console IT	2023-05-13T20:42:11.6044398Z [INFO] Running org.keycloak.testsuite.ui.account2.SmokeTest
Account Console IT (chrome)	Run Account Console IT	2023-05-13T20:42:11.6755776Z May 13, 2023 8:42:11 PM org.openqa.selenium.remote.DesiredCapabilities chrome
Account Console IT (chrome)	Run Account Console IT	2023-05-13T20:42:11.6756603Z INFO: Using `new ChromeOptions()` is preferred to `DesiredCapabilities.chrome()`
Account Console IT (chrome)	Run Account Console IT	2023-05-13T20:42:11.6757241Z May 13, 2023 8:42:11 PM org.openqa.selenium.remote.DesiredCapabilities chrome
Account Console IT (chrome)	Run Account Console IT	2023-05-13T20:42:11.6757882Z INFO: Using `new ChromeOptions()` is preferred to `DesiredCapabilities.chrome()`
Account Console IT (chrome)	Run Account Console IT	2023-05-13T20:42:11.6758928Z Starting ChromeDriver 113.0.5672.63 (0e1a4471d5ae5bf128b1bd8f4d627c8cbd55f70c-refs/branch-heads/5672@{#912}) on port 7920
Account Console IT (chrome)	Run Account Console IT	2023-05-13T20:42:11.6759476Z Only local connections are allowed.
Account Console IT (chrome)	Run Account Console IT	2023-05-13T20:42:11.6762540Z Please see https://chromedriver.chromium.org/security-considerations for suggestions on keeping ChromeDriver safe.
Account Console IT (chrome)	Run Account Console IT	2023-05-13T20:42:11.6763319Z ChromeDriver was started successfully.
Account Console IT (chrome)	Run Account Console IT	2023-05-13T20:42:11.8751632Z May 13, 2023 8:42:11 PM org.openqa.selenium.remote.ProtocolHandshake createSession
Account Console IT (chrome)	Run Account Console IT	2023-05-13T20:42:11.8753677Z INFO: Detected dialect: W3C
Account Console IT (chrome)	Run Account Console IT	2023-05-13T20:42:24.0702548Z [INFO] Tests run: 1, Failures: 0, Errors: 0, Skipped: 0, Time elapsed: 12.439 s - in org.keycloak.testsuite.ui.account2.SmokeTest
Account Console IT (chrome)	Run Account Console IT	2023-05-13T20:42:24.0705718Z [INFO] Running org.keycloak.testsuite.ui.account2.UpdateEmailTest
Account Console IT (chrome)	Run Account Console IT	2023-05-13T20:42:44.0500442Z May 13, 2023 8:42:44 PM org.openqa.selenium.remote.DesiredCapabilities chrome
Account Console IT (chrome)	Run Account Console IT	2023-05-13T20:42:44.0501256Z INFO: Using `new ChromeOptions()` is preferred to `DesiredCapabilities.chrome()`
Account Console IT (chrome)	Run Account Console IT	2023-05-13T20:42:44.0501899Z May 13, 2023 8:42:44 PM org.openqa.selenium.remote.DesiredCapabilities chrome
Account Console IT (chrome)	Run Account Console IT	2023-05-13T20:42:44.0502525Z INFO: Using `new ChromeOptions()` is preferred to `DesiredCapabilities.chrome()`
Account Console IT (chrome)	Run Account Console IT	2023-05-13T20:42:44.0503713Z Starting ChromeDriver 113.0.5672.63 (0e1a4471d5ae5bf128b1bd8f4d627c8cbd55f70c-refs/branch-heads/5672@{#912}) on port 21056
Account Console IT (chrome)	Run Account Console IT	2023-05-13T20:42:44.0504285Z Only local connections are allowed.
Account Console IT (chrome)	Run Account Console IT	2023-05-13T20:42:44.0505059Z Please see https://chromedriver.chromium.org/security-considerations for suggestions on keeping ChromeDriver safe.
Account Console IT (chrome)	Run Account Console IT	2023-05-13T20:42:44.0505685Z ChromeDriver was started successfully.
Account Console IT (chrome)	Run Account Console IT	2023-05-13T20:42:44.3496503Z May 13, 2023 8:42:44 PM org.openqa.selenium.remote.ProtocolHandshake createSession
Account Console IT (chrome)	Run Account Console IT	2023-05-13T20:42:44.3497957Z INFO: Detected dialect: W3C
Account Console IT (chrome)	Run Account Console IT	2023-05-13T20:44:37.8881444Z [INFO] Tests run: 7, Failures: 0, Errors: 0, Skipped: 0, Time elapsed: 133.803 s - in org.keycloak.testsuite.ui.account2.UpdateEmailTest
Account Console IT (chrome)	Run Account Console IT	2023-05-13T20:44:37.8889030Z [INFO] Running org.keycloak.testsuite.ui.account2.WelcomeScreenTest
Account Console IT (chrome)	Run Account Console IT	2023-05-13T20:44:38.8731096Z May 13, 2023 8:44:38 PM org.openqa.selenium.remote.DesiredCapabilities chrome
Account Console IT (chrome)	Run Account Console IT	2023-05-13T20:44:38.8732111Z INFO: Using `new ChromeOptions()` is preferred to `DesiredCapabilities.chrome()`
Account Console IT (chrome)	Run Account Console IT	2023-05-13T20:44:38.8732903Z May 13, 2023 8:44:38 PM org.openqa.selenium.remote.DesiredCapabilities chrome
Account Console IT (chrome)	Run Account Console IT	2023-05-13T20:44:38.8733535Z INFO: Using `new ChromeOptions()` is preferred to `DesiredCapabilities.chrome()`
Account Console IT (chrome)	Run Account Console IT	2023-05-13T20:44:38.8734801Z Starting ChromeDriver 113.0.5672.63 (0e1a4471d5ae5bf128b1bd8f4d627c8cbd55f70c-refs/branch-heads/5672@{#912}) on port 23741
Account Console IT (chrome)	Run Account Console IT	2023-05-13T20:44:38.8735322Z Only local connections are allowed.
Account Console IT (chrome)	Run Account Console IT	2023-05-13T20:44:38.8736044Z Please see https://chromedriver.chromium.org/security-considerations for suggestions on keeping ChromeDriver safe.
Account Console IT (chrome)	Run Account Console IT	2023-05-13T20:44:38.8736610Z ChromeDriver was started successfully.
Account Console IT (chrome)	Run Account Console IT	2023-05-13T20:44:39.0729092Z May 13, 2023 8:44:39 PM org.openqa.selenium.remote.ProtocolHandshake createSession
Account Console IT (chrome)	Run Account Console IT	2023-05-13T20:44:39.0729920Z INFO: Detected dialect: W3C
Account Console IT (chrome)	Run Account Console IT	2023-05-13T20:46:02.9283972Z [INFO] Tests run: 6, Failures: 0, Errors: 0, Skipped: 0, Time elapsed: 85.023 s - in org.keycloak.testsuite.ui.account2.WelcomeScreenTest
Account Console IT (chrome)	Run Account Console IT	2023-05-13T20:46:03.2705211Z -- [INFO] 
Account Console IT (chrome)	Run Account Console IT	2023-05-13T20:46:03.2706160Z -- [INFO] Results:
Account Console IT (chrome)	Run Account Console IT	2023-05-13T20:46:03.2708165Z -- [INFO] 
Account Console IT (chrome)	Run Account Console IT	2023-05-13T20:46:03.2708688Z -- [ERROR] Failures: 
Account Console IT (chrome)	Run Account Console IT	2023-05-13T20:46:03.2709902Z -- [ERROR] org.keycloak.testsuite.ui.account2.InternationalizationTest.userAttributeTest
Account Console IT (chrome)	Run Account Console IT	2023-05-13T20:46:03.2710997Z -- [ERROR]   Run 1: InternationalizationTest.userAttributeTest:105 expected:<[English]> but was:<[und]>
Account Console IT (chrome)	Run Account Console IT	2023-05-13T20:46:03.2711882Z -- [ERROR]   Run 2: InternationalizationTest.userAttributeTest:105 expected:<[English]> but was:<[und]>
Account Console IT (chrome)	Run Account Console IT	2023-05-13T20:46:03.2712949Z -- [ERROR]   Run 3: InternationalizationTest.userAttributeTest:105 expected:<[English]> but was:<[und]>
Account Console IT (chrome)	Run Account Console IT	2023-05-13T20:46:03.2715771Z -- [INFO] 
Account Console IT (chrome)	Run Account Console IT	2023-05-13T20:46:03.2716232Z -- [INFO] 
Account Console IT (chrome)	Run Account Console IT	2023-05-13T20:46:03.2716770Z -- [ERROR] Tests run: 77, Failures: 1, Errors: 0, Skipped: 3
Account Console IT (chrome)	Run Account Console IT	2023-05-13T20:46:03.2717587Z -- [INFO] 
Account Console IT (chrome)	Run Account Console IT	2023-05-13T20:46:03.2742448Z -- [INFO] ------------------------------------------------------------------------
Account Console IT (chrome)	Run Account Console IT	2023-05-13T20:46:03.2743356Z -- [INFO] BUILD FAILURE
Account Console IT (chrome)	Run Account Console IT	2023-05-13T20:46:03.2744050Z -- [INFO] ------------------------------------------------------------------------
Account Console IT (chrome)	Run Account Console IT	2023-05-13T20:46:03.2750808Z -- [INFO] Total time:  25:01 min
Account Console IT (chrome)	Run Account Console IT	2023-05-13T20:46:03.2751873Z -- [INFO] Finished at: 2023-05-13T20:46:03Z
Account Console IT (chrome)	Run Account Console IT	2023-05-13T20:46:03.2753434Z -- [INFO] ------------------------------------------------------------------------
Account Console IT (chrome)	Run Account Console IT	2023-05-13T20:46:03.2759324Z -- [ERROR] Failed to execute goal org.apache.maven.plugins:maven-surefire-plugin:3.0.0-M7:test (default-test) on project integration-arquillian-tests-base-ui: There are test failures.
Account Console IT (chrome)	Run Account Console IT	2023-05-13T20:46:03.2760106Z -- [ERROR] 
Account Console IT (chrome)	Run Account Console IT	2023-05-13T20:46:03.2760888Z -- [ERROR] Please refer to /home/runner/work/keycloak/keycloak/testsuite/integration-arquillian/tests/other/base-ui/target/surefire-reports for the individual test results.
Account Console IT (chrome)	Run Account Console IT	2023-05-13T20:46:03.2761744Z -- [ERROR] Please refer to dump files (if any exist) [date].dump, [date]-jvmRun[N].dump and [date].dumpstream.
Account Console IT (chrome)	Run Account Console IT	2023-05-13T20:46:03.2762289Z -- [ERROR] -> [Help 1]
Account Console IT (chrome)	Run Account Console IT	2023-05-13T20:46:03.2762655Z -- [ERROR] 
Account Console IT (chrome)	Run Account Console IT	2023-05-13T20:46:03.2763187Z -- [ERROR] To see the full stack trace of the errors, re-run Maven with the -e switch.
Account Console IT (chrome)	Run Account Console IT	2023-05-13T20:46:03.2763829Z -- [ERROR] Re-run Maven using the -X switch to enable full debug logging.
Account Console IT (chrome)	Run Account Console IT	2023-05-13T20:46:03.2764286Z -- [ERROR] 
Account Console IT (chrome)	Run Account Console IT	2023-05-13T20:46:03.2764875Z -- [ERROR] For more information about the errors and possible solutions, please read the following articles:
Account Console IT (chrome)	Run Account Console IT	2023-05-13T20:46:03.2765609Z -- [ERROR] [Help 1] http://cwiki.apache.org/confluence/display/MAVEN/MojoFailureException
Account Console IT (chrome)	Run Account Console IT	2023-05-13T20:46:03.2962274Z ##[error]Process completed with exit code 1.
