Legacy Store IT (mssql)	Run base tests	2023-11-19T00:29:53.6246974Z ##[group]Run TESTS=`testsuite/integration-arquillian/tests/base/testsuites/suite.sh database`
Legacy Store IT (mssql)	Run base tests	2023-11-19T00:29:53.6248034Z [36;1mTESTS=`testsuite/integration-arquillian/tests/base/testsuites/suite.sh database`[0m
Legacy Store IT (mssql)	Run base tests	2023-11-19T00:29:53.6248918Z [36;1mecho "Tests: $TESTS"[0m
Legacy Store IT (mssql)	Run base tests	2023-11-19T00:29:53.6249970Z [36;1m./mvnw test -Dsurefire.rerunFailingTestsCount=2 -Pauth-server-quarkus -Pdb-mssql -Dtest=$TESTS -pl testsuite/integration-arquillian/tests/base | misc/log/trimmer.sh[0m
Legacy Store IT (mssql)	Run base tests	2023-11-19T00:29:53.6295912Z shell: /usr/bin/bash --noprofile --norc -e -o pipefail {0}
Legacy Store IT (mssql)	Run base tests	2023-11-19T00:29:53.6296566Z env:
Legacy Store IT (mssql)	Run base tests	2023-11-19T00:29:53.6297037Z   MAVEN_ARGS: -B -nsu -Daether.connector.http.connectionMaxTtl=25
Legacy Store IT (mssql)	Run base tests	2023-11-19T00:29:53.6297707Z   SUREFIRE_RERUN_FAILING_COUNT: 2
Legacy Store IT (mssql)	Run base tests	2023-11-19T00:29:53.6298245Z   SUREFIRE_RETRY: -Dsurefire.rerunFailingTestsCount=2
Legacy Store IT (mssql)	Run base tests	2023-11-19T00:29:53.6298929Z   JAVA_HOME: /opt/hostedtoolcache/Java_Temurin-Hotspot_jdk/17.0.9-9/x64
Legacy Store IT (mssql)	Run base tests	2023-11-19T00:29:53.6299745Z   JAVA_HOME_17_X64: /opt/hostedtoolcache/Java_Temurin-Hotspot_jdk/17.0.9-9/x64
Legacy Store IT (mssql)	Run base tests	2023-11-19T00:29:53.6300439Z ##[endgroup]
Legacy Store IT (mssql)	Run base tests	2023-11-19T00:29:53.7111802Z Tests: AccountRestServiceTest,AuthorizationCodeTest,AuthorizationTest,ClientRegistrationTest,EventStoreProviderTest,ExportImportTest,GeneratedRsaKeyProviderTest,KcOidcBrokerTest,LDAPUserLoginTest,LoginTest,PasswordPolicyTest,RefreshTokenTest,RequiredActionUpdateProfileTest,SSOTest,SamlClientTest,TransactionsTest,UserProfileTest,org.keycloak.testsuite.admin.**,org.keycloak.testsuite.authz.**ManagementTest,org.keycloak.testsuite.zerodowntime.**
Legacy Store IT (mssql)	Run base tests	2023-11-19T00:29:57.2812990Z -- [INFO] Loading cache configuration from /home/runner/work/keycloak/keycloak/.mvn/maven-build-cache-config.xml
Legacy Store IT (mssql)	Run base tests	2023-11-19T00:29:57.3048251Z -- [INFO] Scanning for projects...
Legacy Store IT (mssql)	Run base tests	2023-11-19T00:29:58.6885242Z -- [WARNING] 
Legacy Store IT (mssql)	Run base tests	2023-11-19T00:29:58.6899043Z -- [WARNING] Some problems were encountered while building the effective model for org.keycloak.testsuite:integration-arquillian-util:jar:999.0.0-SNAPSHOT
Legacy Store IT (mssql)	Run base tests	2023-11-19T00:29:58.6919417Z -- [WARNING] 'dependencies.dependency.scope' for org.jboss.arquillian:arquillian-bom:pom must be one of [provided, compile, runtime, test, system] but is 'import'. @ line 81, column 20
Legacy Store IT (mssql)	Run base tests	2023-11-19T00:29:58.6921422Z -- [WARNING] 
Legacy Store IT (mssql)	Run base tests	2023-11-19T00:29:58.6923063Z -- [WARNING] It is highly recommended to fix these problems because they threaten the stability of your build.
Legacy Store IT (mssql)	Run base tests	2023-11-19T00:29:58.6924614Z -- [WARNING] 
Legacy Store IT (mssql)	Run base tests	2023-11-19T00:29:58.6925998Z -- [WARNING] For this reason, future Maven versions might no longer support building such malformed projects.
Legacy Store IT (mssql)	Run base tests	2023-11-19T00:29:58.6927639Z -- [WARNING] 
Legacy Store IT (mssql)	Run base tests	2023-11-19T00:29:58.7183999Z -- [INFO] 
Legacy Store IT (mssql)	Run base tests	2023-11-19T00:29:58.7191504Z -- [INFO] ------< org.keycloak.testsuite:integration-arquillian-tests-base >------
Legacy Store IT (mssql)	Run base tests	2023-11-19T00:29:58.7197831Z -- [INFO] Building Base TestSuite 999.0.0-SNAPSHOT
Legacy Store IT (mssql)	Run base tests	2023-11-19T00:29:58.7203460Z -- [INFO]   from pom.xml
Legacy Store IT (mssql)	Run base tests	2023-11-19T00:29:58.7208427Z -- [INFO] --------------------------------[ jar ]---------------------------------
Legacy Store IT (mssql)	Run base tests	2023-11-19T00:29:58.7382189Z -- [INFO] Artifact org.jboss.shrinkwrap.resolver:shrinkwrap-resolver-parent:pom:3.1.4 is present in the local repository, but cached from a remote repository ID that is unavailable in current build context, verifying that is downloadable from [jboss-public-repository (https://repository.jboss.org/nexus/content/groups/public/, default, releases), central (https://repo.maven.apache.org/maven2, default, releases)]
Legacy Store IT (mssql)	Run base tests	2023-11-19T00:29:58.7398669Z -- [INFO] Artifact org.jboss.shrinkwrap.resolver:shrinkwrap-resolver-parent:pom:3.1.4 is present in the local repository, but cached from a remote repository ID that is unavailable in current build context, verifying that is downloadable from [jboss-public-repository (https://repository.jboss.org/nexus/content/groups/public/, default, releases), central (https://repo.maven.apache.org/maven2, default, releases)]
Legacy Store IT (mssql)	Run base tests	2023-11-19T00:29:59.6547297Z -- [INFO] Downloading from jboss-public-repository: https://repository.jboss.org/nexus/content/groups/public/org/jboss/shrinkwrap/resolver/shrinkwrap-resolver-parent/3.1.4/shrinkwrap-resolver-parent-3.1.4.pom
Legacy Store IT (mssql)	Run base tests	2023-11-19T00:30:00.5105079Z -- [INFO] Downloaded from jboss-public-repository: https://repository.jboss.org/nexus/content/groups/public/org/jboss/shrinkwrap/resolver/shrinkwrap-resolver-parent/3.1.4/shrinkwrap-resolver-parent-3.1.4.pom (0 B at 0 B/s)
Legacy Store IT (mssql)	Run base tests	2023-11-19T00:30:00.5897954Z -- [WARNING] Parameter 'overWriteIfNewer' is unknown for plugin 'maven-resources-plugin:3.0.1:copy-resources (example-realms)'
Legacy Store IT (mssql)	Run base tests	2023-11-19T00:30:01.1206185Z -- [INFO] Artifact org.jboss:jboss-parent:pom:34 is present in the local repository, but cached from a remote repository ID that is unavailable in current build context, verifying that is downloadable from [sonatype-snapshots (https://s01.oss.sonatype.org/content/repositories/snapshots/, default, snapshots), central (https://repo.maven.apache.org/maven2, default, releases)]
Legacy Store IT (mssql)	Run base tests	2023-11-19T00:30:01.1226716Z -- [INFO] Artifact org.jboss:jboss-parent:pom:34 is present in the local repository, but cached from a remote repository ID that is unavailable in current build context, verifying that is downloadable from [sonatype-snapshots (https://s01.oss.sonatype.org/content/repositories/snapshots/, default, snapshots), central (https://repo.maven.apache.org/maven2, default, releases)]
Legacy Store IT (mssql)	Run base tests	2023-11-19T00:30:01.1231350Z -- [INFO] Downloading from central: https://repo.maven.apache.org/maven2/org/jboss/jboss-parent/34/jboss-parent-34.pom
Legacy Store IT (mssql)	Run base tests	2023-11-19T00:30:01.1618570Z -- [INFO] Downloaded from central: https://repo.maven.apache.org/maven2/org/jboss/jboss-parent/34/jboss-parent-34.pom (0 B at 0 B/s)
Legacy Store IT (mssql)	Run base tests	2023-11-19T00:30:01.4298512Z -- [INFO] Artifact org.jboss:jboss-parent:pom:37 is present in the local repository, but cached from a remote repository ID that is unavailable in current build context, verifying that is downloadable from [sonatype-snapshots (https://s01.oss.sonatype.org/content/repositories/snapshots/, default, snapshots), central (https://repo.maven.apache.org/maven2, default, releases), jboss-public-repository-group (https://repository.jboss.org/nexus/content/groups/public/, default, releases+snapshots)]
Legacy Store IT (mssql)	Run base tests	2023-11-19T00:30:01.4307502Z -- [INFO] Artifact org.jboss:jboss-parent:pom:37 is present in the local repository, but cached from a remote repository ID that is unavailable in current build context, verifying that is downloadable from [sonatype-snapshots (https://s01.oss.sonatype.org/content/repositories/snapshots/, default, snapshots), central (https://repo.maven.apache.org/maven2, default, releases), jboss-public-repository-group (https://repository.jboss.org/nexus/content/groups/public/, default, releases+snapshots)]
Legacy Store IT (mssql)	Run base tests	2023-11-19T00:30:01.4312786Z -- [INFO] Downloading from central: https://repo.maven.apache.org/maven2/org/jboss/jboss-parent/37/jboss-parent-37.pom
Legacy Store IT (mssql)	Run base tests	2023-11-19T00:30:01.4366349Z -- [INFO] Downloaded from central: https://repo.maven.apache.org/maven2/org/jboss/jboss-parent/37/jboss-parent-37.pom (0 B at 0 B/s)
Legacy Store IT (mssql)	Run base tests	2023-11-19T00:30:01.5096645Z -- [INFO] Artifact org.jboss.arquillian:arquillian-build:pom:1.7.0.Alpha14 is present in the local repository, but cached from a remote repository ID that is unavailable in current build context, verifying that is downloadable from [sonatype-snapshots (https://s01.oss.sonatype.org/content/repositories/snapshots/, default, snapshots), central (https://repo.maven.apache.org/maven2, default, releases)]
Legacy Store IT (mssql)	Run base tests	2023-11-19T00:30:01.5119356Z -- [INFO] Artifact org.jboss.arquillian:arquillian-build:pom:1.7.0.Alpha14 is present in the local repository, but cached from a remote repository ID that is unavailable in current build context, verifying that is downloadable from [sonatype-snapshots (https://s01.oss.sonatype.org/content/repositories/snapshots/, default, snapshots), central (https://repo.maven.apache.org/maven2, default, releases)]
Legacy Store IT (mssql)	Run base tests	2023-11-19T00:30:01.5137600Z -- [INFO] Downloading from central: https://repo.maven.apache.org/maven2/org/jboss/arquillian/arquillian-build/1.7.0.Alpha14/arquillian-build-1.7.0.Alpha14.pom
Legacy Store IT (mssql)	Run base tests	2023-11-19T00:30:01.5177666Z -- [INFO] Downloaded from central: https://repo.maven.apache.org/maven2/org/jboss/arquillian/arquillian-build/1.7.0.Alpha14/arquillian-build-1.7.0.Alpha14.pom (0 B at 0 B/s)
Legacy Store IT (mssql)	Run base tests	2023-11-19T00:30:01.5198081Z -- [INFO] Artifact org.jboss.arquillian:arquillian-parent:pom:1.7.0.Alpha14 is present in the local repository, but cached from a remote repository ID that is unavailable in current build context, verifying that is downloadable from [sonatype-snapshots (https://s01.oss.sonatype.org/content/repositories/snapshots/, default, snapshots), central (https://repo.maven.apache.org/maven2, default, releases)]
Legacy Store IT (mssql)	Run base tests	2023-11-19T00:30:01.5209834Z -- [INFO] Artifact org.jboss.arquillian:arquillian-parent:pom:1.7.0.Alpha14 is present in the local repository, but cached from a remote repository ID that is unavailable in current build context, verifying that is downloadable from [sonatype-snapshots (https://s01.oss.sonatype.org/content/repositories/snapshots/, default, snapshots), central (https://repo.maven.apache.org/maven2, default, releases)]
Legacy Store IT (mssql)	Run base tests	2023-11-19T00:30:01.5214933Z -- [INFO] Downloading from central: https://repo.maven.apache.org/maven2/org/jboss/arquillian/arquillian-parent/1.7.0.Alpha14/arquillian-parent-1.7.0.Alpha14.pom
Legacy Store IT (mssql)	Run base tests	2023-11-19T00:30:01.5239180Z -- [INFO] Downloaded from central: https://repo.maven.apache.org/maven2/org/jboss/arquillian/arquillian-parent/1.7.0.Alpha14/arquillian-parent-1.7.0.Alpha14.pom (0 B at 0 B/s)
Legacy Store IT (mssql)	Run base tests	2023-11-19T00:30:01.5290649Z -- [INFO] Artifact org.jboss.arquillian.container:arquillian-container-spi:pom:1.7.0.Alpha14 is present in the local repository, but cached from a remote repository ID that is unavailable in current build context, verifying that is downloadable from [sonatype-snapshots (https://s01.oss.sonatype.org/content/repositories/snapshots/, default, snapshots), central (https://repo.maven.apache.org/maven2, default, releases)]
Legacy Store IT (mssql)	Run base tests	2023-11-19T00:30:01.5298458Z -- [INFO] Artifact org.jboss.arquillian.container:arquillian-container-spi:pom:1.7.0.Alpha14 is present in the local repository, but cached from a remote repository ID that is unavailable in current build context, verifying that is downloadable from [sonatype-snapshots (https://s01.oss.sonatype.org/content/repositories/snapshots/, default, snapshots), central (https://repo.maven.apache.org/maven2, default, releases)]
Legacy Store IT (mssql)	Run base tests	2023-11-19T00:30:01.5303813Z -- [INFO] Downloading from central: https://repo.maven.apache.org/maven2/org/jboss/arquillian/container/arquillian-container-spi/1.7.0.Alpha14/arquillian-container-spi-1.7.0.Alpha14.pom
Legacy Store IT (mssql)	Run base tests	2023-11-19T00:30:01.5336612Z -- [INFO] Downloaded from central: https://repo.maven.apache.org/maven2/org/jboss/arquillian/container/arquillian-container-spi/1.7.0.Alpha14/arquillian-container-spi-1.7.0.Alpha14.pom (0 B at 0 B/s)
Legacy Store IT (mssql)	Run base tests	2023-11-19T00:30:01.5373480Z -- [INFO] Artifact org.jboss.arquillian.core:arquillian-core-spi:pom:1.7.0.Alpha14 is present in the local repository, but cached from a remote repository ID that is unavailable in current build context, verifying that is downloadable from [sonatype-snapshots (https://s01.oss.sonatype.org/content/repositories/snapshots/, default, snapshots), central (https://repo.maven.apache.org/maven2, default, releases)]
Legacy Store IT (mssql)	Run base tests	2023-11-19T00:30:01.5384029Z -- [INFO] Artifact org.jboss.arquillian.core:arquillian-core-spi:pom:1.7.0.Alpha14 is present in the local repository, but cached from a remote repository ID that is unavailable in current build context, verifying that is downloadable from [sonatype-snapshots (https://s01.oss.sonatype.org/content/repositories/snapshots/, default, snapshots), central (https://repo.maven.apache.org/maven2, default, releases)]
Legacy Store IT (mssql)	Run base tests	2023-11-19T00:30:01.5464349Z -- [INFO] Downloading from central: https://repo.maven.apache.org/maven2/org/jboss/arquillian/core/arquillian-core-spi/1.7.0.Alpha14/arquillian-core-spi-1.7.0.Alpha14.pom
Legacy Store IT (mssql)	Run base tests	2023-11-19T00:30:01.5508621Z -- [INFO] Downloaded from central: https://repo.maven.apache.org/maven2/org/jboss/arquillian/core/arquillian-core-spi/1.7.0.Alpha14/arquillian-core-spi-1.7.0.Alpha14.pom (0 B at 0 B/s)
Legacy Store IT (mssql)	Run base tests	2023-11-19T00:30:01.5552187Z -- [INFO] Artifact org.jboss.arquillian.core:arquillian-core-api:pom:1.7.0.Alpha14 is present in the local repository, but cached from a remote repository ID that is unavailable in current build context, verifying that is downloadable from [sonatype-snapshots (https://s01.oss.sonatype.org/content/repositories/snapshots/, default, snapshots), central (https://repo.maven.apache.org/maven2, default, releases)]
Legacy Store IT (mssql)	Run base tests	2023-11-19T00:30:01.5572738Z -- [INFO] Artifact org.jboss.arquillian.core:arquillian-core-api:pom:1.7.0.Alpha14 is present in the local repository, but cached from a remote repository ID that is unavailable in current build context, verifying that is downloadable from [sonatype-snapshots (https://s01.oss.sonatype.org/content/repositories/snapshots/, default, snapshots), central (https://repo.maven.apache.org/maven2, default, releases)]
Legacy Store IT (mssql)	Run base tests	2023-11-19T00:30:01.5597333Z -- [INFO] Downloading from central: https://repo.maven.apache.org/maven2/org/jboss/arquillian/core/arquillian-core-api/1.7.0.Alpha14/arquillian-core-api-1.7.0.Alpha14.pom
Legacy Store IT (mssql)	Run base tests	2023-11-19T00:30:01.5642645Z -- [INFO] Downloaded from central: https://repo.maven.apache.org/maven2/org/jboss/arquillian/core/arquillian-core-api/1.7.0.Alpha14/arquillian-core-api-1.7.0.Alpha14.pom (0 B at 0 B/s)
Legacy Store IT (mssql)	Run base tests	2023-11-19T00:30:01.5672451Z -- [INFO] Artifact org.jboss.arquillian.config:arquillian-config-api:pom:1.7.0.Alpha14 is present in the local repository, but cached from a remote repository ID that is unavailable in current build context, verifying that is downloadable from [sonatype-snapshots (https://s01.oss.sonatype.org/content/repositories/snapshots/, default, snapshots), central (https://repo.maven.apache.org/maven2, default, releases)]
Legacy Store IT (mssql)	Run base tests	2023-11-19T00:30:01.5682716Z -- [INFO] Artifact org.jboss.arquillian.config:arquillian-config-api:pom:1.7.0.Alpha14 is present in the local repository, but cached from a remote repository ID that is unavailable in current build context, verifying that is downloadable from [sonatype-snapshots (https://s01.oss.sonatype.org/content/repositories/snapshots/, default, snapshots), central (https://repo.maven.apache.org/maven2, default, releases)]
Legacy Store IT (mssql)	Run base tests	2023-11-19T00:30:01.5688629Z -- [INFO] Downloading from central: https://repo.maven.apache.org/maven2/org/jboss/arquillian/config/arquillian-config-api/1.7.0.Alpha14/arquillian-config-api-1.7.0.Alpha14.pom
Legacy Store IT (mssql)	Run base tests	2023-11-19T00:30:01.5737011Z -- [INFO] Downloaded from central: https://repo.maven.apache.org/maven2/org/jboss/arquillian/config/arquillian-config-api/1.7.0.Alpha14/arquillian-config-api-1.7.0.Alpha14.pom (0 B at 0 B/s)
Legacy Store IT (mssql)	Run base tests	2023-11-19T00:30:01.5769921Z -- [INFO] Artifact org.jboss.shrinkwrap.descriptors:shrinkwrap-descriptors-api-base:pom:2.0.0 is present in the local repository, but cached from a remote repository ID that is unavailable in current build context, verifying that is downloadable from [sonatype-snapshots (https://s01.oss.sonatype.org/content/repositories/snapshots/, default, snapshots), central (https://repo.maven.apache.org/maven2, default, releases)]
Legacy Store IT (mssql)	Run base tests	2023-11-19T00:30:01.5780540Z -- [INFO] Artifact org.jboss.shrinkwrap.descriptors:shrinkwrap-descriptors-api-base:pom:2.0.0 is present in the local repository, but cached from a remote repository ID that is unavailable in current build context, verifying that is downloadable from [sonatype-snapshots (https://s01.oss.sonatype.org/content/repositories/snapshots/, default, snapshots), central (https://repo.maven.apache.org/maven2, default, releases)]
Legacy Store IT (mssql)	Run base tests	2023-11-19T00:30:01.5785940Z -- [INFO] Downloading from central: https://repo.maven.apache.org/maven2/org/jboss/shrinkwrap/descriptors/shrinkwrap-descriptors-api-base/2.0.0/shrinkwrap-descriptors-api-base-2.0.0.pom
Legacy Store IT (mssql)	Run base tests	2023-11-19T00:30:01.5819485Z -- [INFO] Downloaded from central: https://repo.maven.apache.org/maven2/org/jboss/shrinkwrap/descriptors/shrinkwrap-descriptors-api-base/2.0.0/shrinkwrap-descriptors-api-base-2.0.0.pom (0 B at 0 B/s)
Legacy Store IT (mssql)	Run base tests	2023-11-19T00:30:01.5834739Z -- [INFO] Artifact org.jboss.shrinkwrap.descriptors:shrinkwrap-descriptors-parent:pom:2.0.0 is present in the local repository, but cached from a remote repository ID that is unavailable in current build context, verifying that is downloadable from [sonatype-snapshots (https://s01.oss.sonatype.org/content/repositories/snapshots/, default, snapshots), central (https://repo.maven.apache.org/maven2, default, releases)]
Legacy Store IT (mssql)	Run base tests	2023-11-19T00:30:01.5844961Z -- [INFO] Artifact org.jboss.shrinkwrap.descriptors:shrinkwrap-descriptors-parent:pom:2.0.0 is present in the local repository, but cached from a remote repository ID that is unavailable in current build context, verifying that is downloadable from [sonatype-snapshots (https://s01.oss.sonatype.org/content/repositories/snapshots/, default, snapshots), central (https://repo.maven.apache.org/maven2, default, releases)]
Legacy Store IT (mssql)	Run base tests	2023-11-19T00:30:01.5850229Z -- [INFO] Downloading from central: https://repo.maven.apache.org/maven2/org/jboss/shrinkwrap/descriptors/shrinkwrap-descriptors-parent/2.0.0/shrinkwrap-descriptors-parent-2.0.0.pom
Legacy Store IT (mssql)	Run base tests	2023-11-19T00:30:01.5876508Z -- [INFO] Downloaded from central: https://repo.maven.apache.org/maven2/org/jboss/shrinkwrap/descriptors/shrinkwrap-descriptors-parent/2.0.0/shrinkwrap-descriptors-parent-2.0.0.pom (0 B at 0 B/s)
Legacy Store IT (mssql)	Run base tests	2023-11-19T00:30:01.5893805Z -- [INFO] Artifact org.jboss:jboss-parent:pom:16 is present in the local repository, but cached from a remote repository ID that is unavailable in current build context, verifying that is downloadable from [sonatype-snapshots (https://s01.oss.sonatype.org/content/repositories/snapshots/, default, snapshots), central (https://repo.maven.apache.org/maven2, default, releases), jboss-public-repository (https://repository.jboss.org/nexus/content/groups/public, default, releases+snapshots)]
Legacy Store IT (mssql)	Run base tests	2023-11-19T00:30:01.5903496Z -- [INFO] Artifact org.jboss:jboss-parent:pom:16 is present in the local repository, but cached from a remote repository ID that is unavailable in current build context, verifying that is downloadable from [sonatype-snapshots (https://s01.oss.sonatype.org/content/repositories/snapshots/, default, snapshots), central (https://repo.maven.apache.org/maven2, default, releases), jboss-public-repository (https://repository.jboss.org/nexus/content/groups/public, default, releases+snapshots)]
Legacy Store IT (mssql)	Run base tests	2023-11-19T00:30:01.5908981Z -- [INFO] Downloading from central: https://repo.maven.apache.org/maven2/org/jboss/jboss-parent/16/jboss-parent-16.pom
Legacy Store IT (mssql)	Run base tests	2023-11-19T00:30:01.5948312Z -- [INFO] Downloaded from central: https://repo.maven.apache.org/maven2/org/jboss/jboss-parent/16/jboss-parent-16.pom (0 B at 0 B/s)
Legacy Store IT (mssql)	Run base tests	2023-11-19T00:30:01.5981124Z -- [INFO] Artifact org.jboss.arquillian.config:arquillian-config-impl-base:pom:1.7.0.Alpha14 is present in the local repository, but cached from a remote repository ID that is unavailable in current build context, verifying that is downloadable from [sonatype-snapshots (https://s01.oss.sonatype.org/content/repositories/snapshots/, default, snapshots), central (https://repo.maven.apache.org/maven2, default, releases)]
Legacy Store IT (mssql)	Run base tests	2023-11-19T00:30:01.5991538Z -- [INFO] Artifact org.jboss.arquillian.config:arquillian-config-impl-base:pom:1.7.0.Alpha14 is present in the local repository, but cached from a remote repository ID that is unavailable in current build context, verifying that is downloadable from [sonatype-snapshots (https://s01.oss.sonatype.org/content/repositories/snapshots/, default, snapshots), central (https://repo.maven.apache.org/maven2, default, releases)]
Legacy Store IT (mssql)	Run base tests	2023-11-19T00:30:01.5997948Z -- [INFO] Downloading from central: https://repo.maven.apache.org/maven2/org/jboss/arquillian/config/arquillian-config-impl-base/1.7.0.Alpha14/arquillian-config-impl-base-1.7.0.Alpha14.pom
Legacy Store IT (mssql)	Run base tests	2023-11-19T00:30:01.6038219Z -- [INFO] Downloaded from central: https://repo.maven.apache.org/maven2/org/jboss/arquillian/config/arquillian-config-impl-base/1.7.0.Alpha14/arquillian-config-impl-base-1.7.0.Alpha14.pom (0 B at 0 B/s)
Legacy Store IT (mssql)	Run base tests	2023-11-19T00:30:01.6069682Z -- [INFO] Artifact org.jboss.arquillian.config:arquillian-config-spi:pom:1.7.0.Alpha14 is present in the local repository, but cached from a remote repository ID that is unavailable in current build context, verifying that is downloadable from [sonatype-snapshots (https://s01.oss.sonatype.org/content/repositories/snapshots/, default, snapshots), central (https://repo.maven.apache.org/maven2, default, releases)]
Legacy Store IT (mssql)	Run base tests	2023-11-19T00:30:01.6077212Z -- [INFO] Artifact org.jboss.arquillian.config:arquillian-config-spi:pom:1.7.0.Alpha14 is present in the local repository, but cached from a remote repository ID that is unavailable in current build context, verifying that is downloadable from [sonatype-snapshots (https://s01.oss.sonatype.org/content/repositories/snapshots/, default, snapshots), central (https://repo.maven.apache.org/maven2, default, releases)]
Legacy Store IT (mssql)	Run base tests	2023-11-19T00:30:01.6082730Z -- [INFO] Downloading from central: https://repo.maven.apache.org/maven2/org/jboss/arquillian/config/arquillian-config-spi/1.7.0.Alpha14/arquillian-config-spi-1.7.0.Alpha14.pom
Legacy Store IT (mssql)	Run base tests	2023-11-19T00:30:01.6122145Z -- [INFO] Downloaded from central: https://repo.maven.apache.org/maven2/org/jboss/arquillian/config/arquillian-config-spi/1.7.0.Alpha14/arquillian-config-spi-1.7.0.Alpha14.pom (0 B at 0 B/s)
Legacy Store IT (mssql)	Run base tests	2023-11-19T00:30:01.6150935Z -- [INFO] Artifact org.jboss.shrinkwrap.descriptors:shrinkwrap-descriptors-spi:pom:2.0.0 is present in the local repository, but cached from a remote repository ID that is unavailable in current build context, verifying that is downloadable from [sonatype-snapshots (https://s01.oss.sonatype.org/content/repositories/snapshots/, default, snapshots), central (https://repo.maven.apache.org/maven2, default, releases)]
Legacy Store IT (mssql)	Run base tests	2023-11-19T00:30:01.6158795Z -- [INFO] Artifact org.jboss.shrinkwrap.descriptors:shrinkwrap-descriptors-spi:pom:2.0.0 is present in the local repository, but cached from a remote repository ID that is unavailable in current build context, verifying that is downloadable from [sonatype-snapshots (https://s01.oss.sonatype.org/content/repositories/snapshots/, default, snapshots), central (https://repo.maven.apache.org/maven2, default, releases)]
Legacy Store IT (mssql)	Run base tests	2023-11-19T00:30:01.6165620Z -- [INFO] Downloading from central: https://repo.maven.apache.org/maven2/org/jboss/shrinkwrap/descriptors/shrinkwrap-descriptors-spi/2.0.0/shrinkwrap-descriptors-spi-2.0.0.pom
Legacy Store IT (mssql)	Run base tests	2023-11-19T00:30:01.6201640Z -- [INFO] Downloaded from central: https://repo.maven.apache.org/maven2/org/jboss/shrinkwrap/descriptors/shrinkwrap-descriptors-spi/2.0.0/shrinkwrap-descriptors-spi-2.0.0.pom (0 B at 0 B/s)
Legacy Store IT (mssql)	Run base tests	2023-11-19T00:30:01.6253597Z -- [INFO] Artifact org.jboss.arquillian.container:arquillian-container-test-api:pom:1.7.0.Alpha14 is present in the local repository, but cached from a remote repository ID that is unavailable in current build context, verifying that is downloadable from [sonatype-snapshots (https://s01.oss.sonatype.org/content/repositories/snapshots/, default, snapshots), central (https://repo.maven.apache.org/maven2, default, releases)]
Legacy Store IT (mssql)	Run base tests	2023-11-19T00:30:01.6261068Z -- [INFO] Artifact org.jboss.arquillian.container:arquillian-container-test-api:pom:1.7.0.Alpha14 is present in the local repository, but cached from a remote repository ID that is unavailable in current build context, verifying that is downloadable from [sonatype-snapshots (https://s01.oss.sonatype.org/content/repositories/snapshots/, default, snapshots), central (https://repo.maven.apache.org/maven2, default, releases)]
Legacy Store IT (mssql)	Run base tests	2023-11-19T00:30:01.6267411Z -- [INFO] Downloading from central: https://repo.maven.apache.org/maven2/org/jboss/arquillian/container/arquillian-container-test-api/1.7.0.Alpha14/arquillian-container-test-api-1.7.0.Alpha14.pom
Legacy Store IT (mssql)	Run base tests	2023-11-19T00:30:01.6302022Z -- [INFO] Downloaded from central: https://repo.maven.apache.org/maven2/org/jboss/arquillian/container/arquillian-container-test-api/1.7.0.Alpha14/arquillian-container-test-api-1.7.0.Alpha14.pom (0 B at 0 B/s)
Legacy Store IT (mssql)	Run base tests	2023-11-19T00:30:01.6379192Z -- [INFO] Artifact org.jboss.arquillian.container:arquillian-container-test-spi:pom:1.7.0.Alpha14 is present in the local repository, but cached from a remote repository ID that is unavailable in current build context, verifying that is downloadable from [sonatype-snapshots (https://s01.oss.sonatype.org/content/repositories/snapshots/, default, snapshots), central (https://repo.maven.apache.org/maven2, default, releases)]
Legacy Store IT (mssql)	Run base tests	2023-11-19T00:30:01.6387417Z -- [INFO] Artifact org.jboss.arquillian.container:arquillian-container-test-spi:pom:1.7.0.Alpha14 is present in the local repository, but cached from a remote repository ID that is unavailable in current build context, verifying that is downloadable from [sonatype-snapshots (https://s01.oss.sonatype.org/content/repositories/snapshots/, default, snapshots), central (https://repo.maven.apache.org/maven2, default, releases)]
Legacy Store IT (mssql)	Run base tests	2023-11-19T00:30:01.6393782Z -- [INFO] Downloading from central: https://repo.maven.apache.org/maven2/org/jboss/arquillian/container/arquillian-container-test-spi/1.7.0.Alpha14/arquillian-container-test-spi-1.7.0.Alpha14.pom
Legacy Store IT (mssql)	Run base tests	2023-11-19T00:30:01.6421341Z -- [INFO] Downloaded from central: https://repo.maven.apache.org/maven2/org/jboss/arquillian/container/arquillian-container-test-spi/1.7.0.Alpha14/arquillian-container-test-spi-1.7.0.Alpha14.pom (0 B at 0 B/s)
Legacy Store IT (mssql)	Run base tests	2023-11-19T00:30:01.6468662Z -- [INFO] Artifact org.jboss.arquillian.test:arquillian-test-spi:pom:1.7.0.Alpha14 is present in the local repository, but cached from a remote repository ID that is unavailable in current build context, verifying that is downloadable from [sonatype-snapshots (https://s01.oss.sonatype.org/content/repositories/snapshots/, default, snapshots), central (https://repo.maven.apache.org/maven2, default, releases)]
Legacy Store IT (mssql)	Run base tests	2023-11-19T00:30:01.6487117Z -- [INFO] Artifact org.jboss.arquillian.test:arquillian-test-spi:pom:1.7.0.Alpha14 is present in the local repository, but cached from a remote repository ID that is unavailable in current build context, verifying that is downloadable from [sonatype-snapshots (https://s01.oss.sonatype.org/content/repositories/snapshots/, default, snapshots), central (https://repo.maven.apache.org/maven2, default, releases)]
Legacy Store IT (mssql)	Run base tests	2023-11-19T00:30:01.6504280Z -- [INFO] Downloading from central: https://repo.maven.apache.org/maven2/org/jboss/arquillian/test/arquillian-test-spi/1.7.0.Alpha14/arquillian-test-spi-1.7.0.Alpha14.pom
Legacy Store IT (mssql)	Run base tests	2023-11-19T00:30:01.6561556Z -- [INFO] Downloaded from central: https://repo.maven.apache.org/maven2/org/jboss/arquillian/test/arquillian-test-spi/1.7.0.Alpha14/arquillian-test-spi-1.7.0.Alpha14.pom (0 B at 0 B/s)
Legacy Store IT (mssql)	Run base tests	2023-11-19T00:30:01.6604253Z -- [INFO] Artifact org.jboss.arquillian.test:arquillian-test-api:pom:1.7.0.Alpha14 is present in the local repository, but cached from a remote repository ID that is unavailable in current build context, verifying that is downloadable from [sonatype-snapshots (https://s01.oss.sonatype.org/content/repositories/snapshots/, default, snapshots), central (https://repo.maven.apache.org/maven2, default, releases)]
Legacy Store IT (mssql)	Run base tests	2023-11-19T00:30:01.6621390Z -- [INFO] Artifact org.jboss.arquillian.test:arquillian-test-api:pom:1.7.0.Alpha14 is present in the local repository, but cached from a remote repository ID that is unavailable in current build context, verifying that is downloadable from [sonatype-snapshots (https://s01.oss.sonatype.org/content/repositories/snapshots/, default, snapshots), central (https://repo.maven.apache.org/maven2, default, releases)]
Legacy Store IT (mssql)	Run base tests	2023-11-19T00:30:01.6639895Z -- [INFO] Downloading from central: https://repo.maven.apache.org/maven2/org/jboss/arquillian/test/arquillian-test-api/1.7.0.Alpha14/arquillian-test-api-1.7.0.Alpha14.pom
Legacy Store IT (mssql)	Run base tests	2023-11-19T00:30:01.6710761Z -- [INFO] Downloaded from central: https://repo.maven.apache.org/maven2/org/jboss/arquillian/test/arquillian-test-api/1.7.0.Alpha14/arquillian-test-api-1.7.0.Alpha14.pom (0 B at 0 B/s)
Legacy Store IT (mssql)	Run base tests	2023-11-19T00:30:01.6765440Z -- [INFO] Artifact org.jboss.arquillian.container:arquillian-container-test-impl-base:pom:1.7.0.Alpha14 is present in the local repository, but cached from a remote repository ID that is unavailable in current build context, verifying that is downloadable from [sonatype-snapshots (https://s01.oss.sonatype.org/content/repositories/snapshots/, default, snapshots), central (https://repo.maven.apache.org/maven2, default, releases)]
Legacy Store IT (mssql)	Run base tests	2023-11-19T00:30:01.6782878Z -- [INFO] Artifact org.jboss.arquillian.container:arquillian-container-test-impl-base:pom:1.7.0.Alpha14 is present in the local repository, but cached from a remote repository ID that is unavailable in current build context, verifying that is downloadable from [sonatype-snapshots (https://s01.oss.sonatype.org/content/repositories/snapshots/, default, snapshots), central (https://repo.maven.apache.org/maven2, default, releases)]
Legacy Store IT (mssql)	Run base tests	2023-11-19T00:30:01.6795833Z -- [INFO] Downloading from central: https://repo.maven.apache.org/maven2/org/jboss/arquillian/container/arquillian-container-test-impl-base/1.7.0.Alpha14/arquillian-container-test-impl-base-1.7.0.Alpha14.pom
Legacy Store IT (mssql)	Run base tests	2023-11-19T00:30:01.6847803Z -- [INFO] Downloaded from central: https://repo.maven.apache.org/maven2/org/jboss/arquillian/container/arquillian-container-test-impl-base/1.7.0.Alpha14/arquillian-container-test-impl-base-1.7.0.Alpha14.pom (0 B at 0 B/s)
Legacy Store IT (mssql)	Run base tests	2023-11-19T00:30:02.0441372Z -- [INFO] Artifact org.jboss:jboss-parent:pom:24.0.0.redhat-1 is present in the local repository, but cached from a remote repository ID that is unavailable in current build context, verifying that is downloadable from [sonatype-snapshots (https://s01.oss.sonatype.org/content/repositories/snapshots/, default, snapshots), central (https://repo.maven.apache.org/maven2, default, releases), jboss-public-repository (https://repository.jboss.org/nexus/content/groups/public/, default, releases+snapshots), jboss-public-repository-group (https://repository.jboss.org/nexus/content/groups/public/, default, releases+snapshots), jboss-enterprise-maven-repository (https://maven.repository.redhat.com/ga/, default, releases)]
Legacy Store IT (mssql)	Run base tests	2023-11-19T00:30:02.0455247Z -- [INFO] Artifact org.jboss:jboss-parent:pom:24.0.0.redhat-1 is present in the local repository, but cached from a remote repository ID that is unavailable in current build context, verifying that is downloadable from [sonatype-snapshots (https://s01.oss.sonatype.org/content/repositories/snapshots/, default, snapshots), central (https://repo.maven.apache.org/maven2, default, releases), jboss-public-repository (https://repository.jboss.org/nexus/content/groups/public/, default, releases+snapshots), jboss-public-repository-group (https://repository.jboss.org/nexus/content/groups/public/, default, releases+snapshots), jboss-enterprise-maven-repository (https://maven.repository.redhat.com/ga/, default, releases)]
Legacy Store IT (mssql)	Run base tests	2023-11-19T00:30:02.0482776Z -- [INFO] Downloading from jboss-enterprise-maven-repository: https://maven.repository.redhat.com/ga/org/jboss/jboss-parent/24.0.0.redhat-1/jboss-parent-24.0.0.redhat-1.pom
Legacy Store IT (mssql)	Run base tests	2023-11-19T00:30:02.1602763Z -- [INFO] Downloaded from jboss-enterprise-maven-repository: https://maven.repository.redhat.com/ga/org/jboss/jboss-parent/24.0.0.redhat-1/jboss-parent-24.0.0.redhat-1.pom (0 B at 0 B/s)
Legacy Store IT (mssql)	Run base tests	2023-11-19T00:30:02.2753833Z -- [INFO] Artifact org.jboss.shrinkwrap:shrinkwrap-bom:pom:1.2.3 is present in the local repository, but cached from a remote repository ID that is unavailable in current build context, verifying that is downloadable from [sonatype-snapshots (https://s01.oss.sonatype.org/content/repositories/snapshots/, default, snapshots), central (https://repo.maven.apache.org/maven2, default, releases)]
Legacy Store IT (mssql)	Run base tests	2023-11-19T00:30:02.2762065Z -- [INFO] Artifact org.jboss.shrinkwrap:shrinkwrap-bom:pom:1.2.3 is present in the local repository, but cached from a remote repository ID that is unavailable in current build context, verifying that is downloadable from [sonatype-snapshots (https://s01.oss.sonatype.org/content/repositories/snapshots/, default, snapshots), central (https://repo.maven.apache.org/maven2, default, releases)]
Legacy Store IT (mssql)	Run base tests	2023-11-19T00:30:02.2767157Z -- [INFO] Downloading from central: https://repo.maven.apache.org/maven2/org/jboss/shrinkwrap/shrinkwrap-bom/1.2.3/shrinkwrap-bom-1.2.3.pom
Legacy Store IT (mssql)	Run base tests	2023-11-19T00:30:02.2803787Z -- [INFO] Downloaded from central: https://repo.maven.apache.org/maven2/org/jboss/shrinkwrap/shrinkwrap-bom/1.2.3/shrinkwrap-bom-1.2.3.pom (0 B at 0 B/s)
Legacy Store IT (mssql)	Run base tests	2023-11-19T00:30:02.7555434Z -- [INFO] 
Legacy Store IT (mssql)	Run base tests	2023-11-19T00:30:02.7558389Z -- [INFO] --- enforcer:3.0.0-M3:enforce (enforce-java-version) @ integration-arquillian-tests-base ---
Legacy Store IT (mssql)	Run base tests	2023-11-19T00:30:02.8541863Z -- [INFO] 
Legacy Store IT (mssql)	Run base tests	2023-11-19T00:30:02.8543718Z -- [INFO] --- enforcer:3.0.0-M3:enforce (enforce-maven-version) @ integration-arquillian-tests-base ---
Legacy Store IT (mssql)	Run base tests	2023-11-19T00:30:02.8559145Z -- [INFO] 
Legacy Store IT (mssql)	Run base tests	2023-11-19T00:30:02.8561212Z -- [INFO] --- enforcer:3.0.0-M3:enforce (enforce-maven) @ integration-arquillian-tests-base ---
Legacy Store IT (mssql)	Run base tests	2023-11-19T00:30:02.8572390Z -- [INFO] 
Legacy Store IT (mssql)	Run base tests	2023-11-19T00:30:02.8575144Z -- [INFO] --- buildnumber:1.4:create (get-scm-revision) @ integration-arquillian-tests-base ---
Legacy Store IT (mssql)	Run base tests	2023-11-19T00:30:03.0175402Z -- [INFO] Executing: /bin/sh -c cd '/home/runner/work/keycloak/keycloak/testsuite/integration-arquillian/tests/base' && 'git' 'rev-parse' '--verify' 'HEAD'
Legacy Store IT (mssql)	Run base tests	2023-11-19T00:30:03.0178528Z -- [INFO] Working directory: /home/runner/work/keycloak/keycloak/testsuite/integration-arquillian/tests/base
Legacy Store IT (mssql)	Run base tests	2023-11-19T00:30:03.0877678Z -- [INFO] Storing buildNumber: 169f87f696bb8316d5e6d1fd5b972f8cbbd8411a at timestamp: 1700353803001
Legacy Store IT (mssql)	Run base tests	2023-11-19T00:30:03.0943881Z -- [INFO] Storing buildScmBranch: main
Legacy Store IT (mssql)	Run base tests	2023-11-19T00:30:03.0945234Z -- [INFO] 
Legacy Store IT (mssql)	Run base tests	2023-11-19T00:30:03.0946988Z -- [INFO] --- directory:0.3.1:directory-of (keycloak-parent-basedir) @ integration-arquillian-tests-base ---
Legacy Store IT (mssql)	Run base tests	2023-11-19T00:30:03.1291310Z -- [INFO] Directory of org.keycloak:keycloak-parent set to: /home/runner/work/keycloak/keycloak
Legacy Store IT (mssql)	Run base tests	2023-11-19T00:30:03.1293158Z -- [INFO] 
Legacy Store IT (mssql)	Run base tests	2023-11-19T00:30:03.1294826Z -- [INFO] --- resources:3.0.1:copy-resources (copy-truststore) @ integration-arquillian-tests-base ---
Legacy Store IT (mssql)	Run base tests	2023-11-19T00:30:03.1847203Z -- [INFO] Using 'UTF-8' encoding to copy filtered resources.
Legacy Store IT (mssql)	Run base tests	2023-11-19T00:30:03.2005870Z -- [INFO] Copying 3 resources
Legacy Store IT (mssql)	Run base tests	2023-11-19T00:30:03.2169923Z -- [INFO] 
Legacy Store IT (mssql)	Run base tests	2023-11-19T00:30:03.2172064Z -- [INFO] --- resources:3.0.1:copy-resources (copy-common-dependencies) @ integration-arquillian-tests-base ---
Legacy Store IT (mssql)	Run base tests	2023-11-19T00:30:03.2203879Z -- [INFO] Using 'UTF-8' encoding to copy filtered resources.
Legacy Store IT (mssql)	Run base tests	2023-11-19T00:30:03.2334507Z -- [INFO] Copying 13 resources
Legacy Store IT (mssql)	Run base tests	2023-11-19T00:30:03.2390423Z -- [INFO] 
Legacy Store IT (mssql)	Run base tests	2023-11-19T00:30:03.2394183Z -- [INFO] --- resources:3.0.1:resources (default-resources) @ integration-arquillian-tests-base ---
Legacy Store IT (mssql)	Run base tests	2023-11-19T00:30:03.2427934Z -- [INFO] Using 'UTF-8' encoding to copy filtered resources.
Legacy Store IT (mssql)	Run base tests	2023-11-19T00:30:03.2432566Z -- [INFO] Copying 2 resources
Legacy Store IT (mssql)	Run base tests	2023-11-19T00:30:03.2443433Z -- [INFO] 
Legacy Store IT (mssql)	Run base tests	2023-11-19T00:30:03.2446635Z -- [INFO] --- resources:3.0.1:copy-resources (copy-admin-user-json-file) @ integration-arquillian-tests-base ---
Legacy Store IT (mssql)	Run base tests	2023-11-19T00:30:03.2464141Z -- [INFO] Using 'UTF-8' encoding to copy filtered resources.
Legacy Store IT (mssql)	Run base tests	2023-11-19T00:30:03.2528427Z -- [INFO] Copying 1 resource
Legacy Store IT (mssql)	Run base tests	2023-11-19T00:30:03.2573032Z -- [INFO] 
Legacy Store IT (mssql)	Run base tests	2023-11-19T00:30:03.2575139Z -- [INFO] --- compiler:3.8.1:compile (default-compile) @ integration-arquillian-tests-base ---
Legacy Store IT (mssql)	Run base tests	2023-11-19T00:30:03.3957176Z -- [INFO] Changes detected - recompiling the module!
Legacy Store IT (mssql)	Run base tests	2023-11-19T00:30:03.4025468Z -- [INFO] Compiling 381 source files to /home/runner/work/keycloak/keycloak/testsuite/integration-arquillian/tests/base/target/classes
Legacy Store IT (mssql)	Run base tests	2023-11-19T00:30:08.6056306Z -- [WARNING] /home/runner/work/keycloak/keycloak/testsuite/integration-arquillian/tests/base/src/main/java/org/keycloak/testsuite/util/SamlClient.java:[664,53] parse(java.net.URI,java.lang.String) in org.apache.http.client.utils.URLEncodedUtils has been deprecated
Legacy Store IT (mssql)	Run base tests	2023-11-19T00:30:08.6062965Z -- [WARNING] /home/runner/work/keycloak/keycloak/testsuite/integration-arquillian/tests/base/src/main/java/org/keycloak/testsuite/util/saml/ModifySamlResponseStepBuilder.java:[171,37] parse(java.net.URI,java.lang.String) in org.apache.http.client.utils.URLEncodedUtils has been deprecated
Legacy Store IT (mssql)	Run base tests	2023-11-19T00:30:08.6069246Z -- [WARNING] /home/runner/work/keycloak/keycloak/testsuite/integration-arquillian/tests/base/src/main/java/org/keycloak/testsuite/util/DroneUtils.java:[81,27] isAccessible() in java.lang.reflect.AccessibleObject has been deprecated
Legacy Store IT (mssql)	Run base tests	2023-11-19T00:30:08.6074326Z -- [WARNING] /home/runner/work/keycloak/keycloak/testsuite/integration-arquillian/tests/base/src/main/java/org/keycloak/testsuite/util/DroneUtils.java:[92,27] isAccessible() in java.lang.reflect.AccessibleObject has been deprecated
Legacy Store IT (mssql)	Run base tests	2023-11-19T00:30:08.6079436Z -- [WARNING] /home/runner/work/keycloak/keycloak/testsuite/integration-arquillian/tests/base/src/main/java/org/keycloak/testsuite/util/DroneUtils.java:[102,27] isAccessible() in java.lang.reflect.AccessibleObject has been deprecated
Legacy Store IT (mssql)	Run base tests	2023-11-19T00:30:08.6104702Z -- [WARNING] /home/runner/work/keycloak/keycloak/testsuite/integration-arquillian/tests/base/src/main/java/org/keycloak/testsuite/util/OAuthClient.java:[1411,52] parse(java.net.URI,java.lang.String) in org.apache.http.client.utils.URLEncodedUtils has been deprecated
Legacy Store IT (mssql)	Run base tests	2023-11-19T00:30:08.6109507Z -- [WARNING] /home/runner/work/keycloak/keycloak/testsuite/integration-arquillian/tests/base/src/main/java/org/keycloak/testsuite/updaters/ServerResourceUpdater.java:[89,20] unchecked cast
Legacy Store IT (mssql)	Run base tests	2023-11-19T00:30:08.6111927Z --   required: T
Legacy Store IT (mssql)	Run base tests	2023-11-19T00:30:08.6113269Z --   found:    org.keycloak.testsuite.updaters.ServerResourceUpdater<T,Res,Rep>
Legacy Store IT (mssql)	Run base tests	2023-11-19T00:30:08.6297930Z -- [WARNING] /home/runner/work/keycloak/keycloak/testsuite/integration-arquillian/tests/base/src/main/java/org/keycloak/testsuite/updaters/ServerResourceUpdater.java:[103,20] unchecked cast
Legacy Store IT (mssql)	Run base tests	2023-11-19T00:30:08.6355540Z --   required: T
Legacy Store IT (mssql)	Run base tests	2023-11-19T00:30:08.6356869Z --   found:    org.keycloak.testsuite.updaters.ServerResourceUpdater<T,Res,Rep>
Legacy Store IT (mssql)	Run base tests	2023-11-19T00:30:08.6359913Z -- [WARNING] /home/runner/work/keycloak/keycloak/testsuite/integration-arquillian/tests/base/src/main/java/org/keycloak/testsuite/updaters/ServerResourceUpdater.java:[140,52] unchecked conversion
Legacy Store IT (mssql)	Run base tests	2023-11-19T00:30:08.6363086Z --   required: java.util.Set<V>
Legacy Store IT (mssql)	Run base tests	2023-11-19T00:30:08.6363921Z --   found:    java.util.Set
Legacy Store IT (mssql)	Run base tests	2023-11-19T00:30:08.6366595Z -- [WARNING] /home/runner/work/keycloak/keycloak/testsuite/integration-arquillian/tests/base/src/main/java/org/keycloak/testsuite/updaters/ServerResourceUpdater.java:[141,51] unchecked conversion
Legacy Store IT (mssql)	Run base tests	2023-11-19T00:30:08.6369292Z --   required: java.util.Set<V>
Legacy Store IT (mssql)	Run base tests	2023-11-19T00:30:08.6370045Z --   found:    java.util.Set
Legacy Store IT (mssql)	Run base tests	2023-11-19T00:30:08.6373524Z -- [WARNING] /home/runner/work/keycloak/keycloak/testsuite/integration-arquillian/tests/base/src/main/java/org/keycloak/testsuite/page/AbstractPatternFlyAlert.java:[69,84] unchecked method invocation: method until in class org.openqa.selenium.support.ui.FluentWait is applied to given types
Legacy Store IT (mssql)	Run base tests	2023-11-19T00:30:08.6377104Z --   required: java.util.function.Function<? super T,V>
Legacy Store IT (mssql)	Run base tests	2023-11-19T00:30:08.6378248Z --   found:    org.openqa.selenium.support.ui.ExpectedCondition
Legacy Store IT (mssql)	Run base tests	2023-11-19T00:30:08.6381147Z -- [WARNING] /home/runner/work/keycloak/keycloak/testsuite/integration-arquillian/tests/base/src/main/java/org/keycloak/testsuite/page/AbstractPatternFlyAlert.java:[69,85] unchecked conversion
Legacy Store IT (mssql)	Run base tests	2023-11-19T00:30:08.6384220Z --   required: java.util.function.Function<? super T,V>
Legacy Store IT (mssql)	Run base tests	2023-11-19T00:30:08.6385493Z --   found:    org.openqa.selenium.support.ui.ExpectedCondition
Legacy Store IT (mssql)	Run base tests	2023-11-19T00:30:08.6388836Z -- [WARNING] /home/runner/work/keycloak/keycloak/testsuite/integration-arquillian/tests/base/src/main/java/org/keycloak/testsuite/arquillian/ModelTestExecutor.java:[53,33] TestResult() in org.jboss.arquillian.test.spi.TestResult has been deprecated
Legacy Store IT (mssql)	Run base tests	2023-11-19T00:30:08.6394541Z -- [WARNING] /home/runner/work/keycloak/keycloak/testsuite/integration-arquillian/tests/base/src/main/java/org/keycloak/testsuite/arquillian/ModelTestExecutor.java:[64,27] setStatus(org.jboss.arquillian.test.spi.TestResult.Status) in org.jboss.arquillian.test.spi.TestResult has been deprecated
Legacy Store IT (mssql)	Run base tests	2023-11-19T00:30:08.6400357Z -- [WARNING] /home/runner/work/keycloak/keycloak/testsuite/integration-arquillian/tests/base/src/main/java/org/keycloak/testsuite/arquillian/ModelTestExecutor.java:[66,27] setStatus(org.jboss.arquillian.test.spi.TestResult.Status) in org.jboss.arquillian.test.spi.TestResult has been deprecated
Legacy Store IT (mssql)	Run base tests	2023-11-19T00:30:08.6407335Z -- [WARNING] /home/runner/work/keycloak/keycloak/testsuite/integration-arquillian/tests/base/src/main/java/org/keycloak/testsuite/arquillian/ModelTestExecutor.java:[76,109] unchecked cast
Legacy Store IT (mssql)	Run base tests	2023-11-19T00:30:08.6410773Z --   required: org.jboss.arquillian.core.api.InstanceProducer<org.jboss.arquillian.test.spi.TestResult>
Legacy Store IT (mssql)	Run base tests	2023-11-19T00:30:08.6412186Z --   found:    java.lang.Object
Legacy Store IT (mssql)	Run base tests	2023-11-19T00:30:08.6414666Z -- [WARNING] /home/runner/work/keycloak/keycloak/testsuite/integration-arquillian/tests/base/src/main/java/org/keycloak/testsuite/util/javascript/XMLHttpRequest.java:[75,67] unchecked cast
Legacy Store IT (mssql)	Run base tests	2023-11-19T00:30:08.6417329Z --   required: java.util.Map<java.lang.String,java.lang.Object>
Legacy Store IT (mssql)	Run base tests	2023-11-19T00:30:08.6418334Z --   found:    java.lang.Object
Legacy Store IT (mssql)	Run base tests	2023-11-19T00:30:08.6421862Z -- [WARNING] /home/runner/work/keycloak/keycloak/testsuite/integration-arquillian/tests/base/src/main/java/org/keycloak/testsuite/updaters/Creator.java:[64,16] unchecked call to Creator(java.lang.String,T,java.lang.Runnable) as a member of the raw type org.keycloak.testsuite.updaters.Creator
Legacy Store IT (mssql)	Run base tests	2023-11-19T00:30:08.6426778Z -- [WARNING] /home/runner/work/keycloak/keycloak/testsuite/integration-arquillian/tests/base/src/main/java/org/keycloak/testsuite/updaters/Creator.java:[64,16] unchecked conversion
Legacy Store IT (mssql)	Run base tests	2023-11-19T00:30:08.6429578Z --   required: org.keycloak.testsuite.updaters.Creator<org.keycloak.admin.client.resource.RealmResource>
Legacy Store IT (mssql)	Run base tests	2023-11-19T00:30:08.6431338Z --   found:    org.keycloak.testsuite.updaters.Creator
Legacy Store IT (mssql)	Run base tests	2023-11-19T00:30:08.6435004Z -- [WARNING] /home/runner/work/keycloak/keycloak/testsuite/integration-arquillian/tests/base/src/main/java/org/keycloak/testsuite/updaters/Creator.java:[73,20] unchecked call to Creator(java.lang.String,T,java.lang.Runnable) as a member of the raw type org.keycloak.testsuite.updaters.Creator
Legacy Store IT (mssql)	Run base tests	2023-11-19T00:30:08.6440000Z -- [WARNING] /home/runner/work/keycloak/keycloak/testsuite/integration-arquillian/tests/base/src/main/java/org/keycloak/testsuite/updaters/Creator.java:[73,20] unchecked conversion
Legacy Store IT (mssql)	Run base tests	2023-11-19T00:30:08.6444102Z --   required: org.keycloak.testsuite.updaters.Creator<org.keycloak.admin.client.resource.GroupResource>
Legacy Store IT (mssql)	Run base tests	2023-11-19T00:30:08.6445955Z --   found:    org.keycloak.testsuite.updaters.Creator
Legacy Store IT (mssql)	Run base tests	2023-11-19T00:30:08.6449588Z -- [WARNING] /home/runner/work/keycloak/keycloak/testsuite/integration-arquillian/tests/base/src/main/java/org/keycloak/testsuite/updaters/Creator.java:[83,20] unchecked call to Creator(java.lang.String,T,java.lang.Runnable) as a member of the raw type org.keycloak.testsuite.updaters.Creator
Legacy Store IT (mssql)	Run base tests	2023-11-19T00:30:08.6454482Z -- [WARNING] /home/runner/work/keycloak/keycloak/testsuite/integration-arquillian/tests/base/src/main/java/org/keycloak/testsuite/updaters/Creator.java:[83,20] unchecked conversion
Legacy Store IT (mssql)	Run base tests	2023-11-19T00:30:08.6457391Z --   required: org.keycloak.testsuite.updaters.Creator<org.keycloak.admin.client.resource.ClientResource>
Legacy Store IT (mssql)	Run base tests	2023-11-19T00:30:08.6458912Z --   found:    org.keycloak.testsuite.updaters.Creator
Legacy Store IT (mssql)	Run base tests	2023-11-19T00:30:08.6463008Z -- [WARNING] /home/runner/work/keycloak/keycloak/testsuite/integration-arquillian/tests/base/src/main/java/org/keycloak/testsuite/updaters/Creator.java:[93,20] unchecked call to Creator(java.lang.String,T,java.lang.Runnable) as a member of the raw type org.keycloak.testsuite.updaters.Creator
Legacy Store IT (mssql)	Run base tests	2023-11-19T00:30:08.6467651Z -- [WARNING] /home/runner/work/keycloak/keycloak/testsuite/integration-arquillian/tests/base/src/main/java/org/keycloak/testsuite/updaters/Creator.java:[93,20] unchecked conversion
Legacy Store IT (mssql)	Run base tests	2023-11-19T00:30:08.6470649Z --   required: org.keycloak.testsuite.updaters.Creator<org.keycloak.admin.client.resource.UserResource>
Legacy Store IT (mssql)	Run base tests	2023-11-19T00:30:08.6472193Z --   found:    org.keycloak.testsuite.updaters.Creator
Legacy Store IT (mssql)	Run base tests	2023-11-19T00:30:08.6475979Z -- [WARNING] /home/runner/work/keycloak/keycloak/testsuite/integration-arquillian/tests/base/src/main/java/org/keycloak/testsuite/updaters/Creator.java:[103,20] unchecked call to Creator(java.lang.String,T,java.lang.Runnable) as a member of the raw type org.keycloak.testsuite.updaters.Creator
Legacy Store IT (mssql)	Run base tests	2023-11-19T00:30:08.6480734Z -- [WARNING] /home/runner/work/keycloak/keycloak/testsuite/integration-arquillian/tests/base/src/main/java/org/keycloak/testsuite/updaters/Creator.java:[103,20] unchecked conversion
Legacy Store IT (mssql)	Run base tests	2023-11-19T00:30:08.6484270Z --   required: org.keycloak.testsuite.updaters.Creator<org.keycloak.admin.client.resource.ComponentResource>
Legacy Store IT (mssql)	Run base tests	2023-11-19T00:30:08.6486040Z --   found:    org.keycloak.testsuite.updaters.Creator
Legacy Store IT (mssql)	Run base tests	2023-11-19T00:30:08.6489680Z -- [WARNING] /home/runner/work/keycloak/keycloak/testsuite/integration-arquillian/tests/base/src/main/java/org/keycloak/testsuite/updaters/Creator.java:[123,20] unchecked call to Creator(java.lang.String,T,java.lang.Runnable) as a member of the raw type org.keycloak.testsuite.updaters.Creator
Legacy Store IT (mssql)	Run base tests	2023-11-19T00:30:08.6494582Z -- [WARNING] /home/runner/work/keycloak/keycloak/testsuite/integration-arquillian/tests/base/src/main/java/org/keycloak/testsuite/updaters/Creator.java:[123,20] unchecked conversion
Legacy Store IT (mssql)	Run base tests	2023-11-19T00:30:08.6497735Z --   required: org.keycloak.testsuite.updaters.Creator<org.keycloak.admin.client.resource.IdentityProviderResource>
Legacy Store IT (mssql)	Run base tests	2023-11-19T00:30:08.6499375Z --   found:    org.keycloak.testsuite.updaters.Creator
Legacy Store IT (mssql)	Run base tests	2023-11-19T00:30:08.6503102Z -- [WARNING] /home/runner/work/keycloak/keycloak/testsuite/integration-arquillian/tests/base/src/main/java/org/keycloak/testsuite/updaters/Creator.java:[135,20] unchecked call to Creator(java.lang.String,T,java.lang.Runnable) as a member of the raw type org.keycloak.testsuite.updaters.Creator
Legacy Store IT (mssql)	Run base tests	2023-11-19T00:30:08.6507642Z -- [WARNING] /home/runner/work/keycloak/keycloak/testsuite/integration-arquillian/tests/base/src/main/java/org/keycloak/testsuite/updaters/Creator.java:[135,20] unchecked conversion
Legacy Store IT (mssql)	Run base tests	2023-11-19T00:30:08.6510784Z --   required: org.keycloak.testsuite.updaters.Creator<org.keycloak.admin.client.resource.IdentityProviderResource>
Legacy Store IT (mssql)	Run base tests	2023-11-19T00:30:08.6512502Z --   found:    org.keycloak.testsuite.updaters.Creator
Legacy Store IT (mssql)	Run base tests	2023-11-19T00:30:08.6515739Z -- [WARNING] /home/runner/work/keycloak/keycloak/testsuite/integration-arquillian/tests/base/src/main/java/org/keycloak/testsuite/arquillian/containers/SecurityActions.java:[126,29] isAccessible() in java.lang.reflect.AccessibleObject has been deprecated
Legacy Store IT (mssql)	Run base tests	2023-11-19T00:30:08.6521310Z -- [WARNING] /home/runner/work/keycloak/keycloak/testsuite/integration-arquillian/tests/base/src/main/java/org/keycloak/testsuite/arquillian/containers/SecurityActions.java:[186,31] isAccessible() in java.lang.reflect.AccessibleObject has been deprecated
Legacy Store IT (mssql)	Run base tests	2023-11-19T00:30:08.6527080Z -- [WARNING] /home/runner/work/keycloak/keycloak/testsuite/integration-arquillian/tests/base/src/main/java/org/keycloak/testsuite/arquillian/containers/SecurityActions.java:[221,39] isAccessible() in java.lang.reflect.AccessibleObject has been deprecated
Legacy Store IT (mssql)	Run base tests	2023-11-19T00:30:08.6532574Z -- [WARNING] /home/runner/work/keycloak/keycloak/testsuite/integration-arquillian/tests/base/src/main/java/org/keycloak/testsuite/arquillian/containers/SecurityActions.java:[245,40] isAccessible() in java.lang.reflect.AccessibleObject has been deprecated
Legacy Store IT (mssql)	Run base tests	2023-11-19T00:30:08.6538192Z -- [WARNING] /home/runner/work/keycloak/keycloak/testsuite/integration-arquillian/tests/base/src/main/java/org/keycloak/testsuite/util/AdminClientUtil.java:[153,17] useProtocol(java.lang.String) in org.apache.http.ssl.SSLContextBuilder has been deprecated
Legacy Store IT (mssql)	Run base tests	2023-11-19T00:30:08.6543805Z -- [WARNING] /home/runner/work/keycloak/keycloak/testsuite/integration-arquillian/tests/base/src/main/java/org/keycloak/testsuite/arquillian/CrossDCTestEnricher.java:[430,46] unchecked method invocation: method isAnnotationPresent in class java.lang.Class is applied to given types
Legacy Store IT (mssql)	Run base tests	2023-11-19T00:30:08.6547695Z --   required: java.lang.Class<? extends java.lang.annotation.Annotation>
Legacy Store IT (mssql)	Run base tests	2023-11-19T00:30:08.6548760Z --   found:    java.lang.Class
Legacy Store IT (mssql)	Run base tests	2023-11-19T00:30:08.6551451Z -- [WARNING] /home/runner/work/keycloak/keycloak/testsuite/integration-arquillian/tests/base/src/main/java/org/keycloak/testsuite/arquillian/CrossDCTestEnricher.java:[430,47] unchecked conversion
Legacy Store IT (mssql)	Run base tests	2023-11-19T00:30:08.6554214Z --   required: java.lang.Class<? extends java.lang.annotation.Annotation>
Legacy Store IT (mssql)	Run base tests	2023-11-19T00:30:08.6555442Z --   found:    java.lang.Class
Legacy Store IT (mssql)	Run base tests	2023-11-19T00:30:08.6559272Z -- [WARNING] /home/runner/work/keycloak/keycloak/testsuite/integration-arquillian/tests/base/src/main/java/org/keycloak/testsuite/arquillian/AuthServerTestEnricher.java:[320,33] WildcardFileFilter(java.lang.String) in org.apache.commons.io.filefilter.WildcardFileFilter has been deprecated
Legacy Store IT (mssql)	Run base tests	2023-11-19T00:30:08.6564949Z -- [WARNING] /home/runner/work/keycloak/keycloak/testsuite/integration-arquillian/tests/base/src/main/java/org/keycloak/testsuite/util/matchers/SamlStatusResponseTypeMatcher.java:[26,31] unchecked conversion
Legacy Store IT (mssql)	Run base tests	2023-11-19T00:30:08.6568094Z --   required: java.util.List<org.hamcrest.Matcher<java.net.URI>>
Legacy Store IT (mssql)	Run base tests	2023-11-19T00:30:08.6569084Z --   found:    java.util.ArrayList
Legacy Store IT (mssql)	Run base tests	2023-11-19T00:30:08.6572930Z -- [WARNING] /home/runner/work/keycloak/keycloak/testsuite/integration-arquillian/tests/base/src/main/java/org/keycloak/testsuite/arquillian/KeycloakArquillianExtension.java:[69,61] org.keycloak.testsuite.arquillian.DeploymentArchiveProcessor in org.keycloak.testsuite.arquillian has been deprecated
Legacy Store IT (mssql)	Run base tests	2023-11-19T00:30:08.6576405Z -- [INFO] 
Legacy Store IT (mssql)	Run base tests	2023-11-19T00:30:08.6577569Z -- [INFO] --- resources:3.0.1:copy-resources (example-realms) @ integration-arquillian-tests-base ---
Legacy Store IT (mssql)	Run base tests	2023-11-19T00:30:08.6579191Z -- [INFO] Using 'UTF-8' encoding to copy filtered resources.
Legacy Store IT (mssql)	Run base tests	2023-11-19T00:30:08.6580141Z -- [INFO] Copying 13 resources
Legacy Store IT (mssql)	Run base tests	2023-11-19T00:30:08.6681159Z -- [INFO] 
Legacy Store IT (mssql)	Run base tests	2023-11-19T00:30:08.6683176Z -- [INFO] --- dependency:3.1.2:unpack (unpack-undertow-server) @ integration-arquillian-tests-base ---
Legacy Store IT (mssql)	Run base tests	2023-11-19T00:30:09.0026036Z -- [INFO] Skipping plugin execution
Legacy Store IT (mssql)	Run base tests	2023-11-19T00:30:09.0027247Z -- [INFO] 
Legacy Store IT (mssql)	Run base tests	2023-11-19T00:30:09.0028951Z -- [INFO] --- dependency:3.1.2:unpack (unpack-quarkus-server) @ integration-arquillian-tests-base ---
Legacy Store IT (mssql)	Run base tests	2023-11-19T00:30:09.0041271Z -- [INFO] Configured Artifact: org.keycloak.testsuite:integration-arquillian-servers-auth-server-quarkus:999.0.0-SNAPSHOT:zip
Legacy Store IT (mssql)	Run base tests	2023-11-19T00:30:09.0234105Z -- [INFO] Unpacking /home/runner/.m2/repository/org/keycloak/testsuite/integration-arquillian-servers-auth-server-quarkus/999.0.0-SNAPSHOT/integration-arquillian-servers-auth-server-quarkus-999.0.0-SNAPSHOT.zip to /home/runner/work/keycloak/keycloak/testsuite/integration-arquillian/tests/base/target/containers with includes "" and excludes ""
Legacy Store IT (mssql)	Run base tests	2023-11-19T00:30:10.8637405Z -- [INFO] 
Legacy Store IT (mssql)	Run base tests	2023-11-19T00:30:10.8639850Z -- [INFO] --- dependency:3.1.2:unpack (unpack-app-server) @ integration-arquillian-tests-base ---
Legacy Store IT (mssql)	Run base tests	2023-11-19T00:30:10.8652812Z -- [INFO] Configured Artifact: org.keycloak.testsuite:integration-arquillian-servers-app-server-wildfly:999.0.0-SNAPSHOT:zip
Legacy Store IT (mssql)	Run base tests	2023-11-19T00:30:10.8766280Z -- [INFO] Unpacking /home/runner/.m2/repository/org/keycloak/testsuite/integration-arquillian-servers-app-server-wildfly/999.0.0-SNAPSHOT/integration-arquillian-servers-app-server-wildfly-999.0.0-SNAPSHOT.zip to /home/runner/work/keycloak/keycloak/testsuite/integration-arquillian/tests/base/target/containers with includes "" and excludes ""
Legacy Store IT (mssql)	Run base tests	2023-11-19T00:30:14.0236675Z -- [INFO] 
Legacy Store IT (mssql)	Run base tests	2023-11-19T00:30:14.0238627Z -- [INFO] --- dependency:3.1.2:copy (example-wars) @ integration-arquillian-tests-base ---
Legacy Store IT (mssql)	Run base tests	2023-11-19T00:30:14.0264494Z -- [INFO] Configured Artifact: org.keycloak.testsuite:hello-world-authz-service:999.0.0-SNAPSHOT:war
Legacy Store IT (mssql)	Run base tests	2023-11-19T00:30:14.0333819Z -- [INFO] Configured Artifact: org.keycloak.testsuite:servlet-authz-app:999.0.0-SNAPSHOT:war
Legacy Store IT (mssql)	Run base tests	2023-11-19T00:30:14.0418201Z -- [INFO] Configured Artifact: org.keycloak.testsuite:servlet-policy-enforcer:999.0.0-SNAPSHOT:war
Legacy Store IT (mssql)	Run base tests	2023-11-19T00:30:14.0508716Z -- [INFO] Configured Artifact: org.keycloak.testsuite:integration-arquillian-test-apps-cors-angular-product:999.0.0-SNAPSHOT:war
Legacy Store IT (mssql)	Run base tests	2023-11-19T00:30:14.0605576Z -- [INFO] Configured Artifact: org.keycloak.testsuite:integration-arquillian-test-apps-cors-database-service:999.0.0-SNAPSHOT:war
Legacy Store IT (mssql)	Run base tests	2023-11-19T00:30:14.0695095Z -- [INFO] Copying hello-world-authz-service-999.0.0-SNAPSHOT.war to /home/runner/work/keycloak/keycloak/testsuite/integration-arquillian/tests/base/target/examples/hello-world-authz-service-999.0.0-SNAPSHOT.war
Legacy Store IT (mssql)	Run base tests	2023-11-19T00:30:14.0722656Z -- [INFO] Copying servlet-authz-app-999.0.0-SNAPSHOT.war to /home/runner/work/keycloak/keycloak/testsuite/integration-arquillian/tests/base/target/examples/servlet-authz-app-999.0.0-SNAPSHOT.war
Legacy Store IT (mssql)	Run base tests	2023-11-19T00:30:14.0726946Z -- [INFO] Copying servlet-policy-enforcer-999.0.0-SNAPSHOT.war to /home/runner/work/keycloak/keycloak/testsuite/integration-arquillian/tests/base/target/examples/servlet-policy-enforcer-999.0.0-SNAPSHOT.war
Legacy Store IT (mssql)	Run base tests	2023-11-19T00:30:14.0732245Z -- [INFO] Copying integration-arquillian-test-apps-cors-angular-product-999.0.0-SNAPSHOT.war to /home/runner/work/keycloak/keycloak/testsuite/integration-arquillian/tests/base/target/examples/integration-arquillian-test-apps-cors-angular-product-999.0.0-SNAPSHOT.war
Legacy Store IT (mssql)	Run base tests	2023-11-19T00:30:14.0750626Z -- [INFO] Copying integration-arquillian-test-apps-cors-database-service-999.0.0-SNAPSHOT.war to /home/runner/work/keycloak/keycloak/testsuite/integration-arquillian/tests/base/target/examples/integration-arquillian-test-apps-cors-database-service-999.0.0-SNAPSHOT.war
Legacy Store IT (mssql)	Run base tests	2023-11-19T00:30:14.0753909Z -- [INFO] 
Legacy Store IT (mssql)	Run base tests	2023-11-19T00:30:14.0755394Z -- [INFO] --- dependency:3.1.2:unpack (test-apps-realms) @ integration-arquillian-tests-base ---
Legacy Store IT (mssql)	Run base tests	2023-11-19T00:30:14.0777938Z -- [INFO] Configured Artifact: org.keycloak.testsuite:integration-arquillian-test-apps-dist:999.0.0-SNAPSHOT:zip
Legacy Store IT (mssql)	Run base tests	2023-11-19T00:30:14.0882702Z -- [INFO] Unpacking /home/runner/.m2/repository/org/keycloak/testsuite/integration-arquillian-test-apps-dist/999.0.0-SNAPSHOT/integration-arquillian-test-apps-dist-999.0.0-SNAPSHOT.zip to /home/runner/work/keycloak/keycloak/testsuite/integration-arquillian/tests/base/target/examples with includes "**/*realm.json,**/*authz-service.json,**/testsaml.json,**/*-keycloak.json" and excludes ""
Legacy Store IT (mssql)	Run base tests	2023-11-19T00:30:14.1019373Z -- [INFO] 
Legacy Store IT (mssql)	Run base tests	2023-11-19T00:30:14.1021641Z -- [INFO] --- dependency:3.1.2:unpack (unpack-client-cli-dist) @ integration-arquillian-tests-base ---
Legacy Store IT (mssql)	Run base tests	2023-11-19T00:30:14.1032437Z -- [INFO] Configured Artifact: org.keycloak:keycloak-client-cli-dist:999.0.0-SNAPSHOT:zip
Legacy Store IT (mssql)	Run base tests	2023-11-19T00:30:14.1113730Z -- [INFO] Unpacking /home/runner/.m2/repository/org/keycloak/keycloak-client-cli-dist/999.0.0-SNAPSHOT/keycloak-client-cli-dist-999.0.0-SNAPSHOT.zip to /home/runner/work/keycloak/keycloak/testsuite/integration-arquillian/tests/base/target/containers with includes "" and excludes ""
Legacy Store IT (mssql)	Run base tests	2023-11-19T00:30:14.2994659Z -- [INFO] 
Legacy Store IT (mssql)	Run base tests	2023-11-19T00:30:14.2996620Z -- [INFO] --- dependency:3.1.2:copy-dependencies (copy-testsuite-providers-to-base-testsuite) @ integration-arquillian-tests-base ---
Legacy Store IT (mssql)	Run base tests	2023-11-19T00:30:14.3078802Z -- [INFO] Copying integration-arquillian-testsuite-providers-999.0.0-SNAPSHOT.jar to /home/runner/work/keycloak/keycloak/testsuite/integration-arquillian/tests/base/target/lib/integration-arquillian-testsuite-providers-999.0.0-SNAPSHOT.jar
Legacy Store IT (mssql)	Run base tests	2023-11-19T00:30:14.3085238Z -- [INFO] 
Legacy Store IT (mssql)	Run base tests	2023-11-19T00:30:14.3088000Z -- [INFO] --- resources:3.0.1:testResources (default-testResources) @ integration-arquillian-tests-base ---
Legacy Store IT (mssql)	Run base tests	2023-11-19T00:30:14.3130857Z -- [INFO] Using 'UTF-8' encoding to copy filtered resources.
Legacy Store IT (mssql)	Run base tests	2023-11-19T00:30:14.3227184Z -- [INFO] Copying 40 resources
Legacy Store IT (mssql)	Run base tests	2023-11-19T00:30:14.6672414Z -- [INFO] Copying 355 resources
Legacy Store IT (mssql)	Run base tests	2023-11-19T00:30:14.7531212Z -- [INFO] 
Legacy Store IT (mssql)	Run base tests	2023-11-19T00:30:14.7532813Z -- [INFO] --- antrun:1.8:run (clean-second-cache-server-arquillian-bug-workaround) @ integration-arquillian-tests-base ---
Legacy Store IT (mssql)	Run base tests	2023-11-19T00:30:14.7797014Z -- [INFO] Skipping Antrun execution
Legacy Store IT (mssql)	Run base tests	2023-11-19T00:30:14.8243590Z -- [INFO] 
Legacy Store IT (mssql)	Run base tests	2023-11-19T00:30:14.8244557Z -- [INFO] --- antrun:1.8:run (default) @ integration-arquillian-tests-base ---
Legacy Store IT (mssql)	Run base tests	2023-11-19T00:30:15.2413538Z -- [INFO] Executing tasks
Legacy Store IT (mssql)	Run base tests	2023-11-19T00:30:15.2415520Z -- 
Legacy Store IT (mssql)	Run base tests	2023-11-19T00:30:15.2416402Z -- main:
Legacy Store IT (mssql)	Run base tests	2023-11-19T00:30:15.2617498Z -- [INFO] Executed tasks
Legacy Store IT (mssql)	Run base tests	2023-11-19T00:30:15.2619635Z -- [INFO] 
Legacy Store IT (mssql)	Run base tests	2023-11-19T00:30:15.2621598Z -- [INFO] --- compiler:3.8.1:testCompile (default-testCompile) @ integration-arquillian-tests-base ---
Legacy Store IT (mssql)	Run base tests	2023-11-19T00:30:15.3479099Z -- [INFO] Changes detected - recompiling the module!
Legacy Store IT (mssql)	Run base tests	2023-11-19T00:30:15.3518689Z -- [INFO] Compiling 746 source files to /home/runner/work/keycloak/keycloak/testsuite/integration-arquillian/tests/base/target/test-classes
Legacy Store IT (mssql)	Run base tests	2023-11-19T00:30:28.8440505Z -- [WARNING] /home/runner/work/keycloak/keycloak/testsuite/integration-arquillian/tests/base/src/test/java/org/keycloak/testsuite/broker/KcOidcBrokerLoginHintTest.java:[6,30] junit.framework.Assert in junit.framework has been deprecated
Legacy Store IT (mssql)	Run base tests	2023-11-19T00:30:28.8475265Z -- [WARNING] /home/runner/work/keycloak/keycloak/testsuite/integration-arquillian/tests/base/src/test/java/org/keycloak/testsuite/broker/KcOidcBrokerLoginHintTest.java:[6,30] junit.framework.Assert in junit.framework has been deprecated
Legacy Store IT (mssql)	Run base tests	2023-11-19T00:30:28.8480339Z -- [WARNING] /home/runner/work/keycloak/keycloak/testsuite/integration-arquillian/tests/base/src/test/java/org/keycloak/testsuite/broker/KcOidcBrokerLoginHintTest.java:[6,30] junit.framework.Assert in junit.framework has been deprecated
Legacy Store IT (mssql)	Run base tests	2023-11-19T00:30:28.8485183Z -- [WARNING] /home/runner/work/keycloak/keycloak/testsuite/integration-arquillian/tests/base/src/test/java/org/keycloak/testsuite/util/AssertAdminEvents.java:[221,97] unchecked cast
Legacy Store IT (mssql)	Run base tests	2023-11-19T00:30:28.8487815Z --   required: java.util.List<org.keycloak.representations.idm.RoleRepresentation>
Legacy Store IT (mssql)	Run base tests	2023-11-19T00:30:28.8488967Z --   found:    java.lang.Object
Legacy Store IT (mssql)	Run base tests	2023-11-19T00:30:28.8492443Z -- [WARNING] /home/runner/work/keycloak/keycloak/testsuite/integration-arquillian/tests/base/src/test/java/org/keycloak/testsuite/broker/BrokerRunOnServerUtil.java:[147,45] removeExpired(org.keycloak.models.RealmModel) in org.keycloak.sessions.AuthenticationSessionProvider has been deprecated
Legacy Store IT (mssql)	Run base tests	2023-11-19T00:30:28.8497637Z -- [WARNING] /home/runner/work/keycloak/keycloak/testsuite/integration-arquillian/tests/base/src/test/java/org/keycloak/testsuite/AssertEvents.java:[97,89] isEmptyOrNullString() in org.hamcrest.Matchers has been deprecated
Legacy Store IT (mssql)	Run base tests	2023-11-19T00:30:28.8502821Z -- [WARNING] /home/runner/work/keycloak/keycloak/testsuite/integration-arquillian/tests/base/src/test/java/org/keycloak/testsuite/authz/adapter/example/AbstractServletPolicyEnforcerTest.java:[327,21] setUri(java.lang.String) in org.keycloak.representations.idm.authorization.ResourceRepresentation has been deprecated
Legacy Store IT (mssql)	Run base tests	2023-11-19T00:30:28.8508635Z -- [WARNING] /home/runner/work/keycloak/keycloak/testsuite/integration-arquillian/tests/base/src/test/java/org/keycloak/testsuite/authz/adapter/example/AbstractServletPolicyEnforcerTest.java:[334,32] getUri() in org.keycloak.representations.idm.authorization.ResourceRepresentation has been deprecated
Legacy Store IT (mssql)	Run base tests	2023-11-19T00:30:28.8514423Z -- [WARNING] /home/runner/work/keycloak/keycloak/testsuite/integration-arquillian/tests/base/src/test/java/org/keycloak/testsuite/authz/adapter/example/AbstractServletPolicyEnforcerTest.java:[340,32] getUri() in org.keycloak.representations.idm.authorization.ResourceRepresentation has been deprecated
Legacy Store IT (mssql)	Run base tests	2023-11-19T00:30:28.8520855Z -- [WARNING] /home/runner/work/keycloak/keycloak/testsuite/integration-arquillian/tests/base/src/test/java/org/keycloak/testsuite/authz/adapter/example/AbstractServletPolicyEnforcerTest.java:[346,32] getUri() in org.keycloak.representations.idm.authorization.ResourceRepresentation has been deprecated
Legacy Store IT (mssql)	Run base tests	2023-11-19T00:30:28.8556261Z -- [WARNING] /home/runner/work/keycloak/keycloak/testsuite/integration-arquillian/tests/base/src/test/java/org/keycloak/testsuite/authz/adapter/example/AbstractServletPolicyEnforcerTest.java:[366,21] setUri(java.lang.String) in org.keycloak.representations.idm.authorization.ResourceRepresentation has been deprecated
Legacy Store IT (mssql)	Run base tests	2023-11-19T00:30:28.8561687Z -- [WARNING] /home/runner/work/keycloak/keycloak/testsuite/integration-arquillian/tests/base/src/test/java/org/keycloak/testsuite/authz/AuthzClientTest.java:[18,67] none() in org.junit.rules.ExpectedException has been deprecated
Legacy Store IT (mssql)	Run base tests	2023-11-19T00:30:28.8566883Z -- [WARNING] /home/runner/work/keycloak/keycloak/testsuite/integration-arquillian/tests/base/src/test/java/org/keycloak/testsuite/authz/AuthorizationAPITest.java:[81,21] defaultRoles(java.lang.String...) in org.keycloak.testsuite.util.ClientBuilder has been deprecated
Legacy Store IT (mssql)	Run base tests	2023-11-19T00:30:28.8572544Z -- [WARNING] /home/runner/work/keycloak/keycloak/testsuite/integration-arquillian/tests/base/src/test/java/org/keycloak/testsuite/authz/AuthorizationAPITest.java:[87,21] defaultRoles(java.lang.String...) in org.keycloak.testsuite.util.ClientBuilder has been deprecated
Legacy Store IT (mssql)	Run base tests	2023-11-19T00:30:28.8577353Z -- [WARNING] /home/runner/work/keycloak/keycloak/testsuite/integration-arquillian/tests/base/src/test/java/org/keycloak/testsuite/model/ClientModelTest.java:[97,15] updateClient() in org.keycloak.models.ClientModel has been deprecated
Legacy Store IT (mssql)	Run base tests	2023-11-19T00:30:28.8581505Z -- [WARNING] /home/runner/work/keycloak/keycloak/testsuite/integration-arquillian/tests/base/src/test/java/org/keycloak/testsuite/client/ClientSecretRotationTest.java:[760,59] unchecked conversion
Legacy Store IT (mssql)	Run base tests	2023-11-19T00:30:28.8583964Z --   required: java.util.Map<java.lang.String,java.lang.String>
Legacy Store IT (mssql)	Run base tests	2023-11-19T00:30:28.8584818Z --   found:    java.util.Map
Legacy Store IT (mssql)	Run base tests	2023-11-19T00:30:28.8588048Z -- [WARNING] /home/runner/work/keycloak/keycloak/testsuite/integration-arquillian/tests/base/src/test/java/org/keycloak/testsuite/client/policies/AbstractClientPoliciesTest.java:[568,42] org.apache.http.impl.client.DefaultHttpClient in org.apache.http.impl.client has been deprecated
Legacy Store IT (mssql)	Run base tests	2023-11-19T00:30:28.8592848Z -- [WARNING] /home/runner/work/keycloak/keycloak/testsuite/integration-arquillian/tests/base/src/test/java/org/keycloak/testsuite/client/policies/AbstractClientPoliciesTest.java:[690,59] unchecked conversion
Legacy Store IT (mssql)	Run base tests	2023-11-19T00:30:28.8595400Z --   required: java.util.Map<java.lang.String,java.lang.String>
Legacy Store IT (mssql)	Run base tests	2023-11-19T00:30:28.8596336Z --   found:    java.util.Map
Legacy Store IT (mssql)	Run base tests	2023-11-19T00:30:28.8598827Z -- [WARNING] /home/runner/work/keycloak/keycloak/testsuite/integration-arquillian/tests/base/src/test/java/org/keycloak/testsuite/client/policies/AbstractClientPoliciesTest.java:[748,55] unchecked conversion
Legacy Store IT (mssql)	Run base tests	2023-11-19T00:30:28.8601537Z --   required: java.util.Map<java.lang.String,java.lang.String>
Legacy Store IT (mssql)	Run base tests	2023-11-19T00:30:28.8602604Z --   found:    java.util.Map
Legacy Store IT (mssql)	Run base tests	2023-11-19T00:30:28.8605062Z -- [WARNING] /home/runner/work/keycloak/keycloak/testsuite/integration-arquillian/tests/base/src/test/java/org/keycloak/testsuite/client/policies/AbstractClientPoliciesTest.java:[1083,104] unchecked cast
Legacy Store IT (mssql)	Run base tests	2023-11-19T00:30:28.8607599Z --   required: java.util.Collection<java.lang.String>
Legacy Store IT (mssql)	Run base tests	2023-11-19T00:30:28.8608368Z --   found:    java.util.List
Legacy Store IT (mssql)	Run base tests	2023-11-19T00:30:28.8610480Z -- [WARNING] /home/runner/work/keycloak/keycloak/testsuite/integration-arquillian/tests/base/src/test/java/org/keycloak/testsuite/saml/BrokerTest.java:[335,63] unchecked conversion
Legacy Store IT (mssql)	Run base tests	2023-11-19T00:30:28.8613041Z --   required: org.keycloak.saml.BaseSAML2BindingBuilder<org.keycloak.saml.BaseSAML2BindingBuilder>
Legacy Store IT (mssql)	Run base tests	2023-11-19T00:30:28.8614433Z --   found:    org.keycloak.saml.BaseSAML2BindingBuilder
Legacy Store IT (mssql)	Run base tests	2023-11-19T00:30:28.8618085Z -- [WARNING] /home/runner/work/keycloak/keycloak/testsuite/integration-arquillian/tests/base/src/test/java/org/keycloak/testsuite/migration/AbstractMigrationTest.java:[831,43] getExpiration() in org.keycloak.representations.JsonWebToken has been deprecated
Legacy Store IT (mssql)	Run base tests	2023-11-19T00:30:28.8624595Z -- [WARNING] /home/runner/work/keycloak/keycloak/testsuite/integration-arquillian/tests/base/src/test/java/org/keycloak/testsuite/authz/admin/ClaimInformationPointProviderTest.java:[176,30] unchecked call to create(java.util.Map<java.lang.String,java.lang.Object>) as a member of the raw type org.keycloak.adapters.authorization.cip.spi.ClaimInformationPointProviderFactory
Legacy Store IT (mssql)	Run base tests	2023-11-19T00:30:28.8630600Z -- [WARNING] /home/runner/work/keycloak/keycloak/testsuite/integration-arquillian/tests/base/src/test/java/org/keycloak/testsuite/authz/admin/ClaimInformationPointProviderTest.java:[346,20] javax.security.cert.X509Certificate in javax.security.cert has been deprecated
Legacy Store IT (mssql)	Run base tests	2023-11-19T00:30:28.8635956Z -- [WARNING] /home/runner/work/keycloak/keycloak/testsuite/integration-arquillian/tests/base/src/test/java/org/keycloak/testsuite/authz/admin/ClaimInformationPointProviderTest.java:[347,28] javax.security.cert.X509Certificate in javax.security.cert has been deprecated
Legacy Store IT (mssql)	Run base tests	2023-11-19T00:30:28.8643009Z -- [WARNING] /home/runner/work/keycloak/keycloak/testsuite/integration-arquillian/tests/base/src/test/java/org/keycloak/testsuite/admin/UserFederationLdapConnectionTest.java:[82,25] testLDAPConnection(java.lang.String,java.lang.String,java.lang.String,java.lang.String,java.lang.String,java.lang.String) in org.keycloak.admin.client.resource.RealmResource has been deprecated
Legacy Store IT (mssql)	Run base tests	2023-11-19T00:30:28.8649371Z -- [WARNING] /home/runner/work/keycloak/keycloak/testsuite/integration-arquillian/tests/base/src/test/java/org/keycloak/testsuite/authz/admin/AbstractAuthorizationTest.java:[134,25] defaultRoles(java.lang.String...) in org.keycloak.testsuite.util.ClientBuilder has been deprecated
Legacy Store IT (mssql)	Run base tests	2023-11-19T00:30:28.8654512Z -- [WARNING] /home/runner/work/keycloak/keycloak/testsuite/integration-arquillian/tests/base/src/test/java/org/keycloak/testsuite/util/UserBuilder.java:[159,12] setTotp(java.lang.Boolean) in org.keycloak.representations.idm.UserRepresentation has been deprecated
Legacy Store IT (mssql)	Run base tests	2023-11-19T00:30:28.8659742Z -- [WARNING] /home/runner/work/keycloak/keycloak/testsuite/integration-arquillian/tests/base/src/test/java/org/keycloak/testsuite/util/UserBuilder.java:[176,12] setTotp(java.lang.Boolean) in org.keycloak.representations.idm.UserRepresentation has been deprecated
Legacy Store IT (mssql)	Run base tests	2023-11-19T00:30:28.8666012Z -- [WARNING] /home/runner/work/keycloak/keycloak/testsuite/integration-arquillian/tests/base/src/test/java/org/keycloak/testsuite/admin/PermissionsTest.java:[384,35] testLDAPConnection(java.lang.String,java.lang.String,java.lang.String,java.lang.String,java.lang.String,java.lang.String) in org.keycloak.admin.client.resource.RealmResource has been deprecated
Legacy Store IT (mssql)	Run base tests	2023-11-19T00:30:28.8672648Z -- [WARNING] /home/runner/work/keycloak/keycloak/testsuite/integration-arquillian/tests/base/src/test/java/org/keycloak/testsuite/admin/PermissionsTest.java:[680,83] unchecked method invocation: method createMapper in interface org.keycloak.admin.client.resource.ProtocolMappersResource is applied to given types
Legacy Store IT (mssql)	Run base tests	2023-11-19T00:30:28.8676474Z --   required: java.util.List<org.keycloak.representations.idm.ProtocolMapperRepresentation>
Legacy Store IT (mssql)	Run base tests	2023-11-19T00:30:28.8677725Z --   found:    java.util.List
Legacy Store IT (mssql)	Run base tests	2023-11-19T00:30:28.8679902Z -- [WARNING] /home/runner/work/keycloak/keycloak/testsuite/integration-arquillian/tests/base/src/test/java/org/keycloak/testsuite/admin/PermissionsTest.java:[680,95] unchecked conversion
Legacy Store IT (mssql)	Run base tests	2023-11-19T00:30:28.8682831Z --   required: java.util.List<org.keycloak.representations.idm.ProtocolMapperRepresentation>
Legacy Store IT (mssql)	Run base tests	2023-11-19T00:30:28.8683970Z --   found:    java.util.List
Legacy Store IT (mssql)	Run base tests	2023-11-19T00:30:28.8686815Z -- [WARNING] /home/runner/work/keycloak/keycloak/testsuite/integration-arquillian/tests/base/src/test/java/org/keycloak/testsuite/admin/PermissionsTest.java:[1549,48] resetPasswordEmail() in org.keycloak.admin.client.resource.UserResource has been deprecated
Legacy Store IT (mssql)	Run base tests	2023-11-19T00:30:28.8692761Z -- [WARNING] /home/runner/work/keycloak/keycloak/testsuite/integration-arquillian/tests/base/src/test/java/org/keycloak/testsuite/admin/PermissionsTest.java:[1819,64] getRealmLocalizationTexts(java.lang.String,java.lang.Boolean) in org.keycloak.admin.client.resource.RealmLocalizationResource has been deprecated
Legacy Store IT (mssql)	Run base tests	2023-11-19T00:30:28.8698215Z -- [WARNING] /home/runner/work/keycloak/keycloak/testsuite/integration-arquillian/tests/base/src/test/java/org/keycloak/testsuite/oauth/OfflineTokenTest.java:[259,37] getExpiration() in org.keycloak.representations.JsonWebToken has been deprecated
Legacy Store IT (mssql)	Run base tests	2023-11-19T00:30:28.8703145Z -- [WARNING] /home/runner/work/keycloak/keycloak/testsuite/integration-arquillian/tests/base/src/test/java/org/keycloak/testsuite/oauth/OfflineTokenTest.java:[355,44] getExpiration() in org.keycloak.representations.JsonWebToken has been deprecated
Legacy Store IT (mssql)	Run base tests	2023-11-19T00:30:28.8707948Z -- [WARNING] /home/runner/work/keycloak/keycloak/testsuite/integration-arquillian/tests/base/src/test/java/org/keycloak/testsuite/oauth/OfflineTokenTest.java:[390,44] getExpiration() in org.keycloak.representations.JsonWebToken has been deprecated
Legacy Store IT (mssql)	Run base tests	2023-11-19T00:30:28.8713239Z -- [WARNING] /home/runner/work/keycloak/keycloak/testsuite/integration-arquillian/tests/base/src/test/java/org/keycloak/testsuite/oauth/OfflineTokenTest.java:[439,44] getExpiration() in org.keycloak.representations.JsonWebToken has been deprecated
Legacy Store IT (mssql)	Run base tests	2023-11-19T00:30:28.8718158Z -- [WARNING] /home/runner/work/keycloak/keycloak/testsuite/integration-arquillian/tests/base/src/test/java/org/keycloak/testsuite/oauth/OfflineTokenTest.java:[675,37] getExpiration() in org.keycloak.representations.JsonWebToken has been deprecated
Legacy Store IT (mssql)	Run base tests	2023-11-19T00:30:28.8723392Z -- [WARNING] /home/runner/work/keycloak/keycloak/testsuite/integration-arquillian/tests/base/src/test/java/org/keycloak/testsuite/oauth/OfflineTokenTest.java:[712,38] getExpiration() in org.keycloak.representations.JsonWebToken has been deprecated
Legacy Store IT (mssql)	Run base tests	2023-11-19T00:30:28.8728354Z -- [WARNING] /home/runner/work/keycloak/keycloak/testsuite/integration-arquillian/tests/base/src/test/java/org/keycloak/testsuite/oauth/OfflineTokenTest.java:[974,44] getExpiration() in org.keycloak.representations.JsonWebToken has been deprecated
Legacy Store IT (mssql)	Run base tests	2023-11-19T00:30:28.8733621Z -- [WARNING] /home/runner/work/keycloak/keycloak/testsuite/integration-arquillian/tests/base/src/test/java/org/keycloak/testsuite/authz/AuthzClientCredentialsTest.java:[335,25] defaultRoles(java.lang.String...) in org.keycloak.testsuite.util.ClientBuilder has been deprecated
Legacy Store IT (mssql)	Run base tests	2023-11-19T00:30:28.8739054Z -- [WARNING] /home/runner/work/keycloak/keycloak/testsuite/integration-arquillian/tests/base/src/test/java/org/keycloak/testsuite/cluster/AbstractInvalidationClusterTest.java:[178,41] unchecked method invocation: method sort in class java.util.Collections is applied to given types
Legacy Store IT (mssql)	Run base tests	2023-11-19T00:30:28.8742182Z --   required: java.util.List<T>
Legacy Store IT (mssql)	Run base tests	2023-11-19T00:30:28.8742881Z --   found:    java.util.List
Legacy Store IT (mssql)	Run base tests	2023-11-19T00:30:28.8745329Z -- [WARNING] /home/runner/work/keycloak/keycloak/testsuite/integration-arquillian/tests/base/src/test/java/org/keycloak/testsuite/cluster/AbstractInvalidationClusterTest.java:[178,42] unchecked conversion
Legacy Store IT (mssql)	Run base tests	2023-11-19T00:30:28.8747813Z --   required: java.util.List<T>
Legacy Store IT (mssql)	Run base tests	2023-11-19T00:30:28.8748469Z --   found:    java.util.List
Legacy Store IT (mssql)	Run base tests	2023-11-19T00:30:28.8751929Z -- [WARNING] /home/runner/work/keycloak/keycloak/testsuite/integration-arquillian/tests/base/src/test/java/org/keycloak/testsuite/saml/RoleMapperTest.java:[74,34] unchecked method invocation: method setDefaultClientScopes in class org.keycloak.testsuite.updaters.ClientAttributeUpdater is applied to given types
Legacy Store IT (mssql)	Run base tests	2023-11-19T00:30:28.8755220Z --   required: java.util.List<java.lang.String>
Legacy Store IT (mssql)	Run base tests	2023-11-19T00:30:28.8755995Z --   found:    java.util.List
Legacy Store IT (mssql)	Run base tests	2023-11-19T00:30:28.8758199Z -- [WARNING] /home/runner/work/keycloak/keycloak/testsuite/integration-arquillian/tests/base/src/test/java/org/keycloak/testsuite/saml/RoleMapperTest.java:[74,46] unchecked conversion
Legacy Store IT (mssql)	Run base tests	2023-11-19T00:30:28.8760804Z --   required: java.util.List<java.lang.String>
Legacy Store IT (mssql)	Run base tests	2023-11-19T00:30:28.8761590Z --   found:    java.util.List
Legacy Store IT (mssql)	Run base tests	2023-11-19T00:30:28.8765030Z -- [WARNING] /home/runner/work/keycloak/keycloak/testsuite/integration-arquillian/tests/base/src/test/java/org/keycloak/testsuite/oidc/OIDCAdvancedRequestParamsTest.java:[207,31] getAuthTime() in org.keycloak.representations.IDToken has been deprecated
Legacy Store IT (mssql)	Run base tests	2023-11-19T00:30:28.8770102Z -- [WARNING] /home/runner/work/keycloak/keycloak/testsuite/integration-arquillian/tests/base/src/test/java/org/keycloak/testsuite/oidc/OIDCAdvancedRequestParamsTest.java:[227,38] getAuthTime() in org.keycloak.representations.IDToken has been deprecated
Legacy Store IT (mssql)	Run base tests	2023-11-19T00:30:28.8775164Z -- [WARNING] /home/runner/work/keycloak/keycloak/testsuite/integration-arquillian/tests/base/src/test/java/org/keycloak/testsuite/oidc/OIDCAdvancedRequestParamsTest.java:[240,31] getAuthTime() in org.keycloak.representations.IDToken has been deprecated
Legacy Store IT (mssql)	Run base tests	2023-11-19T00:30:28.8780193Z -- [WARNING] /home/runner/work/keycloak/keycloak/testsuite/integration-arquillian/tests/base/src/test/java/org/keycloak/testsuite/oidc/OIDCAdvancedRequestParamsTest.java:[257,38] getAuthTime() in org.keycloak.representations.IDToken has been deprecated
Legacy Store IT (mssql)	Run base tests	2023-11-19T00:30:28.8785514Z -- [WARNING] /home/runner/work/keycloak/keycloak/testsuite/integration-arquillian/tests/base/src/test/java/org/keycloak/testsuite/oidc/OIDCAdvancedRequestParamsTest.java:[291,31] getAuthTime() in org.keycloak.representations.IDToken has been deprecated
Legacy Store IT (mssql)	Run base tests	2023-11-19T00:30:28.8790443Z -- [WARNING] /home/runner/work/keycloak/keycloak/testsuite/integration-arquillian/tests/base/src/test/java/org/keycloak/testsuite/oidc/OIDCAdvancedRequestParamsTest.java:[302,32] getAuthTime() in org.keycloak.representations.IDToken has been deprecated
Legacy Store IT (mssql)	Run base tests	2023-11-19T00:30:28.8795332Z -- [WARNING] /home/runner/work/keycloak/keycloak/testsuite/integration-arquillian/tests/base/src/test/java/org/keycloak/testsuite/oidc/OIDCAdvancedRequestParamsTest.java:[381,39] getAuthTime() in org.keycloak.representations.IDToken has been deprecated
Legacy Store IT (mssql)	Run base tests	2023-11-19T00:30:28.8800028Z -- [WARNING] /home/runner/work/keycloak/keycloak/testsuite/integration-arquillian/tests/base/src/test/java/org/keycloak/testsuite/oidc/OIDCAdvancedRequestParamsTest.java:[381,65] getAuthTime() in org.keycloak.representations.IDToken has been deprecated
Legacy Store IT (mssql)	Run base tests	2023-11-19T00:30:28.8805102Z -- [WARNING] /home/runner/work/keycloak/keycloak/testsuite/integration-arquillian/tests/base/src/test/java/org/keycloak/testsuite/oidc/OIDCAdvancedRequestParamsTest.java:[397,87] getAuthTime() in org.keycloak.representations.IDToken has been deprecated
Legacy Store IT (mssql)	Run base tests	2023-11-19T00:30:28.8810072Z -- [WARNING] /home/runner/work/keycloak/keycloak/testsuite/integration-arquillian/tests/base/src/test/java/org/keycloak/testsuite/oidc/OIDCAdvancedRequestParamsTest.java:[397,137] getAuthTime() in org.keycloak.representations.IDToken has been deprecated
Legacy Store IT (mssql)	Run base tests	2023-11-19T00:30:28.8815110Z -- [WARNING] /home/runner/work/keycloak/keycloak/testsuite/integration-arquillian/tests/base/src/test/java/org/keycloak/testsuite/oidc/OIDCAdvancedRequestParamsTest.java:[398,27] getAuthTime() in org.keycloak.representations.IDToken has been deprecated
Legacy Store IT (mssql)	Run base tests	2023-11-19T00:30:28.8819886Z -- [WARNING] /home/runner/work/keycloak/keycloak/testsuite/integration-arquillian/tests/base/src/test/java/org/keycloak/testsuite/oidc/OIDCAdvancedRequestParamsTest.java:[398,60] getAuthTime() in org.keycloak.representations.IDToken has been deprecated
Legacy Store IT (mssql)	Run base tests	2023-11-19T00:30:28.8825084Z -- [WARNING] /home/runner/work/keycloak/keycloak/testsuite/integration-arquillian/tests/base/src/test/java/org/keycloak/testsuite/oidc/OIDCAdvancedRequestParamsTest.java:[1424,58] getKeysForUse(org.keycloak.jose.jwk.JSONWebKeySet,org.keycloak.jose.jwk.JWK.Use) in org.keycloak.util.JWKSUtils has been deprecated
Legacy Store IT (mssql)	Run base tests	2023-11-19T00:30:28.8830705Z -- [WARNING] /home/runner/work/keycloak/keycloak/testsuite/integration-arquillian/tests/base/src/test/java/org/keycloak/testsuite/oidc/OIDCAdvancedRequestParamsTest.java:[1511,58] getKeysForUse(org.keycloak.jose.jwk.JSONWebKeySet,org.keycloak.jose.jwk.JWK.Use) in org.keycloak.util.JWKSUtils has been deprecated
Legacy Store IT (mssql)	Run base tests	2023-11-19T00:30:28.8835842Z -- [WARNING] /home/runner/work/keycloak/keycloak/testsuite/integration-arquillian/tests/base/src/test/java/org/keycloak/testsuite/crossdc/AbstractAdminCrossDCTest.java:[97,50] unchecked cast
Legacy Store IT (mssql)	Run base tests	2023-11-19T00:30:28.8838052Z --   required: T
Legacy Store IT (mssql)	Run base tests	2023-11-19T00:30:28.8838563Z --   found:    java.lang.Comparable
Legacy Store IT (mssql)	Run base tests	2023-11-19T00:30:28.8840694Z -- [WARNING] /home/runner/work/keycloak/keycloak/testsuite/integration-arquillian/tests/base/src/test/java/org/keycloak/testsuite/crossdc/AbstractAdminCrossDCTest.java:[101,54] unchecked cast
Legacy Store IT (mssql)	Run base tests	2023-11-19T00:30:28.8843169Z --   required: T
Legacy Store IT (mssql)	Run base tests	2023-11-19T00:30:28.8843706Z --   found:    java.lang.Comparable
Legacy Store IT (mssql)	Run base tests	2023-11-19T00:30:28.8846830Z -- [WARNING] /home/runner/work/keycloak/keycloak/testsuite/integration-arquillian/tests/base/src/test/java/org/keycloak/testsuite/crossdc/InvalidationCrossDCTest.java:[200,59] getUri() in org.keycloak.representations.idm.authorization.ResourceRepresentation has been deprecated
Legacy Store IT (mssql)	Run base tests	2023-11-19T00:30:28.8852367Z -- [WARNING] /home/runner/work/keycloak/keycloak/testsuite/integration-arquillian/tests/base/src/test/java/org/keycloak/testsuite/crossdc/InvalidationCrossDCTest.java:[201,59] getUri() in org.keycloak.representations.idm.authorization.ResourceRepresentation has been deprecated
Legacy Store IT (mssql)	Run base tests	2023-11-19T00:30:28.8858430Z -- [WARNING] /home/runner/work/keycloak/keycloak/testsuite/integration-arquillian/tests/base/src/test/java/org/keycloak/testsuite/crossdc/InvalidationCrossDCTest.java:[204,15] setUri(java.lang.String) in org.keycloak.representations.idm.authorization.ResourceRepresentation has been deprecated
Legacy Store IT (mssql)	Run base tests	2023-11-19T00:30:28.8864101Z -- [WARNING] /home/runner/work/keycloak/keycloak/testsuite/integration-arquillian/tests/base/src/test/java/org/keycloak/testsuite/crossdc/InvalidationCrossDCTest.java:[209,65] getUri() in org.keycloak.representations.idm.authorization.ResourceRepresentation has been deprecated
Legacy Store IT (mssql)	Run base tests	2023-11-19T00:30:28.8869675Z -- [WARNING] /home/runner/work/keycloak/keycloak/testsuite/integration-arquillian/tests/base/src/test/java/org/keycloak/testsuite/crossdc/InvalidationCrossDCTest.java:[215,70] getUri() in org.keycloak.representations.idm.authorization.ResourceRepresentation has been deprecated
Legacy Store IT (mssql)	Run base tests	2023-11-19T00:30:28.8875393Z -- [WARNING] /home/runner/work/keycloak/keycloak/testsuite/integration-arquillian/tests/base/src/test/java/org/keycloak/testsuite/authz/admin/GenericPolicyManagementTest.java:[147,25] unchecked call to ArrayList(java.util.Collection<? extends E>) as a member of the raw type java.util.ArrayList
Legacy Store IT (mssql)	Run base tests	2023-11-19T00:30:28.8881050Z -- [WARNING] /home/runner/work/keycloak/keycloak/testsuite/integration-arquillian/tests/base/src/test/java/org/keycloak/testsuite/authz/admin/ResourceManagementTest.java:[59,44] getUri() in org.keycloak.representations.idm.authorization.ResourceRepresentation has been deprecated
Legacy Store IT (mssql)	Run base tests	2023-11-19T00:30:28.8887090Z -- [WARNING] /home/runner/work/keycloak/keycloak/testsuite/integration-arquillian/tests/base/src/test/java/org/keycloak/testsuite/authz/admin/ResourceManagementTest.java:[268,17] setUri(java.lang.String) in org.keycloak.representations.idm.authorization.ResourceRepresentation has been deprecated
Legacy Store IT (mssql)	Run base tests	2023-11-19T00:30:28.8892878Z -- [WARNING] /home/runner/work/keycloak/keycloak/testsuite/integration-arquillian/tests/base/src/test/java/org/keycloak/testsuite/authz/admin/ResourceManagementTest.java:[280,41] getUri() in org.keycloak.representations.idm.authorization.ResourceRepresentation has been deprecated
Legacy Store IT (mssql)	Run base tests	2023-11-19T00:30:28.8898461Z -- [WARNING] /home/runner/work/keycloak/keycloak/testsuite/integration-arquillian/tests/base/src/test/java/org/keycloak/testsuite/authz/admin/ResourceManagementTest.java:[382,20] setUri(java.lang.String) in org.keycloak.representations.idm.authorization.ResourceRepresentation has been deprecated
Legacy Store IT (mssql)	Run base tests	2023-11-19T00:30:28.8903964Z -- [WARNING] /home/runner/work/keycloak/keycloak/testsuite/integration-arquillian/tests/base/src/test/java/org/keycloak/testsuite/authz/AbstractResourceServerTest.java:[78,25] defaultRoles(java.lang.String...) in org.keycloak.testsuite.util.ClientBuilder has been deprecated
Legacy Store IT (mssql)	Run base tests	2023-11-19T00:30:28.8909761Z -- [WARNING] /home/runner/work/keycloak/keycloak/testsuite/integration-arquillian/tests/base/src/test/java/org/keycloak/testsuite/oauth/ClientAuthSignedJWTTest.java:[1417,42] org.apache.http.impl.client.DefaultHttpClient in org.apache.http.impl.client has been deprecated
Legacy Store IT (mssql)	Run base tests	2023-11-19T00:30:28.8914240Z -- [WARNING] /home/runner/work/keycloak/keycloak/testsuite/integration-arquillian/tests/base/src/test/java/org/keycloak/testsuite/oauth/ClientAuthSignedJWTTest.java:[1512,53] issuedAt(int) in org.keycloak.representations.JsonWebToken has been deprecated
Legacy Store IT (mssql)	Run base tests	2023-11-19T00:30:28.8919285Z -- [WARNING] /home/runner/work/keycloak/keycloak/testsuite/integration-arquillian/tests/base/src/test/java/org/keycloak/testsuite/oauth/ClientAuthSignedJWTTest.java:[1513,55] expiration(int) in org.keycloak.representations.JsonWebToken has been deprecated
Legacy Store IT (mssql)	Run base tests	2023-11-19T00:30:28.8924627Z -- [WARNING] /home/runner/work/keycloak/keycloak/testsuite/integration-arquillian/tests/base/src/test/java/org/keycloak/testsuite/oauth/ClientAuthSignedJWTTest.java:[1514,54] notBefore(int) in org.keycloak.representations.JsonWebToken has been deprecated
Legacy Store IT (mssql)	Run base tests	2023-11-19T00:30:28.8930009Z -- [WARNING] /home/runner/work/keycloak/keycloak/testsuite/integration-arquillian/tests/base/src/test/java/org/keycloak/testsuite/oauth/ClientAuthSignedJWTTest.java:[1627,17] issuedAt(int) in org.keycloak.representations.JsonWebToken has been deprecated
Legacy Store IT (mssql)	Run base tests	2023-11-19T00:30:28.8935082Z -- [WARNING] /home/runner/work/keycloak/keycloak/testsuite/integration-arquillian/tests/base/src/test/java/org/keycloak/testsuite/oauth/ClientAuthSignedJWTTest.java:[1628,17] expiration(int) in org.keycloak.representations.JsonWebToken has been deprecated
Legacy Store IT (mssql)	Run base tests	2023-11-19T00:30:28.8940088Z -- [WARNING] /home/runner/work/keycloak/keycloak/testsuite/integration-arquillian/tests/base/src/test/java/org/keycloak/testsuite/oauth/ClientAuthSignedJWTTest.java:[1629,17] notBefore(int) in org.keycloak.representations.JsonWebToken has been deprecated
Legacy Store IT (mssql)	Run base tests	2023-11-19T00:30:28.8945889Z -- [WARNING] /home/runner/work/keycloak/keycloak/testsuite/integration-arquillian/tests/base/src/test/java/org/keycloak/testsuite/adapter/AbstractAdapterClusteredTest.java:[102,23] ProxyHandler(io.undertow.server.handlers.proxy.ProxyClient,int,io.undertow.server.HttpHandler) in io.undertow.server.handlers.proxy.ProxyHandler has been deprecated
Legacy Store IT (mssql)	Run base tests	2023-11-19T00:30:28.8951737Z -- [WARNING] /home/runner/work/keycloak/keycloak/testsuite/integration-arquillian/tests/base/src/test/java/org/keycloak/testsuite/federation/storage/ClientStorageTest.java:[498,44] getExpiration() in org.keycloak.representations.JsonWebToken has been deprecated
Legacy Store IT (mssql)	Run base tests	2023-11-19T00:30:28.8956810Z -- [WARNING] /home/runner/work/keycloak/keycloak/testsuite/integration-arquillian/tests/base/src/test/java/org/keycloak/testsuite/admin/group/AbstractGroupTest.java:[77,49] org.keycloak.RSATokenVerifier in org.keycloak has been deprecated
Legacy Store IT (mssql)	Run base tests	2023-11-19T00:30:28.8962326Z -- [WARNING] /home/runner/work/keycloak/keycloak/testsuite/integration-arquillian/tests/base/src/test/java/org/keycloak/testsuite/composites/CompositeRoleTest.java:[119,17] defaultRoles(java.lang.String...) in org.keycloak.testsuite.util.ClientBuilder has been deprecated
Legacy Store IT (mssql)	Run base tests	2023-11-19T00:30:28.8967380Z -- [WARNING] /home/runner/work/keycloak/keycloak/testsuite/integration-arquillian/tests/base/src/test/java/org/keycloak/testsuite/composites/CompositeRoleTest.java:[139,17] defaultRoles(java.lang.String...) in org.keycloak.testsuite.util.ClientBuilder has been deprecated
Legacy Store IT (mssql)	Run base tests	2023-11-19T00:30:28.8972926Z -- [WARNING] /home/runner/work/keycloak/keycloak/testsuite/integration-arquillian/tests/base/src/test/java/org/keycloak/testsuite/forms/LevelOfAssuranceFlowTest.java:[598,91] STORE_IN_USER_SESSION in org.keycloak.authentication.authenticators.conditional.ConditionalLoaAuthenticator has been deprecated
Legacy Store IT (mssql)	Run base tests	2023-11-19T00:30:28.8979671Z -- [WARNING] /home/runner/work/keycloak/keycloak/testsuite/integration-arquillian/tests/base/src/test/java/org/keycloak/testsuite/forms/LevelOfAssuranceFlowTest.java:[610,91] STORE_IN_USER_SESSION in org.keycloak.authentication.authenticators.conditional.ConditionalLoaAuthenticator has been deprecated
Legacy Store IT (mssql)	Run base tests	2023-11-19T00:30:28.8985630Z -- [WARNING] /home/runner/work/keycloak/keycloak/testsuite/integration-arquillian/tests/base/src/test/java/org/keycloak/testsuite/forms/LevelOfAssuranceFlowTest.java:[622,91] STORE_IN_USER_SESSION in org.keycloak.authentication.authenticators.conditional.ConditionalLoaAuthenticator has been deprecated
Legacy Store IT (mssql)	Run base tests	2023-11-19T00:30:28.8991332Z -- [WARNING] /home/runner/work/keycloak/keycloak/testsuite/integration-arquillian/tests/base/src/test/java/org/keycloak/testsuite/authz/admin/AbstractPolicyManagementTest.java:[74,25] defaultRoles(java.lang.String...) in org.keycloak.testsuite.util.ClientBuilder has been deprecated
Legacy Store IT (mssql)	Run base tests	2023-11-19T00:30:28.8996368Z -- [WARNING] /home/runner/work/keycloak/keycloak/testsuite/integration-arquillian/tests/base/src/test/java/org/keycloak/testsuite/x509/AbstractX509AuthenticationTest.java:[556,86] isEmptyOrNullString() in org.hamcrest.Matchers has been deprecated
Legacy Store IT (mssql)	Run base tests	2023-11-19T00:30:28.9002631Z -- [WARNING] /home/runner/work/keycloak/keycloak/testsuite/integration-arquillian/tests/base/src/test/java/org/keycloak/testsuite/authz/adapter/example/AbstractServletAuthzAdapterTest.java:[57,21] setUri(java.lang.String) in org.keycloak.representations.idm.authorization.ResourceRepresentation has been deprecated
Legacy Store IT (mssql)	Run base tests	2023-11-19T00:30:28.9007797Z -- [WARNING] /home/runner/work/keycloak/keycloak/testsuite/integration-arquillian/tests/base/src/test/java/org/keycloak/testsuite/authz/adapter/example/ServletAuthzCIPAdapterTest.java:[83,40] unchecked conversion
Legacy Store IT (mssql)	Run base tests	2023-11-19T00:30:28.9010441Z --   required: java.util.Map<java.lang.String,java.lang.String>
Legacy Store IT (mssql)	Run base tests	2023-11-19T00:30:28.9011319Z --   found:    java.util.HashMap
Legacy Store IT (mssql)	Run base tests	2023-11-19T00:30:28.9013827Z -- [WARNING] /home/runner/work/keycloak/keycloak/testsuite/integration-arquillian/tests/base/src/test/java/org/keycloak/testsuite/authz/adapter/example/ServletAuthzCIPAdapterTest.java:[92,35] unchecked conversion
Legacy Store IT (mssql)	Run base tests	2023-11-19T00:30:28.9016406Z --   required: java.util.Map<java.lang.String,java.lang.String>
Legacy Store IT (mssql)	Run base tests	2023-11-19T00:30:28.9017252Z --   found:    java.util.Map
Legacy Store IT (mssql)	Run base tests	2023-11-19T00:30:28.9020111Z -- [WARNING] /home/runner/work/keycloak/keycloak/testsuite/integration-arquillian/tests/base/src/test/java/org/keycloak/testsuite/federation/kerberos/AbstractKerberosTest.java:[220,16] unchecked call to put(K,V) as a member of the raw type java.util.Hashtable
Legacy Store IT (mssql)	Run base tests	2023-11-19T00:30:28.9025272Z -- [WARNING] /home/runner/work/keycloak/keycloak/testsuite/integration-arquillian/tests/base/src/test/java/org/keycloak/testsuite/federation/kerberos/AbstractKerberosTest.java:[221,16] unchecked call to put(K,V) as a member of the raw type java.util.Hashtable
Legacy Store IT (mssql)	Run base tests	2023-11-19T00:30:28.9030156Z -- [WARNING] /home/runner/work/keycloak/keycloak/testsuite/integration-arquillian/tests/base/src/test/java/org/keycloak/testsuite/federation/kerberos/AbstractKerberosTest.java:[224,20] unchecked call to put(K,V) as a member of the raw type java.util.Hashtable
Legacy Store IT (mssql)	Run base tests	2023-11-19T00:30:28.9035154Z -- [WARNING] /home/runner/work/keycloak/keycloak/testsuite/integration-arquillian/tests/base/src/test/java/org/keycloak/testsuite/federation/kerberos/AbstractKerberosTest.java:[225,20] unchecked call to put(K,V) as a member of the raw type java.util.Hashtable
Legacy Store IT (mssql)	Run base tests	2023-11-19T00:30:28.9040757Z -- [WARNING] /home/runner/work/keycloak/keycloak/testsuite/integration-arquillian/tests/base/src/test/java/org/keycloak/testsuite/federation/kerberos/AbstractKerberosTest.java:[322,52] parse(java.net.URI,java.lang.String) in org.apache.http.client.utils.URLEncodedUtils has been deprecated
Legacy Store IT (mssql)	Run base tests	2023-11-19T00:30:28.9046715Z -- [WARNING] /home/runner/work/keycloak/keycloak/testsuite/integration-arquillian/tests/base/src/test/java/org/keycloak/testsuite/migration/cluster/SerializableTestClass.java:[26,2] org.infinispan.commons.marshall.SerializeWith in org.infinispan.commons.marshall has been deprecated
Legacy Store IT (mssql)	Run base tests	2023-11-19T00:30:28.9052851Z -- [WARNING] /home/runner/work/keycloak/keycloak/testsuite/integration-arquillian/tests/base/src/test/java/org/keycloak/testsuite/migration/cluster/SerializableTestClass.java:[26,2] org.infinispan.commons.marshall.SerializeWith in org.infinispan.commons.marshall has been deprecated
Legacy Store IT (mssql)	Run base tests	2023-11-19T00:30:28.9058295Z -- [INFO] /home/runner/work/keycloak/keycloak/testsuite/integration-arquillian/tests/base/src/test/java/org/keycloak/testsuite/migration/cluster/SerializableTestClass.java: Some input files additionally use or override a deprecated API.
Legacy Store IT (mssql)	Run base tests	2023-11-19T00:30:28.9063203Z -- [INFO] /home/runner/work/keycloak/keycloak/testsuite/integration-arquillian/tests/base/src/test/java/org/keycloak/testsuite/script/DeployedSAMLScriptMapperTest.java: Some input files additionally use unchecked or unsafe operations.
Legacy Store IT (mssql)	Run base tests	2023-11-19T00:30:28.9065819Z -- [INFO] 
Legacy Store IT (mssql)	Run base tests	2023-11-19T00:30:28.9067028Z -- [INFO] --- shrinkwrap-resolver:3.1.4:propagate-execution-context (default) @ integration-arquillian-tests-base ---
Legacy Store IT (mssql)	Run base tests	2023-11-19T00:30:28.9185567Z -- [INFO] 
Legacy Store IT (mssql)	Run base tests	2023-11-19T00:30:28.9186691Z -- [INFO] --- docker:0.40.3:start (start-db-container) @ integration-arquillian-tests-base ---
Legacy Store IT (mssql)	Run base tests	2023-11-19T00:30:29.8794622Z -- [INFO] DOCKER> Pulling from mssql/server
Legacy Store IT (mssql)	Run base tests	2023-11-19T00:30:47.7641469Z -- [INFO] DOCKER> Digest: sha256:ffef32dda16cc5abd70db1d0654c01cbe9f7093d66e0c83ade20738156cb7d0e
Legacy Store IT (mssql)	Run base tests	2023-11-19T00:30:47.7652681Z -- [INFO] DOCKER> Status: Downloaded newer image for mcr.microsoft.com/mssql/server:2022-latest
Legacy Store IT (mssql)	Run base tests	2023-11-19T00:30:47.7666115Z -- [INFO] DOCKER> Pulled mcr.microsoft.com/mssql/server:2022-latest in 18 seconds 
Legacy Store IT (mssql)	Run base tests	2023-11-19T00:30:47.8181739Z -- [INFO] DOCKER> [mcr.microsoft.com/mssql/server:2022-latest] "testdb": Start container 73ebc8a318f6
Legacy Store IT (mssql)	Run base tests	2023-11-19T00:30:48.1880235Z -- testdb> SQL Server 2022 will run as non-root by default.
Legacy Store IT (mssql)	Run base tests	2023-11-19T00:30:48.1895300Z -- testdb> This container is running as user mssql.
Legacy Store IT (mssql)	Run base tests	2023-11-19T00:30:48.1902593Z -- testdb> To learn more visit https://go.microsoft.com/fwlink/?linkid=2099216.
Legacy Store IT (mssql)	Run base tests	2023-11-19T00:30:50.0612567Z -- testdb> 2023-11-19 00:30:50.04 Server      Setup step is copying system data file 'C:\templatedata\master.mdf' to '/var/opt/mssql/data/master.mdf'.
Legacy Store IT (mssql)	Run base tests	2023-11-19T00:30:50.0717473Z -- testdb> 
Legacy Store IT (mssql)	Run base tests	2023-11-19T00:30:50.0720950Z -- 2023-11-19 00:30:50.06 Server      Did not find an existing master data file /var/opt/mssql/data/master.mdf, copying the missing default master and other system database files. If you have moved the database location, but not moved the database files, startup may fail. To repair: shutdown SQL Server, move the master database to configured location, and restart.
Legacy Store IT (mssql)	Run base tests	2023-11-19T00:30:50.0730926Z -- testdb> 
Legacy Store IT (mssql)	Run base tests	2023-11-19T00:30:50.0732681Z -- 2023-11-19 00:30:50.06 Server      Setup step is copying system data file 'C:\templatedata\mastlog.ldf' to '/var/opt/mssql/data/mastlog.ldf'.
Legacy Store IT (mssql)	Run base tests	2023-11-19T00:30:50.0783441Z -- testdb> 
Legacy Store IT (mssql)	Run base tests	2023-11-19T00:30:50.0785528Z -- 2023-11-19 00:30:50.07 Server      Setup step is copying system data file 'C:\templatedata\model.mdf' to '/var/opt/mssql/data/model.mdf'.
Legacy Store IT (mssql)	Run base tests	2023-11-19T00:30:50.0883043Z -- testdb> 
Legacy Store IT (mssql)	Run base tests	2023-11-19T00:30:50.0884189Z -- 2023-11-19 00:30:50.08 Server      Setup step is copying system data file 'C:\templatedata\modellog.ldf' to '/var/opt/mssql/data/modellog.ldf'.
Legacy Store IT (mssql)	Run base tests	2023-11-19T00:30:50.1008079Z -- testdb> 
Legacy Store IT (mssql)	Run base tests	2023-11-19T00:30:50.1009047Z -- 2023-11-19 00:30:50.09 Server      Setup step is copying system data file 'C:\templatedata\msdbdata.mdf' to '/var/opt/mssql/data/msdbdata.mdf'.
Legacy Store IT (mssql)	Run base tests	2023-11-19T00:30:50.1151248Z -- testdb> 
Legacy Store IT (mssql)	Run base tests	2023-11-19T00:30:50.1152198Z -- 2023-11-19 00:30:50.10 Server      Setup step is copying system data file 'C:\templatedata\msdblog.ldf' to '/var/opt/mssql/data/msdblog.ldf'.
Legacy Store IT (mssql)	Run base tests	2023-11-19T00:30:50.1189336Z -- testdb> 
Legacy Store IT (mssql)	Run base tests	2023-11-19T00:30:50.1191280Z -- 2023-11-19 00:30:50.11 Server      Setup step is FORCE copying system data file 'C:\templatedata\model_replicatedmaster.mdf' to '/var/opt/mssql/data/model_replicatedmaster.mdf'.
Legacy Store IT (mssql)	Run base tests	2023-11-19T00:30:50.1254816Z -- testdb> 
Legacy Store IT (mssql)	Run base tests	2023-11-19T00:30:50.1256987Z -- 2023-11-19 00:30:50.11 Server      Setup step is FORCE copying system data file 'C:\templatedata\model_replicatedmaster.ldf' to '/var/opt/mssql/data/model_replicatedmaster.ldf'.
Legacy Store IT (mssql)	Run base tests	2023-11-19T00:30:50.1290969Z -- testdb> 
Legacy Store IT (mssql)	Run base tests	2023-11-19T00:30:50.1292239Z -- 2023-11-19 00:30:50.12 Server      Setup step is FORCE copying system data file 'C:\templatedata\model_msdbdata.mdf' to '/var/opt/mssql/data/model_msdbdata.mdf'.
Legacy Store IT (mssql)	Run base tests	2023-11-19T00:30:50.1440274Z -- testdb> 
Legacy Store IT (mssql)	Run base tests	2023-11-19T00:30:50.1441319Z -- 2023-11-19 00:30:50.13 Server      Setup step is FORCE copying system data file 'C:\templatedata\model_msdblog.ldf' to '/var/opt/mssql/data/model_msdblog.ldf'.
Legacy Store IT (mssql)	Run base tests	2023-11-19T00:30:50.1628866Z -- testdb> 
Legacy Store IT (mssql)	Run base tests	2023-11-19T00:30:50.1634878Z -- 2023-11-19 00:30:50.15 Server      Microsoft SQL Server 2022 (RTM-CU10) (KB5031778) - 16.0.4095.4 (X64)
Legacy Store IT (mssql)	Run base tests	2023-11-19T00:30:50.1636590Z -- testdb> 
Legacy Store IT (mssql)	Run base tests	2023-11-19T00:30:50.1644622Z -- 	Oct 30 2023 16:12:44
Legacy Store IT (mssql)	Run base tests	2023-11-19T00:30:50.1645474Z -- testdb> 
Legacy Store IT (mssql)	Run base tests	2023-11-19T00:30:50.1646094Z -- 	Copyright (C) 2022 Microsoft Corporation
Legacy Store IT (mssql)	Run base tests	2023-11-19T00:30:50.1646799Z -- testdb> 
Legacy Store IT (mssql)	Run base tests	2023-11-19T00:30:50.1647529Z -- 	Developer Edition (64-bit) on Linux (Ubuntu 22.04.3 LTS) <X64>
Legacy Store IT (mssql)	Run base tests	2023-11-19T00:30:50.1648955Z -- testdb> 
Legacy Store IT (mssql)	Run base tests	2023-11-19T00:30:50.1649688Z -- 2023-11-19 00:30:50.16 Server      UTC adjustment: 0:00
Legacy Store IT (mssql)	Run base tests	2023-11-19T00:30:50.1682871Z -- testdb> 
Legacy Store IT (mssql)	Run base tests	2023-11-19T00:30:50.1684489Z -- 2023-11-19 00:30:50.16 Server      (c) Microsoft Corporation.
Legacy Store IT (mssql)	Run base tests	2023-11-19T00:30:50.1693266Z -- testdb> 
Legacy Store IT (mssql)	Run base tests	2023-11-19T00:30:50.1702791Z -- 2023-11-19 00:30:50.16 Server      All rights reserved.
Legacy Store IT (mssql)	Run base tests	2023-11-19T00:30:50.1713391Z -- testdb> 
Legacy Store IT (mssql)	Run base tests	2023-11-19T00:30:50.1714672Z -- 2023-11-19 00:30:50.16 Server      Server process ID is 432.
Legacy Store IT (mssql)	Run base tests	2023-11-19T00:30:50.1715925Z -- testdb> 
Legacy Store IT (mssql)	Run base tests	2023-11-19T00:30:50.1717298Z -- 2023-11-19 00:30:50.16 Server      Logging SQL Server messages in file '/var/opt/mssql/log/errorlog'.
Legacy Store IT (mssql)	Run base tests	2023-11-19T00:30:50.1718998Z -- testdb> 
Legacy Store IT (mssql)	Run base tests	2023-11-19T00:30:50.1720065Z -- 2023-11-19 00:30:50.16 Server      Registry startup parameters:
Legacy Store IT (mssql)	Run base tests	2023-11-19T00:30:50.1721242Z -- testdb> 
Legacy Store IT (mssql)	Run base tests	2023-11-19T00:30:50.1722067Z -- 	 -d /var/opt/mssql/data/master.mdf
Legacy Store IT (mssql)	Run base tests	2023-11-19T00:30:50.1722898Z -- testdb> 
Legacy Store IT (mssql)	Run base tests	2023-11-19T00:30:50.1723745Z -- 	 -l /var/opt/mssql/data/mastlog.ldf
Legacy Store IT (mssql)	Run base tests	2023-11-19T00:30:50.1724635Z -- testdb> 
Legacy Store IT (mssql)	Run base tests	2023-11-19T00:30:50.1725362Z -- 	 -e /var/opt/mssql/log/errorlog
Legacy Store IT (mssql)	Run base tests	2023-11-19T00:30:50.1765552Z -- testdb> 
Legacy Store IT (mssql)	Run base tests	2023-11-19T00:30:50.1771078Z -- 2023-11-19 00:30:50.16 Server      SQL Server detected 1 sockets with 2 cores per socket and 4 logical processors per socket, 4 total logical processors; using 4 logical processors based on SQL Server licensing. This is an informational message; no user action is required.
Legacy Store IT (mssql)	Run base tests	2023-11-19T00:30:50.1783990Z -- testdb> 
Legacy Store IT (mssql)	Run base tests	2023-11-19T00:30:50.1785553Z -- 2023-11-19 00:30:50.17 Server      SQL Server is starting at normal priority base (=7). This is an informational message only. No user action is required.
Legacy Store IT (mssql)	Run base tests	2023-11-19T00:30:50.1787130Z -- testdb> 
Legacy Store IT (mssql)	Run base tests	2023-11-19T00:30:50.1788415Z -- 2023-11-19 00:30:50.17 Server      Detected 12785 MB of RAM. This is an informational message; no user action is required.
Legacy Store IT (mssql)	Run base tests	2023-11-19T00:30:50.1789804Z -- testdb> 
Legacy Store IT (mssql)	Run base tests	2023-11-19T00:30:50.1790852Z -- 2023-11-19 00:30:50.17 Server      Using conventional memory in the memory manager.
Legacy Store IT (mssql)	Run base tests	2023-11-19T00:30:50.1791894Z -- testdb> 
Legacy Store IT (mssql)	Run base tests	2023-11-19T00:30:50.1792790Z -- 2023-11-19 00:30:50.17 Server      Detected pause instruction latency: 73 cycles.
Legacy Store IT (mssql)	Run base tests	2023-11-19T00:30:50.1835788Z -- testdb> 
Legacy Store IT (mssql)	Run base tests	2023-11-19T00:30:50.1836736Z -- 2023-11-19 00:30:50.17 Server      Page exclusion bitmap is enabled.
Legacy Store IT (mssql)	Run base tests	2023-11-19T00:30:50.2156669Z -- testdb> 
Legacy Store IT (mssql)	Run base tests	2023-11-19T00:30:50.2163842Z -- 2023-11-19 00:30:50.20 Server      Buffer pool extension is not supported on Linux platform.
Legacy Store IT (mssql)	Run base tests	2023-11-19T00:30:50.2165008Z -- testdb> 
Legacy Store IT (mssql)	Run base tests	2023-11-19T00:30:50.2165980Z -- 2023-11-19 00:30:50.21 Server      Buffer Pool: Allocating 2097152 bytes for 1957903 hashPages.
Legacy Store IT (mssql)	Run base tests	2023-11-19T00:30:50.3221267Z -- testdb> 
Legacy Store IT (mssql)	Run base tests	2023-11-19T00:30:50.3222581Z -- 2023-11-19 00:30:50.31 Server      Buffer pool extension is already disabled. No action is necessary.
Legacy Store IT (mssql)	Run base tests	2023-11-19T00:30:50.6567731Z -- testdb> 
Legacy Store IT (mssql)	Run base tests	2023-11-19T00:30:50.6568738Z -- 2023-11-19 00:30:50.65 Server      Installing Client TLS certificates to the store.
Legacy Store IT (mssql)	Run base tests	2023-11-19T00:30:50.6660108Z -- testdb> 
Legacy Store IT (mssql)	Run base tests	2023-11-19T00:30:50.6662071Z -- 2023-11-19 00:30:50.66 Server      Error searching first file in /var/opt/mssql/security/ca-certificates: 3(The system cannot find the path specified.)
Legacy Store IT (mssql)	Run base tests	2023-11-19T00:30:50.6675502Z -- testdb> 
Legacy Store IT (mssql)	Run base tests	2023-11-19T00:30:50.6676777Z -- 2023-11-19 00:30:50.66 Server      CPU vectorization level(s) detected:  SSE SSE2 SSE3 SSSE3 SSE41 SSE42 AVX AVX2 POPCNT BMI1 BMI2
Legacy Store IT (mssql)	Run base tests	2023-11-19T00:30:50.7106197Z -- testdb> 
Legacy Store IT (mssql)	Run base tests	2023-11-19T00:30:50.7111489Z -- 2023-11-19 00:30:50.70 Server      Successfully initialized the TLS configuration. Allowed TLS protocol versions are ['1.0 1.1 1.2']. Allowed TLS ciphers are ['ECDHE-ECDSA-AES128-GCM-SHA256:ECDHE-ECDSA-AES256-GCM-SHA384:ECDHE-RSA-AES128-GCM-SHA256:ECDHE-RSA-AES256-GCM-SHA384:ECDHE-ECDSA-AES128-SHA256:ECDHE-ECDSA-AES256-SHA384:ECDHE-ECDSA-AES256-SHA:ECDHE-ECDSA-AES128-SHA:AES256-GCM-SHA384:AES128-GCM-SHA256:AES256-SHA256:AES128-SHA256:AES256-SHA:AES128-SHA:!DHE-RSA-AES256-GCM-SHA384:!DHE-RSA-AES128-GCM-SHA256:!DHE-RSA-AES256-SHA:!DHE-RSA-AES128-SHA'].
Legacy Store IT (mssql)	Run base tests	2023-11-19T00:30:50.7266947Z -- testdb> 
Legacy Store IT (mssql)	Run base tests	2023-11-19T00:30:50.7267635Z -- 2023-11-19 00:30:50.72 Server      Query Store settings initialized with enabled = 1,
Legacy Store IT (mssql)	Run base tests	2023-11-19T00:30:50.7357845Z -- testdb> 
Legacy Store IT (mssql)	Run base tests	2023-11-19T00:30:50.7358881Z -- 2023-11-19 00:30:50.73 Server      The maximum number of dedicated administrator connections for this instance is '1'
Legacy Store IT (mssql)	Run base tests	2023-11-19T00:30:50.7419522Z -- testdb> 
Legacy Store IT (mssql)	Run base tests	2023-11-19T00:30:50.7421282Z -- 2023-11-19 00:30:50.73 Server      Node configuration: node 0: CPU mask: 0x000000000000000f:0 Active CPU mask: 0x000000000000000f:0. This message provides a description of the NUMA configuration for this computer. This is an informational message only. No user action is required.
Legacy Store IT (mssql)	Run base tests	2023-11-19T00:30:50.7511482Z -- testdb> 
Legacy Store IT (mssql)	Run base tests	2023-11-19T00:30:50.7513579Z -- 2023-11-19 00:30:50.74 Server      Using dynamic lock allocation.  Initial allocation of 2500 Lock blocks and 5000 Lock Owner blocks per node.  This is an informational message only.  No user action is required.
Legacy Store IT (mssql)	Run base tests	2023-11-19T00:30:50.7734670Z -- testdb> 
Legacy Store IT (mssql)	Run base tests	2023-11-19T00:30:50.7735399Z -- 2023-11-19 00:30:50.76 Server      In-Memory OLTP initialized on lowend machine.
Legacy Store IT (mssql)	Run base tests	2023-11-19T00:30:50.7899397Z -- testdb> 
Legacy Store IT (mssql)	Run base tests	2023-11-19T00:30:50.7900184Z -- 2023-11-19 00:30:50.78 Server      [INFO] Created Extended Events session 'hkenginexesession'
Legacy Store IT (mssql)	Run base tests	2023-11-19T00:30:50.7950394Z -- testdb> 
Legacy Store IT (mssql)	Run base tests	2023-11-19T00:30:50.7952052Z -- 2023-11-19 00:30:50.78 Server      Database Instant File Initialization: enabled. For security and performance considerations see the topic 'Database Instant File Initialization' in SQL Server Books Online. This is an informational message only. No user action is required.
Legacy Store IT (mssql)	Run base tests	2023-11-19T00:30:50.8031307Z -- testdb> 
Legacy Store IT (mssql)	Run base tests	2023-11-19T00:30:50.8031937Z -- ForceFlush is enabled for this instance.
Legacy Store IT (mssql)	Run base tests	2023-11-19T00:30:50.8063159Z -- testdb> 
Legacy Store IT (mssql)	Run base tests	2023-11-19T00:30:50.8064470Z -- 2023-11-19 00:30:50.80 Server      Total Log Writer threads: 2. This is an informational message; no user action is required.
Legacy Store IT (mssql)	Run base tests	2023-11-19T00:30:50.8126852Z -- testdb> 
Legacy Store IT (mssql)	Run base tests	2023-11-19T00:30:50.8127726Z -- 2023-11-19 00:30:50.80 Server      clwb is selected for pmem flush operation.
Legacy Store IT (mssql)	Run base tests	2023-11-19T00:30:50.8184138Z -- testdb> 
Legacy Store IT (mssql)	Run base tests	2023-11-19T00:30:50.8184952Z -- 2023-11-19 00:30:50.81 Server      Software Usage Metrics is disabled.
Legacy Store IT (mssql)	Run base tests	2023-11-19T00:30:50.8328402Z -- testdb> 
Legacy Store IT (mssql)	Run base tests	2023-11-19T00:30:50.8331088Z -- 2023-11-19 00:30:50.82 spid18s     [1]. Feature Status: PVS: 0. CTR: 0. ConcurrentPFSUpdate: 1. ConcurrentGAMUpdate: 1. ConcurrentSGAMUpdate: 1, CleanupUnderUserTransaction: 0. TranLevelPVS: 0
Legacy Store IT (mssql)	Run base tests	2023-11-19T00:30:50.8343250Z -- testdb> 
Legacy Store IT (mssql)	Run base tests	2023-11-19T00:30:50.8344094Z -- 2023-11-19 00:30:50.82 spid18s     Starting up database 'master'.
Legacy Store IT (mssql)	Run base tests	2023-11-19T00:30:50.8604196Z -- testdb> 
Legacy Store IT (mssql)	Run base tests	2023-11-19T00:30:50.8605307Z -- 2023-11-19 00:30:50.85 Server      CLR version v4.0.30319 loaded.
Legacy Store IT (mssql)	Run base tests	2023-11-19T00:30:50.8762444Z -- testdb> 
Legacy Store IT (mssql)	Run base tests	2023-11-19T00:30:50.8763346Z -- ForceFlush feature is enabled for log durability.
Legacy Store IT (mssql)	Run base tests	2023-11-19T00:30:50.8991228Z -- testdb> 
Legacy Store IT (mssql)	Run base tests	2023-11-19T00:30:50.8993482Z -- 2023-11-19 00:30:50.88 spid18s     The tail of the log for database master is being rewritten to match the new sector size of 4096 bytes.  1024 bytes at offset 396288 in file /var/opt/mssql/data/mastlog.ldf will be written.
Legacy Store IT (mssql)	Run base tests	2023-11-19T00:30:50.9524809Z -- testdb> 
Legacy Store IT (mssql)	Run base tests	2023-11-19T00:30:50.9526153Z -- 2023-11-19 00:30:50.94 spid18s     Converting database 'master' from version 927 to the current version 957.
Legacy Store IT (mssql)	Run base tests	2023-11-19T00:30:50.9537225Z -- testdb> 
Legacy Store IT (mssql)	Run base tests	2023-11-19T00:30:50.9538543Z -- 2023-11-19 00:30:50.94 spid18s     Database 'master' running the upgrade step from version 927 to version 928.
Legacy Store IT (mssql)	Run base tests	2023-11-19T00:30:50.9809282Z -- testdb> 
Legacy Store IT (mssql)	Run base tests	2023-11-19T00:30:50.9810604Z -- 2023-11-19 00:30:50.97 spid18s     Database 'master' running the upgrade step from version 928 to version 929.
Legacy Store IT (mssql)	Run base tests	2023-11-19T00:30:51.0057906Z -- testdb> 
Legacy Store IT (mssql)	Run base tests	2023-11-19T00:30:51.0059315Z -- 2023-11-19 00:30:50.99 spid18s     Database 'master' running the upgrade step from version 929 to version 930.
Legacy Store IT (mssql)	Run base tests	2023-11-19T00:30:51.0134585Z -- testdb> 
Legacy Store IT (mssql)	Run base tests	2023-11-19T00:30:51.0135533Z -- 2023-11-19 00:30:51.00 spid18s     Database 'master' running the upgrade step from version 930 to version 931.
Legacy Store IT (mssql)	Run base tests	2023-11-19T00:30:51.0186473Z -- testdb> 
Legacy Store IT (mssql)	Run base tests	2023-11-19T00:30:51.0187570Z -- 2023-11-19 00:30:51.01 spid18s     Database 'master' running the upgrade step from version 931 to version 932.
Legacy Store IT (mssql)	Run base tests	2023-11-19T00:30:51.0241312Z -- testdb> 
Legacy Store IT (mssql)	Run base tests	2023-11-19T00:30:51.0242843Z -- 2023-11-19 00:30:51.01 spid18s     Database 'master' running the upgrade step from version 932 to version 933.
Legacy Store IT (mssql)	Run base tests	2023-11-19T00:30:51.0303039Z -- testdb> 
Legacy Store IT (mssql)	Run base tests	2023-11-19T00:30:51.0304289Z -- 2023-11-19 00:30:51.02 spid18s     Database 'master' running the upgrade step from version 933 to version 934.
Legacy Store IT (mssql)	Run base tests	2023-11-19T00:30:51.0369199Z -- testdb> 
Legacy Store IT (mssql)	Run base tests	2023-11-19T00:30:51.0370450Z -- 2023-11-19 00:30:51.03 spid18s     Database 'master' running the upgrade step from version 934 to version 935.
Legacy Store IT (mssql)	Run base tests	2023-11-19T00:30:51.0499909Z -- testdb> 
Legacy Store IT (mssql)	Run base tests	2023-11-19T00:30:51.0500716Z -- 2023-11-19 00:30:51.04 spid18s     Database 'master' running the upgrade step from version 935 to version 936.
Legacy Store IT (mssql)	Run base tests	2023-11-19T00:30:51.0535521Z -- testdb> 
Legacy Store IT (mssql)	Run base tests	2023-11-19T00:30:51.0536666Z -- 2023-11-19 00:30:51.04 spid18s     Database 'master' running the upgrade step from version 936 to version 937.
Legacy Store IT (mssql)	Run base tests	2023-11-19T00:30:51.0585368Z -- testdb> 
Legacy Store IT (mssql)	Run base tests	2023-11-19T00:30:51.0586600Z -- 2023-11-19 00:30:51.05 spid18s     Database 'master' running the upgrade step from version 937 to version 938.
Legacy Store IT (mssql)	Run base tests	2023-11-19T00:30:51.0679133Z -- testdb> 
Legacy Store IT (mssql)	Run base tests	2023-11-19T00:30:51.0680081Z -- 2023-11-19 00:30:51.06 spid18s     Database 'master' running the upgrade step from version 938 to version 939.
Legacy Store IT (mssql)	Run base tests	2023-11-19T00:30:51.0725939Z -- testdb> 
Legacy Store IT (mssql)	Run base tests	2023-11-19T00:30:51.0727103Z -- 2023-11-19 00:30:51.06 spid18s     Database 'master' running the upgrade step from version 939 to version 940.
Legacy Store IT (mssql)	Run base tests	2023-11-19T00:30:51.0773620Z -- testdb> 
Legacy Store IT (mssql)	Run base tests	2023-11-19T00:30:51.0774774Z -- 2023-11-19 00:30:51.07 spid18s     Database 'master' running the upgrade step from version 940 to version 941.
Legacy Store IT (mssql)	Run base tests	2023-11-19T00:30:51.0830884Z -- testdb> 
Legacy Store IT (mssql)	Run base tests	2023-11-19T00:30:51.0832086Z -- 2023-11-19 00:30:51.07 spid18s     Database 'master' running the upgrade step from version 941 to version 942.
Legacy Store IT (mssql)	Run base tests	2023-11-19T00:30:51.0889851Z -- testdb> 
Legacy Store IT (mssql)	Run base tests	2023-11-19T00:30:51.0891071Z -- 2023-11-19 00:30:51.08 spid18s     Database 'master' running the upgrade step from version 942 to version 943.
Legacy Store IT (mssql)	Run base tests	2023-11-19T00:30:51.1054486Z -- testdb> 
Legacy Store IT (mssql)	Run base tests	2023-11-19T00:30:51.1055803Z -- 2023-11-19 00:30:51.10 spid18s     Database 'master' running the upgrade step from version 943 to version 944.
Legacy Store IT (mssql)	Run base tests	2023-11-19T00:30:51.1102090Z -- testdb> 
Legacy Store IT (mssql)	Run base tests	2023-11-19T00:30:51.1103310Z -- 2023-11-19 00:30:51.10 spid18s     Database 'master' running the upgrade step from version 944 to version 945.
Legacy Store IT (mssql)	Run base tests	2023-11-19T00:30:51.1226208Z -- testdb> 
Legacy Store IT (mssql)	Run base tests	2023-11-19T00:30:51.1227492Z -- 2023-11-19 00:30:51.11 spid18s     Database 'master' running the upgrade step from version 945 to version 946.
Legacy Store IT (mssql)	Run base tests	2023-11-19T00:30:51.1302971Z -- testdb> 
Legacy Store IT (mssql)	Run base tests	2023-11-19T00:30:51.1305397Z -- 2023-11-19 00:30:51.12 spid18s     Database 'master' running the upgrade step from version 946 to version 947.
Legacy Store IT (mssql)	Run base tests	2023-11-19T00:30:51.1356831Z -- testdb> 
Legacy Store IT (mssql)	Run base tests	2023-11-19T00:30:51.1360182Z -- 2023-11-19 00:30:51.13 spid18s     Database 'master' running the upgrade step from version 947 to version 948.
Legacy Store IT (mssql)	Run base tests	2023-11-19T00:30:51.1440845Z -- testdb> 
Legacy Store IT (mssql)	Run base tests	2023-11-19T00:30:51.1442499Z -- 2023-11-19 00:30:51.13 spid18s     Database 'master' running the upgrade step from version 948 to version 949.
Legacy Store IT (mssql)	Run base tests	2023-11-19T00:30:51.1507421Z -- testdb> 
Legacy Store IT (mssql)	Run base tests	2023-11-19T00:30:51.1508538Z -- 2023-11-19 00:30:51.14 spid18s     Database 'master' running the upgrade step from version 949 to version 950.
Legacy Store IT (mssql)	Run base tests	2023-11-19T00:30:51.1573310Z -- testdb> 
Legacy Store IT (mssql)	Run base tests	2023-11-19T00:30:51.1574871Z -- 2023-11-19 00:30:51.15 spid18s     Database 'master' running the upgrade step from version 950 to version 951.
Legacy Store IT (mssql)	Run base tests	2023-11-19T00:30:51.1729696Z -- testdb> 
Legacy Store IT (mssql)	Run base tests	2023-11-19T00:30:51.1731065Z -- 2023-11-19 00:30:51.16 spid18s     Database 'master' running the upgrade step from version 951 to version 952.
Legacy Store IT (mssql)	Run base tests	2023-11-19T00:30:51.1800317Z -- testdb> 
Legacy Store IT (mssql)	Run base tests	2023-11-19T00:30:51.1823356Z -- 2023-11-19 00:30:51.17 spid18s     Database 'master' running the upgrade step from version 952 to version 953.
Legacy Store IT (mssql)	Run base tests	2023-11-19T00:30:51.1847236Z -- testdb> 
Legacy Store IT (mssql)	Run base tests	2023-11-19T00:30:51.1847894Z -- 2023-11-19 00:30:51.18 Server      Common language runtime (CLR) functionality initialized.
Legacy Store IT (mssql)	Run base tests	2023-11-19T00:30:51.1910147Z -- testdb> 
Legacy Store IT (mssql)	Run base tests	2023-11-19T00:30:51.1911302Z -- 2023-11-19 00:30:51.18 spid18s     Database 'master' running the upgrade step from version 953 to version 954.
Legacy Store IT (mssql)	Run base tests	2023-11-19T00:30:51.1976621Z -- testdb> 
Legacy Store IT (mssql)	Run base tests	2023-11-19T00:30:51.1977818Z -- 2023-11-19 00:30:51.19 spid18s     Database 'master' running the upgrade step from version 954 to version 955.
Legacy Store IT (mssql)	Run base tests	2023-11-19T00:30:51.2019632Z -- testdb> 
Legacy Store IT (mssql)	Run base tests	2023-11-19T00:30:51.2020835Z -- 2023-11-19 00:30:51.19 spid18s     Database 'master' running the upgrade step from version 955 to version 956.
Legacy Store IT (mssql)	Run base tests	2023-11-19T00:30:51.2176845Z -- testdb> 
Legacy Store IT (mssql)	Run base tests	2023-11-19T00:30:51.2178063Z -- 2023-11-19 00:30:51.21 spid18s     Database 'master' running the upgrade step from version 956 to version 957.
Legacy Store IT (mssql)	Run base tests	2023-11-19T00:30:51.2461946Z -- testdb> 
Legacy Store IT (mssql)	Run base tests	2023-11-19T00:30:51.2462796Z -- 2023-11-19 00:30:51.24 Server      External governance manager initialized
Legacy Store IT (mssql)	Run base tests	2023-11-19T00:30:51.2659067Z -- testdb> 
Legacy Store IT (mssql)	Run base tests	2023-11-19T00:30:51.2661130Z -- 2023-11-19 00:30:51.25 spid21s     [32767]. Feature Status: PVS: 0. CTR: 0. ConcurrentPFSUpdate: 1. ConcurrentGAMUpdate: 1. ConcurrentSGAMUpdate: 1, CleanupUnderUserTransaction: 0. TranLevelPVS: 0
Legacy Store IT (mssql)	Run base tests	2023-11-19T00:30:51.2683178Z -- testdb> 
Legacy Store IT (mssql)	Run base tests	2023-11-19T00:30:51.2684165Z -- 2023-11-19 00:30:51.26 spid21s     Starting up database 'mssqlsystemresource'.
Legacy Store IT (mssql)	Run base tests	2023-11-19T00:30:51.2715082Z -- testdb> 
Legacy Store IT (mssql)	Run base tests	2023-11-19T00:30:51.2716008Z -- 2023-11-19 00:30:51.26 spid29s     Password policy update was successful.
Legacy Store IT (mssql)	Run base tests	2023-11-19T00:30:51.2771699Z -- testdb> 
Legacy Store IT (mssql)	Run base tests	2023-11-19T00:30:51.2773322Z -- 2023-11-19 00:30:51.27 spid21s     The resource database build version is 16.00.4095. This is an informational message only. No user action is required.
Legacy Store IT (mssql)	Run base tests	2023-11-19T00:30:51.3000661Z -- testdb> 
Legacy Store IT (mssql)	Run base tests	2023-11-19T00:30:51.3004415Z -- 2023-11-19 00:30:51.29 spid21s     [3]. Feature Status: PVS: 0. CTR: 0. ConcurrentPFSUpdate: 1. ConcurrentGAMUpdate: 1. ConcurrentSGAMUpdate: 1, CleanupUnderUserTransaction: 0. TranLevelPVS: 0
Legacy Store IT (mssql)	Run base tests	2023-11-19T00:30:51.3052991Z -- testdb> 
Legacy Store IT (mssql)	Run base tests	2023-11-19T00:30:51.3057595Z -- 2023-11-19 00:30:51.29 spid18s     [32762]. Feature Status: PVS: 0. CTR: 0. ConcurrentPFSUpdate: 1. ConcurrentGAMUpdate: 1. ConcurrentSGAMUpdate: 1, CleanupUnderUserTransaction: 0. TranLevelPVS: 0
Legacy Store IT (mssql)	Run base tests	2023-11-19T00:30:51.3059013Z -- testdb> 
Legacy Store IT (mssql)	Run base tests	2023-11-19T00:30:51.3059483Z -- 2023-11-19 00:30:51.29 spid21s     Starting up database 'model'.
Legacy Store IT (mssql)	Run base tests	2023-11-19T00:30:51.3089015Z -- testdb> 
Legacy Store IT (mssql)	Run base tests	2023-11-19T00:30:51.3089954Z -- 2023-11-19 00:30:51.30 spid18s     Starting up database 'model_replicatedmaster'.
Legacy Store IT (mssql)	Run base tests	2023-11-19T00:30:51.3424121Z -- testdb> 
Legacy Store IT (mssql)	Run base tests	2023-11-19T00:30:51.3425867Z -- 2023-11-19 00:30:51.33 spid18s     The tail of the log for database model_replicatedmaster is being rewritten to match the new sector size of 4096 bytes.  2560 bytes at offset 99840 in file /var/opt/mssql/data/model_replicatedmaster.ldf will be written.
Legacy Store IT (mssql)	Run base tests	2023-11-19T00:30:51.3518259Z -- testdb> 
Legacy Store IT (mssql)	Run base tests	2023-11-19T00:30:51.3520166Z -- 2023-11-19 00:30:51.34 spid21s     The tail of the log for database model is being rewritten to match the new sector size of 4096 bytes.  2048 bytes at offset 75776 in file /var/opt/mssql/data/modellog.ldf will be written.
Legacy Store IT (mssql)	Run base tests	2023-11-19T00:30:51.3747768Z -- testdb> 
Legacy Store IT (mssql)	Run base tests	2023-11-19T00:30:51.3772054Z -- 2023-11-19 00:30:51.36 spid18s     Converting database 'model_replicatedmaster' from version 927 to the current version 957.
Legacy Store IT (mssql)	Run base tests	2023-11-19T00:30:51.3773438Z -- testdb> 
Legacy Store IT (mssql)	Run base tests	2023-11-19T00:30:51.3774684Z -- 2023-11-19 00:30:51.37 spid18s     Database 'model_replicatedmaster' running the upgrade step from version 927 to version 928.
Legacy Store IT (mssql)	Run base tests	2023-11-19T00:30:51.3845166Z -- testdb> 
Legacy Store IT (mssql)	Run base tests	2023-11-19T00:30:51.3846486Z -- 2023-11-19 00:30:51.37 spid18s     Database 'model_replicatedmaster' running the upgrade step from version 928 to version 929.
Legacy Store IT (mssql)	Run base tests	2023-11-19T00:30:51.3903518Z -- testdb> 
Legacy Store IT (mssql)	Run base tests	2023-11-19T00:30:51.3906705Z -- 2023-11-19 00:30:51.38 spid21s     Converting database 'model' from version 927 to the current version 957.
Legacy Store IT (mssql)	Run base tests	2023-11-19T00:30:51.3924076Z -- testdb> 
Legacy Store IT (mssql)	Run base tests	2023-11-19T00:30:51.3925250Z -- 2023-11-19 00:30:51.38 spid21s     Database 'model' running the upgrade step from version 927 to version 928.
Legacy Store IT (mssql)	Run base tests	2023-11-19T00:30:51.4076298Z -- testdb> 
Legacy Store IT (mssql)	Run base tests	2023-11-19T00:30:51.4077547Z -- 2023-11-19 00:30:51.40 spid21s     Database 'model' running the upgrade step from version 928 to version 929.
Legacy Store IT (mssql)	Run base tests	2023-11-19T00:30:51.4128573Z -- testdb> 
Legacy Store IT (mssql)	Run base tests	2023-11-19T00:30:51.4129894Z -- 2023-11-19 00:30:51.40 spid18s     Database 'model_replicatedmaster' running the upgrade step from version 929 to version 930.
Legacy Store IT (mssql)	Run base tests	2023-11-19T00:30:51.4275522Z -- testdb> 
Legacy Store IT (mssql)	Run base tests	2023-11-19T00:30:51.4276839Z -- 2023-11-19 00:30:51.42 spid18s     Database 'model_replicatedmaster' running the upgrade step from version 930 to version 931.
Legacy Store IT (mssql)	Run base tests	2023-11-19T00:30:51.4281252Z -- testdb> 
Legacy Store IT (mssql)	Run base tests	2023-11-19T00:30:51.4282650Z -- 2023-11-19 00:30:51.42 spid21s     Database 'model' running the upgrade step from version 929 to version 930.
Legacy Store IT (mssql)	Run base tests	2023-11-19T00:30:51.4330667Z -- testdb> 
Legacy Store IT (mssql)	Run base tests	2023-11-19T00:30:51.4332299Z -- 2023-11-19 00:30:51.42 spid18s     Database 'model_replicatedmaster' running the upgrade step from version 931 to version 932.
Legacy Store IT (mssql)	Run base tests	2023-11-19T00:30:51.4394988Z -- testdb> 
Legacy Store IT (mssql)	Run base tests	2023-11-19T00:30:51.4397185Z -- 2023-11-19 00:30:51.43 spid18s     Database 'model_replicatedmaster' running the upgrade step from version 932 to version 933.
Legacy Store IT (mssql)	Run base tests	2023-11-19T00:30:51.4417628Z -- testdb> 
Legacy Store IT (mssql)	Run base tests	2023-11-19T00:30:51.4418771Z -- 2023-11-19 00:30:51.43 spid21s     Database 'model' running the upgrade step from version 930 to version 931.
Legacy Store IT (mssql)	Run base tests	2023-11-19T00:30:51.4445380Z -- testdb> 
Legacy Store IT (mssql)	Run base tests	2023-11-19T00:30:51.4446885Z -- 2023-11-19 00:30:51.44 spid18s     Database 'model_replicatedmaster' running the upgrade step from version 933 to version 934.
Legacy Store IT (mssql)	Run base tests	2023-11-19T00:30:51.4461413Z -- testdb> 
Legacy Store IT (mssql)	Run base tests	2023-11-19T00:30:51.4462546Z -- 2023-11-19 00:30:51.44 spid21s     Database 'model' running the upgrade step from version 931 to version 932.
Legacy Store IT (mssql)	Run base tests	2023-11-19T00:30:51.4488967Z -- testdb> 
Legacy Store IT (mssql)	Run base tests	2023-11-19T00:30:51.4490208Z -- 2023-11-19 00:30:51.44 spid18s     Database 'model_replicatedmaster' running the upgrade step from version 934 to version 935.
Legacy Store IT (mssql)	Run base tests	2023-11-19T00:30:51.4518266Z -- testdb> 
Legacy Store IT (mssql)	Run base tests	2023-11-19T00:30:51.4519719Z -- 2023-11-19 00:30:51.44 spid21s     Database 'model' running the upgrade step from version 932 to version 933.
Legacy Store IT (mssql)	Run base tests	2023-11-19T00:30:51.4553879Z -- testdb> 
Legacy Store IT (mssql)	Run base tests	2023-11-19T00:30:51.4555187Z -- 2023-11-19 00:30:51.45 spid18s     Database 'model_replicatedmaster' running the upgrade step from version 935 to version 936.
Legacy Store IT (mssql)	Run base tests	2023-11-19T00:30:51.4594578Z -- testdb> 
Legacy Store IT (mssql)	Run base tests	2023-11-19T00:30:51.4596189Z -- 2023-11-19 00:30:51.45 spid18s     Database 'model_replicatedmaster' running the upgrade step from version 936 to version 937.
Legacy Store IT (mssql)	Run base tests	2023-11-19T00:30:51.4606846Z -- testdb> 
Legacy Store IT (mssql)	Run base tests	2023-11-19T00:30:51.4607967Z -- 2023-11-19 00:30:51.45 spid21s     Database 'model' running the upgrade step from version 933 to version 934.
Legacy Store IT (mssql)	Run base tests	2023-11-19T00:30:51.4655451Z -- testdb> 
Legacy Store IT (mssql)	Run base tests	2023-11-19T00:30:51.4657386Z -- 2023-11-19 00:30:51.46 spid18s     Database 'model_replicatedmaster' running the upgrade step from version 937 to version 938.
Legacy Store IT (mssql)	Run base tests	2023-11-19T00:30:51.4700870Z -- testdb> 
Legacy Store IT (mssql)	Run base tests	2023-11-19T00:30:51.4703978Z -- 2023-11-19 00:30:51.46 spid21s     Database 'model' running the upgrade step from version 934 to version 935.
Legacy Store IT (mssql)	Run base tests	2023-11-19T00:30:51.4730174Z -- testdb> 
Legacy Store IT (mssql)	Run base tests	2023-11-19T00:30:51.4731637Z -- 2023-11-19 00:30:51.46 spid18s     Database 'model_replicatedmaster' running the upgrade step from version 938 to version 939.
Legacy Store IT (mssql)	Run base tests	2023-11-19T00:30:51.4786975Z -- testdb> 
Legacy Store IT (mssql)	Run base tests	2023-11-19T00:30:51.4788397Z -- 2023-11-19 00:30:51.47 spid21s     Database 'model' running the upgrade step from version 935 to version 936.
Legacy Store IT (mssql)	Run base tests	2023-11-19T00:30:51.4789791Z -- testdb> 
Legacy Store IT (mssql)	Run base tests	2023-11-19T00:30:51.4791053Z -- 2023-11-19 00:30:51.47 spid18s     Database 'model_replicatedmaster' running the upgrade step from version 939 to version 940.
Legacy Store IT (mssql)	Run base tests	2023-11-19T00:30:51.4837919Z -- testdb> 
Legacy Store IT (mssql)	Run base tests	2023-11-19T00:30:51.4839050Z -- 2023-11-19 00:30:51.47 spid21s     Database 'model' running the upgrade step from version 936 to version 937.
Legacy Store IT (mssql)	Run base tests	2023-11-19T00:30:51.4868819Z -- testdb> 
Legacy Store IT (mssql)	Run base tests	2023-11-19T00:30:51.4869639Z -- 2023-11-19 00:30:51.47 spid18s     Database 'model_replicatedmaster' running the upgrade step from version 940 to version 941.
Legacy Store IT (mssql)	Run base tests	2023-11-19T00:30:51.4939895Z -- testdb> 
Legacy Store IT (mssql)	Run base tests	2023-11-19T00:30:51.4941069Z -- 2023-11-19 00:30:51.48 spid21s     Database 'model' running the upgrade step from version 937 to version 938.
Legacy Store IT (mssql)	Run base tests	2023-11-19T00:30:51.4969345Z -- testdb> 
Legacy Store IT (mssql)	Run base tests	2023-11-19T00:30:51.4970551Z -- 2023-11-19 00:30:51.48 spid18s     Database 'model_replicatedmaster' running the upgrade step from version 941 to version 942.
Legacy Store IT (mssql)	Run base tests	2023-11-19T00:30:51.4998738Z -- testdb> 
Legacy Store IT (mssql)	Run base tests	2023-11-19T00:30:51.4999867Z -- 2023-11-19 00:30:51.49 spid21s     Database 'model' running the upgrade step from version 938 to version 939.
Legacy Store IT (mssql)	Run base tests	2023-11-19T00:30:51.5018890Z -- testdb> 
Legacy Store IT (mssql)	Run base tests	2023-11-19T00:30:51.5020260Z -- 2023-11-19 00:30:51.49 spid18s     Database 'model_replicatedmaster' running the upgrade step from version 942 to version 943.
Legacy Store IT (mssql)	Run base tests	2023-11-19T00:30:51.5049968Z -- testdb> 
Legacy Store IT (mssql)	Run base tests	2023-11-19T00:30:51.5051069Z -- 2023-11-19 00:30:51.50 spid21s     Database 'model' running the upgrade step from version 939 to version 940.
Legacy Store IT (mssql)	Run base tests	2023-11-19T00:30:51.5120524Z -- testdb> 
Legacy Store IT (mssql)	Run base tests	2023-11-19T00:30:51.5121353Z -- 2023-11-19 00:30:51.50 spid21s     Database 'model' running the upgrade step from version 940 to version 941.
Legacy Store IT (mssql)	Run base tests	2023-11-19T00:30:51.5169454Z -- testdb> 
Legacy Store IT (mssql)	Run base tests	2023-11-19T00:30:51.5170547Z -- 2023-11-19 00:30:51.51 spid21s     Database 'model' running the upgrade step from version 941 to version 942.
Legacy Store IT (mssql)	Run base tests	2023-11-19T00:30:51.5221807Z -- testdb> 
Legacy Store IT (mssql)	Run base tests	2023-11-19T00:30:51.5223231Z -- 2023-11-19 00:30:51.51 spid21s     Database 'model' running the upgrade step from version 942 to version 943.
Legacy Store IT (mssql)	Run base tests	2023-11-19T00:30:51.5293331Z -- testdb> 
Legacy Store IT (mssql)	Run base tests	2023-11-19T00:30:51.5294674Z -- 2023-11-19 00:30:51.52 spid18s     Database 'model_replicatedmaster' running the upgrade step from version 943 to version 944.
Legacy Store IT (mssql)	Run base tests	2023-11-19T00:30:51.5356842Z -- testdb> 
Legacy Store IT (mssql)	Run base tests	2023-11-19T00:30:51.5358261Z -- 2023-11-19 00:30:51.53 spid18s     Database 'model_replicatedmaster' running the upgrade step from version 944 to version 945.
Legacy Store IT (mssql)	Run base tests	2023-11-19T00:30:51.5430099Z -- testdb> 
Legacy Store IT (mssql)	Run base tests	2023-11-19T00:30:51.5431283Z -- 2023-11-19 00:30:51.53 spid21s     Database 'model' running the upgrade step from version 943 to version 944.
Legacy Store IT (mssql)	Run base tests	2023-11-19T00:30:51.5480640Z -- testdb> 
Legacy Store IT (mssql)	Run base tests	2023-11-19T00:30:51.5482157Z -- 2023-11-19 00:30:51.53 spid18s     Database 'model_replicatedmaster' running the upgrade step from version 945 to version 946.
Legacy Store IT (mssql)	Run base tests	2023-11-19T00:30:51.5531636Z -- testdb> 
Legacy Store IT (mssql)	Run base tests	2023-11-19T00:30:51.5532802Z -- 2023-11-19 00:30:51.54 spid21s     Database 'model' running the upgrade step from version 944 to version 945.
Legacy Store IT (mssql)	Run base tests	2023-11-19T00:30:51.5539968Z -- testdb> 
Legacy Store IT (mssql)	Run base tests	2023-11-19T00:30:51.5541230Z -- 2023-11-19 00:30:51.54 spid18s     Database 'model_replicatedmaster' running the upgrade step from version 946 to version 947.
Legacy Store IT (mssql)	Run base tests	2023-11-19T00:30:51.5579283Z -- testdb> 
Legacy Store IT (mssql)	Run base tests	2023-11-19T00:30:51.5580616Z -- 2023-11-19 00:30:51.55 spid18s     Database 'model_replicatedmaster' running the upgrade step from version 947 to version 948.
Legacy Store IT (mssql)	Run base tests	2023-11-19T00:30:51.5653247Z -- testdb> 
Legacy Store IT (mssql)	Run base tests	2023-11-19T00:30:51.5654711Z -- 2023-11-19 00:30:51.55 spid18s     Database 'model_replicatedmaster' running the upgrade step from version 948 to version 949.
Legacy Store IT (mssql)	Run base tests	2023-11-19T00:30:51.5655968Z -- testdb> 
Legacy Store IT (mssql)	Run base tests	2023-11-19T00:30:51.5657008Z -- 2023-11-19 00:30:51.56 spid21s     Database 'model' running the upgrade step from version 945 to version 946.
Legacy Store IT (mssql)	Run base tests	2023-11-19T00:30:51.5706110Z -- testdb> 
Legacy Store IT (mssql)	Run base tests	2023-11-19T00:30:51.5707559Z -- 2023-11-19 00:30:51.56 spid18s     Database 'model_replicatedmaster' running the upgrade step from version 949 to version 950.
Legacy Store IT (mssql)	Run base tests	2023-11-19T00:30:51.5711847Z -- testdb> 
Legacy Store IT (mssql)	Run base tests	2023-11-19T00:30:51.5713322Z -- 2023-11-19 00:30:51.56 spid21s     Database 'model' running the upgrade step from version 946 to version 947.
Legacy Store IT (mssql)	Run base tests	2023-11-19T00:30:51.5772184Z -- testdb> 
Legacy Store IT (mssql)	Run base tests	2023-11-19T00:30:51.5773711Z -- 2023-11-19 00:30:51.57 spid18s     Database 'model_replicatedmaster' running the upgrade step from version 950 to version 951.
Legacy Store IT (mssql)	Run base tests	2023-11-19T00:30:51.5775255Z -- testdb> 
Legacy Store IT (mssql)	Run base tests	2023-11-19T00:30:51.5776618Z -- 2023-11-19 00:30:51.57 spid21s     Database 'model' running the upgrade step from version 947 to version 948.
Legacy Store IT (mssql)	Run base tests	2023-11-19T00:30:51.5816674Z -- testdb> 
Legacy Store IT (mssql)	Run base tests	2023-11-19T00:30:51.5817996Z -- 2023-11-19 00:30:51.57 spid21s     Database 'model' running the upgrade step from version 948 to version 949.
Legacy Store IT (mssql)	Run base tests	2023-11-19T00:30:51.5880915Z -- testdb> 
Legacy Store IT (mssql)	Run base tests	2023-11-19T00:30:51.5882251Z -- 2023-11-19 00:30:51.58 spid21s     Database 'model' running the upgrade step from version 949 to version 950.
Legacy Store IT (mssql)	Run base tests	2023-11-19T00:30:51.5904527Z -- testdb> 
Legacy Store IT (mssql)	Run base tests	2023-11-19T00:30:51.5905929Z -- 2023-11-19 00:30:51.58 spid18s     Database 'model_replicatedmaster' running the upgrade step from version 951 to version 952.
Legacy Store IT (mssql)	Run base tests	2023-11-19T00:30:51.5930229Z -- testdb> 
Legacy Store IT (mssql)	Run base tests	2023-11-19T00:30:51.5931310Z -- 2023-11-19 00:30:51.58 spid21s     Database 'model' running the upgrade step from version 950 to version 951.
Legacy Store IT (mssql)	Run base tests	2023-11-19T00:30:51.5985445Z -- testdb> 
Legacy Store IT (mssql)	Run base tests	2023-11-19T00:30:51.5986736Z -- 2023-11-19 00:30:51.59 spid18s     Database 'model_replicatedmaster' running the upgrade step from version 952 to version 953.
Legacy Store IT (mssql)	Run base tests	2023-11-19T00:30:51.6039345Z -- testdb> 
Legacy Store IT (mssql)	Run base tests	2023-11-19T00:30:51.6041987Z -- 2023-11-19 00:30:51.59 spid21s     Database 'model' running the upgrade step from version 951 to version 952.
Legacy Store IT (mssql)	Run base tests	2023-11-19T00:30:51.6063698Z -- testdb> 
Legacy Store IT (mssql)	Run base tests	2023-11-19T00:30:51.6064979Z -- 2023-11-19 00:30:51.60 spid18s     Database 'model_replicatedmaster' running the upgrade step from version 953 to version 954.
Legacy Store IT (mssql)	Run base tests	2023-11-19T00:30:51.6118236Z -- testdb> 
Legacy Store IT (mssql)	Run base tests	2023-11-19T00:30:51.6123768Z -- 2023-11-19 00:30:51.60 spid21s     Database 'model' running the upgrade step from version 952 to version 953.
Legacy Store IT (mssql)	Run base tests	2023-11-19T00:30:51.6127639Z -- testdb> 
Legacy Store IT (mssql)	Run base tests	2023-11-19T00:30:51.6128412Z -- 2023-11-19 00:30:51.60 spid18s     Database 'model_replicatedmaster' running the upgrade step from version 954 to version 955.
Legacy Store IT (mssql)	Run base tests	2023-11-19T00:30:51.6235266Z -- testdb> 
Legacy Store IT (mssql)	Run base tests	2023-11-19T00:30:51.6238968Z -- 2023-11-19 00:30:51.61 spid21s     Database 'model' running the upgrade step from version 953 to version 954.
Legacy Store IT (mssql)	Run base tests	2023-11-19T00:30:51.6276606Z -- testdb> 
Legacy Store IT (mssql)	Run base tests	2023-11-19T00:30:51.6277965Z -- 2023-11-19 00:30:51.62 spid18s     Database 'model_replicatedmaster' running the upgrade step from version 955 to version 956.
Legacy Store IT (mssql)	Run base tests	2023-11-19T00:30:51.6312117Z -- testdb> 
Legacy Store IT (mssql)	Run base tests	2023-11-19T00:30:51.6314310Z -- 2023-11-19 00:30:51.62 spid21s     Database 'model' running the upgrade step from version 954 to version 955.
Legacy Store IT (mssql)	Run base tests	2023-11-19T00:30:51.6358971Z -- testdb> 
Legacy Store IT (mssql)	Run base tests	2023-11-19T00:30:51.6360325Z -- 2023-11-19 00:30:51.63 spid21s     Database 'model' running the upgrade step from version 955 to version 956.
Legacy Store IT (mssql)	Run base tests	2023-11-19T00:30:51.6459426Z -- testdb> 
Legacy Store IT (mssql)	Run base tests	2023-11-19T00:30:51.6460975Z -- 2023-11-19 00:30:51.64 spid18s     Database 'model_replicatedmaster' running the upgrade step from version 956 to version 957.
Legacy Store IT (mssql)	Run base tests	2023-11-19T00:30:51.6546953Z -- testdb> 
Legacy Store IT (mssql)	Run base tests	2023-11-19T00:30:51.6548362Z -- 2023-11-19 00:30:51.64 spid21s     Database 'model' running the upgrade step from version 956 to version 957.
Legacy Store IT (mssql)	Run base tests	2023-11-19T00:30:51.7151751Z -- testdb> 
Legacy Store IT (mssql)	Run base tests	2023-11-19T00:30:51.7153784Z -- 2023-11-19 00:30:51.70 spid18s     [32761]. Feature Status: PVS: 0. CTR: 0. ConcurrentPFSUpdate: 1. ConcurrentGAMUpdate: 1. ConcurrentSGAMUpdate: 1, CleanupUnderUserTransaction: 0. TranLevelPVS: 0
Legacy Store IT (mssql)	Run base tests	2023-11-19T00:30:51.7160878Z -- testdb> 
Legacy Store IT (mssql)	Run base tests	2023-11-19T00:30:51.7166331Z -- 2023-11-19 00:30:51.70 spid18s     Starting up database 'model_msdb'.
Legacy Store IT (mssql)	Run base tests	2023-11-19T00:30:51.7657282Z -- testdb> 
Legacy Store IT (mssql)	Run base tests	2023-11-19T00:30:51.7659073Z -- 2023-11-19 00:30:51.76 spid18s     Converting database 'model_msdb' from version 927 to the current version 957.
Legacy Store IT (mssql)	Run base tests	2023-11-19T00:30:51.7659821Z -- testdb> 
Legacy Store IT (mssql)	Run base tests	2023-11-19T00:30:51.7660481Z -- 2023-11-19 00:30:51.76 spid18s     Database 'model_msdb' running the upgrade step from version 927 to version 928.
Legacy Store IT (mssql)	Run base tests	2023-11-19T00:30:51.7699053Z -- testdb> 
Legacy Store IT (mssql)	Run base tests	2023-11-19T00:30:51.7700083Z -- 2023-11-19 00:30:51.76 spid18s     Database 'model_msdb' running the upgrade step from version 928 to version 929.
Legacy Store IT (mssql)	Run base tests	2023-11-19T00:30:51.7985311Z -- testdb> 
Legacy Store IT (mssql)	Run base tests	2023-11-19T00:30:51.7986374Z -- 2023-11-19 00:30:51.79 spid18s     Database 'model_msdb' running the upgrade step from version 929 to version 930.
Legacy Store IT (mssql)	Run base tests	2023-11-19T00:30:51.8072467Z -- testdb> 
Legacy Store IT (mssql)	Run base tests	2023-11-19T00:30:51.8074051Z -- 2023-11-19 00:30:51.80 spid18s     Database 'model_msdb' running the upgrade step from version 930 to version 931.
Legacy Store IT (mssql)	Run base tests	2023-11-19T00:30:51.8123564Z -- testdb> 
Legacy Store IT (mssql)	Run base tests	2023-11-19T00:30:51.8125241Z -- 2023-11-19 00:30:51.80 spid18s     Database 'model_msdb' running the upgrade step from version 931 to version 932.
Legacy Store IT (mssql)	Run base tests	2023-11-19T00:30:51.8166883Z -- testdb> 
Legacy Store IT (mssql)	Run base tests	2023-11-19T00:30:51.8168127Z -- 2023-11-19 00:30:51.81 spid18s     Database 'model_msdb' running the upgrade step from version 932 to version 933.
Legacy Store IT (mssql)	Run base tests	2023-11-19T00:30:51.8281507Z -- testdb> 
Legacy Store IT (mssql)	Run base tests	2023-11-19T00:30:51.8282935Z -- 2023-11-19 00:30:51.82 spid18s     Database 'model_msdb' running the upgrade step from version 933 to version 934.
Legacy Store IT (mssql)	Run base tests	2023-11-19T00:30:51.8325836Z -- testdb> 
Legacy Store IT (mssql)	Run base tests	2023-11-19T00:30:51.8328134Z -- 2023-11-19 00:30:51.82 spid18s     Database 'model_msdb' running the upgrade step from version 934 to version 935.
Legacy Store IT (mssql)	Run base tests	2023-11-19T00:30:51.8367754Z -- testdb> 
Legacy Store IT (mssql)	Run base tests	2023-11-19T00:30:51.8369041Z -- 2023-11-19 00:30:51.83 spid18s     Database 'model_msdb' running the upgrade step from version 935 to version 936.
Legacy Store IT (mssql)	Run base tests	2023-11-19T00:30:51.8412210Z -- testdb> 
Legacy Store IT (mssql)	Run base tests	2023-11-19T00:30:51.8413830Z -- 2023-11-19 00:30:51.83 spid18s     Database 'model_msdb' running the upgrade step from version 936 to version 937.
Legacy Store IT (mssql)	Run base tests	2023-11-19T00:30:51.8454522Z -- testdb> 
Legacy Store IT (mssql)	Run base tests	2023-11-19T00:30:51.8455652Z -- 2023-11-19 00:30:51.84 spid18s     Database 'model_msdb' running the upgrade step from version 937 to version 938.
Legacy Store IT (mssql)	Run base tests	2023-11-19T00:30:51.8504087Z -- testdb> 
Legacy Store IT (mssql)	Run base tests	2023-11-19T00:30:51.8505376Z -- 2023-11-19 00:30:51.84 spid18s     Database 'model_msdb' running the upgrade step from version 938 to version 939.
Legacy Store IT (mssql)	Run base tests	2023-11-19T00:30:51.8540159Z -- testdb> 
Legacy Store IT (mssql)	Run base tests	2023-11-19T00:30:51.8541024Z -- 2023-11-19 00:30:51.85 spid18s     Database 'model_msdb' running the upgrade step from version 939 to version 940.
Legacy Store IT (mssql)	Run base tests	2023-11-19T00:30:51.8570629Z -- testdb> 
Legacy Store IT (mssql)	Run base tests	2023-11-19T00:30:51.8572997Z -- 2023-11-19 00:30:51.85 spid18s     Database 'model_msdb' running the upgrade step from version 940 to version 941.
Legacy Store IT (mssql)	Run base tests	2023-11-19T00:30:51.8608765Z -- testdb> 
Legacy Store IT (mssql)	Run base tests	2023-11-19T00:30:51.8610319Z -- 2023-11-19 00:30:51.85 spid18s     Database 'model_msdb' running the upgrade step from version 941 to version 942.
Legacy Store IT (mssql)	Run base tests	2023-11-19T00:30:51.8643065Z -- testdb> 
Legacy Store IT (mssql)	Run base tests	2023-11-19T00:30:51.8644254Z -- 2023-11-19 00:30:51.86 spid18s     Database 'model_msdb' running the upgrade step from version 942 to version 943.
Legacy Store IT (mssql)	Run base tests	2023-11-19T00:30:51.8827659Z -- testdb> 
Legacy Store IT (mssql)	Run base tests	2023-11-19T00:30:51.8828917Z -- 2023-11-19 00:30:51.87 spid18s     Database 'model_msdb' running the upgrade step from version 943 to version 944.
Legacy Store IT (mssql)	Run base tests	2023-11-19T00:30:51.8861012Z -- testdb> 
Legacy Store IT (mssql)	Run base tests	2023-11-19T00:30:51.8862186Z -- 2023-11-19 00:30:51.88 spid18s     Database 'model_msdb' running the upgrade step from version 944 to version 945.
Legacy Store IT (mssql)	Run base tests	2023-11-19T00:30:51.8980299Z -- testdb> 
Legacy Store IT (mssql)	Run base tests	2023-11-19T00:30:51.8981532Z -- 2023-11-19 00:30:51.89 spid18s     Database 'model_msdb' running the upgrade step from version 945 to version 946.
Legacy Store IT (mssql)	Run base tests	2023-11-19T00:30:51.9018772Z -- testdb> 
Legacy Store IT (mssql)	Run base tests	2023-11-19T00:30:51.9019963Z -- 2023-11-19 00:30:51.89 spid18s     Database 'model_msdb' running the upgrade step from version 946 to version 947.
Legacy Store IT (mssql)	Run base tests	2023-11-19T00:30:51.9053620Z -- testdb> 
Legacy Store IT (mssql)	Run base tests	2023-11-19T00:30:51.9054815Z -- 2023-11-19 00:30:51.90 spid18s     Database 'model_msdb' running the upgrade step from version 947 to version 948.
Legacy Store IT (mssql)	Run base tests	2023-11-19T00:30:51.9094286Z -- testdb> 
Legacy Store IT (mssql)	Run base tests	2023-11-19T00:30:51.9095441Z -- 2023-11-19 00:30:51.90 spid18s     Database 'model_msdb' running the upgrade step from version 948 to version 949.
Legacy Store IT (mssql)	Run base tests	2023-11-19T00:30:51.9144937Z -- testdb> 
Legacy Store IT (mssql)	Run base tests	2023-11-19T00:30:51.9146259Z -- 2023-11-19 00:30:51.91 spid18s     Database 'model_msdb' running the upgrade step from version 949 to version 950.
Legacy Store IT (mssql)	Run base tests	2023-11-19T00:30:51.9172291Z -- testdb> 
Legacy Store IT (mssql)	Run base tests	2023-11-19T00:30:51.9173436Z -- 2023-11-19 00:30:51.91 spid18s     Database 'model_msdb' running the upgrade step from version 950 to version 951.
Legacy Store IT (mssql)	Run base tests	2023-11-19T00:30:51.9295341Z -- testdb> 
Legacy Store IT (mssql)	Run base tests	2023-11-19T00:30:51.9296527Z -- 2023-11-19 00:30:51.92 spid18s     Database 'model_msdb' running the upgrade step from version 951 to version 952.
Legacy Store IT (mssql)	Run base tests	2023-11-19T00:30:51.9337044Z -- testdb> 
Legacy Store IT (mssql)	Run base tests	2023-11-19T00:30:51.9338268Z -- 2023-11-19 00:30:51.92 spid18s     Database 'model_msdb' running the upgrade step from version 952 to version 953.
Legacy Store IT (mssql)	Run base tests	2023-11-19T00:30:51.9410938Z -- testdb> 
Legacy Store IT (mssql)	Run base tests	2023-11-19T00:30:51.9412718Z -- 2023-11-19 00:30:51.93 spid18s     Database 'model_msdb' running the upgrade step from version 953 to version 954.
Legacy Store IT (mssql)	Run base tests	2023-11-19T00:30:51.9441229Z -- testdb> 
Legacy Store IT (mssql)	Run base tests	2023-11-19T00:30:51.9442532Z -- 2023-11-19 00:30:51.94 spid18s     Database 'model_msdb' running the upgrade step from version 954 to version 955.
Legacy Store IT (mssql)	Run base tests	2023-11-19T00:30:51.9479468Z -- testdb> 
Legacy Store IT (mssql)	Run base tests	2023-11-19T00:30:51.9480388Z -- 2023-11-19 00:30:51.94 spid18s     Database 'model_msdb' running the upgrade step from version 955 to version 956.
Legacy Store IT (mssql)	Run base tests	2023-11-19T00:30:51.9652335Z -- testdb> 
Legacy Store IT (mssql)	Run base tests	2023-11-19T00:30:51.9653760Z -- 2023-11-19 00:30:51.96 spid18s     Database 'model_msdb' running the upgrade step from version 956 to version 957.
Legacy Store IT (mssql)	Run base tests	2023-11-19T00:30:51.9996641Z -- testdb> 
Legacy Store IT (mssql)	Run base tests	2023-11-19T00:30:51.9998531Z -- 2023-11-19 00:30:51.99 spid18s     Resource governor reconfiguration succeeded.
Legacy Store IT (mssql)	Run base tests	2023-11-19T00:30:52.0013603Z -- testdb> 
Legacy Store IT (mssql)	Run base tests	2023-11-19T00:30:52.0015000Z -- 2023-11-19 00:30:51.99 spid18s     SQL Server Audit is starting the audits. This is an informational message. No user action is required.
Legacy Store IT (mssql)	Run base tests	2023-11-19T00:30:52.0058634Z -- testdb> 
Legacy Store IT (mssql)	Run base tests	2023-11-19T00:30:52.0060842Z -- 2023-11-19 00:30:51.99 spid26s     Attribute synchronization initialized
Legacy Store IT (mssql)	Run base tests	2023-11-19T00:30:52.0062318Z -- testdb> 
Legacy Store IT (mssql)	Run base tests	2023-11-19T00:30:52.0063796Z -- 2023-11-19 00:30:52.00 spid26s     Attribute synchronization manager initialized
Legacy Store IT (mssql)	Run base tests	2023-11-19T00:30:52.0074347Z -- testdb> 
Legacy Store IT (mssql)	Run base tests	2023-11-19T00:30:52.0075756Z -- 2023-11-19 00:30:52.00 spid18s     SQL Server Audit has started the audits. This is an informational message. No user action is required.
Legacy Store IT (mssql)	Run base tests	2023-11-19T00:30:52.0096818Z -- testdb> 
Legacy Store IT (mssql)	Run base tests	2023-11-19T00:30:52.0097629Z -- 2023-11-19 00:30:52.00 spid18s     XE session 'system_health' started.
Legacy Store IT (mssql)	Run base tests	2023-11-19T00:30:52.0288468Z -- testdb> 
Legacy Store IT (mssql)	Run base tests	2023-11-19T00:30:52.0289499Z -- 2023-11-19 00:30:52.02 spid18s     SQL Trace ID 1 was started by login "sa".
Legacy Store IT (mssql)	Run base tests	2023-11-19T00:30:52.0345092Z -- testdb> 
Legacy Store IT (mssql)	Run base tests	2023-11-19T00:30:52.0346534Z -- 2023-11-19 00:30:52.03 spid18s     Server name is '73ebc8a318f6'. This is an informational message only. No user action is required.
Legacy Store IT (mssql)	Run base tests	2023-11-19T00:30:52.0657099Z -- testdb> 
Legacy Store IT (mssql)	Run base tests	2023-11-19T00:30:52.0657933Z -- 2023-11-19 00:30:52.05 spid21s     Clearing tempdb database.
Legacy Store IT (mssql)	Run base tests	2023-11-19T00:30:52.0658694Z -- testdb> 
Legacy Store IT (mssql)	Run base tests	2023-11-19T00:30:52.0660138Z -- 2023-11-19 00:30:52.05 spid37s     Always On: The availability replica manager is starting. This is an informational message only. No user action is required.
Legacy Store IT (mssql)	Run base tests	2023-11-19T00:30:52.0661559Z -- testdb> 
Legacy Store IT (mssql)	Run base tests	2023-11-19T00:30:52.0663293Z -- 2023-11-19 00:30:52.05 spid39s     [4]. Feature Status: PVS: 0. CTR: 0. ConcurrentPFSUpdate: 1. ConcurrentGAMUpdate: 1. ConcurrentSGAMUpdate: 1, CleanupUnderUserTransaction: 0. TranLevelPVS: 0
Legacy Store IT (mssql)	Run base tests	2023-11-19T00:30:52.0716084Z -- testdb> 
Legacy Store IT (mssql)	Run base tests	2023-11-19T00:30:52.0718228Z -- 2023-11-19 00:30:52.06 spid37s     Always On: The availability replica manager is waiting for the instance of SQL Server to allow client connections. This is an informational message only. No user action is required.
Legacy Store IT (mssql)	Run base tests	2023-11-19T00:30:52.0720236Z -- testdb> 
Legacy Store IT (mssql)	Run base tests	2023-11-19T00:30:52.0721026Z -- 2023-11-19 00:30:52.06 spid39s     Starting up database 'msdb'.
Legacy Store IT (mssql)	Run base tests	2023-11-19T00:30:52.1487675Z -- testdb> 
Legacy Store IT (mssql)	Run base tests	2023-11-19T00:30:52.1488942Z -- 2023-11-19 00:30:52.14 spid39s     Converting database 'msdb' from version 927 to the current version 957.
Legacy Store IT (mssql)	Run base tests	2023-11-19T00:30:52.1490069Z -- testdb> 
Legacy Store IT (mssql)	Run base tests	2023-11-19T00:30:52.1491170Z -- 2023-11-19 00:30:52.14 spid39s     Database 'msdb' running the upgrade step from version 927 to version 928.
Legacy Store IT (mssql)	Run base tests	2023-11-19T00:30:52.1720565Z -- testdb> 
Legacy Store IT (mssql)	Run base tests	2023-11-19T00:30:52.1721947Z -- 2023-11-19 00:30:52.16 spid39s     Database 'msdb' running the upgrade step from version 928 to version 929.
Legacy Store IT (mssql)	Run base tests	2023-11-19T00:30:52.1904015Z -- testdb> 
Legacy Store IT (mssql)	Run base tests	2023-11-19T00:30:52.1905982Z -- 2023-11-19 00:30:52.18 spid21s     [2]. Feature Status: PVS: 0. CTR: 0. ConcurrentPFSUpdate: 1. ConcurrentGAMUpdate: 1. ConcurrentSGAMUpdate: 1, CleanupUnderUserTransaction: 0. TranLevelPVS: 0
Legacy Store IT (mssql)	Run base tests	2023-11-19T00:30:52.1923219Z -- testdb> 
Legacy Store IT (mssql)	Run base tests	2023-11-19T00:30:52.1924032Z -- 2023-11-19 00:30:52.18 spid21s     Starting up database 'tempdb'.
Legacy Store IT (mssql)	Run base tests	2023-11-19T00:30:52.2065529Z -- testdb> 
Legacy Store IT (mssql)	Run base tests	2023-11-19T00:30:52.2066794Z -- 2023-11-19 00:30:52.20 spid39s     Database 'msdb' running the upgrade step from version 929 to version 930.
Legacy Store IT (mssql)	Run base tests	2023-11-19T00:30:52.2169934Z -- testdb> 
Legacy Store IT (mssql)	Run base tests	2023-11-19T00:30:52.2171134Z -- 2023-11-19 00:30:52.21 spid39s     Database 'msdb' running the upgrade step from version 930 to version 931.
Legacy Store IT (mssql)	Run base tests	2023-11-19T00:30:52.2221277Z -- testdb> 
Legacy Store IT (mssql)	Run base tests	2023-11-19T00:30:52.2222456Z -- 2023-11-19 00:30:52.21 spid39s     Database 'msdb' running the upgrade step from version 931 to version 932.
Legacy Store IT (mssql)	Run base tests	2023-11-19T00:30:52.2259951Z -- testdb> 
Legacy Store IT (mssql)	Run base tests	2023-11-19T00:30:52.2261130Z -- 2023-11-19 00:30:52.22 spid39s     Database 'msdb' running the upgrade step from version 932 to version 933.
Legacy Store IT (mssql)	Run base tests	2023-11-19T00:30:52.2361239Z -- testdb> 
Legacy Store IT (mssql)	Run base tests	2023-11-19T00:30:52.2362375Z -- 2023-11-19 00:30:52.23 spid39s     Database 'msdb' running the upgrade step from version 933 to version 934.
Legacy Store IT (mssql)	Run base tests	2023-11-19T00:30:52.2408711Z -- testdb> 
Legacy Store IT (mssql)	Run base tests	2023-11-19T00:30:52.2409956Z -- 2023-11-19 00:30:52.23 spid39s     Database 'msdb' running the upgrade step from version 934 to version 935.
Legacy Store IT (mssql)	Run base tests	2023-11-19T00:30:52.2462549Z -- testdb> 
Legacy Store IT (mssql)	Run base tests	2023-11-19T00:30:52.2463389Z -- 2023-11-19 00:30:52.24 spid21s     The tempdb database has 1 data file(s).
Legacy Store IT (mssql)	Run base tests	2023-11-19T00:30:52.2464252Z -- testdb> 
Legacy Store IT (mssql)	Run base tests	2023-11-19T00:30:52.2465276Z -- 2023-11-19 00:30:52.24 spid39s     Database 'msdb' running the upgrade step from version 935 to version 936.
Legacy Store IT (mssql)	Run base tests	2023-11-19T00:30:52.2507486Z -- testdb> 
Legacy Store IT (mssql)	Run base tests	2023-11-19T00:30:52.2508556Z -- 2023-11-19 00:30:52.24 spid41s     The Service Broker endpoint is in disabled or stopped state.
Legacy Store IT (mssql)	Run base tests	2023-11-19T00:30:52.2525459Z -- testdb> 
Legacy Store IT (mssql)	Run base tests	2023-11-19T00:30:52.2526536Z -- 2023-11-19 00:30:52.24 spid41s     The Database Mirroring endpoint is in disabled or stopped state.
Legacy Store IT (mssql)	Run base tests	2023-11-19T00:30:52.2549328Z -- testdb> 
Legacy Store IT (mssql)	Run base tests	2023-11-19T00:30:52.2550423Z -- 2023-11-19 00:30:52.24 spid39s     Database 'msdb' running the upgrade step from version 936 to version 937.
Legacy Store IT (mssql)	Run base tests	2023-11-19T00:30:52.2606238Z -- testdb> 
Legacy Store IT (mssql)	Run base tests	2023-11-19T00:30:52.2607428Z -- 2023-11-19 00:30:52.25 spid39s     Database 'msdb' running the upgrade step from version 937 to version 938.
Legacy Store IT (mssql)	Run base tests	2023-11-19T00:30:52.2649317Z -- testdb> 
Legacy Store IT (mssql)	Run base tests	2023-11-19T00:30:52.2650183Z -- 2023-11-19 00:30:52.26 spid41s     Service Broker manager has started.
Legacy Store IT (mssql)	Run base tests	2023-11-19T00:30:52.2669128Z -- testdb> 
Legacy Store IT (mssql)	Run base tests	2023-11-19T00:30:52.2669926Z -- 2023-11-19 00:30:52.26 spid39s     Database 'msdb' running the upgrade step from version 938 to version 939.
Legacy Store IT (mssql)	Run base tests	2023-11-19T00:30:52.2770338Z -- testdb> 
Legacy Store IT (mssql)	Run base tests	2023-11-19T00:30:52.2771525Z -- 2023-11-19 00:30:52.27 spid39s     Database 'msdb' running the upgrade step from version 939 to version 940.
Legacy Store IT (mssql)	Run base tests	2023-11-19T00:30:52.2859327Z -- testdb> 
Legacy Store IT (mssql)	Run base tests	2023-11-19T00:30:52.2861117Z -- 2023-11-19 00:30:52.27 spid39s     Database 'msdb' running the upgrade step from version 940 to version 941.
Legacy Store IT (mssql)	Run base tests	2023-11-19T00:30:52.2937064Z -- testdb> 
Legacy Store IT (mssql)	Run base tests	2023-11-19T00:30:52.2938171Z -- 2023-11-19 00:30:52.28 spid39s     Database 'msdb' running the upgrade step from version 941 to version 942.
Legacy Store IT (mssql)	Run base tests	2023-11-19T00:30:52.3017983Z -- testdb> 
Legacy Store IT (mssql)	Run base tests	2023-11-19T00:30:52.3019075Z -- 2023-11-19 00:30:52.29 spid39s     Database 'msdb' running the upgrade step from version 942 to version 943.
Legacy Store IT (mssql)	Run base tests	2023-11-19T00:30:52.3324496Z -- testdb> 
Legacy Store IT (mssql)	Run base tests	2023-11-19T00:30:52.3325929Z -- 2023-11-19 00:30:52.32 spid39s     Database 'msdb' running the upgrade step from version 943 to version 944.
Legacy Store IT (mssql)	Run base tests	2023-11-19T00:30:52.3380269Z -- testdb> 
Legacy Store IT (mssql)	Run base tests	2023-11-19T00:30:52.3381482Z -- 2023-11-19 00:30:52.33 spid39s     Database 'msdb' running the upgrade step from version 944 to version 945.
Legacy Store IT (mssql)	Run base tests	2023-11-19T00:30:52.3562470Z -- testdb> 
Legacy Store IT (mssql)	Run base tests	2023-11-19T00:30:52.3563826Z -- 2023-11-19 00:30:52.35 spid39s     Database 'msdb' running the upgrade step from version 945 to version 946.
Legacy Store IT (mssql)	Run base tests	2023-11-19T00:30:52.3641419Z -- testdb> 
Legacy Store IT (mssql)	Run base tests	2023-11-19T00:30:52.3643016Z -- 2023-11-19 00:30:52.35 spid39s     Database 'msdb' running the upgrade step from version 946 to version 947.
Legacy Store IT (mssql)	Run base tests	2023-11-19T00:30:52.3787688Z -- testdb> 
Legacy Store IT (mssql)	Run base tests	2023-11-19T00:30:52.3788723Z -- 2023-11-19 00:30:52.36 spid39s     Database 'msdb' running the upgrade step from version 947 to version 948.
Legacy Store IT (mssql)	Run base tests	2023-11-19T00:30:52.3841978Z -- testdb> 
Legacy Store IT (mssql)	Run base tests	2023-11-19T00:30:52.3843130Z -- 2023-11-19 00:30:52.38 spid39s     Database 'msdb' running the upgrade step from version 948 to version 949.
Legacy Store IT (mssql)	Run base tests	2023-11-19T00:30:52.3895388Z -- testdb> 
Legacy Store IT (mssql)	Run base tests	2023-11-19T00:30:52.3896579Z -- 2023-11-19 00:30:52.38 spid39s     Database 'msdb' running the upgrade step from version 949 to version 950.
Legacy Store IT (mssql)	Run base tests	2023-11-19T00:30:52.3932613Z -- testdb> 
Legacy Store IT (mssql)	Run base tests	2023-11-19T00:30:52.3933865Z -- 2023-11-19 00:30:52.38 spid39s     Database 'msdb' running the upgrade step from version 950 to version 951.
Legacy Store IT (mssql)	Run base tests	2023-11-19T00:30:52.4042557Z -- testdb> 
Legacy Store IT (mssql)	Run base tests	2023-11-19T00:30:52.4043934Z -- 2023-11-19 00:30:52.40 spid29s     A self-generated certificate was successfully loaded for encryption.
Legacy Store IT (mssql)	Run base tests	2023-11-19T00:30:52.4056860Z -- testdb> 
Legacy Store IT (mssql)	Run base tests	2023-11-19T00:30:52.4058571Z -- 2023-11-19 00:30:52.40 spid29s     Server is listening on [ 'any' <ipv6> 1433] accept sockets 1.
Legacy Store IT (mssql)	Run base tests	2023-11-19T00:30:52.4073463Z -- testdb> 
Legacy Store IT (mssql)	Run base tests	2023-11-19T00:30:52.4074754Z -- 2023-11-19 00:30:52.40 spid29s     Server is listening on [ 'any' <ipv4> 1433] accept sockets 1.
Legacy Store IT (mssql)	Run base tests	2023-11-19T00:30:52.4103453Z -- testdb> 
Legacy Store IT (mssql)	Run base tests	2023-11-19T00:30:52.4105670Z -- 2023-11-19 00:30:52.40 Server      Server is listening on [ ::1 <ipv6> 1434] accept sockets 1.
Legacy Store IT (mssql)	Run base tests	2023-11-19T00:30:52.4115896Z -- testdb> 
Legacy Store IT (mssql)	Run base tests	2023-11-19T00:30:52.4120214Z -- 2023-11-19 00:30:52.40 Server      Server is listening on [ 127.0.0.1 <ipv4> 1434] accept sockets 1.
Legacy Store IT (mssql)	Run base tests	2023-11-19T00:30:52.4147697Z -- testdb> 
Legacy Store IT (mssql)	Run base tests	2023-11-19T00:30:52.4149226Z -- 2023-11-19 00:30:52.40 spid39s     Database 'msdb' running the upgrade step from version 951 to version 952.
Legacy Store IT (mssql)	Run base tests	2023-11-19T00:30:52.4150511Z -- testdb> 
Legacy Store IT (mssql)	Run base tests	2023-11-19T00:30:52.4151824Z -- 2023-11-19 00:30:52.40 Server      Dedicated admin connection support was established for listening locally on port 1434.
Legacy Store IT (mssql)	Run base tests	2023-11-19T00:30:52.4425664Z -- testdb> 
Legacy Store IT (mssql)	Run base tests	2023-11-19T00:30:52.4427005Z -- 2023-11-19 00:30:52.43 spid29s     Server is listening on [ ::1 <ipv6> 1431] accept sockets 1.
Legacy Store IT (mssql)	Run base tests	2023-11-19T00:30:52.4433064Z -- testdb> 
Legacy Store IT (mssql)	Run base tests	2023-11-19T00:30:52.4434193Z -- 2023-11-19 00:30:52.43 spid29s     Server is listening on [ 127.0.0.1 <ipv4> 1431] accept sockets 1.
Legacy Store IT (mssql)	Run base tests	2023-11-19T00:30:52.4461101Z -- testdb> 
Legacy Store IT (mssql)	Run base tests	2023-11-19T00:30:52.4464132Z -- 2023-11-19 00:30:52.44 spid29s     SQL Server is now ready for client connections. This is an informational message; no user action is required.
Legacy Store IT (mssql)	Run base tests	2023-11-19T00:30:52.4465608Z -- testdb> 
Legacy Store IT (mssql)	Run base tests	2023-11-19T00:30:52.4466665Z -- 2023-11-19 00:30:52.44 spid39s     Database 'msdb' running the upgrade step from version 952 to version 953.
Legacy Store IT (mssql)	Run base tests	2023-11-19T00:30:52.4541384Z -- testdb> 
Legacy Store IT (mssql)	Run base tests	2023-11-19T00:30:52.4542675Z -- 2023-11-19 00:30:52.45 spid39s     Database 'msdb' running the upgrade step from version 953 to version 954.
Legacy Store IT (mssql)	Run base tests	2023-11-19T00:30:52.4594663Z -- testdb> 
Legacy Store IT (mssql)	Run base tests	2023-11-19T00:30:52.4596259Z -- 2023-11-19 00:30:52.45 spid39s     Database 'msdb' running the upgrade step from version 954 to version 955.
Legacy Store IT (mssql)	Run base tests	2023-11-19T00:30:52.4639549Z -- testdb> 
Legacy Store IT (mssql)	Run base tests	2023-11-19T00:30:52.4640663Z -- 2023-11-19 00:30:52.46 spid39s     Database 'msdb' running the upgrade step from version 955 to version 956.
Legacy Store IT (mssql)	Run base tests	2023-11-19T00:30:52.4845090Z -- testdb> 
Legacy Store IT (mssql)	Run base tests	2023-11-19T00:30:52.4846264Z -- 2023-11-19 00:30:52.48 spid39s     Database 'msdb' running the upgrade step from version 956 to version 957.
Legacy Store IT (mssql)	Run base tests	2023-11-19T00:30:52.5179952Z -- testdb> 
Legacy Store IT (mssql)	Run base tests	2023-11-19T00:30:52.5181430Z -- 2023-11-19 00:30:52.51 spid18s     Recovery is complete. This is an informational message only. No user action is required.
Legacy Store IT (mssql)	Run base tests	2023-11-19T00:30:52.6223733Z -- testdb> 
Legacy Store IT (mssql)	Run base tests	2023-11-19T00:30:52.6225046Z -- 2023-11-19 00:30:52.61 spid27s     The default language (LCID 0) has been set for engine and full-text services.
Legacy Store IT (mssql)	Run base tests	2023-11-19T00:30:52.7287894Z -- testdb> 
Legacy Store IT (mssql)	Run base tests	2023-11-19T00:30:52.7288815Z -- 2023-11-19 00:30:52.72 spid27s     The tempdb database has 4 data file(s).
Legacy Store IT (mssql)	Run base tests	2023-11-19T00:35:52.2946289Z -- testdb> 
Legacy Store IT (mssql)	Run base tests	2023-11-19T00:35:52.2947547Z -- 2023-11-19 00:35:52.29 spid51      XE session 'telemetry_xevents' started.
Legacy Store IT (mssql)	Run base tests	2023-11-19T00:36:18.3102397Z -- testdb> 
Legacy Store IT (mssql)	Run base tests	2023-11-19T00:36:18.3103861Z -- 2023-11-19 00:36:18.30 spid51      Attempting to load library 'xplog70.dll' into memory. This is an informational message only. No user action is required.
Legacy Store IT (mssql)	Run base tests	2023-11-19T00:36:18.3290243Z -- testdb> 
Legacy Store IT (mssql)	Run base tests	2023-11-19T00:36:18.3292132Z -- 2023-11-19 00:36:18.32 spid51      Using 'xplog70.dll' version '2022.160.4095' to execute extended stored procedure 'xp_msver'. This is an informational message only; no user action is required.
Legacy Store IT (mssql)	Run base tests	2023-11-19T00:38:48.8538005Z -- testdb> 
Legacy Store IT (mssql)	Run base tests	2023-11-19T00:38:48.8538836Z -- 2023-11-19 00:38:48.85 spid51      Using 'dbghelp.dll' version '4.0.5'
Legacy Store IT (mssql)	Run base tests	2023-11-19T00:47:32.2263531Z -- testdb> 
Legacy Store IT (mssql)	Run base tests	2023-11-19T00:47:32.2264396Z -- 2023-11-19 00:47:32.22 spid55      XE session 'telemetry_xevents' stopping.
Legacy Store IT (mssql)	Run base tests	2023-11-19T00:47:32.2382394Z -- testdb> 
Legacy Store IT (mssql)	Run base tests	2023-11-19T00:47:32.2383254Z -- 2023-11-19 00:47:32.23 spid55      XE session 'telemetry_xevents' started.
Legacy Store IT (mssql)	Run base tests	2023-11-19T01:04:08.2338690Z -- [ERROR] DOCKER> IO Error while requesting logs: org.apache.http.ConnectionClosedException: Premature end of chunk coded message body: closing chunk expected Thread-6
Legacy Store IT (mssql)	Run base tests	2023-11-19T01:04:08.2340770Z -- [ERROR] DOCKER> [mcr.microsoft.com/mssql/server:2022-latest] "testdb": Timeout after 2000066 ms while waiting on log out '(?si)SQL Server is now ready for client connections.*Service Broker manager has started'
Legacy Store IT (mssql)	Run base tests	2023-11-19T01:04:08.2352249Z -- [ERROR] DOCKER> Error occurred during container startup, shutting down...
Legacy Store IT (mssql)	Run base tests	2023-11-19T01:04:18.3719982Z -- testdb> 
Legacy Store IT (mssql)	Run base tests	2023-11-19T01:04:18.5640198Z -- [INFO] DOCKER> [mcr.microsoft.com/mssql/server:2022-latest] "testdb": Stop and removed container 73ebc8a318f6 after 10328 ms
Legacy Store IT (mssql)	Run base tests	2023-11-19T01:04:18.5806295Z -- [ERROR] DOCKER> I/O Error [[mcr.microsoft.com/mssql/server:2022-latest] "testdb": Timeout after 2000066 ms while waiting on log out '(?si)SQL Server is now ready for client connections.*Service Broker manager has started']
Legacy Store IT (mssql)	Run base tests	2023-11-19T01:04:18.5817879Z -- [INFO] ------------------------------------------------------------------------
Legacy Store IT (mssql)	Run base tests	2023-11-19T01:04:18.5818772Z -- [INFO] BUILD FAILURE
Legacy Store IT (mssql)	Run base tests	2023-11-19T01:04:18.5819661Z -- [INFO] ------------------------------------------------------------------------
Legacy Store IT (mssql)	Run base tests	2023-11-19T01:04:18.5822082Z -- [INFO] Total time:  34:21 min
Legacy Store IT (mssql)	Run base tests	2023-11-19T01:04:18.5823639Z -- [INFO] Finished at: 2023-11-19T01:04:18Z
Legacy Store IT (mssql)	Run base tests	2023-11-19T01:04:18.5824630Z -- [INFO] ------------------------------------------------------------------------
Legacy Store IT (mssql)	Run base tests	2023-11-19T01:04:18.5829635Z -- [WARNING] 
Legacy Store IT (mssql)	Run base tests	2023-11-19T01:04:18.5830612Z -- [WARNING] Plugin validation issues were detected in 9 plugin(s)
Legacy Store IT (mssql)	Run base tests	2023-11-19T01:04:18.5831401Z -- [WARNING] 
Legacy Store IT (mssql)	Run base tests	2023-11-19T01:04:18.5833762Z -- [WARNING]  * org.apache.maven.plugins:maven-dependency-plugin:3.1.2
Legacy Store IT (mssql)	Run base tests	2023-11-19T01:04:18.5834710Z -- [WARNING]  * org.jboss.shrinkwrap.resolver:shrinkwrap-resolver-maven-plugin:3.1.4
Legacy Store IT (mssql)	Run base tests	2023-11-19T01:04:18.5835837Z -- [WARNING]  * org.apache.maven.plugins:maven-resources-plugin:3.0.1
Legacy Store IT (mssql)	Run base tests	2023-11-19T01:04:18.5836932Z -- [WARNING]  * org.apache.maven.plugins:maven-antrun-plugin:1.8
Legacy Store IT (mssql)	Run base tests	2023-11-19T01:04:18.5838019Z -- [WARNING]  * org.apache.maven.plugins:maven-compiler-plugin:3.8.1
Legacy Store IT (mssql)	Run base tests	2023-11-19T01:04:18.5839176Z -- [WARNING]  * org.commonjava.maven.plugins:directory-maven-plugin:0.3.1
Legacy Store IT (mssql)	Run base tests	2023-11-19T01:04:18.5840414Z -- [WARNING]  * io.fabric8:docker-maven-plugin:0.40.3
Legacy Store IT (mssql)	Run base tests	2023-11-19T01:04:18.5841366Z -- [WARNING]  * org.codehaus.mojo:buildnumber-maven-plugin:1.4
Legacy Store IT (mssql)	Run base tests	2023-11-19T01:04:18.5845380Z -- [WARNING]  * org.apache.maven.plugins:maven-enforcer-plugin:3.0.0-M3
Legacy Store IT (mssql)	Run base tests	2023-11-19T01:04:18.5846184Z -- [WARNING] 
Legacy Store IT (mssql)	Run base tests	2023-11-19T01:04:18.5847126Z -- [WARNING] For more or less details, use 'maven.plugin.validation' property with one of the values (case insensitive): [BRIEF, DEFAULT, VERBOSE]
Legacy Store IT (mssql)	Run base tests	2023-11-19T01:04:18.5848204Z -- [WARNING] 
Legacy Store IT (mssql)	Run base tests	2023-11-19T01:04:18.5851526Z -- [ERROR] Failed to execute goal io.fabric8:docker-maven-plugin:0.40.3:start (start-db-container) on project integration-arquillian-tests-base: I/O Error: [mcr.microsoft.com/mssql/server:2022-latest] "testdb": Timeout after 2000066 ms while waiting on log out '(?si)SQL Server is now ready for client connections.*Service Broker manager has started' -> [Help 1]
Legacy Store IT (mssql)	Run base tests	2023-11-19T01:04:18.5855085Z -- [ERROR] 
Legacy Store IT (mssql)	Run base tests	2023-11-19T01:04:18.5855971Z -- [ERROR] To see the full stack trace of the errors, re-run Maven with the -e switch.
Legacy Store IT (mssql)	Run base tests	2023-11-19T01:04:18.5857207Z -- [ERROR] Re-run Maven using the -X switch to enable full debug logging.
Legacy Store IT (mssql)	Run base tests	2023-11-19T01:04:18.5858124Z -- [ERROR] 
Legacy Store IT (mssql)	Run base tests	2023-11-19T01:04:18.5859219Z -- [ERROR] For more information about the errors and possible solutions, please read the following articles:
Legacy Store IT (mssql)	Run base tests	2023-11-19T01:04:18.5860948Z -- [ERROR] [Help 1] http://cwiki.apache.org/confluence/display/MAVEN/MojoExecutionException
Legacy Store IT (mssql)	Run base tests	2023-11-19T01:04:18.6301658Z ##[error]Process completed with exit code 1.
Status Check - Keycloak CI	Run /./.github/actions/status-check	2023-11-19T01:23:25.8578731Z Prepare all required actions
Status Check - Keycloak CI	Run /./.github/actions/status-check	2023-11-19T01:23:25.8666263Z ##[group]Run ./.github/actions/status-check
Status Check - Keycloak CI	Run /./.github/actions/status-check	2023-11-19T01:23:25.8666764Z with:
Status Check - Keycloak CI	Run /./.github/actions/status-check	2023-11-19T01:23:25.8670617Z   jobs: {
Status Check - Keycloak CI	Run /./.github/actions/status-check	  "conditional": {
Status Check - Keycloak CI	Run /./.github/actions/status-check	    "result": "success",
Status Check - Keycloak CI	Run /./.github/actions/status-check	    "outputs": {
Status Check - Keycloak CI	Run /./.github/actions/status-check	      "ci": "true",
Status Check - Keycloak CI	Run /./.github/actions/status-check	      "ci-sssd": "true",
Status Check - Keycloak CI	Run /./.github/actions/status-check	      "ci-store": "true"
Status Check - Keycloak CI	Run /./.github/actions/status-check	    }
Status Check - Keycloak CI	Run /./.github/actions/status-check	  },
Status Check - Keycloak CI	Run /./.github/actions/status-check	  "unit-tests": {
Status Check - Keycloak CI	Run /./.github/actions/status-check	    "result": "success",
Status Check - Keycloak CI	Run /./.github/actions/status-check	    "outputs": {}
Status Check - Keycloak CI	Run /./.github/actions/status-check	  },
Status Check - Keycloak CI	Run /./.github/actions/status-check	  "base-integration-tests": {
Status Check - Keycloak CI	Run /./.github/actions/status-check	    "result": "success",
Status Check - Keycloak CI	Run /./.github/actions/status-check	    "outputs": {}
Status Check - Keycloak CI	Run /./.github/actions/status-check	  },
Status Check - Keycloak CI	Run /./.github/actions/status-check	  "quarkus-unit-tests": {
Status Check - Keycloak CI	Run /./.github/actions/status-check	    "result": "success",
Status Check - Keycloak CI	Run /./.github/actions/status-check	    "outputs": {}
Status Check - Keycloak CI	Run /./.github/actions/status-check	  },
Status Check - Keycloak CI	Run /./.github/actions/status-check	  "quarkus-integration-tests": {
Status Check - Keycloak CI	Run /./.github/actions/status-check	    "result": "success",
Status Check - Keycloak CI	Run /./.github/actions/status-check	    "outputs": {}
Status Check - Keycloak CI	Run /./.github/actions/status-check	  },
Status Check - Keycloak CI	Run /./.github/actions/status-check	  "jdk-integration-tests": {
Status Check - Keycloak CI	Run /./.github/actions/status-check	    "result": "success",
Status Check - Keycloak CI	Run /./.github/actions/status-check	    "outputs": {}
Status Check - Keycloak CI	Run /./.github/actions/status-check	  },
Status Check - Keycloak CI	Run /./.github/actions/status-check	  "legacy-store-integration-tests": {
Status Check - Keycloak CI	Run /./.github/actions/status-check	    "result": "failure",
Status Check - Keycloak CI	Run /./.github/actions/status-check	    "outputs": {}
Status Check - Keycloak CI	Run /./.github/actions/status-check	  },
Status Check - Keycloak CI	Run /./.github/actions/status-check	  "store-model-tests": {
Status Check - Keycloak CI	Run /./.github/actions/status-check	    "result": "success",
Status Check - Keycloak CI	Run /./.github/actions/status-check	    "outputs": {}
Status Check - Keycloak CI	Run /./.github/actions/status-check	  },
Status Check - Keycloak CI	Run /./.github/actions/status-check	  "clustering-integration-tests": {
Status Check - Keycloak CI	Run /./.github/actions/status-check	    "result": "success",
Status Check - Keycloak CI	Run /./.github/actions/status-check	    "outputs": {}
Status Check - Keycloak CI	Run /./.github/actions/status-check	  },
Status Check - Keycloak CI	Run /./.github/actions/status-check	  "fips-unit-tests": {
Status Check - Keycloak CI	Run /./.github/actions/status-check	    "result": "success",
Status Check - Keycloak CI	Run /./.github/actions/status-check	    "outputs": {}
Status Check - Keycloak CI	Run /./.github/actions/status-check	  },
Status Check - Keycloak CI	Run /./.github/actions/status-check	  "fips-integration-tests": {
Status Check - Keycloak CI	Run /./.github/actions/status-check	    "result": "success",
Status Check - Keycloak CI	Run /./.github/actions/status-check	    "outputs": {}
Status Check - Keycloak CI	Run /./.github/actions/status-check	  },
Status Check - Keycloak CI	Run /./.github/actions/status-check	  "account-console-integration-tests": {
Status Check - Keycloak CI	Run /./.github/actions/status-check	    "result": "success",
Status Check - Keycloak CI	Run /./.github/actions/status-check	    "outputs": {}
Status Check - Keycloak CI	Run /./.github/actions/status-check	  },
Status Check - Keycloak CI	Run /./.github/actions/status-check	  "forms-integration-tests": {
Status Check - Keycloak CI	Run /./.github/actions/status-check	    "result": "success",
Status Check - Keycloak CI	Run /./.github/actions/status-check	    "outputs": {}
Status Check - Keycloak CI	Run /./.github/actions/status-check	  },
Status Check - Keycloak CI	Run /./.github/actions/status-check	  "webauthn-integration-tests": {
Status Check - Keycloak CI	Run /./.github/actions/status-check	    "result": "success",
Status Check - Keycloak CI	Run /./.github/actions/status-check	    "outputs": {}
Status Check - Keycloak CI	Run /./.github/actions/status-check	  },
Status Check - Keycloak CI	Run /./.github/actions/status-check	  "sssd-unit-tests": {
Status Check - Keycloak CI	Run /./.github/actions/status-check	    "result": "success",
Status Check - Keycloak CI	Run /./.github/actions/status-check	    "outputs": {}
Status Check - Keycloak CI	Run /./.github/actions/status-check	  },
Status Check - Keycloak CI	Run /./.github/actions/status-check	  "migration-tests": {
Status Check - Keycloak CI	Run /./.github/actions/status-check	    "result": "success",
Status Check - Keycloak CI	Run /./.github/actions/status-check	    "outputs": {}
Status Check - Keycloak CI	Run /./.github/actions/status-check	  }
Status Check - Keycloak CI	Run /./.github/actions/status-check	}
Status Check - Keycloak CI	Run /./.github/actions/status-check	2023-11-19T01:23:25.8675195Z env:
Status Check - Keycloak CI	Run /./.github/actions/status-check	2023-11-19T01:23:25.8675605Z   MAVEN_ARGS: -B -nsu -Daether.connector.http.connectionMaxTtl=25
Status Check - Keycloak CI	Run /./.github/actions/status-check	2023-11-19T01:23:25.8676177Z   SUREFIRE_RERUN_FAILING_COUNT: 2
Status Check - Keycloak CI	Run /./.github/actions/status-check	2023-11-19T01:23:25.8676717Z   SUREFIRE_RETRY: -Dsurefire.rerunFailingTestsCount=2
Status Check - Keycloak CI	Run /./.github/actions/status-check	2023-11-19T01:23:25.8677158Z ##[endgroup]
Status Check - Keycloak CI	Run /./.github/actions/status-check	2023-11-19T01:23:25.8930500Z ##[group]Run JOBS='{
Status Check - Keycloak CI	Run /./.github/actions/status-check	2023-11-19T01:23:25.8931137Z [36;1mJOBS='{[0m
Status Check - Keycloak CI	Run /./.github/actions/status-check	2023-11-19T01:23:25.8931507Z [36;1m  "conditional": {[0m
Status Check - Keycloak CI	Run /./.github/actions/status-check	2023-11-19T01:23:25.8931920Z [36;1m    "result": "success",[0m
Status Check - Keycloak CI	Run /./.github/actions/status-check	2023-11-19T01:23:25.8932422Z [36;1m    "outputs": {[0m
Status Check - Keycloak CI	Run /./.github/actions/status-check	2023-11-19T01:23:25.8932796Z [36;1m      "ci": "true",[0m
Status Check - Keycloak CI	Run /./.github/actions/status-check	2023-11-19T01:23:25.8933252Z [36;1m      "ci-sssd": "true",[0m
Status Check - Keycloak CI	Run /./.github/actions/status-check	2023-11-19T01:23:25.8933618Z [36;1m      "ci-store": "true"[0m
Status Check - Keycloak CI	Run /./.github/actions/status-check	2023-11-19T01:23:25.8934026Z [36;1m    }[0m
Status Check - Keycloak CI	Run /./.github/actions/status-check	2023-11-19T01:23:25.8934439Z [36;1m  },[0m
Status Check - Keycloak CI	Run /./.github/actions/status-check	2023-11-19T01:23:25.8934728Z [36;1m  "unit-tests": {[0m
Status Check - Keycloak CI	Run /./.github/actions/status-check	2023-11-19T01:23:25.8935117Z [36;1m    "result": "success",[0m
Status Check - Keycloak CI	Run /./.github/actions/status-check	2023-11-19T01:23:25.8935565Z [36;1m    "outputs": {}[0m
Status Check - Keycloak CI	Run /./.github/actions/status-check	2023-11-19T01:23:25.8935887Z [36;1m  },[0m
Status Check - Keycloak CI	Run /./.github/actions/status-check	2023-11-19T01:23:25.8936256Z [36;1m  "base-integration-tests": {[0m
Status Check - Keycloak CI	Run /./.github/actions/status-check	2023-11-19T01:23:25.8936740Z [36;1m    "result": "success",[0m
Status Check - Keycloak CI	Run /./.github/actions/status-check	2023-11-19T01:23:25.8937102Z [36;1m    "outputs": {}[0m
Status Check - Keycloak CI	Run /./.github/actions/status-check	2023-11-19T01:23:25.8937475Z [36;1m  },[0m
Status Check - Keycloak CI	Run /./.github/actions/status-check	2023-11-19T01:23:25.8937868Z [36;1m  "quarkus-unit-tests": {[0m
Status Check - Keycloak CI	Run /./.github/actions/status-check	2023-11-19T01:23:25.8938251Z [36;1m    "result": "success",[0m
Status Check - Keycloak CI	Run /./.github/actions/status-check	2023-11-19T01:23:25.8938661Z [36;1m    "outputs": {}[0m
Status Check - Keycloak CI	Run /./.github/actions/status-check	2023-11-19T01:23:25.8939072Z [36;1m  },[0m
Status Check - Keycloak CI	Run /./.github/actions/status-check	2023-11-19T01:23:25.8939396Z [36;1m  "quarkus-integration-tests": {[0m
Status Check - Keycloak CI	Run /./.github/actions/status-check	2023-11-19T01:23:25.8939857Z [36;1m    "result": "success",[0m
Status Check - Keycloak CI	Run /./.github/actions/status-check	2023-11-19T01:23:25.8940303Z [36;1m    "outputs": {}[0m
Status Check - Keycloak CI	Run /./.github/actions/status-check	2023-11-19T01:23:25.8940636Z [36;1m  },[0m
Status Check - Keycloak CI	Run /./.github/actions/status-check	2023-11-19T01:23:25.8940985Z [36;1m  "jdk-integration-tests": {[0m
Status Check - Keycloak CI	Run /./.github/actions/status-check	2023-11-19T01:23:25.8941477Z [36;1m    "result": "success",[0m
Status Check - Keycloak CI	Run /./.github/actions/status-check	2023-11-19T01:23:25.8941853Z [36;1m    "outputs": {}[0m
Status Check - Keycloak CI	Run /./.github/actions/status-check	2023-11-19T01:23:25.8942203Z [36;1m  },[0m
Status Check - Keycloak CI	Run /./.github/actions/status-check	2023-11-19T01:23:25.8942634Z [36;1m  "legacy-store-integration-tests": {[0m
Status Check - Keycloak CI	Run /./.github/actions/status-check	2023-11-19T01:23:25.8943074Z [36;1m    "result": "failure",[0m
Status Check - Keycloak CI	Run /./.github/actions/status-check	2023-11-19T01:23:25.8943460Z [36;1m    "outputs": {}[0m
Status Check - Keycloak CI	Run /./.github/actions/status-check	2023-11-19T01:23:25.8943866Z [36;1m  },[0m
Status Check - Keycloak CI	Run /./.github/actions/status-check	2023-11-19T01:23:25.8944175Z [36;1m  "store-model-tests": {[0m
Status Check - Keycloak CI	Run /./.github/actions/status-check	2023-11-19T01:23:25.8944572Z [36;1m    "result": "success",[0m
Status Check - Keycloak CI	Run /./.github/actions/status-check	2023-11-19T01:23:25.8945029Z [36;1m    "outputs": {}[0m
Status Check - Keycloak CI	Run /./.github/actions/status-check	2023-11-19T01:23:25.8945349Z [36;1m  },[0m
Status Check - Keycloak CI	Run /./.github/actions/status-check	2023-11-19T01:23:25.8945710Z [36;1m  "clustering-integration-tests": {[0m
Status Check - Keycloak CI	Run /./.github/actions/status-check	2023-11-19T01:23:25.8946499Z [36;1m    "result": "success",[0m
Status Check - Keycloak CI	Run /./.github/actions/status-check	2023-11-19T01:23:25.8946859Z [36;1m    "outputs": {}[0m
Status Check - Keycloak CI	Run /./.github/actions/status-check	2023-11-19T01:23:25.8947205Z [36;1m  },[0m
Status Check - Keycloak CI	Run /./.github/actions/status-check	2023-11-19T01:23:25.8947618Z [36;1m  "fips-unit-tests": {[0m
Status Check - Keycloak CI	Run /./.github/actions/status-check	2023-11-19T01:23:25.8947973Z [36;1m    "result": "success",[0m
Status Check - Keycloak CI	Run /./.github/actions/status-check	2023-11-19T01:23:25.8948351Z [36;1m    "outputs": {}[0m
Status Check - Keycloak CI	Run /./.github/actions/status-check	2023-11-19T01:23:25.8948773Z [36;1m  },[0m
Status Check - Keycloak CI	Run /./.github/actions/status-check	2023-11-19T01:23:25.8949076Z [36;1m  "fips-integration-tests": {[0m
Status Check - Keycloak CI	Run /./.github/actions/status-check	2023-11-19T01:23:25.8949504Z [36;1m    "result": "success",[0m
Status Check - Keycloak CI	Run /./.github/actions/status-check	2023-11-19T01:23:25.8949950Z [36;1m    "outputs": {}[0m
Status Check - Keycloak CI	Run /./.github/actions/status-check	2023-11-19T01:23:25.8950258Z [36;1m  },[0m
Status Check - Keycloak CI	Run /./.github/actions/status-check	2023-11-19T01:23:25.8950651Z [36;1m  "account-console-integration-tests": {[0m
Status Check - Keycloak CI	Run /./.github/actions/status-check	2023-11-19T01:23:25.8951184Z [36;1m    "result": "success",[0m
Status Check - Keycloak CI	Run /./.github/actions/status-check	2023-11-19T01:23:25.8951534Z [36;1m    "outputs": {}[0m
Status Check - Keycloak CI	Run /./.github/actions/status-check	2023-11-19T01:23:25.8951896Z [36;1m  },[0m
Status Check - Keycloak CI	Run /./.github/actions/status-check	2023-11-19T01:23:25.8952304Z [36;1m  "forms-integration-tests": {[0m
Status Check - Keycloak CI	Run /./.github/actions/status-check	2023-11-19T01:23:25.8952854Z [36;1m    "result": "success",[0m
Status Check - Keycloak CI	Run /./.github/actions/status-check	2023-11-19T01:23:25.8953260Z [36;1m    "outputs": {}[0m
Status Check - Keycloak CI	Run /./.github/actions/status-check	2023-11-19T01:23:25.8953755Z [36;1m  },[0m
Status Check - Keycloak CI	Run /./.github/actions/status-check	2023-11-19T01:23:25.8954132Z [36;1m  "webauthn-integration-tests": {[0m
Status Check - Keycloak CI	Run /./.github/actions/status-check	2023-11-19T01:23:25.8954534Z [36;1m    "result": "success",[0m
Status Check - Keycloak CI	Run /./.github/actions/status-check	2023-11-19T01:23:25.8954979Z [36;1m    "outputs": {}[0m
Status Check - Keycloak CI	Run /./.github/actions/status-check	2023-11-19T01:23:25.8955347Z [36;1m  },[0m
Status Check - Keycloak CI	Run /./.github/actions/status-check	2023-11-19T01:23:25.8955632Z [36;1m  "sssd-unit-tests": {[0m
Status Check - Keycloak CI	Run /./.github/actions/status-check	2023-11-19T01:23:25.8956077Z [36;1m    "result": "success",[0m
Status Check - Keycloak CI	Run /./.github/actions/status-check	2023-11-19T01:23:25.8956474Z [36;1m    "outputs": {}[0m
Status Check - Keycloak CI	Run /./.github/actions/status-check	2023-11-19T01:23:25.8956780Z [36;1m  },[0m
Status Check - Keycloak CI	Run /./.github/actions/status-check	2023-11-19T01:23:25.8957169Z [36;1m  "migration-tests": {[0m
Status Check - Keycloak CI	Run /./.github/actions/status-check	2023-11-19T01:23:25.8957570Z [36;1m    "result": "success",[0m
Status Check - Keycloak CI	Run /./.github/actions/status-check	2023-11-19T01:23:25.8957916Z [36;1m    "outputs": {}[0m
Status Check - Keycloak CI	Run /./.github/actions/status-check	2023-11-19T01:23:25.8958334Z [36;1m  }[0m
Status Check - Keycloak CI	Run /./.github/actions/status-check	2023-11-19T01:23:25.8958634Z [36;1m}'[0m
Status Check - Keycloak CI	Run /./.github/actions/status-check	2023-11-19T01:23:25.8958904Z [36;1m[0m
Status Check - Keycloak CI	Run /./.github/actions/status-check	2023-11-19T01:23:25.8959286Z [36;1mecho "Job status:"[0m
Status Check - Keycloak CI	Run /./.github/actions/status-check	2023-11-19T01:23:25.8959812Z [36;1mecho $JOBS | jq -r 'to_entries[] | " - \(.key): \(.value.result)"'[0m
Status Check - Keycloak CI	Run /./.github/actions/status-check	2023-11-19T01:23:25.8960312Z [36;1m[0m
Status Check - Keycloak CI	Run /./.github/actions/status-check	2023-11-19T01:23:25.8960839Z [36;1mfor i in $(echo $JOBS | jq -r 'to_entries[] | .value.result'); do[0m
Status Check - Keycloak CI	Run /./.github/actions/status-check	2023-11-19T01:23:25.8961476Z [36;1m  if [ "$i" != "success" ] && [ "$i" != "skipped" ]; then[0m
Status Check - Keycloak CI	Run /./.github/actions/status-check	2023-11-19T01:23:25.8961931Z [36;1m    echo ""[0m
Status Check - Keycloak CI	Run /./.github/actions/status-check	2023-11-19T01:23:25.8962394Z [36;1m    echo "Status check not okay!"[0m
Status Check - Keycloak CI	Run /./.github/actions/status-check	2023-11-19T01:23:25.8962834Z [36;1m    exit 1[0m
Status Check - Keycloak CI	Run /./.github/actions/status-check	2023-11-19T01:23:25.8963172Z [36;1m  fi[0m
Status Check - Keycloak CI	Run /./.github/actions/status-check	2023-11-19T01:23:25.8963620Z [36;1mdone[0m
Status Check - Keycloak CI	Run /./.github/actions/status-check	2023-11-19T01:23:25.9023675Z shell: /usr/bin/bash --noprofile --norc -e -o pipefail {0}
Status Check - Keycloak CI	Run /./.github/actions/status-check	2023-11-19T01:23:25.9024222Z env:
Status Check - Keycloak CI	Run /./.github/actions/status-check	2023-11-19T01:23:25.9024686Z   MAVEN_ARGS: -B -nsu -Daether.connector.http.connectionMaxTtl=25
Status Check - Keycloak CI	Run /./.github/actions/status-check	2023-11-19T01:23:25.9025337Z   SUREFIRE_RERUN_FAILING_COUNT: 2
Status Check - Keycloak CI	Run /./.github/actions/status-check	2023-11-19T01:23:25.9025836Z   SUREFIRE_RETRY: -Dsurefire.rerunFailingTestsCount=2
Status Check - Keycloak CI	Run /./.github/actions/status-check	2023-11-19T01:23:25.9026296Z ##[endgroup]
Status Check - Keycloak CI	Run /./.github/actions/status-check	2023-11-19T01:23:25.9162536Z Job status:
Status Check - Keycloak CI	Run /./.github/actions/status-check	2023-11-19T01:23:25.9376620Z  - conditional: success
Status Check - Keycloak CI	Run /./.github/actions/status-check	2023-11-19T01:23:25.9377395Z  - unit-tests: success
Status Check - Keycloak CI	Run /./.github/actions/status-check	2023-11-19T01:23:25.9377904Z  - base-integration-tests: success
Status Check - Keycloak CI	Run /./.github/actions/status-check	2023-11-19T01:23:25.9378542Z  - quarkus-unit-tests: success
Status Check - Keycloak CI	Run /./.github/actions/status-check	2023-11-19T01:23:25.9379367Z  - quarkus-integration-tests: success
Status Check - Keycloak CI	Run /./.github/actions/status-check	2023-11-19T01:23:25.9380349Z  - jdk-integration-tests: success
Status Check - Keycloak CI	Run /./.github/actions/status-check	2023-11-19T01:23:25.9381268Z  - legacy-store-integration-tests: failure
Status Check - Keycloak CI	Run /./.github/actions/status-check	2023-11-19T01:23:25.9381824Z  - store-model-tests: success
Status Check - Keycloak CI	Run /./.github/actions/status-check	2023-11-19T01:23:25.9382485Z  - clustering-integration-tests: success
Status Check - Keycloak CI	Run /./.github/actions/status-check	2023-11-19T01:23:25.9383034Z  - fips-unit-tests: success
Status Check - Keycloak CI	Run /./.github/actions/status-check	2023-11-19T01:23:25.9383495Z  - fips-integration-tests: success
Status Check - Keycloak CI	Run /./.github/actions/status-check	2023-11-19T01:23:25.9384182Z  - account-console-integration-tests: success
Status Check - Keycloak CI	Run /./.github/actions/status-check	2023-11-19T01:23:25.9384788Z  - forms-integration-tests: success
Status Check - Keycloak CI	Run /./.github/actions/status-check	2023-11-19T01:23:25.9385618Z  - webauthn-integration-tests: success
Status Check - Keycloak CI	Run /./.github/actions/status-check	2023-11-19T01:23:25.9386650Z  - sssd-unit-tests: success
Status Check - Keycloak CI	Run /./.github/actions/status-check	2023-11-19T01:23:25.9387474Z  - migration-tests: success
Status Check - Keycloak CI	Run /./.github/actions/status-check	2023-11-19T01:23:25.9587591Z 
Status Check - Keycloak CI	Run /./.github/actions/status-check	2023-11-19T01:23:25.9587888Z Status check not okay!
Status Check - Keycloak CI	Run /./.github/actions/status-check	2023-11-19T01:23:25.9601063Z ##[error]Process completed with exit code 1.
