WebAuthn IT (firefox)	Run WebAuthn IT	2024-06-20T16:31:19.5540087Z ##[group]Run TESTS=`testsuite/integration-arquillian/tests/base/testsuites/suite.sh webauthn`
WebAuthn IT (firefox)	Run WebAuthn IT	2024-06-20T16:31:19.5540984Z [36;1mTESTS=`testsuite/integration-arquillian/tests/base/testsuites/suite.sh webauthn`[0m
WebAuthn IT (firefox)	Run WebAuthn IT	2024-06-20T16:31:19.5541553Z [36;1mecho "Tests: $TESTS"[0m
WebAuthn IT (firefox)	Run WebAuthn IT	2024-06-20T16:31:19.5542993Z [36;1m./mvnw test -Dsurefire.rerunFailingTestsCount=2 -Pauth-server-quarkus -Dtest=$TESTS -Dbrowser=firefox "-Dwebdriver.chrome.driver=$CHROMEWEBDRIVER/chromedriver" "-Dwebdriver.gecko.driver=$GECKOWEBDRIVER/geckodriver" -pl testsuite/integration-arquillian/tests/base 2>&1 | misc/log/trimmer.sh[0m
WebAuthn IT (firefox)	Run WebAuthn IT	2024-06-20T16:31:19.5605087Z shell: /usr/bin/bash --noprofile --norc -e -o pipefail {0}
WebAuthn IT (firefox)	Run WebAuthn IT	2024-06-20T16:31:19.5605516Z env:
WebAuthn IT (firefox)	Run WebAuthn IT	2024-06-20T16:31:19.5605865Z   MAVEN_ARGS: -B -nsu -Daether.connector.http.connectionMaxTtl=25
WebAuthn IT (firefox)	Run WebAuthn IT	2024-06-20T16:31:19.5606337Z   SUREFIRE_RERUN_FAILING_COUNT: 2
WebAuthn IT (firefox)	Run WebAuthn IT	2024-06-20T16:31:19.5606736Z   SUREFIRE_RETRY: -Dsurefire.rerunFailingTestsCount=2
WebAuthn IT (firefox)	Run WebAuthn IT	2024-06-20T16:31:19.5607285Z   JAVA_HOME: /opt/hostedtoolcache/Java_Temurin-Hotspot_jdk/21.0.3-9/x64
WebAuthn IT (firefox)	Run WebAuthn IT	2024-06-20T16:31:19.5607939Z   JAVA_HOME_21_X64: /opt/hostedtoolcache/Java_Temurin-Hotspot_jdk/21.0.3-9/x64
WebAuthn IT (firefox)	Run WebAuthn IT	2024-06-20T16:31:19.5608414Z ##[endgroup]
WebAuthn IT (firefox)	Run WebAuthn IT	2024-06-20T16:31:19.5817857Z Tests: org.keycloak.testsuite.webauthn.**
WebAuthn IT (firefox)	Run WebAuthn IT	2024-06-20T16:31:36.5481533Z -- [INFO] Loading cache configuration from /home/runner/work/keycloak/keycloak/.mvn/maven-build-cache-config.xml
WebAuthn IT (firefox)	Run WebAuthn IT	2024-06-20T16:31:36.5617114Z -- [INFO] Scanning for projects...
WebAuthn IT (firefox)	Run WebAuthn IT	2024-06-20T16:31:37.7623885Z -- [INFO] 
WebAuthn IT (firefox)	Run WebAuthn IT	2024-06-20T16:31:37.7638635Z -- [INFO] ------< org.keycloak.testsuite:integration-arquillian-tests-base >------
WebAuthn IT (firefox)	Run WebAuthn IT	2024-06-20T16:31:37.7640349Z -- [INFO] Building Base TestSuite 999.0.0-SNAPSHOT
WebAuthn IT (firefox)	Run WebAuthn IT	2024-06-20T16:31:37.7641447Z -- [INFO]   from pom.xml
WebAuthn IT (firefox)	Run WebAuthn IT	2024-06-20T16:31:37.7642724Z -- [INFO] --------------------------------[ jar ]---------------------------------
WebAuthn IT (firefox)	Run WebAuthn IT	2024-06-20T16:31:37.8133536Z -- [WARNING] Parameter 'overWriteIfNewer' is unknown for plugin 'maven-resources-plugin:3.0.1:copy-resources (example-realms)'
WebAuthn IT (firefox)	Run WebAuthn IT	2024-06-20T16:31:38.4746665Z -- [INFO] Downloading from central: https://repo.maven.apache.org/maven2/org/infinispan/infinispan-core/15.0.5.Final/infinispan-core-15.0.5.Final.pom
WebAuthn IT (firefox)	Run WebAuthn IT	2024-06-20T16:31:38.6925833Z -- [INFO] Downloaded from central: https://repo.maven.apache.org/maven2/org/infinispan/infinispan-core/15.0.5.Final/infinispan-core-15.0.5.Final.pom (9.3 kB at 42 kB/s)
WebAuthn IT (firefox)	Run WebAuthn IT	2024-06-20T16:31:38.7024832Z -- [INFO] Downloading from central: https://repo.maven.apache.org/maven2/org/infinispan/infinispan-parent/15.0.5.Final/infinispan-parent-15.0.5.Final.pom
WebAuthn IT (firefox)	Run WebAuthn IT	2024-06-20T16:31:38.7649699Z -- [INFO] Downloaded from central: https://repo.maven.apache.org/maven2/org/infinispan/infinispan-parent/15.0.5.Final/infinispan-parent-15.0.5.Final.pom (143 kB at 2.3 MB/s)
WebAuthn IT (firefox)	Run WebAuthn IT	2024-06-20T16:31:38.7774310Z -- [INFO] Downloading from central: https://repo.maven.apache.org/maven2/org/infinispan/infinispan-commons/15.0.5.Final/infinispan-commons-15.0.5.Final.pom
WebAuthn IT (firefox)	Run WebAuthn IT	2024-06-20T16:31:38.7847932Z -- [INFO] Downloaded from central: https://repo.maven.apache.org/maven2/org/infinispan/infinispan-commons/15.0.5.Final/infinispan-commons-15.0.5.Final.pom (10 kB at 1.3 MB/s)
WebAuthn IT (firefox)	Run WebAuthn IT	2024-06-20T16:31:38.7871415Z -- [INFO] Downloading from central: https://repo.maven.apache.org/maven2/org/infinispan/infinispan-commons-parent/15.0.5.Final/infinispan-commons-parent-15.0.5.Final.pom
WebAuthn IT (firefox)	Run WebAuthn IT	2024-06-20T16:31:38.7935426Z -- [INFO] Downloaded from central: https://repo.maven.apache.org/maven2/org/infinispan/infinispan-commons-parent/15.0.5.Final/infinispan-commons-parent-15.0.5.Final.pom (944 B at 157 kB/s)
WebAuthn IT (firefox)	Run WebAuthn IT	2024-06-20T16:31:38.8090950Z -- [INFO] Artifact org.jboss:jboss-parent:pom:36 is present in the local repository, but cached from a remote repository ID that is unavailable in current build context, verifying that is downloadable from [central (https://repo.maven.apache.org/maven2, default, releases)]
WebAuthn IT (firefox)	Run WebAuthn IT	2024-06-20T16:31:38.8096231Z -- [INFO] Artifact org.jboss:jboss-parent:pom:36 is present in the local repository, but cached from a remote repository ID that is unavailable in current build context, verifying that is downloadable from [central (https://repo.maven.apache.org/maven2, default, releases)]
WebAuthn IT (firefox)	Run WebAuthn IT	2024-06-20T16:31:38.8126362Z -- [INFO] Downloading from central: https://repo.maven.apache.org/maven2/org/jboss/jboss-parent/36/jboss-parent-36.pom
WebAuthn IT (firefox)	Run WebAuthn IT	2024-06-20T16:31:38.8137284Z -- [INFO] Downloaded from central: https://repo.maven.apache.org/maven2/org/jboss/jboss-parent/36/jboss-parent-36.pom (0 B at 0 B/s)
WebAuthn IT (firefox)	Run WebAuthn IT	2024-06-20T16:31:38.8185936Z -- [INFO] Artifact org.jboss:jboss-parent:pom:34 is present in the local repository, but cached from a remote repository ID that is unavailable in current build context, verifying that is downloadable from [central (https://repo.maven.apache.org/maven2, default, releases)]
WebAuthn IT (firefox)	Run WebAuthn IT	2024-06-20T16:31:38.8190966Z -- [INFO] Artifact org.jboss:jboss-parent:pom:34 is present in the local repository, but cached from a remote repository ID that is unavailable in current build context, verifying that is downloadable from [central (https://repo.maven.apache.org/maven2, default, releases)]
WebAuthn IT (firefox)	Run WebAuthn IT	2024-06-20T16:31:38.8201315Z -- [INFO] Downloading from central: https://repo.maven.apache.org/maven2/org/jboss/jboss-parent/34/jboss-parent-34.pom
WebAuthn IT (firefox)	Run WebAuthn IT	2024-06-20T16:31:38.8217412Z -- [INFO] Downloaded from central: https://repo.maven.apache.org/maven2/org/jboss/jboss-parent/34/jboss-parent-34.pom (0 B at 0 B/s)
WebAuthn IT (firefox)	Run WebAuthn IT	2024-06-20T16:31:38.8264855Z -- [INFO] Downloading from central: https://repo.maven.apache.org/maven2/org/infinispan/infinispan-cachestore-remote/15.0.5.Final/infinispan-cachestore-remote-15.0.5.Final.pom
WebAuthn IT (firefox)	Run WebAuthn IT	2024-06-20T16:31:38.8373086Z -- [INFO] Downloaded from central: https://repo.maven.apache.org/maven2/org/infinispan/infinispan-cachestore-remote/15.0.5.Final/infinispan-cachestore-remote-15.0.5.Final.pom (6.4 kB at 581 kB/s)
WebAuthn IT (firefox)	Run WebAuthn IT	2024-06-20T16:31:38.8404400Z -- [INFO] Downloading from central: https://repo.maven.apache.org/maven2/org/infinispan/infinispan-persistence-parent/15.0.5.Final/infinispan-persistence-parent-15.0.5.Final.pom
WebAuthn IT (firefox)	Run WebAuthn IT	2024-06-20T16:31:38.8465246Z -- [INFO] Downloaded from central: https://repo.maven.apache.org/maven2/org/infinispan/infinispan-persistence-parent/15.0.5.Final/infinispan-persistence-parent-15.0.5.Final.pom (1.2 kB at 202 kB/s)
WebAuthn IT (firefox)	Run WebAuthn IT	2024-06-20T16:31:38.8578373Z -- [INFO] Downloading from central: https://repo.maven.apache.org/maven2/org/infinispan/infinispan-client-hotrod/15.0.5.Final/infinispan-client-hotrod-15.0.5.Final.pom
WebAuthn IT (firefox)	Run WebAuthn IT	2024-06-20T16:31:38.8699859Z -- [INFO] Downloaded from central: https://repo.maven.apache.org/maven2/org/infinispan/infinispan-client-hotrod/15.0.5.Final/infinispan-client-hotrod-15.0.5.Final.pom (11 kB at 981 kB/s)
WebAuthn IT (firefox)	Run WebAuthn IT	2024-06-20T16:31:38.9770124Z -- [INFO] Downloading from central: https://repo.maven.apache.org/maven2/org/infinispan/infinispan-multimap/15.0.5.Final/infinispan-multimap-15.0.5.Final.pom
WebAuthn IT (firefox)	Run WebAuthn IT	2024-06-20T16:31:38.9829082Z -- [INFO] Downloaded from central: https://repo.maven.apache.org/maven2/org/infinispan/infinispan-multimap/15.0.5.Final/infinispan-multimap-15.0.5.Final.pom (4.2 kB at 696 kB/s)
WebAuthn IT (firefox)	Run WebAuthn IT	2024-06-20T16:31:39.1456554Z -- [INFO] Downloading from central: https://repo.maven.apache.org/maven2/org/infinispan/infinispan-tasks-api/15.0.5.Final/infinispan-tasks-api-15.0.5.Final.pom
WebAuthn IT (firefox)	Run WebAuthn IT	2024-06-20T16:31:39.1510145Z -- [INFO] Downloaded from central: https://repo.maven.apache.org/maven2/org/infinispan/infinispan-tasks-api/15.0.5.Final/infinispan-tasks-api-15.0.5.Final.pom (1.3 kB at 215 kB/s)
WebAuthn IT (firefox)	Run WebAuthn IT	2024-06-20T16:31:39.3137795Z -- [INFO] Downloading from central: https://repo.maven.apache.org/maven2/org/infinispan/infinispan-server-hotrod/15.0.5.Final/infinispan-server-hotrod-15.0.5.Final.pom
WebAuthn IT (firefox)	Run WebAuthn IT	2024-06-20T16:31:39.3197831Z -- [INFO] Downloaded from central: https://repo.maven.apache.org/maven2/org/infinispan/infinispan-server-hotrod/15.0.5.Final/infinispan-server-hotrod-15.0.5.Final.pom (4.3 kB at 724 kB/s)
WebAuthn IT (firefox)	Run WebAuthn IT	2024-06-20T16:31:39.3217140Z -- [INFO] Downloading from central: https://repo.maven.apache.org/maven2/org/infinispan/infinispan-server-parent/15.0.5.Final/infinispan-server-parent-15.0.5.Final.pom
WebAuthn IT (firefox)	Run WebAuthn IT	2024-06-20T16:31:39.3282121Z -- [INFO] Downloaded from central: https://repo.maven.apache.org/maven2/org/infinispan/infinispan-server-parent/15.0.5.Final/infinispan-server-parent-15.0.5.Final.pom (1.5 kB at 244 kB/s)
WebAuthn IT (firefox)	Run WebAuthn IT	2024-06-20T16:31:39.3332893Z -- [INFO] Downloading from central: https://repo.maven.apache.org/maven2/org/infinispan/infinispan-server-core/15.0.5.Final/infinispan-server-core-15.0.5.Final.pom
WebAuthn IT (firefox)	Run WebAuthn IT	2024-06-20T16:31:39.3384217Z -- [INFO] Downloaded from central: https://repo.maven.apache.org/maven2/org/infinispan/infinispan-server-core/15.0.5.Final/infinispan-server-core-15.0.5.Final.pom (7.6 kB at 1.5 MB/s)
WebAuthn IT (firefox)	Run WebAuthn IT	2024-06-20T16:31:39.3452448Z -- [INFO] Downloading from central: https://repo.maven.apache.org/maven2/org/infinispan/infinispan-tasks/15.0.5.Final/infinispan-tasks-15.0.5.Final.pom
WebAuthn IT (firefox)	Run WebAuthn IT	2024-06-20T16:31:39.3521073Z -- [INFO] Downloaded from central: https://repo.maven.apache.org/maven2/org/infinispan/infinispan-tasks/15.0.5.Final/infinispan-tasks-15.0.5.Final.pom (3.0 kB at 424 kB/s)
WebAuthn IT (firefox)	Run WebAuthn IT	2024-06-20T16:31:39.3737555Z -- [INFO] Downloading from central: https://repo.maven.apache.org/maven2/org/infinispan/infinispan-clustered-counter/15.0.5.Final/infinispan-clustered-counter-15.0.5.Final.pom
WebAuthn IT (firefox)	Run WebAuthn IT	2024-06-20T16:31:39.3800266Z -- [INFO] Downloaded from central: https://repo.maven.apache.org/maven2/org/infinispan/infinispan-clustered-counter/15.0.5.Final/infinispan-clustered-counter-15.0.5.Final.pom (4.7 kB at 674 kB/s)
WebAuthn IT (firefox)	Run WebAuthn IT	2024-06-20T16:31:39.4906704Z -- [INFO] Downloading from central: https://repo.maven.apache.org/maven2/org/jboss/arquillian/protocol/arquillian-protocol-servlet-jakarta/1.8.0.Final/arquillian-protocol-servlet-jakarta-1.8.0.Final.pom
WebAuthn IT (firefox)	Run WebAuthn IT	2024-06-20T16:31:39.5011140Z -- [INFO] Downloaded from central: https://repo.maven.apache.org/maven2/org/jboss/arquillian/protocol/arquillian-protocol-servlet-jakarta/1.8.0.Final/arquillian-protocol-servlet-jakarta-1.8.0.Final.pom (2.9 kB at 411 kB/s)
WebAuthn IT (firefox)	Run WebAuthn IT	2024-06-20T16:31:39.5015562Z -- [INFO] Downloading from central: https://repo.maven.apache.org/maven2/org/jboss/arquillian/jakarta/arquillian-parent-jakarta/1.8.0.Final/arquillian-parent-jakarta-1.8.0.Final.pom
WebAuthn IT (firefox)	Run WebAuthn IT	2024-06-20T16:31:39.5056250Z -- [INFO] Downloaded from central: https://repo.maven.apache.org/maven2/org/jboss/arquillian/jakarta/arquillian-parent-jakarta/1.8.0.Final/arquillian-parent-jakarta-1.8.0.Final.pom (6.9 kB at 1.2 MB/s)
WebAuthn IT (firefox)	Run WebAuthn IT	2024-06-20T16:31:39.5078617Z -- [INFO] Downloading from central: https://repo.maven.apache.org/maven2/org/jboss/arquillian/arquillian-bom/1.7.1.Final/arquillian-bom-1.7.1.Final.pom
WebAuthn IT (firefox)	Run WebAuthn IT	2024-06-20T16:31:39.5148108Z -- [INFO] Downloaded from central: https://repo.maven.apache.org/maven2/org/jboss/arquillian/arquillian-bom/1.7.1.Final/arquillian-bom-1.7.1.Final.pom (11 kB at 1.5 MB/s)
WebAuthn IT (firefox)	Run WebAuthn IT	2024-06-20T16:31:39.5167262Z -- [INFO] Downloading from central: https://repo.maven.apache.org/maven2/org/jboss/arquillian/arquillian-build/1.7.1.Final/arquillian-build-1.7.1.Final.pom
WebAuthn IT (firefox)	Run WebAuthn IT	2024-06-20T16:31:39.5228140Z -- [INFO] Downloaded from central: https://repo.maven.apache.org/maven2/org/jboss/arquillian/arquillian-build/1.7.1.Final/arquillian-build-1.7.1.Final.pom (4.6 kB at 772 kB/s)
WebAuthn IT (firefox)	Run WebAuthn IT	2024-06-20T16:31:39.5243193Z -- [INFO] Downloading from central: https://repo.maven.apache.org/maven2/org/jboss/arquillian/arquillian-parent/1.7.1.Final/arquillian-parent-1.7.1.Final.pom
WebAuthn IT (firefox)	Run WebAuthn IT	2024-06-20T16:31:39.5349847Z -- [INFO] Downloaded from central: https://repo.maven.apache.org/maven2/org/jboss/arquillian/arquillian-parent/1.7.1.Final/arquillian-parent-1.7.1.Final.pom (5.2 kB at 524 kB/s)
WebAuthn IT (firefox)	Run WebAuthn IT	2024-06-20T16:31:39.9206764Z -- [INFO] Downloading from central: https://repo.maven.apache.org/maven2/org/infinispan/infinispan-tasks-api/15.0.5.Final/infinispan-tasks-api-15.0.5.Final.jar
WebAuthn IT (firefox)	Run WebAuthn IT	2024-06-20T16:31:39.9265655Z -- [INFO] Downloaded from central: https://repo.maven.apache.org/maven2/org/infinispan/infinispan-tasks-api/15.0.5.Final/infinispan-tasks-api-15.0.5.Final.jar (9.4 kB at 1.3 MB/s)
WebAuthn IT (firefox)	Run WebAuthn IT	2024-06-20T16:31:39.9282652Z -- [INFO] Downloading from central: https://repo.maven.apache.org/maven2/org/infinispan/infinispan-server-hotrod/15.0.5.Final/infinispan-server-hotrod-15.0.5.Final.jar
WebAuthn IT (firefox)	Run WebAuthn IT	2024-06-20T16:31:39.9302439Z -- [INFO] Downloading from central: https://repo.maven.apache.org/maven2/org/infinispan/infinispan-server-core/15.0.5.Final/infinispan-server-core-15.0.5.Final.jar
WebAuthn IT (firefox)	Run WebAuthn IT	2024-06-20T16:31:39.9315760Z -- [INFO] Downloading from central: https://repo.maven.apache.org/maven2/org/infinispan/infinispan-tasks/15.0.5.Final/infinispan-tasks-15.0.5.Final.jar
WebAuthn IT (firefox)	Run WebAuthn IT	2024-06-20T16:31:39.9332952Z -- [INFO] Downloading from central: https://repo.maven.apache.org/maven2/org/infinispan/infinispan-clustered-counter/15.0.5.Final/infinispan-clustered-counter-15.0.5.Final.jar
WebAuthn IT (firefox)	Run WebAuthn IT	2024-06-20T16:31:39.9490288Z -- [INFO] Downloading from central: https://repo.maven.apache.org/maven2/org/infinispan/infinispan-multimap/15.0.5.Final/infinispan-multimap-15.0.5.Final.jar
WebAuthn IT (firefox)	Run WebAuthn IT	2024-06-20T16:31:39.9718886Z -- [INFO] Downloaded from central: https://repo.maven.apache.org/maven2/org/infinispan/infinispan-clustered-counter/15.0.5.Final/infinispan-clustered-counter-15.0.5.Final.jar (174 kB at 4.3 MB/s)
WebAuthn IT (firefox)	Run WebAuthn IT	2024-06-20T16:31:39.9722797Z -- [INFO] Downloading from central: https://repo.maven.apache.org/maven2/org/jboss/arquillian/protocol/arquillian-protocol-servlet-jakarta/1.8.0.Final/arquillian-protocol-servlet-jakarta-1.8.0.Final.jar
WebAuthn IT (firefox)	Run WebAuthn IT	2024-06-20T16:31:39.9848559Z -- [INFO] Downloaded from central: https://repo.maven.apache.org/maven2/org/infinispan/infinispan-server-hotrod/15.0.5.Final/infinispan-server-hotrod-15.0.5.Final.jar (324 kB at 5.6 MB/s)
WebAuthn IT (firefox)	Run WebAuthn IT	2024-06-20T16:31:39.9851785Z -- [INFO] Downloading from central: https://repo.maven.apache.org/maven2/org/infinispan/infinispan-cachestore-remote/15.0.5.Final/infinispan-cachestore-remote-15.0.5.Final.jar
WebAuthn IT (firefox)	Run WebAuthn IT	2024-06-20T16:31:40.0031876Z -- [INFO] Downloaded from central: https://repo.maven.apache.org/maven2/org/jboss/arquillian/protocol/arquillian-protocol-servlet-jakarta/1.8.0.Final/arquillian-protocol-servlet-jakarta-1.8.0.Final.jar (58 kB at 940 kB/s)
WebAuthn IT (firefox)	Run WebAuthn IT	2024-06-20T16:31:40.0126919Z -- [INFO] Downloading from central: https://repo.maven.apache.org/maven2/org/infinispan/infinispan-client-hotrod/15.0.5.Final/infinispan-client-hotrod-15.0.5.Final.jar
WebAuthn IT (firefox)	Run WebAuthn IT	2024-06-20T16:31:40.0136674Z -- [INFO] Downloaded from central: https://repo.maven.apache.org/maven2/org/infinispan/infinispan-server-core/15.0.5.Final/infinispan-server-core-15.0.5.Final.jar (336 kB at 3.9 MB/s)
WebAuthn IT (firefox)	Run WebAuthn IT	2024-06-20T16:31:40.0144137Z -- [INFO] Downloading from central: https://repo.maven.apache.org/maven2/org/infinispan/infinispan-core/15.0.5.Final/infinispan-core-15.0.5.Final.jar
WebAuthn IT (firefox)	Run WebAuthn IT	2024-06-20T16:31:40.0165990Z -- [INFO] Downloaded from central: https://repo.maven.apache.org/maven2/org/infinispan/infinispan-cachestore-remote/15.0.5.Final/infinispan-cachestore-remote-15.0.5.Final.jar (142 kB at 1.9 MB/s)
WebAuthn IT (firefox)	Run WebAuthn IT	2024-06-20T16:31:40.0173612Z -- [INFO] Downloading from central: https://repo.maven.apache.org/maven2/org/infinispan/infinispan-commons/15.0.5.Final/infinispan-commons-15.0.5.Final.jar
WebAuthn IT (firefox)	Run WebAuthn IT	2024-06-20T16:31:40.0206944Z -- [INFO] Downloaded from central: https://repo.maven.apache.org/maven2/org/infinispan/infinispan-multimap/15.0.5.Final/infinispan-multimap-15.0.5.Final.jar (209 kB at 2.5 MB/s)
WebAuthn IT (firefox)	Run WebAuthn IT	2024-06-20T16:31:40.0538005Z -- [INFO] Downloaded from central: https://repo.maven.apache.org/maven2/org/infinispan/infinispan-client-hotrod/15.0.5.Final/infinispan-client-hotrod-15.0.5.Final.jar (698 kB at 6.2 MB/s)
WebAuthn IT (firefox)	Run WebAuthn IT	2024-06-20T16:31:40.0622050Z -- [INFO] Downloaded from central: https://repo.maven.apache.org/maven2/org/infinispan/infinispan-commons/15.0.5.Final/infinispan-commons-15.0.5.Final.jar (821 kB at 6.8 MB/s)
WebAuthn IT (firefox)	Run WebAuthn IT	2024-06-20T16:31:40.1028457Z -- [INFO] Downloaded from central: https://repo.maven.apache.org/maven2/org/infinispan/infinispan-core/15.0.5.Final/infinispan-core-15.0.5.Final.jar (5.4 MB at 33 MB/s)
WebAuthn IT (firefox)	Run WebAuthn IT	2024-06-20T16:31:40.1714279Z -- [INFO] Downloaded from central: https://repo.maven.apache.org/maven2/org/infinispan/infinispan-tasks/15.0.5.Final/infinispan-tasks-15.0.5.Final.jar (24 kB at 98 kB/s)
WebAuthn IT (firefox)	Run WebAuthn IT	2024-06-20T16:31:40.1871023Z -- [INFO] 
WebAuthn IT (firefox)	Run WebAuthn IT	2024-06-20T16:31:40.1872728Z -- [INFO] --- enforcer:3.0.0-M3:enforce (enforce-java-version) @ integration-arquillian-tests-base ---
WebAuthn IT (firefox)	Run WebAuthn IT	2024-06-20T16:31:40.4235713Z -- [INFO] 
WebAuthn IT (firefox)	Run WebAuthn IT	2024-06-20T16:31:40.4238307Z -- [INFO] --- enforcer:3.0.0-M3:enforce (enforce-maven-version) @ integration-arquillian-tests-base ---
WebAuthn IT (firefox)	Run WebAuthn IT	2024-06-20T16:31:40.4251249Z -- [INFO] 
WebAuthn IT (firefox)	Run WebAuthn IT	2024-06-20T16:31:40.4253021Z -- [INFO] --- enforcer:3.0.0-M3:enforce (enforce-maven) @ integration-arquillian-tests-base ---
WebAuthn IT (firefox)	Run WebAuthn IT	2024-06-20T16:31:40.4262214Z -- [INFO] 
WebAuthn IT (firefox)	Run WebAuthn IT	2024-06-20T16:31:40.4263798Z -- [INFO] --- buildnumber:1.4:create (get-scm-revision) @ integration-arquillian-tests-base ---
WebAuthn IT (firefox)	Run WebAuthn IT	2024-06-20T16:31:40.6041364Z -- [INFO] Executing: /bin/sh -c cd '/home/runner/work/keycloak/keycloak/testsuite/integration-arquillian/tests/base' && 'git' 'rev-parse' '--verify' 'HEAD'
WebAuthn IT (firefox)	Run WebAuthn IT	2024-06-20T16:31:40.6047935Z -- [INFO] Working directory: /home/runner/work/keycloak/keycloak/testsuite/integration-arquillian/tests/base
WebAuthn IT (firefox)	Run WebAuthn IT	2024-06-20T16:31:40.8175433Z -- [INFO] Storing buildNumber: d92c28c1887fe4a81e41a435b5f2438efd8dbe0a at timestamp: 1718901100584
WebAuthn IT (firefox)	Run WebAuthn IT	2024-06-20T16:31:40.8238304Z -- [WARNING] Cannot get the branch information from the git repository: 
WebAuthn IT (firefox)	Run WebAuthn IT	2024-06-20T16:31:40.8240269Z -- Detecting the current branch failed: fatal: ref HEAD is not a symbolic ref
WebAuthn IT (firefox)	Run WebAuthn IT	2024-06-20T16:31:40.8241838Z -- 
WebAuthn IT (firefox)	Run WebAuthn IT	2024-06-20T16:31:40.8288615Z -- [INFO] Executing: /bin/sh -c cd '/home/runner/work/keycloak/keycloak/testsuite/integration-arquillian/tests/base' && 'git' 'rev-parse' '--verify' 'HEAD'
WebAuthn IT (firefox)	Run WebAuthn IT	2024-06-20T16:31:40.8291150Z -- [INFO] Working directory: /home/runner/work/keycloak/keycloak/testsuite/integration-arquillian/tests/base
WebAuthn IT (firefox)	Run WebAuthn IT	2024-06-20T16:31:40.8292760Z -- [INFO] Storing buildScmBranch: UNKNOWN
WebAuthn IT (firefox)	Run WebAuthn IT	2024-06-20T16:31:40.8366556Z -- [INFO] 
WebAuthn IT (firefox)	Run WebAuthn IT	2024-06-20T16:31:40.8367843Z -- [INFO] --- resources:3.0.1:copy-resources (copy-truststore) @ integration-arquillian-tests-base ---
WebAuthn IT (firefox)	Run WebAuthn IT	2024-06-20T16:31:40.8841269Z -- [INFO] Using 'UTF-8' encoding to copy filtered resources.
WebAuthn IT (firefox)	Run WebAuthn IT	2024-06-20T16:31:40.8958867Z -- [INFO] Copying 3 resources
WebAuthn IT (firefox)	Run WebAuthn IT	2024-06-20T16:31:40.9020756Z -- [INFO] 
WebAuthn IT (firefox)	Run WebAuthn IT	2024-06-20T16:31:40.9023726Z -- [INFO] --- resources:3.0.1:copy-resources (copy-common-dependencies) @ integration-arquillian-tests-base ---
WebAuthn IT (firefox)	Run WebAuthn IT	2024-06-20T16:31:40.9046934Z -- [INFO] Using 'UTF-8' encoding to copy filtered resources.
WebAuthn IT (firefox)	Run WebAuthn IT	2024-06-20T16:31:40.9126087Z -- [INFO] Copying 12 resources
WebAuthn IT (firefox)	Run WebAuthn IT	2024-06-20T16:31:40.9157678Z -- [INFO] 
WebAuthn IT (firefox)	Run WebAuthn IT	2024-06-20T16:31:40.9160207Z -- [INFO] --- resources:3.0.1:resources (default-resources) @ integration-arquillian-tests-base ---
WebAuthn IT (firefox)	Run WebAuthn IT	2024-06-20T16:31:40.9210127Z -- [INFO] Using 'UTF-8' encoding to copy filtered resources.
WebAuthn IT (firefox)	Run WebAuthn IT	2024-06-20T16:31:40.9211460Z -- [INFO] Copying 2 resources
WebAuthn IT (firefox)	Run WebAuthn IT	2024-06-20T16:31:40.9212513Z -- [INFO] 
WebAuthn IT (firefox)	Run WebAuthn IT	2024-06-20T16:31:40.9214062Z -- [INFO] --- resources:3.0.1:copy-resources (copy-admin-user-json-file) @ integration-arquillian-tests-base ---
WebAuthn IT (firefox)	Run WebAuthn IT	2024-06-20T16:31:40.9243517Z -- [INFO] Using 'UTF-8' encoding to copy filtered resources.
WebAuthn IT (firefox)	Run WebAuthn IT	2024-06-20T16:31:40.9293114Z -- [INFO] Copying 1 resource
WebAuthn IT (firefox)	Run WebAuthn IT	2024-06-20T16:31:40.9352752Z -- [INFO] 
WebAuthn IT (firefox)	Run WebAuthn IT	2024-06-20T16:31:40.9355075Z -- [INFO] --- xml:1.0.1:transform (arquillian-default-protocol) @ integration-arquillian-tests-base ---
WebAuthn IT (firefox)	Run WebAuthn IT	2024-06-20T16:31:47.3171886Z -- [INFO] Transforming file: /home/runner/work/keycloak/keycloak/testsuite/integration-arquillian/tests/base/src/test/resources/arquillian.xml
WebAuthn IT (firefox)	Run WebAuthn IT	2024-06-20T16:31:48.3777217Z -- [INFO] Transformed 1 file(s).
WebAuthn IT (firefox)	Run WebAuthn IT	2024-06-20T16:31:48.3778919Z -- [INFO] 
WebAuthn IT (firefox)	Run WebAuthn IT	2024-06-20T16:31:48.3780021Z -- [INFO] --- compiler:3.8.1:compile (default-compile) @ integration-arquillian-tests-base ---
WebAuthn IT (firefox)	Run WebAuthn IT	2024-06-20T16:31:48.5453571Z -- [INFO] Changes detected - recompiling the module!
WebAuthn IT (firefox)	Run WebAuthn IT	2024-06-20T16:31:48.5489365Z -- [INFO] Compiling 402 source files to /home/runner/work/keycloak/keycloak/testsuite/integration-arquillian/tests/base/target/classes
WebAuthn IT (firefox)	Run WebAuthn IT	2024-06-20T16:31:57.5740158Z -- [INFO] Annotation processing is enabled because one or more processors were found
WebAuthn IT (firefox)	Run WebAuthn IT	2024-06-20T16:31:57.5741807Z --   on the class path. A future release of javac may disable annotation processing
WebAuthn IT (firefox)	Run WebAuthn IT	2024-06-20T16:31:57.5991819Z --   unless at least one processor is specified by name (-processor), or a search
WebAuthn IT (firefox)	Run WebAuthn IT	2024-06-20T16:31:57.5993436Z --   path is specified (--processor-path, --processor-module-path), or annotation
WebAuthn IT (firefox)	Run WebAuthn IT	2024-06-20T16:31:57.5995336Z --   processing is enabled explicitly (-proc:only, -proc:full).
WebAuthn IT (firefox)	Run WebAuthn IT	2024-06-20T16:31:57.5996412Z --   Use -Xlint:-options to suppress this message.
WebAuthn IT (firefox)	Run WebAuthn IT	2024-06-20T16:31:57.5997423Z --   Use -proc:none to disable annotation processing.
WebAuthn IT (firefox)	Run WebAuthn IT	2024-06-20T16:31:57.6000045Z -- [WARNING] /home/runner/work/keycloak/keycloak/testsuite/integration-arquillian/tests/base/src/main/java/org/keycloak/testsuite/updaters/ServerResourceUpdater.java:[89,20] unchecked cast
WebAuthn IT (firefox)	Run WebAuthn IT	2024-06-20T16:31:57.6002567Z --   required: T
WebAuthn IT (firefox)	Run WebAuthn IT	2024-06-20T16:31:57.6003761Z --   found:    org.keycloak.testsuite.updaters.ServerResourceUpdater<T,Res,Rep>
WebAuthn IT (firefox)	Run WebAuthn IT	2024-06-20T16:31:57.6006597Z -- [WARNING] /home/runner/work/keycloak/keycloak/testsuite/integration-arquillian/tests/base/src/main/java/org/keycloak/testsuite/updaters/ServerResourceUpdater.java:[103,20] unchecked cast
WebAuthn IT (firefox)	Run WebAuthn IT	2024-06-20T16:31:57.6008878Z --   required: T
WebAuthn IT (firefox)	Run WebAuthn IT	2024-06-20T16:31:57.6010014Z --   found:    org.keycloak.testsuite.updaters.ServerResourceUpdater<T,Res,Rep>
WebAuthn IT (firefox)	Run WebAuthn IT	2024-06-20T16:31:57.6012918Z -- [WARNING] /home/runner/work/keycloak/keycloak/testsuite/integration-arquillian/tests/base/src/main/java/org/keycloak/testsuite/updaters/ServerResourceUpdater.java:[140,52] unchecked conversion
WebAuthn IT (firefox)	Run WebAuthn IT	2024-06-20T16:31:57.6015368Z --   required: java.util.Set<V>
WebAuthn IT (firefox)	Run WebAuthn IT	2024-06-20T16:31:57.6016258Z --   found:    java.util.Set
WebAuthn IT (firefox)	Run WebAuthn IT	2024-06-20T16:31:57.6018750Z -- [WARNING] /home/runner/work/keycloak/keycloak/testsuite/integration-arquillian/tests/base/src/main/java/org/keycloak/testsuite/updaters/ServerResourceUpdater.java:[141,51] unchecked conversion
WebAuthn IT (firefox)	Run WebAuthn IT	2024-06-20T16:31:57.6021218Z --   required: java.util.Set<V>
WebAuthn IT (firefox)	Run WebAuthn IT	2024-06-20T16:31:57.6021910Z --   found:    java.util.Set
WebAuthn IT (firefox)	Run WebAuthn IT	2024-06-20T16:31:57.6025194Z -- [WARNING] /home/runner/work/keycloak/keycloak/testsuite/integration-arquillian/tests/base/src/main/java/org/keycloak/testsuite/page/AbstractPatternFlyAlert.java:[71,96] unchecked method invocation: method until in class org.openqa.selenium.support.ui.FluentWait is applied to given types
WebAuthn IT (firefox)	Run WebAuthn IT	2024-06-20T16:31:57.6028726Z --   required: java.util.function.Function<? super T,V>
WebAuthn IT (firefox)	Run WebAuthn IT	2024-06-20T16:31:57.6029880Z --   found:    org.openqa.selenium.support.ui.ExpectedCondition
WebAuthn IT (firefox)	Run WebAuthn IT	2024-06-20T16:31:57.6032637Z -- [WARNING] /home/runner/work/keycloak/keycloak/testsuite/integration-arquillian/tests/base/src/main/java/org/keycloak/testsuite/page/AbstractPatternFlyAlert.java:[71,97] unchecked conversion
WebAuthn IT (firefox)	Run WebAuthn IT	2024-06-20T16:31:57.6035223Z --   required: java.util.function.Function<? super T,V>
WebAuthn IT (firefox)	Run WebAuthn IT	2024-06-20T16:31:57.6036341Z --   found:    org.openqa.selenium.support.ui.ExpectedCondition
WebAuthn IT (firefox)	Run WebAuthn IT	2024-06-20T16:31:57.6039044Z -- [WARNING] /home/runner/work/keycloak/keycloak/testsuite/integration-arquillian/tests/base/src/main/java/org/keycloak/testsuite/util/javascript/XMLHttpRequest.java:[75,67] unchecked cast
WebAuthn IT (firefox)	Run WebAuthn IT	2024-06-20T16:31:57.6046914Z --   required: java.util.Map<java.lang.String,java.lang.Object>
WebAuthn IT (firefox)	Run WebAuthn IT	2024-06-20T16:31:57.6049827Z --   found:    java.lang.Object
WebAuthn IT (firefox)	Run WebAuthn IT	2024-06-20T16:31:57.6053585Z -- [WARNING] /home/runner/work/keycloak/keycloak/testsuite/integration-arquillian/tests/base/src/main/java/org/keycloak/testsuite/updaters/Creator.java:[63,16] unchecked call to Creator(java.lang.String,T,java.lang.Runnable) as a member of the raw type org.keycloak.testsuite.updaters.Creator
WebAuthn IT (firefox)	Run WebAuthn IT	2024-06-20T16:31:57.6058572Z -- [WARNING] /home/runner/work/keycloak/keycloak/testsuite/integration-arquillian/tests/base/src/main/java/org/keycloak/testsuite/updaters/Creator.java:[63,16] unchecked conversion
WebAuthn IT (firefox)	Run WebAuthn IT	2024-06-20T16:31:57.6061408Z --   required: org.keycloak.testsuite.updaters.Creator<org.keycloak.admin.client.resource.RealmResource>
WebAuthn IT (firefox)	Run WebAuthn IT	2024-06-20T16:31:57.6063063Z --   found:    org.keycloak.testsuite.updaters.Creator
WebAuthn IT (firefox)	Run WebAuthn IT	2024-06-20T16:31:57.6066576Z -- [WARNING] /home/runner/work/keycloak/keycloak/testsuite/integration-arquillian/tests/base/src/main/java/org/keycloak/testsuite/updaters/Creator.java:[72,20] unchecked call to Creator(java.lang.String,T,java.lang.Runnable) as a member of the raw type org.keycloak.testsuite.updaters.Creator
WebAuthn IT (firefox)	Run WebAuthn IT	2024-06-20T16:31:57.6071494Z -- [WARNING] /home/runner/work/keycloak/keycloak/testsuite/integration-arquillian/tests/base/src/main/java/org/keycloak/testsuite/updaters/Creator.java:[72,20] unchecked conversion
WebAuthn IT (firefox)	Run WebAuthn IT	2024-06-20T16:31:57.6074695Z --   required: org.keycloak.testsuite.updaters.Creator<org.keycloak.admin.client.resource.GroupResource>
WebAuthn IT (firefox)	Run WebAuthn IT	2024-06-20T16:31:57.6076287Z --   found:    org.keycloak.testsuite.updaters.Creator
WebAuthn IT (firefox)	Run WebAuthn IT	2024-06-20T16:31:57.6079957Z -- [WARNING] /home/runner/work/keycloak/keycloak/testsuite/integration-arquillian/tests/base/src/main/java/org/keycloak/testsuite/updaters/Creator.java:[82,20] unchecked call to Creator(java.lang.String,T,java.lang.Runnable) as a member of the raw type org.keycloak.testsuite.updaters.Creator
WebAuthn IT (firefox)	Run WebAuthn IT	2024-06-20T16:31:57.6084895Z -- [WARNING] /home/runner/work/keycloak/keycloak/testsuite/integration-arquillian/tests/base/src/main/java/org/keycloak/testsuite/updaters/Creator.java:[82,20] unchecked conversion
WebAuthn IT (firefox)	Run WebAuthn IT	2024-06-20T16:31:57.6087668Z --   required: org.keycloak.testsuite.updaters.Creator<org.keycloak.admin.client.resource.ClientResource>
WebAuthn IT (firefox)	Run WebAuthn IT	2024-06-20T16:31:57.6089289Z --   found:    org.keycloak.testsuite.updaters.Creator
WebAuthn IT (firefox)	Run WebAuthn IT	2024-06-20T16:31:57.6092724Z -- [WARNING] /home/runner/work/keycloak/keycloak/testsuite/integration-arquillian/tests/base/src/main/java/org/keycloak/testsuite/updaters/Creator.java:[92,20] unchecked call to Creator(java.lang.String,T,java.lang.Runnable) as a member of the raw type org.keycloak.testsuite.updaters.Creator
WebAuthn IT (firefox)	Run WebAuthn IT	2024-06-20T16:31:57.6097462Z -- [WARNING] /home/runner/work/keycloak/keycloak/testsuite/integration-arquillian/tests/base/src/main/java/org/keycloak/testsuite/updaters/Creator.java:[92,20] unchecked conversion
WebAuthn IT (firefox)	Run WebAuthn IT	2024-06-20T16:31:57.6205758Z --   required: org.keycloak.testsuite.updaters.Creator<org.keycloak.admin.client.resource.UserResource>
WebAuthn IT (firefox)	Run WebAuthn IT	2024-06-20T16:31:57.6208704Z --   found:    org.keycloak.testsuite.updaters.Creator
WebAuthn IT (firefox)	Run WebAuthn IT	2024-06-20T16:31:57.6213337Z -- [WARNING] /home/runner/work/keycloak/keycloak/testsuite/integration-arquillian/tests/base/src/main/java/org/keycloak/testsuite/updaters/Creator.java:[102,20] unchecked call to Creator(java.lang.String,T,java.lang.Runnable) as a member of the raw type org.keycloak.testsuite.updaters.Creator
WebAuthn IT (firefox)	Run WebAuthn IT	2024-06-20T16:31:57.6219361Z -- [WARNING] /home/runner/work/keycloak/keycloak/testsuite/integration-arquillian/tests/base/src/main/java/org/keycloak/testsuite/updaters/Creator.java:[102,20] unchecked conversion
WebAuthn IT (firefox)	Run WebAuthn IT	2024-06-20T16:31:57.6223556Z --   required: org.keycloak.testsuite.updaters.Creator<org.keycloak.admin.client.resource.ComponentResource>
WebAuthn IT (firefox)	Run WebAuthn IT	2024-06-20T16:31:57.6226288Z --   found:    org.keycloak.testsuite.updaters.Creator
WebAuthn IT (firefox)	Run WebAuthn IT	2024-06-20T16:31:57.6231111Z -- [WARNING] /home/runner/work/keycloak/keycloak/testsuite/integration-arquillian/tests/base/src/main/java/org/keycloak/testsuite/updaters/Creator.java:[122,20] unchecked call to Creator(java.lang.String,T,java.lang.Runnable) as a member of the raw type org.keycloak.testsuite.updaters.Creator
WebAuthn IT (firefox)	Run WebAuthn IT	2024-06-20T16:31:57.6237180Z -- [WARNING] /home/runner/work/keycloak/keycloak/testsuite/integration-arquillian/tests/base/src/main/java/org/keycloak/testsuite/updaters/Creator.java:[122,20] unchecked conversion
WebAuthn IT (firefox)	Run WebAuthn IT	2024-06-20T16:31:57.6241996Z --   required: org.keycloak.testsuite.updaters.Creator<org.keycloak.admin.client.resource.IdentityProviderResource>
WebAuthn IT (firefox)	Run WebAuthn IT	2024-06-20T16:31:57.6284161Z --   found:    org.keycloak.testsuite.updaters.Creator
WebAuthn IT (firefox)	Run WebAuthn IT	2024-06-20T16:31:57.6287989Z -- [WARNING] /home/runner/work/keycloak/keycloak/testsuite/integration-arquillian/tests/base/src/main/java/org/keycloak/testsuite/updaters/Creator.java:[134,20] unchecked call to Creator(java.lang.String,T,java.lang.Runnable) as a member of the raw type org.keycloak.testsuite.updaters.Creator
WebAuthn IT (firefox)	Run WebAuthn IT	2024-06-20T16:31:57.6292625Z -- [WARNING] /home/runner/work/keycloak/keycloak/testsuite/integration-arquillian/tests/base/src/main/java/org/keycloak/testsuite/updaters/Creator.java:[134,20] unchecked conversion
WebAuthn IT (firefox)	Run WebAuthn IT	2024-06-20T16:31:57.6295531Z --   required: org.keycloak.testsuite.updaters.Creator<org.keycloak.admin.client.resource.IdentityProviderResource>
WebAuthn IT (firefox)	Run WebAuthn IT	2024-06-20T16:31:57.6297566Z --   found:    org.keycloak.testsuite.updaters.Creator
WebAuthn IT (firefox)	Run WebAuthn IT	2024-06-20T16:31:57.6300365Z -- [WARNING] /home/runner/work/keycloak/keycloak/testsuite/integration-arquillian/tests/base/src/main/java/org/keycloak/testsuite/util/matchers/SamlStatusResponseTypeMatcher.java:[26,31] unchecked conversion
WebAuthn IT (firefox)	Run WebAuthn IT	2024-06-20T16:31:57.6303138Z --   required: java.util.List<org.hamcrest.Matcher<java.net.URI>>
WebAuthn IT (firefox)	Run WebAuthn IT	2024-06-20T16:31:57.6304264Z --   found:    java.util.ArrayList
WebAuthn IT (firefox)	Run WebAuthn IT	2024-06-20T16:31:57.6307495Z -- [WARNING] /home/runner/work/keycloak/keycloak/testsuite/integration-arquillian/tests/base/src/main/java/org/keycloak/testsuite/arquillian/containers/SecurityActions.java:[54,16] java.security.AccessController in java.security has been deprecated and marked for removal
WebAuthn IT (firefox)	Run WebAuthn IT	2024-06-20T16:31:57.6313051Z -- [WARNING] /home/runner/work/keycloak/keycloak/testsuite/integration-arquillian/tests/base/src/main/java/org/keycloak/testsuite/arquillian/containers/SecurityActions.java:[148,20] java.security.AccessController in java.security has been deprecated and marked for removal
WebAuthn IT (firefox)	Run WebAuthn IT	2024-06-20T16:31:57.6318449Z -- [WARNING] /home/runner/work/keycloak/keycloak/testsuite/integration-arquillian/tests/base/src/main/java/org/keycloak/testsuite/arquillian/containers/SecurityActions.java:[182,13] java.security.AccessController in java.security has been deprecated and marked for removal
WebAuthn IT (firefox)	Run WebAuthn IT	2024-06-20T16:31:57.6323952Z -- [WARNING] /home/runner/work/keycloak/keycloak/testsuite/integration-arquillian/tests/base/src/main/java/org/keycloak/testsuite/arquillian/containers/SecurityActions.java:[221,39] isAccessible() in java.lang.reflect.AccessibleObject has been deprecated
WebAuthn IT (firefox)	Run WebAuthn IT	2024-06-20T16:31:57.6329480Z -- [WARNING] /home/runner/work/keycloak/keycloak/testsuite/integration-arquillian/tests/base/src/main/java/org/keycloak/testsuite/arquillian/containers/SecurityActions.java:[213,48] java.security.AccessController in java.security has been deprecated and marked for removal
WebAuthn IT (firefox)	Run WebAuthn IT	2024-06-20T16:31:57.6334831Z -- [WARNING] /home/runner/work/keycloak/keycloak/testsuite/integration-arquillian/tests/base/src/main/java/org/keycloak/testsuite/arquillian/containers/SecurityActions.java:[245,40] isAccessible() in java.lang.reflect.AccessibleObject has been deprecated
WebAuthn IT (firefox)	Run WebAuthn IT	2024-06-20T16:31:57.6340403Z -- [WARNING] /home/runner/work/keycloak/keycloak/testsuite/integration-arquillian/tests/base/src/main/java/org/keycloak/testsuite/arquillian/containers/SecurityActions.java:[237,50] java.security.AccessController in java.security has been deprecated and marked for removal
WebAuthn IT (firefox)	Run WebAuthn IT	2024-06-20T16:31:57.6345849Z -- [WARNING] /home/runner/work/keycloak/keycloak/testsuite/integration-arquillian/tests/base/src/main/java/org/keycloak/testsuite/arquillian/containers/SecurityActions.java:[261,28] java.security.AccessController in java.security has been deprecated and marked for removal
WebAuthn IT (firefox)	Run WebAuthn IT	2024-06-20T16:31:57.6351143Z -- [WARNING] /home/runner/work/keycloak/keycloak/testsuite/integration-arquillian/tests/base/src/main/java/org/keycloak/testsuite/arquillian/ModelTestExecutor.java:[51,33] TestResult() in org.jboss.arquillian.test.spi.TestResult has been deprecated
WebAuthn IT (firefox)	Run WebAuthn IT	2024-06-20T16:31:57.6356704Z -- [WARNING] /home/runner/work/keycloak/keycloak/testsuite/integration-arquillian/tests/base/src/main/java/org/keycloak/testsuite/arquillian/ModelTestExecutor.java:[59,23] setStatus(org.jboss.arquillian.test.spi.TestResult.Status) in org.jboss.arquillian.test.spi.TestResult has been deprecated
WebAuthn IT (firefox)	Run WebAuthn IT	2024-06-20T16:31:57.6363123Z -- [WARNING] /home/runner/work/keycloak/keycloak/testsuite/integration-arquillian/tests/base/src/main/java/org/keycloak/testsuite/arquillian/ModelTestExecutor.java:[61,23] setStatus(org.jboss.arquillian.test.spi.TestResult.Status) in org.jboss.arquillian.test.spi.TestResult has been deprecated
WebAuthn IT (firefox)	Run WebAuthn IT	2024-06-20T16:31:57.6367875Z -- [WARNING] /home/runner/work/keycloak/keycloak/testsuite/integration-arquillian/tests/base/src/main/java/org/keycloak/testsuite/arquillian/ModelTestExecutor.java:[70,109] unchecked cast
WebAuthn IT (firefox)	Run WebAuthn IT	2024-06-20T16:31:57.6370878Z --   required: org.jboss.arquillian.core.api.InstanceProducer<org.jboss.arquillian.test.spi.TestResult>
WebAuthn IT (firefox)	Run WebAuthn IT	2024-06-20T16:31:57.6372512Z --   found:    java.lang.Object
WebAuthn IT (firefox)	Run WebAuthn IT	2024-06-20T16:31:57.6376036Z -- [WARNING] /home/runner/work/keycloak/keycloak/testsuite/integration-arquillian/tests/base/src/main/java/org/keycloak/testsuite/util/javascript/JavascriptTestExecutor.java:[40,35] setScriptTimeout(long,java.util.concurrent.TimeUnit) in org.openqa.selenium.WebDriver.Timeouts has been deprecated
WebAuthn IT (firefox)	Run WebAuthn IT	2024-06-20T16:31:57.6381786Z -- [WARNING] /home/runner/work/keycloak/keycloak/testsuite/integration-arquillian/tests/base/src/main/java/org/keycloak/testsuite/drone/KeycloakDronePostSetup.java:[90,35] implicitlyWait(long,java.util.concurrent.TimeUnit) in org.openqa.selenium.WebDriver.Timeouts has been deprecated
WebAuthn IT (firefox)	Run WebAuthn IT	2024-06-20T16:31:57.6387513Z -- [WARNING] /home/runner/work/keycloak/keycloak/testsuite/integration-arquillian/tests/base/src/main/java/org/keycloak/testsuite/drone/KeycloakDronePostSetup.java:[91,35] pageLoadTimeout(long,java.util.concurrent.TimeUnit) in org.openqa.selenium.WebDriver.Timeouts has been deprecated
WebAuthn IT (firefox)	Run WebAuthn IT	2024-06-20T16:31:57.6393616Z -- [WARNING] /home/runner/work/keycloak/keycloak/testsuite/integration-arquillian/tests/base/src/main/java/org/keycloak/testsuite/drone/KeycloakWebDriverConfigurator.java:[57,89] getBrowser() in org.jboss.arquillian.drone.webdriver.configuration.WebDriverConfiguration has been deprecated
WebAuthn IT (firefox)	Run WebAuthn IT	2024-06-20T16:31:57.6399695Z -- [WARNING] /home/runner/work/keycloak/keycloak/testsuite/integration-arquillian/tests/base/src/main/java/org/keycloak/testsuite/drone/KeycloakWebDriverConfigurator.java:[68,26] getBrowser() in org.jboss.arquillian.drone.webdriver.configuration.WebDriverConfiguration has been deprecated
WebAuthn IT (firefox)	Run WebAuthn IT	2024-06-20T16:31:57.6405845Z -- [WARNING] /home/runner/work/keycloak/keycloak/testsuite/integration-arquillian/tests/base/src/main/java/org/keycloak/testsuite/arquillian/CrossDCTestEnricher.java:[430,46] unchecked method invocation: method isAnnotationPresent in class java.lang.Class is applied to given types
WebAuthn IT (firefox)	Run WebAuthn IT	2024-06-20T16:31:57.6409145Z --   required: java.lang.Class<? extends java.lang.annotation.Annotation>
WebAuthn IT (firefox)	Run WebAuthn IT	2024-06-20T16:31:57.6410225Z --   found:    java.lang.Class
WebAuthn IT (firefox)	Run WebAuthn IT	2024-06-20T16:31:57.6412769Z -- [WARNING] /home/runner/work/keycloak/keycloak/testsuite/integration-arquillian/tests/base/src/main/java/org/keycloak/testsuite/arquillian/CrossDCTestEnricher.java:[430,47] unchecked conversion
WebAuthn IT (firefox)	Run WebAuthn IT	2024-06-20T16:31:57.6415497Z --   required: java.lang.Class<? extends java.lang.annotation.Annotation>
WebAuthn IT (firefox)	Run WebAuthn IT	2024-06-20T16:31:57.6416506Z --   found:    java.lang.Class
WebAuthn IT (firefox)	Run WebAuthn IT	2024-06-20T16:31:57.6420008Z -- [WARNING] /home/runner/work/keycloak/keycloak/testsuite/integration-arquillian/tests/base/src/main/java/org/keycloak/testsuite/arquillian/AuthServerTestEnricher.java:[320,33] WildcardFileFilter(java.lang.String) in org.apache.commons.io.filefilter.WildcardFileFilter has been deprecated
WebAuthn IT (firefox)	Run WebAuthn IT	2024-06-20T16:31:57.6426133Z -- [WARNING] /home/runner/work/keycloak/keycloak/testsuite/integration-arquillian/tests/base/src/main/java/org/keycloak/testsuite/arquillian/KeycloakArquillianExtension.java:[63,61] org.keycloak.testsuite.arquillian.DeploymentArchiveProcessor in org.keycloak.testsuite.arquillian has been deprecated
WebAuthn IT (firefox)	Run WebAuthn IT	2024-06-20T16:31:57.6429812Z -- [INFO] 
WebAuthn IT (firefox)	Run WebAuthn IT	2024-06-20T16:31:57.6430965Z -- [INFO] --- resources:3.0.1:copy-resources (example-realms) @ integration-arquillian-tests-base ---
WebAuthn IT (firefox)	Run WebAuthn IT	2024-06-20T16:31:57.6432218Z -- [INFO] Skipping the execution.
WebAuthn IT (firefox)	Run WebAuthn IT	2024-06-20T16:31:57.6432960Z -- [INFO] 
WebAuthn IT (firefox)	Run WebAuthn IT	2024-06-20T16:31:57.6434113Z -- [INFO] --- dependency:3.1.2:unpack (unpack-undertow-server) @ integration-arquillian-tests-base ---
WebAuthn IT (firefox)	Run WebAuthn IT	2024-06-20T16:31:57.8552446Z -- [INFO] Skipping plugin execution
WebAuthn IT (firefox)	Run WebAuthn IT	2024-06-20T16:31:57.8554258Z -- [INFO] 
WebAuthn IT (firefox)	Run WebAuthn IT	2024-06-20T16:31:57.8556120Z -- [INFO] --- dependency:3.1.2:unpack (unpack-quarkus-server) @ integration-arquillian-tests-base ---
WebAuthn IT (firefox)	Run WebAuthn IT	2024-06-20T16:31:57.8577074Z -- [INFO] Configured Artifact: org.keycloak.testsuite:integration-arquillian-servers-auth-server-quarkus:999.0.0-SNAPSHOT:zip
WebAuthn IT (firefox)	Run WebAuthn IT	2024-06-20T16:31:57.8757519Z -- [INFO] Unpacking /home/runner/.m2/repository/org/keycloak/testsuite/integration-arquillian-servers-auth-server-quarkus/999.0.0-SNAPSHOT/integration-arquillian-servers-auth-server-quarkus-999.0.0-SNAPSHOT.zip to /home/runner/work/keycloak/keycloak/testsuite/integration-arquillian/tests/base/target/containers with includes "" and excludes ""
WebAuthn IT (firefox)	Run WebAuthn IT	2024-06-20T16:31:59.6064151Z -- [INFO] 
WebAuthn IT (firefox)	Run WebAuthn IT	2024-06-20T16:31:59.6065780Z -- [INFO] --- dependency:3.1.2:unpack (unpack-app-server) @ integration-arquillian-tests-base ---
WebAuthn IT (firefox)	Run WebAuthn IT	2024-06-20T16:31:59.6083084Z -- [INFO] Skipping plugin execution
WebAuthn IT (firefox)	Run WebAuthn IT	2024-06-20T16:31:59.6083881Z -- [INFO] 
WebAuthn IT (firefox)	Run WebAuthn IT	2024-06-20T16:31:59.6084603Z -- [INFO] --- dependency:3.1.2:copy (example-wars) @ integration-arquillian-tests-base ---
WebAuthn IT (firefox)	Run WebAuthn IT	2024-06-20T16:31:59.6106556Z -- [INFO] Configured Artifact: org.keycloak.testsuite:hello-world-authz-service:999.0.0-SNAPSHOT:war
WebAuthn IT (firefox)	Run WebAuthn IT	2024-06-20T16:31:59.6185056Z -- [INFO] Configured Artifact: org.keycloak.testsuite:servlet-authz-app:999.0.0-SNAPSHOT:war
WebAuthn IT (firefox)	Run WebAuthn IT	2024-06-20T16:31:59.6258333Z -- [INFO] Configured Artifact: org.keycloak.testsuite:servlet-policy-enforcer:999.0.0-SNAPSHOT:war
WebAuthn IT (firefox)	Run WebAuthn IT	2024-06-20T16:31:59.6325843Z -- [INFO] Configured Artifact: org.keycloak.testsuite:integration-arquillian-test-apps-cors-angular-product:999.0.0-SNAPSHOT:war
WebAuthn IT (firefox)	Run WebAuthn IT	2024-06-20T16:31:59.6394661Z -- [INFO] Configured Artifact: org.keycloak.testsuite:integration-arquillian-test-apps-cors-database-service:999.0.0-SNAPSHOT:war
WebAuthn IT (firefox)	Run WebAuthn IT	2024-06-20T16:31:59.6466082Z -- [INFO] Copying hello-world-authz-service-999.0.0-SNAPSHOT.war to /home/runner/work/keycloak/keycloak/testsuite/integration-arquillian/tests/base/target/examples/hello-world-authz-service-999.0.0-SNAPSHOT.war
WebAuthn IT (firefox)	Run WebAuthn IT	2024-06-20T16:31:59.6516293Z -- [INFO] Copying servlet-authz-app-999.0.0-SNAPSHOT.war to /home/runner/work/keycloak/keycloak/testsuite/integration-arquillian/tests/base/target/examples/servlet-authz-app-999.0.0-SNAPSHOT.war
WebAuthn IT (firefox)	Run WebAuthn IT	2024-06-20T16:31:59.6520762Z -- [INFO] Copying servlet-policy-enforcer-999.0.0-SNAPSHOT.war to /home/runner/work/keycloak/keycloak/testsuite/integration-arquillian/tests/base/target/examples/servlet-policy-enforcer-999.0.0-SNAPSHOT.war
WebAuthn IT (firefox)	Run WebAuthn IT	2024-06-20T16:31:59.6526888Z -- [INFO] Copying integration-arquillian-test-apps-cors-angular-product-999.0.0-SNAPSHOT.war to /home/runner/work/keycloak/keycloak/testsuite/integration-arquillian/tests/base/target/examples/integration-arquillian-test-apps-cors-angular-product-999.0.0-SNAPSHOT.war
WebAuthn IT (firefox)	Run WebAuthn IT	2024-06-20T16:31:59.6532655Z -- [INFO] Copying integration-arquillian-test-apps-cors-database-service-999.0.0-SNAPSHOT.war to /home/runner/work/keycloak/keycloak/testsuite/integration-arquillian/tests/base/target/examples/integration-arquillian-test-apps-cors-database-service-999.0.0-SNAPSHOT.war
WebAuthn IT (firefox)	Run WebAuthn IT	2024-06-20T16:31:59.7601639Z -- [INFO] 
WebAuthn IT (firefox)	Run WebAuthn IT	2024-06-20T16:31:59.7603849Z -- [INFO] --- dependency:3.1.2:unpack (test-apps-realms) @ integration-arquillian-tests-base ---
WebAuthn IT (firefox)	Run WebAuthn IT	2024-06-20T16:31:59.7615517Z -- [INFO] Configured Artifact: org.keycloak.testsuite:integration-arquillian-test-apps-dist:999.0.0-SNAPSHOT:zip
WebAuthn IT (firefox)	Run WebAuthn IT	2024-06-20T16:31:59.7727372Z -- [INFO] Unpacking /home/runner/.m2/repository/org/keycloak/testsuite/integration-arquillian-test-apps-dist/999.0.0-SNAPSHOT/integration-arquillian-test-apps-dist-999.0.0-SNAPSHOT.zip to /home/runner/work/keycloak/keycloak/testsuite/integration-arquillian/tests/base/target/examples with includes "**/*realm.json,**/*authz-service.json,**/testsaml.json,**/*-keycloak.json" and excludes ""
WebAuthn IT (firefox)	Run WebAuthn IT	2024-06-20T16:31:59.7802052Z -- [INFO] 
WebAuthn IT (firefox)	Run WebAuthn IT	2024-06-20T16:31:59.7807554Z -- [INFO] --- dependency:3.1.2:unpack (unpack-client-cli-dist) @ integration-arquillian-tests-base ---
WebAuthn IT (firefox)	Run WebAuthn IT	2024-06-20T16:31:59.7864659Z -- [INFO] Configured Artifact: org.keycloak:keycloak-client-cli-dist:999.0.0-SNAPSHOT:zip
WebAuthn IT (firefox)	Run WebAuthn IT	2024-06-20T16:31:59.7944160Z -- [INFO] Unpacking /home/runner/.m2/repository/org/keycloak/keycloak-client-cli-dist/999.0.0-SNAPSHOT/keycloak-client-cli-dist-999.0.0-SNAPSHOT.zip to /home/runner/work/keycloak/keycloak/testsuite/integration-arquillian/tests/base/target/containers with includes "" and excludes ""
WebAuthn IT (firefox)	Run WebAuthn IT	2024-06-20T16:31:59.9547793Z -- [INFO] 
WebAuthn IT (firefox)	Run WebAuthn IT	2024-06-20T16:31:59.9549880Z -- [INFO] --- dependency:3.1.2:copy-dependencies (copy-testsuite-providers-to-base-testsuite) @ integration-arquillian-tests-base ---
WebAuthn IT (firefox)	Run WebAuthn IT	2024-06-20T16:31:59.9647523Z -- [INFO] Copying integration-arquillian-testsuite-providers-999.0.0-SNAPSHOT.jar to /home/runner/work/keycloak/keycloak/testsuite/integration-arquillian/tests/base/target/lib/integration-arquillian-testsuite-providers-999.0.0-SNAPSHOT.jar
WebAuthn IT (firefox)	Run WebAuthn IT	2024-06-20T16:31:59.9701572Z -- [INFO] 
WebAuthn IT (firefox)	Run WebAuthn IT	2024-06-20T16:31:59.9703199Z -- [INFO] --- resources:3.0.1:testResources (default-testResources) @ integration-arquillian-tests-base ---
WebAuthn IT (firefox)	Run WebAuthn IT	2024-06-20T16:31:59.9705619Z -- [INFO] Using 'UTF-8' encoding to copy filtered resources.
WebAuthn IT (firefox)	Run WebAuthn IT	2024-06-20T16:31:59.9772029Z -- [INFO] Copying 42 resources
WebAuthn IT (firefox)	Run WebAuthn IT	2024-06-20T16:32:00.3179045Z -- [INFO] Copying 243 resources
WebAuthn IT (firefox)	Run WebAuthn IT	2024-06-20T16:32:00.3607622Z -- [INFO] 
WebAuthn IT (firefox)	Run WebAuthn IT	2024-06-20T16:32:00.3609845Z -- [INFO] --- antrun:1.8:run (clean-second-cache-server-arquillian-bug-workaround) @ integration-arquillian-tests-base ---
WebAuthn IT (firefox)	Run WebAuthn IT	2024-06-20T16:32:00.3792598Z -- [INFO] Skipping Antrun execution
WebAuthn IT (firefox)	Run WebAuthn IT	2024-06-20T16:32:00.3793638Z -- [INFO] 
WebAuthn IT (firefox)	Run WebAuthn IT	2024-06-20T16:32:00.3794798Z -- [INFO] --- compiler:3.8.1:testCompile (default-testCompile) @ integration-arquillian-tests-base ---
WebAuthn IT (firefox)	Run WebAuthn IT	2024-06-20T16:32:00.4118955Z -- [INFO] Changes detected - recompiling the module!
WebAuthn IT (firefox)	Run WebAuthn IT	2024-06-20T16:32:00.4162995Z -- [INFO] Compiling 784 source files to /home/runner/work/keycloak/keycloak/testsuite/integration-arquillian/tests/base/target/test-classes
WebAuthn IT (firefox)	Run WebAuthn IT	2024-06-20T16:32:11.7616783Z -- [INFO] Annotation processing is enabled because one or more processors were found
WebAuthn IT (firefox)	Run WebAuthn IT	2024-06-20T16:32:11.7633499Z --   on the class path. A future release of javac may disable annotation processing
WebAuthn IT (firefox)	Run WebAuthn IT	2024-06-20T16:32:11.7635634Z --   unless at least one processor is specified by name (-processor), or a search
WebAuthn IT (firefox)	Run WebAuthn IT	2024-06-20T16:32:11.7637745Z --   path is specified (--processor-path, --processor-module-path), or annotation
WebAuthn IT (firefox)	Run WebAuthn IT	2024-06-20T16:32:11.7639636Z --   processing is enabled explicitly (-proc:only, -proc:full).
WebAuthn IT (firefox)	Run WebAuthn IT	2024-06-20T16:32:11.7641184Z --   Use -Xlint:-options to suppress this message.
WebAuthn IT (firefox)	Run WebAuthn IT	2024-06-20T16:32:11.7643122Z --   Use -proc:none to disable annotation processing.
WebAuthn IT (firefox)	Run WebAuthn IT	2024-06-20T16:32:11.7646960Z -- [WARNING] /home/runner/work/keycloak/keycloak/testsuite/integration-arquillian/tests/base/src/test/java/org/keycloak/testsuite/oid4vc/issuance/signing/JWTVCIssuerWellKnownProviderTest.java:[39,30] junit.framework.Assert in junit.framework has been deprecated
WebAuthn IT (firefox)	Run WebAuthn IT	2024-06-20T16:32:11.7653351Z -- [WARNING] /home/runner/work/keycloak/keycloak/testsuite/integration-arquillian/tests/base/src/test/java/org/keycloak/testsuite/oid4vc/issuance/signing/JWTVCIssuerWellKnownProviderTest.java:[39,30] junit.framework.Assert in junit.framework has been deprecated
WebAuthn IT (firefox)	Run WebAuthn IT	2024-06-20T16:32:11.7815423Z -- [WARNING] /home/runner/work/keycloak/keycloak/testsuite/integration-arquillian/tests/base/src/test/java/org/keycloak/testsuite/oid4vc/issuance/signing/JWTVCIssuerWellKnownProviderTest.java:[39,30] junit.framework.Assert in junit.framework has been deprecated
WebAuthn IT (firefox)	Run WebAuthn IT	2024-06-20T16:32:11.7820522Z -- [WARNING] /home/runner/work/keycloak/keycloak/testsuite/integration-arquillian/tests/base/src/test/java/org/keycloak/testsuite/util/AssertAdminEvents.java:[221,97] unchecked cast
WebAuthn IT (firefox)	Run WebAuthn IT	2024-06-20T16:32:11.7823695Z --   required: java.util.List<org.keycloak.representations.idm.RoleRepresentation>
WebAuthn IT (firefox)	Run WebAuthn IT	2024-06-20T16:32:11.7825123Z --   found:    java.lang.Object
WebAuthn IT (firefox)	Run WebAuthn IT	2024-06-20T16:32:11.7828633Z -- [WARNING] /home/runner/work/keycloak/keycloak/testsuite/integration-arquillian/tests/base/src/test/java/org/keycloak/testsuite/broker/BrokerRunOnServerUtil.java:[187,45] removeExpired(org.keycloak.models.RealmModel) in org.keycloak.sessions.AuthenticationSessionProvider has been deprecated
WebAuthn IT (firefox)	Run WebAuthn IT	2024-06-20T16:32:11.7834589Z -- [WARNING] /home/runner/work/keycloak/keycloak/testsuite/integration-arquillian/tests/base/src/test/java/org/keycloak/testsuite/broker/AbstractAdvancedBrokerTest.java:[296,35] pageLoadTimeout(long,java.util.concurrent.TimeUnit) in org.openqa.selenium.WebDriver.Timeouts has been deprecated
WebAuthn IT (firefox)	Run WebAuthn IT	2024-06-20T16:32:11.7839782Z -- [WARNING] /home/runner/work/keycloak/keycloak/testsuite/integration-arquillian/tests/base/src/test/java/org/keycloak/testsuite/client/ClientSecretRotationTest.java:[760,59] unchecked conversion
WebAuthn IT (firefox)	Run WebAuthn IT	2024-06-20T16:32:11.7845931Z --   required: java.util.Map<java.lang.String,java.lang.String>
WebAuthn IT (firefox)	Run WebAuthn IT	2024-06-20T16:32:11.7847149Z --   found:    java.util.Map
WebAuthn IT (firefox)	Run WebAuthn IT	2024-06-20T16:32:11.7850391Z -- [WARNING] /home/runner/work/keycloak/keycloak/testsuite/integration-arquillian/tests/base/src/test/java/org/keycloak/testsuite/oidc/flows/AbstractOIDCResponseTypeTest.java:[92,73] getSessionState() in org.keycloak.representations.IDToken has been deprecated
WebAuthn IT (firefox)	Run WebAuthn IT	2024-06-20T16:32:11.7856096Z -- [WARNING] /home/runner/work/keycloak/keycloak/testsuite/integration-arquillian/tests/base/src/test/java/org/keycloak/testsuite/oidc/flows/AbstractOIDCResponseTypeTest.java:[107,73] getSessionState() in org.keycloak.representations.IDToken has been deprecated
WebAuthn IT (firefox)	Run WebAuthn IT	2024-06-20T16:32:11.7861758Z -- [WARNING] /home/runner/work/keycloak/keycloak/testsuite/integration-arquillian/tests/base/src/test/java/org/keycloak/testsuite/oidc/flows/AbstractOIDCResponseTypeTest.java:[251,69] getSessionState() in org.keycloak.representations.IDToken has been deprecated
WebAuthn IT (firefox)	Run WebAuthn IT	2024-06-20T16:32:11.7893253Z -- [WARNING] /home/runner/work/keycloak/keycloak/testsuite/integration-arquillian/tests/base/src/test/java/org/keycloak/testsuite/client/policies/AbstractClientPoliciesTest.java:[573,42] org.apache.http.impl.client.DefaultHttpClient in org.apache.http.impl.client has been deprecated
WebAuthn IT (firefox)	Run WebAuthn IT	2024-06-20T16:32:11.7898400Z -- [WARNING] /home/runner/work/keycloak/keycloak/testsuite/integration-arquillian/tests/base/src/test/java/org/keycloak/testsuite/client/policies/AbstractClientPoliciesTest.java:[695,59] unchecked conversion
WebAuthn IT (firefox)	Run WebAuthn IT	2024-06-20T16:32:11.7901396Z --   required: java.util.Map<java.lang.String,java.lang.String>
WebAuthn IT (firefox)	Run WebAuthn IT	2024-06-20T16:32:11.7902392Z --   found:    java.util.Map
WebAuthn IT (firefox)	Run WebAuthn IT	2024-06-20T16:32:11.7905092Z -- [WARNING] /home/runner/work/keycloak/keycloak/testsuite/integration-arquillian/tests/base/src/test/java/org/keycloak/testsuite/client/policies/AbstractClientPoliciesTest.java:[753,55] unchecked conversion
WebAuthn IT (firefox)	Run WebAuthn IT	2024-06-20T16:32:11.7907948Z --   required: java.util.Map<java.lang.String,java.lang.String>
WebAuthn IT (firefox)	Run WebAuthn IT	2024-06-20T16:32:11.7908907Z --   found:    java.util.Map
WebAuthn IT (firefox)	Run WebAuthn IT	2024-06-20T16:32:11.7911619Z -- [WARNING] /home/runner/work/keycloak/keycloak/testsuite/integration-arquillian/tests/base/src/test/java/org/keycloak/testsuite/client/policies/AbstractClientPoliciesTest.java:[1088,104] unchecked cast
WebAuthn IT (firefox)	Run WebAuthn IT	2024-06-20T16:32:11.7914327Z --   required: java.util.Collection<java.lang.String>
WebAuthn IT (firefox)	Run WebAuthn IT	2024-06-20T16:32:11.7915237Z --   found:    java.util.List
WebAuthn IT (firefox)	Run WebAuthn IT	2024-06-20T16:32:11.7918605Z -- [WARNING] /home/runner/work/keycloak/keycloak/testsuite/integration-arquillian/tests/base/src/test/java/org/keycloak/testsuite/client/policies/AbstractClientPoliciesTest.java:[1514,38] getSessionState() in org.keycloak.representations.IDToken has been deprecated
WebAuthn IT (firefox)	Run WebAuthn IT	2024-06-20T16:32:11.7927992Z -- [WARNING] /home/runner/work/keycloak/keycloak/testsuite/integration-arquillian/tests/base/src/test/java/org/keycloak/testsuite/client/policies/AbstractClientPoliciesTest.java:[1519,45] getSessionState() in org.keycloak.representations.IDToken has been deprecated
WebAuthn IT (firefox)	Run WebAuthn IT	2024-06-20T16:32:11.7934065Z -- [WARNING] /home/runner/work/keycloak/keycloak/testsuite/integration-arquillian/tests/base/src/test/java/org/keycloak/testsuite/client/policies/AbstractClientPoliciesTest.java:[1528,47] getSessionState() in org.keycloak.representations.IDToken has been deprecated
WebAuthn IT (firefox)	Run WebAuthn IT	2024-06-20T16:32:11.7939733Z -- [WARNING] /home/runner/work/keycloak/keycloak/testsuite/integration-arquillian/tests/base/src/test/java/org/keycloak/testsuite/client/policies/AbstractClientPoliciesTest.java:[1529,54] getSessionState() in org.keycloak.representations.IDToken has been deprecated
WebAuthn IT (firefox)	Run WebAuthn IT	2024-06-20T16:32:11.7944413Z -- [WARNING] /home/runner/work/keycloak/keycloak/testsuite/integration-arquillian/tests/base/src/test/java/org/keycloak/testsuite/saml/BrokerTest.java:[340,63] unchecked conversion
WebAuthn IT (firefox)	Run WebAuthn IT	2024-06-20T16:32:11.7947374Z --   required: org.keycloak.saml.BaseSAML2BindingBuilder<org.keycloak.saml.BaseSAML2BindingBuilder>
WebAuthn IT (firefox)	Run WebAuthn IT	2024-06-20T16:32:11.7949209Z --   found:    org.keycloak.saml.BaseSAML2BindingBuilder
WebAuthn IT (firefox)	Run WebAuthn IT	2024-06-20T16:32:11.7952513Z -- [WARNING] /home/runner/work/keycloak/keycloak/testsuite/integration-arquillian/tests/base/src/test/java/org/keycloak/testsuite/oauth/OfflineTokenTest.java:[273,67] getSessionState() in org.keycloak.representations.IDToken has been deprecated
WebAuthn IT (firefox)	Run WebAuthn IT	2024-06-20T16:32:11.7957541Z -- [WARNING] /home/runner/work/keycloak/keycloak/testsuite/integration-arquillian/tests/base/src/test/java/org/keycloak/testsuite/oauth/OfflineTokenTest.java:[347,31] getSessionState() in org.keycloak.representations.IDToken has been deprecated
WebAuthn IT (firefox)	Run WebAuthn IT	2024-06-20T16:32:11.7962883Z -- [WARNING] /home/runner/work/keycloak/keycloak/testsuite/integration-arquillian/tests/base/src/test/java/org/keycloak/testsuite/oauth/OfflineTokenTest.java:[361,83] getSessionState() in org.keycloak.representations.IDToken has been deprecated
WebAuthn IT (firefox)	Run WebAuthn IT	2024-06-20T16:32:11.7968201Z -- [WARNING] /home/runner/work/keycloak/keycloak/testsuite/integration-arquillian/tests/base/src/test/java/org/keycloak/testsuite/oauth/OfflineTokenTest.java:[364,83] getSessionState() in org.keycloak.representations.IDToken has been deprecated
WebAuthn IT (firefox)	Run WebAuthn IT	2024-06-20T16:32:11.7973331Z -- [WARNING] /home/runner/work/keycloak/keycloak/testsuite/integration-arquillian/tests/base/src/test/java/org/keycloak/testsuite/oauth/OfflineTokenTest.java:[382,31] getSessionState() in org.keycloak.representations.IDToken has been deprecated
WebAuthn IT (firefox)	Run WebAuthn IT	2024-06-20T16:32:11.7978498Z -- [WARNING] /home/runner/work/keycloak/keycloak/testsuite/integration-arquillian/tests/base/src/test/java/org/keycloak/testsuite/oauth/OfflineTokenTest.java:[396,112] getSessionState() in org.keycloak.representations.IDToken has been deprecated
WebAuthn IT (firefox)	Run WebAuthn IT	2024-06-20T16:32:11.7983824Z -- [WARNING] /home/runner/work/keycloak/keycloak/testsuite/integration-arquillian/tests/base/src/test/java/org/keycloak/testsuite/oauth/OfflineTokenTest.java:[402,57] getSessionState() in org.keycloak.representations.IDToken has been deprecated
WebAuthn IT (firefox)	Run WebAuthn IT	2024-06-20T16:32:11.7988978Z -- [WARNING] /home/runner/work/keycloak/keycloak/testsuite/integration-arquillian/tests/base/src/test/java/org/keycloak/testsuite/oauth/OfflineTokenTest.java:[412,66] getSessionState() in org.keycloak.representations.IDToken has been deprecated
WebAuthn IT (firefox)	Run WebAuthn IT	2024-06-20T16:32:11.7994235Z -- [WARNING] /home/runner/work/keycloak/keycloak/testsuite/integration-arquillian/tests/base/src/test/java/org/keycloak/testsuite/oauth/OfflineTokenTest.java:[435,31] getSessionState() in org.keycloak.representations.IDToken has been deprecated
WebAuthn IT (firefox)	Run WebAuthn IT	2024-06-20T16:32:11.7999400Z -- [WARNING] /home/runner/work/keycloak/keycloak/testsuite/integration-arquillian/tests/base/src/test/java/org/keycloak/testsuite/oauth/OfflineTokenTest.java:[445,83] getSessionState() in org.keycloak.representations.IDToken has been deprecated
WebAuthn IT (firefox)	Run WebAuthn IT	2024-06-20T16:32:11.8004630Z -- [WARNING] /home/runner/work/keycloak/keycloak/testsuite/integration-arquillian/tests/base/src/test/java/org/keycloak/testsuite/oauth/OfflineTokenTest.java:[457,32] getSessionState() in org.keycloak.representations.IDToken has been deprecated
WebAuthn IT (firefox)	Run WebAuthn IT	2024-06-20T16:32:11.8009980Z -- [WARNING] /home/runner/work/keycloak/keycloak/testsuite/integration-arquillian/tests/base/src/test/java/org/keycloak/testsuite/oauth/OfflineTokenTest.java:[465,83] getSessionState() in org.keycloak.representations.IDToken has been deprecated
WebAuthn IT (firefox)	Run WebAuthn IT	2024-06-20T16:32:11.8014990Z -- [WARNING] /home/runner/work/keycloak/keycloak/testsuite/integration-arquillian/tests/base/src/test/java/org/keycloak/testsuite/oauth/OfflineTokenTest.java:[466,87] getSessionState() in org.keycloak.representations.IDToken has been deprecated
WebAuthn IT (firefox)	Run WebAuthn IT	2024-06-20T16:32:11.8019992Z -- [WARNING] /home/runner/work/keycloak/keycloak/testsuite/integration-arquillian/tests/base/src/test/java/org/keycloak/testsuite/oauth/OfflineTokenTest.java:[561,31] getSessionState() in org.keycloak.representations.IDToken has been deprecated
WebAuthn IT (firefox)	Run WebAuthn IT	2024-06-20T16:32:11.8025157Z -- [WARNING] /home/runner/work/keycloak/keycloak/testsuite/integration-arquillian/tests/base/src/test/java/org/keycloak/testsuite/oauth/OfflineTokenTest.java:[683,111] getSessionState() in org.keycloak.representations.IDToken has been deprecated
WebAuthn IT (firefox)	Run WebAuthn IT	2024-06-20T16:32:11.8030617Z -- [WARNING] /home/runner/work/keycloak/keycloak/testsuite/integration-arquillian/tests/base/src/test/java/org/keycloak/testsuite/oauth/OfflineTokenTest.java:[711,55] getSessionState() in org.keycloak.representations.IDToken has been deprecated
WebAuthn IT (firefox)	Run WebAuthn IT	2024-06-20T16:32:11.8035909Z -- [WARNING] /home/runner/work/keycloak/keycloak/testsuite/integration-arquillian/tests/base/src/test/java/org/keycloak/testsuite/oauth/OfflineTokenTest.java:[720,37] getSessionState() in org.keycloak.representations.IDToken has been deprecated
WebAuthn IT (firefox)	Run WebAuthn IT	2024-06-20T16:32:11.8041047Z -- [WARNING] /home/runner/work/keycloak/keycloak/testsuite/integration-arquillian/tests/base/src/test/java/org/keycloak/testsuite/oauth/OfflineTokenTest.java:[720,70] getSessionState() in org.keycloak.representations.IDToken has been deprecated
WebAuthn IT (firefox)	Run WebAuthn IT	2024-06-20T16:32:11.8049458Z -- [WARNING] /home/runner/work/keycloak/keycloak/testsuite/integration-arquillian/tests/base/src/test/java/org/keycloak/testsuite/oauth/OfflineTokenTest.java:[972,31] getSessionState() in org.keycloak.representations.IDToken has been deprecated
WebAuthn IT (firefox)	Run WebAuthn IT	2024-06-20T16:32:11.8054683Z -- [WARNING] /home/runner/work/keycloak/keycloak/testsuite/integration-arquillian/tests/base/src/test/java/org/keycloak/testsuite/oauth/OfflineTokenTest.java:[982,83] getSessionState() in org.keycloak.representations.IDToken has been deprecated
WebAuthn IT (firefox)	Run WebAuthn IT	2024-06-20T16:32:11.8059779Z -- [WARNING] /home/runner/work/keycloak/keycloak/testsuite/integration-arquillian/tests/base/src/test/java/org/keycloak/testsuite/oauth/OfflineTokenTest.java:[994,32] getSessionState() in org.keycloak.representations.IDToken has been deprecated
WebAuthn IT (firefox)	Run WebAuthn IT	2024-06-20T16:32:11.8065101Z -- [WARNING] /home/runner/work/keycloak/keycloak/testsuite/integration-arquillian/tests/base/src/test/java/org/keycloak/testsuite/oauth/OfflineTokenTest.java:[1002,83] getSessionState() in org.keycloak.representations.IDToken has been deprecated
WebAuthn IT (firefox)	Run WebAuthn IT	2024-06-20T16:32:11.8070107Z -- [WARNING] /home/runner/work/keycloak/keycloak/testsuite/integration-arquillian/tests/base/src/test/java/org/keycloak/testsuite/oauth/OfflineTokenTest.java:[1003,87] getSessionState() in org.keycloak.representations.IDToken has been deprecated
WebAuthn IT (firefox)	Run WebAuthn IT	2024-06-20T16:32:11.8075253Z -- [WARNING] /home/runner/work/keycloak/keycloak/testsuite/integration-arquillian/tests/base/src/test/java/org/keycloak/testsuite/oauth/OfflineTokenTest.java:[1044,31] getSessionState() in org.keycloak.representations.IDToken has been deprecated
WebAuthn IT (firefox)	Run WebAuthn IT	2024-06-20T16:32:11.8080824Z -- [WARNING] /home/runner/work/keycloak/keycloak/testsuite/integration-arquillian/tests/base/src/test/java/org/keycloak/testsuite/authz/admin/AbstractAuthorizationTest.java:[134,25] defaultRoles(java.lang.String...) in org.keycloak.testsuite.util.ClientBuilder has been deprecated
WebAuthn IT (firefox)	Run WebAuthn IT	2024-06-20T16:32:11.8086725Z -- [WARNING] /home/runner/work/keycloak/keycloak/testsuite/integration-arquillian/tests/base/src/test/java/org/keycloak/testsuite/util/UserBuilder.java:[159,12] setTotp(java.lang.Boolean) in org.keycloak.representations.idm.UserRepresentation has been deprecated
WebAuthn IT (firefox)	Run WebAuthn IT	2024-06-20T16:32:11.8092652Z -- [WARNING] /home/runner/work/keycloak/keycloak/testsuite/integration-arquillian/tests/base/src/test/java/org/keycloak/testsuite/util/UserBuilder.java:[176,12] setTotp(java.lang.Boolean) in org.keycloak.representations.idm.UserRepresentation has been deprecated
WebAuthn IT (firefox)	Run WebAuthn IT	2024-06-20T16:32:11.8098342Z -- [WARNING] /home/runner/work/keycloak/keycloak/testsuite/integration-arquillian/tests/base/src/test/java/org/keycloak/testsuite/cluster/AbstractInvalidationClusterTest.java:[179,41] unchecked method invocation: method sort in class java.util.Collections is applied to given types
WebAuthn IT (firefox)	Run WebAuthn IT	2024-06-20T16:32:11.8101712Z --   required: java.util.List<T>
WebAuthn IT (firefox)	Run WebAuthn IT	2024-06-20T16:32:11.8102656Z --   found:    java.util.List
WebAuthn IT (firefox)	Run WebAuthn IT	2024-06-20T16:32:11.8105432Z -- [WARNING] /home/runner/work/keycloak/keycloak/testsuite/integration-arquillian/tests/base/src/test/java/org/keycloak/testsuite/cluster/AbstractInvalidationClusterTest.java:[179,42] unchecked conversion
WebAuthn IT (firefox)	Run WebAuthn IT	2024-06-20T16:32:11.8108557Z --   required: java.util.List<T>
WebAuthn IT (firefox)	Run WebAuthn IT	2024-06-20T16:32:11.8109375Z --   found:    java.util.List
WebAuthn IT (firefox)	Run WebAuthn IT	2024-06-20T16:32:11.8112519Z -- [WARNING] /home/runner/work/keycloak/keycloak/testsuite/integration-arquillian/tests/base/src/test/java/org/keycloak/testsuite/adapter/servlet/SAMLServletAdapterTest.java:[1822,69] getSameSiteLegacyName() in org.keycloak.cookie.CookieType has been deprecated
WebAuthn IT (firefox)	Run WebAuthn IT	2024-06-20T16:32:11.8118325Z -- [WARNING] /home/runner/work/keycloak/keycloak/testsuite/integration-arquillian/tests/base/src/test/java/org/keycloak/testsuite/adapter/servlet/SAMLServletAdapterTest.java:[1824,72] getSameSiteLegacyName() in org.keycloak.cookie.CookieType has been deprecated
WebAuthn IT (firefox)	Run WebAuthn IT	2024-06-20T16:32:11.8123946Z -- [WARNING] /home/runner/work/keycloak/keycloak/testsuite/integration-arquillian/tests/base/src/test/java/org/keycloak/testsuite/oidc/OIDCAdvancedRequestParamsTest.java:[406,39] getSessionState() in org.keycloak.representations.IDToken has been deprecated
WebAuthn IT (firefox)	Run WebAuthn IT	2024-06-20T16:32:11.8129474Z -- [WARNING] /home/runner/work/keycloak/keycloak/testsuite/integration-arquillian/tests/base/src/test/java/org/keycloak/testsuite/oidc/OIDCAdvancedRequestParamsTest.java:[406,69] getSessionState() in org.keycloak.representations.IDToken has been deprecated
WebAuthn IT (firefox)	Run WebAuthn IT	2024-06-20T16:32:11.8135677Z -- [WARNING] /home/runner/work/keycloak/keycloak/testsuite/integration-arquillian/tests/base/src/test/java/org/keycloak/testsuite/oidc/OIDCAdvancedRequestParamsTest.java:[1445,58] getKeysForUse(org.keycloak.jose.jwk.JSONWebKeySet,org.keycloak.jose.jwk.JWK.Use) in org.keycloak.util.JWKSUtils has been deprecated
WebAuthn IT (firefox)	Run WebAuthn IT	2024-06-20T16:32:11.8142090Z -- [WARNING] /home/runner/work/keycloak/keycloak/testsuite/integration-arquillian/tests/base/src/test/java/org/keycloak/testsuite/oidc/OIDCAdvancedRequestParamsTest.java:[1532,58] getKeysForUse(org.keycloak.jose.jwk.JSONWebKeySet,org.keycloak.jose.jwk.JWK.Use) in org.keycloak.util.JWKSUtils has been deprecated
WebAuthn IT (firefox)	Run WebAuthn IT	2024-06-20T16:32:11.8148629Z -- [WARNING] /home/runner/work/keycloak/keycloak/testsuite/integration-arquillian/tests/base/src/test/java/org/keycloak/testsuite/authz/admin/GenericPolicyManagementTest.java:[147,25] unchecked call to ArrayList(java.util.Collection<? extends E>) as a member of the raw type java.util.ArrayList
WebAuthn IT (firefox)	Run WebAuthn IT	2024-06-20T16:32:11.8155325Z -- [WARNING] /home/runner/work/keycloak/keycloak/testsuite/integration-arquillian/tests/base/src/test/java/org/keycloak/testsuite/adapter/AbstractAdapterClusteredTest.java:[102,23] ProxyHandler(io.undertow.server.handlers.proxy.ProxyClient,int,io.undertow.server.HttpHandler) in io.undertow.server.handlers.proxy.ProxyHandler has been deprecated
WebAuthn IT (firefox)	Run WebAuthn IT	2024-06-20T16:32:11.8161741Z -- [WARNING] /home/runner/work/keycloak/keycloak/testsuite/integration-arquillian/tests/base/src/test/java/org/keycloak/testsuite/federation/storage/ClientStorageTest.java:[469,31] getSessionState() in org.keycloak.representations.IDToken has been deprecated
WebAuthn IT (firefox)	Run WebAuthn IT	2024-06-20T16:32:11.8167650Z -- [WARNING] /home/runner/work/keycloak/keycloak/testsuite/integration-arquillian/tests/base/src/test/java/org/keycloak/testsuite/federation/storage/ClientStorageTest.java:[483,83] getSessionState() in org.keycloak.representations.IDToken has been deprecated
WebAuthn IT (firefox)	Run WebAuthn IT	2024-06-20T16:32:11.8173430Z -- [WARNING] /home/runner/work/keycloak/keycloak/testsuite/integration-arquillian/tests/base/src/test/java/org/keycloak/testsuite/federation/storage/ClientStorageTest.java:[486,83] getSessionState() in org.keycloak.representations.IDToken has been deprecated
WebAuthn IT (firefox)	Run WebAuthn IT	2024-06-20T16:32:11.8179081Z -- [WARNING] /home/runner/work/keycloak/keycloak/testsuite/integration-arquillian/tests/base/src/test/java/org/keycloak/testsuite/federation/storage/ClientStorageTest.java:[516,111] getSessionState() in org.keycloak.representations.IDToken has been deprecated
WebAuthn IT (firefox)	Run WebAuthn IT	2024-06-20T16:32:11.8184583Z -- [WARNING] /home/runner/work/keycloak/keycloak/testsuite/integration-arquillian/tests/base/src/test/java/org/keycloak/testsuite/federation/storage/ClientStorageTest.java:[519,65] getSessionState() in org.keycloak.representations.IDToken has been deprecated
WebAuthn IT (firefox)	Run WebAuthn IT	2024-06-20T16:32:11.8190477Z -- [WARNING] /home/runner/work/keycloak/keycloak/testsuite/integration-arquillian/tests/base/src/test/java/org/keycloak/testsuite/composites/CompositeRoleTest.java:[119,17] defaultRoles(java.lang.String...) in org.keycloak.testsuite.util.ClientBuilder has been deprecated
WebAuthn IT (firefox)	Run WebAuthn IT	2024-06-20T16:32:11.8196370Z -- [WARNING] /home/runner/work/keycloak/keycloak/testsuite/integration-arquillian/tests/base/src/test/java/org/keycloak/testsuite/composites/CompositeRoleTest.java:[139,17] defaultRoles(java.lang.String...) in org.keycloak.testsuite.util.ClientBuilder has been deprecated
WebAuthn IT (firefox)	Run WebAuthn IT	2024-06-20T16:32:11.8202596Z -- [WARNING] /home/runner/work/keycloak/keycloak/testsuite/integration-arquillian/tests/base/src/test/java/org/keycloak/testsuite/forms/LevelOfAssuranceFlowTest.java:[666,91] STORE_IN_USER_SESSION in org.keycloak.authentication.authenticators.conditional.ConditionalLoaAuthenticator has been deprecated
WebAuthn IT (firefox)	Run WebAuthn IT	2024-06-20T16:32:11.8208987Z -- [WARNING] /home/runner/work/keycloak/keycloak/testsuite/integration-arquillian/tests/base/src/test/java/org/keycloak/testsuite/forms/LevelOfAssuranceFlowTest.java:[678,91] STORE_IN_USER_SESSION in org.keycloak.authentication.authenticators.conditional.ConditionalLoaAuthenticator has been deprecated
WebAuthn IT (firefox)	Run WebAuthn IT	2024-06-20T16:32:11.8215347Z -- [WARNING] /home/runner/work/keycloak/keycloak/testsuite/integration-arquillian/tests/base/src/test/java/org/keycloak/testsuite/forms/LevelOfAssuranceFlowTest.java:[690,91] STORE_IN_USER_SESSION in org.keycloak.authentication.authenticators.conditional.ConditionalLoaAuthenticator has been deprecated
WebAuthn IT (firefox)	Run WebAuthn IT	2024-06-20T16:32:11.8221331Z -- [WARNING] /home/runner/work/keycloak/keycloak/testsuite/integration-arquillian/tests/base/src/test/java/org/keycloak/testsuite/cluster/AuthenticationSessionFailoverClusterTest.java:[117,90] getSameSiteLegacyName() in org.keycloak.cookie.CookieType has been deprecated
WebAuthn IT (firefox)	Run WebAuthn IT	2024-06-20T16:32:11.8227064Z -- [WARNING] /home/runner/work/keycloak/keycloak/testsuite/integration-arquillian/tests/base/src/test/java/org/keycloak/testsuite/federation/kerberos/AbstractKerberosTest.java:[224,16] unchecked call to put(K,V) as a member of the raw type java.util.Hashtable
WebAuthn IT (firefox)	Run WebAuthn IT	2024-06-20T16:32:11.8232570Z -- [WARNING] /home/runner/work/keycloak/keycloak/testsuite/integration-arquillian/tests/base/src/test/java/org/keycloak/testsuite/federation/kerberos/AbstractKerberosTest.java:[225,16] unchecked call to put(K,V) as a member of the raw type java.util.Hashtable
WebAuthn IT (firefox)	Run WebAuthn IT	2024-06-20T16:32:11.8238203Z -- [WARNING] /home/runner/work/keycloak/keycloak/testsuite/integration-arquillian/tests/base/src/test/java/org/keycloak/testsuite/federation/kerberos/AbstractKerberosTest.java:[228,20] unchecked call to put(K,V) as a member of the raw type java.util.Hashtable
WebAuthn IT (firefox)	Run WebAuthn IT	2024-06-20T16:32:11.8244126Z -- [WARNING] /home/runner/work/keycloak/keycloak/testsuite/integration-arquillian/tests/base/src/test/java/org/keycloak/testsuite/federation/kerberos/AbstractKerberosTest.java:[229,20] unchecked call to put(K,V) as a member of the raw type java.util.Hashtable
WebAuthn IT (firefox)	Run WebAuthn IT	2024-06-20T16:32:11.8249980Z -- [WARNING] /home/runner/work/keycloak/keycloak/testsuite/integration-arquillian/tests/base/src/test/java/org/keycloak/testsuite/oauth/AbstractClientAuthSignedJWTTest.java:[348,41] getSessionState() in org.keycloak.representations.IDToken has been deprecated
WebAuthn IT (firefox)	Run WebAuthn IT	2024-06-20T16:32:11.8255615Z -- [WARNING] /home/runner/work/keycloak/keycloak/testsuite/integration-arquillian/tests/base/src/test/java/org/keycloak/testsuite/oauth/AbstractClientAuthSignedJWTTest.java:[416,37] getSessionState() in org.keycloak.representations.IDToken has been deprecated
WebAuthn IT (firefox)	Run WebAuthn IT	2024-06-20T16:32:11.8261163Z -- [WARNING] /home/runner/work/keycloak/keycloak/testsuite/integration-arquillian/tests/base/src/test/java/org/keycloak/testsuite/oauth/AbstractClientAuthSignedJWTTest.java:[576,37] getSessionState() in org.keycloak.representations.IDToken has been deprecated
WebAuthn IT (firefox)	Run WebAuthn IT	2024-06-20T16:32:11.8266863Z -- [WARNING] /home/runner/work/keycloak/keycloak/testsuite/integration-arquillian/tests/base/src/test/java/org/keycloak/testsuite/oauth/AbstractClientAuthSignedJWTTest.java:[713,42] org.apache.http.impl.client.DefaultHttpClient in org.apache.http.impl.client has been deprecated
WebAuthn IT (firefox)	Run WebAuthn IT	2024-06-20T16:32:11.8272871Z -- [WARNING] /home/runner/work/keycloak/keycloak/testsuite/integration-arquillian/tests/base/src/test/java/org/keycloak/testsuite/broker/KcOidcBrokerTransientSessionsTest.java:[632,71] getSessionState() in org.keycloak.representations.IDToken has been deprecated
WebAuthn IT (firefox)	Run WebAuthn IT	2024-06-20T16:32:11.8279498Z -- [WARNING] /home/runner/work/keycloak/keycloak/testsuite/integration-arquillian/tests/base/src/test/java/org/keycloak/testsuite/admin/PermissionsTest.java:[381,35] testLDAPConnection(java.lang.String,java.lang.String,java.lang.String,java.lang.String,java.lang.String,java.lang.String) in org.keycloak.admin.client.resource.RealmResource has been deprecated
WebAuthn IT (firefox)	Run WebAuthn IT	2024-06-20T16:32:11.8286675Z -- [WARNING] /home/runner/work/keycloak/keycloak/testsuite/integration-arquillian/tests/base/src/test/java/org/keycloak/testsuite/admin/PermissionsTest.java:[668,83] unchecked method invocation: method createMapper in interface org.keycloak.admin.client.resource.ProtocolMappersResource is applied to given types
WebAuthn IT (firefox)	Run WebAuthn IT	2024-06-20T16:32:11.8290655Z --   required: java.util.List<org.keycloak.representations.idm.ProtocolMapperRepresentation>
WebAuthn IT (firefox)	Run WebAuthn IT	2024-06-20T16:32:11.8291838Z --   found:    java.util.List
WebAuthn IT (firefox)	Run WebAuthn IT	2024-06-20T16:32:11.8294416Z -- [WARNING] /home/runner/work/keycloak/keycloak/testsuite/integration-arquillian/tests/base/src/test/java/org/keycloak/testsuite/admin/PermissionsTest.java:[668,95] unchecked conversion
WebAuthn IT (firefox)	Run WebAuthn IT	2024-06-20T16:32:11.8297373Z --   required: java.util.List<org.keycloak.representations.idm.ProtocolMapperRepresentation>
WebAuthn IT (firefox)	Run WebAuthn IT	2024-06-20T16:32:11.8298865Z --   found:    java.util.List
WebAuthn IT (firefox)	Run WebAuthn IT	2024-06-20T16:32:11.8302558Z -- [WARNING] /home/runner/work/keycloak/keycloak/testsuite/integration-arquillian/tests/base/src/test/java/org/keycloak/testsuite/admin/PermissionsTest.java:[1814,64] getRealmLocalizationTexts(java.lang.String,java.lang.Boolean) in org.keycloak.admin.client.resource.RealmLocalizationResource has been deprecated
WebAuthn IT (firefox)	Run WebAuthn IT	2024-06-20T16:32:11.8308492Z -- [WARNING] /home/runner/work/keycloak/keycloak/testsuite/integration-arquillian/tests/base/src/test/java/org/keycloak/testsuite/oidc/AuthenticationMethodReferenceTest.java:[481,43] getSessionState() in org.keycloak.representations.IDToken has been deprecated
WebAuthn IT (firefox)	Run WebAuthn IT	2024-06-20T16:32:11.8313583Z -- [WARNING] /home/runner/work/keycloak/keycloak/testsuite/integration-arquillian/tests/base/src/test/java/org/keycloak/testsuite/oidc/AuthenticationMethodReferenceTest.java:[528,69] unchecked cast
WebAuthn IT (firefox)	Run WebAuthn IT	2024-06-20T16:32:11.8316337Z --   required: java.util.List<java.lang.String>
WebAuthn IT (firefox)	Run WebAuthn IT	2024-06-20T16:32:11.8317262Z --   found:    java.lang.Object
WebAuthn IT (firefox)	Run WebAuthn IT	2024-06-20T16:32:11.8319962Z -- [WARNING] /home/runner/work/keycloak/keycloak/testsuite/integration-arquillian/tests/base/src/test/java/org/keycloak/testsuite/crossdc/AbstractAdminCrossDCTest.java:[97,50] unchecked cast
WebAuthn IT (firefox)	Run WebAuthn IT	2024-06-20T16:32:11.8322755Z --   required: T
WebAuthn IT (firefox)	Run WebAuthn IT	2024-06-20T16:32:11.8323662Z --   found:    java.lang.Comparable
WebAuthn IT (firefox)	Run WebAuthn IT	2024-06-20T16:32:11.8326616Z -- [WARNING] /home/runner/work/keycloak/keycloak/testsuite/integration-arquillian/tests/base/src/test/java/org/keycloak/testsuite/crossdc/AbstractAdminCrossDCTest.java:[101,54] unchecked cast
WebAuthn IT (firefox)	Run WebAuthn IT	2024-06-20T16:32:11.8329036Z --   required: T
WebAuthn IT (firefox)	Run WebAuthn IT	2024-06-20T16:32:11.8329934Z --   found:    java.lang.Comparable
WebAuthn IT (firefox)	Run WebAuthn IT	2024-06-20T16:32:11.8333207Z -- [WARNING] /home/runner/work/keycloak/keycloak/testsuite/integration-arquillian/tests/base/src/test/java/org/keycloak/testsuite/admin/concurrency/ConcurrentLoginTest.java:[443,40] getSessionState() in org.keycloak.representations.IDToken has been deprecated
WebAuthn IT (firefox)	Run WebAuthn IT	2024-06-20T16:32:11.8338933Z -- [WARNING] /home/runner/work/keycloak/keycloak/testsuite/integration-arquillian/tests/base/src/test/java/org/keycloak/testsuite/authz/admin/AbstractPolicyManagementTest.java:[74,25] defaultRoles(java.lang.String...) in org.keycloak.testsuite.util.ClientBuilder has been deprecated
WebAuthn IT (firefox)	Run WebAuthn IT	2024-06-20T16:32:11.8345132Z -- [WARNING] /home/runner/work/keycloak/keycloak/testsuite/integration-arquillian/tests/base/src/test/java/org/keycloak/testsuite/crossdc/SessionExpirationCrossDCTest.java:[577,80] getSessionState() in org.keycloak.representations.IDToken has been deprecated
WebAuthn IT (firefox)	Run WebAuthn IT	2024-06-20T16:32:11.8350691Z -- [WARNING] /home/runner/work/keycloak/keycloak/testsuite/integration-arquillian/tests/base/src/test/java/org/keycloak/testsuite/crossdc/SessionExpirationCrossDCTest.java:[607,80] getSessionState() in org.keycloak.representations.IDToken has been deprecated
WebAuthn IT (firefox)	Run WebAuthn IT	2024-06-20T16:32:11.8356899Z -- [WARNING] /home/runner/work/keycloak/keycloak/testsuite/integration-arquillian/tests/base/src/test/java/org/keycloak/testsuite/organization/admin/OrganizationInvitationLinkTest.java:[215,35] pageLoadTimeout(long,java.util.concurrent.TimeUnit) in org.openqa.selenium.WebDriver.Timeouts has been deprecated
WebAuthn IT (firefox)	Run WebAuthn IT	2024-06-20T16:32:11.8363820Z -- [WARNING] /home/runner/work/keycloak/keycloak/testsuite/integration-arquillian/tests/base/src/test/java/org/keycloak/testsuite/admin/event/EventConfigTest.java:[59,37] unchecked method invocation: method setEventsListeners in class org.keycloak.representations.idm.RealmEventsConfigRepresentation is applied to given types
WebAuthn IT (firefox)	Run WebAuthn IT	2024-06-20T16:32:11.8367541Z --   required: java.util.List<java.lang.String>
WebAuthn IT (firefox)	Run WebAuthn IT	2024-06-20T16:32:11.8368767Z --   found:    java.util.List
WebAuthn IT (firefox)	Run WebAuthn IT	2024-06-20T16:32:11.8371276Z -- [WARNING] /home/runner/work/keycloak/keycloak/testsuite/integration-arquillian/tests/base/src/test/java/org/keycloak/testsuite/admin/event/EventConfigTest.java:[59,49] unchecked conversion
WebAuthn IT (firefox)	Run WebAuthn IT	2024-06-20T16:32:11.8373900Z --   required: java.util.List<java.lang.String>
WebAuthn IT (firefox)	Run WebAuthn IT	2024-06-20T16:32:11.8375021Z --   found:    java.util.List
WebAuthn IT (firefox)	Run WebAuthn IT	2024-06-20T16:32:11.8378887Z -- [WARNING] /home/runner/work/keycloak/keycloak/testsuite/integration-arquillian/tests/base/src/test/java/org/keycloak/testsuite/admin/event/EventConfigTest.java:[87,39] unchecked method invocation: method setEnabledEventTypes in class org.keycloak.representations.idm.RealmEventsConfigRepresentation is applied to given types
WebAuthn IT (firefox)	Run WebAuthn IT	2024-06-20T16:32:11.8382957Z --   required: java.util.List<java.lang.String>
WebAuthn IT (firefox)	Run WebAuthn IT	2024-06-20T16:32:11.8383868Z --   found:    java.util.List
WebAuthn IT (firefox)	Run WebAuthn IT	2024-06-20T16:32:11.8386389Z -- [WARNING] /home/runner/work/keycloak/keycloak/testsuite/integration-arquillian/tests/base/src/test/java/org/keycloak/testsuite/admin/event/EventConfigTest.java:[87,51] unchecked conversion
WebAuthn IT (firefox)	Run WebAuthn IT	2024-06-20T16:32:11.8389050Z --   required: java.util.List<java.lang.String>
WebAuthn IT (firefox)	Run WebAuthn IT	2024-06-20T16:32:11.8390019Z --   found:    java.util.List
WebAuthn IT (firefox)	Run WebAuthn IT	2024-06-20T16:32:11.8393558Z -- [WARNING] /home/runner/work/keycloak/keycloak/testsuite/integration-arquillian/tests/base/src/test/java/org/keycloak/testsuite/oauth/ClientAuthSecretSignedJWTTest.java:[383,42] org.apache.http.impl.client.DefaultHttpClient in org.apache.http.impl.client has been deprecated
WebAuthn IT (firefox)	Run WebAuthn IT	2024-06-20T16:32:11.8398940Z -- [WARNING] /home/runner/work/keycloak/keycloak/testsuite/integration-arquillian/tests/base/src/test/java/org/keycloak/testsuite/oauth/ClientAuthSecretSignedJWTTest.java:[482,59] unchecked conversion
WebAuthn IT (firefox)	Run WebAuthn IT	2024-06-20T16:32:11.8402076Z --   required: java.util.Map<java.lang.String,java.lang.String>
WebAuthn IT (firefox)	Run WebAuthn IT	2024-06-20T16:32:11.8403685Z --   found:    java.util.Map
WebAuthn IT (firefox)	Run WebAuthn IT	2024-06-20T16:32:11.8407068Z -- [WARNING] /home/runner/work/keycloak/keycloak/testsuite/integration-arquillian/tests/base/src/test/java/org/keycloak/testsuite/oauth/OAuthProofKeyForCodeExchangeTest.java:[478,38] getSessionState() in org.keycloak.representations.IDToken has been deprecated
WebAuthn IT (firefox)	Run WebAuthn IT	2024-06-20T16:32:11.8412631Z -- [WARNING] /home/runner/work/keycloak/keycloak/testsuite/integration-arquillian/tests/base/src/test/java/org/keycloak/testsuite/oauth/OAuthProofKeyForCodeExchangeTest.java:[488,38] getSessionState() in org.keycloak.representations.IDToken has been deprecated
WebAuthn IT (firefox)	Run WebAuthn IT	2024-06-20T16:32:11.8418279Z -- [WARNING] /home/runner/work/keycloak/keycloak/testsuite/integration-arquillian/tests/base/src/test/java/org/keycloak/testsuite/oauth/OAuthProofKeyForCodeExchangeTest.java:[499,45] getSessionState() in org.keycloak.representations.IDToken has been deprecated
WebAuthn IT (firefox)	Run WebAuthn IT	2024-06-20T16:32:11.8424413Z -- [WARNING] /home/runner/work/keycloak/keycloak/testsuite/integration-arquillian/tests/base/src/test/java/org/keycloak/testsuite/oauth/OAuthProofKeyForCodeExchangeTest.java:[509,47] getSessionState() in org.keycloak.representations.IDToken has been deprecated
WebAuthn IT (firefox)	Run WebAuthn IT	2024-06-20T16:32:11.8430124Z -- [WARNING] /home/runner/work/keycloak/keycloak/testsuite/integration-arquillian/tests/base/src/test/java/org/keycloak/testsuite/oauth/OAuthProofKeyForCodeExchangeTest.java:[510,54] getSessionState() in org.keycloak.representations.IDToken has been deprecated
WebAuthn IT (firefox)	Run WebAuthn IT	2024-06-20T16:32:11.8435503Z -- [INFO] /home/runner/work/keycloak/keycloak/testsuite/integration-arquillian/tests/base/src/test/java/org/keycloak/testsuite/federation/ldap/LDAPRoleMapperTest.java: Some input files additionally use or override a deprecated API.
WebAuthn IT (firefox)	Run WebAuthn IT	2024-06-20T16:32:11.8440402Z -- [INFO] /home/runner/work/keycloak/keycloak/testsuite/integration-arquillian/tests/base/src/test/java/org/keycloak/testsuite/oauth/TokenEndpointCorsTest.java: Some input files additionally use unchecked or unsafe operations.
WebAuthn IT (firefox)	Run WebAuthn IT	2024-06-20T16:32:11.8443612Z -- [INFO] 
WebAuthn IT (firefox)	Run WebAuthn IT	2024-06-20T16:32:11.8445000Z -- [INFO] --- shrinkwrap-resolver:3.2.1:propagate-execution-context (default) @ integration-arquillian-tests-base ---
WebAuthn IT (firefox)	Run WebAuthn IT	2024-06-20T16:32:11.9294230Z -- [INFO] 
WebAuthn IT (firefox)	Run WebAuthn IT	2024-06-20T16:32:11.9296168Z -- [INFO] --- docker:0.40.3:start (start-db-container) @ integration-arquillian-tests-base ---
WebAuthn IT (firefox)	Run WebAuthn IT	2024-06-20T16:32:12.2161038Z -- [INFO] 
WebAuthn IT (firefox)	Run WebAuthn IT	2024-06-20T16:32:12.2162992Z -- [INFO] --- surefire:3.0.0-M7:test (default-test) @ integration-arquillian-tests-base ---
WebAuthn IT (firefox)	Run WebAuthn IT	2024-06-20T16:32:12.3789991Z -- [INFO] Using auto detected provider org.apache.maven.surefire.junit4.JUnit4Provider
WebAuthn IT (firefox)	Run WebAuthn IT	2024-06-20T16:32:12.4779440Z -- [INFO] Downloading from jboss-public-repository: https://repository.jboss.org/nexus/content/groups/public/org/apache/maven/surefire/surefire-junit4/3.0.0-M7/surefire-junit4-3.0.0-M7.jar
WebAuthn IT (firefox)	Run WebAuthn IT	2024-06-20T16:32:12.5773149Z -- [INFO] Downloading from central: https://repo.maven.apache.org/maven2/org/apache/maven/surefire/surefire-junit4/3.0.0-M7/surefire-junit4-3.0.0-M7.jar
WebAuthn IT (firefox)	Run WebAuthn IT	2024-06-20T16:32:12.5944303Z -- [INFO] Downloaded from central: https://repo.maven.apache.org/maven2/org/apache/maven/surefire/surefire-junit4/3.0.0-M7/surefire-junit4-3.0.0-M7.jar (18 kB at 1.0 MB/s)
WebAuthn IT (firefox)	Run WebAuthn IT	2024-06-20T16:32:12.5962938Z -- [INFO] Downloading from jboss-public-repository: https://repository.jboss.org/nexus/content/groups/public/org/apache/maven/surefire/surefire-junit4/3.0.0-M7/surefire-junit4-3.0.0-M7.pom
WebAuthn IT (firefox)	Run WebAuthn IT	2024-06-20T16:32:12.6893888Z -- [INFO] Downloading from central: https://repo.maven.apache.org/maven2/org/apache/maven/surefire/surefire-junit4/3.0.0-M7/surefire-junit4-3.0.0-M7.pom
WebAuthn IT (firefox)	Run WebAuthn IT	2024-06-20T16:32:12.6931959Z -- [INFO] Downloaded from central: https://repo.maven.apache.org/maven2/org/apache/maven/surefire/surefire-junit4/3.0.0-M7/surefire-junit4-3.0.0-M7.pom (2.9 kB at 973 kB/s)
WebAuthn IT (firefox)	Run WebAuthn IT	2024-06-20T16:32:12.6950300Z -- [INFO] Downloading from jboss-public-repository: https://repository.jboss.org/nexus/content/groups/public/org/apache/maven/surefire/surefire-providers/3.0.0-M7/surefire-providers-3.0.0-M7.pom
WebAuthn IT (firefox)	Run WebAuthn IT	2024-06-20T16:32:12.7718099Z -- [INFO] Downloading from central: https://repo.maven.apache.org/maven2/org/apache/maven/surefire/surefire-providers/3.0.0-M7/surefire-providers-3.0.0-M7.pom
WebAuthn IT (firefox)	Run WebAuthn IT	2024-06-20T16:32:12.7757226Z -- [INFO] Downloaded from central: https://repo.maven.apache.org/maven2/org/apache/maven/surefire/surefire-providers/3.0.0-M7/surefire-providers-3.0.0-M7.pom (2.5 kB at 845 kB/s)
WebAuthn IT (firefox)	Run WebAuthn IT	2024-06-20T16:32:12.7820930Z -- [INFO] Downloading from jboss-public-repository: https://repository.jboss.org/nexus/content/groups/public/junit/junit/4.0/junit-4.0.pom
WebAuthn IT (firefox)	Run WebAuthn IT	2024-06-20T16:32:12.8683004Z -- [INFO] Downloading from central: https://repo.maven.apache.org/maven2/junit/junit/4.0/junit-4.0.pom
WebAuthn IT (firefox)	Run WebAuthn IT	2024-06-20T16:32:12.8714197Z -- [INFO] Downloaded from central: https://repo.maven.apache.org/maven2/junit/junit/4.0/junit-4.0.pom (210 B at 52 kB/s)
WebAuthn IT (firefox)	Run WebAuthn IT	2024-06-20T16:32:12.8729576Z -- [INFO] Downloading from jboss-public-repository: https://repository.jboss.org/nexus/content/groups/public/org/apache/maven/surefire/common-junit4/3.0.0-M7/common-junit4-3.0.0-M7.pom
WebAuthn IT (firefox)	Run WebAuthn IT	2024-06-20T16:32:12.9232627Z -- [INFO] Downloading from central: https://repo.maven.apache.org/maven2/org/apache/maven/surefire/common-junit4/3.0.0-M7/common-junit4-3.0.0-M7.pom
WebAuthn IT (firefox)	Run WebAuthn IT	2024-06-20T16:32:12.9266306Z -- [INFO] Downloaded from central: https://repo.maven.apache.org/maven2/org/apache/maven/surefire/common-junit4/3.0.0-M7/common-junit4-3.0.0-M7.pom (3.0 kB at 750 kB/s)
WebAuthn IT (firefox)	Run WebAuthn IT	2024-06-20T16:32:12.9343967Z -- [INFO] Downloading from jboss-public-repository: https://repository.jboss.org/nexus/content/groups/public/org/apache/maven/surefire/common-junit3/3.0.0-M7/common-junit3-3.0.0-M7.pom
WebAuthn IT (firefox)	Run WebAuthn IT	2024-06-20T16:32:12.9857213Z -- [INFO] Downloading from central: https://repo.maven.apache.org/maven2/org/apache/maven/surefire/common-junit3/3.0.0-M7/common-junit3-3.0.0-M7.pom
WebAuthn IT (firefox)	Run WebAuthn IT	2024-06-20T16:32:12.9890903Z -- [INFO] Downloaded from central: https://repo.maven.apache.org/maven2/org/apache/maven/surefire/common-junit3/3.0.0-M7/common-junit3-3.0.0-M7.pom (2.7 kB at 884 kB/s)
WebAuthn IT (firefox)	Run WebAuthn IT	2024-06-20T16:32:12.9965359Z -- [INFO] Downloading from jboss-public-repository: https://repository.jboss.org/nexus/content/groups/public/org/apache/maven/surefire/common-java5/3.0.0-M7/common-java5-3.0.0-M7.pom
WebAuthn IT (firefox)	Run WebAuthn IT	2024-06-20T16:32:13.0445941Z -- [INFO] Downloading from central: https://repo.maven.apache.org/maven2/org/apache/maven/surefire/common-java5/3.0.0-M7/common-java5-3.0.0-M7.pom
WebAuthn IT (firefox)	Run WebAuthn IT	2024-06-20T16:32:13.0482998Z -- [INFO] Downloaded from central: https://repo.maven.apache.org/maven2/org/apache/maven/surefire/common-java5/3.0.0-M7/common-java5-3.0.0-M7.pom (2.7 kB at 898 kB/s)
WebAuthn IT (firefox)	Run WebAuthn IT	2024-06-20T16:32:13.0561984Z -- [INFO] Downloading from jboss-public-repository: https://repository.jboss.org/nexus/content/groups/public/org/hamcrest/hamcrest-library/1.3/hamcrest-library-1.3.pom
WebAuthn IT (firefox)	Run WebAuthn IT	2024-06-20T16:32:13.1046865Z -- [INFO] Downloading from central: https://repo.maven.apache.org/maven2/org/hamcrest/hamcrest-library/1.3/hamcrest-library-1.3.pom
WebAuthn IT (firefox)	Run WebAuthn IT	2024-06-20T16:32:13.1081975Z -- [INFO] Downloaded from central: https://repo.maven.apache.org/maven2/org/hamcrest/hamcrest-library/1.3/hamcrest-library-1.3.pom (820 B at 273 kB/s)
WebAuthn IT (firefox)	Run WebAuthn IT	2024-06-20T16:32:13.1108926Z -- [INFO] Downloading from jboss-public-repository: https://repository.jboss.org/nexus/content/groups/public/org/assertj/assertj-core/3.22.0/assertj-core-3.22.0.pom
WebAuthn IT (firefox)	Run WebAuthn IT	2024-06-20T16:32:13.1595233Z -- [INFO] Downloading from central: https://repo.maven.apache.org/maven2/org/assertj/assertj-core/3.22.0/assertj-core-3.22.0.pom
WebAuthn IT (firefox)	Run WebAuthn IT	2024-06-20T16:32:13.1631789Z -- [INFO] Downloaded from central: https://repo.maven.apache.org/maven2/org/assertj/assertj-core/3.22.0/assertj-core-3.22.0.pom (31 kB at 10 MB/s)
WebAuthn IT (firefox)	Run WebAuthn IT	2024-06-20T16:32:13.1651056Z -- [INFO] Downloading from jboss-public-repository: https://repository.jboss.org/nexus/content/groups/public/org/assertj/assertj-parent-pom/2.2.14/assertj-parent-pom-2.2.14.pom
WebAuthn IT (firefox)	Run WebAuthn IT	2024-06-20T16:32:13.2564972Z -- [INFO] Downloading from central: https://repo.maven.apache.org/maven2/org/assertj/assertj-parent-pom/2.2.14/assertj-parent-pom-2.2.14.pom
WebAuthn IT (firefox)	Run WebAuthn IT	2024-06-20T16:32:13.2605829Z -- [INFO] Downloaded from central: https://repo.maven.apache.org/maven2/org/assertj/assertj-parent-pom/2.2.14/assertj-parent-pom-2.2.14.pom (25 kB at 4.9 MB/s)
WebAuthn IT (firefox)	Run WebAuthn IT	2024-06-20T16:32:13.2637737Z -- [INFO] Downloading from jboss-public-repository: https://repository.jboss.org/nexus/content/groups/public/org/junit/junit-bom/5.8.2/junit-bom-5.8.2.pom
WebAuthn IT (firefox)	Run WebAuthn IT	2024-06-20T16:32:13.3564089Z -- [INFO] Downloading from central: https://repo.maven.apache.org/maven2/org/junit/junit-bom/5.8.2/junit-bom-5.8.2.pom
WebAuthn IT (firefox)	Run WebAuthn IT	2024-06-20T16:32:13.3601413Z -- [INFO] Downloaded from central: https://repo.maven.apache.org/maven2/org/junit/junit-bom/5.8.2/junit-bom-5.8.2.pom (5.6 kB at 1.4 MB/s)
WebAuthn IT (firefox)	Run WebAuthn IT	2024-06-20T16:32:13.3627686Z -- [INFO] Downloading from jboss-public-repository: https://repository.jboss.org/nexus/content/groups/public/org/junit/junit-bom/5.8.0/junit-bom-5.8.0.pom
WebAuthn IT (firefox)	Run WebAuthn IT	2024-06-20T16:32:13.4225738Z -- [INFO] Downloading from central: https://repo.maven.apache.org/maven2/org/junit/junit-bom/5.8.0/junit-bom-5.8.0.pom
WebAuthn IT (firefox)	Run WebAuthn IT	2024-06-20T16:32:13.4258960Z -- [INFO] Downloaded from central: https://repo.maven.apache.org/maven2/org/junit/junit-bom/5.8.0/junit-bom-5.8.0.pom (5.6 kB at 1.9 MB/s)
WebAuthn IT (firefox)	Run WebAuthn IT	2024-06-20T16:32:13.4286464Z -- [INFO] Downloading from jboss-public-repository: https://repository.jboss.org/nexus/content/groups/public/org/apache/maven/surefire/common-junit3/3.0.0-M7/common-junit3-3.0.0-M7.jar
WebAuthn IT (firefox)	Run WebAuthn IT	2024-06-20T16:32:13.4290421Z -- [INFO] Downloading from jboss-public-repository: https://repository.jboss.org/nexus/content/groups/public/org/apache/maven/surefire/common-java5/3.0.0-M7/common-java5-3.0.0-M7.jar
WebAuthn IT (firefox)	Run WebAuthn IT	2024-06-20T16:32:13.4294558Z -- [INFO] Downloading from jboss-public-repository: https://repository.jboss.org/nexus/content/groups/public/org/apache/maven/surefire/common-junit4/3.0.0-M7/common-junit4-3.0.0-M7.jar
WebAuthn IT (firefox)	Run WebAuthn IT	2024-06-20T16:32:13.4513684Z -- [INFO] Downloading from central: https://repo.maven.apache.org/maven2/org/apache/maven/surefire/common-junit3/3.0.0-M7/common-junit3-3.0.0-M7.jar
WebAuthn IT (firefox)	Run WebAuthn IT	2024-06-20T16:32:13.4548907Z -- [INFO] Downloaded from central: https://repo.maven.apache.org/maven2/org/apache/maven/surefire/common-junit3/3.0.0-M7/common-junit3-3.0.0-M7.jar (12 kB at 2.9 MB/s)
WebAuthn IT (firefox)	Run WebAuthn IT	2024-06-20T16:32:13.4690306Z -- [INFO] Downloading from central: https://repo.maven.apache.org/maven2/org/apache/maven/surefire/common-junit4/3.0.0-M7/common-junit4-3.0.0-M7.jar
WebAuthn IT (firefox)	Run WebAuthn IT	2024-06-20T16:32:13.4725173Z -- [INFO] Downloaded from central: https://repo.maven.apache.org/maven2/org/apache/maven/surefire/common-junit4/3.0.0-M7/common-junit4-3.0.0-M7.jar (26 kB at 6.4 MB/s)
WebAuthn IT (firefox)	Run WebAuthn IT	2024-06-20T16:32:13.4827381Z -- [INFO] Downloading from central: https://repo.maven.apache.org/maven2/org/apache/maven/surefire/common-java5/3.0.0-M7/common-java5-3.0.0-M7.jar
WebAuthn IT (firefox)	Run WebAuthn IT	2024-06-20T16:32:13.4859201Z -- [INFO] Downloaded from central: https://repo.maven.apache.org/maven2/org/apache/maven/surefire/common-java5/3.0.0-M7/common-java5-3.0.0-M7.jar (17 kB at 5.8 MB/s)
WebAuthn IT (firefox)	Run WebAuthn IT	2024-06-20T16:32:13.4973241Z -- [INFO] 
WebAuthn IT (firefox)	Run WebAuthn IT	2024-06-20T16:32:13.4974267Z -- [INFO] -------------------------------------------------------
WebAuthn IT (firefox)	Run WebAuthn IT	2024-06-20T16:32:13.4975183Z -- [INFO]  T E S T S
WebAuthn IT (firefox)	Run WebAuthn IT	2024-06-20T16:32:13.4976071Z -- [INFO] -------------------------------------------------------
WebAuthn IT (firefox)	Run WebAuthn IT	2024-06-20T16:32:16.0006648Z -- 16:32:15,981 INFO  [org.keycloak.testsuite.util.NonIDERunListener] Setting keycloak.logging.level to off. Keycloak server logging will be disabled
WebAuthn IT (firefox)	Run WebAuthn IT	2024-06-20T16:32:16.0009350Z [INFO] Running org.keycloak.testsuite.webauthn.AppInitiatedActionWebAuthnTest
WebAuthn IT (firefox)	Run WebAuthn IT	2024-06-20T16:34:03.9556339Z --------- org.keycloak.testsuite.webauthn.AppInitiatedActionWebAuthnTest output start ---------
WebAuthn IT (firefox)	Run WebAuthn IT	2024-06-20T16:34:03.9615175Z AppInitiatedActionWebAuthnTest ++ Jun 20, 2024 4:32:16 PM org.keycloak.testsuite.arquillian.containers.MultipleContainersExtension register
WebAuthn IT (firefox)	Run WebAuthn IT	2024-06-20T16:34:03.9617969Z AppInitiatedActionWebAuthnTest ++ INFO: Multiple containers extension registering.
WebAuthn IT (firefox)	Run WebAuthn IT	2024-06-20T16:34:03.9621800Z AppInitiatedActionWebAuthnTest ++ 16:32:17,367 INFO  [org.keycloak.testsuite.arquillian.containers.RegistryCreator] arquillian.xml: /home/runner/work/keycloak/keycloak/testsuite/integration-arquillian/tests/base/target/dependency/arquillian.xml
WebAuthn IT (firefox)	Run WebAuthn IT	2024-06-20T16:34:03.9626262Z AppInitiatedActionWebAuthnTest ++ 16:32:17,437 WARN  [org.keycloak.testsuite.arquillian.containers.RegistryCreator] None dynamically loaded containers
WebAuthn IT (firefox)	Run WebAuthn IT	2024-06-20T16:34:03.9696731Z AppInitiatedActionWebAuthnTest ++ 16:32:17,471 INFO  [org.keycloak.testsuite.arquillian.containers.RegistryCreator] Container is disabled: auth-server-undertow
WebAuthn IT (firefox)	Run WebAuthn IT	2024-06-20T16:34:03.9700362Z AppInitiatedActionWebAuthnTest ++ 16:32:17,472 WARN  [org.keycloak.testsuite.arquillian.containers.RegistryCreator] Cannot load adapterImpl class for auth-server-quarkus
WebAuthn IT (firefox)	Run WebAuthn IT	2024-06-20T16:34:03.9703944Z AppInitiatedActionWebAuthnTest ++ 16:32:17,472 INFO  [org.keycloak.testsuite.arquillian.containers.RegistryCreator] Registering container: auth-server-quarkus
WebAuthn IT (firefox)	Run WebAuthn IT	2024-06-20T16:34:03.9707327Z AppInitiatedActionWebAuthnTest ++ 16:32:17,475 INFO  [org.keycloak.testsuite.arquillian.containers.RegistryCreator] Container is disabled: auth-server-quarkus-embedded
WebAuthn IT (firefox)	Run WebAuthn IT	2024-06-20T16:34:03.9711061Z AppInitiatedActionWebAuthnTest ++ 16:32:17,477 INFO  [org.keycloak.testsuite.arquillian.containers.RegistryCreator] Container is disabled: auth-server-migration
WebAuthn IT (firefox)	Run WebAuthn IT	2024-06-20T16:34:03.9714638Z AppInitiatedActionWebAuthnTest ++ 16:32:17,478 WARN  [org.keycloak.testsuite.arquillian.containers.RegistryCreator] Cannot load adapterImpl class for auth-server-quarkus-backend1
WebAuthn IT (firefox)	Run WebAuthn IT	2024-06-20T16:34:03.9718233Z AppInitiatedActionWebAuthnTest ++ 16:32:17,478 WARN  [org.keycloak.testsuite.arquillian.containers.RegistryCreator] Cannot load adapterImpl class for auth-server-quarkus-backend2
WebAuthn IT (firefox)	Run WebAuthn IT	2024-06-20T16:34:03.9721996Z AppInitiatedActionWebAuthnTest ++ 16:32:17,479 WARN  [org.keycloak.testsuite.arquillian.containers.RegistryCreator] Cannot load adapterImpl class for auth-server-legacy
WebAuthn IT (firefox)	Run WebAuthn IT	2024-06-20T16:34:03.9725931Z AppInitiatedActionWebAuthnTest ++ 16:32:17,479 INFO  [org.keycloak.testsuite.arquillian.containers.RegistryCreator] Container is disabled: auth-server-undertow-backend1
WebAuthn IT (firefox)	Run WebAuthn IT	2024-06-20T16:34:03.9734100Z AppInitiatedActionWebAuthnTest ++ 16:32:17,479 INFO  [org.keycloak.testsuite.arquillian.containers.RegistryCreator] Container is disabled: auth-server-undertow-backend2
WebAuthn IT (firefox)	Run WebAuthn IT	2024-06-20T16:34:03.9737489Z AppInitiatedActionWebAuthnTest ++ 16:32:17,480 INFO  [org.keycloak.testsuite.arquillian.containers.RegistryCreator] Container is disabled: auth-server-balancer-undertow
WebAuthn IT (firefox)	Run WebAuthn IT	2024-06-20T16:34:03.9740948Z AppInitiatedActionWebAuthnTest ++ 16:32:17,480 WARN  [org.keycloak.testsuite.arquillian.containers.RegistryCreator] Cannot load adapterImpl class for cache-server-legacy-cross-dc-1
WebAuthn IT (firefox)	Run WebAuthn IT	2024-06-20T16:34:03.9744575Z AppInitiatedActionWebAuthnTest ++ 16:32:17,481 WARN  [org.keycloak.testsuite.arquillian.containers.RegistryCreator] Cannot load adapterImpl class for cache-server-legacy-cross-dc-2
WebAuthn IT (firefox)	Run WebAuthn IT	2024-06-20T16:34:03.9747910Z AppInitiatedActionWebAuthnTest ++ 16:32:17,481 INFO  [org.keycloak.testsuite.arquillian.containers.RegistryCreator] Container is disabled: cache-server-cross-dc-1
WebAuthn IT (firefox)	Run WebAuthn IT	2024-06-20T16:34:03.9751011Z AppInitiatedActionWebAuthnTest ++ 16:32:17,481 INFO  [org.keycloak.testsuite.arquillian.containers.RegistryCreator] Container is disabled: cache-server-cross-dc-2
WebAuthn IT (firefox)	Run WebAuthn IT	2024-06-20T16:34:03.9754333Z AppInitiatedActionWebAuthnTest ++ 16:32:17,481 INFO  [org.keycloak.testsuite.arquillian.containers.RegistryCreator] Container is disabled: auth-server-balancer-cross-dc
WebAuthn IT (firefox)	Run WebAuthn IT	2024-06-20T16:34:03.9757518Z AppInitiatedActionWebAuthnTest ++ 16:32:17,482 INFO  [org.keycloak.testsuite.arquillian.containers.RegistryCreator] Container is disabled: auth-server-undertow-cross-dc-0_1
WebAuthn IT (firefox)	Run WebAuthn IT	2024-06-20T16:34:03.9760555Z AppInitiatedActionWebAuthnTest ++ 16:32:17,482 INFO  [org.keycloak.testsuite.arquillian.containers.RegistryCreator] Container is disabled: auth-server-undertow-cross-dc-0_2-manual
WebAuthn IT (firefox)	Run WebAuthn IT	2024-06-20T16:34:03.9763460Z AppInitiatedActionWebAuthnTest ++ 16:32:17,482 INFO  [org.keycloak.testsuite.arquillian.containers.RegistryCreator] Container is disabled: auth-server-undertow-cross-dc-1_1
WebAuthn IT (firefox)	Run WebAuthn IT	2024-06-20T16:34:03.9766852Z AppInitiatedActionWebAuthnTest ++ 16:32:17,482 INFO  [org.keycloak.testsuite.arquillian.containers.RegistryCreator] Container is disabled: auth-server-undertow-cross-dc-1_2-manual
WebAuthn IT (firefox)	Run WebAuthn IT	2024-06-20T16:34:03.9770263Z AppInitiatedActionWebAuthnTest ++ 16:32:17,483 WARN  [org.keycloak.testsuite.arquillian.containers.RegistryCreator] Cannot load adapterImpl class for auth-server-jboss-cross-dc-0_1
WebAuthn IT (firefox)	Run WebAuthn IT	2024-06-20T16:34:03.9773689Z AppInitiatedActionWebAuthnTest ++ 16:32:17,483 WARN  [org.keycloak.testsuite.arquillian.containers.RegistryCreator] Cannot load adapterImpl class for auth-server-jboss-cross-dc-0_2-manual
WebAuthn IT (firefox)	Run WebAuthn IT	2024-06-20T16:34:03.9776911Z AppInitiatedActionWebAuthnTest ++ 16:32:17,483 WARN  [org.keycloak.testsuite.arquillian.containers.RegistryCreator] Cannot load adapterImpl class for auth-server-jboss-cross-dc-1_1
WebAuthn IT (firefox)	Run WebAuthn IT	2024-06-20T16:34:03.9780339Z AppInitiatedActionWebAuthnTest ++ 16:32:17,484 WARN  [org.keycloak.testsuite.arquillian.containers.RegistryCreator] Cannot load adapterImpl class for auth-server-jboss-cross-dc-1_2-manual
WebAuthn IT (firefox)	Run WebAuthn IT	2024-06-20T16:34:03.9783904Z AppInitiatedActionWebAuthnTest ++ 16:32:17,484 INFO  [org.keycloak.testsuite.arquillian.containers.RegistryCreator] Container is disabled: auth-server-quarkus-backend1
WebAuthn IT (firefox)	Run WebAuthn IT	2024-06-20T16:34:03.9787159Z AppInitiatedActionWebAuthnTest ++ 16:32:17,484 INFO  [org.keycloak.testsuite.arquillian.containers.RegistryCreator] Container is disabled: auth-server-quarkus-backend2
WebAuthn IT (firefox)	Run WebAuthn IT	2024-06-20T16:34:03.9789845Z AppInitiatedActionWebAuthnTest ++ Jun 20, 2024 4:32:17 PM org.arquillian.recorder.reporter.configuration.ReporterConfigurator configureExtension
WebAuthn IT (firefox)	Run WebAuthn IT	2024-06-20T16:34:03.9791984Z AppInitiatedActionWebAuthnTest ++ INFO: Configuration of Arquillian Reporting extension:
WebAuthn IT (firefox)	Run WebAuthn IT	2024-06-20T16:34:03.9794238Z AppInitiatedActionWebAuthnTest ++ Jun 20, 2024 4:32:17 PM org.arquillian.recorder.reporter.configuration.ReporterConfigurator configureExtension
WebAuthn IT (firefox)	Run WebAuthn IT	2024-06-20T16:34:03.9796296Z AppInitiatedActionWebAuthnTest ++ INFO: report                                   xml
WebAuthn IT (firefox)	Run WebAuthn IT	2024-06-20T16:34:03.9797733Z AppInitiatedActionWebAuthnTest ++ rootDir                                  target
WebAuthn IT (firefox)	Run WebAuthn IT	2024-06-20T16:34:03.9799408Z AppInitiatedActionWebAuthnTest ++ file                                     target/arquillian_report.xml
WebAuthn IT (firefox)	Run WebAuthn IT	2024-06-20T16:34:03.9800977Z AppInitiatedActionWebAuthnTest ++ template                                 template.xsl
WebAuthn IT (firefox)	Run WebAuthn IT	2024-06-20T16:34:03.9868644Z AppInitiatedActionWebAuthnTest ++ reportAfterEvery                         class
WebAuthn IT (firefox)	Run WebAuthn IT	2024-06-20T16:34:03.9870256Z AppInitiatedActionWebAuthnTest ++ language                                 en
WebAuthn IT (firefox)	Run WebAuthn IT	2024-06-20T16:34:03.9872329Z AppInitiatedActionWebAuthnTest ++ maxImageWidth                            500
WebAuthn IT (firefox)	Run WebAuthn IT	2024-06-20T16:34:03.9873905Z AppInitiatedActionWebAuthnTest ++ imageWidth                               100%
WebAuthn IT (firefox)	Run WebAuthn IT	2024-06-20T16:34:03.9875268Z AppInitiatedActionWebAuthnTest ++ imageHeight                              100%
WebAuthn IT (firefox)	Run WebAuthn IT	2024-06-20T16:34:03.9876516Z AppInitiatedActionWebAuthnTest ++ 
WebAuthn IT (firefox)	Run WebAuthn IT	2024-06-20T16:34:03.9877649Z AppInitiatedActionWebAuthnTest ++ Configuration of Arquillian Browser Screenshooter:
WebAuthn IT (firefox)	Run WebAuthn IT	2024-06-20T16:34:03.9879210Z AppInitiatedActionWebAuthnTest ++ rootDir                                  target/screenshots
WebAuthn IT (firefox)	Run WebAuthn IT	2024-06-20T16:34:03.9880771Z AppInitiatedActionWebAuthnTest ++ screenshotType                           PNG
WebAuthn IT (firefox)	Run WebAuthn IT	2024-06-20T16:34:03.9882171Z AppInitiatedActionWebAuthnTest ++ takeBeforeTest                           false
WebAuthn IT (firefox)	Run WebAuthn IT	2024-06-20T16:34:03.9883763Z AppInitiatedActionWebAuthnTest ++ takeAfterTest                            false
WebAuthn IT (firefox)	Run WebAuthn IT	2024-06-20T16:34:03.9885292Z AppInitiatedActionWebAuthnTest ++ takeWhenTestFailed                       true
WebAuthn IT (firefox)	Run WebAuthn IT	2024-06-20T16:34:03.9886728Z AppInitiatedActionWebAuthnTest ++ takeOnEveryAction                        false
WebAuthn IT (firefox)	Run WebAuthn IT	2024-06-20T16:34:03.9887876Z AppInitiatedActionWebAuthnTest ++ 
WebAuthn IT (firefox)	Run WebAuthn IT	2024-06-20T16:34:03.9889451Z AppInitiatedActionWebAuthnTest ++ 16:32:17,497 INFO  [org.keycloak.testsuite.drone.HtmlUnitScreenshots] Screenshots are enabled
WebAuthn IT (firefox)	Run WebAuthn IT	2024-06-20T16:34:03.9891613Z AppInitiatedActionWebAuthnTest ++ 16:32:18,176 INFO  [org.keycloak.testsuite.arquillian.AuthServerTestEnricher] 
WebAuthn IT (firefox)	Run WebAuthn IT	2024-06-20T16:34:03.9893499Z AppInitiatedActionWebAuthnTest ++ 
WebAuthn IT (firefox)	Run WebAuthn IT	2024-06-20T16:34:03.9894401Z AppInitiatedActionWebAuthnTest ++ SUITE CONTEXT:
WebAuthn IT (firefox)	Run WebAuthn IT	2024-06-20T16:34:03.9895680Z AppInitiatedActionWebAuthnTest ++ Auth server: auth-server-quarkus
WebAuthn IT (firefox)	Run WebAuthn IT	2024-06-20T16:34:03.9896908Z AppInitiatedActionWebAuthnTest ++ 
WebAuthn IT (firefox)	Run WebAuthn IT	2024-06-20T16:34:03.9898321Z AppInitiatedActionWebAuthnTest ++ 16:32:18,433 INFO  [org.keycloak.testsuite.arquillian.AuthServerTestEnricher] 
WebAuthn IT (firefox)	Run WebAuthn IT	2024-06-20T16:34:03.9899739Z AppInitiatedActionWebAuthnTest ++ 
WebAuthn IT (firefox)	Run WebAuthn IT	2024-06-20T16:34:03.9900764Z AppInitiatedActionWebAuthnTest ++ TEST PROCESS INFO: 
WebAuthn IT (firefox)	Run WebAuthn IT	2024-06-20T16:34:03.9901836Z AppInitiatedActionWebAuthnTest ++ Available processors: 4
WebAuthn IT (firefox)	Run WebAuthn IT	2024-06-20T16:34:03.9903002Z AppInitiatedActionWebAuthnTest ++ Total memory: 514 MB
WebAuthn IT (firefox)	Run WebAuthn IT	2024-06-20T16:34:03.9904134Z AppInitiatedActionWebAuthnTest ++ Max memory (Xmx): 2048 MB
WebAuthn IT (firefox)	Run WebAuthn IT	2024-06-20T16:34:03.9905206Z AppInitiatedActionWebAuthnTest ++ Metaspace Max: 512 MB
WebAuthn IT (firefox)	Run WebAuthn IT	2024-06-20T16:34:03.9907195Z AppInitiatedActionWebAuthnTest ++ 16:32:18,448 INFO  [io.undertow] starting server: Undertow - 2.3.2.Final
WebAuthn IT (firefox)	Run WebAuthn IT	2024-06-20T16:34:03.9909026Z AppInitiatedActionWebAuthnTest ++ Jun 20, 2024 4:32:19 PM org.jboss.logmanager.JBossLoggerFinder getLogger
WebAuthn IT (firefox)	Run WebAuthn IT	2024-06-20T16:34:03.9911610Z AppInitiatedActionWebAuthnTest ++ ERROR: The LogManager accessed before the "java.util.logging.manager" system property was set to "org.jboss.logmanager.LogManager". Results may be unexpected.
WebAuthn IT (firefox)	Run WebAuthn IT	2024-06-20T16:34:03.9914371Z AppInitiatedActionWebAuthnTest ++ 16:32:21,617 INFO  [org.jboss.threads] JBoss Threads version 2.4.0.Final
WebAuthn IT (firefox)	Run WebAuthn IT	2024-06-20T16:34:03.9916638Z AppInitiatedActionWebAuthnTest ++ 16:32:21,664 INFO  [org.keycloak.testsuite.arquillian.TestClassProvider] Started test class provider on http://localhost:8500
WebAuthn IT (firefox)	Run WebAuthn IT	2024-06-20T16:34:03.9919746Z AppInitiatedActionWebAuthnTest ++ Jun 20, 2024 4:32:21 PM org.jboss.arquillian.drone.webdriver.factory.remote.reusable.ReusedSessionPermanentFileStorage readStore
WebAuthn IT (firefox)	Run WebAuthn IT	2024-06-20T16:34:03.9923002Z AppInitiatedActionWebAuthnTest ++ INFO: Reused session store is not available at /home/runner/.drone-webdriver-session-store, a new one will be created.
WebAuthn IT (firefox)	Run WebAuthn IT	2024-06-20T16:34:03.9925237Z AppInitiatedActionWebAuthnTest ++ Jun 20, 2024 4:32:21 PM org.jboss.arquillian.container.impl.MapObject populate
WebAuthn IT (firefox)	Run WebAuthn IT	2024-06-20T16:34:03.9927952Z AppInitiatedActionWebAuthnTest ++ WARNING: Configuration contain properties not supported by the backing object org.keycloak.testsuite.arquillian.containers.KeycloakQuarkusConfiguration
WebAuthn IT (firefox)	Run WebAuthn IT	2024-06-20T16:34:03.9930237Z AppInitiatedActionWebAuthnTest ++ Unused property entries: {adapterImplClass=
WebAuthn IT (firefox)	Run WebAuthn IT	2024-06-20T16:34:03.9932124Z AppInitiatedActionWebAuthnTest ++                 org.keycloak.testsuite.arquillian.containers.KeycloakQuarkusServerDeployableContainer
WebAuthn IT (firefox)	Run WebAuthn IT	2024-06-20T16:34:03.9933939Z AppInitiatedActionWebAuthnTest ++             , enabled=true}
WebAuthn IT (firefox)	Run WebAuthn IT	2024-06-20T16:34:03.9937760Z AppInitiatedActionWebAuthnTest ++ Supported property names: [bindHttpsPort, keycloakConfigPropertyOverrides, providersPathString, bindHttpPort, keystorePassword, startupTimeoutInSeconds, bindHttpsPortOffset, profile, importFile, bindHttpPortOffset, truststorePassword, javaOpts, route, managementPort, providersPath, fipsMode, debugPort, keystoreFile, truststoreFile, defaultFeatures, reaugmentBeforeStart]
WebAuthn IT (firefox)	Run WebAuthn IT	2024-06-20T16:34:03.9943388Z AppInitiatedActionWebAuthnTest ++ 16:32:21,686 INFO  [org.keycloak.testsuite.arquillian.containers.KeycloakQuarkusConfiguration] Keycloak will listen for http on port: 8180, for https on port: 8543, and for management on port: 9000
WebAuthn IT (firefox)	Run WebAuthn IT	2024-06-20T16:34:03.9945857Z AppInitiatedActionWebAuthnTest ++ 
WebAuthn IT (firefox)	Run WebAuthn IT	2024-06-20T16:34:03.9948292Z AppInitiatedActionWebAuthnTest ++ 16:32:21,688 INFO  [org.keycloak.testsuite.arquillian.AuthServerTestEnricher] Determining the JSSE security provider to use for outbound SSL/TLS connections of the Elytron client
WebAuthn IT (firefox)	Run WebAuthn IT	2024-06-20T16:34:03.9953218Z AppInitiatedActionWebAuthnTest ++ 16:32:21,688 DEBUG [org.keycloak.testsuite.arquillian.AuthServerTestEnricher] Using wildfly-config.xml from '/home/runner/work/keycloak/keycloak/testsuite/integration-arquillian/tests/base/target/dependency/wildfly-config.xml' location
WebAuthn IT (firefox)	Run WebAuthn IT	2024-06-20T16:34:03.9957699Z AppInitiatedActionWebAuthnTest ++ 16:32:21,759 INFO  [org.keycloak.testsuite.arquillian.AuthServerTestEnricher] Using the 'SunJSSE' JSSE provider
WebAuthn IT (firefox)	Run WebAuthn IT	2024-06-20T16:34:03.9960401Z AppInitiatedActionWebAuthnTest ++ 16:32:21,759 DEBUG [org.keycloak.testsuite.arquillian.AuthServerTestEnricher] Starting auth server before suite
WebAuthn IT (firefox)	Run WebAuthn IT	2024-06-20T16:34:04.0030903Z AppInitiatedActionWebAuthnTest ++ 16:32:21,760 INFO  [org.keycloak.testsuite.arquillian.AuthServerTestEnricher] ************************auth-server-quarkus*****************************************************************************
WebAuthn IT (firefox)	Run WebAuthn IT	2024-06-20T16:34:04.0035281Z AppInitiatedActionWebAuthnTest ++ 16:32:21,775 DEBUG [org.keycloak.testsuite.arquillian.containers.KeycloakQuarkusServerDeployableContainer] Quarkus parameters: [./kc.sh, -v, start, --http-enabled=true, --http-port=8180, --https-port=8543, --http-management-port=9000, --optimized]
WebAuthn IT (firefox)	Run WebAuthn IT	2024-06-20T16:34:04.0039559Z AppInitiatedActionWebAuthnTest ++ 16:32:21,777 DEBUG [org.keycloak.testsuite.arquillian.containers.AbstractQuarkusDeployableContainer] FIPS Mode: disabled
WebAuthn IT (firefox)	Run WebAuthn IT	2024-06-20T16:34:04.0042930Z AppInitiatedActionWebAuthnTest ++ 16:32:21,777 DEBUG [org.keycloak.testsuite.arquillian.containers.AbstractQuarkusDeployableContainer] Store 'DEFAULT' is used.
WebAuthn IT (firefox)	Run WebAuthn IT	2024-06-20T16:34:04.0045385Z AppInitiatedActionWebAuthnTest ++ JAVA_OPTS already set in environment; overriding default settings
WebAuthn IT (firefox)	Run WebAuthn IT	2024-06-20T16:34:04.0048845Z AppInitiatedActionWebAuthnTest ++ 2024-06-20 16:32:22,727 WARN  [org.keycloak.quarkus.runtime.cli.Picocli] (main) The following build time non-cli options have values that differ from what is persisted - the new values will NOT be used until another build is run: kc.https-client-auth
WebAuthn IT (firefox)	Run WebAuthn IT	2024-06-20T16:34:04.0051504Z AppInitiatedActionWebAuthnTest ++ 
WebAuthn IT (firefox)	Run WebAuthn IT	2024-06-20T16:34:04.0054323Z AppInitiatedActionWebAuthnTest ++ 2024-06-20 16:32:22,727 WARN  [org.keycloak.quarkus.runtime.cli.Picocli] (main) The following used options or option values are DEPRECATED and will be removed or their behaviour changed in a future release:
WebAuthn IT (firefox)	Run WebAuthn IT	2024-06-20T16:34:04.0057537Z AppInitiatedActionWebAuthnTest ++ 	- https-trust-store-password: Use the System Truststore instead, see the docs for details.
WebAuthn IT (firefox)	Run WebAuthn IT	2024-06-20T16:34:04.0059814Z AppInitiatedActionWebAuthnTest ++ 	- https-trust-store-file: Use the System Truststore instead, see the docs for details.
WebAuthn IT (firefox)	Run WebAuthn IT	2024-06-20T16:34:04.0061645Z AppInitiatedActionWebAuthnTest ++ Consult the Release Notes for details.
WebAuthn IT (firefox)	Run WebAuthn IT	2024-06-20T16:34:04.0064377Z AppInitiatedActionWebAuthnTest ++ 2024-06-20 16:32:23,516 WARN  [org.keycloak.truststore.FileTruststoreProviderFactory] (main) Using deprecated 'spi-truststore-file-*' options. Consider using 'truststore-paths' option.
WebAuthn IT (firefox)	Run WebAuthn IT	2024-06-20T16:34:04.0068863Z AppInitiatedActionWebAuthnTest ++ 2024-06-20 16:32:24,071 INFO  [org.keycloak.protocol.oidc.OIDCWellKnownProviderFactory] (main) Overriding default OIDC well-known endpoint configuration with the options from file 'classpath:wellknown/oidc-well-known-config-override.json'
WebAuthn IT (firefox)	Run WebAuthn IT	2024-06-20T16:34:04.0073030Z AppInitiatedActionWebAuthnTest ++ 2024-06-20 16:32:25,637 INFO  [org.keycloak.quarkus.runtime.storage.legacy.infinispan.CacheManagerFactory] (main) Starting Infinispan embedded cache manager
WebAuthn IT (firefox)	Run WebAuthn IT	2024-06-20T16:34:04.0076867Z AppInitiatedActionWebAuthnTest ++ 2024-06-20 16:32:26,306 INFO  [org.infinispan.CONTAINER] (ForkJoinPool.commonPool-worker-1) ISPN000556: Starting user marshaller 'org.infinispan.commons.marshall.ImmutableProtoStreamMarshaller'
WebAuthn IT (firefox)	Run WebAuthn IT	2024-06-20T16:34:04.0081287Z AppInitiatedActionWebAuthnTest ++ 2024-06-20 16:32:28,162 INFO  [org.keycloak.quarkus.runtime.storage.legacy.liquibase.QuarkusJpaUpdaterProvider] (main) Initializing database schema. Using changelog META-INF/jpa-changelog-master.xml
WebAuthn IT (firefox)	Run WebAuthn IT	2024-06-20T16:34:04.0084008Z AppInitiatedActionWebAuthnTest ++ 
WebAuthn IT (firefox)	Run WebAuthn IT	2024-06-20T16:34:04.0085154Z AppInitiatedActionWebAuthnTest ++ UPDATE SUMMARY
WebAuthn IT (firefox)	Run WebAuthn IT	2024-06-20T16:34:04.0088089Z AppInitiatedActionWebAuthnTest ++ Run:                        133
WebAuthn IT (firefox)	Run WebAuthn IT	2024-06-20T16:34:04.0089775Z AppInitiatedActionWebAuthnTest ++ Previously run:               0
WebAuthn IT (firefox)	Run WebAuthn IT	2024-06-20T16:34:04.0091088Z AppInitiatedActionWebAuthnTest ++ Filtered out:                 0
WebAuthn IT (firefox)	Run WebAuthn IT	2024-06-20T16:34:04.0092364Z AppInitiatedActionWebAuthnTest ++ -------------------------------
WebAuthn IT (firefox)	Run WebAuthn IT	2024-06-20T16:34:04.0093512Z AppInitiatedActionWebAuthnTest ++ Total change sets:          133
WebAuthn IT (firefox)	Run WebAuthn IT	2024-06-20T16:34:04.0094605Z AppInitiatedActionWebAuthnTest ++ 
WebAuthn IT (firefox)	Run WebAuthn IT	2024-06-20T16:34:04.0097219Z AppInitiatedActionWebAuthnTest ++ 2024-06-20 16:32:30,474 INFO  [org.keycloak.quarkus.runtime.storage.legacy.liquibase.QuarkusJpaUpdaterProvider] (main) Initializing database schema. Using changelog META-INF/example-changelog.xml
WebAuthn IT (firefox)	Run WebAuthn IT	2024-06-20T16:34:04.0099830Z AppInitiatedActionWebAuthnTest ++ 
WebAuthn IT (firefox)	Run WebAuthn IT	2024-06-20T16:34:04.0100706Z AppInitiatedActionWebAuthnTest ++ UPDATE SUMMARY
WebAuthn IT (firefox)	Run WebAuthn IT	2024-06-20T16:34:04.0101783Z AppInitiatedActionWebAuthnTest ++ Run:                          1
WebAuthn IT (firefox)	Run WebAuthn IT	2024-06-20T16:34:04.0103382Z AppInitiatedActionWebAuthnTest ++ Previously run:               0
WebAuthn IT (firefox)	Run WebAuthn IT	2024-06-20T16:34:04.0104601Z AppInitiatedActionWebAuthnTest ++ Filtered out:                 0
WebAuthn IT (firefox)	Run WebAuthn IT	2024-06-20T16:34:04.0105895Z AppInitiatedActionWebAuthnTest ++ -------------------------------
WebAuthn IT (firefox)	Run WebAuthn IT	2024-06-20T16:34:04.0107179Z AppInitiatedActionWebAuthnTest ++ Total change sets:            1
WebAuthn IT (firefox)	Run WebAuthn IT	2024-06-20T16:34:04.0108303Z AppInitiatedActionWebAuthnTest ++ 
WebAuthn IT (firefox)	Run WebAuthn IT	2024-06-20T16:34:04.0110732Z AppInitiatedActionWebAuthnTest ++ 2024-06-20 16:32:30,605 INFO  [org.keycloak.connections.infinispan.DefaultInfinispanConnectionProviderFactory] (main) Node name: node_988538, Site name: null
WebAuthn IT (firefox)	Run WebAuthn IT	2024-06-20T16:34:04.0114529Z AppInitiatedActionWebAuthnTest ++ 2024-06-20 16:32:30,696 INFO  [org.keycloak.broker.provider.AbstractIdentityProviderMapper] (main) Registering class org.keycloak.broker.provider.mappersync.ConfigSyncEventListener
WebAuthn IT (firefox)	Run WebAuthn IT	2024-06-20T16:34:04.0117774Z AppInitiatedActionWebAuthnTest ++ 2024-06-20 16:32:30,770 INFO  [org.keycloak.services] (main) KC-SERVICES0050: Initializing master realm
WebAuthn IT (firefox)	Run WebAuthn IT	2024-06-20T16:34:04.0121798Z AppInitiatedActionWebAuthnTest ++ 2024-06-20 16:32:32,375 INFO  [org.keycloak.services] (main) KC-SERVICES0006: Importing users from '/home/runner/work/keycloak/keycloak/testsuite/integration-arquillian/tests/base/target/containers/auth-server-quarkus/bin/../conf/keycloak-add-user.json'
WebAuthn IT (firefox)	Run WebAuthn IT	2024-06-20T16:34:04.0125973Z AppInitiatedActionWebAuthnTest ++ 2024-06-20 16:32:32,685 INFO  [org.keycloak.services] (main) KC-SERVICES0009: Added user 'admin' to realm 'master'
WebAuthn IT (firefox)	Run WebAuthn IT	2024-06-20T16:34:04.0197651Z AppInitiatedActionWebAuthnTest ++ 2024-06-20 16:32:32,911 INFO  [io.quarkus] (main) Keycloak 999.0.0-SNAPSHOT on JVM (powered by Quarkus 3.8.5) started in 11.028s. Listening on: http://0.0.0.0:8180 and https://0.0.0.0:8543. Management interface listening on https://0.0.0.0:9000.
WebAuthn IT (firefox)	Run WebAuthn IT	2024-06-20T16:34:04.0203464Z AppInitiatedActionWebAuthnTest ++ 2024-06-20 16:32:32,912 INFO  [io.quarkus] (main) Profile prod activated. 
WebAuthn IT (firefox)	Run WebAuthn IT	2024-06-20T16:34:04.0207238Z AppInitiatedActionWebAuthnTest ++ 2024-06-20 16:32:32,912 INFO  [io.quarkus] (main) Installed features: [agroal, cdi, hibernate-orm, jdbc-h2, keycloak, logging-gelf, narayana-jta, reactive-routes, resteasy-reactive, resteasy-reactive-jackson, smallrye-context-propagation, vertx]
WebAuthn IT (firefox)	Run WebAuthn IT	2024-06-20T16:34:04.0211359Z AppInitiatedActionWebAuthnTest ++ 16:32:33,512 INFO  [org.keycloak.testsuite.arquillian.containers.AbstractQuarkusDeployableContainer] Keycloak is ready at https://localhost:8543/auth/realms/master/
WebAuthn IT (firefox)	Run WebAuthn IT	2024-06-20T16:34:04.0214183Z AppInitiatedActionWebAuthnTest ++ 16:32:33,811 INFO  [org.keycloak.testsuite.arquillian.AppServerTestEnricher] 
WebAuthn IT (firefox)	Run WebAuthn IT	2024-06-20T16:34:04.0215809Z AppInitiatedActionWebAuthnTest ++ 
WebAuthn IT (firefox)	Run WebAuthn IT	2024-06-20T16:34:04.0217257Z AppInitiatedActionWebAuthnTest ++ TEST CONTEXT: org.keycloak.testsuite.webauthn.AppInitiatedActionWebAuthnTest
WebAuthn IT (firefox)	Run WebAuthn IT	2024-06-20T16:34:04.0218912Z AppInitiatedActionWebAuthnTest ++ 
WebAuthn IT (firefox)	Run WebAuthn IT	2024-06-20T16:34:04.0227986Z AppInitiatedActionWebAuthnTest ++ 16:32:33,817 INFO  [org.keycloak.testsuite.webauthn.AppInitiatedActionWebAuthnTest] [AppInitiatedActionWebAuthnTest] proceedSetupWebAuthnLogoutOtherSessionsChecked() STARTED
WebAuthn IT (firefox)	Run WebAuthn IT	2024-06-20T16:34:04.0231174Z AppInitiatedActionWebAuthnTest ++ 1718901157260	geckodriver	INFO	Listening on 127.0.0.1:30107
WebAuthn IT (firefox)	Run WebAuthn IT	2024-06-20T16:34:04.0235119Z AppInitiatedActionWebAuthnTest ++ 1718901158045	mozrunner::runner	INFO	Running command: MOZ_CRASHREPORTER="1" MOZ_CRASHREPORTER_NO_REPORT="1" MOZ_CRASHREPORTER_SHUTDOWN="1" MOZ_NO_REMOTE="1" "/usr ... gins" "http://127.0.0.1:4667/,http://localhost:4667/,http://[::1]:4667/" "-no-remote" "-profile" "/tmp/rust_mozprofileJMU5pz"
WebAuthn IT (firefox)	Run WebAuthn IT	2024-06-20T16:34:04.0239807Z AppInitiatedActionWebAuthnTest ++ *** You are running in headless mode.
WebAuthn IT (firefox)	Run WebAuthn IT	2024-06-20T16:34:04.0241564Z AppInitiatedActionWebAuthnTest ++ console.warn: services.settings: Ignoring preference override of remote settings server
WebAuthn IT (firefox)	Run WebAuthn IT	2024-06-20T16:34:04.0244056Z AppInitiatedActionWebAuthnTest ++ console.warn: services.settings: Allow by setting MOZ_REMOTE_SETTINGS_DEVTOOLS=1 in the environment
WebAuthn IT (firefox)	Run WebAuthn IT	2024-06-20T16:34:04.0246557Z AppInitiatedActionWebAuthnTest ++ [GFX1-]: glxtest: Unable to open a connection to the X server
WebAuthn IT (firefox)	Run WebAuthn IT	2024-06-20T16:34:04.0248433Z AppInitiatedActionWebAuthnTest ++ 1718901192935	Marionette	INFO	Marionette enabled
WebAuthn IT (firefox)	Run WebAuthn IT	2024-06-20T16:34:04.0250032Z AppInitiatedActionWebAuthnTest ++ 1718901202562	Marionette	INFO	Listening on port 33781
WebAuthn IT (firefox)	Run WebAuthn IT	2024-06-20T16:34:04.0251864Z AppInitiatedActionWebAuthnTest ++ Read port: 33781
WebAuthn IT (firefox)	Run WebAuthn IT	2024-06-20T16:34:04.0257013Z AppInitiatedActionWebAuthnTest ++ WebDriver BiDi listening on ws://127.0.0.1:4667
WebAuthn IT (firefox)	Run WebAuthn IT	2024-06-20T16:34:04.0258924Z AppInitiatedActionWebAuthnTest ++ 1718901203825	RemoteAgent	WARN	TLS certificate errors will be ignored for this session
WebAuthn IT (firefox)	Run WebAuthn IT	2024-06-20T16:34:04.0261251Z AppInitiatedActionWebAuthnTest ++ [GFX1-]: RenderCompositorSWGL failed mapping default framebuffer, no dt
WebAuthn IT (firefox)	Run WebAuthn IT	2024-06-20T16:34:04.0264351Z AppInitiatedActionWebAuthnTest ++ 16:33:34,361 ERROR [org.keycloak.testsuite.webauthn.AppInitiatedActionWebAuthnTest] [AppInitiatedActionWebAuthnTest] proceedSetupWebAuthnLogoutOtherSessionsChecked() FAILED
WebAuthn IT (firefox)	Run WebAuthn IT	2024-06-20T16:34:04.0268376Z AppInitiatedActionWebAuthnTest ++ 16:33:34,361 INFO  [org.keycloak.testsuite.webauthn.AppInitiatedActionWebAuthnTest] [AppInitiatedActionWebAuthnTest] proceedSetupWebAuthnLogoutOtherSessionsChecked() FINISHED
WebAuthn IT (firefox)	Run WebAuthn IT	2024-06-20T16:34:04.0270937Z AppInitiatedActionWebAuthnTest ++ 
WebAuthn IT (firefox)	Run WebAuthn IT	2024-06-20T16:34:04.0271844Z AppInitiatedActionWebAuthnTest ++ 
WebAuthn IT (firefox)	Run WebAuthn IT	2024-06-20T16:34:04.0273952Z AppInitiatedActionWebAuthnTest ++ 16:33:34,362 INFO  [org.keycloak.testsuite.webauthn.AppInitiatedActionWebAuthnTest] [AppInitiatedActionWebAuthnTest] cancelSetupWebAuthn() STARTED
WebAuthn IT (firefox)	Run WebAuthn IT	2024-06-20T16:34:04.0276330Z AppInitiatedActionWebAuthnTest ++ console.error: ({})
WebAuthn IT (firefox)	Run WebAuthn IT	2024-06-20T16:34:04.0278328Z AppInitiatedActionWebAuthnTest ++ DevTools listening on ws://127.0.0.1:4667/devtools/browser/2846fa62-398d-4e25-b541-927e08229683
WebAuthn IT (firefox)	Run WebAuthn IT	2024-06-20T16:34:04.0280846Z AppInitiatedActionWebAuthnTest ++ 16:33:39,323 INFO  [org.keycloak.testsuite.drone.KeycloakDronePostSetup] Detected browser: firefox 126.0.2
WebAuthn IT (firefox)	Run WebAuthn IT	2024-06-20T16:34:04.0284014Z AppInitiatedActionWebAuthnTest ++ 16:33:39,326 INFO  [org.keycloak.testsuite.drone.KeycloakDronePostSetup] Configuring driver settings. implicitWait=2000, pageLoadTimeout=10000
WebAuthn IT (firefox)	Run WebAuthn IT	2024-06-20T16:34:04.0286421Z AppInitiatedActionWebAuthnTest ++ 1718901219550	geckodriver	INFO	Listening on 127.0.0.1:5860
WebAuthn IT (firefox)	Run WebAuthn IT	2024-06-20T16:34:04.0289713Z AppInitiatedActionWebAuthnTest ++ 1718901219558	mozrunner::runner	INFO	Running command: MOZ_CRASHREPORTER="1" MOZ_CRASHREPORTER_NO_REPORT="1" MOZ_CRASHREPORTER_SHUTDOWN="1" MOZ_NO_REMOTE="1" "/usr ... s" "http://127.0.0.1:29961/,http://localhost:29961/,http://[::1]:29961/" "-no-remote" "-profile" "/tmp/rust_mozprofilexdcm0j"
WebAuthn IT (firefox)	Run WebAuthn IT	2024-06-20T16:34:04.0292458Z AppInitiatedActionWebAuthnTest ++ *** You are running in headless mode.
WebAuthn IT (firefox)	Run WebAuthn IT	2024-06-20T16:34:04.0294088Z AppInitiatedActionWebAuthnTest ++ console.warn: services.settings: Ignoring preference override of remote settings server
WebAuthn IT (firefox)	Run WebAuthn IT	2024-06-20T16:34:04.0296388Z AppInitiatedActionWebAuthnTest ++ console.warn: services.settings: Allow by setting MOZ_REMOTE_SETTINGS_DEVTOOLS=1 in the environment
WebAuthn IT (firefox)	Run WebAuthn IT	2024-06-20T16:34:04.0300651Z AppInitiatedActionWebAuthnTest ++ [GFX1-]: glxtest: Unable to open a connection to the X server
WebAuthn IT (firefox)	Run WebAuthn IT	2024-06-20T16:34:04.0302256Z AppInitiatedActionWebAuthnTest ++ 1718901219793	Marionette	INFO	Marionette enabled
WebAuthn IT (firefox)	Run WebAuthn IT	2024-06-20T16:34:04.0303893Z AppInitiatedActionWebAuthnTest ++ 1718901219855	Marionette	INFO	Listening on port 33897
WebAuthn IT (firefox)	Run WebAuthn IT	2024-06-20T16:34:04.0305313Z AppInitiatedActionWebAuthnTest ++ Read port: 33897
WebAuthn IT (firefox)	Run WebAuthn IT	2024-06-20T16:34:04.0306572Z AppInitiatedActionWebAuthnTest ++ WebDriver BiDi listening on ws://127.0.0.1:29961
WebAuthn IT (firefox)	Run WebAuthn IT	2024-06-20T16:34:04.0308504Z AppInitiatedActionWebAuthnTest ++ 1718901219939	RemoteAgent	WARN	TLS certificate errors will be ignored for this session
WebAuthn IT (firefox)	Run WebAuthn IT	2024-06-20T16:34:04.0310645Z AppInitiatedActionWebAuthnTest ++ [GFX1-]: RenderCompositorSWGL failed mapping default framebuffer, no dt
WebAuthn IT (firefox)	Run WebAuthn IT	2024-06-20T16:34:04.0312229Z AppInitiatedActionWebAuthnTest ++ console.error: ({})
WebAuthn IT (firefox)	Run WebAuthn IT	2024-06-20T16:34:04.0314445Z AppInitiatedActionWebAuthnTest ++ DevTools listening on ws://127.0.0.1:29961/devtools/browser/9a820ec8-49ad-4449-9fa5-e049c588539c
WebAuthn IT (firefox)	Run WebAuthn IT	2024-06-20T16:34:04.0316789Z AppInitiatedActionWebAuthnTest ++ 16:33:40,907 INFO  [org.keycloak.testsuite.drone.KeycloakDronePostSetup] Detected browser: firefox 126.0.2
WebAuthn IT (firefox)	Run WebAuthn IT	2024-06-20T16:34:04.0319742Z AppInitiatedActionWebAuthnTest ++ 16:33:40,907 INFO  [org.keycloak.testsuite.drone.KeycloakDronePostSetup] Configuring driver settings. implicitWait=2000, pageLoadTimeout=10000
WebAuthn IT (firefox)	Run WebAuthn IT	2024-06-20T16:34:04.0322762Z AppInitiatedActionWebAuthnTest ++ 16:33:41,578 DEBUG [org.keycloak.testsuite.webauthn.AppInitiatedActionWebAuthnTest] updating admin password
WebAuthn IT (firefox)	Run WebAuthn IT	2024-06-20T16:34:04.0325054Z AppInitiatedActionWebAuthnTest ++ 16:33:41,582 INFO  [org.keycloak.testsuite.util.URLUtils] starting navigation
WebAuthn IT (firefox)	Run WebAuthn IT	2024-06-20T16:34:04.0327219Z AppInitiatedActionWebAuthnTest ++ 16:33:41,610 INFO  [org.keycloak.testsuite.util.URLUtils] current URL:  about:blank
WebAuthn IT (firefox)	Run WebAuthn IT	2024-06-20T16:34:04.0329371Z AppInitiatedActionWebAuthnTest ++ 16:33:41,610 INFO  [org.keycloak.testsuite.util.URLUtils] navigating to https://localhost:8543/auth
WebAuthn IT (firefox)	Run WebAuthn IT	2024-06-20T16:34:04.0332086Z AppInitiatedActionWebAuthnTest ++ console.error: "update.locale" " file doesn't exist in either the application or GRE directories"
WebAuthn IT (firefox)	Run WebAuthn IT	2024-06-20T16:34:04.0335045Z AppInitiatedActionWebAuthnTest ++ 1718901222672	addons.xpi	ERROR	System addon update list error SyntaxError: XMLHttpRequest.open: 'http://%(server)s/dummy-system-addons.xml' is not a valid URL.
WebAuthn IT (firefox)	Run WebAuthn IT	2024-06-20T16:34:04.0341677Z AppInitiatedActionWebAuthnTest ++ 16:33:43,080 INFO  [org.keycloak.testsuite.util.URLUtils] new current URL:  https://localhost:8543/auth/admin/master/console/
WebAuthn IT (firefox)	Run WebAuthn IT	2024-06-20T16:34:04.0344198Z AppInitiatedActionWebAuthnTest ++ 16:33:43,080 INFO  [org.keycloak.testsuite.util.URLUtils] navigation complete
WebAuthn IT (firefox)	Run WebAuthn IT	2024-06-20T16:34:04.0349349Z AppInitiatedActionWebAuthnTest ++ 16:33:43,114 DEBUG [org.keycloak.testsuite.webauthn.AppInitiatedActionWebAuthnTest] loading test realms
WebAuthn IT (firefox)	Run WebAuthn IT	2024-06-20T16:34:04.0352120Z AppInitiatedActionWebAuthnTest ++ 16:33:43,114 DEBUG [org.keycloak.testsuite.webauthn.AppInitiatedActionWebAuthnTest] Adding test realm for import from testrealm.json
WebAuthn IT (firefox)	Run WebAuthn IT	2024-06-20T16:34:04.0355087Z AppInitiatedActionWebAuthnTest ++ 16:33:43,455 INFO  [org.keycloak.testsuite.webauthn.AppInitiatedActionWebAuthnTest] importing test realms
WebAuthn IT (firefox)	Run WebAuthn IT	2024-06-20T16:34:04.0358008Z AppInitiatedActionWebAuthnTest ++ 16:33:43,455 DEBUG [org.keycloak.testsuite.webauthn.AppInitiatedActionWebAuthnTest] --importing realm: test
WebAuthn IT (firefox)	Run WebAuthn IT	2024-06-20T16:34:04.0361103Z AppInitiatedActionWebAuthnTest ++ 1718901224646	Marionette	WARN	Ignoring event 'DOMContentLoaded' because document has an invalid readyState of 'complete'.
WebAuthn IT (firefox)	Run WebAuthn IT	2024-06-20T16:34:04.0364443Z AppInitiatedActionWebAuthnTest ++ 16:33:47,460 INFO  [org.keycloak.testsuite.arquillian.TestClassProvider] Request: /org/keycloak/testsuite/webauthn/AppInitiatedActionWebAuthnTest.class
WebAuthn IT (firefox)	Run WebAuthn IT	2024-06-20T16:34:04.0367918Z AppInitiatedActionWebAuthnTest ++ 16:33:47,491 INFO  [org.keycloak.testsuite.arquillian.TestClassProvider] Request: /org/keycloak/testsuite/webauthn/authenticators/UseVirtualAuthenticators.class
WebAuthn IT (firefox)	Run WebAuthn IT	2024-06-20T16:34:04.0371926Z AppInitiatedActionWebAuthnTest ++ 16:33:47,493 INFO  [org.keycloak.testsuite.arquillian.TestClassProvider] Request: /org/keycloak/testsuite/actions/AbstractAppInitiatedActionTest.class
WebAuthn IT (firefox)	Run WebAuthn IT	2024-06-20T16:34:04.0375262Z AppInitiatedActionWebAuthnTest ++ 16:33:47,496 INFO  [org.keycloak.testsuite.arquillian.TestClassProvider] Request: /org/keycloak/testsuite/AbstractTestRealmKeycloakTest.class
WebAuthn IT (firefox)	Run WebAuthn IT	2024-06-20T16:34:04.0378340Z AppInitiatedActionWebAuthnTest ++ 16:33:47,499 INFO  [org.keycloak.testsuite.arquillian.TestClassProvider] Request: /org/keycloak/testsuite/AbstractKeycloakTest.class
WebAuthn IT (firefox)	Run WebAuthn IT	2024-06-20T16:34:04.0381660Z AppInitiatedActionWebAuthnTest ++ 16:33:47,505 INFO  [org.keycloak.testsuite.arquillian.TestClassProvider] Request: /org/junit/runners/model/TestTimedOutException.class
WebAuthn IT (firefox)	Run WebAuthn IT	2024-06-20T16:34:04.0384553Z AppInitiatedActionWebAuthnTest ++ 16:33:47,508 INFO  [org.keycloak.testsuite.arquillian.TestClassProvider] Request: /org/keycloak/testsuite/util/FlowUtil.class
WebAuthn IT (firefox)	Run WebAuthn IT	2024-06-20T16:34:04.0388003Z AppInitiatedActionWebAuthnTest ++ 16:33:47,511 INFO  [org.keycloak.testsuite.arquillian.TestClassProvider] Request: /org/keycloak/testsuite/util/CryptoInitRule.class
WebAuthn IT (firefox)	Run WebAuthn IT	2024-06-20T16:34:04.0390889Z AppInitiatedActionWebAuthnTest ++ 16:33:47,512 INFO  [org.keycloak.testsuite.arquillian.TestClassProvider] Request: /org/junit/rules/ExternalResource.class
WebAuthn IT (firefox)	Run WebAuthn IT	2024-06-20T16:34:04.0393663Z AppInitiatedActionWebAuthnTest ++ 16:33:47,516 INFO  [org.keycloak.testsuite.arquillian.TestClassProvider] Request: /org/junit/rules/TestRule.class
WebAuthn IT (firefox)	Run WebAuthn IT	2024-06-20T16:34:04.0396461Z AppInitiatedActionWebAuthnTest ++ 16:33:47,517 INFO  [org.keycloak.testsuite.arquillian.TestClassProvider] Request: /org/junit/runners/model/Statement.class
WebAuthn IT (firefox)	Run WebAuthn IT	2024-06-20T16:34:04.0399211Z AppInitiatedActionWebAuthnTest ++ 16:33:47,519 INFO  [org.keycloak.testsuite.arquillian.TestClassProvider] Request: /org/junit/rules/ExternalResource$1.class
WebAuthn IT (firefox)	Run WebAuthn IT	2024-06-20T16:34:04.0402610Z AppInitiatedActionWebAuthnTest ++ 16:33:47,521 INFO  [org.keycloak.testsuite.arquillian.TestClassProvider] Request: /org/keycloak/testsuite/util/FlowUtil$FlowUtilException.class
WebAuthn IT (firefox)	Run WebAuthn IT	2024-06-20T16:34:04.0405257Z AppInitiatedActionWebAuthnTest ++ console.warn: LoginRecipes: "Falling back to a synchronous message for: https://localhost:8543."
WebAuthn IT (firefox)	Run WebAuthn IT	2024-06-20T16:34:04.0407121Z AppInitiatedActionWebAuthnTest ++ console.warn: LoginRecipes: "Falling back to a synchronous message for: https://localhost:8543."
WebAuthn IT (firefox)	Run WebAuthn IT	2024-06-20T16:34:04.0409086Z AppInitiatedActionWebAuthnTest ++ 16:33:55,769 INFO  [org.keycloak.testsuite.util.URLUtils] starting navigation
WebAuthn IT (firefox)	Run WebAuthn IT	2024-06-20T16:34:04.0413920Z AppInitiatedActionWebAuthnTest ++ 16:33:55,770 INFO  [org.keycloak.testsuite.util.URLUtils] current URL:  https://localhost:8543/auth/realms/master/app/auth?session_state=be9c2c25-d4ac-4ed0-91b8-020b69190c90&iss=https%3A%2F%2Flocalhost%3A8543%2Fauth%2Frealms%2Ftest&kc_action_status=cancelled&code=0c4e0fb4-62b9-4e40-911b-2eee07e1ace3.be9c2c25-d4ac-4ed0-91b8-020b69190c90.b5015002-7c4e-4c30-bce7-a72a24ec4ce7
WebAuthn IT (firefox)	Run WebAuthn IT	2024-06-20T16:34:04.0418704Z AppInitiatedActionWebAuthnTest ++ 16:33:55,770 INFO  [org.keycloak.testsuite.util.URLUtils] navigating to https://localhost:8543/auth/realms/test/testing/blank
WebAuthn IT (firefox)	Run WebAuthn IT	2024-06-20T16:34:04.0421567Z AppInitiatedActionWebAuthnTest ++ 16:33:56,305 INFO  [org.keycloak.testsuite.util.URLUtils] new current URL:  https://localhost:8543/auth/realms/test/testing/blank
WebAuthn IT (firefox)	Run WebAuthn IT	2024-06-20T16:34:04.0423923Z AppInitiatedActionWebAuthnTest ++ 16:33:56,305 INFO  [org.keycloak.testsuite.util.URLUtils] navigation complete
WebAuthn IT (firefox)	Run WebAuthn IT	2024-06-20T16:34:04.0426615Z AppInitiatedActionWebAuthnTest ++ 16:33:56,306 INFO  [org.keycloak.testsuite.webauthn.AppInitiatedActionWebAuthnTest] deleting cookies in 'test' realm
WebAuthn IT (firefox)	Run WebAuthn IT	2024-06-20T16:34:04.0429317Z AppInitiatedActionWebAuthnTest ++ 16:33:56,309 INFO  [org.keycloak.testsuite.webauthn.AppInitiatedActionWebAuthnTest] removing test realms after test method
WebAuthn IT (firefox)	Run WebAuthn IT	2024-06-20T16:34:04.0431961Z AppInitiatedActionWebAuthnTest ++ 16:33:56,309 INFO  [org.keycloak.testsuite.webauthn.AppInitiatedActionWebAuthnTest] removing realm: test
WebAuthn IT (firefox)	Run WebAuthn IT	2024-06-20T16:34:04.0435294Z AppInitiatedActionWebAuthnTest ++ 16:33:57,250 INFO  [org.keycloak.testsuite.webauthn.AppInitiatedActionWebAuthnTest] [AppInitiatedActionWebAuthnTest] cancelSetupWebAuthn() FINISHED
WebAuthn IT (firefox)	Run WebAuthn IT	2024-06-20T16:34:04.0437408Z AppInitiatedActionWebAuthnTest ++ 
WebAuthn IT (firefox)	Run WebAuthn IT	2024-06-20T16:34:04.0438305Z AppInitiatedActionWebAuthnTest ++ 
WebAuthn IT (firefox)	Run WebAuthn IT	2024-06-20T16:34:04.0440803Z AppInitiatedActionWebAuthnTest ++ 16:33:57,251 INFO  [org.keycloak.testsuite.webauthn.AppInitiatedActionWebAuthnTest] [AppInitiatedActionWebAuthnTest] proceedSetupWebAuthnLogoutOtherSessionsNotChecked() STARTED
WebAuthn IT (firefox)	Run WebAuthn IT	2024-06-20T16:34:04.0444923Z AppInitiatedActionWebAuthnTest ++ 16:33:57,387 INFO  [org.keycloak.testsuite.webauthn.AppInitiatedActionWebAuthnTest] [AppInitiatedActionWebAuthnTest] proceedSetupWebAuthnLogoutOtherSessionsNotChecked() FINISHED
WebAuthn IT (firefox)	Run WebAuthn IT	2024-06-20T16:34:04.0447376Z AppInitiatedActionWebAuthnTest ++ 
WebAuthn IT (firefox)	Run WebAuthn IT	2024-06-20T16:34:04.0448594Z AppInitiatedActionWebAuthnTest ++ 
WebAuthn IT (firefox)	Run WebAuthn IT	2024-06-20T16:34:04.0450127Z AppInitiatedActionWebAuthnTest ++ 1718901237466	RemoteAgent	INFO	Perform WebSocket upgrade for incoming connection from 127.0.0.1:47088
WebAuthn IT (firefox)	Run WebAuthn IT	2024-06-20T16:34:04.0452278Z AppInitiatedActionWebAuthnTest ++ 1718901237558	Marionette	INFO	Stopped listening on port 33781
WebAuthn IT (firefox)	Run WebAuthn IT	2024-06-20T16:34:04.0455645Z AppInitiatedActionWebAuthnTest ++ 1718901237961	CDP	WARN	Support for the Chrome DevTools Protocol (CDP) in Firefox will be deprecated after Firefox 128 (ESR) and will be removed in a later release. CDP users should consider migrating to WebDriver BiDi. See https://bugzilla.mozilla.org/show_bug.cgi?id=1872254
WebAuthn IT (firefox)	Run WebAuthn IT	2024-06-20T16:34:04.0459852Z AppInitiatedActionWebAuthnTest ++ 1718901237961	CDP	WARN	Invalid browser preferences for CDP. Set "fission.webContentIsolationStrategy"to 0 and "fission.bfcacheInParent" to false before Firefox starts.
WebAuthn IT (firefox)	Run WebAuthn IT	2024-06-20T16:34:04.0462888Z AppInitiatedActionWebAuthnTest ++ 1718901238826	RemoteAgent	INFO	Perform WebSocket upgrade for incoming connection from 127.0.0.1:35410
WebAuthn IT (firefox)	Run WebAuthn IT	2024-06-20T16:34:04.0466558Z AppInitiatedActionWebAuthnTest ++ 1718901238829	CDP	WARN	Support for the Chrome DevTools Protocol (CDP) in Firefox will be deprecated after Firefox 128 (ESR) and will be removed in a later release. CDP users should consider migrating to WebDriver BiDi. See https://bugzilla.mozilla.org/show_bug.cgi?id=1872254
WebAuthn IT (firefox)	Run WebAuthn IT	2024-06-20T16:34:04.0470991Z AppInitiatedActionWebAuthnTest ++ 1718901238830	CDP	WARN	Invalid browser preferences for CDP. Set "fission.webContentIsolationStrategy"to 0 and "fission.bfcacheInParent" to false before Firefox starts.
WebAuthn IT (firefox)	Run WebAuthn IT	2024-06-20T16:34:04.0473541Z AppInitiatedActionWebAuthnTest ++ 1718901238833	Marionette	INFO	Stopped listening on port 33897
WebAuthn IT (firefox)	Run WebAuthn IT	2024-06-20T16:34:04.0475397Z AppInitiatedActionWebAuthnTest ++ 16:33:59,552 INFO  [org.keycloak.testsuite.arquillian.AppServerTestEnricher] 
WebAuthn IT (firefox)	Run WebAuthn IT	2024-06-20T16:34:04.0476873Z AppInitiatedActionWebAuthnTest ++ 
WebAuthn IT (firefox)	Run WebAuthn IT	2024-06-20T16:34:04.0478264Z AppInitiatedActionWebAuthnTest ++ TEST CONTEXT: org.keycloak.testsuite.webauthn.AppInitiatedActionWebAuthnTest
WebAuthn IT (firefox)	Run WebAuthn IT	2024-06-20T16:34:04.0479682Z AppInitiatedActionWebAuthnTest ++ 
WebAuthn IT (firefox)	Run WebAuthn IT	2024-06-20T16:34:04.0482057Z AppInitiatedActionWebAuthnTest ++ 16:33:59,553 INFO  [org.keycloak.testsuite.webauthn.AppInitiatedActionWebAuthnTest] [AppInitiatedActionWebAuthnTest] proceedSetupWebAuthnLogoutOtherSessionsChecked() STARTED
WebAuthn IT (firefox)	Run WebAuthn IT	2024-06-20T16:34:04.0484844Z AppInitiatedActionWebAuthnTest ++ 1718901239577	geckodriver	INFO	Listening on 127.0.0.1:14676
WebAuthn IT (firefox)	Run WebAuthn IT	2024-06-20T16:34:04.0488522Z AppInitiatedActionWebAuthnTest ++ 1718901239582	mozrunner::runner	INFO	Running command: MOZ_CRASHREPORTER="1" MOZ_CRASHREPORTER_NO_REPORT="1" MOZ_CRASHREPORTER_SHUTDOWN="1" MOZ_NO_REMOTE="1" "/usr ... gins" "http://127.0.0.1:6831/,http://localhost:6831/,http://[::1]:6831/" "-no-remote" "-profile" "/tmp/rust_mozprofileFyFnph"
WebAuthn IT (firefox)	Run WebAuthn IT	2024-06-20T16:34:04.0491341Z AppInitiatedActionWebAuthnTest ++ *** You are running in headless mode.
WebAuthn IT (firefox)	Run WebAuthn IT	2024-06-20T16:34:04.0493124Z AppInitiatedActionWebAuthnTest ++ console.warn: services.settings: Ignoring preference override of remote settings server
WebAuthn IT (firefox)	Run WebAuthn IT	2024-06-20T16:34:04.0495784Z AppInitiatedActionWebAuthnTest ++ console.warn: services.settings: Allow by setting MOZ_REMOTE_SETTINGS_DEVTOOLS=1 in the environment
WebAuthn IT (firefox)	Run WebAuthn IT	2024-06-20T16:34:04.0498010Z AppInitiatedActionWebAuthnTest ++ [GFX1-]: glxtest: Unable to open a connection to the X server
WebAuthn IT (firefox)	Run WebAuthn IT	2024-06-20T16:34:04.0499584Z AppInitiatedActionWebAuthnTest ++ 1718901239809	Marionette	INFO	Marionette enabled
WebAuthn IT (firefox)	Run WebAuthn IT	2024-06-20T16:34:04.0501295Z AppInitiatedActionWebAuthnTest ++ 1718901239873	Marionette	INFO	Listening on port 40807
WebAuthn IT (firefox)	Run WebAuthn IT	2024-06-20T16:34:04.0502598Z AppInitiatedActionWebAuthnTest ++ Read port: 40807
WebAuthn IT (firefox)	Run WebAuthn IT	2024-06-20T16:34:04.0503967Z AppInitiatedActionWebAuthnTest ++ WebDriver BiDi listening on ws://127.0.0.1:6831
WebAuthn IT (firefox)	Run WebAuthn IT	2024-06-20T16:34:04.0505506Z AppInitiatedActionWebAuthnTest ++ 1718901239937	RemoteAgent	WARN	TLS certificate errors will be ignored for this session
WebAuthn IT (firefox)	Run WebAuthn IT	2024-06-20T16:34:04.0506750Z AppInitiatedActionWebAuthnTest ++ [GFX1-]: RenderCompositorSWGL failed mapping default framebuffer, no dt
WebAuthn IT (firefox)	Run WebAuthn IT	2024-06-20T16:34:04.0507922Z AppInitiatedActionWebAuthnTest ++ console.error: ({})
WebAuthn IT (firefox)	Run WebAuthn IT	2024-06-20T16:34:04.0509090Z AppInitiatedActionWebAuthnTest ++ DevTools listening on ws://127.0.0.1:6831/devtools/browser/8858a6a9-1453-400c-91b3-c17665794e87
WebAuthn IT (firefox)	Run WebAuthn IT	2024-06-20T16:34:04.0510463Z AppInitiatedActionWebAuthnTest ++ 16:34:00,984 INFO  [org.keycloak.testsuite.drone.KeycloakDronePostSetup] Detected browser: firefox 126.0.2
WebAuthn IT (firefox)	Run WebAuthn IT	2024-06-20T16:34:04.0513086Z AppInitiatedActionWebAuthnTest ++ 16:34:00,985 INFO  [org.keycloak.testsuite.drone.KeycloakDronePostSetup] Configuring driver settings. implicitWait=2000, pageLoadTimeout=10000
WebAuthn IT (firefox)	Run WebAuthn IT	2024-06-20T16:34:04.0515205Z AppInitiatedActionWebAuthnTest ++ 1718901241045	geckodriver	INFO	Listening on 127.0.0.1:1075
WebAuthn IT (firefox)	Run WebAuthn IT	2024-06-20T16:34:04.0518713Z AppInitiatedActionWebAuthnTest ++ 1718901241051	mozrunner::runner	INFO	Running command: MOZ_CRASHREPORTER="1" MOZ_CRASHREPORTER_NO_REPORT="1" MOZ_CRASHREPORTER_SHUTDOWN="1" MOZ_NO_REMOTE="1" "/usr ... s" "http://127.0.0.1:16426/,http://localhost:16426/,http://[::1]:16426/" "-no-remote" "-profile" "/tmp/rust_mozprofileoSBqqa"
WebAuthn IT (firefox)	Run WebAuthn IT	2024-06-20T16:34:04.0522021Z AppInitiatedActionWebAuthnTest ++ *** You are running in headless mode.
WebAuthn IT (firefox)	Run WebAuthn IT	2024-06-20T16:34:04.0524019Z AppInitiatedActionWebAuthnTest ++ console.warn: services.settings: Ignoring preference override of remote settings server
WebAuthn IT (firefox)	Run WebAuthn IT	2024-06-20T16:34:04.0526381Z AppInitiatedActionWebAuthnTest ++ console.warn: services.settings: Allow by setting MOZ_REMOTE_SETTINGS_DEVTOOLS=1 in the environment
WebAuthn IT (firefox)	Run WebAuthn IT	2024-06-20T16:34:04.0528438Z AppInitiatedActionWebAuthnTest ++ [GFX1-]: glxtest: Unable to open a connection to the X server
WebAuthn IT (firefox)	Run WebAuthn IT	2024-06-20T16:34:04.0530062Z AppInitiatedActionWebAuthnTest ++ 1718901241335	Marionette	INFO	Marionette enabled
WebAuthn IT (firefox)	Run WebAuthn IT	2024-06-20T16:34:04.0531655Z AppInitiatedActionWebAuthnTest ++ 1718901241399	Marionette	INFO	Listening on port 39675
WebAuthn IT (firefox)	Run WebAuthn IT	2024-06-20T16:34:04.0533199Z AppInitiatedActionWebAuthnTest ++ WebDriver BiDi listening on ws://127.0.0.1:16426
WebAuthn IT (firefox)	Run WebAuthn IT	2024-06-20T16:34:04.0534427Z AppInitiatedActionWebAuthnTest ++ Read port: 39675
WebAuthn IT (firefox)	Run WebAuthn IT	2024-06-20T16:34:04.0536039Z AppInitiatedActionWebAuthnTest ++ 1718901241580	RemoteAgent	WARN	TLS certificate errors will be ignored for this session
WebAuthn IT (firefox)	Run WebAuthn IT	2024-06-20T16:34:04.0538078Z AppInitiatedActionWebAuthnTest ++ [GFX1-]: RenderCompositorSWGL failed mapping default framebuffer, no dt
WebAuthn IT (firefox)	Run WebAuthn IT	2024-06-20T16:34:04.0539595Z AppInitiatedActionWebAuthnTest ++ console.error: ({})
WebAuthn IT (firefox)	Run WebAuthn IT	2024-06-20T16:34:04.0541336Z AppInitiatedActionWebAuthnTest ++ DevTools listening on ws://127.0.0.1:16426/devtools/browser/f558110f-eb52-47e1-a4fa-181b3c902e71
WebAuthn IT (firefox)	Run WebAuthn IT	2024-06-20T16:34:04.0543577Z AppInitiatedActionWebAuthnTest ++ 16:34:02,533 INFO  [org.keycloak.testsuite.drone.KeycloakDronePostSetup] Detected browser: firefox 126.0.2
WebAuthn IT (firefox)	Run WebAuthn IT	2024-06-20T16:34:04.0546280Z AppInitiatedActionWebAuthnTest ++ 16:34:02,534 INFO  [org.keycloak.testsuite.drone.KeycloakDronePostSetup] Configuring driver settings. implicitWait=2000, pageLoadTimeout=10000
WebAuthn IT (firefox)	Run WebAuthn IT	2024-06-20T16:34:04.0549492Z AppInitiatedActionWebAuthnTest ++ 16:34:02,574 INFO  [org.keycloak.testsuite.webauthn.AppInitiatedActionWebAuthnTest] [AppInitiatedActionWebAuthnTest] proceedSetupWebAuthnLogoutOtherSessionsChecked() FINISHED
WebAuthn IT (firefox)	Run WebAuthn IT	2024-06-20T16:34:04.0552086Z AppInitiatedActionWebAuthnTest ++ 
WebAuthn IT (firefox)	Run WebAuthn IT	2024-06-20T16:34:04.0552881Z AppInitiatedActionWebAuthnTest ++ 
WebAuthn IT (firefox)	Run WebAuthn IT	2024-06-20T16:34:04.0554374Z AppInitiatedActionWebAuthnTest ++ 1718901242583	RemoteAgent	INFO	Perform WebSocket upgrade for incoming connection from 127.0.0.1:57680
WebAuthn IT (firefox)	Run WebAuthn IT	2024-06-20T16:34:04.0557998Z AppInitiatedActionWebAuthnTest ++ 1718901242586	CDP	WARN	Support for the Chrome DevTools Protocol (CDP) in Firefox will be deprecated after Firefox 128 (ESR) and will be removed in a later release. CDP users should consider migrating to WebDriver BiDi. See https://bugzilla.mozilla.org/show_bug.cgi?id=1872254
WebAuthn IT (firefox)	Run WebAuthn IT	2024-06-20T16:34:04.0562075Z AppInitiatedActionWebAuthnTest ++ 1718901242586	CDP	WARN	Invalid browser preferences for CDP. Set "fission.webContentIsolationStrategy"to 0 and "fission.bfcacheInParent" to false before Firefox starts.
WebAuthn IT (firefox)	Run WebAuthn IT	2024-06-20T16:34:04.0564917Z AppInitiatedActionWebAuthnTest ++ 1718901242596	Marionette	INFO	Stopped listening on port 40807
WebAuthn IT (firefox)	Run WebAuthn IT	2024-06-20T16:34:04.0567060Z AppInitiatedActionWebAuthnTest ++ 1718901243282	RemoteAgent	INFO	Perform WebSocket upgrade for incoming connection from 127.0.0.1:57822
WebAuthn IT (firefox)	Run WebAuthn IT	2024-06-20T16:34:04.0570634Z AppInitiatedActionWebAuthnTest ++ 1718901243285	CDP	WARN	Support for the Chrome DevTools Protocol (CDP) in Firefox will be deprecated after Firefox 128 (ESR) and will be removed in a later release. CDP users should consider migrating to WebDriver BiDi. See https://bugzilla.mozilla.org/show_bug.cgi?id=1872254
WebAuthn IT (firefox)	Run WebAuthn IT	2024-06-20T16:34:04.0574872Z AppInitiatedActionWebAuthnTest ++ 1718901243285	CDP	WARN	Invalid browser preferences for CDP. Set "fission.webContentIsolationStrategy"to 0 and "fission.bfcacheInParent" to false before Firefox starts.
WebAuthn IT (firefox)	Run WebAuthn IT	2024-06-20T16:34:04.0577350Z AppInitiatedActionWebAuthnTest ++ 1718901243286	Marionette	INFO	Stopped listening on port 39675
WebAuthn IT (firefox)	Run WebAuthn IT	2024-06-20T16:34:04.0578317Z 
WebAuthn IT (firefox)	Run WebAuthn IT	2024-06-20T16:34:04.0579154Z --------- org.keycloak.testsuite.webauthn.AppInitiatedActionWebAuthnTest output end  ---------
WebAuthn IT (firefox)	Run WebAuthn IT	2024-06-20T16:34:04.0581836Z [ERROR] Tests run: 4, Failures: 0, Errors: 1, Skipped: 2, Time elapsed: 107.91 s <<< FAILURE! - in org.keycloak.testsuite.webauthn.AppInitiatedActionWebAuthnTest
WebAuthn IT (firefox)	Run WebAuthn IT	2024-06-20T16:34:04.0584808Z -- [ERROR] org.keycloak.testsuite.webauthn.AppInitiatedActionWebAuthnTest.proceedSetupWebAuthnLogoutOtherSessionsChecked  Time elapsed: 60.544 s  <<< ERROR!
WebAuthn IT (firefox)	Run WebAuthn IT	2024-06-20T16:34:04.0586998Z -- java.lang.RuntimeException: Could not create statement
WebAuthn IT (firefox)	Run WebAuthn IT	2024-06-20T16:34:04.0588615Z -- 	at org.jboss.arquillian.junit.Arquillian.methodBlock(Arquillian.java:307)
WebAuthn IT (firefox)	Run WebAuthn IT	2024-06-20T16:34:04.0590306Z -- 	at org.junit.runners.BlockJUnit4ClassRunner$1.evaluate(BlockJUnit4ClassRunner.java:100)
WebAuthn IT (firefox)	Run WebAuthn IT	2024-06-20T16:34:04.0592137Z -- 	at org.junit.runners.ParentRunner.runLeaf(ParentRunner.java:366)
WebAuthn IT (firefox)	Run WebAuthn IT	2024-06-20T16:34:04.0593760Z -- 	at org.junit.runners.BlockJUnit4ClassRunner.runChild(BlockJUnit4ClassRunner.java:103)
WebAuthn IT (firefox)	Run WebAuthn IT	2024-06-20T16:34:04.0595519Z -- 	at org.junit.runners.BlockJUnit4ClassRunner.runChild(BlockJUnit4ClassRunner.java:63)
WebAuthn IT (firefox)	Run WebAuthn IT	2024-06-20T16:34:04.0597254Z -- 	at org.junit.runners.ParentRunner$4.run(ParentRunner.java:331)
WebAuthn IT (firefox)	Run WebAuthn IT	2024-06-20T16:34:04.0598600Z -- 	at org.junit.runners.ParentRunner$1.schedule(ParentRunner.java:79)
WebAuthn IT (firefox)	Run WebAuthn IT	2024-06-20T16:34:04.0600133Z -- 	at org.junit.runners.ParentRunner.runChildren(ParentRunner.java:329)
WebAuthn IT (firefox)	Run WebAuthn IT	2024-06-20T16:34:04.0601732Z -- 	at org.junit.runners.ParentRunner.access$100(ParentRunner.java:66)
WebAuthn IT (firefox)	Run WebAuthn IT	2024-06-20T16:34:04.0603657Z -- 	at org.junit.runners.ParentRunner$2.evaluate(ParentRunner.java:293)
WebAuthn IT (firefox)	Run WebAuthn IT	2024-06-20T16:34:04.0605344Z -- 	at org.jboss.arquillian.junit.Arquillian$2.evaluate(Arquillian.java:160)
WebAuthn IT (firefox)	Run WebAuthn IT	2024-06-20T16:34:04.0606931Z -- 	at org.jboss.arquillian.junit.Arquillian.multiExecute(Arquillian.java:344)
WebAuthn IT (firefox)	Run WebAuthn IT	2024-06-20T16:34:04.0608435Z -- 	at org.jboss.arquillian.junit.Arquillian.access$200(Arquillian.java:48)
WebAuthn IT (firefox)	Run WebAuthn IT	2024-06-20T16:34:04.0610049Z -- 	at org.jboss.arquillian.junit.Arquillian$3.evaluate(Arquillian.java:171)
WebAuthn IT (firefox)	Run WebAuthn IT	2024-06-20T16:34:04.0611503Z -- 	at org.junit.rules.ExternalResource$1.evaluate(ExternalResource.java:54)
WebAuthn IT (firefox)	Run WebAuthn IT	2024-06-20T16:34:04.0613186Z -- 	at org.junit.rules.RunRules.evaluate(RunRules.java:20)
WebAuthn IT (firefox)	Run WebAuthn IT	2024-06-20T16:34:04.0615280Z -- 	at org.junit.runners.ParentRunner$3.evaluate(ParentRunner.java:306)
WebAuthn IT (firefox)	Run WebAuthn IT	2024-06-20T16:34:04.0616640Z -- 	at org.junit.runners.ParentRunner.run(ParentRunner.java:413)
WebAuthn IT (firefox)	Run WebAuthn IT	2024-06-20T16:34:04.0618088Z -- 	at org.jboss.arquillian.junit.Arquillian.run(Arquillian.java:109)
WebAuthn IT (firefox)	Run WebAuthn IT	2024-06-20T16:34:04.0619807Z -- 	at org.apache.maven.surefire.junit4.JUnit4Provider.execute(JUnit4Provider.java:377)
WebAuthn IT (firefox)	Run WebAuthn IT	2024-06-20T16:34:04.0621749Z -- 	at org.apache.maven.surefire.junit4.JUnit4Provider.executeWithRerun(JUnit4Provider.java:284)
WebAuthn IT (firefox)	Run WebAuthn IT	2024-06-20T16:34:04.0623734Z -- 	at org.apache.maven.surefire.junit4.JUnit4Provider.executeTestSet(JUnit4Provider.java:248)
WebAuthn IT (firefox)	Run WebAuthn IT	2024-06-20T16:34:04.0625572Z -- 	at org.apache.maven.surefire.junit4.JUnit4Provider.invoke(JUnit4Provider.java:167)
WebAuthn IT (firefox)	Run WebAuthn IT	2024-06-20T16:34:04.0627361Z -- 	at org.apache.maven.surefire.booter.ForkedBooter.runSuitesInProcess(ForkedBooter.java:456)
WebAuthn IT (firefox)	Run WebAuthn IT	2024-06-20T16:34:04.0629531Z -- 	at org.apache.maven.surefire.booter.ForkedBooter.execute(ForkedBooter.java:169)
WebAuthn IT (firefox)	Run WebAuthn IT	2024-06-20T16:34:04.0631124Z -- 	at org.apache.maven.surefire.booter.ForkedBooter.run(ForkedBooter.java:595)
WebAuthn IT (firefox)	Run WebAuthn IT	2024-06-20T16:34:04.0632654Z -- 	at org.apache.maven.surefire.booter.ForkedBooter.main(ForkedBooter.java:581)
WebAuthn IT (firefox)	Run WebAuthn IT	2024-06-20T16:34:04.0634945Z -- Caused by: org.jboss.arquillian.graphene.enricher.exception.PageObjectInitializationException: Can not instantiate Page Object 
WebAuthn IT (firefox)	Run WebAuthn IT	2024-06-20T16:34:04.0636988Z -- class org.keycloak.testsuite.auth.page.AuthServerContextRoot
WebAuthn IT (firefox)	Run WebAuthn IT	2024-06-20T16:34:04.0638126Z --  declared in: 
WebAuthn IT (firefox)	Run WebAuthn IT	2024-06-20T16:34:04.0639124Z -- org.keycloak.testsuite.webauthn.AppInitiatedActionWebAuthnTest
WebAuthn IT (firefox)	Run WebAuthn IT	2024-06-20T16:34:04.0640152Z -- 
WebAuthn IT (firefox)	Run WebAuthn IT	2024-06-20T16:34:04.0641650Z -- 	at org.jboss.arquillian.graphene.enricher.PageObjectEnricher.createPage(PageObjectEnricher.java:115)
WebAuthn IT (firefox)	Run WebAuthn IT	2024-06-20T16:34:04.0644063Z -- 	at org.jboss.arquillian.graphene.enricher.PageObjectEnricher.enrich(PageObjectEnricher.java:55)
WebAuthn IT (firefox)	Run WebAuthn IT	2024-06-20T16:34:04.0646050Z -- 	at org.jboss.arquillian.graphene.enricher.GrapheneEnricher.enrich(GrapheneEnricher.java:55)
WebAuthn IT (firefox)	Run WebAuthn IT	2024-06-20T16:34:04.0647990Z -- 	at org.jboss.arquillian.junit.RulesEnricher.enrichInstances(RulesEnricher.java:85)
WebAuthn IT (firefox)	Run WebAuthn IT	2024-06-20T16:34:04.0649828Z -- 	at org.jboss.arquillian.junit.RulesEnricher.enrichRulesAndTestInstance(RulesEnricher.java:66)
WebAuthn IT (firefox)	Run WebAuthn IT	2024-06-20T16:34:04.0652008Z -- 	at java.base/jdk.internal.reflect.DirectMethodHandleAccessor.invoke(DirectMethodHandleAccessor.java:103)
WebAuthn IT (firefox)	Run WebAuthn IT	2024-06-20T16:34:04.0653779Z -- 	at java.base/java.lang.reflect.Method.invoke(Method.java:580)
WebAuthn IT (firefox)	Run WebAuthn IT	2024-06-20T16:34:04.0655137Z -- 	at org.jboss.arquillian.core.impl.ObserverImpl.invoke(ObserverImpl.java:86)
WebAuthn IT (firefox)	Run WebAuthn IT	2024-06-20T16:34:04.0656998Z -- 	at org.jboss.arquillian.core.impl.EventContextImpl.invokeObservers(EventContextImpl.java:103)
WebAuthn IT (firefox)	Run WebAuthn IT	2024-06-20T16:34:04.0658802Z -- 	at org.jboss.arquillian.core.impl.EventContextImpl.proceed(EventContextImpl.java:90)
WebAuthn IT (firefox)	Run WebAuthn IT	2024-06-20T16:34:04.0661016Z -- 	at org.jboss.arquillian.container.test.impl.client.ContainerEventController.createContext(ContainerEventController.java:128)
WebAuthn IT (firefox)	Run WebAuthn IT	2024-06-20T16:34:04.0663778Z -- 	at org.jboss.arquillian.container.test.impl.client.ContainerEventController.createBeforeContext(ContainerEventController.java:114)
WebAuthn IT (firefox)	Run WebAuthn IT	2024-06-20T16:34:04.0666188Z -- 	at java.base/jdk.internal.reflect.DirectMethodHandleAccessor.invoke(DirectMethodHandleAccessor.java:103)
WebAuthn IT (firefox)	Run WebAuthn IT	2024-06-20T16:34:04.0667950Z -- 	at java.base/java.lang.reflect.Method.invoke(Method.java:580)
WebAuthn IT (firefox)	Run WebAuthn IT	2024-06-20T16:34:04.0669495Z -- 	at org.jboss.arquillian.core.impl.ObserverImpl.invoke(ObserverImpl.java:86)
WebAuthn IT (firefox)	Run WebAuthn IT	2024-06-20T16:34:04.0671208Z -- 	at org.jboss.arquillian.core.impl.EventContextImpl.proceed(EventContextImpl.java:95)
WebAuthn IT (firefox)	Run WebAuthn IT	2024-06-20T16:34:04.0673270Z -- 	at org.jboss.arquillian.test.impl.TestContextHandler.createTestContext(TestContextHandler.java:116)
WebAuthn IT (firefox)	Run WebAuthn IT	2024-06-20T16:34:04.0675594Z -- 	at java.base/jdk.internal.reflect.DirectMethodHandleAccessor.invoke(DirectMethodHandleAccessor.java:103)
WebAuthn IT (firefox)	Run WebAuthn IT	2024-06-20T16:34:04.0677277Z -- 	at java.base/java.lang.reflect.Method.invoke(Method.java:580)
WebAuthn IT (firefox)	Run WebAuthn IT	2024-06-20T16:34:04.0679061Z -- 	at org.jboss.arquillian.core.impl.ObserverImpl.invoke(ObserverImpl.java:86)
WebAuthn IT (firefox)	Run WebAuthn IT	2024-06-20T16:34:04.0680796Z -- 	at org.jboss.arquillian.core.impl.EventContextImpl.proceed(EventContextImpl.java:95)
WebAuthn IT (firefox)	Run WebAuthn IT	2024-06-20T16:34:04.0683075Z -- 	at org.jboss.arquillian.test.impl.TestContextHandler.createClassContext(TestContextHandler.java:83)
WebAuthn IT (firefox)	Run WebAuthn IT	2024-06-20T16:34:04.0685478Z -- 	at java.base/jdk.internal.reflect.DirectMethodHandleAccessor.invoke(DirectMethodHandleAccessor.java:103)
WebAuthn IT (firefox)	Run WebAuthn IT	2024-06-20T16:34:04.0687198Z -- 	at java.base/java.lang.reflect.Method.invoke(Method.java:580)
WebAuthn IT (firefox)	Run WebAuthn IT	2024-06-20T16:34:04.0688753Z -- 	at org.jboss.arquillian.core.impl.ObserverImpl.invoke(ObserverImpl.java:86)
WebAuthn IT (firefox)	Run WebAuthn IT	2024-06-20T16:34:04.0690471Z -- 	at org.jboss.arquillian.core.impl.EventContextImpl.proceed(EventContextImpl.java:95)
WebAuthn IT (firefox)	Run WebAuthn IT	2024-06-20T16:34:04.0692417Z -- 	at org.jboss.arquillian.test.impl.TestContextHandler.createSuiteContext(TestContextHandler.java:69)
WebAuthn IT (firefox)	Run WebAuthn IT	2024-06-20T16:34:04.0695061Z -- 	at java.base/jdk.internal.reflect.DirectMethodHandleAccessor.invoke(DirectMethodHandleAccessor.java:103)
WebAuthn IT (firefox)	Run WebAuthn IT	2024-06-20T16:34:04.0696909Z -- 	at java.base/java.lang.reflect.Method.invoke(Method.java:580)
WebAuthn IT (firefox)	Run WebAuthn IT	2024-06-20T16:34:04.0698377Z -- 	at org.jboss.arquillian.core.impl.ObserverImpl.invoke(ObserverImpl.java:86)
WebAuthn IT (firefox)	Run WebAuthn IT	2024-06-20T16:34:04.0700161Z -- 	at org.jboss.arquillian.core.impl.EventContextImpl.proceed(EventContextImpl.java:95)
WebAuthn IT (firefox)	Run WebAuthn IT	2024-06-20T16:34:04.0701714Z -- 	at org.jboss.arquillian.core.impl.ManagerImpl.fire(ManagerImpl.java:133)
WebAuthn IT (firefox)	Run WebAuthn IT	2024-06-20T16:34:04.0703230Z -- 	at org.jboss.arquillian.core.impl.ManagerImpl.fire(ManagerImpl.java:105)
WebAuthn IT (firefox)	Run WebAuthn IT	2024-06-20T16:34:04.0705116Z -- 	at org.jboss.arquillian.test.impl.EventTestRunnerAdaptor.fireCustomLifecycle(EventTestRunnerAdaptor.java:159)
WebAuthn IT (firefox)	Run WebAuthn IT	2024-06-20T16:34:04.0706989Z -- 	at org.jboss.arquillian.junit.Arquillian.methodBlock(Arquillian.java:254)
WebAuthn IT (firefox)	Run WebAuthn IT	2024-06-20T16:34:04.0708141Z -- 	... 26 more
WebAuthn IT (firefox)	Run WebAuthn IT	2024-06-20T16:34:04.0710801Z -- Caused by: org.jboss.arquillian.drone.impl.DroneTimeoutException: Drone creation request timed out after 60 seconds. Make sure that browser or remote server in case of remotely executed driver is running and communication with Drone haven't failed.
WebAuthn IT (firefox)	Run WebAuthn IT	2024-06-20T16:34:04.0713507Z -- 	at org.jboss.arquillian.drone.impl.DronePointContextImpl.instantiateDrone(DronePointContextImpl.java:240)
WebAuthn IT (firefox)	Run WebAuthn IT	2024-06-20T16:34:04.0715108Z -- 	at org.jboss.arquillian.drone.impl.DronePointContextImpl.getInstance(DronePointContextImpl.java:84)
WebAuthn IT (firefox)	Run WebAuthn IT	2024-06-20T16:34:04.0717165Z -- 	at org.jboss.arquillian.drone.impl.DroneTestEnricher.enrichTestClass(DroneTestEnricher.java:165)
WebAuthn IT (firefox)	Run WebAuthn IT	2024-06-20T16:34:04.0719146Z -- 	at org.jboss.arquillian.drone.impl.DroneTestEnricher.enrich(DroneTestEnricher.java:75)
WebAuthn IT (firefox)	Run WebAuthn IT	2024-06-20T16:34:04.0721592Z -- 	at org.jboss.arquillian.graphene.enricher.AbstractSearchContextEnricher.enrichRecursively(AbstractSearchContextEnricher.java:69)
WebAuthn IT (firefox)	Run WebAuthn IT	2024-06-20T16:34:04.0724070Z -- 	at org.jboss.arquillian.graphene.enricher.PageObjectEnricher.setupPage(PageObjectEnricher.java:147)
WebAuthn IT (firefox)	Run WebAuthn IT	2024-06-20T16:34:04.0725990Z -- 	at org.jboss.arquillian.graphene.enricher.PageObjectEnricher.createPage(PageObjectEnricher.java:100)
WebAuthn IT (firefox)	Run WebAuthn IT	2024-06-20T16:34:04.0727419Z -- 	... 60 more
WebAuthn IT (firefox)	Run WebAuthn IT	2024-06-20T16:34:04.0728187Z -- Caused by: java.util.concurrent.TimeoutException
WebAuthn IT (firefox)	Run WebAuthn IT	2024-06-20T16:34:04.0729656Z -- 	at java.base/java.util.concurrent.FutureTask.get(FutureTask.java:204)
WebAuthn IT (firefox)	Run WebAuthn IT	2024-06-20T16:34:04.0731437Z -- 	at org.jboss.arquillian.drone.impl.DronePointContextImpl.instantiateDrone(DronePointContextImpl.java:220)
WebAuthn IT (firefox)	Run WebAuthn IT	2024-06-20T16:34:04.0732976Z -- 	... 66 more
WebAuthn IT (firefox)	Run WebAuthn IT	2024-06-20T16:34:04.0733708Z -- 
WebAuthn IT (firefox)	Run WebAuthn IT	2024-06-20T16:34:04.0734632Z [INFO] Running org.keycloak.testsuite.webauthn.VirtualAuthenticatorsManagerTest
WebAuthn IT (firefox)	Run WebAuthn IT	2024-06-20T16:34:08.6094803Z [WARNING] Tests run: 4, Failures: 0, Errors: 0, Skipped: 4, Time elapsed: 4.629 s - in org.keycloak.testsuite.webauthn.VirtualAuthenticatorsManagerTest
WebAuthn IT (firefox)	Run WebAuthn IT	2024-06-20T16:34:08.6105001Z [INFO] Running org.keycloak.testsuite.webauthn.WebAuthnFeatureTest
WebAuthn IT (firefox)	Run WebAuthn IT	2024-06-20T16:34:14.8943854Z [INFO] Tests run: 2, Failures: 0, Errors: 0, Skipped: 0, Time elapsed: 6.268 s - in org.keycloak.testsuite.webauthn.WebAuthnFeatureTest
WebAuthn IT (firefox)	Run WebAuthn IT	2024-06-20T16:34:14.8954296Z [INFO] Running org.keycloak.testsuite.webauthn.WebAuthnIdlessTest
WebAuthn IT (firefox)	Run WebAuthn IT	2024-06-20T16:34:17.5381652Z [WARNING] Tests run: 4, Failures: 0, Errors: 0, Skipped: 4, Time elapsed: 2.626 s - in org.keycloak.testsuite.webauthn.WebAuthnIdlessTest
WebAuthn IT (firefox)	Run WebAuthn IT	2024-06-20T16:34:17.5394326Z [INFO] Running org.keycloak.testsuite.webauthn.WebAuthnPropertyTest
WebAuthn IT (firefox)	Run WebAuthn IT	2024-06-20T16:34:19.9481544Z [WARNING] Tests run: 4, Failures: 0, Errors: 0, Skipped: 4, Time elapsed: 2.309 s - in org.keycloak.testsuite.webauthn.WebAuthnPropertyTest
WebAuthn IT (firefox)	Run WebAuthn IT	2024-06-20T16:34:19.9485840Z [INFO] Running org.keycloak.testsuite.webauthn.WebAuthnRegisterAndLoginTest
WebAuthn IT (firefox)	Run WebAuthn IT	2024-06-20T16:34:25.5920683Z [WARNING] Tests run: 3, Failures: 0, Errors: 0, Skipped: 2, Time elapsed: 5.628 s - in org.keycloak.testsuite.webauthn.WebAuthnRegisterAndLoginTest
WebAuthn IT (firefox)	Run WebAuthn IT	2024-06-20T16:34:25.5929111Z [INFO] Running org.keycloak.testsuite.webauthn.WebAuthnTransportsTest
WebAuthn IT (firefox)	Run WebAuthn IT	2024-06-20T16:34:27.8805620Z [WARNING] Tests run: 4, Failures: 0, Errors: 0, Skipped: 4, Time elapsed: 2.273 s - in org.keycloak.testsuite.webauthn.WebAuthnTransportsTest
WebAuthn IT (firefox)	Run WebAuthn IT	2024-06-20T16:34:27.8812347Z [INFO] Running org.keycloak.testsuite.webauthn.account.WebAuthnErrorTest
WebAuthn IT (firefox)	Run WebAuthn IT	2024-06-20T16:34:35.7797136Z [WARNING] Tests run: 1, Failures: 0, Errors: 0, Skipped: 1, Time elapsed: 7.883 s - in org.keycloak.testsuite.webauthn.account.WebAuthnErrorTest
WebAuthn IT (firefox)	Run WebAuthn IT	2024-06-20T16:34:35.7807076Z [INFO] Running org.keycloak.testsuite.webauthn.account.WebAuthnSigningInTest
WebAuthn IT (firefox)	Run WebAuthn IT	2024-06-20T16:35:18.7677694Z [WARNING] Tests run: 13, Failures: 0, Errors: 0, Skipped: 9, Time elapsed: 42.97 s - in org.keycloak.testsuite.webauthn.account.WebAuthnSigningInTest
WebAuthn IT (firefox)	Run WebAuthn IT	2024-06-20T16:35:18.7683141Z [INFO] Running org.keycloak.testsuite.webauthn.account.WebAuthnTransportLocaleTest
WebAuthn IT (firefox)	Run WebAuthn IT	2024-06-20T16:35:25.9449357Z [WARNING] Tests run: 5, Failures: 0, Errors: 0, Skipped: 5, Time elapsed: 7.159 s - in org.keycloak.testsuite.webauthn.account.WebAuthnTransportLocaleTest
WebAuthn IT (firefox)	Run WebAuthn IT	2024-06-20T16:35:25.9471595Z [INFO] Running org.keycloak.testsuite.webauthn.passwordless.AppInitiatedActionPwdLessTest
WebAuthn IT (firefox)	Run WebAuthn IT	2024-06-20T16:35:39.9542329Z [WARNING] Tests run: 3, Failures: 0, Errors: 0, Skipped: 2, Time elapsed: 13.999 s - in org.keycloak.testsuite.webauthn.passwordless.AppInitiatedActionPwdLessTest
WebAuthn IT (firefox)	Run WebAuthn IT	2024-06-20T16:35:39.9544861Z [INFO] Running org.keycloak.testsuite.webauthn.passwordless.WebAuthnPwdLessPropertyTest
WebAuthn IT (firefox)	Run WebAuthn IT	2024-06-20T16:35:42.3819752Z [WARNING] Tests run: 4, Failures: 0, Errors: 0, Skipped: 4, Time elapsed: 2.416 s - in org.keycloak.testsuite.webauthn.passwordless.WebAuthnPwdLessPropertyTest
WebAuthn IT (firefox)	Run WebAuthn IT	2024-06-20T16:35:42.3822591Z [INFO] Running org.keycloak.testsuite.webauthn.registration.AttestationConveyanceRegisterTest
WebAuthn IT (firefox)	Run WebAuthn IT	2024-06-20T16:35:44.7227449Z [WARNING] Tests run: 4, Failures: 0, Errors: 0, Skipped: 4, Time elapsed: 2.331 s - in org.keycloak.testsuite.webauthn.registration.AttestationConveyanceRegisterTest
WebAuthn IT (firefox)	Run WebAuthn IT	2024-06-20T16:35:44.7230374Z [INFO] Running org.keycloak.testsuite.webauthn.registration.AuthAttachmentRegisterTest
WebAuthn IT (firefox)	Run WebAuthn IT	2024-06-20T16:35:47.3710411Z [WARNING] Tests run: 4, Failures: 0, Errors: 0, Skipped: 4, Time elapsed: 2.631 s - in org.keycloak.testsuite.webauthn.registration.AuthAttachmentRegisterTest
WebAuthn IT (firefox)	Run WebAuthn IT	2024-06-20T16:35:47.3713611Z [INFO] Running org.keycloak.testsuite.webauthn.registration.PolicyJsInjectionTest
WebAuthn IT (firefox)	Run WebAuthn IT	2024-06-20T16:35:55.8026137Z [WARNING] Tests run: 7, Failures: 0, Errors: 0, Skipped: 6, Time elapsed: 8.415 s - in org.keycloak.testsuite.webauthn.registration.PolicyJsInjectionTest
WebAuthn IT (firefox)	Run WebAuthn IT	2024-06-20T16:35:55.8033853Z [INFO] Running org.keycloak.testsuite.webauthn.registration.PubKeySignRegisterTest
WebAuthn IT (firefox)	Run WebAuthn IT	2024-06-20T16:35:58.2384519Z [WARNING] Tests run: 6, Failures: 0, Errors: 0, Skipped: 6, Time elapsed: 2.42 s - in org.keycloak.testsuite.webauthn.registration.PubKeySignRegisterTest
WebAuthn IT (firefox)	Run WebAuthn IT	2024-06-20T16:35:58.2387340Z [INFO] Running org.keycloak.testsuite.webauthn.registration.ResidentKeyRegisterTest
WebAuthn IT (firefox)	Run WebAuthn IT	2024-06-20T16:36:00.4862083Z [WARNING] Tests run: 4, Failures: 0, Errors: 0, Skipped: 4, Time elapsed: 2.232 s - in org.keycloak.testsuite.webauthn.registration.ResidentKeyRegisterTest
WebAuthn IT (firefox)	Run WebAuthn IT	2024-06-20T16:36:00.4865456Z [INFO] Running org.keycloak.testsuite.webauthn.registration.UserVerificationRegisterTest
WebAuthn IT (firefox)	Run WebAuthn IT	2024-06-20T16:36:03.0413930Z [WARNING] Tests run: 9, Failures: 0, Errors: 0, Skipped: 9, Time elapsed: 2.542 s - in org.keycloak.testsuite.webauthn.registration.UserVerificationRegisterTest
WebAuthn IT (firefox)	Run WebAuthn IT	2024-06-20T16:36:03.0427515Z [INFO] Running org.keycloak.testsuite.webauthn.registration.WebAuthnOtherSettingsTest
WebAuthn IT (firefox)	Run WebAuthn IT	2024-06-20T16:36:07.0403625Z [WARNING] Tests run: 4, Failures: 0, Errors: 0, Skipped: 3, Time elapsed: 3.983 s - in org.keycloak.testsuite.webauthn.registration.WebAuthnOtherSettingsTest
WebAuthn IT (firefox)	Run WebAuthn IT	2024-06-20T16:36:07.0414939Z [INFO] Running org.keycloak.testsuite.webauthn.registration.passwordless.PwdLessAttestationRegTest
WebAuthn IT (firefox)	Run WebAuthn IT	2024-06-20T16:36:09.4427580Z [WARNING] Tests run: 4, Failures: 0, Errors: 0, Skipped: 4, Time elapsed: 2.39 s - in org.keycloak.testsuite.webauthn.registration.passwordless.PwdLessAttestationRegTest
WebAuthn IT (firefox)	Run WebAuthn IT	2024-06-20T16:36:09.4430583Z [INFO] Running org.keycloak.testsuite.webauthn.registration.passwordless.PwdLessAuthAttachmentRegTest
WebAuthn IT (firefox)	Run WebAuthn IT	2024-06-20T16:36:11.5387448Z [WARNING] Tests run: 4, Failures: 0, Errors: 0, Skipped: 4, Time elapsed: 2.083 s - in org.keycloak.testsuite.webauthn.registration.passwordless.PwdLessAuthAttachmentRegTest
WebAuthn IT (firefox)	Run WebAuthn IT	2024-06-20T16:36:11.5390492Z [INFO] Running org.keycloak.testsuite.webauthn.registration.passwordless.PwdLessOtherSettingsTest
WebAuthn IT (firefox)	Run WebAuthn IT	2024-06-20T16:36:15.5306795Z [WARNING] Tests run: 4, Failures: 0, Errors: 0, Skipped: 3, Time elapsed: 3.977 s - in org.keycloak.testsuite.webauthn.registration.passwordless.PwdLessOtherSettingsTest
WebAuthn IT (firefox)	Run WebAuthn IT	2024-06-20T16:36:15.5311171Z [INFO] Running org.keycloak.testsuite.webauthn.registration.passwordless.PwdLessPolicyJsInjectionTest
WebAuthn IT (firefox)	Run WebAuthn IT	2024-06-20T16:36:23.6966955Z [WARNING] Tests run: 7, Failures: 0, Errors: 0, Skipped: 6, Time elapsed: 8.154 s - in org.keycloak.testsuite.webauthn.registration.passwordless.PwdLessPolicyJsInjectionTest
WebAuthn IT (firefox)	Run WebAuthn IT	2024-06-20T16:36:23.6969939Z [INFO] Running org.keycloak.testsuite.webauthn.registration.passwordless.PwdLessPubKeySignRegTest
WebAuthn IT (firefox)	Run WebAuthn IT	2024-06-20T16:36:26.0927634Z [WARNING] Tests run: 6, Failures: 0, Errors: 0, Skipped: 6, Time elapsed: 2.381 s - in org.keycloak.testsuite.webauthn.registration.passwordless.PwdLessPubKeySignRegTest
WebAuthn IT (firefox)	Run WebAuthn IT	2024-06-20T16:36:26.0930793Z [INFO] Running org.keycloak.testsuite.webauthn.registration.passwordless.PwdLessResidentKeyRegTest
WebAuthn IT (firefox)	Run WebAuthn IT	2024-06-20T16:36:28.4838560Z [WARNING] Tests run: 4, Failures: 0, Errors: 0, Skipped: 4, Time elapsed: 2.382 s - in org.keycloak.testsuite.webauthn.registration.passwordless.PwdLessResidentKeyRegTest
WebAuthn IT (firefox)	Run WebAuthn IT	2024-06-20T16:36:28.4841117Z [INFO] Running org.keycloak.testsuite.webauthn.registration.passwordless.PwdLessUserVerRegTest
WebAuthn IT (firefox)	Run WebAuthn IT	2024-06-20T16:36:31.0019422Z [WARNING] Tests run: 9, Failures: 0, Errors: 0, Skipped: 9, Time elapsed: 2.508 s - in org.keycloak.testsuite.webauthn.registration.passwordless.PwdLessUserVerRegTest
WebAuthn IT (firefox)	Run WebAuthn IT	2024-06-20T16:36:31.3425597Z -- [INFO] 
WebAuthn IT (firefox)	Run WebAuthn IT	2024-06-20T16:36:31.3426464Z -- [INFO] Results:
WebAuthn IT (firefox)	Run WebAuthn IT	2024-06-20T16:36:31.3430810Z -- [INFO] 
WebAuthn IT (firefox)	Run WebAuthn IT	2024-06-20T16:36:31.3431635Z -- [ERROR] Errors: 
WebAuthn IT (firefox)	Run WebAuthn IT	2024-06-20T16:36:31.3433302Z -- [ERROR] org.keycloak.testsuite.webauthn.AppInitiatedActionWebAuthnTest.proceedSetupWebAuthnLogoutOtherSessionsChecked
WebAuthn IT (firefox)	Run WebAuthn IT	2024-06-20T16:36:31.3435862Z -- [ERROR]   Run 1: AppInitiatedActionWebAuthnTest.proceedSetupWebAuthnLogoutOtherSessionsChecked » Runtime Could not create statement
WebAuthn IT (firefox)	Run WebAuthn IT	2024-06-20T16:36:31.3436856Z -- [INFO]   Run 2: PASS
WebAuthn IT (firefox)	Run WebAuthn IT	2024-06-20T16:36:31.3444814Z -- [INFO] 
WebAuthn IT (firefox)	Run WebAuthn IT	2024-06-20T16:36:31.3445503Z -- [INFO] 
WebAuthn IT (firefox)	Run WebAuthn IT	2024-06-20T16:36:31.3448728Z -- [ERROR] Tests run: 126, Failures: 0, Errors: 1, Skipped: 112
WebAuthn IT (firefox)	Run WebAuthn IT	2024-06-20T16:36:31.3450159Z -- [INFO] 
WebAuthn IT (firefox)	Run WebAuthn IT	2024-06-20T16:36:31.3463160Z -- [INFO] ------------------------------------------------------------------------
WebAuthn IT (firefox)	Run WebAuthn IT	2024-06-20T16:36:31.3464877Z -- [INFO] BUILD FAILURE
WebAuthn IT (firefox)	Run WebAuthn IT	2024-06-20T16:36:31.3466113Z -- [INFO] ------------------------------------------------------------------------
WebAuthn IT (firefox)	Run WebAuthn IT	2024-06-20T16:36:31.3467204Z -- [INFO] Total time:  04:54 min
WebAuthn IT (firefox)	Run WebAuthn IT	2024-06-20T16:36:31.3469628Z -- [INFO] Finished at: 2024-06-20T16:36:31Z
WebAuthn IT (firefox)	Run WebAuthn IT	2024-06-20T16:36:31.3470710Z -- [INFO] ------------------------------------------------------------------------
WebAuthn IT (firefox)	Run WebAuthn IT	2024-06-20T16:36:31.3478351Z -- [ERROR] Failed to execute goal org.apache.maven.plugins:maven-surefire-plugin:3.0.0-M7:test (default-test) on project integration-arquillian-tests-base: 
WebAuthn IT (firefox)	Run WebAuthn IT	2024-06-20T16:36:31.3480573Z -- [ERROR] 
WebAuthn IT (firefox)	Run WebAuthn IT	2024-06-20T16:36:31.3482825Z -- [ERROR] Please refer to /home/runner/work/keycloak/keycloak/testsuite/integration-arquillian/tests/base/target/surefire-reports for the individual test results.
WebAuthn IT (firefox)	Run WebAuthn IT	2024-06-20T16:36:31.3485314Z -- [ERROR] Please refer to dump files (if any exist) [date].dump, [date]-jvmRun[N].dump and [date].dumpstream.
WebAuthn IT (firefox)	Run WebAuthn IT	2024-06-20T16:36:31.3486713Z -- [ERROR] -> [Help 1]
WebAuthn IT (firefox)	Run WebAuthn IT	2024-06-20T16:36:31.3487168Z -- [ERROR] 
WebAuthn IT (firefox)	Run WebAuthn IT	2024-06-20T16:36:31.3487911Z -- [ERROR] To see the full stack trace of the errors, re-run Maven with the -e switch.
WebAuthn IT (firefox)	Run WebAuthn IT	2024-06-20T16:36:31.3489065Z -- [ERROR] Re-run Maven using the -X switch to enable full debug logging.
WebAuthn IT (firefox)	Run WebAuthn IT	2024-06-20T16:36:31.3489650Z -- [ERROR] 
WebAuthn IT (firefox)	Run WebAuthn IT	2024-06-20T16:36:31.3490477Z -- [ERROR] For more information about the errors and possible solutions, please read the following articles:
WebAuthn IT (firefox)	Run WebAuthn IT	2024-06-20T16:36:31.3491645Z -- [ERROR] [Help 1] http://cwiki.apache.org/confluence/display/MAVEN/MojoFailureException
WebAuthn IT (firefox)	Run WebAuthn IT	2024-06-20T16:36:31.3970620Z ##[error]Process completed with exit code 1.
Status Check - Keycloak CI	Run /./.github/actions/status-check	2024-06-20T17:19:47.8103002Z Prepare all required actions
Status Check - Keycloak CI	Run /./.github/actions/status-check	2024-06-20T17:19:47.8197750Z ##[group]Run ./.github/actions/status-check
Status Check - Keycloak CI	Run /./.github/actions/status-check	2024-06-20T17:19:47.8198298Z with:
Status Check - Keycloak CI	Run /./.github/actions/status-check	2024-06-20T17:19:47.8203325Z   jobs: {
Status Check - Keycloak CI	Run /./.github/actions/status-check	  "conditional": {
Status Check - Keycloak CI	Run /./.github/actions/status-check	    "result": "success",
Status Check - Keycloak CI	Run /./.github/actions/status-check	    "outputs": {
Status Check - Keycloak CI	Run /./.github/actions/status-check	      "ci": "true",
Status Check - Keycloak CI	Run /./.github/actions/status-check	      "ci-quarkus": "true",
Status Check - Keycloak CI	Run /./.github/actions/status-check	      "ci-sssd": "false",
Status Check - Keycloak CI	Run /./.github/actions/status-check	      "ci-store": "true",
Status Check - Keycloak CI	Run /./.github/actions/status-check	      "ci-store-matrix": "[\"postgres\",\"mysql\",\"oracle\",\"mssql\",\"mariadb\"]",
Status Check - Keycloak CI	Run /./.github/actions/status-check	      "ci-webauthn": "true"
Status Check - Keycloak CI	Run /./.github/actions/status-check	    }
Status Check - Keycloak CI	Run /./.github/actions/status-check	  },
Status Check - Keycloak CI	Run /./.github/actions/status-check	  "build": {
Status Check - Keycloak CI	Run /./.github/actions/status-check	    "result": "success",
Status Check - Keycloak CI	Run /./.github/actions/status-check	    "outputs": {}
Status Check - Keycloak CI	Run /./.github/actions/status-check	  },
Status Check - Keycloak CI	Run /./.github/actions/status-check	  "unit-tests": {
Status Check - Keycloak CI	Run /./.github/actions/status-check	    "result": "success",
Status Check - Keycloak CI	Run /./.github/actions/status-check	    "outputs": {}
Status Check - Keycloak CI	Run /./.github/actions/status-check	  },
Status Check - Keycloak CI	Run /./.github/actions/status-check	  "base-integration-tests": {
Status Check - Keycloak CI	Run /./.github/actions/status-check	    "result": "success",
Status Check - Keycloak CI	Run /./.github/actions/status-check	    "outputs": {}
Status Check - Keycloak CI	Run /./.github/actions/status-check	  },
Status Check - Keycloak CI	Run /./.github/actions/status-check	  "adapter-integration-tests": {
Status Check - Keycloak CI	Run /./.github/actions/status-check	    "result": "success",
Status Check - Keycloak CI	Run /./.github/actions/status-check	    "outputs": {}
Status Check - Keycloak CI	Run /./.github/actions/status-check	  },
Status Check - Keycloak CI	Run /./.github/actions/status-check	  "quarkus-unit-tests": {
Status Check - Keycloak CI	Run /./.github/actions/status-check	    "result": "success",
Status Check - Keycloak CI	Run /./.github/actions/status-check	    "outputs": {}
Status Check - Keycloak CI	Run /./.github/actions/status-check	  },
Status Check - Keycloak CI	Run /./.github/actions/status-check	  "quarkus-integration-tests": {
Status Check - Keycloak CI	Run /./.github/actions/status-check	    "result": "success",
Status Check - Keycloak CI	Run /./.github/actions/status-check	    "outputs": {}
Status Check - Keycloak CI	Run /./.github/actions/status-check	  },
Status Check - Keycloak CI	Run /./.github/actions/status-check	  "jdk-integration-tests": {
Status Check - Keycloak CI	Run /./.github/actions/status-check	    "result": "success",
Status Check - Keycloak CI	Run /./.github/actions/status-check	    "outputs": {}
Status Check - Keycloak CI	Run /./.github/actions/status-check	  },
Status Check - Keycloak CI	Run /./.github/actions/status-check	  "store-integration-tests": {
Status Check - Keycloak CI	Run /./.github/actions/status-check	    "result": "success",
Status Check - Keycloak CI	Run /./.github/actions/status-check	    "outputs": {}
Status Check - Keycloak CI	Run /./.github/actions/status-check	  },
Status Check - Keycloak CI	Run /./.github/actions/status-check	  "persistent-sessions-tests": {
Status Check - Keycloak CI	Run /./.github/actions/status-check	    "result": "success",
Status Check - Keycloak CI	Run /./.github/actions/status-check	    "outputs": {}
Status Check - Keycloak CI	Run /./.github/actions/status-check	  },
Status Check - Keycloak CI	Run /./.github/actions/status-check	  "store-model-tests": {
Status Check - Keycloak CI	Run /./.github/actions/status-check	    "result": "success",
Status Check - Keycloak CI	Run /./.github/actions/status-check	    "outputs": {}
Status Check - Keycloak CI	Run /./.github/actions/status-check	  },
Status Check - Keycloak CI	Run /./.github/actions/status-check	  "clustering-integration-tests": {
Status Check - Keycloak CI	Run /./.github/actions/status-check	    "result": "success",
Status Check - Keycloak CI	Run /./.github/actions/status-check	    "outputs": {}
Status Check - Keycloak CI	Run /./.github/actions/status-check	  },
Status Check - Keycloak CI	Run /./.github/actions/status-check	  "fips-unit-tests": {
Status Check - Keycloak CI	Run /./.github/actions/status-check	    "result": "success",
Status Check - Keycloak CI	Run /./.github/actions/status-check	    "outputs": {}
Status Check - Keycloak CI	Run /./.github/actions/status-check	  },
Status Check - Keycloak CI	Run /./.github/actions/status-check	  "fips-integration-tests": {
Status Check - Keycloak CI	Run /./.github/actions/status-check	    "result": "success",
Status Check - Keycloak CI	Run /./.github/actions/status-check	    "outputs": {}
Status Check - Keycloak CI	Run /./.github/actions/status-check	  },
Status Check - Keycloak CI	Run /./.github/actions/status-check	  "forms-integration-tests": {
Status Check - Keycloak CI	Run /./.github/actions/status-check	    "result": "success",
Status Check - Keycloak CI	Run /./.github/actions/status-check	    "outputs": {}
Status Check - Keycloak CI	Run /./.github/actions/status-check	  },
Status Check - Keycloak CI	Run /./.github/actions/status-check	  "webauthn-integration-tests": {
Status Check - Keycloak CI	Run /./.github/actions/status-check	    "result": "failure",
Status Check - Keycloak CI	Run /./.github/actions/status-check	    "outputs": {}
Status Check - Keycloak CI	Run /./.github/actions/status-check	  },
Status Check - Keycloak CI	Run /./.github/actions/status-check	  "sssd-unit-tests": {
Status Check - Keycloak CI	Run /./.github/actions/status-check	    "result": "skipped",
Status Check - Keycloak CI	Run /./.github/actions/status-check	    "outputs": {}
Status Check - Keycloak CI	Run /./.github/actions/status-check	  },
Status Check - Keycloak CI	Run /./.github/actions/status-check	  "migration-tests": {
Status Check - Keycloak CI	Run /./.github/actions/status-check	    "result": "success",
Status Check - Keycloak CI	Run /./.github/actions/status-check	    "outputs": {}
Status Check - Keycloak CI	Run /./.github/actions/status-check	  },
Status Check - Keycloak CI	Run /./.github/actions/status-check	  "external-infinispan-tests": {
Status Check - Keycloak CI	Run /./.github/actions/status-check	    "result": "success",
Status Check - Keycloak CI	Run /./.github/actions/status-check	    "outputs": {}
Status Check - Keycloak CI	Run /./.github/actions/status-check	  }
Status Check - Keycloak CI	Run /./.github/actions/status-check	}
Status Check - Keycloak CI	Run /./.github/actions/status-check	2024-06-20T17:19:47.8208742Z env:
Status Check - Keycloak CI	Run /./.github/actions/status-check	2024-06-20T17:19:47.8209201Z   MAVEN_ARGS: -B -nsu -Daether.connector.http.connectionMaxTtl=25
Status Check - Keycloak CI	Run /./.github/actions/status-check	2024-06-20T17:19:47.8209799Z   SUREFIRE_RERUN_FAILING_COUNT: 2
Status Check - Keycloak CI	Run /./.github/actions/status-check	2024-06-20T17:19:47.8210339Z   SUREFIRE_RETRY: -Dsurefire.rerunFailingTestsCount=2
Status Check - Keycloak CI	Run /./.github/actions/status-check	2024-06-20T17:19:47.8210824Z ##[endgroup]
Status Check - Keycloak CI	Run /./.github/actions/status-check	2024-06-20T17:19:47.8471402Z ##[group]Run JOBS='{
Status Check - Keycloak CI	Run /./.github/actions/status-check	2024-06-20T17:19:47.8472077Z [36;1mJOBS='{[0m
Status Check - Keycloak CI	Run /./.github/actions/status-check	2024-06-20T17:19:47.8472460Z [36;1m  "conditional": {[0m
Status Check - Keycloak CI	Run /./.github/actions/status-check	2024-06-20T17:19:47.8472892Z [36;1m    "result": "success",[0m
Status Check - Keycloak CI	Run /./.github/actions/status-check	2024-06-20T17:19:47.8473343Z [36;1m    "outputs": {[0m
Status Check - Keycloak CI	Run /./.github/actions/status-check	2024-06-20T17:19:47.8473718Z [36;1m      "ci": "true",[0m
Status Check - Keycloak CI	Run /./.github/actions/status-check	2024-06-20T17:19:47.8474193Z [36;1m      "ci-quarkus": "true",[0m
Status Check - Keycloak CI	Run /./.github/actions/status-check	2024-06-20T17:19:47.8474640Z [36;1m      "ci-sssd": "false",[0m
Status Check - Keycloak CI	Run /./.github/actions/status-check	2024-06-20T17:19:47.8475093Z [36;1m      "ci-store": "true",[0m
Status Check - Keycloak CI	Run /./.github/actions/status-check	2024-06-20T17:19:47.8475746Z [36;1m      "ci-store-matrix": "[\"postgres\",\"mysql\",\"oracle\",\"mssql\",\"mariadb\"]",[0m
Status Check - Keycloak CI	Run /./.github/actions/status-check	2024-06-20T17:19:47.8476415Z [36;1m      "ci-webauthn": "true"[0m
Status Check - Keycloak CI	Run /./.github/actions/status-check	2024-06-20T17:19:47.8476830Z [36;1m    }[0m
Status Check - Keycloak CI	Run /./.github/actions/status-check	2024-06-20T17:19:47.8477143Z [36;1m  },[0m
Status Check - Keycloak CI	Run /./.github/actions/status-check	2024-06-20T17:19:47.8477488Z [36;1m  "build": {[0m
Status Check - Keycloak CI	Run /./.github/actions/status-check	2024-06-20T17:19:47.8477861Z [36;1m    "result": "success",[0m
Status Check - Keycloak CI	Run /./.github/actions/status-check	2024-06-20T17:19:47.8478267Z [36;1m    "outputs": {}[0m
Status Check - Keycloak CI	Run /./.github/actions/status-check	2024-06-20T17:19:47.8478649Z [36;1m  },[0m
Status Check - Keycloak CI	Run /./.github/actions/status-check	2024-06-20T17:19:47.8478986Z [36;1m  "unit-tests": {[0m
Status Check - Keycloak CI	Run /./.github/actions/status-check	2024-06-20T17:19:47.8479418Z [36;1m    "result": "success",[0m
Status Check - Keycloak CI	Run /./.github/actions/status-check	2024-06-20T17:19:47.8479831Z [36;1m    "outputs": {}[0m
Status Check - Keycloak CI	Run /./.github/actions/status-check	2024-06-20T17:19:47.8480207Z [36;1m  },[0m
Status Check - Keycloak CI	Run /./.github/actions/status-check	2024-06-20T17:19:47.8480550Z [36;1m  "base-integration-tests": {[0m
Status Check - Keycloak CI	Run /./.github/actions/status-check	2024-06-20T17:19:47.8481009Z [36;1m    "result": "success",[0m
Status Check - Keycloak CI	Run /./.github/actions/status-check	2024-06-20T17:19:47.8481420Z [36;1m    "outputs": {}[0m
Status Check - Keycloak CI	Run /./.github/actions/status-check	2024-06-20T17:19:47.8481769Z [36;1m  },[0m
Status Check - Keycloak CI	Run /./.github/actions/status-check	2024-06-20T17:19:47.8482689Z [36;1m  "adapter-integration-tests": {[0m
Status Check - Keycloak CI	Run /./.github/actions/status-check	2024-06-20T17:19:47.8483150Z [36;1m    "result": "success",[0m
Status Check - Keycloak CI	Run /./.github/actions/status-check	2024-06-20T17:19:47.8483550Z [36;1m    "outputs": {}[0m
Status Check - Keycloak CI	Run /./.github/actions/status-check	2024-06-20T17:19:47.8483962Z [36;1m  },[0m
Status Check - Keycloak CI	Run /./.github/actions/status-check	2024-06-20T17:19:47.8484371Z [36;1m  "quarkus-unit-tests": {[0m
Status Check - Keycloak CI	Run /./.github/actions/status-check	2024-06-20T17:19:47.8484798Z [36;1m    "result": "success",[0m
Status Check - Keycloak CI	Run /./.github/actions/status-check	2024-06-20T17:19:47.8485220Z [36;1m    "outputs": {}[0m
Status Check - Keycloak CI	Run /./.github/actions/status-check	2024-06-20T17:19:47.8485799Z [36;1m  },[0m
Status Check - Keycloak CI	Run /./.github/actions/status-check	2024-06-20T17:19:47.8486174Z [36;1m  "quarkus-integration-tests": {[0m
Status Check - Keycloak CI	Run /./.github/actions/status-check	2024-06-20T17:19:47.8486657Z [36;1m    "result": "success",[0m
Status Check - Keycloak CI	Run /./.github/actions/status-check	2024-06-20T17:19:47.8487050Z [36;1m    "outputs": {}[0m
Status Check - Keycloak CI	Run /./.github/actions/status-check	2024-06-20T17:19:47.8487414Z [36;1m  },[0m
Status Check - Keycloak CI	Run /./.github/actions/status-check	2024-06-20T17:19:47.8487773Z [36;1m  "jdk-integration-tests": {[0m
Status Check - Keycloak CI	Run /./.github/actions/status-check	2024-06-20T17:19:47.8488190Z [36;1m    "result": "success",[0m
Status Check - Keycloak CI	Run /./.github/actions/status-check	2024-06-20T17:19:47.8488589Z [36;1m    "outputs": {}[0m
Status Check - Keycloak CI	Run /./.github/actions/status-check	2024-06-20T17:19:47.8489059Z [36;1m  },[0m
Status Check - Keycloak CI	Run /./.github/actions/status-check	2024-06-20T17:19:47.8489383Z [36;1m  "store-integration-tests": {[0m
Status Check - Keycloak CI	Run /./.github/actions/status-check	2024-06-20T17:19:47.8489820Z [36;1m    "result": "success",[0m
Status Check - Keycloak CI	Run /./.github/actions/status-check	2024-06-20T17:19:47.8490271Z [36;1m    "outputs": {}[0m
Status Check - Keycloak CI	Run /./.github/actions/status-check	2024-06-20T17:19:47.8490605Z [36;1m  },[0m
Status Check - Keycloak CI	Run /./.github/actions/status-check	2024-06-20T17:19:47.8490955Z [36;1m  "persistent-sessions-tests": {[0m
Status Check - Keycloak CI	Run /./.github/actions/status-check	2024-06-20T17:19:47.8491470Z [36;1m    "result": "success",[0m
Status Check - Keycloak CI	Run /./.github/actions/status-check	2024-06-20T17:19:47.8491843Z [36;1m    "outputs": {}[0m
Status Check - Keycloak CI	Run /./.github/actions/status-check	2024-06-20T17:19:47.8492187Z [36;1m  },[0m
Status Check - Keycloak CI	Run /./.github/actions/status-check	2024-06-20T17:19:47.8492580Z [36;1m  "store-model-tests": {[0m
Status Check - Keycloak CI	Run /./.github/actions/status-check	2024-06-20T17:19:47.8492964Z [36;1m    "result": "success",[0m
Status Check - Keycloak CI	Run /./.github/actions/status-check	2024-06-20T17:19:47.8493345Z [36;1m    "outputs": {}[0m
Status Check - Keycloak CI	Run /./.github/actions/status-check	2024-06-20T17:19:47.8493844Z [36;1m  },[0m
Status Check - Keycloak CI	Run /./.github/actions/status-check	2024-06-20T17:19:47.8494177Z [36;1m  "clustering-integration-tests": {[0m
Status Check - Keycloak CI	Run /./.github/actions/status-check	2024-06-20T17:19:47.8494624Z [36;1m    "result": "success",[0m
Status Check - Keycloak CI	Run /./.github/actions/status-check	2024-06-20T17:19:47.8495088Z [36;1m    "outputs": {}[0m
Status Check - Keycloak CI	Run /./.github/actions/status-check	2024-06-20T17:19:47.8495524Z [36;1m  },[0m
Status Check - Keycloak CI	Run /./.github/actions/status-check	2024-06-20T17:19:47.8495817Z [36;1m  "fips-unit-tests": {[0m
Status Check - Keycloak CI	Run /./.github/actions/status-check	2024-06-20T17:19:47.8496292Z [36;1m    "result": "success",[0m
Status Check - Keycloak CI	Run /./.github/actions/status-check	2024-06-20T17:19:47.8496690Z [36;1m    "outputs": {}[0m
Status Check - Keycloak CI	Run /./.github/actions/status-check	2024-06-20T17:19:47.8497007Z [36;1m  },[0m
Status Check - Keycloak CI	Run /./.github/actions/status-check	2024-06-20T17:19:47.8497423Z [36;1m  "fips-integration-tests": {[0m
Status Check - Keycloak CI	Run /./.github/actions/status-check	2024-06-20T17:19:47.8497844Z [36;1m    "result": "success",[0m
Status Check - Keycloak CI	Run /./.github/actions/status-check	2024-06-20T17:19:47.8498193Z [36;1m    "outputs": {}[0m
Status Check - Keycloak CI	Run /./.github/actions/status-check	2024-06-20T17:19:47.8498687Z [36;1m  },[0m
Status Check - Keycloak CI	Run /./.github/actions/status-check	2024-06-20T17:19:47.8499032Z [36;1m  "forms-integration-tests": {[0m
Status Check - Keycloak CI	Run /./.github/actions/status-check	2024-06-20T17:19:47.8499422Z [36;1m    "result": "success",[0m
Status Check - Keycloak CI	Run /./.github/actions/status-check	2024-06-20T17:19:47.8499893Z [36;1m    "outputs": {}[0m
Status Check - Keycloak CI	Run /./.github/actions/status-check	2024-06-20T17:19:47.8500240Z [36;1m  },[0m
Status Check - Keycloak CI	Run /./.github/actions/status-check	2024-06-20T17:19:47.8500572Z [36;1m  "webauthn-integration-tests": {[0m
Status Check - Keycloak CI	Run /./.github/actions/status-check	2024-06-20T17:19:47.8501081Z [36;1m    "result": "failure",[0m
Status Check - Keycloak CI	Run /./.github/actions/status-check	2024-06-20T17:19:47.8501468Z [36;1m    "outputs": {}[0m
Status Check - Keycloak CI	Run /./.github/actions/status-check	2024-06-20T17:19:47.8501793Z [36;1m  },[0m
Status Check - Keycloak CI	Run /./.github/actions/status-check	2024-06-20T17:19:47.8502173Z [36;1m  "sssd-unit-tests": {[0m
Status Check - Keycloak CI	Run /./.github/actions/status-check	2024-06-20T17:19:47.8502565Z [36;1m    "result": "skipped",[0m
Status Check - Keycloak CI	Run /./.github/actions/status-check	2024-06-20T17:19:47.8502925Z [36;1m    "outputs": {}[0m
Status Check - Keycloak CI	Run /./.github/actions/status-check	2024-06-20T17:19:47.8503368Z [36;1m  },[0m
Status Check - Keycloak CI	Run /./.github/actions/status-check	2024-06-20T17:19:47.8503732Z [36;1m  "migration-tests": {[0m
Status Check - Keycloak CI	Run /./.github/actions/status-check	2024-06-20T17:19:47.8504098Z [36;1m    "result": "success",[0m
Status Check - Keycloak CI	Run /./.github/actions/status-check	2024-06-20T17:19:47.8504532Z [36;1m    "outputs": {}[0m
Status Check - Keycloak CI	Run /./.github/actions/status-check	2024-06-20T17:19:47.8504890Z [36;1m  },[0m
Status Check - Keycloak CI	Run /./.github/actions/status-check	2024-06-20T17:19:47.8505198Z [36;1m  "external-infinispan-tests": {[0m
Status Check - Keycloak CI	Run /./.github/actions/status-check	2024-06-20T17:19:47.8505687Z [36;1m    "result": "success",[0m
Status Check - Keycloak CI	Run /./.github/actions/status-check	2024-06-20T17:19:47.8506084Z [36;1m    "outputs": {}[0m
Status Check - Keycloak CI	Run /./.github/actions/status-check	2024-06-20T17:19:47.8506396Z [36;1m  }[0m
Status Check - Keycloak CI	Run /./.github/actions/status-check	2024-06-20T17:19:47.8506784Z [36;1m}'[0m
Status Check - Keycloak CI	Run /./.github/actions/status-check	2024-06-20T17:19:47.8507100Z [36;1m[0m
Status Check - Keycloak CI	Run /./.github/actions/status-check	2024-06-20T17:19:47.8507374Z [36;1mecho "Job status:"[0m
Status Check - Keycloak CI	Run /./.github/actions/status-check	2024-06-20T17:19:47.8507986Z [36;1mecho $JOBS | jq -r 'to_entries[] | " - \(.key): \(.value.result)"'[0m
Status Check - Keycloak CI	Run /./.github/actions/status-check	2024-06-20T17:19:47.8508532Z [36;1m[0m
Status Check - Keycloak CI	Run /./.github/actions/status-check	2024-06-20T17:19:47.8508939Z [36;1mfor i in $(echo $JOBS | jq -r 'to_entries[] | .value.result'); do[0m
Status Check - Keycloak CI	Run /./.github/actions/status-check	2024-06-20T17:19:47.8509640Z [36;1m  if [ "$i" != "success" ] && [ "$i" != "skipped" ]; then[0m
Status Check - Keycloak CI	Run /./.github/actions/status-check	2024-06-20T17:19:47.8510147Z [36;1m    echo ""[0m
Status Check - Keycloak CI	Run /./.github/actions/status-check	2024-06-20T17:19:47.8510699Z [36;1m    echo "Status check not okay!"[0m
Status Check - Keycloak CI	Run /./.github/actions/status-check	2024-06-20T17:19:47.8511238Z [36;1m    exit 1[0m
Status Check - Keycloak CI	Run /./.github/actions/status-check	2024-06-20T17:19:47.8511565Z [36;1m  fi[0m
Status Check - Keycloak CI	Run /./.github/actions/status-check	2024-06-20T17:19:47.8511837Z [36;1mdone[0m
Status Check - Keycloak CI	Run /./.github/actions/status-check	2024-06-20T17:19:47.8630091Z shell: /usr/bin/bash --noprofile --norc -e -o pipefail {0}
Status Check - Keycloak CI	Run /./.github/actions/status-check	2024-06-20T17:19:47.8630624Z env:
Status Check - Keycloak CI	Run /./.github/actions/status-check	2024-06-20T17:19:47.8631177Z   MAVEN_ARGS: -B -nsu -Daether.connector.http.connectionMaxTtl=25
Status Check - Keycloak CI	Run /./.github/actions/status-check	2024-06-20T17:19:47.8631986Z   SUREFIRE_RERUN_FAILING_COUNT: 2
Status Check - Keycloak CI	Run /./.github/actions/status-check	2024-06-20T17:19:47.8632546Z   SUREFIRE_RETRY: -Dsurefire.rerunFailingTestsCount=2
Status Check - Keycloak CI	Run /./.github/actions/status-check	2024-06-20T17:19:47.8632997Z ##[endgroup]
Status Check - Keycloak CI	Run /./.github/actions/status-check	2024-06-20T17:19:47.8788826Z Job status:
Status Check - Keycloak CI	Run /./.github/actions/status-check	2024-06-20T17:19:47.9022473Z  - conditional: success
Status Check - Keycloak CI	Run /./.github/actions/status-check	2024-06-20T17:19:47.9023201Z  - build: success
Status Check - Keycloak CI	Run /./.github/actions/status-check	2024-06-20T17:19:47.9023778Z  - unit-tests: success
Status Check - Keycloak CI	Run /./.github/actions/status-check	2024-06-20T17:19:47.9024586Z  - base-integration-tests: success
Status Check - Keycloak CI	Run /./.github/actions/status-check	2024-06-20T17:19:47.9025361Z  - adapter-integration-tests: success
Status Check - Keycloak CI	Run /./.github/actions/status-check	2024-06-20T17:19:47.9026064Z  - quarkus-unit-tests: success
Status Check - Keycloak CI	Run /./.github/actions/status-check	2024-06-20T17:19:47.9026928Z  - quarkus-integration-tests: success
Status Check - Keycloak CI	Run /./.github/actions/status-check	2024-06-20T17:19:47.9027663Z  - jdk-integration-tests: success
Status Check - Keycloak CI	Run /./.github/actions/status-check	2024-06-20T17:19:47.9028161Z  - store-integration-tests: success
Status Check - Keycloak CI	Run /./.github/actions/status-check	2024-06-20T17:19:47.9028894Z  - persistent-sessions-tests: success
Status Check - Keycloak CI	Run /./.github/actions/status-check	2024-06-20T17:19:47.9029477Z  - store-model-tests: success
Status Check - Keycloak CI	Run /./.github/actions/status-check	2024-06-20T17:19:47.9029999Z  - clustering-integration-tests: success
Status Check - Keycloak CI	Run /./.github/actions/status-check	2024-06-20T17:19:47.9030885Z  - fips-unit-tests: success
Status Check - Keycloak CI	Run /./.github/actions/status-check	2024-06-20T17:19:47.9031784Z  - fips-integration-tests: success
Status Check - Keycloak CI	Run /./.github/actions/status-check	2024-06-20T17:19:47.9032651Z  - forms-integration-tests: success
Status Check - Keycloak CI	Run /./.github/actions/status-check	2024-06-20T17:19:47.9033745Z  - webauthn-integration-tests: failure
Status Check - Keycloak CI	Run /./.github/actions/status-check	2024-06-20T17:19:47.9034545Z  - sssd-unit-tests: skipped
Status Check - Keycloak CI	Run /./.github/actions/status-check	2024-06-20T17:19:47.9034974Z  - migration-tests: success
Status Check - Keycloak CI	Run /./.github/actions/status-check	2024-06-20T17:19:47.9035500Z  - external-infinispan-tests: success
Status Check - Keycloak CI	Run /./.github/actions/status-check	2024-06-20T17:19:47.9241368Z 
Status Check - Keycloak CI	Run /./.github/actions/status-check	2024-06-20T17:19:47.9247340Z Status check not okay!
Status Check - Keycloak CI	Run /./.github/actions/status-check	2024-06-20T17:19:47.9260634Z ##[error]Process completed with exit code 1.
