Legacy Store IT (mssql)	Run base tests	2023-12-04T13:59:50.1239321Z ##[group]Run TESTS=`testsuite/integration-arquillian/tests/base/testsuites/suite.sh database`
Legacy Store IT (mssql)	Run base tests	2023-12-04T13:59:50.1240337Z [36;1mTESTS=`testsuite/integration-arquillian/tests/base/testsuites/suite.sh database`[0m
Legacy Store IT (mssql)	Run base tests	2023-12-04T13:59:50.1241154Z [36;1mecho "Tests: $TESTS"[0m
Legacy Store IT (mssql)	Run base tests	2023-12-04T13:59:50.1242171Z [36;1m./mvnw test -Dsurefire.rerunFailingTestsCount=2 -Pauth-server-quarkus -Pdb-mssql -Dtest=$TESTS -pl testsuite/integration-arquillian/tests/base | misc/log/trimmer.sh[0m
Legacy Store IT (mssql)	Run base tests	2023-12-04T13:59:50.1304410Z shell: /usr/bin/bash --noprofile --norc -e -o pipefail {0}
Legacy Store IT (mssql)	Run base tests	2023-12-04T13:59:50.1304972Z env:
Legacy Store IT (mssql)	Run base tests	2023-12-04T13:59:50.1306202Z   MAVEN_ARGS: -B -nsu -Dhttp.keepAlive=false -Dmaven.wagon.http.pool=false -Dmaven.wagon.http.retryHandler.class=standard -Dmaven.wagon.http.retryHandler.count=3 -Dmaven.wagon.httpconnectionManager.ttlSeconds=120
Legacy Store IT (mssql)	Run base tests	2023-12-04T13:59:50.1307465Z   SUREFIRE_RERUN_FAILING_COUNT: 2
Legacy Store IT (mssql)	Run base tests	2023-12-04T13:59:50.1308049Z   SUREFIRE_RETRY: -Dsurefire.rerunFailingTestsCount=2
Legacy Store IT (mssql)	Run base tests	2023-12-04T13:59:50.1308703Z   JAVA_HOME: /opt/hostedtoolcache/Java_Temurin-Hotspot_jdk/17.0.9-9/x64
Legacy Store IT (mssql)	Run base tests	2023-12-04T13:59:50.1309586Z   JAVA_HOME_17_X64: /opt/hostedtoolcache/Java_Temurin-Hotspot_jdk/17.0.9-9/x64
Legacy Store IT (mssql)	Run base tests	2023-12-04T13:59:50.1310170Z ##[endgroup]
Legacy Store IT (mssql)	Run base tests	2023-12-04T13:59:50.2070969Z Tests: AccountRestServiceTest,AuthorizationCodeTest,AuthorizationTest,ClientRegistrationTest,EventStoreProviderTest,ExportImportTest,GeneratedRsaKeyProviderTest,KcOidcBrokerTest,LDAPUserLoginTest,LoginTest,PasswordPolicyTest,RefreshTokenTest,RequiredActionUpdateProfileTest,SSOTest,SamlClientTest,TransactionsTest,UserProfileTest,org.keycloak.testsuite.admin.**,org.keycloak.testsuite.authz.**ManagementTest,org.keycloak.testsuite.zerodowntime.**
Legacy Store IT (mssql)	Run base tests	2023-12-04T13:59:52.2393918Z -- [INFO] Scanning for projects...
Legacy Store IT (mssql)	Run base tests	2023-12-04T13:59:53.7941428Z -- Downloading from central: https://repo.maven.apache.org/maven2/org/springframework/boot/spring-boot-starter-parent/2.7.14/spring-boot-starter-parent-2.7.14.pom
Legacy Store IT (mssql)	Run base tests	2023-12-04T13:59:53.8845028Z -- Progress (1): 2.8/9.2 kB
Legacy Store IT (mssql)	Run base tests	2023-12-04T13:59:53.8856518Z -- Progress (1): 5.5/9.2 kB
Legacy Store IT (mssql)	Run base tests	2023-12-04T13:59:53.8868825Z -- Progress (1): 8.3/9.2 kB
Legacy Store IT (mssql)	Run base tests	2023-12-04T13:59:53.8999841Z -- Progress (1): 9.2 kB    
Legacy Store IT (mssql)	Run base tests	2023-12-04T13:59:53.9003927Z --                     
Legacy Store IT (mssql)	Run base tests	2023-12-04T13:59:53.9006470Z -- Downloaded from central: https://repo.maven.apache.org/maven2/org/springframework/boot/spring-boot-starter-parent/2.7.14/spring-boot-starter-parent-2.7.14.pom (9.2 kB at 83 kB/s)
Legacy Store IT (mssql)	Run base tests	2023-12-04T13:59:53.9139120Z -- Downloading from central: https://repo.maven.apache.org/maven2/org/springframework/boot/spring-boot-dependencies/2.7.14/spring-boot-dependencies-2.7.14.pom
Legacy Store IT (mssql)	Run base tests	2023-12-04T13:59:53.9280135Z -- Progress (1): 4.1/110 kB
Legacy Store IT (mssql)	Run base tests	2023-12-04T13:59:53.9287385Z -- Progress (1): 8.2/110 kB
Legacy Store IT (mssql)	Run base tests	2023-12-04T13:59:53.9296924Z -- Progress (1): 12/110 kB 
Legacy Store IT (mssql)	Run base tests	2023-12-04T13:59:53.9307835Z -- Progress (1): 16/110 kB
Legacy Store IT (mssql)	Run base tests	2023-12-04T13:59:53.9318801Z -- Progress (1): 20/110 kB
Legacy Store IT (mssql)	Run base tests	2023-12-04T13:59:53.9323465Z -- Progress (1): 25/110 kB
Legacy Store IT (mssql)	Run base tests	2023-12-04T13:59:53.9332781Z -- Progress (1): 29/110 kB
Legacy Store IT (mssql)	Run base tests	2023-12-04T13:59:53.9673365Z -- Progress (1): 33/110 kB
Legacy Store IT (mssql)	Run base tests	2023-12-04T13:59:53.9722050Z -- Progress (1): 37/110 kB
Legacy Store IT (mssql)	Run base tests	2023-12-04T13:59:53.9722699Z -- Progress (1): 41/110 kB
Legacy Store IT (mssql)	Run base tests	2023-12-04T13:59:53.9723337Z -- Progress (1): 45/110 kB
Legacy Store IT (mssql)	Run base tests	2023-12-04T13:59:53.9723984Z -- Progress (1): 49/110 kB
Legacy Store IT (mssql)	Run base tests	2023-12-04T13:59:53.9724699Z -- Progress (1): 53/110 kB
Legacy Store IT (mssql)	Run base tests	2023-12-04T13:59:53.9737095Z -- Progress (1): 57/110 kB
Legacy Store IT (mssql)	Run base tests	2023-12-04T13:59:53.9737708Z -- Progress (1): 61/110 kB
Legacy Store IT (mssql)	Run base tests	2023-12-04T13:59:53.9738280Z -- Progress (1): 66/110 kB
Legacy Store IT (mssql)	Run base tests	2023-12-04T13:59:53.9738803Z -- Progress (1): 70/110 kB
Legacy Store IT (mssql)	Run base tests	2023-12-04T13:59:53.9739314Z -- Progress (1): 74/110 kB
Legacy Store IT (mssql)	Run base tests	2023-12-04T13:59:53.9739835Z -- Progress (1): 78/110 kB
Legacy Store IT (mssql)	Run base tests	2023-12-04T13:59:53.9740385Z -- Progress (1): 82/110 kB
Legacy Store IT (mssql)	Run base tests	2023-12-04T13:59:53.9740976Z -- Progress (1): 86/110 kB
Legacy Store IT (mssql)	Run base tests	2023-12-04T13:59:53.9741519Z -- Progress (1): 90/110 kB
Legacy Store IT (mssql)	Run base tests	2023-12-04T13:59:53.9742086Z -- Progress (1): 94/110 kB
Legacy Store IT (mssql)	Run base tests	2023-12-04T13:59:53.9742646Z -- Progress (1): 98/110 kB
Legacy Store IT (mssql)	Run base tests	2023-12-04T13:59:53.9743763Z -- Progress (1): 102/110 kB
Legacy Store IT (mssql)	Run base tests	2023-12-04T13:59:53.9744315Z -- Progress (1): 106/110 kB
Legacy Store IT (mssql)	Run base tests	2023-12-04T13:59:53.9745301Z -- Progress (1): 110 kB    
Legacy Store IT (mssql)	Run base tests	2023-12-04T13:59:53.9745886Z --                     
Legacy Store IT (mssql)	Run base tests	2023-12-04T13:59:53.9747683Z -- Downloaded from central: https://repo.maven.apache.org/maven2/org/springframework/boot/spring-boot-dependencies/2.7.14/spring-boot-dependencies-2.7.14.pom (110 kB at 2.3 MB/s)
Legacy Store IT (mssql)	Run base tests	2023-12-04T13:59:53.9750342Z -- Downloading from central: https://repo.maven.apache.org/maven2/com/datastax/oss/java-driver-bom/4.14.1/java-driver-bom-4.14.1.pom
Legacy Store IT (mssql)	Run base tests	2023-12-04T13:59:53.9768424Z -- Progress (1): 4.1/4.1 kB
Legacy Store IT (mssql)	Run base tests	2023-12-04T13:59:53.9900678Z -- Progress (1): 4.1 kB    
Legacy Store IT (mssql)	Run base tests	2023-12-04T13:59:53.9901352Z --                     
Legacy Store IT (mssql)	Run base tests	2023-12-04T13:59:53.9902868Z -- Downloaded from central: https://repo.maven.apache.org/maven2/com/datastax/oss/java-driver-bom/4.14.1/java-driver-bom-4.14.1.pom (4.1 kB at 189 kB/s)
Legacy Store IT (mssql)	Run base tests	2023-12-04T13:59:53.9905429Z -- Downloading from central: https://repo.maven.apache.org/maven2/io/dropwizard/metrics/metrics-bom/4.2.19/metrics-bom-4.2.19.pom
Legacy Store IT (mssql)	Run base tests	2023-12-04T13:59:53.9998912Z -- Progress (1): 4.1/7.5 kB
Legacy Store IT (mssql)	Run base tests	2023-12-04T13:59:54.0098037Z -- Progress (1): 7.5 kB    
Legacy Store IT (mssql)	Run base tests	2023-12-04T13:59:54.0101087Z --                     
Legacy Store IT (mssql)	Run base tests	2023-12-04T13:59:54.0102755Z -- Downloaded from central: https://repo.maven.apache.org/maven2/io/dropwizard/metrics/metrics-bom/4.2.19/metrics-bom-4.2.19.pom (7.5 kB at 377 kB/s)
Legacy Store IT (mssql)	Run base tests	2023-12-04T13:59:54.0118186Z -- Downloading from central: https://repo.maven.apache.org/maven2/io/dropwizard/metrics/metrics-parent/4.2.19/metrics-parent-4.2.19.pom
Legacy Store IT (mssql)	Run base tests	2023-12-04T13:59:54.0228745Z -- Progress (1): 4.1/20 kB
Legacy Store IT (mssql)	Run base tests	2023-12-04T13:59:54.0229411Z -- Progress (1): 8.2/20 kB
Legacy Store IT (mssql)	Run base tests	2023-12-04T13:59:54.0230019Z -- Progress (1): 12/20 kB 
Legacy Store IT (mssql)	Run base tests	2023-12-04T13:59:54.0231097Z -- Progress (1): 16/20 kB
Legacy Store IT (mssql)	Run base tests	2023-12-04T13:59:54.0332194Z -- Progress (1): 20 kB   
Legacy Store IT (mssql)	Run base tests	2023-12-04T13:59:54.0334534Z --                    
Legacy Store IT (mssql)	Run base tests	2023-12-04T13:59:54.0337023Z -- Downloaded from central: https://repo.maven.apache.org/maven2/io/dropwizard/metrics/metrics-parent/4.2.19/metrics-parent-4.2.19.pom (20 kB at 964 kB/s)
Legacy Store IT (mssql)	Run base tests	2023-12-04T13:59:54.0364166Z -- Downloading from central: https://repo.maven.apache.org/maven2/org/codehaus/groovy/groovy-bom/3.0.18/groovy-bom-3.0.18.pom
Legacy Store IT (mssql)	Run base tests	2023-12-04T13:59:54.0486461Z -- Progress (1): 4.1/26 kB
Legacy Store IT (mssql)	Run base tests	2023-12-04T13:59:54.0487170Z -- Progress (1): 8.2/26 kB
Legacy Store IT (mssql)	Run base tests	2023-12-04T13:59:54.0487785Z -- Progress (1): 12/26 kB 
Legacy Store IT (mssql)	Run base tests	2023-12-04T13:59:54.0494558Z -- Progress (1): 16/26 kB
Legacy Store IT (mssql)	Run base tests	2023-12-04T13:59:54.0495732Z -- Progress (1): 20/26 kB
Legacy Store IT (mssql)	Run base tests	2023-12-04T13:59:54.0504659Z -- Progress (1): 25/26 kB
Legacy Store IT (mssql)	Run base tests	2023-12-04T13:59:54.0619128Z -- Progress (1): 26 kB   
Legacy Store IT (mssql)	Run base tests	2023-12-04T13:59:54.0627370Z --                    
Legacy Store IT (mssql)	Run base tests	2023-12-04T13:59:54.0629072Z -- Downloaded from central: https://repo.maven.apache.org/maven2/org/codehaus/groovy/groovy-bom/3.0.18/groovy-bom-3.0.18.pom (26 kB at 979 kB/s)
Legacy Store IT (mssql)	Run base tests	2023-12-04T13:59:54.0658925Z -- Downloading from central: https://repo.maven.apache.org/maven2/org/infinispan/infinispan-bom/13.0.18.Final/infinispan-bom-13.0.18.Final.pom
Legacy Store IT (mssql)	Run base tests	2023-12-04T13:59:54.0781589Z -- Progress (1): 4.1/18 kB
Legacy Store IT (mssql)	Run base tests	2023-12-04T13:59:54.0784854Z -- Progress (1): 8.2/18 kB
Legacy Store IT (mssql)	Run base tests	2023-12-04T13:59:54.0785913Z -- Progress (1): 12/18 kB 
Legacy Store IT (mssql)	Run base tests	2023-12-04T13:59:54.0786986Z -- Progress (1): 16/18 kB
Legacy Store IT (mssql)	Run base tests	2023-12-04T13:59:54.0899015Z -- Progress (1): 18 kB   
Legacy Store IT (mssql)	Run base tests	2023-12-04T13:59:54.0899665Z --                    
Legacy Store IT (mssql)	Run base tests	2023-12-04T13:59:54.0901423Z -- Downloaded from central: https://repo.maven.apache.org/maven2/org/infinispan/infinispan-bom/13.0.18.Final/infinispan-bom-13.0.18.Final.pom (18 kB at 730 kB/s)
Legacy Store IT (mssql)	Run base tests	2023-12-04T13:59:54.0928194Z -- Downloading from central: https://repo.maven.apache.org/maven2/org/infinispan/infinispan-build-configuration-parent/13.0.18.Final/infinispan-build-configuration-parent-13.0.18.Final.pom
Legacy Store IT (mssql)	Run base tests	2023-12-04T13:59:54.1042752Z -- Progress (1): 4.1/16 kB
Legacy Store IT (mssql)	Run base tests	2023-12-04T13:59:54.1048250Z -- Progress (1): 8.2/16 kB
Legacy Store IT (mssql)	Run base tests	2023-12-04T13:59:54.1053710Z -- Progress (1): 12/16 kB 
Legacy Store IT (mssql)	Run base tests	2023-12-04T13:59:54.1158487Z -- Progress (1): 16 kB   
Legacy Store IT (mssql)	Run base tests	2023-12-04T13:59:54.1159755Z --                    
Legacy Store IT (mssql)	Run base tests	2023-12-04T13:59:54.1164436Z -- Downloaded from central: https://repo.maven.apache.org/maven2/org/infinispan/infinispan-build-configuration-parent/13.0.18.Final/infinispan-build-configuration-parent-13.0.18.Final.pom (16 kB at 687 kB/s)
Legacy Store IT (mssql)	Run base tests	2023-12-04T13:59:54.1217051Z -- Downloading from central: https://repo.maven.apache.org/maven2/com/fasterxml/jackson/jackson-bom/2.13.5/jackson-bom-2.13.5.pom
Legacy Store IT (mssql)	Run base tests	2023-12-04T13:59:54.1321023Z -- Progress (1): 4.1/17 kB
Legacy Store IT (mssql)	Run base tests	2023-12-04T13:59:54.1322045Z -- Progress (1): 8.2/17 kB
Legacy Store IT (mssql)	Run base tests	2023-12-04T13:59:54.1325242Z -- Progress (1): 12/17 kB 
Legacy Store IT (mssql)	Run base tests	2023-12-04T13:59:54.1327982Z -- Progress (1): 16/17 kB
Legacy Store IT (mssql)	Run base tests	2023-12-04T13:59:54.1428712Z -- Progress (1): 17 kB   
Legacy Store IT (mssql)	Run base tests	2023-12-04T13:59:54.1433437Z --                    
Legacy Store IT (mssql)	Run base tests	2023-12-04T13:59:54.1435064Z -- Downloaded from central: https://repo.maven.apache.org/maven2/com/fasterxml/jackson/jackson-bom/2.13.5/jackson-bom-2.13.5.pom (17 kB at 827 kB/s)
Legacy Store IT (mssql)	Run base tests	2023-12-04T13:59:54.1490583Z -- Downloading from central: https://repo.maven.apache.org/maven2/org/eclipse/jetty/jetty-bom/9.4.51.v20230217/jetty-bom-9.4.51.v20230217.pom
Legacy Store IT (mssql)	Run base tests	2023-12-04T13:59:54.1597917Z -- Progress (1): 4.1/18 kB
Legacy Store IT (mssql)	Run base tests	2023-12-04T13:59:54.1599133Z -- Progress (1): 8.2/18 kB
Legacy Store IT (mssql)	Run base tests	2023-12-04T13:59:54.1601984Z -- Progress (1): 12/18 kB 
Legacy Store IT (mssql)	Run base tests	2023-12-04T13:59:54.1605872Z -- Progress (1): 16/18 kB
Legacy Store IT (mssql)	Run base tests	2023-12-04T13:59:54.1731880Z -- Progress (1): 18 kB   
Legacy Store IT (mssql)	Run base tests	2023-12-04T13:59:54.1732878Z --                    
Legacy Store IT (mssql)	Run base tests	2023-12-04T13:59:54.1737405Z -- Downloaded from central: https://repo.maven.apache.org/maven2/org/eclipse/jetty/jetty-bom/9.4.51.v20230217/jetty-bom-9.4.51.v20230217.pom (18 kB at 767 kB/s)
Legacy Store IT (mssql)	Run base tests	2023-12-04T13:59:54.1752253Z -- Downloading from central: https://repo.maven.apache.org/maven2/org/jetbrains/kotlin/kotlin-bom/1.6.21/kotlin-bom-1.6.21.pom
Legacy Store IT (mssql)	Run base tests	2023-12-04T13:59:54.1855964Z -- Progress (1): 4.1/9.3 kB
Legacy Store IT (mssql)	Run base tests	2023-12-04T13:59:54.1856774Z -- Progress (1): 8.2/9.3 kB
Legacy Store IT (mssql)	Run base tests	2023-12-04T13:59:54.1958633Z -- Progress (1): 9.3 kB    
Legacy Store IT (mssql)	Run base tests	2023-12-04T13:59:54.1959875Z --                     
Legacy Store IT (mssql)	Run base tests	2023-12-04T13:59:54.1961824Z -- Downloaded from central: https://repo.maven.apache.org/maven2/org/jetbrains/kotlin/kotlin-bom/1.6.21/kotlin-bom-1.6.21.pom (9.3 kB at 445 kB/s)
Legacy Store IT (mssql)	Run base tests	2023-12-04T13:59:54.2027340Z -- Downloading from central: https://repo.maven.apache.org/maven2/org/jetbrains/kotlinx/kotlinx-coroutines-bom/1.6.4/kotlinx-coroutines-bom-1.6.4.pom
Legacy Store IT (mssql)	Run base tests	2023-12-04T13:59:54.2138513Z -- Progress (1): 4.1/4.3 kB
Legacy Store IT (mssql)	Run base tests	2023-12-04T13:59:54.2248923Z -- Progress (1): 4.3 kB    
Legacy Store IT (mssql)	Run base tests	2023-12-04T13:59:54.2251886Z --                     
Legacy Store IT (mssql)	Run base tests	2023-12-04T13:59:54.2255006Z -- Downloaded from central: https://repo.maven.apache.org/maven2/org/jetbrains/kotlinx/kotlinx-coroutines-bom/1.6.4/kotlinx-coroutines-bom-1.6.4.pom (4.3 kB at 187 kB/s)
Legacy Store IT (mssql)	Run base tests	2023-12-04T13:59:54.2285161Z -- Downloading from central: https://repo.maven.apache.org/maven2/org/apache/logging/log4j/log4j-bom/2.17.2/log4j-bom-2.17.2.pom
Legacy Store IT (mssql)	Run base tests	2023-12-04T13:59:54.2418453Z -- Progress (1): 4.1/8.1 kB
Legacy Store IT (mssql)	Run base tests	2023-12-04T13:59:54.2547273Z -- Progress (1): 8.1 kB    
Legacy Store IT (mssql)	Run base tests	2023-12-04T13:59:54.2548403Z --                     
Legacy Store IT (mssql)	Run base tests	2023-12-04T13:59:54.2550337Z -- Downloaded from central: https://repo.maven.apache.org/maven2/org/apache/logging/log4j/log4j-bom/2.17.2/log4j-bom-2.17.2.pom (8.1 kB at 312 kB/s)
Legacy Store IT (mssql)	Run base tests	2023-12-04T13:59:54.2581781Z -- Downloading from central: https://repo.maven.apache.org/maven2/io/micrometer/micrometer-bom/1.9.13/micrometer-bom-1.9.13.pom
Legacy Store IT (mssql)	Run base tests	2023-12-04T13:59:54.2692693Z -- Progress (1): 4.1/7.1 kB
Legacy Store IT (mssql)	Run base tests	2023-12-04T13:59:54.2797595Z -- Progress (1): 7.1 kB    
Legacy Store IT (mssql)	Run base tests	2023-12-04T13:59:54.2805286Z --                     
Legacy Store IT (mssql)	Run base tests	2023-12-04T13:59:54.2807143Z -- Downloaded from central: https://repo.maven.apache.org/maven2/io/micrometer/micrometer-bom/1.9.13/micrometer-bom-1.9.13.pom (7.1 kB at 322 kB/s)
Legacy Store IT (mssql)	Run base tests	2023-12-04T13:59:54.2822007Z -- Downloading from central: https://repo.maven.apache.org/maven2/org/mockito/mockito-bom/4.5.1/mockito-bom-4.5.1.pom
Legacy Store IT (mssql)	Run base tests	2023-12-04T13:59:54.3022212Z -- Progress (1): 3.0 kB
Legacy Store IT (mssql)	Run base tests	2023-12-04T13:59:54.3023596Z --                     
Legacy Store IT (mssql)	Run base tests	2023-12-04T13:59:54.3025750Z -- Downloaded from central: https://repo.maven.apache.org/maven2/org/mockito/mockito-bom/4.5.1/mockito-bom-4.5.1.pom (3.0 kB at 149 kB/s)
Legacy Store IT (mssql)	Run base tests	2023-12-04T13:59:54.3063214Z -- Downloading from central: https://repo.maven.apache.org/maven2/com/squareup/okhttp3/okhttp-bom/4.9.3/okhttp-bom-4.9.3.pom
Legacy Store IT (mssql)	Run base tests	2023-12-04T13:59:54.3269328Z -- Progress (1): 3.0 kB
Legacy Store IT (mssql)	Run base tests	2023-12-04T13:59:54.3270324Z --                     
Legacy Store IT (mssql)	Run base tests	2023-12-04T13:59:54.3272219Z -- Downloaded from central: https://repo.maven.apache.org/maven2/com/squareup/okhttp3/okhttp-bom/4.9.3/okhttp-bom-4.9.3.pom (3.0 kB at 145 kB/s)
Legacy Store IT (mssql)	Run base tests	2023-12-04T13:59:54.3295495Z -- Downloading from central: https://repo.maven.apache.org/maven2/com/oracle/database/jdbc/ojdbc-bom/21.5.0.0/ojdbc-bom-21.5.0.0.pom
Legacy Store IT (mssql)	Run base tests	2023-12-04T13:59:54.3396160Z -- Progress (1): 4.1/13 kB
Legacy Store IT (mssql)	Run base tests	2023-12-04T13:59:54.3399197Z -- Progress (1): 8.2/13 kB
Legacy Store IT (mssql)	Run base tests	2023-12-04T13:59:54.3401833Z -- Progress (1): 12/13 kB 
Legacy Store IT (mssql)	Run base tests	2023-12-04T13:59:54.3503594Z -- Progress (1): 13 kB   
Legacy Store IT (mssql)	Run base tests	2023-12-04T13:59:54.3504420Z --                    
Legacy Store IT (mssql)	Run base tests	2023-12-04T13:59:54.3506203Z -- Downloaded from central: https://repo.maven.apache.org/maven2/com/oracle/database/jdbc/ojdbc-bom/21.5.0.0/ojdbc-bom-21.5.0.0.pom (13 kB at 602 kB/s)
Legacy Store IT (mssql)	Run base tests	2023-12-04T13:59:54.3522575Z -- Downloading from central: https://repo.maven.apache.org/maven2/io/prometheus/simpleclient_bom/0.15.0/simpleclient_bom-0.15.0.pom
Legacy Store IT (mssql)	Run base tests	2023-12-04T13:59:54.3627851Z -- Progress (1): 4.1/5.8 kB
Legacy Store IT (mssql)	Run base tests	2023-12-04T13:59:54.3724619Z -- Progress (1): 5.8 kB    
Legacy Store IT (mssql)	Run base tests	2023-12-04T13:59:54.3725723Z --                     
Legacy Store IT (mssql)	Run base tests	2023-12-04T13:59:54.3727494Z -- Downloaded from central: https://repo.maven.apache.org/maven2/io/prometheus/simpleclient_bom/0.15.0/simpleclient_bom-0.15.0.pom (5.8 kB at 276 kB/s)
Legacy Store IT (mssql)	Run base tests	2023-12-04T13:59:54.3741398Z -- Downloading from central: https://repo.maven.apache.org/maven2/io/prometheus/parent/0.15.0/parent-0.15.0.pom
Legacy Store IT (mssql)	Run base tests	2023-12-04T13:59:54.3840761Z -- Progress (1): 4.1/12 kB
Legacy Store IT (mssql)	Run base tests	2023-12-04T13:59:54.3842719Z -- Progress (1): 8.2/12 kB
Legacy Store IT (mssql)	Run base tests	2023-12-04T13:59:54.3938008Z -- Progress (1): 12 kB    
Legacy Store IT (mssql)	Run base tests	2023-12-04T13:59:54.3939361Z --                    
Legacy Store IT (mssql)	Run base tests	2023-12-04T13:59:54.3940817Z -- Downloaded from central: https://repo.maven.apache.org/maven2/io/prometheus/parent/0.15.0/parent-0.15.0.pom (12 kB at 606 kB/s)
Legacy Store IT (mssql)	Run base tests	2023-12-04T13:59:54.3968169Z -- Downloading from central: https://repo.maven.apache.org/maven2/io/r2dbc/r2dbc-bom/Borca-SR2/r2dbc-bom-Borca-SR2.pom
Legacy Store IT (mssql)	Run base tests	2023-12-04T13:59:54.4161985Z -- Progress (1): 3.8 kB
Legacy Store IT (mssql)	Run base tests	2023-12-04T13:59:54.4163166Z --                     
Legacy Store IT (mssql)	Run base tests	2023-12-04T13:59:54.4164977Z -- Downloaded from central: https://repo.maven.apache.org/maven2/io/r2dbc/r2dbc-bom/Borca-SR2/r2dbc-bom-Borca-SR2.pom (3.8 kB at 202 kB/s)
Legacy Store IT (mssql)	Run base tests	2023-12-04T13:59:54.4184408Z -- Downloading from central: https://repo.maven.apache.org/maven2/io/projectreactor/reactor-bom/2020.0.34/reactor-bom-2020.0.34.pom
Legacy Store IT (mssql)	Run base tests	2023-12-04T13:59:54.4287923Z -- Progress (1): 4.1/4.6 kB
Legacy Store IT (mssql)	Run base tests	2023-12-04T13:59:54.4387607Z -- Progress (1): 4.6 kB    
Legacy Store IT (mssql)	Run base tests	2023-12-04T13:59:54.4388748Z --                     
Legacy Store IT (mssql)	Run base tests	2023-12-04T13:59:54.4390625Z -- Downloaded from central: https://repo.maven.apache.org/maven2/io/projectreactor/reactor-bom/2020.0.34/reactor-bom-2020.0.34.pom (4.6 kB at 230 kB/s)
Legacy Store IT (mssql)	Run base tests	2023-12-04T13:59:54.4407004Z -- Downloading from central: https://repo.maven.apache.org/maven2/io/rest-assured/rest-assured-bom/4.5.1/rest-assured-bom-4.5.1.pom
Legacy Store IT (mssql)	Run base tests	2023-12-04T13:59:54.4504619Z -- Progress (1): 4.1/5.8 kB
Legacy Store IT (mssql)	Run base tests	2023-12-04T13:59:54.4600985Z -- Progress (1): 5.8 kB    
Legacy Store IT (mssql)	Run base tests	2023-12-04T13:59:54.4601943Z --                     
Legacy Store IT (mssql)	Run base tests	2023-12-04T13:59:54.4603603Z -- Downloaded from central: https://repo.maven.apache.org/maven2/io/rest-assured/rest-assured-bom/4.5.1/rest-assured-bom-4.5.1.pom (5.8 kB at 306 kB/s)
Legacy Store IT (mssql)	Run base tests	2023-12-04T13:59:54.4620435Z -- Downloading from central: https://repo.maven.apache.org/maven2/io/rsocket/rsocket-bom/1.1.3/rsocket-bom-1.1.3.pom
Legacy Store IT (mssql)	Run base tests	2023-12-04T13:59:54.4815652Z -- Progress (1): 2.6 kB
Legacy Store IT (mssql)	Run base tests	2023-12-04T13:59:54.4816318Z --                     
Legacy Store IT (mssql)	Run base tests	2023-12-04T13:59:54.4817781Z -- Downloaded from central: https://repo.maven.apache.org/maven2/io/rsocket/rsocket-bom/1.1.3/rsocket-bom-1.1.3.pom (2.6 kB at 132 kB/s)
Legacy Store IT (mssql)	Run base tests	2023-12-04T13:59:54.4832912Z -- Downloading from central: https://repo.maven.apache.org/maven2/org/springframework/data/spring-data-bom/2021.2.14/spring-data-bom-2021.2.14.pom
Legacy Store IT (mssql)	Run base tests	2023-12-04T13:59:54.4934237Z -- Progress (1): 4.1/5.7 kB
Legacy Store IT (mssql)	Run base tests	2023-12-04T13:59:54.5036324Z -- Progress (1): 5.7 kB    
Legacy Store IT (mssql)	Run base tests	2023-12-04T13:59:54.5037478Z --                     
Legacy Store IT (mssql)	Run base tests	2023-12-04T13:59:54.5040076Z -- Downloaded from central: https://repo.maven.apache.org/maven2/org/springframework/data/spring-data-bom/2021.2.14/spring-data-bom-2021.2.14.pom (5.7 kB at 271 kB/s)
Legacy Store IT (mssql)	Run base tests	2023-12-04T13:59:54.5054278Z -- Downloading from central: https://repo.maven.apache.org/maven2/org/springframework/spring-framework-bom/5.3.29/spring-framework-bom-5.3.29.pom
Legacy Store IT (mssql)	Run base tests	2023-12-04T13:59:54.5149838Z -- Progress (1): 4.1/5.7 kB
Legacy Store IT (mssql)	Run base tests	2023-12-04T13:59:54.5246061Z -- Progress (1): 5.7 kB    
Legacy Store IT (mssql)	Run base tests	2023-12-04T13:59:54.5246813Z --                     
Legacy Store IT (mssql)	Run base tests	2023-12-04T13:59:54.5248218Z -- Downloaded from central: https://repo.maven.apache.org/maven2/org/springframework/spring-framework-bom/5.3.29/spring-framework-bom-5.3.29.pom (5.7 kB at 298 kB/s)
Legacy Store IT (mssql)	Run base tests	2023-12-04T13:59:54.5269074Z -- Downloading from central: https://repo.maven.apache.org/maven2/org/springframework/integration/spring-integration-bom/5.5.18/spring-integration-bom-5.5.18.pom
Legacy Store IT (mssql)	Run base tests	2023-12-04T13:59:54.5369766Z -- Progress (1): 4.1/9.2 kB
Legacy Store IT (mssql)	Run base tests	2023-12-04T13:59:54.5373889Z -- Progress (1): 8.2/9.2 kB
Legacy Store IT (mssql)	Run base tests	2023-12-04T13:59:54.5474730Z -- Progress (1): 9.2 kB    
Legacy Store IT (mssql)	Run base tests	2023-12-04T13:59:54.5475314Z --                     
Legacy Store IT (mssql)	Run base tests	2023-12-04T13:59:54.5477219Z -- Downloaded from central: https://repo.maven.apache.org/maven2/org/springframework/integration/spring-integration-bom/5.5.18/spring-integration-bom-5.5.18.pom (9.2 kB at 437 kB/s)
Legacy Store IT (mssql)	Run base tests	2023-12-04T13:59:54.5494517Z -- Downloading from central: https://repo.maven.apache.org/maven2/org/springframework/security/spring-security-bom/5.7.10/spring-security-bom-5.7.10.pom
Legacy Store IT (mssql)	Run base tests	2023-12-04T13:59:54.5595141Z -- Progress (1): 4.1/5.7 kB
Legacy Store IT (mssql)	Run base tests	2023-12-04T13:59:54.5697065Z -- Progress (1): 5.7 kB    
Legacy Store IT (mssql)	Run base tests	2023-12-04T13:59:54.5703297Z --                     
Legacy Store IT (mssql)	Run base tests	2023-12-04T13:59:54.5705570Z -- Downloaded from central: https://repo.maven.apache.org/maven2/org/springframework/security/spring-security-bom/5.7.10/spring-security-bom-5.7.10.pom (5.7 kB at 286 kB/s)
Legacy Store IT (mssql)	Run base tests	2023-12-04T13:59:54.5718474Z -- Downloading from central: https://repo.maven.apache.org/maven2/org/springframework/session/spring-session-bom/2021.2.2/spring-session-bom-2021.2.2.pom
Legacy Store IT (mssql)	Run base tests	2023-12-04T13:59:54.5957851Z -- Progress (1): 3.1 kB
Legacy Store IT (mssql)	Run base tests	2023-12-04T13:59:54.5958981Z --                     
Legacy Store IT (mssql)	Run base tests	2023-12-04T13:59:54.5966891Z -- Downloaded from central: https://repo.maven.apache.org/maven2/org/springframework/session/spring-session-bom/2021.2.2/spring-session-bom-2021.2.2.pom (3.1 kB at 129 kB/s)
Legacy Store IT (mssql)	Run base tests	2023-12-04T13:59:54.6831135Z -- [WARNING] 
Legacy Store IT (mssql)	Run base tests	2023-12-04T13:59:54.6840186Z -- [WARNING] Some problems were encountered while building the effective model for org.keycloak.testsuite:integration-arquillian-util:jar:999.0.0-SNAPSHOT
Legacy Store IT (mssql)	Run base tests	2023-12-04T13:59:54.6843608Z -- [WARNING] 'dependencies.dependency.scope' for org.jboss.arquillian:arquillian-bom:pom must be one of [provided, compile, runtime, test, system] but is 'import'. @ line 81, column 20
Legacy Store IT (mssql)	Run base tests	2023-12-04T13:59:54.6845718Z -- [WARNING] 
Legacy Store IT (mssql)	Run base tests	2023-12-04T13:59:54.6847186Z -- [WARNING] It is highly recommended to fix these problems because they threaten the stability of your build.
Legacy Store IT (mssql)	Run base tests	2023-12-04T13:59:54.6848682Z -- [WARNING] 
Legacy Store IT (mssql)	Run base tests	2023-12-04T13:59:54.6850022Z -- [WARNING] For this reason, future Maven versions might no longer support building such malformed projects.
Legacy Store IT (mssql)	Run base tests	2023-12-04T13:59:54.6851478Z -- [WARNING] 
Legacy Store IT (mssql)	Run base tests	2023-12-04T13:59:54.7056193Z -- [INFO] 
Legacy Store IT (mssql)	Run base tests	2023-12-04T13:59:54.7057607Z -- [INFO] ------< org.keycloak.testsuite:integration-arquillian-tests-base >------
Legacy Store IT (mssql)	Run base tests	2023-12-04T13:59:54.7059017Z -- [INFO] Building Base TestSuite 999.0.0-SNAPSHOT
Legacy Store IT (mssql)	Run base tests	2023-12-04T13:59:54.7060280Z -- [INFO] --------------------------------[ jar ]---------------------------------
Legacy Store IT (mssql)	Run base tests	2023-12-04T13:59:54.7194107Z -- Downloading from jboss-public-repository: https://repository.jboss.org/nexus/content/groups/public/org/jboss/shrinkwrap/resolver/shrinkwrap-resolver-parent/3.1.4/shrinkwrap-resolver-parent-3.1.4.pom
Legacy Store IT (mssql)	Run base tests	2023-12-04T13:59:55.3073975Z -- Downloaded from jboss-public-repository: https://repository.jboss.org/nexus/content/groups/public/org/jboss/shrinkwrap/resolver/shrinkwrap-resolver-parent/3.1.4/shrinkwrap-resolver-parent-3.1.4.pom (0 B at 0 B/s)
Legacy Store IT (mssql)	Run base tests	2023-12-04T13:59:55.8938851Z -- Downloading from central: https://repo.maven.apache.org/maven2/org/jboss/jboss-parent/34/jboss-parent-34.pom
Legacy Store IT (mssql)	Run base tests	2023-12-04T13:59:55.9029879Z -- Downloaded from central: https://repo.maven.apache.org/maven2/org/jboss/jboss-parent/34/jboss-parent-34.pom (0 B at 0 B/s)
Legacy Store IT (mssql)	Run base tests	2023-12-04T13:59:56.0004843Z -- Downloading from central: https://repo.maven.apache.org/maven2/org/infinispan/infinispan-api/14.0.19.Final/infinispan-api-14.0.19.Final.pom
Legacy Store IT (mssql)	Run base tests	2023-12-04T13:59:56.0227978Z -- Progress (1): 1.7 kB
Legacy Store IT (mssql)	Run base tests	2023-12-04T13:59:56.0228664Z --                     
Legacy Store IT (mssql)	Run base tests	2023-12-04T13:59:56.0230530Z -- Downloaded from central: https://repo.maven.apache.org/maven2/org/infinispan/infinispan-api/14.0.19.Final/infinispan-api-14.0.19.Final.pom (1.7 kB at 76 kB/s)
Legacy Store IT (mssql)	Run base tests	2023-12-04T13:59:56.1273368Z -- Downloading from central: https://repo.maven.apache.org/maven2/org/jboss/jboss-parent/37/jboss-parent-37.pom
Legacy Store IT (mssql)	Run base tests	2023-12-04T13:59:56.1371210Z -- Downloaded from central: https://repo.maven.apache.org/maven2/org/jboss/jboss-parent/37/jboss-parent-37.pom (0 B at 0 B/s)
Legacy Store IT (mssql)	Run base tests	2023-12-04T13:59:56.2009062Z -- Downloading from central: https://repo.maven.apache.org/maven2/org/jboss/arquillian/arquillian-build/1.7.1.Final/arquillian-build-1.7.1.Final.pom
Legacy Store IT (mssql)	Run base tests	2023-12-04T13:59:56.2109130Z -- Downloaded from central: https://repo.maven.apache.org/maven2/org/jboss/arquillian/arquillian-build/1.7.1.Final/arquillian-build-1.7.1.Final.pom (0 B at 0 B/s)
Legacy Store IT (mssql)	Run base tests	2023-12-04T13:59:56.2132654Z -- Downloading from central: https://repo.maven.apache.org/maven2/org/jboss/arquillian/arquillian-parent/1.7.1.Final/arquillian-parent-1.7.1.Final.pom
Legacy Store IT (mssql)	Run base tests	2023-12-04T13:59:56.2231166Z -- Downloaded from central: https://repo.maven.apache.org/maven2/org/jboss/arquillian/arquillian-parent/1.7.1.Final/arquillian-parent-1.7.1.Final.pom (0 B at 0 B/s)
Legacy Store IT (mssql)	Run base tests	2023-12-04T13:59:56.2267710Z -- Downloading from central: https://repo.maven.apache.org/maven2/org/jboss/arquillian/container/arquillian-container-spi/1.7.1.Final/arquillian-container-spi-1.7.1.Final.pom
Legacy Store IT (mssql)	Run base tests	2023-12-04T13:59:56.2394345Z -- Downloaded from central: https://repo.maven.apache.org/maven2/org/jboss/arquillian/container/arquillian-container-spi/1.7.1.Final/arquillian-container-spi-1.7.1.Final.pom (0 B at 0 B/s)
Legacy Store IT (mssql)	Run base tests	2023-12-04T13:59:56.2439117Z -- Downloading from central: https://repo.maven.apache.org/maven2/org/jboss/arquillian/core/arquillian-core-spi/1.7.1.Final/arquillian-core-spi-1.7.1.Final.pom
Legacy Store IT (mssql)	Run base tests	2023-12-04T13:59:56.2531905Z -- Downloaded from central: https://repo.maven.apache.org/maven2/org/jboss/arquillian/core/arquillian-core-spi/1.7.1.Final/arquillian-core-spi-1.7.1.Final.pom (0 B at 0 B/s)
Legacy Store IT (mssql)	Run base tests	2023-12-04T13:59:56.2560415Z -- Downloading from central: https://repo.maven.apache.org/maven2/org/jboss/arquillian/core/arquillian-core-api/1.7.1.Final/arquillian-core-api-1.7.1.Final.pom
Legacy Store IT (mssql)	Run base tests	2023-12-04T13:59:56.2662211Z -- Downloaded from central: https://repo.maven.apache.org/maven2/org/jboss/arquillian/core/arquillian-core-api/1.7.1.Final/arquillian-core-api-1.7.1.Final.pom (0 B at 0 B/s)
Legacy Store IT (mssql)	Run base tests	2023-12-04T13:59:56.2698370Z -- Downloading from central: https://repo.maven.apache.org/maven2/org/jboss/arquillian/config/arquillian-config-api/1.7.1.Final/arquillian-config-api-1.7.1.Final.pom
Legacy Store IT (mssql)	Run base tests	2023-12-04T13:59:56.2801099Z -- Downloaded from central: https://repo.maven.apache.org/maven2/org/jboss/arquillian/config/arquillian-config-api/1.7.1.Final/arquillian-config-api-1.7.1.Final.pom (0 B at 0 B/s)
Legacy Store IT (mssql)	Run base tests	2023-12-04T13:59:56.2830987Z -- Downloading from central: https://repo.maven.apache.org/maven2/org/jboss/shrinkwrap/descriptors/shrinkwrap-descriptors-api-base/2.0.0/shrinkwrap-descriptors-api-base-2.0.0.pom
Legacy Store IT (mssql)	Run base tests	2023-12-04T13:59:56.2928757Z -- Downloaded from central: https://repo.maven.apache.org/maven2/org/jboss/shrinkwrap/descriptors/shrinkwrap-descriptors-api-base/2.0.0/shrinkwrap-descriptors-api-base-2.0.0.pom (0 B at 0 B/s)
Legacy Store IT (mssql)	Run base tests	2023-12-04T13:59:56.2951151Z -- Downloading from central: https://repo.maven.apache.org/maven2/org/jboss/shrinkwrap/descriptors/shrinkwrap-descriptors-parent/2.0.0/shrinkwrap-descriptors-parent-2.0.0.pom
Legacy Store IT (mssql)	Run base tests	2023-12-04T13:59:56.3049037Z -- Downloaded from central: https://repo.maven.apache.org/maven2/org/jboss/shrinkwrap/descriptors/shrinkwrap-descriptors-parent/2.0.0/shrinkwrap-descriptors-parent-2.0.0.pom (0 B at 0 B/s)
Legacy Store IT (mssql)	Run base tests	2023-12-04T13:59:56.3088312Z -- Downloading from central: https://repo.maven.apache.org/maven2/org/jboss/jboss-parent/16/jboss-parent-16.pom
Legacy Store IT (mssql)	Run base tests	2023-12-04T13:59:56.3191834Z -- Downloaded from central: https://repo.maven.apache.org/maven2/org/jboss/jboss-parent/16/jboss-parent-16.pom (0 B at 0 B/s)
Legacy Store IT (mssql)	Run base tests	2023-12-04T13:59:56.3216453Z -- Downloading from central: https://repo.maven.apache.org/maven2/org/jboss/arquillian/config/arquillian-config-impl-base/1.7.1.Final/arquillian-config-impl-base-1.7.1.Final.pom
Legacy Store IT (mssql)	Run base tests	2023-12-04T13:59:56.3320029Z -- Downloaded from central: https://repo.maven.apache.org/maven2/org/jboss/arquillian/config/arquillian-config-impl-base/1.7.1.Final/arquillian-config-impl-base-1.7.1.Final.pom (0 B at 0 B/s)
Legacy Store IT (mssql)	Run base tests	2023-12-04T13:59:56.3387277Z -- Downloading from central: https://repo.maven.apache.org/maven2/org/jboss/arquillian/config/arquillian-config-spi/1.7.1.Final/arquillian-config-spi-1.7.1.Final.pom
Legacy Store IT (mssql)	Run base tests	2023-12-04T13:59:56.3489876Z -- Downloaded from central: https://repo.maven.apache.org/maven2/org/jboss/arquillian/config/arquillian-config-spi/1.7.1.Final/arquillian-config-spi-1.7.1.Final.pom (0 B at 0 B/s)
Legacy Store IT (mssql)	Run base tests	2023-12-04T13:59:56.3518767Z -- Downloading from central: https://repo.maven.apache.org/maven2/org/jboss/shrinkwrap/descriptors/shrinkwrap-descriptors-spi/2.0.0/shrinkwrap-descriptors-spi-2.0.0.pom
Legacy Store IT (mssql)	Run base tests	2023-12-04T13:59:56.3615356Z -- Downloaded from central: https://repo.maven.apache.org/maven2/org/jboss/shrinkwrap/descriptors/shrinkwrap-descriptors-spi/2.0.0/shrinkwrap-descriptors-spi-2.0.0.pom (0 B at 0 B/s)
Legacy Store IT (mssql)	Run base tests	2023-12-04T13:59:56.3671081Z -- Downloading from central: https://repo.maven.apache.org/maven2/org/jboss/arquillian/container/arquillian-container-test-api/1.7.1.Final/arquillian-container-test-api-1.7.1.Final.pom
Legacy Store IT (mssql)	Run base tests	2023-12-04T13:59:56.3774601Z -- Downloaded from central: https://repo.maven.apache.org/maven2/org/jboss/arquillian/container/arquillian-container-test-api/1.7.1.Final/arquillian-container-test-api-1.7.1.Final.pom (0 B at 0 B/s)
Legacy Store IT (mssql)	Run base tests	2023-12-04T13:59:56.3805589Z -- Downloading from central: https://repo.maven.apache.org/maven2/org/jboss/arquillian/container/arquillian-container-test-spi/1.7.1.Final/arquillian-container-test-spi-1.7.1.Final.pom
Legacy Store IT (mssql)	Run base tests	2023-12-04T13:59:56.3908485Z -- Downloaded from central: https://repo.maven.apache.org/maven2/org/jboss/arquillian/container/arquillian-container-test-spi/1.7.1.Final/arquillian-container-test-spi-1.7.1.Final.pom (0 B at 0 B/s)
Legacy Store IT (mssql)	Run base tests	2023-12-04T13:59:56.3938017Z -- Downloading from central: https://repo.maven.apache.org/maven2/org/jboss/arquillian/test/arquillian-test-spi/1.7.1.Final/arquillian-test-spi-1.7.1.Final.pom
Legacy Store IT (mssql)	Run base tests	2023-12-04T13:59:56.4039036Z -- Downloaded from central: https://repo.maven.apache.org/maven2/org/jboss/arquillian/test/arquillian-test-spi/1.7.1.Final/arquillian-test-spi-1.7.1.Final.pom (0 B at 0 B/s)
Legacy Store IT (mssql)	Run base tests	2023-12-04T13:59:56.4080982Z -- Downloading from central: https://repo.maven.apache.org/maven2/org/jboss/arquillian/test/arquillian-test-api/1.7.1.Final/arquillian-test-api-1.7.1.Final.pom
Legacy Store IT (mssql)	Run base tests	2023-12-04T13:59:56.4180518Z -- Downloaded from central: https://repo.maven.apache.org/maven2/org/jboss/arquillian/test/arquillian-test-api/1.7.1.Final/arquillian-test-api-1.7.1.Final.pom (0 B at 0 B/s)
Legacy Store IT (mssql)	Run base tests	2023-12-04T13:59:56.4207254Z -- Downloading from central: https://repo.maven.apache.org/maven2/org/jboss/arquillian/container/arquillian-container-test-impl-base/1.7.1.Final/arquillian-container-test-impl-base-1.7.1.Final.pom
Legacy Store IT (mssql)	Run base tests	2023-12-04T13:59:56.4302911Z -- Downloaded from central: https://repo.maven.apache.org/maven2/org/jboss/arquillian/container/arquillian-container-test-impl-base/1.7.1.Final/arquillian-container-test-impl-base-1.7.1.Final.pom (0 B at 0 B/s)
Legacy Store IT (mssql)	Run base tests	2023-12-04T13:59:56.5982027Z -- Downloading from sonatype-snapshots: https://s01.oss.sonatype.org/content/repositories/snapshots/junit/junit-dep/maven-metadata.xml
Legacy Store IT (mssql)	Run base tests	2023-12-04T13:59:56.5988221Z -- Downloading from central: https://repo.maven.apache.org/maven2/junit/junit-dep/maven-metadata.xml
Legacy Store IT (mssql)	Run base tests	2023-12-04T13:59:56.6193766Z -- Progress (1): 563 B
Legacy Store IT (mssql)	Run base tests	2023-12-04T13:59:56.6194699Z --                    
Legacy Store IT (mssql)	Run base tests	2023-12-04T13:59:56.6196121Z -- Downloaded from central: https://repo.maven.apache.org/maven2/junit/junit-dep/maven-metadata.xml (563 B at 27 kB/s)
Legacy Store IT (mssql)	Run base tests	2023-12-04T13:59:57.1129047Z -- Downloading from central: https://repo.maven.apache.org/maven2/org/jboss/jboss-parent/24.0.0.redhat-1/jboss-parent-24.0.0.redhat-1.pom
Legacy Store IT (mssql)	Run base tests	2023-12-04T13:59:57.1787585Z -- Downloading from jboss-public-repository: https://repository.jboss.org/nexus/content/groups/public/org/jboss/jboss-parent/24.0.0.redhat-1/jboss-parent-24.0.0.redhat-1.pom
Legacy Store IT (mssql)	Run base tests	2023-12-04T13:59:57.3810206Z -- Downloading from jboss-enterprise-maven-repository: https://maven.repository.redhat.com/ga/org/jboss/jboss-parent/24.0.0.redhat-1/jboss-parent-24.0.0.redhat-1.pom
Legacy Store IT (mssql)	Run base tests	2023-12-04T13:59:57.5730456Z -- Downloaded from jboss-enterprise-maven-repository: https://maven.repository.redhat.com/ga/org/jboss/jboss-parent/24.0.0.redhat-1/jboss-parent-24.0.0.redhat-1.pom (0 B at 0 B/s)
Legacy Store IT (mssql)	Run base tests	2023-12-04T13:59:57.6487406Z -- Downloading from central: https://repo.maven.apache.org/maven2/org/jboss/shrinkwrap/shrinkwrap-bom/1.2.3/shrinkwrap-bom-1.2.3.pom
Legacy Store IT (mssql)	Run base tests	2023-12-04T13:59:57.6576764Z -- Downloaded from central: https://repo.maven.apache.org/maven2/org/jboss/shrinkwrap/shrinkwrap-bom/1.2.3/shrinkwrap-bom-1.2.3.pom (0 B at 0 B/s)
Legacy Store IT (mssql)	Run base tests	2023-12-04T13:59:57.9876520Z -- Downloading from central: https://repo.maven.apache.org/maven2/org/infinispan/infinispan-api/14.0.19.Final/infinispan-api-14.0.19.Final.jar
Legacy Store IT (mssql)	Run base tests	2023-12-04T13:59:58.0003981Z -- Progress (1): 4.1/110 kB
Legacy Store IT (mssql)	Run base tests	2023-12-04T13:59:58.0005265Z -- Progress (1): 8.2/110 kB
Legacy Store IT (mssql)	Run base tests	2023-12-04T13:59:58.0006286Z -- Progress (1): 12/110 kB 
Legacy Store IT (mssql)	Run base tests	2023-12-04T13:59:58.0025647Z -- Progress (1): 16/110 kB
Legacy Store IT (mssql)	Run base tests	2023-12-04T13:59:58.0026588Z -- Progress (1): 20/110 kB
Legacy Store IT (mssql)	Run base tests	2023-12-04T13:59:58.0027423Z -- Progress (1): 25/110 kB
Legacy Store IT (mssql)	Run base tests	2023-12-04T13:59:58.0028107Z -- Progress (1): 29/110 kB
Legacy Store IT (mssql)	Run base tests	2023-12-04T13:59:58.0028885Z -- Progress (1): 33/110 kB
Legacy Store IT (mssql)	Run base tests	2023-12-04T13:59:58.0029663Z -- Progress (1): 37/110 kB
Legacy Store IT (mssql)	Run base tests	2023-12-04T13:59:58.0030497Z -- Progress (1): 41/110 kB
Legacy Store IT (mssql)	Run base tests	2023-12-04T13:59:58.0031263Z -- Progress (1): 45/110 kB
Legacy Store IT (mssql)	Run base tests	2023-12-04T13:59:58.0032038Z -- Progress (1): 49/110 kB
Legacy Store IT (mssql)	Run base tests	2023-12-04T13:59:58.0032791Z -- Progress (1): 53/110 kB
Legacy Store IT (mssql)	Run base tests	2023-12-04T13:59:58.0033558Z -- Progress (1): 57/110 kB
Legacy Store IT (mssql)	Run base tests	2023-12-04T13:59:58.0034225Z -- Progress (1): 61/110 kB
Legacy Store IT (mssql)	Run base tests	2023-12-04T13:59:58.0034967Z -- Progress (1): 66/110 kB
Legacy Store IT (mssql)	Run base tests	2023-12-04T13:59:58.0035734Z -- Progress (1): 70/110 kB
Legacy Store IT (mssql)	Run base tests	2023-12-04T13:59:58.0036493Z -- Progress (1): 74/110 kB
Legacy Store IT (mssql)	Run base tests	2023-12-04T13:59:58.0037273Z -- Progress (1): 78/110 kB
Legacy Store IT (mssql)	Run base tests	2023-12-04T13:59:58.0038008Z -- Progress (1): 82/110 kB
Legacy Store IT (mssql)	Run base tests	2023-12-04T13:59:58.0038705Z -- Progress (1): 86/110 kB
Legacy Store IT (mssql)	Run base tests	2023-12-04T13:59:58.0039374Z -- Progress (1): 90/110 kB
Legacy Store IT (mssql)	Run base tests	2023-12-04T13:59:58.0040033Z -- Progress (1): 94/110 kB
Legacy Store IT (mssql)	Run base tests	2023-12-04T13:59:58.0040740Z -- Progress (1): 98/110 kB
Legacy Store IT (mssql)	Run base tests	2023-12-04T13:59:58.0041449Z -- Progress (1): 102/110 kB
Legacy Store IT (mssql)	Run base tests	2023-12-04T13:59:58.0042236Z -- Progress (1): 106/110 kB
Legacy Store IT (mssql)	Run base tests	2023-12-04T13:59:58.0145608Z -- Progress (1): 110 kB    
Legacy Store IT (mssql)	Run base tests	2023-12-04T13:59:58.0146358Z --                     
Legacy Store IT (mssql)	Run base tests	2023-12-04T13:59:58.0148170Z -- Downloaded from central: https://repo.maven.apache.org/maven2/org/infinispan/infinispan-api/14.0.19.Final/infinispan-api-14.0.19.Final.jar (110 kB at 4.1 MB/s)
Legacy Store IT (mssql)	Run base tests	2023-12-04T13:59:58.0256869Z -- [INFO] 
Legacy Store IT (mssql)	Run base tests	2023-12-04T13:59:58.0258174Z -- [INFO] --- maven-enforcer-plugin:3.0.0-M3:enforce (enforce-java-version) @ integration-arquillian-tests-base ---
Legacy Store IT (mssql)	Run base tests	2023-12-04T13:59:58.1105745Z -- [INFO] 
Legacy Store IT (mssql)	Run base tests	2023-12-04T13:59:58.1107395Z -- [INFO] --- maven-enforcer-plugin:3.0.0-M3:enforce (enforce-maven-version) @ integration-arquillian-tests-base ---
Legacy Store IT (mssql)	Run base tests	2023-12-04T13:59:58.1121254Z -- [INFO] 
Legacy Store IT (mssql)	Run base tests	2023-12-04T13:59:58.1122756Z -- [INFO] --- maven-enforcer-plugin:3.0.0-M3:enforce (enforce-maven) @ integration-arquillian-tests-base ---
Legacy Store IT (mssql)	Run base tests	2023-12-04T13:59:58.1128587Z -- [INFO] 
Legacy Store IT (mssql)	Run base tests	2023-12-04T13:59:58.1130205Z -- [INFO] --- buildnumber-maven-plugin:1.4:create (get-scm-revision) @ integration-arquillian-tests-base ---
Legacy Store IT (mssql)	Run base tests	2023-12-04T13:59:58.2530719Z -- [INFO] Executing: /bin/sh -c cd '/home/runner/work/keycloak/keycloak/testsuite/integration-arquillian/tests/base' && 'git' 'rev-parse' '--verify' 'HEAD'
Legacy Store IT (mssql)	Run base tests	2023-12-04T13:59:58.2533577Z -- [INFO] Working directory: /home/runner/work/keycloak/keycloak/testsuite/integration-arquillian/tests/base
Legacy Store IT (mssql)	Run base tests	2023-12-04T13:59:58.2631447Z -- [INFO] Storing buildNumber: 557fa50e4a06d07fa81d68d1965f037fa773bbe5 at timestamp: 1701698398239
Legacy Store IT (mssql)	Run base tests	2023-12-04T13:59:58.2699799Z -- [WARNING] Cannot get the branch information from the git repository: 
Legacy Store IT (mssql)	Run base tests	2023-12-04T13:59:58.2713182Z -- Detecting the current branch failed: fatal: ref HEAD is not a symbolic ref
Legacy Store IT (mssql)	Run base tests	2023-12-04T13:59:58.2714418Z -- 
Legacy Store IT (mssql)	Run base tests	2023-12-04T13:59:58.2716360Z -- [INFO] Executing: /bin/sh -c cd '/home/runner/work/keycloak/keycloak/testsuite/integration-arquillian/tests/base' && 'git' 'rev-parse' '--verify' 'HEAD'
Legacy Store IT (mssql)	Run base tests	2023-12-04T13:59:58.2718865Z -- [INFO] Working directory: /home/runner/work/keycloak/keycloak/testsuite/integration-arquillian/tests/base
Legacy Store IT (mssql)	Run base tests	2023-12-04T13:59:58.2776667Z -- [INFO] Storing buildScmBranch: UNKNOWN
Legacy Store IT (mssql)	Run base tests	2023-12-04T13:59:58.2777782Z -- [INFO] 
Legacy Store IT (mssql)	Run base tests	2023-12-04T13:59:58.2779217Z -- [INFO] --- directory-maven-plugin:0.3.1:directory-of (keycloak-parent-basedir) @ integration-arquillian-tests-base ---
Legacy Store IT (mssql)	Run base tests	2023-12-04T13:59:58.3136829Z -- [INFO] Directory of org.keycloak:keycloak-parent set to: /home/runner/work/keycloak/keycloak
Legacy Store IT (mssql)	Run base tests	2023-12-04T13:59:58.3138445Z -- [INFO] 
Legacy Store IT (mssql)	Run base tests	2023-12-04T13:59:58.3140110Z -- [INFO] --- maven-resources-plugin:3.0.1:copy-resources (copy-truststore) @ integration-arquillian-tests-base ---
Legacy Store IT (mssql)	Run base tests	2023-12-04T13:59:58.3623135Z -- [INFO] Using 'UTF-8' encoding to copy filtered resources.
Legacy Store IT (mssql)	Run base tests	2023-12-04T13:59:58.3823906Z -- [INFO] Copying 3 resources
Legacy Store IT (mssql)	Run base tests	2023-12-04T13:59:58.6422895Z -- [INFO] 
Legacy Store IT (mssql)	Run base tests	2023-12-04T13:59:58.6424746Z -- [INFO] --- maven-resources-plugin:3.0.1:copy-resources (copy-common-dependencies) @ integration-arquillian-tests-base ---
Legacy Store IT (mssql)	Run base tests	2023-12-04T13:59:58.6456109Z -- [INFO] Using 'UTF-8' encoding to copy filtered resources.
Legacy Store IT (mssql)	Run base tests	2023-12-04T13:59:58.6559007Z -- [INFO] Copying 12 resources
Legacy Store IT (mssql)	Run base tests	2023-12-04T13:59:58.6609208Z -- [INFO] 
Legacy Store IT (mssql)	Run base tests	2023-12-04T13:59:58.6613594Z -- [INFO] --- maven-resources-plugin:3.0.1:resources (default-resources) @ integration-arquillian-tests-base ---
Legacy Store IT (mssql)	Run base tests	2023-12-04T13:59:58.6637422Z -- [INFO] Using 'UTF-8' encoding to copy filtered resources.
Legacy Store IT (mssql)	Run base tests	2023-12-04T13:59:58.6645811Z -- [INFO] Copying 2 resources
Legacy Store IT (mssql)	Run base tests	2023-12-04T13:59:58.6668192Z -- [INFO] 
Legacy Store IT (mssql)	Run base tests	2023-12-04T13:59:58.6673155Z -- [INFO] --- maven-resources-plugin:3.0.1:copy-resources (copy-admin-user-json-file) @ integration-arquillian-tests-base ---
Legacy Store IT (mssql)	Run base tests	2023-12-04T13:59:58.6691083Z -- [INFO] Using 'UTF-8' encoding to copy filtered resources.
Legacy Store IT (mssql)	Run base tests	2023-12-04T13:59:58.6783852Z -- [INFO] Copying 1 resource
Legacy Store IT (mssql)	Run base tests	2023-12-04T13:59:58.6840072Z -- [INFO] 
Legacy Store IT (mssql)	Run base tests	2023-12-04T13:59:58.6841906Z -- [INFO] --- xml-maven-plugin:1.0.1:transform (arquillian-default-protocol) @ integration-arquillian-tests-base ---
Legacy Store IT (mssql)	Run base tests	2023-12-04T14:00:00.2637402Z -- [INFO] Transforming file: /home/runner/work/keycloak/keycloak/testsuite/integration-arquillian/tests/base/src/test/resources/arquillian.xml
Legacy Store IT (mssql)	Run base tests	2023-12-04T14:00:00.3804827Z -- [INFO] Transformed 1 file(s).
Legacy Store IT (mssql)	Run base tests	2023-12-04T14:00:00.3805634Z -- [INFO] 
Legacy Store IT (mssql)	Run base tests	2023-12-04T14:00:00.3807375Z -- [INFO] --- maven-compiler-plugin:3.8.1:compile (default-compile) @ integration-arquillian-tests-base ---
Legacy Store IT (mssql)	Run base tests	2023-12-04T14:00:00.5748365Z -- [INFO] Changes detected - recompiling the module!
Legacy Store IT (mssql)	Run base tests	2023-12-04T14:00:00.5783048Z -- [INFO] Compiling 381 source files to /home/runner/work/keycloak/keycloak/testsuite/integration-arquillian/tests/base/target/classes
Legacy Store IT (mssql)	Run base tests	2023-12-04T14:00:05.4941012Z -- [WARNING] /home/runner/work/keycloak/keycloak/testsuite/integration-arquillian/tests/base/src/main/java/org/keycloak/testsuite/util/DroneUtils.java:[81,27] isAccessible() in java.lang.reflect.AccessibleObject has been deprecated
Legacy Store IT (mssql)	Run base tests	2023-12-04T14:00:05.4945831Z -- [WARNING] /home/runner/work/keycloak/keycloak/testsuite/integration-arquillian/tests/base/src/main/java/org/keycloak/testsuite/util/DroneUtils.java:[92,27] isAccessible() in java.lang.reflect.AccessibleObject has been deprecated
Legacy Store IT (mssql)	Run base tests	2023-12-04T14:00:05.4951204Z -- [WARNING] /home/runner/work/keycloak/keycloak/testsuite/integration-arquillian/tests/base/src/main/java/org/keycloak/testsuite/util/DroneUtils.java:[102,27] isAccessible() in java.lang.reflect.AccessibleObject has been deprecated
Legacy Store IT (mssql)	Run base tests	2023-12-04T14:00:05.4955879Z -- [WARNING] /home/runner/work/keycloak/keycloak/testsuite/integration-arquillian/tests/base/src/main/java/org/keycloak/testsuite/util/SamlClient.java:[149,17] <T>assertThat(T,org.hamcrest.Matcher<? super T>) in org.junit.Assert has been deprecated
Legacy Store IT (mssql)	Run base tests	2023-12-04T14:00:05.4960579Z -- [WARNING] /home/runner/work/keycloak/keycloak/testsuite/integration-arquillian/tests/base/src/main/java/org/keycloak/testsuite/util/SamlClient.java:[177,17] <T>assertThat(T,org.hamcrest.Matcher<? super T>) in org.junit.Assert has been deprecated
Legacy Store IT (mssql)	Run base tests	2023-12-04T14:00:05.4965418Z -- [WARNING] /home/runner/work/keycloak/keycloak/testsuite/integration-arquillian/tests/base/src/main/java/org/keycloak/testsuite/util/SamlClient.java:[248,17] <T>assertThat(T,org.hamcrest.Matcher<? super T>) in org.junit.Assert has been deprecated
Legacy Store IT (mssql)	Run base tests	2023-12-04T14:00:05.4970206Z -- [WARNING] /home/runner/work/keycloak/keycloak/testsuite/integration-arquillian/tests/base/src/main/java/org/keycloak/testsuite/util/SamlClient.java:[316,17] <T>assertThat(T,org.hamcrest.Matcher<? super T>) in org.junit.Assert has been deprecated
Legacy Store IT (mssql)	Run base tests	2023-12-04T14:00:05.5023514Z -- [WARNING] /home/runner/work/keycloak/keycloak/testsuite/integration-arquillian/tests/base/src/main/java/org/keycloak/testsuite/util/SamlClient.java:[522,17] <T>assertThat(T,org.hamcrest.Matcher<? super T>) in org.junit.Assert has been deprecated
Legacy Store IT (mssql)	Run base tests	2023-12-04T14:00:05.5028614Z -- [WARNING] /home/runner/work/keycloak/keycloak/testsuite/integration-arquillian/tests/base/src/main/java/org/keycloak/testsuite/util/SamlClient.java:[634,9] <T>assertThat(java.lang.String,T,org.hamcrest.Matcher<? super T>) in org.junit.Assert has been deprecated
Legacy Store IT (mssql)	Run base tests	2023-12-04T14:00:05.5033223Z -- [WARNING] /home/runner/work/keycloak/keycloak/testsuite/integration-arquillian/tests/base/src/main/java/org/keycloak/testsuite/util/SamlClient.java:[648,9] <T>assertThat(T,org.hamcrest.Matcher<? super T>) in org.junit.Assert has been deprecated
Legacy Store IT (mssql)	Run base tests	2023-12-04T14:00:05.5037852Z -- [WARNING] /home/runner/work/keycloak/keycloak/testsuite/integration-arquillian/tests/base/src/main/java/org/keycloak/testsuite/util/SamlClient.java:[664,53] parse(java.net.URI,java.lang.String) in org.apache.http.client.utils.URLEncodedUtils has been deprecated
Legacy Store IT (mssql)	Run base tests	2023-12-04T14:00:05.5042574Z -- [WARNING] /home/runner/work/keycloak/keycloak/testsuite/integration-arquillian/tests/base/src/main/java/org/keycloak/testsuite/util/SamlClientBuilder.java:[131,19] <T>assertThat(T,org.hamcrest.Matcher<? super T>) in org.junit.Assert has been deprecated
Legacy Store IT (mssql)	Run base tests	2023-12-04T14:00:05.5047264Z -- [WARNING] /home/runner/work/keycloak/keycloak/testsuite/integration-arquillian/tests/base/src/main/java/org/keycloak/testsuite/util/SamlClientBuilder.java:[267,19] <T>assertThat(T,org.hamcrest.Matcher<? super T>) in org.junit.Assert has been deprecated
Legacy Store IT (mssql)	Run base tests	2023-12-04T14:00:05.5052317Z -- [WARNING] /home/runner/work/keycloak/keycloak/testsuite/integration-arquillian/tests/base/src/main/java/org/keycloak/testsuite/util/SamlClientBuilder.java:[268,19] <T>assertThat(java.lang.String,T,org.hamcrest.Matcher<? super T>) in org.junit.Assert has been deprecated
Legacy Store IT (mssql)	Run base tests	2023-12-04T14:00:05.5057723Z -- [WARNING] /home/runner/work/keycloak/keycloak/testsuite/integration-arquillian/tests/base/src/main/java/org/keycloak/testsuite/util/saml/ModifySamlResponseStepBuilder.java:[167,13] <T>assertThat(T,org.hamcrest.Matcher<? super T>) in org.junit.Assert has been deprecated
Legacy Store IT (mssql)	Run base tests	2023-12-04T14:00:05.5062942Z -- [WARNING] /home/runner/work/keycloak/keycloak/testsuite/integration-arquillian/tests/base/src/main/java/org/keycloak/testsuite/util/saml/ModifySamlResponseStepBuilder.java:[171,37] parse(java.net.URI,java.lang.String) in org.apache.http.client.utils.URLEncodedUtils has been deprecated
Legacy Store IT (mssql)	Run base tests	2023-12-04T14:00:05.5068871Z -- [WARNING] /home/runner/work/keycloak/keycloak/testsuite/integration-arquillian/tests/base/src/main/java/org/keycloak/testsuite/util/saml/ModifySamlResponseStepBuilder.java:[175,21] <T>assertThat(java.lang.String,T,org.hamcrest.Matcher<? super T>) in org.junit.Assert has been deprecated
Legacy Store IT (mssql)	Run base tests	2023-12-04T14:00:05.5073737Z -- [WARNING] /home/runner/work/keycloak/keycloak/testsuite/integration-arquillian/tests/base/src/main/java/org/keycloak/testsuite/util/saml/ModifySamlResponseStepBuilder.java:[181,13] <T>assertThat(T,org.hamcrest.Matcher<? super T>) in org.junit.Assert has been deprecated
Legacy Store IT (mssql)	Run base tests	2023-12-04T14:00:05.5078718Z -- [WARNING] /home/runner/work/keycloak/keycloak/testsuite/integration-arquillian/tests/base/src/main/java/org/keycloak/testsuite/util/saml/ModifySamlResponseStepBuilder.java:[211,13] <T>assertThat(T,org.hamcrest.Matcher<? super T>) in org.junit.Assert has been deprecated
Legacy Store IT (mssql)	Run base tests	2023-12-04T14:00:05.5083917Z -- [WARNING] /home/runner/work/keycloak/keycloak/testsuite/integration-arquillian/tests/base/src/main/java/org/keycloak/testsuite/util/saml/ModifySamlResponseStepBuilder.java:[214,13] <T>assertThat(T,org.hamcrest.Matcher<? super T>) in org.junit.Assert has been deprecated
Legacy Store IT (mssql)	Run base tests	2023-12-04T14:00:05.5089340Z -- [WARNING] /home/runner/work/keycloak/keycloak/testsuite/integration-arquillian/tests/base/src/main/java/org/keycloak/testsuite/util/saml/ModifySamlResponseStepBuilder.java:[221,13] <T>assertThat(java.lang.String,T,org.hamcrest.Matcher<? super T>) in org.junit.Assert has been deprecated
Legacy Store IT (mssql)	Run base tests	2023-12-04T14:00:05.5101560Z -- [WARNING] /home/runner/work/keycloak/keycloak/testsuite/integration-arquillian/tests/base/src/main/java/org/keycloak/testsuite/util/saml/ModifySamlResponseStepBuilder.java:[222,13] <T>assertThat(java.lang.String,T,org.hamcrest.Matcher<? super T>) in org.junit.Assert has been deprecated
Legacy Store IT (mssql)	Run base tests	2023-12-04T14:00:05.5106826Z -- [WARNING] /home/runner/work/keycloak/keycloak/testsuite/integration-arquillian/tests/base/src/main/java/org/keycloak/testsuite/util/saml/LoginBuilder.java:[68,13] <T>assertThat(T,org.hamcrest.Matcher<? super T>) in org.junit.Assert has been deprecated
Legacy Store IT (mssql)	Run base tests	2023-12-04T14:00:05.5111692Z -- [WARNING] /home/runner/work/keycloak/keycloak/testsuite/integration-arquillian/tests/base/src/main/java/org/keycloak/testsuite/util/saml/LoginBuilder.java:[70,13] <T>assertThat(T,org.hamcrest.Matcher<? super T>) in org.junit.Assert has been deprecated
Legacy Store IT (mssql)	Run base tests	2023-12-04T14:00:05.5116727Z -- [WARNING] /home/runner/work/keycloak/keycloak/testsuite/integration-arquillian/tests/base/src/main/java/org/keycloak/testsuite/util/saml/LoginBuilder.java:[120,13] <T>assertThat(java.lang.String,T,org.hamcrest.Matcher<? super T>) in org.junit.Assert has been deprecated
Legacy Store IT (mssql)	Run base tests	2023-12-04T14:00:05.5121874Z -- [WARNING] /home/runner/work/keycloak/keycloak/testsuite/integration-arquillian/tests/base/src/main/java/org/keycloak/testsuite/util/saml/LoginBuilder.java:[122,13] <T>assertThat(java.lang.String,T,org.hamcrest.Matcher<? super T>) in org.junit.Assert has been deprecated
Legacy Store IT (mssql)	Run base tests	2023-12-04T14:00:05.5126898Z -- [WARNING] /home/runner/work/keycloak/keycloak/testsuite/integration-arquillian/tests/base/src/main/java/org/keycloak/testsuite/util/saml/UpdateProfileBuilder.java:[65,9] <T>assertThat(T,org.hamcrest.Matcher<? super T>) in org.junit.Assert has been deprecated
Legacy Store IT (mssql)	Run base tests	2023-12-04T14:00:05.5131955Z -- [WARNING] /home/runner/work/keycloak/keycloak/testsuite/integration-arquillian/tests/base/src/main/java/org/keycloak/testsuite/util/saml/UpdateProfileBuilder.java:[67,9] <T>assertThat(T,org.hamcrest.Matcher<? super T>) in org.junit.Assert has been deprecated
Legacy Store IT (mssql)	Run base tests	2023-12-04T14:00:05.5137196Z -- [WARNING] /home/runner/work/keycloak/keycloak/testsuite/integration-arquillian/tests/base/src/main/java/org/keycloak/testsuite/util/saml/RequiredConsentBuilder.java:[59,9] <T>assertThat(T,org.hamcrest.Matcher<? super T>) in org.junit.Assert has been deprecated
Legacy Store IT (mssql)	Run base tests	2023-12-04T14:00:05.5142184Z -- [WARNING] /home/runner/work/keycloak/keycloak/testsuite/integration-arquillian/tests/base/src/main/java/org/keycloak/testsuite/util/saml/RequiredConsentBuilder.java:[61,9] <T>assertThat(T,org.hamcrest.Matcher<? super T>) in org.junit.Assert has been deprecated
Legacy Store IT (mssql)	Run base tests	2023-12-04T14:00:05.5147993Z -- [WARNING] /home/runner/work/keycloak/keycloak/testsuite/integration-arquillian/tests/base/src/main/java/org/keycloak/testsuite/util/saml/RequiredConsentBuilder.java:[62,9] <T>assertThat(T,org.hamcrest.Matcher<? super T>) in org.junit.Assert has been deprecated
Legacy Store IT (mssql)	Run base tests	2023-12-04T14:00:05.5152976Z -- [WARNING] /home/runner/work/keycloak/keycloak/testsuite/integration-arquillian/tests/base/src/main/java/org/keycloak/testsuite/util/OAuthClient.java:[1373,52] parse(java.net.URI,java.lang.String) in org.apache.http.client.utils.URLEncodedUtils has been deprecated
Legacy Store IT (mssql)	Run base tests	2023-12-04T14:00:05.5157584Z -- [WARNING] /home/runner/work/keycloak/keycloak/testsuite/integration-arquillian/tests/base/src/main/java/org/keycloak/testsuite/util/SamlStreams.java:[39,9] <T>assertThat(T,org.hamcrest.Matcher<? super T>) in org.junit.Assert has been deprecated
Legacy Store IT (mssql)	Run base tests	2023-12-04T14:00:05.5161574Z -- [WARNING] /home/runner/work/keycloak/keycloak/testsuite/integration-arquillian/tests/base/src/main/java/org/keycloak/testsuite/updaters/ServerResourceUpdater.java:[89,20] unchecked cast
Legacy Store IT (mssql)	Run base tests	2023-12-04T14:00:05.5163576Z --   required: T
Legacy Store IT (mssql)	Run base tests	2023-12-04T14:00:05.5164424Z --   found:    org.keycloak.testsuite.updaters.ServerResourceUpdater<T,Res,Rep>
Legacy Store IT (mssql)	Run base tests	2023-12-04T14:00:05.5166925Z -- [WARNING] /home/runner/work/keycloak/keycloak/testsuite/integration-arquillian/tests/base/src/main/java/org/keycloak/testsuite/updaters/ServerResourceUpdater.java:[103,20] unchecked cast
Legacy Store IT (mssql)	Run base tests	2023-12-04T14:00:05.5168897Z --   required: T
Legacy Store IT (mssql)	Run base tests	2023-12-04T14:00:05.5169697Z --   found:    org.keycloak.testsuite.updaters.ServerResourceUpdater<T,Res,Rep>
Legacy Store IT (mssql)	Run base tests	2023-12-04T14:00:05.5172259Z -- [WARNING] /home/runner/work/keycloak/keycloak/testsuite/integration-arquillian/tests/base/src/main/java/org/keycloak/testsuite/updaters/ServerResourceUpdater.java:[140,52] unchecked conversion
Legacy Store IT (mssql)	Run base tests	2023-12-04T14:00:05.5174370Z --   required: java.util.Set<V>
Legacy Store IT (mssql)	Run base tests	2023-12-04T14:00:05.5175175Z --   found:    java.util.Set
Legacy Store IT (mssql)	Run base tests	2023-12-04T14:00:05.5177369Z -- [WARNING] /home/runner/work/keycloak/keycloak/testsuite/integration-arquillian/tests/base/src/main/java/org/keycloak/testsuite/updaters/ServerResourceUpdater.java:[141,51] unchecked conversion
Legacy Store IT (mssql)	Run base tests	2023-12-04T14:00:05.5179607Z --   required: java.util.Set<V>
Legacy Store IT (mssql)	Run base tests	2023-12-04T14:00:05.5180163Z --   found:    java.util.Set
Legacy Store IT (mssql)	Run base tests	2023-12-04T14:00:05.5183145Z -- [WARNING] /home/runner/work/keycloak/keycloak/testsuite/integration-arquillian/tests/base/src/main/java/org/keycloak/testsuite/page/AbstractPatternFlyAlert.java:[69,84] unchecked method invocation: method until in class org.openqa.selenium.support.ui.FluentWait is applied to given types
Legacy Store IT (mssql)	Run base tests	2023-12-04T14:00:05.5186086Z --   required: java.util.function.Function<? super T,V>
Legacy Store IT (mssql)	Run base tests	2023-12-04T14:00:05.5187015Z --   found:    org.openqa.selenium.support.ui.ExpectedCondition
Legacy Store IT (mssql)	Run base tests	2023-12-04T14:00:05.5189366Z -- [WARNING] /home/runner/work/keycloak/keycloak/testsuite/integration-arquillian/tests/base/src/main/java/org/keycloak/testsuite/page/AbstractPatternFlyAlert.java:[69,85] unchecked conversion
Legacy Store IT (mssql)	Run base tests	2023-12-04T14:00:05.5191541Z --   required: java.util.function.Function<? super T,V>
Legacy Store IT (mssql)	Run base tests	2023-12-04T14:00:05.5207279Z --   found:    org.openqa.selenium.support.ui.ExpectedCondition
Legacy Store IT (mssql)	Run base tests	2023-12-04T14:00:05.5210484Z -- [WARNING] /home/runner/work/keycloak/keycloak/testsuite/integration-arquillian/tests/base/src/main/java/org/keycloak/testsuite/arquillian/ModelTestExecutor.java:[53,33] TestResult() in org.jboss.arquillian.test.spi.TestResult has been deprecated
Legacy Store IT (mssql)	Run base tests	2023-12-04T14:00:05.5216081Z -- [WARNING] /home/runner/work/keycloak/keycloak/testsuite/integration-arquillian/tests/base/src/main/java/org/keycloak/testsuite/arquillian/ModelTestExecutor.java:[64,27] setStatus(org.jboss.arquillian.test.spi.TestResult.Status) in org.jboss.arquillian.test.spi.TestResult has been deprecated
Legacy Store IT (mssql)	Run base tests	2023-12-04T14:00:05.5221675Z -- [WARNING] /home/runner/work/keycloak/keycloak/testsuite/integration-arquillian/tests/base/src/main/java/org/keycloak/testsuite/arquillian/ModelTestExecutor.java:[66,27] setStatus(org.jboss.arquillian.test.spi.TestResult.Status) in org.jboss.arquillian.test.spi.TestResult has been deprecated
Legacy Store IT (mssql)	Run base tests	2023-12-04T14:00:05.5226968Z -- [WARNING] /home/runner/work/keycloak/keycloak/testsuite/integration-arquillian/tests/base/src/main/java/org/keycloak/testsuite/arquillian/ModelTestExecutor.java:[76,109] unchecked cast
Legacy Store IT (mssql)	Run base tests	2023-12-04T14:00:05.5229630Z --   required: org.jboss.arquillian.core.api.InstanceProducer<org.jboss.arquillian.test.spi.TestResult>
Legacy Store IT (mssql)	Run base tests	2023-12-04T14:00:05.5230791Z --   found:    java.lang.Object
Legacy Store IT (mssql)	Run base tests	2023-12-04T14:00:05.5232923Z -- [WARNING] /home/runner/work/keycloak/keycloak/testsuite/integration-arquillian/tests/base/src/main/java/org/keycloak/testsuite/util/javascript/XMLHttpRequest.java:[75,67] unchecked cast
Legacy Store IT (mssql)	Run base tests	2023-12-04T14:00:05.5235196Z --   required: java.util.Map<java.lang.String,java.lang.Object>
Legacy Store IT (mssql)	Run base tests	2023-12-04T14:00:05.5235995Z --   found:    java.lang.Object
Legacy Store IT (mssql)	Run base tests	2023-12-04T14:00:05.5238989Z -- [WARNING] /home/runner/work/keycloak/keycloak/testsuite/integration-arquillian/tests/base/src/main/java/org/keycloak/testsuite/util/saml/SessionStateChecker.java:[91,17] <T>assertThat(T,org.hamcrest.Matcher<? super T>) in org.junit.Assert has been deprecated
Legacy Store IT (mssql)	Run base tests	2023-12-04T14:00:05.5244013Z -- [WARNING] /home/runner/work/keycloak/keycloak/testsuite/integration-arquillian/tests/base/src/main/java/org/keycloak/testsuite/util/saml/SessionStateChecker.java:[92,17] <T>assertThat(T,org.hamcrest.Matcher<? super T>) in org.junit.Assert has been deprecated
Legacy Store IT (mssql)	Run base tests	2023-12-04T14:00:05.5249060Z -- [WARNING] /home/runner/work/keycloak/keycloak/testsuite/integration-arquillian/tests/base/src/main/java/org/keycloak/testsuite/util/saml/SessionStateChecker.java:[95,13] <T>assertThat(T,org.hamcrest.Matcher<? super T>) in org.junit.Assert has been deprecated
Legacy Store IT (mssql)	Run base tests	2023-12-04T14:00:05.5254048Z -- [WARNING] /home/runner/work/keycloak/keycloak/testsuite/integration-arquillian/tests/base/src/main/java/org/keycloak/testsuite/util/saml/SessionStateChecker.java:[96,13] <T>assertThat(T,org.hamcrest.Matcher<? super T>) in org.junit.Assert has been deprecated
Legacy Store IT (mssql)	Run base tests	2023-12-04T14:00:05.5259281Z -- [WARNING] /home/runner/work/keycloak/keycloak/testsuite/integration-arquillian/tests/base/src/main/java/org/keycloak/testsuite/util/saml/SessionStateChecker.java:[104,13] <T>assertThat(T,org.hamcrest.Matcher<? super T>) in org.junit.Assert has been deprecated
Legacy Store IT (mssql)	Run base tests	2023-12-04T14:00:05.5264248Z -- [WARNING] /home/runner/work/keycloak/keycloak/testsuite/integration-arquillian/tests/base/src/main/java/org/keycloak/testsuite/util/saml/SessionStateChecker.java:[105,13] <T>assertThat(T,org.hamcrest.Matcher<? super T>) in org.junit.Assert has been deprecated
Legacy Store IT (mssql)	Run base tests	2023-12-04T14:00:05.5269268Z -- [WARNING] /home/runner/work/keycloak/keycloak/testsuite/integration-arquillian/tests/base/src/main/java/org/keycloak/testsuite/util/saml/SessionStateChecker.java:[112,43] <T>assertThat(T,org.hamcrest.Matcher<? super T>) in org.junit.Assert has been deprecated
Legacy Store IT (mssql)	Run base tests	2023-12-04T14:00:05.5274161Z -- [WARNING] /home/runner/work/keycloak/keycloak/testsuite/integration-arquillian/tests/base/src/main/java/org/keycloak/testsuite/util/saml/SessionStateChecker.java:[152,17] <T>assertThat(T,org.hamcrest.Matcher<? super T>) in org.junit.Assert has been deprecated
Legacy Store IT (mssql)	Run base tests	2023-12-04T14:00:05.5279023Z -- [WARNING] /home/runner/work/keycloak/keycloak/testsuite/integration-arquillian/tests/base/src/main/java/org/keycloak/testsuite/util/saml/SessionStateChecker.java:[157,17] <T>assertThat(T,org.hamcrest.Matcher<? super T>) in org.junit.Assert has been deprecated
Legacy Store IT (mssql)	Run base tests	2023-12-04T14:00:05.5284491Z -- [WARNING] /home/runner/work/keycloak/keycloak/testsuite/integration-arquillian/tests/base/src/main/java/org/keycloak/testsuite/updaters/Creator.java:[61,16] unchecked call to Creator(java.lang.String,T,java.lang.Runnable) as a member of the raw type org.keycloak.testsuite.updaters.Creator
Legacy Store IT (mssql)	Run base tests	2023-12-04T14:00:05.5288964Z -- [WARNING] /home/runner/work/keycloak/keycloak/testsuite/integration-arquillian/tests/base/src/main/java/org/keycloak/testsuite/updaters/Creator.java:[61,16] unchecked conversion
Legacy Store IT (mssql)	Run base tests	2023-12-04T14:00:05.5292051Z --   required: org.keycloak.testsuite.updaters.Creator<org.keycloak.admin.client.resource.RealmResource>
Legacy Store IT (mssql)	Run base tests	2023-12-04T14:00:05.5293668Z --   found:    org.keycloak.testsuite.updaters.Creator
Legacy Store IT (mssql)	Run base tests	2023-12-04T14:00:05.5297328Z -- [WARNING] /home/runner/work/keycloak/keycloak/testsuite/integration-arquillian/tests/base/src/main/java/org/keycloak/testsuite/updaters/Creator.java:[70,20] unchecked call to Creator(java.lang.String,T,java.lang.Runnable) as a member of the raw type org.keycloak.testsuite.updaters.Creator
Legacy Store IT (mssql)	Run base tests	2023-12-04T14:00:05.5301879Z -- [WARNING] /home/runner/work/keycloak/keycloak/testsuite/integration-arquillian/tests/base/src/main/java/org/keycloak/testsuite/updaters/Creator.java:[70,20] unchecked conversion
Legacy Store IT (mssql)	Run base tests	2023-12-04T14:00:05.5304562Z --   required: org.keycloak.testsuite.updaters.Creator<org.keycloak.admin.client.resource.GroupResource>
Legacy Store IT (mssql)	Run base tests	2023-12-04T14:00:05.5305872Z --   found:    org.keycloak.testsuite.updaters.Creator
Legacy Store IT (mssql)	Run base tests	2023-12-04T14:00:05.5309275Z -- [WARNING] /home/runner/work/keycloak/keycloak/testsuite/integration-arquillian/tests/base/src/main/java/org/keycloak/testsuite/updaters/Creator.java:[80,20] unchecked call to Creator(java.lang.String,T,java.lang.Runnable) as a member of the raw type org.keycloak.testsuite.updaters.Creator
Legacy Store IT (mssql)	Run base tests	2023-12-04T14:00:05.5313806Z -- [WARNING] /home/runner/work/keycloak/keycloak/testsuite/integration-arquillian/tests/base/src/main/java/org/keycloak/testsuite/updaters/Creator.java:[80,20] unchecked conversion
Legacy Store IT (mssql)	Run base tests	2023-12-04T14:00:05.5316492Z --   required: org.keycloak.testsuite.updaters.Creator<org.keycloak.admin.client.resource.ClientResource>
Legacy Store IT (mssql)	Run base tests	2023-12-04T14:00:05.5317883Z --   found:    org.keycloak.testsuite.updaters.Creator
Legacy Store IT (mssql)	Run base tests	2023-12-04T14:00:05.5321372Z -- [WARNING] /home/runner/work/keycloak/keycloak/testsuite/integration-arquillian/tests/base/src/main/java/org/keycloak/testsuite/updaters/Creator.java:[90,20] unchecked call to Creator(java.lang.String,T,java.lang.Runnable) as a member of the raw type org.keycloak.testsuite.updaters.Creator
Legacy Store IT (mssql)	Run base tests	2023-12-04T14:00:05.5325885Z -- [WARNING] /home/runner/work/keycloak/keycloak/testsuite/integration-arquillian/tests/base/src/main/java/org/keycloak/testsuite/updaters/Creator.java:[90,20] unchecked conversion
Legacy Store IT (mssql)	Run base tests	2023-12-04T14:00:05.5328562Z --   required: org.keycloak.testsuite.updaters.Creator<org.keycloak.admin.client.resource.UserResource>
Legacy Store IT (mssql)	Run base tests	2023-12-04T14:00:05.5329921Z --   found:    org.keycloak.testsuite.updaters.Creator
Legacy Store IT (mssql)	Run base tests	2023-12-04T14:00:05.5333319Z -- [WARNING] /home/runner/work/keycloak/keycloak/testsuite/integration-arquillian/tests/base/src/main/java/org/keycloak/testsuite/updaters/Creator.java:[100,20] unchecked call to Creator(java.lang.String,T,java.lang.Runnable) as a member of the raw type org.keycloak.testsuite.updaters.Creator
Legacy Store IT (mssql)	Run base tests	2023-12-04T14:00:05.5458783Z -- [WARNING] /home/runner/work/keycloak/keycloak/testsuite/integration-arquillian/tests/base/src/main/java/org/keycloak/testsuite/updaters/Creator.java:[100,20] unchecked conversion
Legacy Store IT (mssql)	Run base tests	2023-12-04T14:00:05.5461758Z --   required: org.keycloak.testsuite.updaters.Creator<org.keycloak.admin.client.resource.ComponentResource>
Legacy Store IT (mssql)	Run base tests	2023-12-04T14:00:05.5463299Z --   found:    org.keycloak.testsuite.updaters.Creator
Legacy Store IT (mssql)	Run base tests	2023-12-04T14:00:05.5466482Z -- [WARNING] /home/runner/work/keycloak/keycloak/testsuite/integration-arquillian/tests/base/src/main/java/org/keycloak/testsuite/updaters/Creator.java:[115,15] <T>assertThat(java.lang.String,T,org.hamcrest.Matcher<? super T>) in org.junit.Assert has been deprecated
Legacy Store IT (mssql)	Run base tests	2023-12-04T14:00:05.5471954Z -- [WARNING] /home/runner/work/keycloak/keycloak/testsuite/integration-arquillian/tests/base/src/main/java/org/keycloak/testsuite/updaters/Creator.java:[120,20] unchecked call to Creator(java.lang.String,T,java.lang.Runnable) as a member of the raw type org.keycloak.testsuite.updaters.Creator
Legacy Store IT (mssql)	Run base tests	2023-12-04T14:00:05.5476550Z -- [WARNING] /home/runner/work/keycloak/keycloak/testsuite/integration-arquillian/tests/base/src/main/java/org/keycloak/testsuite/updaters/Creator.java:[120,20] unchecked conversion
Legacy Store IT (mssql)	Run base tests	2023-12-04T14:00:05.5479844Z --   required: org.keycloak.testsuite.updaters.Creator<org.keycloak.admin.client.resource.IdentityProviderResource>
Legacy Store IT (mssql)	Run base tests	2023-12-04T14:00:05.5481540Z --   found:    org.keycloak.testsuite.updaters.Creator
Legacy Store IT (mssql)	Run base tests	2023-12-04T14:00:05.5484742Z -- [WARNING] /home/runner/work/keycloak/keycloak/testsuite/integration-arquillian/tests/base/src/main/java/org/keycloak/testsuite/arquillian/containers/SecurityActions.java:[126,29] isAccessible() in java.lang.reflect.AccessibleObject has been deprecated
Legacy Store IT (mssql)	Run base tests	2023-12-04T14:00:05.5489747Z -- [WARNING] /home/runner/work/keycloak/keycloak/testsuite/integration-arquillian/tests/base/src/main/java/org/keycloak/testsuite/arquillian/containers/SecurityActions.java:[186,31] isAccessible() in java.lang.reflect.AccessibleObject has been deprecated
Legacy Store IT (mssql)	Run base tests	2023-12-04T14:00:05.5494694Z -- [WARNING] /home/runner/work/keycloak/keycloak/testsuite/integration-arquillian/tests/base/src/main/java/org/keycloak/testsuite/arquillian/containers/SecurityActions.java:[221,39] isAccessible() in java.lang.reflect.AccessibleObject has been deprecated
Legacy Store IT (mssql)	Run base tests	2023-12-04T14:00:05.5499783Z -- [WARNING] /home/runner/work/keycloak/keycloak/testsuite/integration-arquillian/tests/base/src/main/java/org/keycloak/testsuite/arquillian/containers/SecurityActions.java:[245,40] isAccessible() in java.lang.reflect.AccessibleObject has been deprecated
Legacy Store IT (mssql)	Run base tests	2023-12-04T14:00:05.5505035Z -- [WARNING] /home/runner/work/keycloak/keycloak/testsuite/integration-arquillian/tests/base/src/main/java/org/keycloak/testsuite/updaters/UserAttributeUpdater.java:[44,9] <T>assertThat(T,org.hamcrest.Matcher<? super T>) in org.junit.Assert has been deprecated
Legacy Store IT (mssql)	Run base tests	2023-12-04T14:00:05.5510127Z -- [WARNING] /home/runner/work/keycloak/keycloak/testsuite/integration-arquillian/tests/base/src/main/java/org/keycloak/testsuite/util/AdminClientUtil.java:[153,17] useProtocol(java.lang.String) in org.apache.http.ssl.SSLContextBuilder has been deprecated
Legacy Store IT (mssql)	Run base tests	2023-12-04T14:00:05.5515186Z -- [WARNING] /home/runner/work/keycloak/keycloak/testsuite/integration-arquillian/tests/base/src/main/java/org/keycloak/testsuite/arquillian/CrossDCTestEnricher.java:[399,9] <T>assertThat(T,org.hamcrest.Matcher<? super T>) in org.junit.Assert has been deprecated
Legacy Store IT (mssql)	Run base tests	2023-12-04T14:00:05.5520282Z -- [WARNING] /home/runner/work/keycloak/keycloak/testsuite/integration-arquillian/tests/base/src/main/java/org/keycloak/testsuite/arquillian/CrossDCTestEnricher.java:[401,9] <T>assertThat(T,org.hamcrest.Matcher<? super T>) in org.junit.Assert has been deprecated
Legacy Store IT (mssql)	Run base tests	2023-12-04T14:00:05.5525441Z -- [WARNING] /home/runner/work/keycloak/keycloak/testsuite/integration-arquillian/tests/base/src/main/java/org/keycloak/testsuite/arquillian/CrossDCTestEnricher.java:[430,46] unchecked method invocation: method isAnnotationPresent in class java.lang.Class is applied to given types
Legacy Store IT (mssql)	Run base tests	2023-12-04T14:00:05.5528787Z --   required: java.lang.Class<? extends java.lang.annotation.Annotation>
Legacy Store IT (mssql)	Run base tests	2023-12-04T14:00:05.5529718Z --   found:    java.lang.Class
Legacy Store IT (mssql)	Run base tests	2023-12-04T14:00:05.5532103Z -- [WARNING] /home/runner/work/keycloak/keycloak/testsuite/integration-arquillian/tests/base/src/main/java/org/keycloak/testsuite/arquillian/CrossDCTestEnricher.java:[430,47] unchecked conversion
Legacy Store IT (mssql)	Run base tests	2023-12-04T14:00:05.5534685Z --   required: java.lang.Class<? extends java.lang.annotation.Annotation>
Legacy Store IT (mssql)	Run base tests	2023-12-04T14:00:05.5535899Z --   found:    java.lang.Class
Legacy Store IT (mssql)	Run base tests	2023-12-04T14:00:05.5539108Z -- [WARNING] /home/runner/work/keycloak/keycloak/testsuite/integration-arquillian/tests/base/src/main/java/org/keycloak/testsuite/arquillian/AuthServerTestEnricher.java:[320,33] WildcardFileFilter(java.lang.String) in org.apache.commons.io.filefilter.WildcardFileFilter has been deprecated
Legacy Store IT (mssql)	Run base tests	2023-12-04T14:00:05.5544064Z -- [WARNING] /home/runner/work/keycloak/keycloak/testsuite/integration-arquillian/tests/base/src/main/java/org/keycloak/testsuite/util/matchers/SamlStatusResponseTypeMatcher.java:[26,31] unchecked conversion
Legacy Store IT (mssql)	Run base tests	2023-12-04T14:00:05.5546663Z --   required: java.util.List<org.hamcrest.Matcher<java.net.URI>>
Legacy Store IT (mssql)	Run base tests	2023-12-04T14:00:05.5547848Z --   found:    java.util.ArrayList
Legacy Store IT (mssql)	Run base tests	2023-12-04T14:00:05.5551105Z -- [WARNING] /home/runner/work/keycloak/keycloak/testsuite/integration-arquillian/tests/base/src/main/java/org/keycloak/testsuite/arquillian/KeycloakArquillianExtension.java:[69,61] org.keycloak.testsuite.arquillian.DeploymentArchiveProcessor in org.keycloak.testsuite.arquillian has been deprecated
Legacy Store IT (mssql)	Run base tests	2023-12-04T14:00:05.5557041Z -- [WARNING] /home/runner/work/keycloak/keycloak/testsuite/integration-arquillian/tests/base/src/main/java/org/keycloak/testsuite/arquillian/containers/KeycloakContainerFeaturesController.java:[84,13] <T>assertThat(java.lang.String,T,org.hamcrest.Matcher<? super T>) in org.junit.Assert has been deprecated
Legacy Store IT (mssql)	Run base tests	2023-12-04T14:00:05.5560259Z -- [INFO] 
Legacy Store IT (mssql)	Run base tests	2023-12-04T14:00:05.5561438Z -- [INFO] --- maven-resources-plugin:3.0.1:copy-resources (example-realms) @ integration-arquillian-tests-base ---
Legacy Store IT (mssql)	Run base tests	2023-12-04T14:00:05.5562895Z -- [INFO] Using 'UTF-8' encoding to copy filtered resources.
Legacy Store IT (mssql)	Run base tests	2023-12-04T14:00:05.5563725Z -- [INFO] Copying 13 resources
Legacy Store IT (mssql)	Run base tests	2023-12-04T14:00:05.5662164Z -- [INFO] 
Legacy Store IT (mssql)	Run base tests	2023-12-04T14:00:05.5663569Z -- [INFO] --- maven-dependency-plugin:3.1.2:unpack (unpack-undertow-server) @ integration-arquillian-tests-base ---
Legacy Store IT (mssql)	Run base tests	2023-12-04T14:00:05.7569103Z -- [INFO] Skipping plugin execution
Legacy Store IT (mssql)	Run base tests	2023-12-04T14:00:05.7570261Z -- [INFO] 
Legacy Store IT (mssql)	Run base tests	2023-12-04T14:00:05.7571490Z -- [INFO] --- maven-dependency-plugin:3.1.2:unpack (unpack-quarkus-server) @ integration-arquillian-tests-base ---
Legacy Store IT (mssql)	Run base tests	2023-12-04T14:00:05.7593581Z -- [INFO] Configured Artifact: org.keycloak.testsuite:integration-arquillian-servers-auth-server-quarkus:999.0.0-SNAPSHOT:zip
Legacy Store IT (mssql)	Run base tests	2023-12-04T14:00:05.7723145Z -- [INFO] Unpacking /home/runner/.m2/repository/org/keycloak/testsuite/integration-arquillian-servers-auth-server-quarkus/999.0.0-SNAPSHOT/integration-arquillian-servers-auth-server-quarkus-999.0.0-SNAPSHOT.zip to /home/runner/work/keycloak/keycloak/testsuite/integration-arquillian/tests/base/target/containers with includes "" and excludes ""
Legacy Store IT (mssql)	Run base tests	2023-12-04T14:00:07.6192477Z -- [INFO] 
Legacy Store IT (mssql)	Run base tests	2023-12-04T14:00:07.6194397Z -- [INFO] --- maven-dependency-plugin:3.1.2:unpack (unpack-app-server) @ integration-arquillian-tests-base ---
Legacy Store IT (mssql)	Run base tests	2023-12-04T14:00:07.6196874Z -- [INFO] Configured Artifact: org.keycloak.testsuite:integration-arquillian-servers-app-server-wildfly:999.0.0-SNAPSHOT:zip
Legacy Store IT (mssql)	Run base tests	2023-12-04T14:00:07.6248470Z -- [INFO] Unpacking /home/runner/.m2/repository/org/keycloak/testsuite/integration-arquillian-servers-app-server-wildfly/999.0.0-SNAPSHOT/integration-arquillian-servers-app-server-wildfly-999.0.0-SNAPSHOT.zip to /home/runner/work/keycloak/keycloak/testsuite/integration-arquillian/tests/base/target/containers with includes "" and excludes ""
Legacy Store IT (mssql)	Run base tests	2023-12-04T14:00:10.6359564Z -- [INFO] 
Legacy Store IT (mssql)	Run base tests	2023-12-04T14:00:10.6360667Z -- [INFO] --- maven-dependency-plugin:3.1.2:copy (example-wars) @ integration-arquillian-tests-base ---
Legacy Store IT (mssql)	Run base tests	2023-12-04T14:00:10.6374214Z -- [INFO] Configured Artifact: org.keycloak.testsuite:hello-world-authz-service:999.0.0-SNAPSHOT:war
Legacy Store IT (mssql)	Run base tests	2023-12-04T14:00:10.6433021Z -- [INFO] Configured Artifact: org.keycloak.testsuite:servlet-authz-app:999.0.0-SNAPSHOT:war
Legacy Store IT (mssql)	Run base tests	2023-12-04T14:00:10.6489414Z -- [INFO] Configured Artifact: org.keycloak.testsuite:servlet-policy-enforcer:999.0.0-SNAPSHOT:war
Legacy Store IT (mssql)	Run base tests	2023-12-04T14:00:10.6550588Z -- [INFO] Configured Artifact: org.keycloak.testsuite:integration-arquillian-test-apps-cors-angular-product:999.0.0-SNAPSHOT:war
Legacy Store IT (mssql)	Run base tests	2023-12-04T14:00:10.6613002Z -- [INFO] Configured Artifact: org.keycloak.testsuite:integration-arquillian-test-apps-cors-database-service:999.0.0-SNAPSHOT:war
Legacy Store IT (mssql)	Run base tests	2023-12-04T14:00:10.6672255Z -- [INFO] Copying hello-world-authz-service-999.0.0-SNAPSHOT.war to /home/runner/work/keycloak/keycloak/testsuite/integration-arquillian/tests/base/target/examples/hello-world-authz-service-999.0.0-SNAPSHOT.war
Legacy Store IT (mssql)	Run base tests	2023-12-04T14:00:10.6698196Z -- [INFO] Copying servlet-authz-app-999.0.0-SNAPSHOT.war to /home/runner/work/keycloak/keycloak/testsuite/integration-arquillian/tests/base/target/examples/servlet-authz-app-999.0.0-SNAPSHOT.war
Legacy Store IT (mssql)	Run base tests	2023-12-04T14:00:10.6702105Z -- [INFO] Copying servlet-policy-enforcer-999.0.0-SNAPSHOT.war to /home/runner/work/keycloak/keycloak/testsuite/integration-arquillian/tests/base/target/examples/servlet-policy-enforcer-999.0.0-SNAPSHOT.war
Legacy Store IT (mssql)	Run base tests	2023-12-04T14:00:10.6712596Z -- [INFO] Copying integration-arquillian-test-apps-cors-angular-product-999.0.0-SNAPSHOT.war to /home/runner/work/keycloak/keycloak/testsuite/integration-arquillian/tests/base/target/examples/integration-arquillian-test-apps-cors-angular-product-999.0.0-SNAPSHOT.war
Legacy Store IT (mssql)	Run base tests	2023-12-04T14:00:10.6718094Z -- [INFO] Copying integration-arquillian-test-apps-cors-database-service-999.0.0-SNAPSHOT.war to /home/runner/work/keycloak/keycloak/testsuite/integration-arquillian/tests/base/target/examples/integration-arquillian-test-apps-cors-database-service-999.0.0-SNAPSHOT.war
Legacy Store IT (mssql)	Run base tests	2023-12-04T14:00:10.6735256Z -- [INFO] 
Legacy Store IT (mssql)	Run base tests	2023-12-04T14:00:10.6736415Z -- [INFO] --- maven-dependency-plugin:3.1.2:unpack (test-apps-realms) @ integration-arquillian-tests-base ---
Legacy Store IT (mssql)	Run base tests	2023-12-04T14:00:10.6738214Z -- [INFO] Configured Artifact: org.keycloak.testsuite:integration-arquillian-test-apps-dist:999.0.0-SNAPSHOT:zip
Legacy Store IT (mssql)	Run base tests	2023-12-04T14:00:10.6797628Z -- [INFO] Unpacking /home/runner/.m2/repository/org/keycloak/testsuite/integration-arquillian-test-apps-dist/999.0.0-SNAPSHOT/integration-arquillian-test-apps-dist-999.0.0-SNAPSHOT.zip to /home/runner/work/keycloak/keycloak/testsuite/integration-arquillian/tests/base/target/examples with includes "**/*realm.json,**/*authz-service.json,**/testsaml.json,**/*-keycloak.json" and excludes ""
Legacy Store IT (mssql)	Run base tests	2023-12-04T14:00:10.6986259Z -- [INFO] 
Legacy Store IT (mssql)	Run base tests	2023-12-04T14:00:10.6987886Z -- [INFO] --- maven-dependency-plugin:3.1.2:unpack (unpack-client-cli-dist) @ integration-arquillian-tests-base ---
Legacy Store IT (mssql)	Run base tests	2023-12-04T14:00:10.6997074Z -- [INFO] Configured Artifact: org.keycloak:keycloak-client-cli-dist:999.0.0-SNAPSHOT:zip
Legacy Store IT (mssql)	Run base tests	2023-12-04T14:00:10.7054569Z -- [INFO] Unpacking /home/runner/.m2/repository/org/keycloak/keycloak-client-cli-dist/999.0.0-SNAPSHOT/keycloak-client-cli-dist-999.0.0-SNAPSHOT.zip to /home/runner/work/keycloak/keycloak/testsuite/integration-arquillian/tests/base/target/containers with includes "" and excludes ""
Legacy Store IT (mssql)	Run base tests	2023-12-04T14:00:10.9292755Z -- [INFO] 
Legacy Store IT (mssql)	Run base tests	2023-12-04T14:00:10.9294075Z -- [INFO] --- maven-dependency-plugin:3.1.2:copy-dependencies (copy-testsuite-providers-to-base-testsuite) @ integration-arquillian-tests-base ---
Legacy Store IT (mssql)	Run base tests	2023-12-04T14:00:10.9403741Z -- [INFO] Copying integration-arquillian-testsuite-providers-999.0.0-SNAPSHOT.jar to /home/runner/work/keycloak/keycloak/testsuite/integration-arquillian/tests/base/target/lib/integration-arquillian-testsuite-providers-999.0.0-SNAPSHOT.jar
Legacy Store IT (mssql)	Run base tests	2023-12-04T14:00:10.9409901Z -- [INFO] 
Legacy Store IT (mssql)	Run base tests	2023-12-04T14:00:10.9411248Z -- [INFO] --- maven-resources-plugin:3.0.1:testResources (default-testResources) @ integration-arquillian-tests-base ---
Legacy Store IT (mssql)	Run base tests	2023-12-04T14:00:10.9427532Z -- [INFO] Using 'UTF-8' encoding to copy filtered resources.
Legacy Store IT (mssql)	Run base tests	2023-12-04T14:00:10.9496158Z -- [INFO] Copying 40 resources
Legacy Store IT (mssql)	Run base tests	2023-12-04T14:00:11.1907469Z -- [INFO] Copying 355 resources
Legacy Store IT (mssql)	Run base tests	2023-12-04T14:00:11.2680478Z -- [INFO] 
Legacy Store IT (mssql)	Run base tests	2023-12-04T14:00:11.2683079Z -- [INFO] --- maven-antrun-plugin:1.8:run (clean-second-cache-server-arquillian-bug-workaround) @ integration-arquillian-tests-base ---
Legacy Store IT (mssql)	Run base tests	2023-12-04T14:00:11.2883850Z -- [INFO] Skipping Antrun execution
Legacy Store IT (mssql)	Run base tests	2023-12-04T14:00:11.2885145Z -- [INFO] 
Legacy Store IT (mssql)	Run base tests	2023-12-04T14:00:11.2886395Z -- [INFO] --- maven-antrun-plugin:1.8:run (default) @ integration-arquillian-tests-base ---
Legacy Store IT (mssql)	Run base tests	2023-12-04T14:00:11.4114889Z -- [INFO] Executing tasks
Legacy Store IT (mssql)	Run base tests	2023-12-04T14:00:11.4117077Z -- 
Legacy Store IT (mssql)	Run base tests	2023-12-04T14:00:11.4117678Z -- main:
Legacy Store IT (mssql)	Run base tests	2023-12-04T14:00:11.4303611Z -- [INFO] Executed tasks
Legacy Store IT (mssql)	Run base tests	2023-12-04T14:00:11.4305460Z -- [INFO] 
Legacy Store IT (mssql)	Run base tests	2023-12-04T14:00:11.4306717Z -- [INFO] --- maven-compiler-plugin:3.8.1:testCompile (default-testCompile) @ integration-arquillian-tests-base ---
Legacy Store IT (mssql)	Run base tests	2023-12-04T14:00:11.4897246Z -- [INFO] Changes detected - recompiling the module!
Legacy Store IT (mssql)	Run base tests	2023-12-04T14:00:11.4966148Z -- [INFO] Compiling 736 source files to /home/runner/work/keycloak/keycloak/testsuite/integration-arquillian/tests/base/target/test-classes
Legacy Store IT (mssql)	Run base tests	2023-12-04T14:00:25.7458866Z -- [WARNING] /home/runner/work/keycloak/keycloak/testsuite/integration-arquillian/tests/base/src/test/java/org/keycloak/testsuite/broker/KcOidcBrokerLoginHintTest.java:[6,30] junit.framework.Assert in junit.framework has been deprecated
Legacy Store IT (mssql)	Run base tests	2023-12-04T14:00:25.7464946Z -- [WARNING] /home/runner/work/keycloak/keycloak/testsuite/integration-arquillian/tests/base/src/test/java/org/keycloak/testsuite/broker/KcOidcBrokerLoginHintTest.java:[6,30] junit.framework.Assert in junit.framework has been deprecated
Legacy Store IT (mssql)	Run base tests	2023-12-04T14:00:25.7469930Z -- [WARNING] /home/runner/work/keycloak/keycloak/testsuite/integration-arquillian/tests/base/src/test/java/org/keycloak/testsuite/broker/KcOidcBrokerLoginHintTest.java:[6,30] junit.framework.Assert in junit.framework has been deprecated
Legacy Store IT (mssql)	Run base tests	2023-12-04T14:00:25.7474775Z -- [WARNING] /home/runner/work/keycloak/keycloak/testsuite/integration-arquillian/tests/base/src/test/java/org/keycloak/testsuite/util/AssertAdminEvents.java:[191,19] <T>assertThat(T,org.hamcrest.Matcher<? super T>) in org.junit.Assert has been deprecated
Legacy Store IT (mssql)	Run base tests	2023-12-04T14:00:25.7478995Z -- [WARNING] /home/runner/work/keycloak/keycloak/testsuite/integration-arquillian/tests/base/src/test/java/org/keycloak/testsuite/util/AssertAdminEvents.java:[219,97] unchecked cast
Legacy Store IT (mssql)	Run base tests	2023-12-04T14:00:25.7496614Z --   required: java.util.List<org.keycloak.representations.idm.RoleRepresentation>
Legacy Store IT (mssql)	Run base tests	2023-12-04T14:00:25.7497888Z --   found:    java.lang.Object
Legacy Store IT (mssql)	Run base tests	2023-12-04T14:00:25.7501053Z -- [WARNING] /home/runner/work/keycloak/keycloak/testsuite/integration-arquillian/tests/base/src/test/java/org/keycloak/testsuite/broker/AbstractFirstBrokerLoginTest.java:[1000,9] <T>assertThat(T,org.hamcrest.Matcher<? super T>) in org.junit.Assert has been deprecated
Legacy Store IT (mssql)	Run base tests	2023-12-04T14:00:25.7506680Z -- [WARNING] /home/runner/work/keycloak/keycloak/testsuite/integration-arquillian/tests/base/src/test/java/org/keycloak/testsuite/broker/BrokerRunOnServerUtil.java:[147,45] removeExpired(org.keycloak.models.RealmModel) in org.keycloak.sessions.AuthenticationSessionProvider has been deprecated
Legacy Store IT (mssql)	Run base tests	2023-12-04T14:00:25.7511873Z -- [WARNING] /home/runner/work/keycloak/keycloak/testsuite/integration-arquillian/tests/base/src/test/java/org/keycloak/testsuite/AssertEvents.java:[96,89] isEmptyOrNullString() in org.hamcrest.Matchers has been deprecated
Legacy Store IT (mssql)	Run base tests	2023-12-04T14:00:25.7516643Z -- [WARNING] /home/runner/work/keycloak/keycloak/testsuite/integration-arquillian/tests/base/src/test/java/org/keycloak/testsuite/AssertEvents.java:[366,19] <T>assertThat(java.lang.String,T,org.hamcrest.Matcher<? super T>) in org.junit.Assert has been deprecated
Legacy Store IT (mssql)	Run base tests	2023-12-04T14:00:25.7521619Z -- [WARNING] /home/runner/work/keycloak/keycloak/testsuite/integration-arquillian/tests/base/src/test/java/org/keycloak/testsuite/AssertEvents.java:[367,19] <T>assertThat(java.lang.String,T,org.hamcrest.Matcher<? super T>) in org.junit.Assert has been deprecated
Legacy Store IT (mssql)	Run base tests	2023-12-04T14:00:25.7526598Z -- [WARNING] /home/runner/work/keycloak/keycloak/testsuite/integration-arquillian/tests/base/src/test/java/org/keycloak/testsuite/AssertEvents.java:[368,19] <T>assertThat(java.lang.String,T,org.hamcrest.Matcher<? super T>) in org.junit.Assert has been deprecated
Legacy Store IT (mssql)	Run base tests	2023-12-04T14:00:25.7531577Z -- [WARNING] /home/runner/work/keycloak/keycloak/testsuite/integration-arquillian/tests/base/src/test/java/org/keycloak/testsuite/AssertEvents.java:[369,19] <T>assertThat(java.lang.String,T,org.hamcrest.Matcher<? super T>) in org.junit.Assert has been deprecated
Legacy Store IT (mssql)	Run base tests	2023-12-04T14:00:25.7536799Z -- [WARNING] /home/runner/work/keycloak/keycloak/testsuite/integration-arquillian/tests/base/src/test/java/org/keycloak/testsuite/AssertEvents.java:[370,19] <T>assertThat(java.lang.String,T,org.hamcrest.Matcher<? super T>) in org.junit.Assert has been deprecated
Legacy Store IT (mssql)	Run base tests	2023-12-04T14:00:25.7541633Z -- [WARNING] /home/runner/work/keycloak/keycloak/testsuite/integration-arquillian/tests/base/src/test/java/org/keycloak/testsuite/AssertEvents.java:[371,19] <T>assertThat(java.lang.String,T,org.hamcrest.Matcher<? super T>) in org.junit.Assert has been deprecated
Legacy Store IT (mssql)	Run base tests	2023-12-04T14:00:25.7577908Z -- [WARNING] /home/runner/work/keycloak/keycloak/testsuite/integration-arquillian/tests/base/src/test/java/org/keycloak/testsuite/AssertEvents.java:[372,19] <T>assertThat(java.lang.String,T,org.hamcrest.Matcher<? super T>) in org.junit.Assert has been deprecated
Legacy Store IT (mssql)	Run base tests	2023-12-04T14:00:25.7583942Z -- [WARNING] /home/runner/work/keycloak/keycloak/testsuite/integration-arquillian/tests/base/src/test/java/org/keycloak/testsuite/AssertEvents.java:[384,27] <T>assertThat(java.lang.String,T,org.hamcrest.Matcher<? super T>) in org.junit.Assert has been deprecated
Legacy Store IT (mssql)	Run base tests	2023-12-04T14:00:25.7589898Z -- [WARNING] /home/runner/work/keycloak/keycloak/testsuite/integration-arquillian/tests/base/src/test/java/org/keycloak/testsuite/authz/adapter/example/AbstractServletPolicyEnforcerTest.java:[327,21] setUri(java.lang.String) in org.keycloak.representations.idm.authorization.ResourceRepresentation has been deprecated
Legacy Store IT (mssql)	Run base tests	2023-12-04T14:00:25.7596354Z -- [WARNING] /home/runner/work/keycloak/keycloak/testsuite/integration-arquillian/tests/base/src/test/java/org/keycloak/testsuite/authz/adapter/example/AbstractServletPolicyEnforcerTest.java:[334,32] getUri() in org.keycloak.representations.idm.authorization.ResourceRepresentation has been deprecated
Legacy Store IT (mssql)	Run base tests	2023-12-04T14:00:25.7602641Z -- [WARNING] /home/runner/work/keycloak/keycloak/testsuite/integration-arquillian/tests/base/src/test/java/org/keycloak/testsuite/authz/adapter/example/AbstractServletPolicyEnforcerTest.java:[340,32] getUri() in org.keycloak.representations.idm.authorization.ResourceRepresentation has been deprecated
Legacy Store IT (mssql)	Run base tests	2023-12-04T14:00:25.7608959Z -- [WARNING] /home/runner/work/keycloak/keycloak/testsuite/integration-arquillian/tests/base/src/test/java/org/keycloak/testsuite/authz/adapter/example/AbstractServletPolicyEnforcerTest.java:[346,32] getUri() in org.keycloak.representations.idm.authorization.ResourceRepresentation has been deprecated
Legacy Store IT (mssql)	Run base tests	2023-12-04T14:00:25.7618257Z -- [WARNING] /home/runner/work/keycloak/keycloak/testsuite/integration-arquillian/tests/base/src/test/java/org/keycloak/testsuite/authz/adapter/example/AbstractServletPolicyEnforcerTest.java:[366,21] setUri(java.lang.String) in org.keycloak.representations.idm.authorization.ResourceRepresentation has been deprecated
Legacy Store IT (mssql)	Run base tests	2023-12-04T14:00:25.7623806Z -- [WARNING] /home/runner/work/keycloak/keycloak/testsuite/integration-arquillian/tests/base/src/test/java/org/keycloak/testsuite/saml/AbstractSamlTest.java:[165,9] <T>assertThat(T,org.hamcrest.Matcher<? super T>) in org.junit.Assert has been deprecated
Legacy Store IT (mssql)	Run base tests	2023-12-04T14:00:25.7628853Z -- [WARNING] /home/runner/work/keycloak/keycloak/testsuite/integration-arquillian/tests/base/src/test/java/org/keycloak/testsuite/saml/AbstractSamlTest.java:[168,9] <T>assertThat(T,org.hamcrest.Matcher<? super T>) in org.junit.Assert has been deprecated
Legacy Store IT (mssql)	Run base tests	2023-12-04T14:00:25.7633481Z -- [WARNING] /home/runner/work/keycloak/keycloak/testsuite/integration-arquillian/tests/base/src/test/java/org/keycloak/testsuite/saml/AbstractSamlTest.java:[169,9] <T>assertThat(T,org.hamcrest.Matcher<? super T>) in org.junit.Assert has been deprecated
Legacy Store IT (mssql)	Run base tests	2023-12-04T14:00:25.7638281Z -- [WARNING] /home/runner/work/keycloak/keycloak/testsuite/integration-arquillian/tests/base/src/test/java/org/keycloak/testsuite/broker/AbstractAdvancedBrokerTest.java:[375,9] <T>assertThat(T,org.hamcrest.Matcher<? super T>) in org.junit.Assert has been deprecated
Legacy Store IT (mssql)	Run base tests	2023-12-04T14:00:25.7643073Z -- [WARNING] /home/runner/work/keycloak/keycloak/testsuite/integration-arquillian/tests/base/src/test/java/org/keycloak/testsuite/broker/AbstractAdvancedBrokerTest.java:[376,9] <T>assertThat(T,org.hamcrest.Matcher<? super T>) in org.junit.Assert has been deprecated
Legacy Store IT (mssql)	Run base tests	2023-12-04T14:00:25.7647856Z -- [WARNING] /home/runner/work/keycloak/keycloak/testsuite/integration-arquillian/tests/base/src/test/java/org/keycloak/testsuite/broker/AbstractAdvancedBrokerTest.java:[389,13] <T>assertThat(T,org.hamcrest.Matcher<? super T>) in org.junit.Assert has been deprecated
Legacy Store IT (mssql)	Run base tests	2023-12-04T14:00:25.7652694Z -- [WARNING] /home/runner/work/keycloak/keycloak/testsuite/integration-arquillian/tests/base/src/test/java/org/keycloak/testsuite/broker/AbstractAdvancedBrokerTest.java:[391,13] <T>assertThat(T,org.hamcrest.Matcher<? super T>) in org.junit.Assert has been deprecated
Legacy Store IT (mssql)	Run base tests	2023-12-04T14:00:25.7703473Z -- [WARNING] /home/runner/work/keycloak/keycloak/testsuite/integration-arquillian/tests/base/src/test/java/org/keycloak/testsuite/broker/AbstractAdvancedBrokerTest.java:[392,13] <T>assertThat(T,org.hamcrest.Matcher<? super T>) in org.junit.Assert has been deprecated
Legacy Store IT (mssql)	Run base tests	2023-12-04T14:00:25.7708749Z -- [WARNING] /home/runner/work/keycloak/keycloak/testsuite/integration-arquillian/tests/base/src/test/java/org/keycloak/testsuite/broker/AbstractAdvancedBrokerTest.java:[423,9] <T>assertThat(T,org.hamcrest.Matcher<? super T>) in org.junit.Assert has been deprecated
Legacy Store IT (mssql)	Run base tests	2023-12-04T14:00:25.7713640Z -- [WARNING] /home/runner/work/keycloak/keycloak/testsuite/integration-arquillian/tests/base/src/test/java/org/keycloak/testsuite/broker/AbstractAdvancedBrokerTest.java:[424,9] <T>assertThat(T,org.hamcrest.Matcher<? super T>) in org.junit.Assert has been deprecated
Legacy Store IT (mssql)	Run base tests	2023-12-04T14:00:25.7718789Z -- [WARNING] /home/runner/work/keycloak/keycloak/testsuite/integration-arquillian/tests/base/src/test/java/org/keycloak/testsuite/broker/AbstractAdvancedBrokerTest.java:[439,9] <T>assertThat(T,org.hamcrest.Matcher<? super T>) in org.junit.Assert has been deprecated
Legacy Store IT (mssql)	Run base tests	2023-12-04T14:00:25.7723953Z -- [WARNING] /home/runner/work/keycloak/keycloak/testsuite/integration-arquillian/tests/base/src/test/java/org/keycloak/testsuite/broker/AbstractAdvancedBrokerTest.java:[440,9] <T>assertThat(T,org.hamcrest.Matcher<? super T>) in org.junit.Assert has been deprecated
Legacy Store IT (mssql)	Run base tests	2023-12-04T14:00:25.7728654Z -- [WARNING] /home/runner/work/keycloak/keycloak/testsuite/integration-arquillian/tests/base/src/test/java/org/keycloak/testsuite/authz/AuthzClientTest.java:[18,67] none() in org.junit.rules.ExpectedException has been deprecated
Legacy Store IT (mssql)	Run base tests	2023-12-04T14:00:25.7733326Z -- [WARNING] /home/runner/work/keycloak/keycloak/testsuite/integration-arquillian/tests/base/src/test/java/org/keycloak/testsuite/authz/AuthorizationAPITest.java:[81,21] defaultRoles(java.lang.String...) in org.keycloak.testsuite.util.ClientBuilder has been deprecated
Legacy Store IT (mssql)	Run base tests	2023-12-04T14:00:25.7738712Z -- [WARNING] /home/runner/work/keycloak/keycloak/testsuite/integration-arquillian/tests/base/src/test/java/org/keycloak/testsuite/authz/AuthorizationAPITest.java:[87,21] defaultRoles(java.lang.String...) in org.keycloak.testsuite.util.ClientBuilder has been deprecated
Legacy Store IT (mssql)	Run base tests	2023-12-04T14:00:25.7743619Z -- [WARNING] /home/runner/work/keycloak/keycloak/testsuite/integration-arquillian/tests/base/src/test/java/org/keycloak/testsuite/model/ClientModelTest.java:[97,15] updateClient() in org.keycloak.models.ClientModel has been deprecated
Legacy Store IT (mssql)	Run base tests	2023-12-04T14:00:25.7747966Z -- [WARNING] /home/runner/work/keycloak/keycloak/testsuite/integration-arquillian/tests/base/src/test/java/org/keycloak/testsuite/client/ClientSecretRotationTest.java:[760,59] unchecked conversion
Legacy Store IT (mssql)	Run base tests	2023-12-04T14:00:25.7750465Z --   required: java.util.Map<java.lang.String,java.lang.String>
Legacy Store IT (mssql)	Run base tests	2023-12-04T14:00:25.7751273Z --   found:    java.util.Map
Legacy Store IT (mssql)	Run base tests	2023-12-04T14:00:25.7754487Z -- [WARNING] /home/runner/work/keycloak/keycloak/testsuite/integration-arquillian/tests/base/src/test/java/org/keycloak/testsuite/broker/AbstractIdentityProviderMapperTest.java:[71,9] <T>assertThat(java.lang.String,T,org.hamcrest.Matcher<? super T>) in org.junit.Assert has been deprecated
Legacy Store IT (mssql)	Run base tests	2023-12-04T14:00:25.7760015Z -- [WARNING] /home/runner/work/keycloak/keycloak/testsuite/integration-arquillian/tests/base/src/test/java/org/keycloak/testsuite/broker/AbstractIdentityProviderMapperTest.java:[73,9] <T>assertThat(java.lang.String,T,org.hamcrest.Matcher<? super T>) in org.junit.Assert has been deprecated
Legacy Store IT (mssql)	Run base tests	2023-12-04T14:00:25.7765409Z -- [WARNING] /home/runner/work/keycloak/keycloak/testsuite/integration-arquillian/tests/base/src/test/java/org/keycloak/testsuite/broker/AbstractIdentityProviderMapperTest.java:[74,9] <T>assertThat(java.lang.String,T,org.hamcrest.Matcher<? super T>) in org.junit.Assert has been deprecated
Legacy Store IT (mssql)	Run base tests	2023-12-04T14:00:25.7771591Z -- [WARNING] /home/runner/work/keycloak/keycloak/testsuite/integration-arquillian/tests/base/src/test/java/org/keycloak/testsuite/client/policies/AbstractClientPoliciesTest.java:[566,42] org.apache.http.impl.client.DefaultHttpClient in org.apache.http.impl.client has been deprecated
Legacy Store IT (mssql)	Run base tests	2023-12-04T14:00:25.7776957Z -- [WARNING] /home/runner/work/keycloak/keycloak/testsuite/integration-arquillian/tests/base/src/test/java/org/keycloak/testsuite/client/policies/AbstractClientPoliciesTest.java:[688,59] unchecked conversion
Legacy Store IT (mssql)	Run base tests	2023-12-04T14:00:25.7779379Z --   required: java.util.Map<java.lang.String,java.lang.String>
Legacy Store IT (mssql)	Run base tests	2023-12-04T14:00:25.7780106Z --   found:    java.util.Map
Legacy Store IT (mssql)	Run base tests	2023-12-04T14:00:25.7782524Z -- [WARNING] /home/runner/work/keycloak/keycloak/testsuite/integration-arquillian/tests/base/src/test/java/org/keycloak/testsuite/client/policies/AbstractClientPoliciesTest.java:[746,55] unchecked conversion
Legacy Store IT (mssql)	Run base tests	2023-12-04T14:00:25.7785174Z --   required: java.util.Map<java.lang.String,java.lang.String>
Legacy Store IT (mssql)	Run base tests	2023-12-04T14:00:25.7786031Z --   found:    java.util.Map
Legacy Store IT (mssql)	Run base tests	2023-12-04T14:00:25.7788425Z -- [WARNING] /home/runner/work/keycloak/keycloak/testsuite/integration-arquillian/tests/base/src/test/java/org/keycloak/testsuite/client/policies/AbstractClientPoliciesTest.java:[1081,104] unchecked cast
Legacy Store IT (mssql)	Run base tests	2023-12-04T14:00:25.7790903Z --   required: java.util.Collection<java.lang.String>
Legacy Store IT (mssql)	Run base tests	2023-12-04T14:00:25.7791679Z --   found:    java.util.List
Legacy Store IT (mssql)	Run base tests	2023-12-04T14:00:25.7794556Z -- [WARNING] /home/runner/work/keycloak/keycloak/testsuite/integration-arquillian/tests/base/src/test/java/org/keycloak/testsuite/migration/AbstractMigrationTest.java:[798,43] getExpiration() in org.keycloak.representations.JsonWebToken has been deprecated
Legacy Store IT (mssql)	Run base tests	2023-12-04T14:00:25.7798723Z -- [WARNING] /home/runner/work/keycloak/keycloak/testsuite/integration-arquillian/tests/base/src/test/java/org/keycloak/testsuite/saml/BrokerTest.java:[335,63] unchecked conversion
Legacy Store IT (mssql)	Run base tests	2023-12-04T14:00:25.7801315Z --   required: org.keycloak.saml.BaseSAML2BindingBuilder<org.keycloak.saml.BaseSAML2BindingBuilder>
Legacy Store IT (mssql)	Run base tests	2023-12-04T14:00:25.7802706Z --   found:    org.keycloak.saml.BaseSAML2BindingBuilder
Legacy Store IT (mssql)	Run base tests	2023-12-04T14:00:25.7807026Z -- [WARNING] /home/runner/work/keycloak/keycloak/testsuite/integration-arquillian/tests/base/src/test/java/org/keycloak/testsuite/authz/admin/ClaimInformationPointProviderTest.java:[176,30] unchecked call to create(java.util.Map<java.lang.String,java.lang.Object>) as a member of the raw type org.keycloak.adapters.authorization.cip.spi.ClaimInformationPointProviderFactory
Legacy Store IT (mssql)	Run base tests	2023-12-04T14:00:25.7813276Z -- [WARNING] /home/runner/work/keycloak/keycloak/testsuite/integration-arquillian/tests/base/src/test/java/org/keycloak/testsuite/authz/admin/ClaimInformationPointProviderTest.java:[346,20] javax.security.cert.X509Certificate in javax.security.cert has been deprecated
Legacy Store IT (mssql)	Run base tests	2023-12-04T14:00:25.7818805Z -- [WARNING] /home/runner/work/keycloak/keycloak/testsuite/integration-arquillian/tests/base/src/test/java/org/keycloak/testsuite/authz/admin/ClaimInformationPointProviderTest.java:[347,28] javax.security.cert.X509Certificate in javax.security.cert has been deprecated
Legacy Store IT (mssql)	Run base tests	2023-12-04T14:00:25.7824871Z -- [WARNING] /home/runner/work/keycloak/keycloak/testsuite/integration-arquillian/tests/base/src/test/java/org/keycloak/testsuite/admin/UserFederationLdapConnectionTest.java:[80,25] testLDAPConnection(java.lang.String,java.lang.String,java.lang.String,java.lang.String,java.lang.String,java.lang.String) in org.keycloak.admin.client.resource.RealmResource has been deprecated
Legacy Store IT (mssql)	Run base tests	2023-12-04T14:00:25.7831162Z -- [WARNING] /home/runner/work/keycloak/keycloak/testsuite/integration-arquillian/tests/base/src/test/java/org/keycloak/testsuite/admin/UserFederationLdapConnectionTest.java:[148,15] <T>assertThat(T,org.hamcrest.Matcher<? super T>) in org.junit.Assert has been deprecated
Legacy Store IT (mssql)	Run base tests	2023-12-04T14:00:25.7836090Z -- [WARNING] /home/runner/work/keycloak/keycloak/testsuite/integration-arquillian/tests/base/src/test/java/org/keycloak/testsuite/oauth/OfflineTokenTest.java:[258,37] getExpiration() in org.keycloak.representations.JsonWebToken has been deprecated
Legacy Store IT (mssql)	Run base tests	2023-12-04T14:00:25.7841320Z -- [WARNING] /home/runner/work/keycloak/keycloak/testsuite/integration-arquillian/tests/base/src/test/java/org/keycloak/testsuite/oauth/OfflineTokenTest.java:[354,44] getExpiration() in org.keycloak.representations.JsonWebToken has been deprecated
Legacy Store IT (mssql)	Run base tests	2023-12-04T14:00:25.7846421Z -- [WARNING] /home/runner/work/keycloak/keycloak/testsuite/integration-arquillian/tests/base/src/test/java/org/keycloak/testsuite/oauth/OfflineTokenTest.java:[389,44] getExpiration() in org.keycloak.representations.JsonWebToken has been deprecated
Legacy Store IT (mssql)	Run base tests	2023-12-04T14:00:25.7851390Z -- [WARNING] /home/runner/work/keycloak/keycloak/testsuite/integration-arquillian/tests/base/src/test/java/org/keycloak/testsuite/oauth/OfflineTokenTest.java:[438,44] getExpiration() in org.keycloak.representations.JsonWebToken has been deprecated
Legacy Store IT (mssql)	Run base tests	2023-12-04T14:00:25.7856359Z -- [WARNING] /home/runner/work/keycloak/keycloak/testsuite/integration-arquillian/tests/base/src/test/java/org/keycloak/testsuite/oauth/OfflineTokenTest.java:[674,37] getExpiration() in org.keycloak.representations.JsonWebToken has been deprecated
Legacy Store IT (mssql)	Run base tests	2023-12-04T14:00:25.7861100Z -- [WARNING] /home/runner/work/keycloak/keycloak/testsuite/integration-arquillian/tests/base/src/test/java/org/keycloak/testsuite/oauth/OfflineTokenTest.java:[711,38] getExpiration() in org.keycloak.representations.JsonWebToken has been deprecated
Legacy Store IT (mssql)	Run base tests	2023-12-04T14:00:25.7865817Z -- [WARNING] /home/runner/work/keycloak/keycloak/testsuite/integration-arquillian/tests/base/src/test/java/org/keycloak/testsuite/oauth/OfflineTokenTest.java:[973,44] getExpiration() in org.keycloak.representations.JsonWebToken has been deprecated
Legacy Store IT (mssql)	Run base tests	2023-12-04T14:00:25.7870422Z -- [WARNING] /home/runner/work/keycloak/keycloak/testsuite/integration-arquillian/tests/base/src/test/java/org/keycloak/testsuite/oauth/OfflineTokenTest.java:[1115,19] <T>assertThat(T,org.hamcrest.Matcher<? super T>) in org.junit.Assert has been deprecated
Legacy Store IT (mssql)	Run base tests	2023-12-04T14:00:25.7875237Z -- [WARNING] /home/runner/work/keycloak/keycloak/testsuite/integration-arquillian/tests/base/src/test/java/org/keycloak/testsuite/oauth/OfflineTokenTest.java:[1116,19] <T>assertThat(T,org.hamcrest.Matcher<? super T>) in org.junit.Assert has been deprecated
Legacy Store IT (mssql)	Run base tests	2023-12-04T14:00:25.7880087Z -- [WARNING] /home/runner/work/keycloak/keycloak/testsuite/integration-arquillian/tests/base/src/test/java/org/keycloak/testsuite/oauth/OfflineTokenTest.java:[1125,19] <T>assertThat(T,org.hamcrest.Matcher<? super T>) in org.junit.Assert has been deprecated
Legacy Store IT (mssql)	Run base tests	2023-12-04T14:00:25.7885181Z -- [WARNING] /home/runner/work/keycloak/keycloak/testsuite/integration-arquillian/tests/base/src/test/java/org/keycloak/testsuite/authz/admin/AbstractAuthorizationTest.java:[134,25] defaultRoles(java.lang.String...) in org.keycloak.testsuite.util.ClientBuilder has been deprecated
Legacy Store IT (mssql)	Run base tests	2023-12-04T14:00:25.7890127Z -- [WARNING] /home/runner/work/keycloak/keycloak/testsuite/integration-arquillian/tests/base/src/test/java/org/keycloak/testsuite/util/UserBuilder.java:[159,12] setTotp(java.lang.Boolean) in org.keycloak.representations.idm.UserRepresentation has been deprecated
Legacy Store IT (mssql)	Run base tests	2023-12-04T14:00:25.7895270Z -- [WARNING] /home/runner/work/keycloak/keycloak/testsuite/integration-arquillian/tests/base/src/test/java/org/keycloak/testsuite/util/UserBuilder.java:[176,12] setTotp(java.lang.Boolean) in org.keycloak.representations.idm.UserRepresentation has been deprecated
Legacy Store IT (mssql)	Run base tests	2023-12-04T14:00:25.7901124Z -- [WARNING] /home/runner/work/keycloak/keycloak/testsuite/integration-arquillian/tests/base/src/test/java/org/keycloak/testsuite/admin/PermissionsTest.java:[373,35] testLDAPConnection(java.lang.String,java.lang.String,java.lang.String,java.lang.String,java.lang.String,java.lang.String) in org.keycloak.admin.client.resource.RealmResource has been deprecated
Legacy Store IT (mssql)	Run base tests	2023-12-04T14:00:25.7906747Z -- [WARNING] /home/runner/work/keycloak/keycloak/testsuite/integration-arquillian/tests/base/src/test/java/org/keycloak/testsuite/admin/PermissionsTest.java:[512,15] <T>assertThat(T,org.hamcrest.Matcher<? super T>) in org.junit.Assert has been deprecated
Legacy Store IT (mssql)	Run base tests	2023-12-04T14:00:25.7911605Z -- [WARNING] /home/runner/work/keycloak/keycloak/testsuite/integration-arquillian/tests/base/src/test/java/org/keycloak/testsuite/admin/PermissionsTest.java:[515,15] <T>assertThat(T,org.hamcrest.Matcher<? super T>) in org.junit.Assert has been deprecated
Legacy Store IT (mssql)	Run base tests	2023-12-04T14:00:25.7917284Z -- [WARNING] /home/runner/work/keycloak/keycloak/testsuite/integration-arquillian/tests/base/src/test/java/org/keycloak/testsuite/admin/PermissionsTest.java:[669,83] unchecked method invocation: method createMapper in interface org.keycloak.admin.client.resource.ProtocolMappersResource is applied to given types
Legacy Store IT (mssql)	Run base tests	2023-12-04T14:00:25.7921043Z --   required: java.util.List<org.keycloak.representations.idm.ProtocolMapperRepresentation>
Legacy Store IT (mssql)	Run base tests	2023-12-04T14:00:25.7922212Z --   found:    java.util.List
Legacy Store IT (mssql)	Run base tests	2023-12-04T14:00:25.7924480Z -- [WARNING] /home/runner/work/keycloak/keycloak/testsuite/integration-arquillian/tests/base/src/test/java/org/keycloak/testsuite/admin/PermissionsTest.java:[669,95] unchecked conversion
Legacy Store IT (mssql)	Run base tests	2023-12-04T14:00:25.7927235Z --   required: java.util.List<org.keycloak.representations.idm.ProtocolMapperRepresentation>
Legacy Store IT (mssql)	Run base tests	2023-12-04T14:00:25.7928419Z --   found:    java.util.List
Legacy Store IT (mssql)	Run base tests	2023-12-04T14:00:25.7931392Z -- [WARNING] /home/runner/work/keycloak/keycloak/testsuite/integration-arquillian/tests/base/src/test/java/org/keycloak/testsuite/admin/PermissionsTest.java:[1537,48] resetPasswordEmail() in org.keycloak.admin.client.resource.UserResource has been deprecated
Legacy Store IT (mssql)	Run base tests	2023-12-04T14:00:25.7937301Z -- [WARNING] /home/runner/work/keycloak/keycloak/testsuite/integration-arquillian/tests/base/src/test/java/org/keycloak/testsuite/admin/PermissionsTest.java:[1826,64] getRealmLocalizationTexts(java.lang.String,java.lang.Boolean) in org.keycloak.admin.client.resource.RealmLocalizationResource has been deprecated
Legacy Store IT (mssql)	Run base tests	2023-12-04T14:00:25.7943086Z -- [WARNING] /home/runner/work/keycloak/keycloak/testsuite/integration-arquillian/tests/base/src/test/java/org/keycloak/testsuite/actions/RequiredActionEmailVerificationTest.java:[860,15] <T>assertThat(T,org.hamcrest.Matcher<? super T>) in org.junit.Assert has been deprecated
Legacy Store IT (mssql)	Run base tests	2023-12-04T14:00:25.7948635Z -- [WARNING] /home/runner/work/keycloak/keycloak/testsuite/integration-arquillian/tests/base/src/test/java/org/keycloak/testsuite/actions/RequiredActionEmailVerificationTest.java:[899,15] <T>assertThat(T,org.hamcrest.Matcher<? super T>) in org.junit.Assert has been deprecated
Legacy Store IT (mssql)	Run base tests	2023-12-04T14:00:25.7954145Z -- [WARNING] /home/runner/work/keycloak/keycloak/testsuite/integration-arquillian/tests/base/src/test/java/org/keycloak/testsuite/actions/RequiredActionEmailVerificationTest.java:[943,15] <T>assertThat(T,org.hamcrest.Matcher<? super T>) in org.junit.Assert has been deprecated
Legacy Store IT (mssql)	Run base tests	2023-12-04T14:00:25.7959651Z -- [WARNING] /home/runner/work/keycloak/keycloak/testsuite/integration-arquillian/tests/base/src/test/java/org/keycloak/testsuite/authz/AuthzClientCredentialsTest.java:[335,25] defaultRoles(java.lang.String...) in org.keycloak.testsuite.util.ClientBuilder has been deprecated
Legacy Store IT (mssql)	Run base tests	2023-12-04T14:00:25.7965229Z -- [WARNING] /home/runner/work/keycloak/keycloak/testsuite/integration-arquillian/tests/base/src/test/java/org/keycloak/testsuite/cluster/AbstractInvalidationClusterTest.java:[178,41] unchecked method invocation: method sort in class java.util.Collections is applied to given types
Legacy Store IT (mssql)	Run base tests	2023-12-04T14:00:25.7968351Z --   required: java.util.List<T>
Legacy Store IT (mssql)	Run base tests	2023-12-04T14:00:25.7969027Z --   found:    java.util.List
Legacy Store IT (mssql)	Run base tests	2023-12-04T14:00:25.7971583Z -- [WARNING] /home/runner/work/keycloak/keycloak/testsuite/integration-arquillian/tests/base/src/test/java/org/keycloak/testsuite/cluster/AbstractInvalidationClusterTest.java:[178,42] unchecked conversion
Legacy Store IT (mssql)	Run base tests	2023-12-04T14:00:25.7974049Z --   required: java.util.List<T>
Legacy Store IT (mssql)	Run base tests	2023-12-04T14:00:25.7974976Z --   found:    java.util.List
Legacy Store IT (mssql)	Run base tests	2023-12-04T14:00:25.7978449Z -- [WARNING] /home/runner/work/keycloak/keycloak/testsuite/integration-arquillian/tests/base/src/test/java/org/keycloak/testsuite/saml/RoleMapperTest.java:[74,34] unchecked method invocation: method setDefaultClientScopes in class org.keycloak.testsuite.updaters.ClientAttributeUpdater is applied to given types
Legacy Store IT (mssql)	Run base tests	2023-12-04T14:00:25.7982504Z --   required: java.util.List<java.lang.String>
Legacy Store IT (mssql)	Run base tests	2023-12-04T14:00:25.7983375Z --   found:    java.util.List
Legacy Store IT (mssql)	Run base tests	2023-12-04T14:00:25.7985549Z -- [WARNING] /home/runner/work/keycloak/keycloak/testsuite/integration-arquillian/tests/base/src/test/java/org/keycloak/testsuite/saml/RoleMapperTest.java:[74,46] unchecked conversion
Legacy Store IT (mssql)	Run base tests	2023-12-04T14:00:25.7987783Z --   required: java.util.List<java.lang.String>
Legacy Store IT (mssql)	Run base tests	2023-12-04T14:00:25.7988524Z --   found:    java.util.List
Legacy Store IT (mssql)	Run base tests	2023-12-04T14:00:25.7991276Z -- [WARNING] /home/runner/work/keycloak/keycloak/testsuite/integration-arquillian/tests/base/src/test/java/org/keycloak/testsuite/saml/RoleMapperTest.java:[192,9] <T>assertThat(T,org.hamcrest.Matcher<? super T>) in org.junit.Assert has been deprecated
Legacy Store IT (mssql)	Run base tests	2023-12-04T14:00:25.7996148Z -- [WARNING] /home/runner/work/keycloak/keycloak/testsuite/integration-arquillian/tests/base/src/test/java/org/keycloak/testsuite/saml/RoleMapperTest.java:[202,9] <T>assertThat(T,org.hamcrest.Matcher<? super T>) in org.junit.Assert has been deprecated
Legacy Store IT (mssql)	Run base tests	2023-12-04T14:00:25.8001217Z -- [WARNING] /home/runner/work/keycloak/keycloak/testsuite/integration-arquillian/tests/base/src/test/java/org/keycloak/testsuite/saml/AudienceProtocolMappersTest.java:[80,15] <T>assertThat(T,org.hamcrest.Matcher<? super T>) in org.junit.Assert has been deprecated
Legacy Store IT (mssql)	Run base tests	2023-12-04T14:00:25.8006333Z -- [WARNING] /home/runner/work/keycloak/keycloak/testsuite/integration-arquillian/tests/base/src/test/java/org/keycloak/testsuite/saml/AudienceProtocolMappersTest.java:[82,15] <T>assertThat(T,org.hamcrest.Matcher<? super T>) in org.junit.Assert has been deprecated
Legacy Store IT (mssql)	Run base tests	2023-12-04T14:00:25.8011529Z -- [WARNING] /home/runner/work/keycloak/keycloak/testsuite/integration-arquillian/tests/base/src/test/java/org/keycloak/testsuite/saml/AudienceProtocolMappersTest.java:[94,15] <T>assertThat(T,org.hamcrest.Matcher<? super T>) in org.junit.Assert has been deprecated
Legacy Store IT (mssql)	Run base tests	2023-12-04T14:00:25.8017074Z -- [WARNING] /home/runner/work/keycloak/keycloak/testsuite/integration-arquillian/tests/base/src/test/java/org/keycloak/testsuite/saml/AudienceProtocolMappersTest.java:[170,19] <T>assertThat(T,org.hamcrest.Matcher<? super T>) in org.junit.Assert has been deprecated
Legacy Store IT (mssql)	Run base tests	2023-12-04T14:00:25.8022280Z -- [WARNING] /home/runner/work/keycloak/keycloak/testsuite/integration-arquillian/tests/base/src/test/java/org/keycloak/testsuite/saml/AudienceProtocolMappersTest.java:[198,19] <T>assertThat(T,org.hamcrest.Matcher<? super T>) in org.junit.Assert has been deprecated
Legacy Store IT (mssql)	Run base tests	2023-12-04T14:00:25.8027504Z -- [WARNING] /home/runner/work/keycloak/keycloak/testsuite/integration-arquillian/tests/base/src/test/java/org/keycloak/testsuite/saml/SamlRedirectBindingTest.java:[52,9] <T>assertThat(T,org.hamcrest.Matcher<? super T>) in org.junit.Assert has been deprecated
Legacy Store IT (mssql)	Run base tests	2023-12-04T14:00:25.8032639Z -- [WARNING] /home/runner/work/keycloak/keycloak/testsuite/integration-arquillian/tests/base/src/test/java/org/keycloak/testsuite/saml/SamlRedirectBindingTest.java:[53,9] <T>assertThat(T,org.hamcrest.Matcher<? super T>) in org.junit.Assert has been deprecated
Legacy Store IT (mssql)	Run base tests	2023-12-04T14:00:25.8037767Z -- [WARNING] /home/runner/work/keycloak/keycloak/testsuite/integration-arquillian/tests/base/src/test/java/org/keycloak/testsuite/saml/SamlRedirectBindingTest.java:[54,9] <T>assertThat(T,org.hamcrest.Matcher<? super T>) in org.junit.Assert has been deprecated
Legacy Store IT (mssql)	Run base tests	2023-12-04T14:00:25.8042922Z -- [WARNING] /home/runner/work/keycloak/keycloak/testsuite/integration-arquillian/tests/base/src/test/java/org/keycloak/testsuite/saml/SamlRedirectBindingTest.java:[55,9] <T>assertThat(T,org.hamcrest.Matcher<? super T>) in org.junit.Assert has been deprecated
Legacy Store IT (mssql)	Run base tests	2023-12-04T14:00:25.8047981Z -- [WARNING] /home/runner/work/keycloak/keycloak/testsuite/integration-arquillian/tests/base/src/test/java/org/keycloak/testsuite/saml/SamlRedirectBindingTest.java:[72,25] <T>assertThat(T,org.hamcrest.Matcher<? super T>) in org.junit.Assert has been deprecated
Legacy Store IT (mssql)	Run base tests	2023-12-04T14:00:25.8053596Z -- [WARNING] /home/runner/work/keycloak/keycloak/testsuite/integration-arquillian/tests/base/src/test/java/org/keycloak/testsuite/saml/SamlRedirectBindingTest.java:[73,25] <T>assertThat(T,org.hamcrest.Matcher<? super T>) in org.junit.Assert has been deprecated
Legacy Store IT (mssql)	Run base tests	2023-12-04T14:00:25.8059363Z -- [WARNING] /home/runner/work/keycloak/keycloak/testsuite/integration-arquillian/tests/base/src/test/java/org/keycloak/testsuite/saml/SamlRedirectBindingTest.java:[75,25] <T>assertThat(T,org.hamcrest.Matcher<? super T>) in org.junit.Assert has been deprecated
Legacy Store IT (mssql)	Run base tests	2023-12-04T14:00:25.8064610Z -- [WARNING] /home/runner/work/keycloak/keycloak/testsuite/integration-arquillian/tests/base/src/test/java/org/keycloak/testsuite/adapter/servlet/SAMLServletAdapterTest.java:[623,15] <T>assertThat(T,org.hamcrest.Matcher<? super T>) in org.junit.Assert has been deprecated
Legacy Store IT (mssql)	Run base tests	2023-12-04T14:00:25.8069953Z -- [WARNING] /home/runner/work/keycloak/keycloak/testsuite/integration-arquillian/tests/base/src/test/java/org/keycloak/testsuite/adapter/servlet/SAMLServletAdapterTest.java:[624,15] <T>assertThat(T,org.hamcrest.Matcher<? super T>) in org.junit.Assert has been deprecated
Legacy Store IT (mssql)	Run base tests	2023-12-04T14:00:25.8075364Z -- [WARNING] /home/runner/work/keycloak/keycloak/testsuite/integration-arquillian/tests/base/src/test/java/org/keycloak/testsuite/adapter/servlet/SAMLServletAdapterTest.java:[625,15] <T>assertThat(T,org.hamcrest.Matcher<? super T>) in org.junit.Assert has been deprecated
Legacy Store IT (mssql)	Run base tests	2023-12-04T14:00:25.8080759Z -- [WARNING] /home/runner/work/keycloak/keycloak/testsuite/integration-arquillian/tests/base/src/test/java/org/keycloak/testsuite/adapter/servlet/SAMLServletAdapterTest.java:[901,25] <T>assertThat(T,org.hamcrest.Matcher<? super T>) in org.junit.Assert has been deprecated
Legacy Store IT (mssql)	Run base tests	2023-12-04T14:00:25.8086147Z -- [WARNING] /home/runner/work/keycloak/keycloak/testsuite/integration-arquillian/tests/base/src/test/java/org/keycloak/testsuite/adapter/servlet/SAMLServletAdapterTest.java:[902,25] <T>assertThat(T,org.hamcrest.Matcher<? super T>) in org.junit.Assert has been deprecated
Legacy Store IT (mssql)	Run base tests	2023-12-04T14:00:25.8091510Z -- [WARNING] /home/runner/work/keycloak/keycloak/testsuite/integration-arquillian/tests/base/src/test/java/org/keycloak/testsuite/adapter/servlet/SAMLServletAdapterTest.java:[922,25] <T>assertThat(T,org.hamcrest.Matcher<? super T>) in org.junit.Assert has been deprecated
Legacy Store IT (mssql)	Run base tests	2023-12-04T14:00:25.8096875Z -- [INFO] /home/runner/work/keycloak/keycloak/testsuite/integration-arquillian/tests/base/src/test/java/org/keycloak/testsuite/adapter/servlet/SAMLServletAdapterTest.java: Some input files additionally use or override a deprecated API.
Legacy Store IT (mssql)	Run base tests	2023-12-04T14:00:25.8101611Z -- [INFO] /home/runner/work/keycloak/keycloak/testsuite/integration-arquillian/tests/base/src/test/java/org/keycloak/testsuite/crossdc/AbstractAdminCrossDCTest.java: Some input files additionally use unchecked or unsafe operations.
Legacy Store IT (mssql)	Run base tests	2023-12-04T14:00:25.8104141Z -- [INFO] 
Legacy Store IT (mssql)	Run base tests	2023-12-04T14:00:25.8105516Z -- [INFO] --- shrinkwrap-resolver-maven-plugin:3.1.4:propagate-execution-context (default) @ integration-arquillian-tests-base ---
Legacy Store IT (mssql)	Run base tests	2023-12-04T14:00:25.8106981Z -- [INFO] 
Legacy Store IT (mssql)	Run base tests	2023-12-04T14:00:25.8108088Z -- [INFO] --- docker-maven-plugin:0.40.3:start (start-db-container) @ integration-arquillian-tests-base ---
Legacy Store IT (mssql)	Run base tests	2023-12-04T14:00:26.6282825Z -- [INFO] DOCKER> Pulling from mssql/server
Legacy Store IT (mssql)	Run base tests	2023-12-04T14:00:26.6303489Z -- 25fa6962a0ca: Pulling fs layer 
Legacy Store IT (mssql)	Run base tests	2023-12-04T14:00:26.6309542Z -- 0083be717a79: Pulling fs layer 
Legacy Store IT (mssql)	Run base tests	2023-12-04T14:00:26.6315070Z -- 37a64be4aeab: Pulling fs layer 
Legacy Store IT (mssql)	Run base tests	2023-12-04T14:00:26.7023010Z -- 25fa6962a0ca: Downloading [>                                                  ]  325.3kB/31.58MB
Legacy Store IT (mssql)	Run base tests	2023-12-04T14:00:26.7298386Z -- 37a64be4aeab: Downloading [>                                                  ]  538.3kB/74.14MB
Legacy Store IT (mssql)	Run base tests	2023-12-04T14:00:26.7694099Z -- 0083be717a79: Downloading [>                                                  ]  538.3kB/465MB
Legacy Store IT (mssql)	Run base tests	2023-12-04T14:00:26.8038966Z -- 25fa6962a0ca: Downloading [===================>                               ]  12.45MB/31.58MB
Legacy Store IT (mssql)	Run base tests	2023-12-04T14:00:26.8241185Z -- 37a64be4aeab: Downloading [======>                                            ]  9.716MB/74.14MB
Legacy Store IT (mssql)	Run base tests	2023-12-04T14:00:26.8639773Z -- 0083be717a79: Downloading [=>                                                 ]   10.8MB/465MB
Legacy Store IT (mssql)	Run base tests	2023-12-04T14:00:26.9033595Z -- 25fa6962a0ca: Downloading [======================================>            ]  24.58MB/31.58MB
Legacy Store IT (mssql)	Run base tests	2023-12-04T14:00:26.9262110Z -- 37a64be4aeab: Downloading [============>                                      ]  18.91MB/74.14MB
Legacy Store IT (mssql)	Run base tests	2023-12-04T14:00:26.9686605Z -- 0083be717a79: Downloading [==>                                                ]  20.53MB/465MB
Legacy Store IT (mssql)	Run base tests	2023-12-04T14:00:26.9750490Z -- 25fa6962a0ca: Verifying Checksum 
Legacy Store IT (mssql)	Run base tests	2023-12-04T14:00:26.9751626Z -- 25fa6962a0ca: Download complete 
Legacy Store IT (mssql)	Run base tests	2023-12-04T14:00:27.0214511Z -- 25fa6962a0ca: Extracting  [>                                                  ]  327.7kB/31.58MB
Legacy Store IT (mssql)	Run base tests	2023-12-04T14:00:27.0324192Z -- 37a64be4aeab: Downloading [==================>                                ]  27.02MB/74.14MB
Legacy Store IT (mssql)	Run base tests	2023-12-04T14:00:27.0715752Z -- 0083be717a79: Downloading [===>                                               ]  30.26MB/465MB
Legacy Store IT (mssql)	Run base tests	2023-12-04T14:00:27.1248848Z -- 25fa6962a0ca: Extracting  [=======>                                           ]  4.915MB/31.58MB
Legacy Store IT (mssql)	Run base tests	2023-12-04T14:00:27.1352820Z -- 37a64be4aeab: Downloading [========================>                          ]  36.21MB/74.14MB
Legacy Store IT (mssql)	Run base tests	2023-12-04T14:00:27.1742075Z -- 0083be717a79: Downloading [====>                                              ]  39.99MB/465MB
Legacy Store IT (mssql)	Run base tests	2023-12-04T14:00:27.2410129Z -- 37a64be4aeab: Downloading [==============================>                    ]  45.94MB/74.14MB
Legacy Store IT (mssql)	Run base tests	2023-12-04T14:00:27.2577181Z -- 25fa6962a0ca: Extracting  [=============>                                     ]   8.52MB/31.58MB
Legacy Store IT (mssql)	Run base tests	2023-12-04T14:00:27.2743087Z -- 0083be717a79: Downloading [=====>                                             ]  49.73MB/465MB
Legacy Store IT (mssql)	Run base tests	2023-12-04T14:00:27.3469489Z -- 37a64be4aeab: Downloading [=====================================>             ]  55.67MB/74.14MB
Legacy Store IT (mssql)	Run base tests	2023-12-04T14:00:27.3591111Z -- 25fa6962a0ca: Extracting  [=================>                                 ]  10.81MB/31.58MB
Legacy Store IT (mssql)	Run base tests	2023-12-04T14:00:27.3762574Z -- 0083be717a79: Downloading [======>                                            ]  59.46MB/465MB
Legacy Store IT (mssql)	Run base tests	2023-12-04T14:00:27.4462764Z -- 37a64be4aeab: Downloading [===========================================>       ]  64.86MB/74.14MB
Legacy Store IT (mssql)	Run base tests	2023-12-04T14:00:27.4605397Z -- 25fa6962a0ca: Extracting  [==========================>                        ]  16.71MB/31.58MB
Legacy Store IT (mssql)	Run base tests	2023-12-04T14:00:27.4801024Z -- 0083be717a79: Downloading [=======>                                           ]  68.65MB/465MB
Legacy Store IT (mssql)	Run base tests	2023-12-04T14:00:27.5448922Z -- 37a64be4aeab: Verifying Checksum 
Legacy Store IT (mssql)	Run base tests	2023-12-04T14:00:27.5449664Z -- 37a64be4aeab: Download complete 
Legacy Store IT (mssql)	Run base tests	2023-12-04T14:00:27.5631114Z -- 25fa6962a0ca: Extracting  [===================================>               ]  22.61MB/31.58MB
Legacy Store IT (mssql)	Run base tests	2023-12-04T14:00:27.5820218Z -- 0083be717a79: Downloading [========>                                          ]     80MB/465MB
Legacy Store IT (mssql)	Run base tests	2023-12-04T14:00:27.6641667Z -- 25fa6962a0ca: Extracting  [===========================================>       ]   27.2MB/31.58MB
Legacy Store IT (mssql)	Run base tests	2023-12-04T14:00:27.6906034Z -- 0083be717a79: Downloading [=========>                                         ]  91.36MB/465MB
Legacy Store IT (mssql)	Run base tests	2023-12-04T14:00:27.7881912Z -- 25fa6962a0ca: Extracting  [===========================================>       ]  27.53MB/31.58MB
Legacy Store IT (mssql)	Run base tests	2023-12-04T14:00:27.7956574Z -- 0083be717a79: Downloading [==========>                                        ]  101.6MB/465MB
Legacy Store IT (mssql)	Run base tests	2023-12-04T14:00:27.8973632Z -- 0083be717a79: Downloading [===========>                                       ]  111.4MB/465MB
Legacy Store IT (mssql)	Run base tests	2023-12-04T14:00:27.9132231Z -- 25fa6962a0ca: Extracting  [===============================================>   ]  30.15MB/31.58MB
Legacy Store IT (mssql)	Run base tests	2023-12-04T14:00:27.9986732Z -- 0083be717a79: Downloading [============>                                      ]  120.6MB/465MB
Legacy Store IT (mssql)	Run base tests	2023-12-04T14:00:28.0314227Z -- 25fa6962a0ca: Extracting  [=================================================> ]  31.13MB/31.58MB
Legacy Store IT (mssql)	Run base tests	2023-12-04T14:00:28.1039769Z -- 0083be717a79: Downloading [=============>                                     ]  129.7MB/465MB
Legacy Store IT (mssql)	Run base tests	2023-12-04T14:00:28.1219256Z -- 25fa6962a0ca: Extracting  [==================================================>]  31.58MB/31.58MB
Legacy Store IT (mssql)	Run base tests	2023-12-04T14:00:28.2061081Z -- 0083be717a79: Downloading [==============>                                    ]  139.5MB/465MB
Legacy Store IT (mssql)	Run base tests	2023-12-04T14:00:28.2702964Z -- 25fa6962a0ca: Pull complete 
Legacy Store IT (mssql)	Run base tests	2023-12-04T14:00:28.3160994Z -- 0083be717a79: Downloading [===============>                                   ]  148.1MB/465MB
Legacy Store IT (mssql)	Run base tests	2023-12-04T14:00:28.4163256Z -- 0083be717a79: Downloading [================>                                  ]  156.8MB/465MB
Legacy Store IT (mssql)	Run base tests	2023-12-04T14:00:28.5171851Z -- 0083be717a79: Downloading [=================>                                 ]  166.5MB/465MB
Legacy Store IT (mssql)	Run base tests	2023-12-04T14:00:28.6225039Z -- 0083be717a79: Downloading [==================>                                ]  175.2MB/465MB
Legacy Store IT (mssql)	Run base tests	2023-12-04T14:00:28.7267938Z -- 0083be717a79: Downloading [===================>                               ]  184.9MB/465MB
Legacy Store IT (mssql)	Run base tests	2023-12-04T14:00:28.8292368Z -- 0083be717a79: Downloading [====================>                              ]  194.6MB/465MB
Legacy Store IT (mssql)	Run base tests	2023-12-04T14:00:28.9328408Z -- 0083be717a79: Downloading [=====================>                             ]  204.4MB/465MB
Legacy Store IT (mssql)	Run base tests	2023-12-04T14:00:29.0329477Z -- 0083be717a79: Downloading [=======================>                           ]  219.5MB/465MB
Legacy Store IT (mssql)	Run base tests	2023-12-04T14:00:29.1339062Z -- 0083be717a79: Downloading [========================>                          ]  228.1MB/465MB
Legacy Store IT (mssql)	Run base tests	2023-12-04T14:00:29.2345534Z -- 0083be717a79: Downloading [=========================>                         ]  237.3MB/465MB
Legacy Store IT (mssql)	Run base tests	2023-12-04T14:00:29.3352462Z -- 0083be717a79: Downloading [==========================>                        ]  246.5MB/465MB
Legacy Store IT (mssql)	Run base tests	2023-12-04T14:00:29.4405515Z -- 0083be717a79: Downloading [===========================>                       ]  256.3MB/465MB
Legacy Store IT (mssql)	Run base tests	2023-12-04T14:00:29.5452002Z -- 0083be717a79: Downloading [============================>                      ]    266MB/465MB
Legacy Store IT (mssql)	Run base tests	2023-12-04T14:00:29.6453104Z -- 0083be717a79: Downloading [=============================>                     ]  275.7MB/465MB
Legacy Store IT (mssql)	Run base tests	2023-12-04T14:00:29.7498098Z -- 0083be717a79: Downloading [==============================>                    ]  285.5MB/465MB
Legacy Store IT (mssql)	Run base tests	2023-12-04T14:00:29.8526703Z -- 0083be717a79: Downloading [===============================>                   ]  295.7MB/465MB
Legacy Store IT (mssql)	Run base tests	2023-12-04T14:00:29.9557453Z -- 0083be717a79: Downloading [================================>                  ]  304.9MB/465MB
Legacy Store IT (mssql)	Run base tests	2023-12-04T14:00:30.0587833Z -- 0083be717a79: Downloading [=================================>                 ]  314.1MB/465MB
Legacy Store IT (mssql)	Run base tests	2023-12-04T14:00:30.1596574Z -- 0083be717a79: Downloading [==================================>                ]  323.8MB/465MB
Legacy Store IT (mssql)	Run base tests	2023-12-04T14:00:30.2660537Z -- 0083be717a79: Downloading [===================================>               ]  334.7MB/465MB
Legacy Store IT (mssql)	Run base tests	2023-12-04T14:00:30.3728779Z -- 0083be717a79: Downloading [=====================================>             ]  344.4MB/465MB
Legacy Store IT (mssql)	Run base tests	2023-12-04T14:00:30.4784911Z -- 0083be717a79: Downloading [======================================>            ]  354.7MB/465MB
Legacy Store IT (mssql)	Run base tests	2023-12-04T14:00:30.5845799Z -- 0083be717a79: Downloading [=======================================>           ]  364.4MB/465MB
Legacy Store IT (mssql)	Run base tests	2023-12-04T14:00:30.6885516Z -- 0083be717a79: Downloading [========================================>          ]  374.1MB/465MB
Legacy Store IT (mssql)	Run base tests	2023-12-04T14:00:30.7891069Z -- 0083be717a79: Downloading [=========================================>         ]  382.2MB/465MB
Legacy Store IT (mssql)	Run base tests	2023-12-04T14:00:30.8904781Z -- 0083be717a79: Downloading [=========================================>         ]  387.6MB/465MB
Legacy Store IT (mssql)	Run base tests	2023-12-04T14:00:30.9955425Z -- 0083be717a79: Downloading [==========================================>        ]  395.2MB/465MB
Legacy Store IT (mssql)	Run base tests	2023-12-04T14:00:31.0991301Z -- 0083be717a79: Downloading [===========================================>       ]  403.9MB/465MB
Legacy Store IT (mssql)	Run base tests	2023-12-04T14:00:31.1996829Z -- 0083be717a79: Downloading [============================================>      ]  413.1MB/465MB
Legacy Store IT (mssql)	Run base tests	2023-12-04T14:00:31.3014575Z -- 0083be717a79: Downloading [=============================================>     ]  422.2MB/465MB
Legacy Store IT (mssql)	Run base tests	2023-12-04T14:00:31.4118458Z -- 0083be717a79: Downloading [==============================================>    ]    432MB/465MB
Legacy Store IT (mssql)	Run base tests	2023-12-04T14:00:31.5175828Z -- 0083be717a79: Downloading [===============================================>   ]  438.5MB/465MB
Legacy Store IT (mssql)	Run base tests	2023-12-04T14:00:31.6197806Z -- 0083be717a79: Downloading [================================================>  ]  446.6MB/465MB
Legacy Store IT (mssql)	Run base tests	2023-12-04T14:00:31.7265730Z -- 0083be717a79: Downloading [=================================================> ]  456.9MB/465MB
Legacy Store IT (mssql)	Run base tests	2023-12-04T14:00:31.8116864Z -- 0083be717a79: Verifying Checksum 
Legacy Store IT (mssql)	Run base tests	2023-12-04T14:00:31.8117495Z -- 0083be717a79: Download complete 
Legacy Store IT (mssql)	Run base tests	2023-12-04T14:00:31.8217073Z -- 0083be717a79: Extracting  [>                                                  ]  557.1kB/465MB
Legacy Store IT (mssql)	Run base tests	2023-12-04T14:00:31.9289595Z -- 0083be717a79: Extracting  [>                                                  ]  7.242MB/465MB
Legacy Store IT (mssql)	Run base tests	2023-12-04T14:00:32.0312858Z -- 0083be717a79: Extracting  [=>                                                 ]  13.93MB/465MB
Legacy Store IT (mssql)	Run base tests	2023-12-04T14:00:32.1395417Z -- 0083be717a79: Extracting  [==>                                                ]  20.05MB/465MB
Legacy Store IT (mssql)	Run base tests	2023-12-04T14:00:32.2426665Z -- 0083be717a79: Extracting  [==>                                                ]  26.74MB/465MB
Legacy Store IT (mssql)	Run base tests	2023-12-04T14:00:32.3445065Z -- 0083be717a79: Extracting  [===>                                               ]   31.2MB/465MB
Legacy Store IT (mssql)	Run base tests	2023-12-04T14:00:32.4447381Z -- 0083be717a79: Extracting  [====>                                              ]  38.44MB/465MB
Legacy Store IT (mssql)	Run base tests	2023-12-04T14:00:32.5453016Z -- 0083be717a79: Extracting  [====>                                              ]  43.45MB/465MB
Legacy Store IT (mssql)	Run base tests	2023-12-04T14:00:32.6478244Z -- 0083be717a79: Extracting  [=====>                                             ]  46.79MB/465MB
Legacy Store IT (mssql)	Run base tests	2023-12-04T14:00:32.7551009Z -- 0083be717a79: Extracting  [=====>                                             ]  50.69MB/465MB
Legacy Store IT (mssql)	Run base tests	2023-12-04T14:00:32.8748761Z -- 0083be717a79: Extracting  [======>                                            ]  57.38MB/465MB
Legacy Store IT (mssql)	Run base tests	2023-12-04T14:00:32.9815660Z -- 0083be717a79: Extracting  [======>                                            ]  62.95MB/465MB
Legacy Store IT (mssql)	Run base tests	2023-12-04T14:00:33.0834520Z -- 0083be717a79: Extracting  [=======>                                           ]  66.29MB/465MB
Legacy Store IT (mssql)	Run base tests	2023-12-04T14:00:33.1868211Z -- 0083be717a79: Extracting  [=======>                                           ]  69.07MB/465MB
Legacy Store IT (mssql)	Run base tests	2023-12-04T14:00:33.2952893Z -- 0083be717a79: Extracting  [========>                                          ]  76.32MB/465MB
Legacy Store IT (mssql)	Run base tests	2023-12-04T14:00:33.3979809Z -- 0083be717a79: Extracting  [=========>                                         ]  89.69MB/465MB
Legacy Store IT (mssql)	Run base tests	2023-12-04T14:00:33.5034367Z -- 0083be717a79: Extracting  [===========>                                       ]  103.1MB/465MB
Legacy Store IT (mssql)	Run base tests	2023-12-04T14:00:33.6082896Z -- 0083be717a79: Extracting  [============>                                      ]    112MB/465MB
Legacy Store IT (mssql)	Run base tests	2023-12-04T14:00:33.7104580Z -- 0083be717a79: Extracting  [============>                                      ]    117MB/465MB
Legacy Store IT (mssql)	Run base tests	2023-12-04T14:00:33.8157085Z -- 0083be717a79: Extracting  [=============>                                     ]  124.8MB/465MB
Legacy Store IT (mssql)	Run base tests	2023-12-04T14:00:33.9229106Z -- 0083be717a79: Extracting  [==============>                                    ]  133.1MB/465MB
Legacy Store IT (mssql)	Run base tests	2023-12-04T14:00:34.0262785Z -- 0083be717a79: Extracting  [==============>                                    ]  138.7MB/465MB
Legacy Store IT (mssql)	Run base tests	2023-12-04T14:00:34.1363564Z -- 0083be717a79: Extracting  [===============>                                   ]  144.8MB/465MB
Legacy Store IT (mssql)	Run base tests	2023-12-04T14:00:34.2390265Z -- 0083be717a79: Extracting  [================>                                  ]  154.9MB/465MB
Legacy Store IT (mssql)	Run base tests	2023-12-04T14:00:34.3402677Z -- 0083be717a79: Extracting  [=================>                                 ]  166.6MB/465MB
Legacy Store IT (mssql)	Run base tests	2023-12-04T14:00:34.4485537Z -- 0083be717a79: Extracting  [==================>                                ]  171.6MB/465MB
Legacy Store IT (mssql)	Run base tests	2023-12-04T14:00:34.5562265Z -- 0083be717a79: Extracting  [==================>                                ]  174.9MB/465MB
Legacy Store IT (mssql)	Run base tests	2023-12-04T14:00:34.6750320Z -- 0083be717a79: Extracting  [===================>                               ]  178.8MB/465MB
Legacy Store IT (mssql)	Run base tests	2023-12-04T14:00:34.7808057Z -- 0083be717a79: Extracting  [===================>                               ]  182.2MB/465MB
Legacy Store IT (mssql)	Run base tests	2023-12-04T14:00:34.8924872Z -- 0083be717a79: Extracting  [====================>                              ]  186.1MB/465MB
Legacy Store IT (mssql)	Run base tests	2023-12-04T14:00:34.9933378Z -- 0083be717a79: Extracting  [====================>                              ]  193.9MB/465MB
Legacy Store IT (mssql)	Run base tests	2023-12-04T14:00:35.0961237Z -- 0083be717a79: Extracting  [=====================>                             ]  198.9MB/465MB
Legacy Store IT (mssql)	Run base tests	2023-12-04T14:00:35.2058752Z -- 0083be717a79: Extracting  [=====================>                             ]    200MB/465MB
Legacy Store IT (mssql)	Run base tests	2023-12-04T14:00:35.3094659Z -- 0083be717a79: Extracting  [=====================>                             ]  202.8MB/465MB
Legacy Store IT (mssql)	Run base tests	2023-12-04T14:00:35.4157825Z -- 0083be717a79: Extracting  [======================>                            ]  205.6MB/465MB
Legacy Store IT (mssql)	Run base tests	2023-12-04T14:00:35.5245418Z -- 0083be717a79: Extracting  [======================>                            ]  207.8MB/465MB
Legacy Store IT (mssql)	Run base tests	2023-12-04T14:00:35.6274772Z -- 0083be717a79: Extracting  [=======================>                           ]  216.7MB/465MB
Legacy Store IT (mssql)	Run base tests	2023-12-04T14:00:35.7295694Z -- 0083be717a79: Extracting  [========================>                          ]  224.5MB/465MB
Legacy Store IT (mssql)	Run base tests	2023-12-04T14:00:35.8356771Z -- 0083be717a79: Extracting  [========================>                          ]  232.3MB/465MB
Legacy Store IT (mssql)	Run base tests	2023-12-04T14:00:35.9379550Z -- 0083be717a79: Extracting  [=========================>                         ]  240.6MB/465MB
Legacy Store IT (mssql)	Run base tests	2023-12-04T14:00:36.0445491Z -- 0083be717a79: Extracting  [==========================>                        ]  250.1MB/465MB
Legacy Store IT (mssql)	Run base tests	2023-12-04T14:00:36.1525137Z -- 0083be717a79: Extracting  [===========================>                       ]  257.4MB/465MB
Legacy Store IT (mssql)	Run base tests	2023-12-04T14:00:36.2552042Z -- 0083be717a79: Extracting  [============================>                      ]  266.3MB/465MB
Legacy Store IT (mssql)	Run base tests	2023-12-04T14:00:36.3561728Z -- 0083be717a79: Extracting  [=============================>                     ]  275.2MB/465MB
Legacy Store IT (mssql)	Run base tests	2023-12-04T14:00:36.4580760Z -- 0083be717a79: Extracting  [==============================>                    ]  281.3MB/465MB
Legacy Store IT (mssql)	Run base tests	2023-12-04T14:00:36.5665399Z -- 0083be717a79: Extracting  [===============================>                   ]  288.6MB/465MB
Legacy Store IT (mssql)	Run base tests	2023-12-04T14:00:36.6697151Z -- 0083be717a79: Extracting  [===============================>                   ]  295.2MB/465MB
Legacy Store IT (mssql)	Run base tests	2023-12-04T14:00:36.7764467Z -- 0083be717a79: Extracting  [================================>                  ]  302.5MB/465MB
Legacy Store IT (mssql)	Run base tests	2023-12-04T14:00:36.8815555Z -- 0083be717a79: Extracting  [=================================>                 ]  309.2MB/465MB
Legacy Store IT (mssql)	Run base tests	2023-12-04T14:00:36.9817134Z -- 0083be717a79: Extracting  [=================================>                 ]  315.9MB/465MB
Legacy Store IT (mssql)	Run base tests	2023-12-04T14:00:37.0893471Z -- 0083be717a79: Extracting  [==================================>                ]    322MB/465MB
Legacy Store IT (mssql)	Run base tests	2023-12-04T14:00:37.1983236Z -- 0083be717a79: Extracting  [===================================>               ]  329.2MB/465MB
Legacy Store IT (mssql)	Run base tests	2023-12-04T14:00:37.2993277Z -- 0083be717a79: Extracting  [====================================>              ]  335.3MB/465MB
Legacy Store IT (mssql)	Run base tests	2023-12-04T14:00:37.4037193Z -- 0083be717a79: Extracting  [====================================>              ]  342.6MB/465MB
Legacy Store IT (mssql)	Run base tests	2023-12-04T14:00:37.5110915Z -- 0083be717a79: Extracting  [=====================================>             ]  349.3MB/465MB
Legacy Store IT (mssql)	Run base tests	2023-12-04T14:00:37.6116702Z -- 0083be717a79: Extracting  [======================================>            ]    356MB/465MB
Legacy Store IT (mssql)	Run base tests	2023-12-04T14:00:37.7158056Z -- 0083be717a79: Extracting  [=======================================>           ]  363.2MB/465MB
Legacy Store IT (mssql)	Run base tests	2023-12-04T14:00:37.8207729Z -- 0083be717a79: Extracting  [=======================================>           ]  371.6MB/465MB
Legacy Store IT (mssql)	Run base tests	2023-12-04T14:00:37.9264435Z -- 0083be717a79: Extracting  [========================================>          ]  378.8MB/465MB
Legacy Store IT (mssql)	Run base tests	2023-12-04T14:00:38.0302737Z -- 0083be717a79: Extracting  [=========================================>         ]  386.6MB/465MB
Legacy Store IT (mssql)	Run base tests	2023-12-04T14:00:38.1323151Z -- 0083be717a79: Extracting  [==========================================>        ]  393.3MB/465MB
Legacy Store IT (mssql)	Run base tests	2023-12-04T14:00:38.2382987Z -- 0083be717a79: Extracting  [===========================================>       ]    400MB/465MB
Legacy Store IT (mssql)	Run base tests	2023-12-04T14:00:38.3434748Z -- 0083be717a79: Extracting  [===========================================>       ]  406.7MB/465MB
Legacy Store IT (mssql)	Run base tests	2023-12-04T14:00:38.4495141Z -- 0083be717a79: Extracting  [============================================>      ]  413.9MB/465MB
Legacy Store IT (mssql)	Run base tests	2023-12-04T14:00:38.5502411Z -- 0083be717a79: Extracting  [=============================================>     ]    420MB/465MB
Legacy Store IT (mssql)	Run base tests	2023-12-04T14:00:38.6577609Z -- 0083be717a79: Extracting  [=============================================>     ]  427.3MB/465MB
Legacy Store IT (mssql)	Run base tests	2023-12-04T14:00:38.7618251Z -- 0083be717a79: Extracting  [==============================================>    ]  434.5MB/465MB
Legacy Store IT (mssql)	Run base tests	2023-12-04T14:00:38.8628122Z -- 0083be717a79: Extracting  [===============================================>   ]  441.7MB/465MB
Legacy Store IT (mssql)	Run base tests	2023-12-04T14:00:38.9683365Z -- 0083be717a79: Extracting  [================================================>  ]  448.4MB/465MB
Legacy Store IT (mssql)	Run base tests	2023-12-04T14:00:39.0726393Z -- 0083be717a79: Extracting  [================================================>  ]    454MB/465MB
Legacy Store IT (mssql)	Run base tests	2023-12-04T14:00:39.1803057Z -- 0083be717a79: Extracting  [=================================================> ]  460.7MB/465MB
Legacy Store IT (mssql)	Run base tests	2023-12-04T14:00:39.7517595Z -- 0083be717a79: Extracting  [==================================================>]    465MB/465MB
Legacy Store IT (mssql)	Run base tests	2023-12-04T14:00:41.9547901Z -- 0083be717a79: Pull complete 
Legacy Store IT (mssql)	Run base tests	2023-12-04T14:00:42.0110854Z -- 37a64be4aeab: Extracting  [>                                                  ]  557.1kB/74.14MB
Legacy Store IT (mssql)	Run base tests	2023-12-04T14:00:42.1179288Z -- 37a64be4aeab: Extracting  [=====>                                             ]  7.799MB/74.14MB
Legacy Store IT (mssql)	Run base tests	2023-12-04T14:00:42.2238127Z -- 37a64be4aeab: Extracting  [=========>                                         ]  13.37MB/74.14MB
Legacy Store IT (mssql)	Run base tests	2023-12-04T14:00:42.3258229Z -- 37a64be4aeab: Extracting  [=================>                                 ]  25.62MB/74.14MB
Legacy Store IT (mssql)	Run base tests	2023-12-04T14:00:42.4268402Z -- 37a64be4aeab: Extracting  [===================>                               ]  29.52MB/74.14MB
Legacy Store IT (mssql)	Run base tests	2023-12-04T14:00:42.5687457Z -- 37a64be4aeab: Extracting  [=====================>                             ]   31.2MB/74.14MB
Legacy Store IT (mssql)	Run base tests	2023-12-04T14:00:42.6841098Z -- 37a64be4aeab: Extracting  [======================>                            ]  33.98MB/74.14MB
Legacy Store IT (mssql)	Run base tests	2023-12-04T14:00:42.7907153Z -- 37a64be4aeab: Extracting  [==========================>                        ]  38.99MB/74.14MB
Legacy Store IT (mssql)	Run base tests	2023-12-04T14:00:42.8944658Z -- 37a64be4aeab: Extracting  [================================>                  ]  47.91MB/74.14MB
Legacy Store IT (mssql)	Run base tests	2023-12-04T14:00:42.9948313Z -- 37a64be4aeab: Extracting  [====================================>              ]  54.59MB/74.14MB
Legacy Store IT (mssql)	Run base tests	2023-12-04T14:00:43.0998520Z -- 37a64be4aeab: Extracting  [==========================================>        ]   63.5MB/74.14MB
Legacy Store IT (mssql)	Run base tests	2023-12-04T14:00:43.2294671Z -- 37a64be4aeab: Extracting  [============================================>      ]  65.73MB/74.14MB
Legacy Store IT (mssql)	Run base tests	2023-12-04T14:00:43.3394493Z -- 37a64be4aeab: Extracting  [==============================================>    ]  69.07MB/74.14MB
Legacy Store IT (mssql)	Run base tests	2023-12-04T14:00:43.4608189Z -- 37a64be4aeab: Extracting  [================================================>  ]   71.3MB/74.14MB
Legacy Store IT (mssql)	Run base tests	2023-12-04T14:00:43.6483322Z -- 37a64be4aeab: Extracting  [================================================>  ]  71.86MB/74.14MB
Legacy Store IT (mssql)	Run base tests	2023-12-04T14:00:43.9250018Z -- 37a64be4aeab: Extracting  [=================================================> ]  72.97MB/74.14MB
Legacy Store IT (mssql)	Run base tests	2023-12-04T14:00:44.1104848Z -- 37a64be4aeab: Extracting  [=================================================> ]  73.53MB/74.14MB
Legacy Store IT (mssql)	Run base tests	2023-12-04T14:00:44.2109450Z -- 37a64be4aeab: Extracting  [=================================================> ]  74.09MB/74.14MB
Legacy Store IT (mssql)	Run base tests	2023-12-04T14:00:44.2185702Z -- 37a64be4aeab: Extracting  [==================================================>]  74.14MB/74.14MB
Legacy Store IT (mssql)	Run base tests	2023-12-04T14:00:44.5040346Z -- 37a64be4aeab: Pull complete 
Legacy Store IT (mssql)	Run base tests	2023-12-04T14:00:44.5074800Z -- [INFO] DOCKER> Digest: sha256:ffef32dda16cc5abd70db1d0654c01cbe9f7093d66e0c83ade20738156cb7d0e
Legacy Store IT (mssql)	Run base tests	2023-12-04T14:00:44.5086844Z -- [INFO] DOCKER> Status: Downloaded newer image for mcr.microsoft.com/mssql/server:2022-latest
Legacy Store IT (mssql)	Run base tests	2023-12-04T14:00:44.5104308Z -- [INFO] DOCKER> Pulled mcr.microsoft.com/mssql/server:2022-latest in 18 seconds 
Legacy Store IT (mssql)	Run base tests	2023-12-04T14:00:44.5488599Z -- [INFO] DOCKER> [mcr.microsoft.com/mssql/server:2022-latest] "testdb": Start container 47dcc8071ae4
Legacy Store IT (mssql)	Run base tests	2023-12-04T14:00:44.8562983Z -- testdb> SQL Server 2022 will run as non-root by default.
Legacy Store IT (mssql)	Run base tests	2023-12-04T14:00:44.8565771Z -- testdb> This container is running as user mssql.
Legacy Store IT (mssql)	Run base tests	2023-12-04T14:00:44.8566766Z -- testdb> To learn more visit https://go.microsoft.com/fwlink/?linkid=2099216.
Legacy Store IT (mssql)	Run base tests	2023-12-04T14:00:46.7353576Z -- testdb> 2023-12-04 14:00:46.71 Server      Setup step is copying system data file 'C:\templatedata\master.mdf' to '/var/opt/mssql/data/master.mdf'.
Legacy Store IT (mssql)	Run base tests	2023-12-04T14:00:46.7441275Z -- testdb> 
Legacy Store IT (mssql)	Run base tests	2023-12-04T14:00:46.7450506Z -- 2023-12-04 14:00:46.73 Server      Did not find an existing master data file /var/opt/mssql/data/master.mdf, copying the missing default master and other system database files. If you have moved the database location, but not moved the database files, startup may fail. To repair: shutdown SQL Server, move the master database to configured location, and restart.
Legacy Store IT (mssql)	Run base tests	2023-12-04T14:00:46.7463805Z -- testdb> 
Legacy Store IT (mssql)	Run base tests	2023-12-04T14:00:46.7465371Z -- 2023-12-04 14:00:46.74 Server      Setup step is copying system data file 'C:\templatedata\mastlog.ldf' to '/var/opt/mssql/data/mastlog.ldf'.
Legacy Store IT (mssql)	Run base tests	2023-12-04T14:00:46.7495736Z -- testdb> 
Legacy Store IT (mssql)	Run base tests	2023-12-04T14:00:46.7496906Z -- 2023-12-04 14:00:46.74 Server      Setup step is copying system data file 'C:\templatedata\model.mdf' to '/var/opt/mssql/data/model.mdf'.
Legacy Store IT (mssql)	Run base tests	2023-12-04T14:00:46.7592809Z -- testdb> 
Legacy Store IT (mssql)	Run base tests	2023-12-04T14:00:46.7594244Z -- 2023-12-04 14:00:46.75 Server      Setup step is copying system data file 'C:\templatedata\modellog.ldf' to '/var/opt/mssql/data/modellog.ldf'.
Legacy Store IT (mssql)	Run base tests	2023-12-04T14:00:46.7688527Z -- testdb> 
Legacy Store IT (mssql)	Run base tests	2023-12-04T14:00:46.7690357Z -- 2023-12-04 14:00:46.76 Server      Setup step is copying system data file 'C:\templatedata\msdbdata.mdf' to '/var/opt/mssql/data/msdbdata.mdf'.
Legacy Store IT (mssql)	Run base tests	2023-12-04T14:00:46.7835538Z -- testdb> 
Legacy Store IT (mssql)	Run base tests	2023-12-04T14:00:46.7837047Z -- 2023-12-04 14:00:46.77 Server      Setup step is copying system data file 'C:\templatedata\msdblog.ldf' to '/var/opt/mssql/data/msdblog.ldf'.
Legacy Store IT (mssql)	Run base tests	2023-12-04T14:00:46.7869984Z -- testdb> 
Legacy Store IT (mssql)	Run base tests	2023-12-04T14:00:46.7871896Z -- 2023-12-04 14:00:46.78 Server      Setup step is FORCE copying system data file 'C:\templatedata\model_replicatedmaster.mdf' to '/var/opt/mssql/data/model_replicatedmaster.mdf'.
Legacy Store IT (mssql)	Run base tests	2023-12-04T14:00:46.7936581Z -- testdb> 
Legacy Store IT (mssql)	Run base tests	2023-12-04T14:00:46.7937651Z -- 2023-12-04 14:00:46.78 Server      Setup step is FORCE copying system data file 'C:\templatedata\model_replicatedmaster.ldf' to '/var/opt/mssql/data/model_replicatedmaster.ldf'.
Legacy Store IT (mssql)	Run base tests	2023-12-04T14:00:46.7968482Z -- testdb> 
Legacy Store IT (mssql)	Run base tests	2023-12-04T14:00:46.7970073Z -- 2023-12-04 14:00:46.79 Server      Setup step is FORCE copying system data file 'C:\templatedata\model_msdbdata.mdf' to '/var/opt/mssql/data/model_msdbdata.mdf'.
Legacy Store IT (mssql)	Run base tests	2023-12-04T14:00:46.8114471Z -- testdb> 
Legacy Store IT (mssql)	Run base tests	2023-12-04T14:00:46.8116530Z -- 2023-12-04 14:00:46.80 Server      Setup step is FORCE copying system data file 'C:\templatedata\model_msdblog.ldf' to '/var/opt/mssql/data/model_msdblog.ldf'.
Legacy Store IT (mssql)	Run base tests	2023-12-04T14:00:46.8360711Z -- testdb> 
Legacy Store IT (mssql)	Run base tests	2023-12-04T14:00:46.8361906Z -- 2023-12-04 14:00:46.82 Server      Microsoft SQL Server 2022 (RTM-CU10) (KB5031778) - 16.0.4095.4 (X64)
Legacy Store IT (mssql)	Run base tests	2023-12-04T14:00:46.8362968Z -- testdb> 
Legacy Store IT (mssql)	Run base tests	2023-12-04T14:00:46.8363442Z -- 	Oct 30 2023 16:12:44
Legacy Store IT (mssql)	Run base tests	2023-12-04T14:00:46.8363935Z -- testdb> 
Legacy Store IT (mssql)	Run base tests	2023-12-04T14:00:46.8413208Z -- 	Copyright (C) 2022 Microsoft Corporation
Legacy Store IT (mssql)	Run base tests	2023-12-04T14:00:46.8469607Z -- testdb> 
Legacy Store IT (mssql)	Run base tests	2023-12-04T14:00:46.8497733Z -- 	Developer Edition (64-bit) on Linux (Ubuntu 22.04.3 LTS) <X64>
Legacy Store IT (mssql)	Run base tests	2023-12-04T14:00:46.8561540Z -- testdb> 
Legacy Store IT (mssql)	Run base tests	2023-12-04T14:00:46.8683589Z -- 2023-12-04 14:00:46.82 Server      UTC adjustment: 0:00
Legacy Store IT (mssql)	Run base tests	2023-12-04T14:00:46.8684864Z -- testdb> 
Legacy Store IT (mssql)	Run base tests	2023-12-04T14:00:46.8685665Z -- 2023-12-04 14:00:46.83 Server      (c) Microsoft Corporation.
Legacy Store IT (mssql)	Run base tests	2023-12-04T14:00:46.8686485Z -- testdb> 
Legacy Store IT (mssql)	Run base tests	2023-12-04T14:00:46.8687136Z -- 2023-12-04 14:00:46.83 Server      All rights reserved.
Legacy Store IT (mssql)	Run base tests	2023-12-04T14:00:46.8687917Z -- testdb> 
Legacy Store IT (mssql)	Run base tests	2023-12-04T14:00:46.8688619Z -- 2023-12-04 14:00:46.83 Server      Server process ID is 436.
Legacy Store IT (mssql)	Run base tests	2023-12-04T14:00:46.8689456Z -- testdb> 
Legacy Store IT (mssql)	Run base tests	2023-12-04T14:00:46.8690598Z -- 2023-12-04 14:00:46.83 Server      Logging SQL Server messages in file '/var/opt/mssql/log/errorlog'.
Legacy Store IT (mssql)	Run base tests	2023-12-04T14:00:46.8691742Z -- testdb> 
Legacy Store IT (mssql)	Run base tests	2023-12-04T14:00:46.8692505Z -- 2023-12-04 14:00:46.83 Server      Registry startup parameters:
Legacy Store IT (mssql)	Run base tests	2023-12-04T14:00:46.8693363Z -- testdb> 
Legacy Store IT (mssql)	Run base tests	2023-12-04T14:00:46.8693913Z -- 	 -d /var/opt/mssql/data/master.mdf
Legacy Store IT (mssql)	Run base tests	2023-12-04T14:00:46.8694597Z -- testdb> 
Legacy Store IT (mssql)	Run base tests	2023-12-04T14:00:46.8695482Z -- 	 -l /var/opt/mssql/data/mastlog.ldf
Legacy Store IT (mssql)	Run base tests	2023-12-04T14:00:46.8696174Z -- testdb> 
Legacy Store IT (mssql)	Run base tests	2023-12-04T14:00:46.8696674Z -- 	 -e /var/opt/mssql/log/errorlog
Legacy Store IT (mssql)	Run base tests	2023-12-04T14:00:46.8697323Z -- testdb> 
Legacy Store IT (mssql)	Run base tests	2023-12-04T14:00:46.8699837Z -- 2023-12-04 14:00:46.83 Server      SQL Server detected 1 sockets with 2 cores per socket and 4 logical processors per socket, 4 total logical processors; using 4 logical processors based on SQL Server licensing. This is an informational message; no user action is required.
Legacy Store IT (mssql)	Run base tests	2023-12-04T14:00:46.8702367Z -- testdb> 
Legacy Store IT (mssql)	Run base tests	2023-12-04T14:00:46.8703879Z -- 2023-12-04 14:00:46.84 Server      SQL Server is starting at normal priority base (=7). This is an informational message only. No user action is required.
Legacy Store IT (mssql)	Run base tests	2023-12-04T14:00:46.8705415Z -- testdb> 
Legacy Store IT (mssql)	Run base tests	2023-12-04T14:00:46.8706659Z -- 2023-12-04 14:00:46.84 Server      Detected 12785 MB of RAM. This is an informational message; no user action is required.
Legacy Store IT (mssql)	Run base tests	2023-12-04T14:00:46.8707867Z -- testdb> 
Legacy Store IT (mssql)	Run base tests	2023-12-04T14:00:46.8708716Z -- 2023-12-04 14:00:46.84 Server      Using conventional memory in the memory manager.
Legacy Store IT (mssql)	Run base tests	2023-12-04T14:00:46.8709654Z -- testdb> 
Legacy Store IT (mssql)	Run base tests	2023-12-04T14:00:46.8710494Z -- 2023-12-04 14:00:46.84 Server      Detected pause instruction latency: 73 cycles.
Legacy Store IT (mssql)	Run base tests	2023-12-04T14:00:46.8711433Z -- testdb> 
Legacy Store IT (mssql)	Run base tests	2023-12-04T14:00:46.8712197Z -- 2023-12-04 14:00:46.85 Server      Page exclusion bitmap is enabled.
Legacy Store IT (mssql)	Run base tests	2023-12-04T14:00:46.8926291Z -- testdb> 
Legacy Store IT (mssql)	Run base tests	2023-12-04T14:00:46.8929087Z -- 2023-12-04 14:00:46.88 Server      Buffer pool extension is not supported on Linux platform.
Legacy Store IT (mssql)	Run base tests	2023-12-04T14:00:46.8944615Z -- testdb> 
Legacy Store IT (mssql)	Run base tests	2023-12-04T14:00:46.8945860Z -- 2023-12-04 14:00:46.88 Server      Buffer Pool: Allocating 2097152 bytes for 1957910 hashPages.
Legacy Store IT (mssql)	Run base tests	2023-12-04T14:00:47.0005064Z -- testdb> 
Legacy Store IT (mssql)	Run base tests	2023-12-04T14:00:47.0006267Z -- 2023-12-04 14:00:46.99 Server      Buffer pool extension is already disabled. No action is necessary.
Legacy Store IT (mssql)	Run base tests	2023-12-04T14:00:47.3391226Z -- testdb> 
Legacy Store IT (mssql)	Run base tests	2023-12-04T14:00:47.3392258Z -- 2023-12-04 14:00:47.33 Server      Installing Client TLS certificates to the store.
Legacy Store IT (mssql)	Run base tests	2023-12-04T14:00:47.3500681Z -- testdb> 
Legacy Store IT (mssql)	Run base tests	2023-12-04T14:00:47.3502326Z -- 2023-12-04 14:00:47.34 Server      Error searching first file in /var/opt/mssql/security/ca-certificates: 3(The system cannot find the path specified.)
Legacy Store IT (mssql)	Run base tests	2023-12-04T14:00:47.3506333Z -- testdb> 
Legacy Store IT (mssql)	Run base tests	2023-12-04T14:00:47.3507574Z -- 2023-12-04 14:00:47.34 Server      CPU vectorization level(s) detected:  SSE SSE2 SSE3 SSSE3 SSE41 SSE42 AVX AVX2 POPCNT BMI1 BMI2
Legacy Store IT (mssql)	Run base tests	2023-12-04T14:00:47.3930401Z -- testdb> 
Legacy Store IT (mssql)	Run base tests	2023-12-04T14:00:47.3934068Z -- 2023-12-04 14:00:47.38 Server      Successfully initialized the TLS configuration. Allowed TLS protocol versions are ['1.0 1.1 1.2']. Allowed TLS ciphers are ['ECDHE-ECDSA-AES128-GCM-SHA256:ECDHE-ECDSA-AES256-GCM-SHA384:ECDHE-RSA-AES128-GCM-SHA256:ECDHE-RSA-AES256-GCM-SHA384:ECDHE-ECDSA-AES128-SHA256:ECDHE-ECDSA-AES256-SHA384:ECDHE-ECDSA-AES256-SHA:ECDHE-ECDSA-AES128-SHA:AES256-GCM-SHA384:AES128-GCM-SHA256:AES256-SHA256:AES128-SHA256:AES256-SHA:AES128-SHA:!DHE-RSA-AES256-GCM-SHA384:!DHE-RSA-AES128-GCM-SHA256:!DHE-RSA-AES256-SHA:!DHE-RSA-AES128-SHA'].
Legacy Store IT (mssql)	Run base tests	2023-12-04T14:00:47.4089287Z -- testdb> 
Legacy Store IT (mssql)	Run base tests	2023-12-04T14:00:47.4090303Z -- 2023-12-04 14:00:47.40 Server      Query Store settings initialized with enabled = 1,
Legacy Store IT (mssql)	Run base tests	2023-12-04T14:00:47.4182525Z -- testdb> 
Legacy Store IT (mssql)	Run base tests	2023-12-04T14:00:47.4184110Z -- 2023-12-04 14:00:47.41 Server      The maximum number of dedicated administrator connections for this instance is '1'
Legacy Store IT (mssql)	Run base tests	2023-12-04T14:00:47.4243009Z -- testdb> 
Legacy Store IT (mssql)	Run base tests	2023-12-04T14:00:47.4245675Z -- 2023-12-04 14:00:47.41 Server      Node configuration: node 0: CPU mask: 0x000000000000000f:0 Active CPU mask: 0x000000000000000f:0. This message provides a description of the NUMA configuration for this computer. This is an informational message only. No user action is required.
Legacy Store IT (mssql)	Run base tests	2023-12-04T14:00:47.4332754Z -- testdb> 
Legacy Store IT (mssql)	Run base tests	2023-12-04T14:00:47.4335038Z -- 2023-12-04 14:00:47.42 Server      Using dynamic lock allocation.  Initial allocation of 2500 Lock blocks and 5000 Lock Owner blocks per node.  This is an informational message only.  No user action is required.
Legacy Store IT (mssql)	Run base tests	2023-12-04T14:00:47.4545801Z -- testdb> 
Legacy Store IT (mssql)	Run base tests	2023-12-04T14:00:47.4546904Z -- 2023-12-04 14:00:47.44 Server      In-Memory OLTP initialized on lowend machine.
Legacy Store IT (mssql)	Run base tests	2023-12-04T14:00:47.4689560Z -- testdb> 
Legacy Store IT (mssql)	Run base tests	2023-12-04T14:00:47.4690835Z -- 2023-12-04 14:00:47.46 Server      [INFO] Created Extended Events session 'hkenginexesession'
Legacy Store IT (mssql)	Run base tests	2023-12-04T14:00:47.4730036Z -- testdb> 
Legacy Store IT (mssql)	Run base tests	2023-12-04T14:00:47.4732856Z -- 2023-12-04 14:00:47.46 Server      Database Instant File Initialization: enabled. For security and performance considerations see the topic 'Database Instant File Initialization' in SQL Server Books Online. This is an informational message only. No user action is required.
Legacy Store IT (mssql)	Run base tests	2023-12-04T14:00:47.4821757Z -- testdb> 
Legacy Store IT (mssql)	Run base tests	2023-12-04T14:00:47.4822393Z -- ForceFlush is enabled for this instance.
Legacy Store IT (mssql)	Run base tests	2023-12-04T14:00:47.4869993Z -- testdb> 
Legacy Store IT (mssql)	Run base tests	2023-12-04T14:00:47.4871539Z -- 2023-12-04 14:00:47.48 Server      Total Log Writer threads: 2. This is an informational message; no user action is required.
Legacy Store IT (mssql)	Run base tests	2023-12-04T14:00:47.4913847Z -- testdb> 
Legacy Store IT (mssql)	Run base tests	2023-12-04T14:00:47.4915029Z -- 2023-12-04 14:00:47.48 Server      clwb is selected for pmem flush operation.
Legacy Store IT (mssql)	Run base tests	2023-12-04T14:00:47.4969157Z -- testdb> 
Legacy Store IT (mssql)	Run base tests	2023-12-04T14:00:47.4970007Z -- 2023-12-04 14:00:47.49 Server      Software Usage Metrics is disabled.
Legacy Store IT (mssql)	Run base tests	2023-12-04T14:00:47.5124406Z -- testdb> 
Legacy Store IT (mssql)	Run base tests	2023-12-04T14:00:47.5126415Z -- 2023-12-04 14:00:47.50 spid18s     [1]. Feature Status: PVS: 0. CTR: 0. ConcurrentPFSUpdate: 1. ConcurrentGAMUpdate: 1. ConcurrentSGAMUpdate: 1, CleanupUnderUserTransaction: 0. TranLevelPVS: 0
Legacy Store IT (mssql)	Run base tests	2023-12-04T14:00:47.5150703Z -- testdb> 
Legacy Store IT (mssql)	Run base tests	2023-12-04T14:00:47.5151496Z -- 2023-12-04 14:00:47.50 spid18s     Starting up database 'master'.
Legacy Store IT (mssql)	Run base tests	2023-12-04T14:00:47.5358342Z -- testdb> 
Legacy Store IT (mssql)	Run base tests	2023-12-04T14:00:47.5359204Z -- 2023-12-04 14:00:47.52 Server      CLR version v4.0.30319 loaded.
Legacy Store IT (mssql)	Run base tests	2023-12-04T14:00:47.5565735Z -- testdb> 
Legacy Store IT (mssql)	Run base tests	2023-12-04T14:00:47.5566565Z -- ForceFlush feature is enabled for log durability.
Legacy Store IT (mssql)	Run base tests	2023-12-04T14:00:47.5740611Z -- testdb> 
Legacy Store IT (mssql)	Run base tests	2023-12-04T14:00:47.5742729Z -- 2023-12-04 14:00:47.56 spid18s     The tail of the log for database master is being rewritten to match the new sector size of 4096 bytes.  1024 bytes at offset 396288 in file /var/opt/mssql/data/mastlog.ldf will be written.
Legacy Store IT (mssql)	Run base tests	2023-12-04T14:00:47.6296760Z -- testdb> 
Legacy Store IT (mssql)	Run base tests	2023-12-04T14:00:47.6297943Z -- 2023-12-04 14:00:47.61 spid18s     Converting database 'master' from version 927 to the current version 957.
Legacy Store IT (mssql)	Run base tests	2023-12-04T14:00:47.6299100Z -- testdb> 
Legacy Store IT (mssql)	Run base tests	2023-12-04T14:00:47.6300201Z -- 2023-12-04 14:00:47.62 spid18s     Database 'master' running the upgrade step from version 927 to version 928.
Legacy Store IT (mssql)	Run base tests	2023-12-04T14:00:47.6537667Z -- testdb> 
Legacy Store IT (mssql)	Run base tests	2023-12-04T14:00:47.6539095Z -- 2023-12-04 14:00:47.64 spid18s     Database 'master' running the upgrade step from version 928 to version 929.
Legacy Store IT (mssql)	Run base tests	2023-12-04T14:00:47.6739758Z -- testdb> 
Legacy Store IT (mssql)	Run base tests	2023-12-04T14:00:47.6741088Z -- 2023-12-04 14:00:47.66 spid18s     Database 'master' running the upgrade step from version 929 to version 930.
Legacy Store IT (mssql)	Run base tests	2023-12-04T14:00:47.6845345Z -- testdb> 
Legacy Store IT (mssql)	Run base tests	2023-12-04T14:00:47.6846613Z -- 2023-12-04 14:00:47.67 spid18s     Database 'master' running the upgrade step from version 930 to version 931.
Legacy Store IT (mssql)	Run base tests	2023-12-04T14:00:47.6886708Z -- testdb> 
Legacy Store IT (mssql)	Run base tests	2023-12-04T14:00:47.6887886Z -- 2023-12-04 14:00:47.68 spid18s     Database 'master' running the upgrade step from version 931 to version 932.
Legacy Store IT (mssql)	Run base tests	2023-12-04T14:00:47.6916789Z -- testdb> 
Legacy Store IT (mssql)	Run base tests	2023-12-04T14:00:47.6917902Z -- 2023-12-04 14:00:47.68 spid18s     Database 'master' running the upgrade step from version 932 to version 933.
Legacy Store IT (mssql)	Run base tests	2023-12-04T14:00:47.6964099Z -- testdb> 
Legacy Store IT (mssql)	Run base tests	2023-12-04T14:00:47.6965207Z -- 2023-12-04 14:00:47.69 spid18s     Database 'master' running the upgrade step from version 933 to version 934.
Legacy Store IT (mssql)	Run base tests	2023-12-04T14:00:47.7023553Z -- testdb> 
Legacy Store IT (mssql)	Run base tests	2023-12-04T14:00:47.7024883Z -- 2023-12-04 14:00:47.69 spid18s     Database 'master' running the upgrade step from version 934 to version 935.
Legacy Store IT (mssql)	Run base tests	2023-12-04T14:00:47.7120339Z -- testdb> 
Legacy Store IT (mssql)	Run base tests	2023-12-04T14:00:47.7121577Z -- 2023-12-04 14:00:47.70 spid18s     Database 'master' running the upgrade step from version 935 to version 936.
Legacy Store IT (mssql)	Run base tests	2023-12-04T14:00:47.7173843Z -- testdb> 
Legacy Store IT (mssql)	Run base tests	2023-12-04T14:00:47.7174582Z -- 2023-12-04 14:00:47.71 spid18s     Database 'master' running the upgrade step from version 936 to version 937.
Legacy Store IT (mssql)	Run base tests	2023-12-04T14:00:47.7207498Z -- testdb> 
Legacy Store IT (mssql)	Run base tests	2023-12-04T14:00:47.7208646Z -- 2023-12-04 14:00:47.71 spid18s     Database 'master' running the upgrade step from version 937 to version 938.
Legacy Store IT (mssql)	Run base tests	2023-12-04T14:00:47.7308889Z -- testdb> 
Legacy Store IT (mssql)	Run base tests	2023-12-04T14:00:47.7310041Z -- 2023-12-04 14:00:47.72 spid18s     Database 'master' running the upgrade step from version 938 to version 939.
Legacy Store IT (mssql)	Run base tests	2023-12-04T14:00:47.7354650Z -- testdb> 
Legacy Store IT (mssql)	Run base tests	2023-12-04T14:00:47.7355789Z -- 2023-12-04 14:00:47.73 spid18s     Database 'master' running the upgrade step from version 939 to version 940.
Legacy Store IT (mssql)	Run base tests	2023-12-04T14:00:47.7441155Z -- testdb> 
Legacy Store IT (mssql)	Run base tests	2023-12-04T14:00:47.7442704Z -- 2023-12-04 14:00:47.73 spid18s     Database 'master' running the upgrade step from version 940 to version 941.
Legacy Store IT (mssql)	Run base tests	2023-12-04T14:00:47.7487753Z -- testdb> 
Legacy Store IT (mssql)	Run base tests	2023-12-04T14:00:47.7488855Z -- 2023-12-04 14:00:47.74 spid18s     Database 'master' running the upgrade step from version 941 to version 942.
Legacy Store IT (mssql)	Run base tests	2023-12-04T14:00:47.7520505Z -- testdb> 
Legacy Store IT (mssql)	Run base tests	2023-12-04T14:00:47.7521820Z -- 2023-12-04 14:00:47.74 spid18s     Database 'master' running the upgrade step from version 942 to version 943.
Legacy Store IT (mssql)	Run base tests	2023-12-04T14:00:47.7667703Z -- testdb> 
Legacy Store IT (mssql)	Run base tests	2023-12-04T14:00:47.7669263Z -- 2023-12-04 14:00:47.76 spid18s     Database 'master' running the upgrade step from version 943 to version 944.
Legacy Store IT (mssql)	Run base tests	2023-12-04T14:00:47.7717648Z -- testdb> 
Legacy Store IT (mssql)	Run base tests	2023-12-04T14:00:47.7718942Z -- 2023-12-04 14:00:47.76 spid18s     Database 'master' running the upgrade step from version 944 to version 945.
Legacy Store IT (mssql)	Run base tests	2023-12-04T14:00:47.7793669Z -- testdb> 
Legacy Store IT (mssql)	Run base tests	2023-12-04T14:00:47.7794815Z -- 2023-12-04 14:00:47.77 spid18s     Database 'master' running the upgrade step from version 945 to version 946.
Legacy Store IT (mssql)	Run base tests	2023-12-04T14:00:47.7865181Z -- testdb> 
Legacy Store IT (mssql)	Run base tests	2023-12-04T14:00:47.7866340Z -- 2023-12-04 14:00:47.78 spid18s     Database 'master' running the upgrade step from version 946 to version 947.
Legacy Store IT (mssql)	Run base tests	2023-12-04T14:00:47.7907789Z -- testdb> 
Legacy Store IT (mssql)	Run base tests	2023-12-04T14:00:47.7908915Z -- 2023-12-04 14:00:47.78 spid18s     Database 'master' running the upgrade step from version 947 to version 948.
Legacy Store IT (mssql)	Run base tests	2023-12-04T14:00:47.7944575Z -- testdb> 
Legacy Store IT (mssql)	Run base tests	2023-12-04T14:00:47.7945647Z -- 2023-12-04 14:00:47.79 spid18s     Database 'master' running the upgrade step from version 948 to version 949.
Legacy Store IT (mssql)	Run base tests	2023-12-04T14:00:47.7994205Z -- testdb> 
Legacy Store IT (mssql)	Run base tests	2023-12-04T14:00:47.7995315Z -- 2023-12-04 14:00:47.79 spid18s     Database 'master' running the upgrade step from version 949 to version 950.
Legacy Store IT (mssql)	Run base tests	2023-12-04T14:00:47.8038428Z -- testdb> 
Legacy Store IT (mssql)	Run base tests	2023-12-04T14:00:47.8039556Z -- 2023-12-04 14:00:47.79 spid18s     Database 'master' running the upgrade step from version 950 to version 951.
Legacy Store IT (mssql)	Run base tests	2023-12-04T14:00:47.8138876Z -- testdb> 
Legacy Store IT (mssql)	Run base tests	2023-12-04T14:00:47.8140005Z -- 2023-12-04 14:00:47.80 spid18s     Database 'master' running the upgrade step from version 951 to version 952.
Legacy Store IT (mssql)	Run base tests	2023-12-04T14:00:47.8183418Z -- testdb> 
Legacy Store IT (mssql)	Run base tests	2023-12-04T14:00:47.8184583Z -- 2023-12-04 14:00:47.81 spid18s     Database 'master' running the upgrade step from version 952 to version 953.
Legacy Store IT (mssql)	Run base tests	2023-12-04T14:00:47.8253999Z -- testdb> 
Legacy Store IT (mssql)	Run base tests	2023-12-04T14:00:47.8254969Z -- 2023-12-04 14:00:47.82 spid18s     Database 'master' running the upgrade step from version 953 to version 954.
Legacy Store IT (mssql)	Run base tests	2023-12-04T14:00:47.8294682Z -- testdb> 
Legacy Store IT (mssql)	Run base tests	2023-12-04T14:00:47.8296065Z -- 2023-12-04 14:00:47.82 spid18s     Database 'master' running the upgrade step from version 954 to version 955.
Legacy Store IT (mssql)	Run base tests	2023-12-04T14:00:47.8345335Z -- testdb> 
Legacy Store IT (mssql)	Run base tests	2023-12-04T14:00:47.8346508Z -- 2023-12-04 14:00:47.83 spid18s     Database 'master' running the upgrade step from version 955 to version 956.
Legacy Store IT (mssql)	Run base tests	2023-12-04T14:00:47.8464814Z -- testdb> 
Legacy Store IT (mssql)	Run base tests	2023-12-04T14:00:47.8465546Z -- 2023-12-04 14:00:47.84 spid18s     Database 'master' running the upgrade step from version 956 to version 957.
Legacy Store IT (mssql)	Run base tests	2023-12-04T14:00:47.8779862Z -- testdb> 
Legacy Store IT (mssql)	Run base tests	2023-12-04T14:00:47.8780951Z -- 2023-12-04 14:00:47.87 Server      Common language runtime (CLR) functionality initialized.
Legacy Store IT (mssql)	Run base tests	2023-12-04T14:00:47.8999191Z -- testdb> 
Legacy Store IT (mssql)	Run base tests	2023-12-04T14:00:47.9001200Z -- 2023-12-04 14:00:47.89 spid21s     [32767]. Feature Status: PVS: 0. CTR: 0. ConcurrentPFSUpdate: 1. ConcurrentGAMUpdate: 1. ConcurrentSGAMUpdate: 1, CleanupUnderUserTransaction: 0. TranLevelPVS: 0
Legacy Store IT (mssql)	Run base tests	2023-12-04T14:00:47.9010676Z -- testdb> 
Legacy Store IT (mssql)	Run base tests	2023-12-04T14:00:47.9011502Z -- 2023-12-04 14:00:47.89 spid28s     Password policy update was successful.
Legacy Store IT (mssql)	Run base tests	2023-12-04T14:00:47.9034924Z -- testdb> 
Legacy Store IT (mssql)	Run base tests	2023-12-04T14:00:47.9035846Z -- 2023-12-04 14:00:47.89 spid21s     Starting up database 'mssqlsystemresource'.
Legacy Store IT (mssql)	Run base tests	2023-12-04T14:00:47.9172408Z -- testdb> 
Legacy Store IT (mssql)	Run base tests	2023-12-04T14:00:47.9173983Z -- 2023-12-04 14:00:47.91 spid21s     The resource database build version is 16.00.4095. This is an informational message only. No user action is required.
Legacy Store IT (mssql)	Run base tests	2023-12-04T14:00:47.9291441Z -- testdb> 
Legacy Store IT (mssql)	Run base tests	2023-12-04T14:00:47.9293486Z -- 2023-12-04 14:00:47.92 spid18s     [32762]. Feature Status: PVS: 0. CTR: 0. ConcurrentPFSUpdate: 1. ConcurrentGAMUpdate: 1. ConcurrentSGAMUpdate: 1, CleanupUnderUserTransaction: 0. TranLevelPVS: 0
Legacy Store IT (mssql)	Run base tests	2023-12-04T14:00:47.9334006Z -- testdb> 
Legacy Store IT (mssql)	Run base tests	2023-12-04T14:00:47.9335528Z -- 2023-12-04 14:00:47.92 spid18s     Starting up database 'model_replicatedmaster'.
Legacy Store IT (mssql)	Run base tests	2023-12-04T14:00:47.9449393Z -- testdb> 
Legacy Store IT (mssql)	Run base tests	2023-12-04T14:00:47.9451410Z -- 2023-12-04 14:00:47.94 spid21s     [3]. Feature Status: PVS: 0. CTR: 0. ConcurrentPFSUpdate: 1. ConcurrentGAMUpdate: 1. ConcurrentSGAMUpdate: 1, CleanupUnderUserTransaction: 0. TranLevelPVS: 0
Legacy Store IT (mssql)	Run base tests	2023-12-04T14:00:47.9459099Z -- testdb> 
Legacy Store IT (mssql)	Run base tests	2023-12-04T14:00:47.9459867Z -- 2023-12-04 14:00:47.94 spid21s     Starting up database 'model'.
Legacy Store IT (mssql)	Run base tests	2023-12-04T14:00:47.9508593Z -- testdb> 
Legacy Store IT (mssql)	Run base tests	2023-12-04T14:00:47.9509414Z -- 2023-12-04 14:00:47.94 Server      External governance manager initialized
Legacy Store IT (mssql)	Run base tests	2023-12-04T14:00:47.9813450Z -- testdb> 
Legacy Store IT (mssql)	Run base tests	2023-12-04T14:00:47.9816052Z -- 2023-12-04 14:00:47.97 spid18s     The tail of the log for database model_replicatedmaster is being rewritten to match the new sector size of 4096 bytes.  2560 bytes at offset 99840 in file /var/opt/mssql/data/model_replicatedmaster.ldf will be written.
Legacy Store IT (mssql)	Run base tests	2023-12-04T14:00:47.9850344Z -- testdb> 
Legacy Store IT (mssql)	Run base tests	2023-12-04T14:00:47.9852475Z -- 2023-12-04 14:00:47.97 spid21s     The tail of the log for database model is being rewritten to match the new sector size of 4096 bytes.  2048 bytes at offset 75776 in file /var/opt/mssql/data/modellog.ldf will be written.
Legacy Store IT (mssql)	Run base tests	2023-12-04T14:00:48.0110599Z -- testdb> 
Legacy Store IT (mssql)	Run base tests	2023-12-04T14:00:48.0111996Z -- 2023-12-04 14:00:48.00 spid18s     Converting database 'model_replicatedmaster' from version 927 to the current version 957.
Legacy Store IT (mssql)	Run base tests	2023-12-04T14:00:48.0113196Z -- testdb> 
Legacy Store IT (mssql)	Run base tests	2023-12-04T14:00:48.0114372Z -- 2023-12-04 14:00:48.00 spid18s     Database 'model_replicatedmaster' running the upgrade step from version 927 to version 928.
Legacy Store IT (mssql)	Run base tests	2023-12-04T14:00:48.0144286Z -- testdb> 
Legacy Store IT (mssql)	Run base tests	2023-12-04T14:00:48.0145515Z -- 2023-12-04 14:00:48.00 spid21s     Converting database 'model' from version 927 to the current version 957.
Legacy Store IT (mssql)	Run base tests	2023-12-04T14:00:48.0166483Z -- testdb> 
Legacy Store IT (mssql)	Run base tests	2023-12-04T14:00:48.0167837Z -- 2023-12-04 14:00:48.01 spid18s     Database 'model_replicatedmaster' running the upgrade step from version 928 to version 929.
Legacy Store IT (mssql)	Run base tests	2023-12-04T14:00:48.0188947Z -- testdb> 
Legacy Store IT (mssql)	Run base tests	2023-12-04T14:00:48.0190125Z -- 2023-12-04 14:00:48.01 spid21s     Database 'model' running the upgrade step from version 927 to version 928.
Legacy Store IT (mssql)	Run base tests	2023-12-04T14:00:48.0326831Z -- testdb> 
Legacy Store IT (mssql)	Run base tests	2023-12-04T14:00:48.0328115Z -- 2023-12-04 14:00:48.02 spid21s     Database 'model' running the upgrade step from version 928 to version 929.
Legacy Store IT (mssql)	Run base tests	2023-12-04T14:00:48.0452179Z -- testdb> 
Legacy Store IT (mssql)	Run base tests	2023-12-04T14:00:48.0453524Z -- 2023-12-04 14:00:48.04 spid18s     Database 'model_replicatedmaster' running the upgrade step from version 929 to version 930.
Legacy Store IT (mssql)	Run base tests	2023-12-04T14:00:48.0490281Z -- testdb> 
Legacy Store IT (mssql)	Run base tests	2023-12-04T14:00:48.0491491Z -- 2023-12-04 14:00:48.04 spid21s     Database 'model' running the upgrade step from version 929 to version 930.
Legacy Store IT (mssql)	Run base tests	2023-12-04T14:00:48.0586980Z -- testdb> 
Legacy Store IT (mssql)	Run base tests	2023-12-04T14:00:48.0591261Z -- 2023-12-04 14:00:48.05 spid21s     Database 'model' running the upgrade step from version 930 to version 931.
Legacy Store IT (mssql)	Run base tests	2023-12-04T14:00:48.0607690Z -- testdb> 
Legacy Store IT (mssql)	Run base tests	2023-12-04T14:00:48.0608956Z -- 2023-12-04 14:00:48.05 spid18s     Database 'model_replicatedmaster' running the upgrade step from version 930 to version 931.
Legacy Store IT (mssql)	Run base tests	2023-12-04T14:00:48.0639574Z -- testdb> 
Legacy Store IT (mssql)	Run base tests	2023-12-04T14:00:48.0644344Z -- 2023-12-04 14:00:48.06 spid21s     Database 'model' running the upgrade step from version 931 to version 932.
Legacy Store IT (mssql)	Run base tests	2023-12-04T14:00:48.0680610Z -- testdb> 
Legacy Store IT (mssql)	Run base tests	2023-12-04T14:00:48.0681833Z -- 2023-12-04 14:00:48.06 spid18s     Database 'model_replicatedmaster' running the upgrade step from version 931 to version 932.
Legacy Store IT (mssql)	Run base tests	2023-12-04T14:00:48.0683023Z -- testdb> 
Legacy Store IT (mssql)	Run base tests	2023-12-04T14:00:48.0684021Z -- 2023-12-04 14:00:48.06 spid21s     Database 'model' running the upgrade step from version 932 to version 933.
Legacy Store IT (mssql)	Run base tests	2023-12-04T14:00:48.0730499Z -- testdb> 
Legacy Store IT (mssql)	Run base tests	2023-12-04T14:00:48.0732756Z -- 2023-12-04 14:00:48.06 spid18s     Database 'model_replicatedmaster' running the upgrade step from version 932 to version 933.
Legacy Store IT (mssql)	Run base tests	2023-12-04T14:00:48.0762002Z -- testdb> 
Legacy Store IT (mssql)	Run base tests	2023-12-04T14:00:48.0763191Z -- 2023-12-04 14:00:48.07 spid21s     Database 'model' running the upgrade step from version 933 to version 934.
Legacy Store IT (mssql)	Run base tests	2023-12-04T14:00:48.0809357Z -- testdb> 
Legacy Store IT (mssql)	Run base tests	2023-12-04T14:00:48.0811215Z -- 2023-12-04 14:00:48.07 spid18s     Database 'model_replicatedmaster' running the upgrade step from version 933 to version 934.
Legacy Store IT (mssql)	Run base tests	2023-12-04T14:00:48.0829729Z -- testdb> 
Legacy Store IT (mssql)	Run base tests	2023-12-04T14:00:48.0830881Z -- 2023-12-04 14:00:48.07 spid21s     Database 'model' running the upgrade step from version 934 to version 935.
Legacy Store IT (mssql)	Run base tests	2023-12-04T14:00:48.0866568Z -- testdb> 
Legacy Store IT (mssql)	Run base tests	2023-12-04T14:00:48.0867798Z -- 2023-12-04 14:00:48.08 spid18s     Database 'model_replicatedmaster' running the upgrade step from version 934 to version 935.
Legacy Store IT (mssql)	Run base tests	2023-12-04T14:00:48.0868768Z -- testdb> 
Legacy Store IT (mssql)	Run base tests	2023-12-04T14:00:48.0869511Z -- 2023-12-04 14:00:48.08 spid21s     Database 'model' running the upgrade step from version 935 to version 936.
Legacy Store IT (mssql)	Run base tests	2023-12-04T14:00:48.0903222Z -- testdb> 
Legacy Store IT (mssql)	Run base tests	2023-12-04T14:00:48.0907819Z -- 2023-12-04 14:00:48.08 spid18s     Database 'model_replicatedmaster' running the upgrade step from version 935 to version 936.
Legacy Store IT (mssql)	Run base tests	2023-12-04T14:00:48.0915882Z -- testdb> 
Legacy Store IT (mssql)	Run base tests	2023-12-04T14:00:48.0917266Z -- 2023-12-04 14:00:48.08 spid21s     Database 'model' running the upgrade step from version 936 to version 937.
Legacy Store IT (mssql)	Run base tests	2023-12-04T14:00:48.0967861Z -- testdb> 
Legacy Store IT (mssql)	Run base tests	2023-12-04T14:00:48.0968973Z -- 2023-12-04 14:00:48.09 spid21s     Database 'model' running the upgrade step from version 937 to version 938.
Legacy Store IT (mssql)	Run base tests	2023-12-04T14:00:48.0970083Z -- testdb> 
Legacy Store IT (mssql)	Run base tests	2023-12-04T14:00:48.0971222Z -- 2023-12-04 14:00:48.09 spid18s     Database 'model_replicatedmaster' running the upgrade step from version 936 to version 937.
Legacy Store IT (mssql)	Run base tests	2023-12-04T14:00:48.1011868Z -- testdb> 
Legacy Store IT (mssql)	Run base tests	2023-12-04T14:00:48.1013090Z -- 2023-12-04 14:00:48.09 spid18s     Database 'model_replicatedmaster' running the upgrade step from version 937 to version 938.
Legacy Store IT (mssql)	Run base tests	2023-12-04T14:00:48.1014277Z -- testdb> 
Legacy Store IT (mssql)	Run base tests	2023-12-04T14:00:48.1015515Z -- 2023-12-04 14:00:48.09 spid21s     Database 'model' running the upgrade step from version 938 to version 939.
Legacy Store IT (mssql)	Run base tests	2023-12-04T14:00:48.1069955Z -- testdb> 
Legacy Store IT (mssql)	Run base tests	2023-12-04T14:00:48.1071163Z -- 2023-12-04 14:00:48.10 spid18s     Database 'model_replicatedmaster' running the upgrade step from version 938 to version 939.
Legacy Store IT (mssql)	Run base tests	2023-12-04T14:00:48.1099350Z -- testdb> 
Legacy Store IT (mssql)	Run base tests	2023-12-04T14:00:48.1100419Z -- 2023-12-04 14:00:48.10 spid21s     Database 'model' running the upgrade step from version 939 to version 940.
Legacy Store IT (mssql)	Run base tests	2023-12-04T14:00:48.1112759Z -- testdb> 
Legacy Store IT (mssql)	Run base tests	2023-12-04T14:00:48.1113995Z -- 2023-12-04 14:00:48.10 spid18s     Database 'model_replicatedmaster' running the upgrade step from version 939 to version 940.
Legacy Store IT (mssql)	Run base tests	2023-12-04T14:00:48.1170017Z -- testdb> 
Legacy Store IT (mssql)	Run base tests	2023-12-04T14:00:48.1174533Z -- 2023-12-04 14:00:48.11 spid21s     Database 'model' running the upgrade step from version 940 to version 941.
Legacy Store IT (mssql)	Run base tests	2023-12-04T14:00:48.1185862Z -- testdb> 
Legacy Store IT (mssql)	Run base tests	2023-12-04T14:00:48.1187233Z -- 2023-12-04 14:00:48.11 spid18s     Database 'model_replicatedmaster' running the upgrade step from version 940 to version 941.
Legacy Store IT (mssql)	Run base tests	2023-12-04T14:00:48.1228642Z -- testdb> 
Legacy Store IT (mssql)	Run base tests	2023-12-04T14:00:48.1229728Z -- 2023-12-04 14:00:48.11 spid21s     Database 'model' running the upgrade step from version 941 to version 942.
Legacy Store IT (mssql)	Run base tests	2023-12-04T14:00:48.1247187Z -- testdb> 
Legacy Store IT (mssql)	Run base tests	2023-12-04T14:00:48.1248430Z -- 2023-12-04 14:00:48.11 spid18s     Database 'model_replicatedmaster' running the upgrade step from version 941 to version 942.
Legacy Store IT (mssql)	Run base tests	2023-12-04T14:00:48.1279438Z -- testdb> 
Legacy Store IT (mssql)	Run base tests	2023-12-04T14:00:48.1280587Z -- 2023-12-04 14:00:48.12 spid21s     Database 'model' running the upgrade step from version 942 to version 943.
Legacy Store IT (mssql)	Run base tests	2023-12-04T14:00:48.1314175Z -- testdb> 
Legacy Store IT (mssql)	Run base tests	2023-12-04T14:00:48.1315515Z -- 2023-12-04 14:00:48.12 spid18s     Database 'model_replicatedmaster' running the upgrade step from version 942 to version 943.
Legacy Store IT (mssql)	Run base tests	2023-12-04T14:00:48.1478991Z -- testdb> 
Legacy Store IT (mssql)	Run base tests	2023-12-04T14:00:48.1480174Z -- 2023-12-04 14:00:48.14 spid21s     Database 'model' running the upgrade step from version 943 to version 944.
Legacy Store IT (mssql)	Run base tests	2023-12-04T14:00:48.1573923Z -- testdb> 
Legacy Store IT (mssql)	Run base tests	2023-12-04T14:00:48.1575974Z -- 2023-12-04 14:00:48.15 spid21s     Database 'model' running the upgrade step from version 944 to version 945.
Legacy Store IT (mssql)	Run base tests	2023-12-04T14:00:48.1647989Z -- testdb> 
Legacy Store IT (mssql)	Run base tests	2023-12-04T14:00:48.1649262Z -- 2023-12-04 14:00:48.15 spid18s     Database 'model_replicatedmaster' running the upgrade step from version 943 to version 944.
Legacy Store IT (mssql)	Run base tests	2023-12-04T14:00:48.1693002Z -- testdb> 
Legacy Store IT (mssql)	Run base tests	2023-12-04T14:00:48.1694184Z -- 2023-12-04 14:00:48.16 spid21s     Database 'model' running the upgrade step from version 945 to version 946.
Legacy Store IT (mssql)	Run base tests	2023-12-04T14:00:48.1709151Z -- testdb> 
Legacy Store IT (mssql)	Run base tests	2023-12-04T14:00:48.1710380Z -- 2023-12-04 14:00:48.16 spid18s     Database 'model_replicatedmaster' running the upgrade step from version 944 to version 945.
Legacy Store IT (mssql)	Run base tests	2023-12-04T14:00:48.1759046Z -- testdb> 
Legacy Store IT (mssql)	Run base tests	2023-12-04T14:00:48.1760141Z -- 2023-12-04 14:00:48.17 spid21s     Database 'model' running the upgrade step from version 946 to version 947.
Legacy Store IT (mssql)	Run base tests	2023-12-04T14:00:48.1828996Z -- testdb> 
Legacy Store IT (mssql)	Run base tests	2023-12-04T14:00:48.1830381Z -- 2023-12-04 14:00:48.17 spid21s     Database 'model' running the upgrade step from version 947 to version 948.
Legacy Store IT (mssql)	Run base tests	2023-12-04T14:00:48.1831482Z -- testdb> 
Legacy Store IT (mssql)	Run base tests	2023-12-04T14:00:48.1832673Z -- 2023-12-04 14:00:48.17 spid18s     Database 'model_replicatedmaster' running the upgrade step from version 945 to version 946.
Legacy Store IT (mssql)	Run base tests	2023-12-04T14:00:48.1882368Z -- testdb> 
Legacy Store IT (mssql)	Run base tests	2023-12-04T14:00:48.1883474Z -- 2023-12-04 14:00:48.18 spid21s     Database 'model' running the upgrade step from version 948 to version 949.
Legacy Store IT (mssql)	Run base tests	2023-12-04T14:00:48.1884551Z -- testdb> 
Legacy Store IT (mssql)	Run base tests	2023-12-04T14:00:48.1885713Z -- 2023-12-04 14:00:48.18 spid18s     Database 'model_replicatedmaster' running the upgrade step from version 946 to version 947.
Legacy Store IT (mssql)	Run base tests	2023-12-04T14:00:48.1930069Z -- testdb> 
Legacy Store IT (mssql)	Run base tests	2023-12-04T14:00:48.1933303Z -- 2023-12-04 14:00:48.18 spid21s     Database 'model' running the upgrade step from version 949 to version 950.
Legacy Store IT (mssql)	Run base tests	2023-12-04T14:00:48.1942126Z -- testdb> 
Legacy Store IT (mssql)	Run base tests	2023-12-04T14:00:48.1944027Z -- 2023-12-04 14:00:48.18 spid18s     Database 'model_replicatedmaster' running the upgrade step from version 947 to version 948.
Legacy Store IT (mssql)	Run base tests	2023-12-04T14:00:48.1975280Z -- testdb> 
Legacy Store IT (mssql)	Run base tests	2023-12-04T14:00:48.1977926Z -- 2023-12-04 14:00:48.19 spid21s     Database 'model' running the upgrade step from version 950 to version 951.
Legacy Store IT (mssql)	Run base tests	2023-12-04T14:00:48.2035751Z -- testdb> 
Legacy Store IT (mssql)	Run base tests	2023-12-04T14:00:48.2037075Z -- 2023-12-04 14:00:48.19 spid18s     Database 'model_replicatedmaster' running the upgrade step from version 948 to version 949.
Legacy Store IT (mssql)	Run base tests	2023-12-04T14:00:48.2038270Z -- testdb> 
Legacy Store IT (mssql)	Run base tests	2023-12-04T14:00:48.2039416Z -- 2023-12-04 14:00:48.19 spid28s     A self-generated certificate was successfully loaded for encryption.
Legacy Store IT (mssql)	Run base tests	2023-12-04T14:00:48.2067647Z -- testdb> 
Legacy Store IT (mssql)	Run base tests	2023-12-04T14:00:48.2073536Z -- 2023-12-04 14:00:48.20 spid28s     Server is listening on [ 'any' <ipv6> 1433] accept sockets 1.
Legacy Store IT (mssql)	Run base tests	2023-12-04T14:00:48.2088071Z -- testdb> 
Legacy Store IT (mssql)	Run base tests	2023-12-04T14:00:48.2089256Z -- 2023-12-04 14:00:48.20 spid28s     Server is listening on [ 'any' <ipv4> 1433] accept sockets 1.
Legacy Store IT (mssql)	Run base tests	2023-12-04T14:00:48.2090482Z -- testdb> 
Legacy Store IT (mssql)	Run base tests	2023-12-04T14:00:48.2091548Z -- 2023-12-04 14:00:48.20 spid21s     Database 'model' running the upgrade step from version 951 to version 952.
Legacy Store IT (mssql)	Run base tests	2023-12-04T14:00:48.2125564Z -- testdb> 
Legacy Store IT (mssql)	Run base tests	2023-12-04T14:00:48.2126886Z -- 2023-12-04 14:00:48.20 spid18s     Database 'model_replicatedmaster' running the upgrade step from version 949 to version 950.
Legacy Store IT (mssql)	Run base tests	2023-12-04T14:00:48.2128206Z -- testdb> 
Legacy Store IT (mssql)	Run base tests	2023-12-04T14:00:48.2129384Z -- 2023-12-04 14:00:48.20 Server      Server is listening on [ ::1 <ipv6> 1434] accept sockets 1.
Legacy Store IT (mssql)	Run base tests	2023-12-04T14:00:48.2149549Z -- testdb> 
Legacy Store IT (mssql)	Run base tests	2023-12-04T14:00:48.2153917Z -- 2023-12-04 14:00:48.21 spid21s     Database 'model' running the upgrade step from version 952 to version 953.
Legacy Store IT (mssql)	Run base tests	2023-12-04T14:00:48.2155076Z -- testdb> 
Legacy Store IT (mssql)	Run base tests	2023-12-04T14:00:48.2156133Z -- 2023-12-04 14:00:48.21 Server      Server is listening on [ 127.0.0.1 <ipv4> 1434] accept sockets 1.
Legacy Store IT (mssql)	Run base tests	2023-12-04T14:00:48.2185302Z -- testdb> 
Legacy Store IT (mssql)	Run base tests	2023-12-04T14:00:48.2186746Z -- 2023-12-04 14:00:48.21 spid18s     Database 'model_replicatedmaster' running the upgrade step from version 950 to version 951.
Legacy Store IT (mssql)	Run base tests	2023-12-04T14:00:48.2188062Z -- testdb> 
Legacy Store IT (mssql)	Run base tests	2023-12-04T14:00:48.2189328Z -- 2023-12-04 14:00:48.21 Server      Dedicated admin connection support was established for listening locally on port 1434.
Legacy Store IT (mssql)	Run base tests	2023-12-04T14:00:48.2218518Z -- testdb> 
Legacy Store IT (mssql)	Run base tests	2023-12-04T14:00:48.2227447Z -- 2023-12-04 14:00:48.21 spid28s     Server is listening on [ ::1 <ipv6> 1431] accept sockets 1.
Legacy Store IT (mssql)	Run base tests	2023-12-04T14:00:48.2230388Z -- testdb> 
Legacy Store IT (mssql)	Run base tests	2023-12-04T14:00:48.2231381Z -- 2023-12-04 14:00:48.22 spid28s     Server is listening on [ 127.0.0.1 <ipv4> 1431] accept sockets 1.
Legacy Store IT (mssql)	Run base tests	2023-12-04T14:00:48.2248475Z -- testdb> 
Legacy Store IT (mssql)	Run base tests	2023-12-04T14:00:48.2249929Z -- 2023-12-04 14:00:48.22 spid28s     SQL Server is now ready for client connections. This is an informational message; no user action is required.
Legacy Store IT (mssql)	Run base tests	2023-12-04T14:00:48.2257153Z -- [INFO] DOCKER> Pattern '(?si)SQL Server is now ready for client connections.' matched for container 47dcc8071ae4
Legacy Store IT (mssql)	Run base tests	2023-12-04T14:00:48.2281661Z -- testdb> 
Legacy Store IT (mssql)	Run base tests	2023-12-04T14:00:48.2284932Z -- 2023-12-04 14:00:48.22 spid21s     Database 'model' running the upgrade step from version 953 to version 954.
Legacy Store IT (mssql)	Run base tests	2023-12-04T14:00:48.2311660Z -- testdb> 
Legacy Store IT (mssql)	Run base tests	2023-12-04T14:00:48.2313109Z -- 2023-12-04 14:00:48.22 spid21s     Database 'model' running the upgrade step from version 954 to version 955.
Legacy Store IT (mssql)	Run base tests	2023-12-04T14:00:48.2323585Z -- testdb> 
Legacy Store IT (mssql)	Run base tests	2023-12-04T14:00:48.2324400Z -- 2023-12-04 14:00:48.22 spid18s     Database 'model_replicatedmaster' running the upgrade step from version 951 to version 952.
Legacy Store IT (mssql)	Run base tests	2023-12-04T14:00:48.2356689Z -- testdb> 
Legacy Store IT (mssql)	Run base tests	2023-12-04T14:00:48.2359035Z -- 2023-12-04 14:00:48.23 spid21s     Database 'model' running the upgrade step from version 955 to version 956.
Legacy Store IT (mssql)	Run base tests	2023-12-04T14:00:48.2369394Z -- testdb> 
Legacy Store IT (mssql)	Run base tests	2023-12-04T14:00:48.2370918Z -- 2023-12-04 14:00:48.23 spid18s     Database 'model_replicatedmaster' running the upgrade step from version 952 to version 953.
Legacy Store IT (mssql)	Run base tests	2023-12-04T14:00:48.2424449Z -- testdb> 
Legacy Store IT (mssql)	Run base tests	2023-12-04T14:00:48.2425246Z -- 2023-12-04 14:00:48.23 spid18s     Database 'model_replicatedmaster' running the upgrade step from version 953 to version 954.
Legacy Store IT (mssql)	Run base tests	2023-12-04T14:00:48.2463648Z -- testdb> 
Legacy Store IT (mssql)	Run base tests	2023-12-04T14:00:48.2467208Z -- 2023-12-04 14:00:48.24 spid18s     Database 'model_replicatedmaster' running the upgrade step from version 954 to version 955.
Legacy Store IT (mssql)	Run base tests	2023-12-04T14:00:48.2469571Z -- testdb> 
Legacy Store IT (mssql)	Run base tests	2023-12-04T14:00:48.2471029Z -- 2023-12-04 14:00:48.24 spid21s     Database 'model' running the upgrade step from version 956 to version 957.
Legacy Store IT (mssql)	Run base tests	2023-12-04T14:00:48.2526921Z -- testdb> 
Legacy Store IT (mssql)	Run base tests	2023-12-04T14:00:48.2527922Z -- 2023-12-04 14:00:48.24 spid18s     Database 'model_replicatedmaster' running the upgrade step from version 955 to version 956.
Legacy Store IT (mssql)	Run base tests	2023-12-04T14:00:48.2643178Z -- testdb> 
Legacy Store IT (mssql)	Run base tests	2023-12-04T14:00:48.2644153Z -- 2023-12-04 14:00:48.26 spid18s     Database 'model_replicatedmaster' running the upgrade step from version 956 to version 957.
Legacy Store IT (mssql)	Run base tests	2023-12-04T14:00:48.3250260Z -- testdb> 
Legacy Store IT (mssql)	Run base tests	2023-12-04T14:00:48.3252272Z -- 2023-12-04 14:00:48.32 spid18s     [32761]. Feature Status: PVS: 0. CTR: 0. ConcurrentPFSUpdate: 1. ConcurrentGAMUpdate: 1. ConcurrentSGAMUpdate: 1, CleanupUnderUserTransaction: 0. TranLevelPVS: 0
Legacy Store IT (mssql)	Run base tests	2023-12-04T14:00:48.3260721Z -- testdb> 
Legacy Store IT (mssql)	Run base tests	2023-12-04T14:00:48.3261590Z -- 2023-12-04 14:00:48.32 spid18s     Starting up database 'model_msdb'.
Legacy Store IT (mssql)	Run base tests	2023-12-04T14:00:48.3641547Z -- [INFO] DOCKER> [mcr.microsoft.com/mssql/server:2022-latest] "testdb": Waited on log out '(?si)SQL Server is now ready for client connections.' 3514 ms
Legacy Store IT (mssql)	Run base tests	2023-12-04T14:00:48.3711340Z -- testdb> 
Legacy Store IT (mssql)	Run base tests	2023-12-04T14:00:48.3712906Z -- 2023-12-04 14:00:48.36 spid18s     Converting database 'model_msdb' from version 927 to the current version 957.
Legacy Store IT (mssql)	Run base tests	2023-12-04T14:00:48.3723620Z -- testdb> 
Legacy Store IT (mssql)	Run base tests	2023-12-04T14:00:48.3724756Z -- 2023-12-04 14:00:48.36 spid18s     Database 'model_msdb' running the upgrade step from version 927 to version 928.
Legacy Store IT (mssql)	Run base tests	2023-12-04T14:00:48.3760410Z -- testdb> 
Legacy Store IT (mssql)	Run base tests	2023-12-04T14:00:48.3761673Z -- 2023-12-04 14:00:48.37 spid18s     Database 'model_msdb' running the upgrade step from version 928 to version 929.
Legacy Store IT (mssql)	Run base tests	2023-12-04T14:00:48.4006473Z -- testdb> 
Legacy Store IT (mssql)	Run base tests	2023-12-04T14:00:48.4007422Z -- 2023-12-04 14:00:48.39 spid18s     Database 'model_msdb' running the upgrade step from version 929 to version 930.
Legacy Store IT (mssql)	Run base tests	2023-12-04T14:00:48.4100790Z -- testdb> 
Legacy Store IT (mssql)	Run base tests	2023-12-04T14:00:48.4102060Z -- 2023-12-04 14:00:48.40 spid18s     Database 'model_msdb' running the upgrade step from version 930 to version 931.
Legacy Store IT (mssql)	Run base tests	2023-12-04T14:00:48.4163542Z -- testdb> 
Legacy Store IT (mssql)	Run base tests	2023-12-04T14:00:48.4164970Z -- 2023-12-04 14:00:48.41 spid18s     Database 'model_msdb' running the upgrade step from version 931 to version 932.
Legacy Store IT (mssql)	Run base tests	2023-12-04T14:00:48.4189902Z -- testdb> 
Legacy Store IT (mssql)	Run base tests	2023-12-04T14:00:48.4190614Z -- 2023-12-04 14:00:48.41 spid18s     Database 'model_msdb' running the upgrade step from version 932 to version 933.
Legacy Store IT (mssql)	Run base tests	2023-12-04T14:00:48.4255537Z -- testdb> 
Legacy Store IT (mssql)	Run base tests	2023-12-04T14:00:48.4256696Z -- 2023-12-04 14:00:48.42 spid18s     Database 'model_msdb' running the upgrade step from version 933 to version 934.
Legacy Store IT (mssql)	Run base tests	2023-12-04T14:00:48.4282226Z -- testdb> 
Legacy Store IT (mssql)	Run base tests	2023-12-04T14:00:48.4283974Z -- 2023-12-04 14:00:48.42 spid18s     Database 'model_msdb' running the upgrade step from version 934 to version 935.
Legacy Store IT (mssql)	Run base tests	2023-12-04T14:00:48.4307084Z -- testdb> 
Legacy Store IT (mssql)	Run base tests	2023-12-04T14:00:48.4308706Z -- 2023-12-04 14:00:48.42 spid18s     Database 'model_msdb' running the upgrade step from version 935 to version 936.
Legacy Store IT (mssql)	Run base tests	2023-12-04T14:00:48.4332552Z -- testdb> 
Legacy Store IT (mssql)	Run base tests	2023-12-04T14:00:48.4333669Z -- 2023-12-04 14:00:48.43 spid18s     Database 'model_msdb' running the upgrade step from version 936 to version 937.
Legacy Store IT (mssql)	Run base tests	2023-12-04T14:00:48.4362760Z -- testdb> 
Legacy Store IT (mssql)	Run base tests	2023-12-04T14:00:48.4363804Z -- 2023-12-04 14:00:48.43 spid18s     Database 'model_msdb' running the upgrade step from version 937 to version 938.
Legacy Store IT (mssql)	Run base tests	2023-12-04T14:00:48.4392389Z -- testdb> 
Legacy Store IT (mssql)	Run base tests	2023-12-04T14:00:48.4393516Z -- 2023-12-04 14:00:48.43 spid18s     Database 'model_msdb' running the upgrade step from version 938 to version 939.
Legacy Store IT (mssql)	Run base tests	2023-12-04T14:00:48.4418909Z -- testdb> 
Legacy Store IT (mssql)	Run base tests	2023-12-04T14:00:48.4420037Z -- 2023-12-04 14:00:48.43 spid18s     Database 'model_msdb' running the upgrade step from version 939 to version 940.
Legacy Store IT (mssql)	Run base tests	2023-12-04T14:00:48.4445957Z -- testdb> 
Legacy Store IT (mssql)	Run base tests	2023-12-04T14:00:48.4452539Z -- 2023-12-04 14:00:48.44 spid18s     Database 'model_msdb' running the upgrade step from version 940 to version 941.
Legacy Store IT (mssql)	Run base tests	2023-12-04T14:00:48.4471379Z -- testdb> 
Legacy Store IT (mssql)	Run base tests	2023-12-04T14:00:48.4474597Z -- 2023-12-04 14:00:48.44 spid18s     Database 'model_msdb' running the upgrade step from version 941 to version 942.
Legacy Store IT (mssql)	Run base tests	2023-12-04T14:00:48.4502307Z -- testdb> 
Legacy Store IT (mssql)	Run base tests	2023-12-04T14:00:48.4503636Z -- 2023-12-04 14:00:48.44 spid18s     Database 'model_msdb' running the upgrade step from version 942 to version 943.
Legacy Store IT (mssql)	Run base tests	2023-12-04T14:00:48.4712296Z -- testdb> 
Legacy Store IT (mssql)	Run base tests	2023-12-04T14:00:48.4713631Z -- 2023-12-04 14:00:48.46 spid18s     Database 'model_msdb' running the upgrade step from version 943 to version 944.
Legacy Store IT (mssql)	Run base tests	2023-12-04T14:00:48.4745742Z -- testdb> 
Legacy Store IT (mssql)	Run base tests	2023-12-04T14:00:48.4746902Z -- 2023-12-04 14:00:48.47 spid18s     Database 'model_msdb' running the upgrade step from version 944 to version 945.
Legacy Store IT (mssql)	Run base tests	2023-12-04T14:00:48.4869882Z -- testdb> 
Legacy Store IT (mssql)	Run base tests	2023-12-04T14:00:48.4871535Z -- 2023-12-04 14:00:48.48 spid18s     Database 'model_msdb' running the upgrade step from version 945 to version 946.
Legacy Store IT (mssql)	Run base tests	2023-12-04T14:00:48.4903294Z -- testdb> 
Legacy Store IT (mssql)	Run base tests	2023-12-04T14:00:48.4904429Z -- 2023-12-04 14:00:48.48 Logon       Error: 18456, Severity: 14, State: 7.
Legacy Store IT (mssql)	Run base tests	2023-12-04T14:00:48.4909771Z -- testdb> 
Legacy Store IT (mssql)	Run base tests	2023-12-04T14:00:48.4911737Z -- 2023-12-04 14:00:48.48 Logon       Login failed for user 'sa'. Reason: An error occurred while evaluating the password. [CLIENT: 172.17.0.2]
Legacy Store IT (mssql)	Run base tests	2023-12-04T14:00:48.4914528Z -- testdb> Sqlcmd: Error: Microsoft ODBC Driver 17 for SQL Server : Login failed for user 'sa'..
Legacy Store IT (mssql)	Run base tests	2023-12-04T14:00:48.4944981Z -- testdb> 
Legacy Store IT (mssql)	Run base tests	2023-12-04T14:00:48.4946341Z -- 2023-12-04 14:00:48.48 spid18s     Database 'model_msdb' running the upgrade step from version 946 to version 947.
Legacy Store IT (mssql)	Run base tests	2023-12-04T14:00:48.4975564Z -- testdb> 
Legacy Store IT (mssql)	Run base tests	2023-12-04T14:00:48.4978045Z -- 2023-12-04 14:00:48.49 spid18s     Database 'model_msdb' running the upgrade step from version 947 to version 948.
Legacy Store IT (mssql)	Run base tests	2023-12-04T14:00:48.5008645Z -- [ERROR] DOCKER> Error occurred during container startup, shutting down...
Legacy Store IT (mssql)	Run base tests	2023-12-04T14:00:48.5009639Z -- testdb> 
Legacy Store IT (mssql)	Run base tests	2023-12-04T14:00:48.5010763Z -- 2023-12-04 14:00:48.49 spid18s     Database 'model_msdb' running the upgrade step from version 948 to version 949.
Legacy Store IT (mssql)	Run base tests	2023-12-04T14:00:48.5061663Z -- testdb> 
Legacy Store IT (mssql)	Run base tests	2023-12-04T14:00:48.5062879Z -- 2023-12-04 14:00:48.50 spid18s     Database 'model_msdb' running the upgrade step from version 949 to version 950.
Legacy Store IT (mssql)	Run base tests	2023-12-04T14:00:48.5097696Z -- testdb> 
Legacy Store IT (mssql)	Run base tests	2023-12-04T14:00:48.5098869Z -- 2023-12-04 14:00:48.50 spid18s     Database 'model_msdb' running the upgrade step from version 950 to version 951.
Legacy Store IT (mssql)	Run base tests	2023-12-04T14:00:48.5189406Z -- testdb> 
Legacy Store IT (mssql)	Run base tests	2023-12-04T14:00:48.5190458Z -- 2023-12-04 14:00:48.51 spid18s     Database 'model_msdb' running the upgrade step from version 951 to version 952.
Legacy Store IT (mssql)	Run base tests	2023-12-04T14:00:48.5214331Z -- testdb> 
Legacy Store IT (mssql)	Run base tests	2023-12-04T14:00:48.5215420Z -- 2023-12-04 14:00:48.51 spid18s     Database 'model_msdb' running the upgrade step from version 952 to version 953.
Legacy Store IT (mssql)	Run base tests	2023-12-04T14:00:48.5263614Z -- testdb> 
Legacy Store IT (mssql)	Run base tests	2023-12-04T14:00:48.5264499Z -- 2023-12-04 14:00:48.52 spid18s     Database 'model_msdb' running the upgrade step from version 953 to version 954.
Legacy Store IT (mssql)	Run base tests	2023-12-04T14:00:48.5286913Z -- testdb> 
Legacy Store IT (mssql)	Run base tests	2023-12-04T14:00:48.5287984Z -- 2023-12-04 14:00:48.52 spid18s     Database 'model_msdb' running the upgrade step from version 954 to version 955.
Legacy Store IT (mssql)	Run base tests	2023-12-04T14:00:48.5308785Z -- testdb> 
Legacy Store IT (mssql)	Run base tests	2023-12-04T14:00:48.5309733Z -- 2023-12-04 14:00:48.52 spid18s     Database 'model_msdb' running the upgrade step from version 955 to version 956.
Legacy Store IT (mssql)	Run base tests	2023-12-04T14:00:48.5451216Z -- testdb> 
Legacy Store IT (mssql)	Run base tests	2023-12-04T14:00:48.5452645Z -- 2023-12-04 14:00:48.54 spid18s     Database 'model_msdb' running the upgrade step from version 956 to version 957.
Legacy Store IT (mssql)	Run base tests	2023-12-04T14:00:48.5669693Z -- testdb> 
Legacy Store IT (mssql)	Run base tests	2023-12-04T14:00:48.5670625Z -- 2023-12-04 14:00:48.56 spid33s     Attribute synchronization initialized
Legacy Store IT (mssql)	Run base tests	2023-12-04T14:00:48.5675030Z -- testdb> 
Legacy Store IT (mssql)	Run base tests	2023-12-04T14:00:48.5676453Z -- 2023-12-04 14:00:48.56 spid18s     Resource governor reconfiguration succeeded.
Legacy Store IT (mssql)	Run base tests	2023-12-04T14:00:48.5682595Z -- testdb> 
Legacy Store IT (mssql)	Run base tests	2023-12-04T14:00:48.5683514Z -- 2023-12-04 14:00:48.56 spid33s     Attribute synchronization manager initialized
Legacy Store IT (mssql)	Run base tests	2023-12-04T14:00:48.5696393Z -- testdb> 
Legacy Store IT (mssql)	Run base tests	2023-12-04T14:00:48.5697664Z -- 2023-12-04 14:00:48.56 spid18s     SQL Server Audit is starting the audits. This is an informational message. No user action is required.
Legacy Store IT (mssql)	Run base tests	2023-12-04T14:00:48.5717676Z -- testdb> 
Legacy Store IT (mssql)	Run base tests	2023-12-04T14:00:48.5718732Z -- 2023-12-04 14:00:48.56 spid18s     SQL Server Audit has started the audits. This is an informational message. No user action is required.
Legacy Store IT (mssql)	Run base tests	2023-12-04T14:00:48.5733838Z -- testdb> 
Legacy Store IT (mssql)	Run base tests	2023-12-04T14:00:48.5734569Z -- 2023-12-04 14:00:48.57 spid18s     XE session 'system_health' started.
Legacy Store IT (mssql)	Run base tests	2023-12-04T14:00:48.5895693Z -- testdb> 
Legacy Store IT (mssql)	Run base tests	2023-12-04T14:00:48.5896640Z -- 2023-12-04 14:00:48.58 spid18s     SQL Trace ID 1 was started by login "sa".
Legacy Store IT (mssql)	Run base tests	2023-12-04T14:00:48.5929086Z -- testdb> 
Legacy Store IT (mssql)	Run base tests	2023-12-04T14:00:48.5930207Z -- 2023-12-04 14:00:48.58 spid18s     Server name is '47dcc8071ae4'. This is an informational message only. No user action is required.
Legacy Store IT (mssql)	Run base tests	2023-12-04T14:00:48.6116080Z -- testdb> 
Legacy Store IT (mssql)	Run base tests	2023-12-04T14:00:48.6116903Z -- 2023-12-04 14:00:48.60 spid21s     Clearing tempdb database.
Legacy Store IT (mssql)	Run base tests	2023-12-04T14:00:48.6145831Z -- testdb> 
Legacy Store IT (mssql)	Run base tests	2023-12-04T14:00:48.6148438Z -- 2023-12-04 14:00:48.60 spid37s     Always On: The availability replica manager is starting. This is an informational message only. No user action is required.
Legacy Store IT (mssql)	Run base tests	2023-12-04T14:00:48.6169813Z -- testdb> 
Legacy Store IT (mssql)	Run base tests	2023-12-04T14:00:48.6172939Z -- 2023-12-04 14:00:48.61 spid39s     [4]. Feature Status: PVS: 0. CTR: 0. ConcurrentPFSUpdate: 1. ConcurrentGAMUpdate: 1. ConcurrentSGAMUpdate: 1, CleanupUnderUserTransaction: 0. TranLevelPVS: 0
Legacy Store IT (mssql)	Run base tests	2023-12-04T14:00:48.6189717Z -- testdb> 
Legacy Store IT (mssql)	Run base tests	2023-12-04T14:00:48.6191754Z -- 2023-12-04 14:00:48.61 spid37s     Always On: The availability replica manager is waiting for the instance of SQL Server to allow client connections. This is an informational message only. No user action is required.
Legacy Store IT (mssql)	Run base tests	2023-12-04T14:00:48.6197246Z -- testdb> 
Legacy Store IT (mssql)	Run base tests	2023-12-04T14:00:48.6197949Z -- 2023-12-04 14:00:48.61 spid39s     Starting up database 'msdb'.
Legacy Store IT (mssql)	Run base tests	2023-12-04T14:00:48.6861703Z -- testdb> 
Legacy Store IT (mssql)	Run base tests	2023-12-04T14:00:48.6862956Z -- 2023-12-04 14:00:48.68 spid39s     Converting database 'msdb' from version 927 to the current version 957.
Legacy Store IT (mssql)	Run base tests	2023-12-04T14:00:48.6868312Z -- testdb> 
Legacy Store IT (mssql)	Run base tests	2023-12-04T14:00:48.6869320Z -- 2023-12-04 14:00:48.68 spid39s     Database 'msdb' running the upgrade step from version 927 to version 928.
Legacy Store IT (mssql)	Run base tests	2023-12-04T14:00:48.7067987Z -- testdb> 
Legacy Store IT (mssql)	Run base tests	2023-12-04T14:00:48.7068930Z -- 2023-12-04 14:00:48.70 spid39s     Database 'msdb' running the upgrade step from version 928 to version 929.
Legacy Store IT (mssql)	Run base tests	2023-12-04T14:00:48.7247907Z -- testdb> 
Legacy Store IT (mssql)	Run base tests	2023-12-04T14:00:48.7249907Z -- 2023-12-04 14:00:48.72 spid21s     [2]. Feature Status: PVS: 0. CTR: 0. ConcurrentPFSUpdate: 1. ConcurrentGAMUpdate: 1. ConcurrentSGAMUpdate: 1, CleanupUnderUserTransaction: 0. TranLevelPVS: 0
Legacy Store IT (mssql)	Run base tests	2023-12-04T14:00:48.7257400Z -- testdb> 
Legacy Store IT (mssql)	Run base tests	2023-12-04T14:00:48.7258151Z -- 2023-12-04 14:00:48.72 spid21s     Starting up database 'tempdb'.
Legacy Store IT (mssql)	Run base tests	2023-12-04T14:00:48.7339801Z -- testdb> 
Legacy Store IT (mssql)	Run base tests	2023-12-04T14:00:48.7341478Z -- 2023-12-04 14:00:48.73 spid39s     Database 'msdb' running the upgrade step from version 929 to version 930.
Legacy Store IT (mssql)	Run base tests	2023-12-04T14:00:48.7430738Z -- testdb> 
Legacy Store IT (mssql)	Run base tests	2023-12-04T14:00:48.7431708Z -- 2023-12-04 14:00:48.73 spid39s     Database 'msdb' running the upgrade step from version 930 to version 931.
Legacy Store IT (mssql)	Run base tests	2023-12-04T14:00:48.7466002Z -- testdb> 
Legacy Store IT (mssql)	Run base tests	2023-12-04T14:00:48.7497185Z -- 2023-12-04 14:00:48.74 spid39s     Database 'msdb' running the upgrade step from version 931 to version 932.
Legacy Store IT (mssql)	Run base tests	2023-12-04T14:00:48.7498342Z -- testdb> 
Legacy Store IT (mssql)	Run base tests	2023-12-04T14:00:48.7499872Z -- 2023-12-04 14:00:48.74 spid39s     Database 'msdb' running the upgrade step from version 932 to version 933.
Legacy Store IT (mssql)	Run base tests	2023-12-04T14:00:48.7576236Z -- testdb> 
Legacy Store IT (mssql)	Run base tests	2023-12-04T14:00:48.7578357Z -- 2023-12-04 14:00:48.75 spid39s     Database 'msdb' running the upgrade step from version 933 to version 934.
Legacy Store IT (mssql)	Run base tests	2023-12-04T14:00:48.7611285Z -- testdb> 
Legacy Store IT (mssql)	Run base tests	2023-12-04T14:00:48.7612293Z -- 2023-12-04 14:00:48.75 spid39s     Database 'msdb' running the upgrade step from version 934 to version 935.
Legacy Store IT (mssql)	Run base tests	2023-12-04T14:00:48.7677514Z -- testdb> 
Legacy Store IT (mssql)	Run base tests	2023-12-04T14:00:48.7679285Z -- 2023-12-04 14:00:48.76 spid39s     Database 'msdb' running the upgrade step from version 935 to version 936.
Legacy Store IT (mssql)	Run base tests	2023-12-04T14:00:48.7735188Z -- testdb> 
Legacy Store IT (mssql)	Run base tests	2023-12-04T14:00:48.7736916Z -- 2023-12-04 14:00:48.76 spid39s     Database 'msdb' running the upgrade step from version 936 to version 937.
Legacy Store IT (mssql)	Run base tests	2023-12-04T14:00:48.7778470Z -- testdb> 
Legacy Store IT (mssql)	Run base tests	2023-12-04T14:00:48.7779553Z -- 2023-12-04 14:00:48.77 spid39s     Database 'msdb' running the upgrade step from version 937 to version 938.
Legacy Store IT (mssql)	Run base tests	2023-12-04T14:00:48.7806651Z -- testdb> 
Legacy Store IT (mssql)	Run base tests	2023-12-04T14:00:48.7807464Z -- 2023-12-04 14:00:48.77 spid21s     The tempdb database has 1 data file(s).
Legacy Store IT (mssql)	Run base tests	2023-12-04T14:00:48.7837702Z -- testdb> 
Legacy Store IT (mssql)	Run base tests	2023-12-04T14:00:48.7838873Z -- 2023-12-04 14:00:48.77 spid39s     Database 'msdb' running the upgrade step from version 938 to version 939.
Legacy Store IT (mssql)	Run base tests	2023-12-04T14:00:48.7858603Z -- testdb> 
Legacy Store IT (mssql)	Run base tests	2023-12-04T14:00:48.7859646Z -- 2023-12-04 14:00:48.78 spid37s     The Service Broker endpoint is in disabled or stopped state.
Legacy Store IT (mssql)	Run base tests	2023-12-04T14:00:48.7860719Z -- testdb> 
Legacy Store IT (mssql)	Run base tests	2023-12-04T14:00:48.7861764Z -- 2023-12-04 14:00:48.78 spid37s     The Database Mirroring endpoint is in disabled or stopped state.
Legacy Store IT (mssql)	Run base tests	2023-12-04T14:00:48.7898581Z -- testdb> 
Legacy Store IT (mssql)	Run base tests	2023-12-04T14:00:48.7900431Z -- 2023-12-04 14:00:48.78 spid39s     Database 'msdb' running the upgrade step from version 939 to version 940.
Legacy Store IT (mssql)	Run base tests	2023-12-04T14:00:48.7935809Z -- testdb> 
Legacy Store IT (mssql)	Run base tests	2023-12-04T14:00:48.7936983Z -- 2023-12-04 14:00:48.79 spid39s     Database 'msdb' running the upgrade step from version 940 to version 941.
Legacy Store IT (mssql)	Run base tests	2023-12-04T14:00:48.7957317Z -- testdb> 
Legacy Store IT (mssql)	Run base tests	2023-12-04T14:00:48.7959054Z -- 2023-12-04 14:00:48.79 spid37s     Service Broker manager has started.
Legacy Store IT (mssql)	Run base tests	2023-12-04T14:00:48.8006046Z -- testdb> 
Legacy Store IT (mssql)	Run base tests	2023-12-04T14:00:48.8009892Z -- 2023-12-04 14:00:48.79 spid39s     Database 'msdb' running the upgrade step from version 941 to version 942.
Legacy Store IT (mssql)	Run base tests	2023-12-04T14:00:48.8038288Z -- testdb> 
Legacy Store IT (mssql)	Run base tests	2023-12-04T14:00:48.8039444Z -- 2023-12-04 14:00:48.80 spid39s     Database 'msdb' running the upgrade step from version 942 to version 943.
Legacy Store IT (mssql)	Run base tests	2023-12-04T14:00:48.8196814Z -- testdb> 
Legacy Store IT (mssql)	Run base tests	2023-12-04T14:00:48.8198064Z -- 2023-12-04 14:00:48.81 spid39s     Database 'msdb' running the upgrade step from version 943 to version 944.
Legacy Store IT (mssql)	Run base tests	2023-12-04T14:00:48.8224967Z -- testdb> 
Legacy Store IT (mssql)	Run base tests	2023-12-04T14:00:48.8226080Z -- 2023-12-04 14:00:48.81 spid39s     Database 'msdb' running the upgrade step from version 944 to version 945.
Legacy Store IT (mssql)	Run base tests	2023-12-04T14:00:48.8332332Z -- testdb> 
Legacy Store IT (mssql)	Run base tests	2023-12-04T14:00:48.8333696Z -- 2023-12-04 14:00:48.82 spid39s     Database 'msdb' running the upgrade step from version 945 to version 946.
Legacy Store IT (mssql)	Run base tests	2023-12-04T14:00:48.8364072Z -- testdb> 
Legacy Store IT (mssql)	Run base tests	2023-12-04T14:00:48.8364973Z -- 2023-12-04 14:00:48.83 spid39s     Database 'msdb' running the upgrade step from version 946 to version 947.
Legacy Store IT (mssql)	Run base tests	2023-12-04T14:00:48.8422408Z -- testdb> 
Legacy Store IT (mssql)	Run base tests	2023-12-04T14:00:48.8423568Z -- 2023-12-04 14:00:48.83 spid39s     Database 'msdb' running the upgrade step from version 947 to version 948.
Legacy Store IT (mssql)	Run base tests	2023-12-04T14:00:48.8454296Z -- testdb> 
Legacy Store IT (mssql)	Run base tests	2023-12-04T14:00:48.8456734Z -- 2023-12-04 14:00:48.84 spid39s     Database 'msdb' running the upgrade step from version 948 to version 949.
Legacy Store IT (mssql)	Run base tests	2023-12-04T14:00:48.8498030Z -- testdb> 
Legacy Store IT (mssql)	Run base tests	2023-12-04T14:00:48.8499132Z -- 2023-12-04 14:00:48.84 spid39s     Database 'msdb' running the upgrade step from version 949 to version 950.
Legacy Store IT (mssql)	Run base tests	2023-12-04T14:00:48.8531420Z -- testdb> 
Legacy Store IT (mssql)	Run base tests	2023-12-04T14:00:48.8532901Z -- 2023-12-04 14:00:48.85 spid39s     Database 'msdb' running the upgrade step from version 950 to version 951.
Legacy Store IT (mssql)	Run base tests	2023-12-04T14:00:48.8625915Z -- testdb> 
Legacy Store IT (mssql)	Run base tests	2023-12-04T14:00:48.8626966Z -- 2023-12-04 14:00:48.85 spid39s     Database 'msdb' running the upgrade step from version 951 to version 952.
Legacy Store IT (mssql)	Run base tests	2023-12-04T14:00:48.8653597Z -- testdb> 
Legacy Store IT (mssql)	Run base tests	2023-12-04T14:00:48.8654466Z -- 2023-12-04 14:00:48.86 spid39s     Database 'msdb' running the upgrade step from version 952 to version 953.
Legacy Store IT (mssql)	Run base tests	2023-12-04T14:00:48.8710689Z -- testdb> 
Legacy Store IT (mssql)	Run base tests	2023-12-04T14:00:48.8712612Z -- 2023-12-04 14:00:48.86 spid39s     Database 'msdb' running the upgrade step from version 953 to version 954.
Legacy Store IT (mssql)	Run base tests	2023-12-04T14:00:48.8738944Z -- testdb> 
Legacy Store IT (mssql)	Run base tests	2023-12-04T14:00:48.8740121Z -- 2023-12-04 14:00:48.87 spid39s     Database 'msdb' running the upgrade step from version 954 to version 955.
Legacy Store IT (mssql)	Run base tests	2023-12-04T14:00:48.8770532Z -- testdb> 
Legacy Store IT (mssql)	Run base tests	2023-12-04T14:00:48.8771538Z -- 2023-12-04 14:00:48.87 spid39s     Database 'msdb' running the upgrade step from version 955 to version 956.
Legacy Store IT (mssql)	Run base tests	2023-12-04T14:00:48.8953560Z -- testdb> 
Legacy Store IT (mssql)	Run base tests	2023-12-04T14:00:48.8954741Z -- 2023-12-04 14:00:48.89 spid39s     Database 'msdb' running the upgrade step from version 956 to version 957.
Legacy Store IT (mssql)	Run base tests	2023-12-04T14:00:48.9213979Z -- testdb> 
Legacy Store IT (mssql)	Run base tests	2023-12-04T14:00:48.9215320Z -- 2023-12-04 14:00:48.91 spid18s     Recovery is complete. This is an informational message only. No user action is required.
Legacy Store IT (mssql)	Run base tests	2023-12-04T14:00:48.9316729Z -- testdb> 
Legacy Store IT (mssql)	Run base tests	2023-12-04T14:00:48.9317947Z -- 2023-12-04 14:00:48.92 spid29s     The default language (LCID 0) has been set for engine and full-text services.
Legacy Store IT (mssql)	Run base tests	2023-12-04T14:00:49.0297021Z -- testdb> 
Legacy Store IT (mssql)	Run base tests	2023-12-04T14:00:49.0297767Z -- 2023-12-04 14:00:49.02 spid29s     The tempdb database has 4 data file(s).
Legacy Store IT (mssql)	Run base tests	2023-12-04T14:00:58.6268088Z -- testdb> 
Legacy Store IT (mssql)	Run base tests	2023-12-04T14:00:58.7918688Z -- [INFO] DOCKER> [mcr.microsoft.com/mssql/server:2022-latest] "testdb": Stop and removed container 47dcc8071ae4 after 10292 ms
Legacy Store IT (mssql)	Run base tests	2023-12-04T14:00:58.8072013Z -- [ERROR] DOCKER> Executing '/opt/mssql-tools/bin/sqlcmd' with args '[-e, -U, sa, -P, vEry5tron9Pwd, -d, master, -Q, CREATE DATABASE keycloak]' inside container 'server-1' [mcr.microsoft.com/mssql/server:2022-latest](47dcc8071ae4) resulted in a non-zero exit code: 1
Legacy Store IT (mssql)	Run base tests	2023-12-04T14:00:58.8080596Z -- [INFO] ------------------------------------------------------------------------
Legacy Store IT (mssql)	Run base tests	2023-12-04T14:00:58.8081501Z -- [INFO] BUILD FAILURE
Legacy Store IT (mssql)	Run base tests	2023-12-04T14:00:58.8082408Z -- [INFO] ------------------------------------------------------------------------
Legacy Store IT (mssql)	Run base tests	2023-12-04T14:00:58.8091109Z -- [INFO] Total time:  01:06 min
Legacy Store IT (mssql)	Run base tests	2023-12-04T14:00:58.8093560Z -- [INFO] Finished at: 2023-12-04T14:00:58Z
Legacy Store IT (mssql)	Run base tests	2023-12-04T14:00:58.8094404Z -- [INFO] ------------------------------------------------------------------------
Legacy Store IT (mssql)	Run base tests	2023-12-04T14:00:58.8104056Z -- [ERROR] Failed to execute goal io.fabric8:docker-maven-plugin:0.40.3:start (start-db-container) on project integration-arquillian-tests-base: Executing '/opt/mssql-tools/bin/sqlcmd' with args '[-e, -U, sa, -P, vEry5tron9Pwd, -d, master, -Q, CREATE DATABASE keycloak]' inside container 'server-1' [mcr.microsoft.com/mssql/server:2022-latest](47dcc8071ae4) resulted in a non-zero exit code: 1 -> [Help 1]
Legacy Store IT (mssql)	Run base tests	2023-12-04T14:00:58.8113426Z -- [ERROR] 
Legacy Store IT (mssql)	Run base tests	2023-12-04T14:00:58.8114319Z -- [ERROR] To see the full stack trace of the errors, re-run Maven with the -e switch.
Legacy Store IT (mssql)	Run base tests	2023-12-04T14:00:58.8115610Z -- [ERROR] Re-run Maven using the -X switch to enable full debug logging.
Legacy Store IT (mssql)	Run base tests	2023-12-04T14:00:58.8116405Z -- [ERROR] 
Legacy Store IT (mssql)	Run base tests	2023-12-04T14:00:58.8117427Z -- [ERROR] For more information about the errors and possible solutions, please read the following articles:
Legacy Store IT (mssql)	Run base tests	2023-12-04T14:00:58.8119156Z -- [ERROR] [Help 1] http://cwiki.apache.org/confluence/display/MAVEN/MojoExecutionException
Legacy Store IT (mssql)	Run base tests	2023-12-04T14:00:58.8579689Z ##[error]Process completed with exit code 1.
Status Check - Keycloak CI	Run /./.github/actions/status-check	2023-12-04T14:50:53.2875820Z Prepare all required actions
Status Check - Keycloak CI	Run /./.github/actions/status-check	2023-12-04T14:50:53.2969759Z ##[group]Run ./.github/actions/status-check
Status Check - Keycloak CI	Run /./.github/actions/status-check	2023-12-04T14:50:53.2970213Z with:
Status Check - Keycloak CI	Run /./.github/actions/status-check	2023-12-04T14:50:53.2974106Z   jobs: {
Status Check - Keycloak CI	Run /./.github/actions/status-check	  "conditional": {
Status Check - Keycloak CI	Run /./.github/actions/status-check	    "result": "success",
Status Check - Keycloak CI	Run /./.github/actions/status-check	    "outputs": {
Status Check - Keycloak CI	Run /./.github/actions/status-check	      "ci": "true",
Status Check - Keycloak CI	Run /./.github/actions/status-check	      "ci-sssd": "true",
Status Check - Keycloak CI	Run /./.github/actions/status-check	      "ci-store": "true"
Status Check - Keycloak CI	Run /./.github/actions/status-check	    }
Status Check - Keycloak CI	Run /./.github/actions/status-check	  },
Status Check - Keycloak CI	Run /./.github/actions/status-check	  "unit-tests": {
Status Check - Keycloak CI	Run /./.github/actions/status-check	    "result": "success",
Status Check - Keycloak CI	Run /./.github/actions/status-check	    "outputs": {}
Status Check - Keycloak CI	Run /./.github/actions/status-check	  },
Status Check - Keycloak CI	Run /./.github/actions/status-check	  "base-integration-tests": {
Status Check - Keycloak CI	Run /./.github/actions/status-check	    "result": "success",
Status Check - Keycloak CI	Run /./.github/actions/status-check	    "outputs": {}
Status Check - Keycloak CI	Run /./.github/actions/status-check	  },
Status Check - Keycloak CI	Run /./.github/actions/status-check	  "quarkus-integration-tests": {
Status Check - Keycloak CI	Run /./.github/actions/status-check	    "result": "success",
Status Check - Keycloak CI	Run /./.github/actions/status-check	    "outputs": {}
Status Check - Keycloak CI	Run /./.github/actions/status-check	  },
Status Check - Keycloak CI	Run /./.github/actions/status-check	  "jdk-integration-tests": {
Status Check - Keycloak CI	Run /./.github/actions/status-check	    "result": "success",
Status Check - Keycloak CI	Run /./.github/actions/status-check	    "outputs": {}
Status Check - Keycloak CI	Run /./.github/actions/status-check	  },
Status Check - Keycloak CI	Run /./.github/actions/status-check	  "new-store-integration-tests": {
Status Check - Keycloak CI	Run /./.github/actions/status-check	    "result": "success",
Status Check - Keycloak CI	Run /./.github/actions/status-check	    "outputs": {}
Status Check - Keycloak CI	Run /./.github/actions/status-check	  },
Status Check - Keycloak CI	Run /./.github/actions/status-check	  "legacy-store-integration-tests": {
Status Check - Keycloak CI	Run /./.github/actions/status-check	    "result": "failure",
Status Check - Keycloak CI	Run /./.github/actions/status-check	    "outputs": {}
Status Check - Keycloak CI	Run /./.github/actions/status-check	  },
Status Check - Keycloak CI	Run /./.github/actions/status-check	  "store-model-tests": {
Status Check - Keycloak CI	Run /./.github/actions/status-check	    "result": "success",
Status Check - Keycloak CI	Run /./.github/actions/status-check	    "outputs": {}
Status Check - Keycloak CI	Run /./.github/actions/status-check	  },
Status Check - Keycloak CI	Run /./.github/actions/status-check	  "clustering-integration-tests": {
Status Check - Keycloak CI	Run /./.github/actions/status-check	    "result": "success",
Status Check - Keycloak CI	Run /./.github/actions/status-check	    "outputs": {}
Status Check - Keycloak CI	Run /./.github/actions/status-check	  },
Status Check - Keycloak CI	Run /./.github/actions/status-check	  "fips-unit-tests": {
Status Check - Keycloak CI	Run /./.github/actions/status-check	    "result": "success",
Status Check - Keycloak CI	Run /./.github/actions/status-check	    "outputs": {}
Status Check - Keycloak CI	Run /./.github/actions/status-check	  },
Status Check - Keycloak CI	Run /./.github/actions/status-check	  "fips-integration-tests": {
Status Check - Keycloak CI	Run /./.github/actions/status-check	    "result": "success",
Status Check - Keycloak CI	Run /./.github/actions/status-check	    "outputs": {}
Status Check - Keycloak CI	Run /./.github/actions/status-check	  },
Status Check - Keycloak CI	Run /./.github/actions/status-check	  "account-console-integration-tests": {
Status Check - Keycloak CI	Run /./.github/actions/status-check	    "result": "success",
Status Check - Keycloak CI	Run /./.github/actions/status-check	    "outputs": {}
Status Check - Keycloak CI	Run /./.github/actions/status-check	  },
Status Check - Keycloak CI	Run /./.github/actions/status-check	  "forms-integration-tests": {
Status Check - Keycloak CI	Run /./.github/actions/status-check	    "result": "success",
Status Check - Keycloak CI	Run /./.github/actions/status-check	    "outputs": {}
Status Check - Keycloak CI	Run /./.github/actions/status-check	  },
Status Check - Keycloak CI	Run /./.github/actions/status-check	  "webauthn-integration-tests": {
Status Check - Keycloak CI	Run /./.github/actions/status-check	    "result": "success",
Status Check - Keycloak CI	Run /./.github/actions/status-check	    "outputs": {}
Status Check - Keycloak CI	Run /./.github/actions/status-check	  },
Status Check - Keycloak CI	Run /./.github/actions/status-check	  "sssd-unit-tests": {
Status Check - Keycloak CI	Run /./.github/actions/status-check	    "result": "success",
Status Check - Keycloak CI	Run /./.github/actions/status-check	    "outputs": {}
Status Check - Keycloak CI	Run /./.github/actions/status-check	  },
Status Check - Keycloak CI	Run /./.github/actions/status-check	  "migration-tests": {
Status Check - Keycloak CI	Run /./.github/actions/status-check	    "result": "success",
Status Check - Keycloak CI	Run /./.github/actions/status-check	    "outputs": {}
Status Check - Keycloak CI	Run /./.github/actions/status-check	  }
Status Check - Keycloak CI	Run /./.github/actions/status-check	}
Status Check - Keycloak CI	Run /./.github/actions/status-check	2023-12-04T14:50:53.2978448Z env:
Status Check - Keycloak CI	Run /./.github/actions/status-check	2023-12-04T14:50:53.2979591Z   MAVEN_ARGS: -B -nsu -Dhttp.keepAlive=false -Dmaven.wagon.http.pool=false -Dmaven.wagon.http.retryHandler.class=standard -Dmaven.wagon.http.retryHandler.count=3 -Dmaven.wagon.httpconnectionManager.ttlSeconds=120
Status Check - Keycloak CI	Run /./.github/actions/status-check	2023-12-04T14:50:53.2980783Z   SUREFIRE_RERUN_FAILING_COUNT: 2
Status Check - Keycloak CI	Run /./.github/actions/status-check	2023-12-04T14:50:53.2981311Z   SUREFIRE_RETRY: -Dsurefire.rerunFailingTestsCount=2
Status Check - Keycloak CI	Run /./.github/actions/status-check	2023-12-04T14:50:53.2981786Z ##[endgroup]
Status Check - Keycloak CI	Run /./.github/actions/status-check	2023-12-04T14:50:53.3241309Z ##[group]Run JOBS='{
Status Check - Keycloak CI	Run /./.github/actions/status-check	2023-12-04T14:50:53.3241921Z [36;1mJOBS='{[0m
Status Check - Keycloak CI	Run /./.github/actions/status-check	2023-12-04T14:50:53.3242309Z [36;1m  "conditional": {[0m
Status Check - Keycloak CI	Run /./.github/actions/status-check	2023-12-04T14:50:53.3242670Z [36;1m    "result": "success",[0m
Status Check - Keycloak CI	Run /./.github/actions/status-check	2023-12-04T14:50:53.3243176Z [36;1m    "outputs": {[0m
Status Check - Keycloak CI	Run /./.github/actions/status-check	2023-12-04T14:50:53.3243554Z [36;1m      "ci": "true",[0m
Status Check - Keycloak CI	Run /./.github/actions/status-check	2023-12-04T14:50:53.3244131Z [36;1m      "ci-sssd": "true",[0m
Status Check - Keycloak CI	Run /./.github/actions/status-check	2023-12-04T14:50:53.3244694Z [36;1m      "ci-store": "true"[0m
Status Check - Keycloak CI	Run /./.github/actions/status-check	2023-12-04T14:50:53.3245091Z [36;1m    }[0m
Status Check - Keycloak CI	Run /./.github/actions/status-check	2023-12-04T14:50:53.3245386Z [36;1m  },[0m
Status Check - Keycloak CI	Run /./.github/actions/status-check	2023-12-04T14:50:53.3245810Z [36;1m  "unit-tests": {[0m
Status Check - Keycloak CI	Run /./.github/actions/status-check	2023-12-04T14:50:53.3246194Z [36;1m    "result": "success",[0m
Status Check - Keycloak CI	Run /./.github/actions/status-check	2023-12-04T14:50:53.3246570Z [36;1m    "outputs": {}[0m
Status Check - Keycloak CI	Run /./.github/actions/status-check	2023-12-04T14:50:53.3247027Z [36;1m  },[0m
Status Check - Keycloak CI	Run /./.github/actions/status-check	2023-12-04T14:50:53.3247372Z [36;1m  "base-integration-tests": {[0m
Status Check - Keycloak CI	Run /./.github/actions/status-check	2023-12-04T14:50:53.3247777Z [36;1m    "result": "success",[0m
Status Check - Keycloak CI	Run /./.github/actions/status-check	2023-12-04T14:50:53.3248236Z [36;1m    "outputs": {}[0m
Status Check - Keycloak CI	Run /./.github/actions/status-check	2023-12-04T14:50:53.3248588Z [36;1m  },[0m
Status Check - Keycloak CI	Run /./.github/actions/status-check	2023-12-04T14:50:53.3248929Z [36;1m  "quarkus-integration-tests": {[0m
Status Check - Keycloak CI	Run /./.github/actions/status-check	2023-12-04T14:50:53.3249507Z [36;1m    "result": "success",[0m
Status Check - Keycloak CI	Run /./.github/actions/status-check	2023-12-04T14:50:53.3249926Z [36;1m    "outputs": {}[0m
Status Check - Keycloak CI	Run /./.github/actions/status-check	2023-12-04T14:50:53.3250249Z [36;1m  },[0m
Status Check - Keycloak CI	Run /./.github/actions/status-check	2023-12-04T14:50:53.3250750Z [36;1m  "jdk-integration-tests": {[0m
Status Check - Keycloak CI	Run /./.github/actions/status-check	2023-12-04T14:50:53.3251187Z [36;1m    "result": "success",[0m
Status Check - Keycloak CI	Run /./.github/actions/status-check	2023-12-04T14:50:53.3251542Z [36;1m    "outputs": {}[0m
Status Check - Keycloak CI	Run /./.github/actions/status-check	2023-12-04T14:50:53.3251958Z [36;1m  },[0m
Status Check - Keycloak CI	Run /./.github/actions/status-check	2023-12-04T14:50:53.3252344Z [36;1m  "new-store-integration-tests": {[0m
Status Check - Keycloak CI	Run /./.github/actions/status-check	2023-12-04T14:50:53.3252755Z [36;1m    "result": "success",[0m
Status Check - Keycloak CI	Run /./.github/actions/status-check	2023-12-04T14:50:53.3253215Z [36;1m    "outputs": {}[0m
Status Check - Keycloak CI	Run /./.github/actions/status-check	2023-12-04T14:50:53.3253584Z [36;1m  },[0m
Status Check - Keycloak CI	Run /./.github/actions/status-check	2023-12-04T14:50:53.3253918Z [36;1m  "legacy-store-integration-tests": {[0m
Status Check - Keycloak CI	Run /./.github/actions/status-check	2023-12-04T14:50:53.3254505Z [36;1m    "result": "failure",[0m
Status Check - Keycloak CI	Run /./.github/actions/status-check	2023-12-04T14:50:53.3254916Z [36;1m    "outputs": {}[0m
Status Check - Keycloak CI	Run /./.github/actions/status-check	2023-12-04T14:50:53.3255235Z [36;1m  },[0m
Status Check - Keycloak CI	Run /./.github/actions/status-check	2023-12-04T14:50:53.3255625Z [36;1m  "store-model-tests": {[0m
Status Check - Keycloak CI	Run /./.github/actions/status-check	2023-12-04T14:50:53.3256272Z [36;1m    "result": "success",[0m
Status Check - Keycloak CI	Run /./.github/actions/status-check	2023-12-04T14:50:53.3256830Z [36;1m    "outputs": {}[0m
Status Check - Keycloak CI	Run /./.github/actions/status-check	2023-12-04T14:50:53.3257288Z [36;1m  },[0m
Status Check - Keycloak CI	Run /./.github/actions/status-check	2023-12-04T14:50:53.3257700Z [36;1m  "clustering-integration-tests": {[0m
Status Check - Keycloak CI	Run /./.github/actions/status-check	2023-12-04T14:50:53.3258112Z [36;1m    "result": "success",[0m
Status Check - Keycloak CI	Run /./.github/actions/status-check	2023-12-04T14:50:53.3258589Z [36;1m    "outputs": {}[0m
Status Check - Keycloak CI	Run /./.github/actions/status-check	2023-12-04T14:50:53.3258939Z [36;1m  },[0m
Status Check - Keycloak CI	Run /./.github/actions/status-check	2023-12-04T14:50:53.3259307Z [36;1m  "fips-unit-tests": {[0m
Status Check - Keycloak CI	Run /./.github/actions/status-check	2023-12-04T14:50:53.3259764Z [36;1m    "result": "success",[0m
Status Check - Keycloak CI	Run /./.github/actions/status-check	2023-12-04T14:50:53.3260147Z [36;1m    "outputs": {}[0m
Status Check - Keycloak CI	Run /./.github/actions/status-check	2023-12-04T14:50:53.3260509Z [36;1m  },[0m
Status Check - Keycloak CI	Run /./.github/actions/status-check	2023-12-04T14:50:53.3260876Z [36;1m  "fips-integration-tests": {[0m
Status Check - Keycloak CI	Run /./.github/actions/status-check	2023-12-04T14:50:53.3261290Z [36;1m    "result": "success",[0m
Status Check - Keycloak CI	Run /./.github/actions/status-check	2023-12-04T14:50:53.3261690Z [36;1m    "outputs": {}[0m
Status Check - Keycloak CI	Run /./.github/actions/status-check	2023-12-04T14:50:53.3262073Z [36;1m  },[0m
Status Check - Keycloak CI	Run /./.github/actions/status-check	2023-12-04T14:50:53.3262450Z [36;1m  "account-console-integration-tests": {[0m
Status Check - Keycloak CI	Run /./.github/actions/status-check	2023-12-04T14:50:53.3262939Z [36;1m    "result": "success",[0m
Status Check - Keycloak CI	Run /./.github/actions/status-check	2023-12-04T14:50:53.3263363Z [36;1m    "outputs": {}[0m
Status Check - Keycloak CI	Run /./.github/actions/status-check	2023-12-04T14:50:53.3263735Z [36;1m  },[0m
Status Check - Keycloak CI	Run /./.github/actions/status-check	2023-12-04T14:50:53.3264133Z [36;1m  "forms-integration-tests": {[0m
Status Check - Keycloak CI	Run /./.github/actions/status-check	2023-12-04T14:50:53.3264586Z [36;1m    "result": "success",[0m
Status Check - Keycloak CI	Run /./.github/actions/status-check	2023-12-04T14:50:53.3264984Z [36;1m    "outputs": {}[0m
Status Check - Keycloak CI	Run /./.github/actions/status-check	2023-12-04T14:50:53.3265333Z [36;1m  },[0m
Status Check - Keycloak CI	Run /./.github/actions/status-check	2023-12-04T14:50:53.3265739Z [36;1m  "webauthn-integration-tests": {[0m
Status Check - Keycloak CI	Run /./.github/actions/status-check	2023-12-04T14:50:53.3266192Z [36;1m    "result": "success",[0m
Status Check - Keycloak CI	Run /./.github/actions/status-check	2023-12-04T14:50:53.3266581Z [36;1m    "outputs": {}[0m
Status Check - Keycloak CI	Run /./.github/actions/status-check	2023-12-04T14:50:53.3266959Z [36;1m  },[0m
Status Check - Keycloak CI	Run /./.github/actions/status-check	2023-12-04T14:50:53.3267297Z [36;1m  "sssd-unit-tests": {[0m
Status Check - Keycloak CI	Run /./.github/actions/status-check	2023-12-04T14:50:53.3267686Z [36;1m    "result": "success",[0m
Status Check - Keycloak CI	Run /./.github/actions/status-check	2023-12-04T14:50:53.3268097Z [36;1m    "outputs": {}[0m
Status Check - Keycloak CI	Run /./.github/actions/status-check	2023-12-04T14:50:53.3268463Z [36;1m  },[0m
Status Check - Keycloak CI	Run /./.github/actions/status-check	2023-12-04T14:50:53.3268847Z [36;1m  "migration-tests": {[0m
Status Check - Keycloak CI	Run /./.github/actions/status-check	2023-12-04T14:50:53.3269314Z [36;1m    "result": "success",[0m
Status Check - Keycloak CI	Run /./.github/actions/status-check	2023-12-04T14:50:53.3269707Z [36;1m    "outputs": {}[0m
Status Check - Keycloak CI	Run /./.github/actions/status-check	2023-12-04T14:50:53.3270055Z [36;1m  }[0m
Status Check - Keycloak CI	Run /./.github/actions/status-check	2023-12-04T14:50:53.3270402Z [36;1m}'[0m
Status Check - Keycloak CI	Run /./.github/actions/status-check	2023-12-04T14:50:53.3270721Z [36;1m[0m
Status Check - Keycloak CI	Run /./.github/actions/status-check	2023-12-04T14:50:53.3271032Z [36;1mecho "Job status:"[0m
Status Check - Keycloak CI	Run /./.github/actions/status-check	2023-12-04T14:50:53.3271602Z [36;1mecho $JOBS | jq -r 'to_entries[] | " - \(.key): \(.value.result)"'[0m
Status Check - Keycloak CI	Run /./.github/actions/status-check	2023-12-04T14:50:53.3272142Z [36;1m[0m
Status Check - Keycloak CI	Run /./.github/actions/status-check	2023-12-04T14:50:53.3272588Z [36;1mfor i in $(echo $JOBS | jq -r 'to_entries[] | .value.result'); do[0m
Status Check - Keycloak CI	Run /./.github/actions/status-check	2023-12-04T14:50:53.3273270Z [36;1m  if [ "$i" != "success" ] && [ "$i" != "skipped" ]; then[0m
Status Check - Keycloak CI	Run /./.github/actions/status-check	2023-12-04T14:50:53.3273821Z [36;1m    echo ""[0m
Status Check - Keycloak CI	Run /./.github/actions/status-check	2023-12-04T14:50:53.3274202Z [36;1m    echo "Status check not okay!"[0m
Status Check - Keycloak CI	Run /./.github/actions/status-check	2023-12-04T14:50:53.3274727Z [36;1m    exit 1[0m
Status Check - Keycloak CI	Run /./.github/actions/status-check	2023-12-04T14:50:53.3275053Z [36;1m  fi[0m
Status Check - Keycloak CI	Run /./.github/actions/status-check	2023-12-04T14:50:53.3275372Z [36;1mdone[0m
Status Check - Keycloak CI	Run /./.github/actions/status-check	2023-12-04T14:50:53.3352986Z shell: /usr/bin/bash --noprofile --norc -e -o pipefail {0}
Status Check - Keycloak CI	Run /./.github/actions/status-check	2023-12-04T14:50:53.3353600Z env:
Status Check - Keycloak CI	Run /./.github/actions/status-check	2023-12-04T14:50:53.3354723Z   MAVEN_ARGS: -B -nsu -Dhttp.keepAlive=false -Dmaven.wagon.http.pool=false -Dmaven.wagon.http.retryHandler.class=standard -Dmaven.wagon.http.retryHandler.count=3 -Dmaven.wagon.httpconnectionManager.ttlSeconds=120
Status Check - Keycloak CI	Run /./.github/actions/status-check	2023-12-04T14:50:53.3355931Z   SUREFIRE_RERUN_FAILING_COUNT: 2
Status Check - Keycloak CI	Run /./.github/actions/status-check	2023-12-04T14:50:53.3356531Z   SUREFIRE_RETRY: -Dsurefire.rerunFailingTestsCount=2
Status Check - Keycloak CI	Run /./.github/actions/status-check	2023-12-04T14:50:53.3357041Z ##[endgroup]
Status Check - Keycloak CI	Run /./.github/actions/status-check	2023-12-04T14:50:53.3507569Z Job status:
Status Check - Keycloak CI	Run /./.github/actions/status-check	2023-12-04T14:50:53.3734575Z  - conditional: success
Status Check - Keycloak CI	Run /./.github/actions/status-check	2023-12-04T14:50:53.3735235Z  - unit-tests: success
Status Check - Keycloak CI	Run /./.github/actions/status-check	2023-12-04T14:50:53.3735901Z  - base-integration-tests: success
Status Check - Keycloak CI	Run /./.github/actions/status-check	2023-12-04T14:50:53.3736826Z  - quarkus-integration-tests: success
Status Check - Keycloak CI	Run /./.github/actions/status-check	2023-12-04T14:50:53.3737551Z  - jdk-integration-tests: success
Status Check - Keycloak CI	Run /./.github/actions/status-check	2023-12-04T14:50:53.3738054Z  - new-store-integration-tests: success
Status Check - Keycloak CI	Run /./.github/actions/status-check	2023-12-04T14:50:53.3738651Z  - legacy-store-integration-tests: failure
Status Check - Keycloak CI	Run /./.github/actions/status-check	2023-12-04T14:50:53.3739108Z  - store-model-tests: success
Status Check - Keycloak CI	Run /./.github/actions/status-check	2023-12-04T14:50:53.3739557Z  - clustering-integration-tests: success
Status Check - Keycloak CI	Run /./.github/actions/status-check	2023-12-04T14:50:53.3740092Z  - fips-unit-tests: success
Status Check - Keycloak CI	Run /./.github/actions/status-check	2023-12-04T14:50:53.3740498Z  - fips-integration-tests: success
Status Check - Keycloak CI	Run /./.github/actions/status-check	2023-12-04T14:50:53.3741250Z  - account-console-integration-tests: success
Status Check - Keycloak CI	Run /./.github/actions/status-check	2023-12-04T14:50:53.3742027Z  - forms-integration-tests: success
Status Check - Keycloak CI	Run /./.github/actions/status-check	2023-12-04T14:50:53.3742459Z  - webauthn-integration-tests: success
Status Check - Keycloak CI	Run /./.github/actions/status-check	2023-12-04T14:50:53.3743198Z  - sssd-unit-tests: success
Status Check - Keycloak CI	Run /./.github/actions/status-check	2023-12-04T14:50:53.3744005Z  - migration-tests: success
Status Check - Keycloak CI	Run /./.github/actions/status-check	2023-12-04T14:50:53.3949668Z 
Status Check - Keycloak CI	Run /./.github/actions/status-check	2023-12-04T14:50:53.3949921Z Status check not okay!
Status Check - Keycloak CI	Run /./.github/actions/status-check	2023-12-04T14:50:53.3963504Z ##[error]Process completed with exit code 1.
