Legacy Store IT (mssql)	Run base tests	2023-11-30T11:28:46.5925971Z ##[group]Run TESTS=`testsuite/integration-arquillian/tests/base/testsuites/suite.sh database`
Legacy Store IT (mssql)	Run base tests	2023-11-30T11:28:46.5927672Z [36;1mTESTS=`testsuite/integration-arquillian/tests/base/testsuites/suite.sh database`[0m
Legacy Store IT (mssql)	Run base tests	2023-11-30T11:28:46.5929005Z [36;1mecho "Tests: $TESTS"[0m
Legacy Store IT (mssql)	Run base tests	2023-11-30T11:28:46.5930778Z [36;1m./mvnw test -Dsurefire.rerunFailingTestsCount=2 -Pauth-server-quarkus -Pdb-mssql -Dtest=$TESTS -pl testsuite/integration-arquillian/tests/base | misc/log/trimmer.sh[0m
Legacy Store IT (mssql)	Run base tests	2023-11-30T11:28:46.6015529Z shell: /usr/bin/bash --noprofile --norc -e -o pipefail {0}
Legacy Store IT (mssql)	Run base tests	2023-11-30T11:28:46.6016412Z env:
Legacy Store IT (mssql)	Run base tests	2023-11-30T11:28:46.6016915Z   MAVEN_ARGS: -B -nsu -Daether.connector.http.connectionMaxTtl=25
Legacy Store IT (mssql)	Run base tests	2023-11-30T11:28:46.6017571Z   SUREFIRE_RERUN_FAILING_COUNT: 2
Legacy Store IT (mssql)	Run base tests	2023-11-30T11:28:46.6018068Z   SUREFIRE_RETRY: -Dsurefire.rerunFailingTestsCount=2
Legacy Store IT (mssql)	Run base tests	2023-11-30T11:28:46.6018738Z   JAVA_HOME: /opt/hostedtoolcache/Java_Temurin-Hotspot_jdk/17.0.9-9/x64
Legacy Store IT (mssql)	Run base tests	2023-11-30T11:28:46.6019533Z   JAVA_HOME_17_X64: /opt/hostedtoolcache/Java_Temurin-Hotspot_jdk/17.0.9-9/x64
Legacy Store IT (mssql)	Run base tests	2023-11-30T11:28:46.6020197Z ##[endgroup]
Legacy Store IT (mssql)	Run base tests	2023-11-30T11:28:46.7013139Z Tests: AccountRestServiceTest,AuthorizationCodeTest,AuthorizationTest,ClientRegistrationTest,EventStoreProviderTest,ExportImportTest,GeneratedRsaKeyProviderTest,KcOidcBrokerTest,LDAPUserLoginTest,LoginTest,PasswordPolicyTest,RefreshTokenTest,RequiredActionUpdateProfileTest,SSOTest,SamlClientTest,TransactionsTest,UserProfileTest,org.keycloak.testsuite.admin.**,org.keycloak.testsuite.authz.**ManagementTest,org.keycloak.testsuite.zerodowntime.**
Legacy Store IT (mssql)	Run base tests	2023-11-30T11:28:48.6643186Z -- [INFO] Loading cache configuration from /home/runner/work/keycloak/keycloak/.mvn/maven-build-cache-config.xml
Legacy Store IT (mssql)	Run base tests	2023-11-30T11:28:48.6860242Z -- [INFO] Scanning for projects...
Legacy Store IT (mssql)	Run base tests	2023-11-30T11:28:50.0217354Z -- [WARNING] 
Legacy Store IT (mssql)	Run base tests	2023-11-30T11:28:50.0219367Z -- [WARNING] Some problems were encountered while building the effective model for org.keycloak.testsuite:integration-arquillian-util:jar:999.0.0-SNAPSHOT
Legacy Store IT (mssql)	Run base tests	2023-11-30T11:28:50.0222676Z -- [WARNING] 'dependencies.dependency.scope' for org.jboss.arquillian:arquillian-bom:pom must be one of [provided, compile, runtime, test, system] but is 'import'. @ line 81, column 20
Legacy Store IT (mssql)	Run base tests	2023-11-30T11:28:50.0224620Z -- [WARNING] 
Legacy Store IT (mssql)	Run base tests	2023-11-30T11:28:50.0226108Z -- [WARNING] It is highly recommended to fix these problems because they threaten the stability of your build.
Legacy Store IT (mssql)	Run base tests	2023-11-30T11:28:50.0227536Z -- [WARNING] 
Legacy Store IT (mssql)	Run base tests	2023-11-30T11:28:50.0228824Z -- [WARNING] For this reason, future Maven versions might no longer support building such malformed projects.
Legacy Store IT (mssql)	Run base tests	2023-11-30T11:28:50.0230289Z -- [WARNING] 
Legacy Store IT (mssql)	Run base tests	2023-11-30T11:28:50.0455186Z -- [INFO] 
Legacy Store IT (mssql)	Run base tests	2023-11-30T11:28:50.0456640Z -- [INFO] ------< org.keycloak.testsuite:integration-arquillian-tests-base >------
Legacy Store IT (mssql)	Run base tests	2023-11-30T11:28:50.0457858Z -- [INFO] Building Base TestSuite 999.0.0-SNAPSHOT
Legacy Store IT (mssql)	Run base tests	2023-11-30T11:28:50.0458730Z -- [INFO]   from pom.xml
Legacy Store IT (mssql)	Run base tests	2023-11-30T11:28:50.0459784Z -- [INFO] --------------------------------[ jar ]---------------------------------
Legacy Store IT (mssql)	Run base tests	2023-11-30T11:28:50.0584422Z -- [INFO] Artifact org.jboss.shrinkwrap.resolver:shrinkwrap-resolver-parent:pom:3.1.4 is present in the local repository, but cached from a remote repository ID that is unavailable in current build context, verifying that is downloadable from [jboss-public-repository (https://repository.jboss.org/nexus/content/groups/public/, default, releases), central (https://repo.maven.apache.org/maven2, default, releases)]
Legacy Store IT (mssql)	Run base tests	2023-11-30T11:28:50.0596425Z -- [INFO] Artifact org.jboss.shrinkwrap.resolver:shrinkwrap-resolver-parent:pom:3.1.4 is present in the local repository, but cached from a remote repository ID that is unavailable in current build context, verifying that is downloadable from [jboss-public-repository (https://repository.jboss.org/nexus/content/groups/public/, default, releases), central (https://repo.maven.apache.org/maven2, default, releases)]
Legacy Store IT (mssql)	Run base tests	2023-11-30T11:28:50.2770646Z -- [INFO] Downloading from jboss-public-repository: https://repository.jboss.org/nexus/content/groups/public/org/jboss/shrinkwrap/resolver/shrinkwrap-resolver-parent/3.1.4/shrinkwrap-resolver-parent-3.1.4.pom
Legacy Store IT (mssql)	Run base tests	2023-11-30T11:28:50.6369034Z -- [INFO] Downloaded from jboss-public-repository: https://repository.jboss.org/nexus/content/groups/public/org/jboss/shrinkwrap/resolver/shrinkwrap-resolver-parent/3.1.4/shrinkwrap-resolver-parent-3.1.4.pom (0 B at 0 B/s)
Legacy Store IT (mssql)	Run base tests	2023-11-30T11:28:50.6875160Z -- [WARNING] Parameter 'overWriteIfNewer' is unknown for plugin 'maven-resources-plugin:3.0.1:copy-resources (example-realms)'
Legacy Store IT (mssql)	Run base tests	2023-11-30T11:28:51.2500180Z -- [INFO] Artifact org.jboss:jboss-parent:pom:34 is present in the local repository, but cached from a remote repository ID that is unavailable in current build context, verifying that is downloadable from [sonatype-snapshots (https://s01.oss.sonatype.org/content/repositories/snapshots/, default, snapshots), central (https://repo.maven.apache.org/maven2, default, releases)]
Legacy Store IT (mssql)	Run base tests	2023-11-30T11:28:51.2507098Z -- [INFO] Artifact org.jboss:jboss-parent:pom:34 is present in the local repository, but cached from a remote repository ID that is unavailable in current build context, verifying that is downloadable from [sonatype-snapshots (https://s01.oss.sonatype.org/content/repositories/snapshots/, default, snapshots), central (https://repo.maven.apache.org/maven2, default, releases)]
Legacy Store IT (mssql)	Run base tests	2023-11-30T11:28:51.2521050Z -- [INFO] Downloading from central: https://repo.maven.apache.org/maven2/org/jboss/jboss-parent/34/jboss-parent-34.pom
Legacy Store IT (mssql)	Run base tests	2023-11-30T11:28:51.2811979Z -- [INFO] Downloaded from central: https://repo.maven.apache.org/maven2/org/jboss/jboss-parent/34/jboss-parent-34.pom (0 B at 0 B/s)
Legacy Store IT (mssql)	Run base tests	2023-11-30T11:28:51.5943816Z -- [INFO] Artifact org.jboss:jboss-parent:pom:37 is present in the local repository, but cached from a remote repository ID that is unavailable in current build context, verifying that is downloadable from [sonatype-snapshots (https://s01.oss.sonatype.org/content/repositories/snapshots/, default, snapshots), central (https://repo.maven.apache.org/maven2, default, releases), jboss-public-repository-group (https://repository.jboss.org/nexus/content/groups/public/, default, releases+snapshots)]
Legacy Store IT (mssql)	Run base tests	2023-11-30T11:28:51.5964552Z -- [INFO] Artifact org.jboss:jboss-parent:pom:37 is present in the local repository, but cached from a remote repository ID that is unavailable in current build context, verifying that is downloadable from [sonatype-snapshots (https://s01.oss.sonatype.org/content/repositories/snapshots/, default, snapshots), central (https://repo.maven.apache.org/maven2, default, releases), jboss-public-repository-group (https://repository.jboss.org/nexus/content/groups/public/, default, releases+snapshots)]
Legacy Store IT (mssql)	Run base tests	2023-11-30T11:28:51.5970774Z -- [INFO] Downloading from central: https://repo.maven.apache.org/maven2/org/jboss/jboss-parent/37/jboss-parent-37.pom
Legacy Store IT (mssql)	Run base tests	2023-11-30T11:28:51.5992268Z -- [INFO] Downloaded from central: https://repo.maven.apache.org/maven2/org/jboss/jboss-parent/37/jboss-parent-37.pom (0 B at 0 B/s)
Legacy Store IT (mssql)	Run base tests	2023-11-30T11:28:51.6627359Z -- [INFO] Downloading from central: https://repo.maven.apache.org/maven2/org/jboss/arquillian/protocol/arquillian-protocol-servlet/1.7.1.Final/arquillian-protocol-servlet-1.7.1.Final.pom
Legacy Store IT (mssql)	Run base tests	2023-11-30T11:28:51.6798470Z -- [INFO] Downloaded from central: https://repo.maven.apache.org/maven2/org/jboss/arquillian/protocol/arquillian-protocol-servlet/1.7.1.Final/arquillian-protocol-servlet-1.7.1.Final.pom (3.0 kB at 175 kB/s)
Legacy Store IT (mssql)	Run base tests	2023-11-30T11:28:51.6803423Z -- [INFO] Downloading from central: https://repo.maven.apache.org/maven2/org/jboss/arquillian/arquillian-build/1.7.1.Final/arquillian-build-1.7.1.Final.pom
Legacy Store IT (mssql)	Run base tests	2023-11-30T11:28:51.7207729Z -- [INFO] Downloaded from central: https://repo.maven.apache.org/maven2/org/jboss/arquillian/arquillian-build/1.7.1.Final/arquillian-build-1.7.1.Final.pom (4.6 kB at 662 kB/s)
Legacy Store IT (mssql)	Run base tests	2023-11-30T11:28:51.7260240Z -- [INFO] Downloading from central: https://repo.maven.apache.org/maven2/org/jboss/arquillian/arquillian-parent/1.7.1.Final/arquillian-parent-1.7.1.Final.pom
Legacy Store IT (mssql)	Run base tests	2023-11-30T11:28:52.2543444Z -- [INFO] Downloaded from central: https://repo.maven.apache.org/maven2/org/jboss/arquillian/arquillian-parent/1.7.1.Final/arquillian-parent-1.7.1.Final.pom (5.2 kB at 9.3 kB/s)
Legacy Store IT (mssql)	Run base tests	2023-11-30T11:28:52.2574589Z -- [INFO] Downloading from central: https://repo.maven.apache.org/maven2/org/jboss/arquillian/container/arquillian-container-spi/1.7.1.Final/arquillian-container-spi-1.7.1.Final.pom
Legacy Store IT (mssql)	Run base tests	2023-11-30T11:28:52.2630813Z -- [INFO] Downloaded from central: https://repo.maven.apache.org/maven2/org/jboss/arquillian/container/arquillian-container-spi/1.7.1.Final/arquillian-container-spi-1.7.1.Final.pom (2.5 kB at 419 kB/s)
Legacy Store IT (mssql)	Run base tests	2023-11-30T11:28:52.2659228Z -- [INFO] Downloading from central: https://repo.maven.apache.org/maven2/org/jboss/arquillian/core/arquillian-core-spi/1.7.1.Final/arquillian-core-spi-1.7.1.Final.pom
Legacy Store IT (mssql)	Run base tests	2023-11-30T11:28:52.2726776Z -- [INFO] Downloaded from central: https://repo.maven.apache.org/maven2/org/jboss/arquillian/core/arquillian-core-spi/1.7.1.Final/arquillian-core-spi-1.7.1.Final.pom (1.2 kB at 247 kB/s)
Legacy Store IT (mssql)	Run base tests	2023-11-30T11:28:52.2754564Z -- [INFO] Downloading from central: https://repo.maven.apache.org/maven2/org/jboss/arquillian/core/arquillian-core-api/1.7.1.Final/arquillian-core-api-1.7.1.Final.pom
Legacy Store IT (mssql)	Run base tests	2023-11-30T11:28:52.2820437Z -- [INFO] Downloaded from central: https://repo.maven.apache.org/maven2/org/jboss/arquillian/core/arquillian-core-api/1.7.1.Final/arquillian-core-api-1.7.1.Final.pom (1.1 kB at 176 kB/s)
Legacy Store IT (mssql)	Run base tests	2023-11-30T11:28:52.2891888Z -- [INFO] Downloading from central: https://repo.maven.apache.org/maven2/org/jboss/arquillian/config/arquillian-config-api/1.7.1.Final/arquillian-config-api-1.7.1.Final.pom
Legacy Store IT (mssql)	Run base tests	2023-11-30T11:28:52.2964713Z -- [INFO] Downloaded from central: https://repo.maven.apache.org/maven2/org/jboss/arquillian/config/arquillian-config-api/1.7.1.Final/arquillian-config-api-1.7.1.Final.pom (1.2 kB at 153 kB/s)
Legacy Store IT (mssql)	Run base tests	2023-11-30T11:28:52.3015519Z -- [INFO] Artifact org.jboss.shrinkwrap.descriptors:shrinkwrap-descriptors-api-base:pom:2.0.0 is present in the local repository, but cached from a remote repository ID that is unavailable in current build context, verifying that is downloadable from [sonatype-snapshots (https://s01.oss.sonatype.org/content/repositories/snapshots/, default, snapshots), central (https://repo.maven.apache.org/maven2, default, releases)]
Legacy Store IT (mssql)	Run base tests	2023-11-30T11:28:52.3027094Z -- [INFO] Artifact org.jboss.shrinkwrap.descriptors:shrinkwrap-descriptors-api-base:pom:2.0.0 is present in the local repository, but cached from a remote repository ID that is unavailable in current build context, verifying that is downloadable from [sonatype-snapshots (https://s01.oss.sonatype.org/content/repositories/snapshots/, default, snapshots), central (https://repo.maven.apache.org/maven2, default, releases)]
Legacy Store IT (mssql)	Run base tests	2023-11-30T11:28:52.3032318Z -- [INFO] Downloading from central: https://repo.maven.apache.org/maven2/org/jboss/shrinkwrap/descriptors/shrinkwrap-descriptors-api-base/2.0.0/shrinkwrap-descriptors-api-base-2.0.0.pom
Legacy Store IT (mssql)	Run base tests	2023-11-30T11:28:52.3051275Z -- [INFO] Downloaded from central: https://repo.maven.apache.org/maven2/org/jboss/shrinkwrap/descriptors/shrinkwrap-descriptors-api-base/2.0.0/shrinkwrap-descriptors-api-base-2.0.0.pom (0 B at 0 B/s)
Legacy Store IT (mssql)	Run base tests	2023-11-30T11:28:52.4046242Z -- [INFO] Artifact org.jboss.shrinkwrap.descriptors:shrinkwrap-descriptors-parent:pom:2.0.0 is present in the local repository, but cached from a remote repository ID that is unavailable in current build context, verifying that is downloadable from [sonatype-snapshots (https://s01.oss.sonatype.org/content/repositories/snapshots/, default, snapshots), central (https://repo.maven.apache.org/maven2, default, releases)]
Legacy Store IT (mssql)	Run base tests	2023-11-30T11:28:52.4081028Z -- [INFO] Artifact org.jboss.shrinkwrap.descriptors:shrinkwrap-descriptors-parent:pom:2.0.0 is present in the local repository, but cached from a remote repository ID that is unavailable in current build context, verifying that is downloadable from [sonatype-snapshots (https://s01.oss.sonatype.org/content/repositories/snapshots/, default, snapshots), central (https://repo.maven.apache.org/maven2, default, releases)]
Legacy Store IT (mssql)	Run base tests	2023-11-30T11:28:52.4094884Z -- [INFO] Downloading from central: https://repo.maven.apache.org/maven2/org/jboss/shrinkwrap/descriptors/shrinkwrap-descriptors-parent/2.0.0/shrinkwrap-descriptors-parent-2.0.0.pom
Legacy Store IT (mssql)	Run base tests	2023-11-30T11:28:52.4116765Z -- [INFO] Downloaded from central: https://repo.maven.apache.org/maven2/org/jboss/shrinkwrap/descriptors/shrinkwrap-descriptors-parent/2.0.0/shrinkwrap-descriptors-parent-2.0.0.pom (0 B at 0 B/s)
Legacy Store IT (mssql)	Run base tests	2023-11-30T11:28:52.4998461Z -- [INFO] Artifact org.jboss:jboss-parent:pom:16 is present in the local repository, but cached from a remote repository ID that is unavailable in current build context, verifying that is downloadable from [sonatype-snapshots (https://s01.oss.sonatype.org/content/repositories/snapshots/, default, snapshots), central (https://repo.maven.apache.org/maven2, default, releases), jboss-public-repository (https://repository.jboss.org/nexus/content/groups/public, default, releases+snapshots)]
Legacy Store IT (mssql)	Run base tests	2023-11-30T11:28:52.5010839Z -- [INFO] Artifact org.jboss:jboss-parent:pom:16 is present in the local repository, but cached from a remote repository ID that is unavailable in current build context, verifying that is downloadable from [sonatype-snapshots (https://s01.oss.sonatype.org/content/repositories/snapshots/, default, snapshots), central (https://repo.maven.apache.org/maven2, default, releases), jboss-public-repository (https://repository.jboss.org/nexus/content/groups/public, default, releases+snapshots)]
Legacy Store IT (mssql)	Run base tests	2023-11-30T11:28:52.5014632Z -- [INFO] Downloading from central: https://repo.maven.apache.org/maven2/org/jboss/jboss-parent/16/jboss-parent-16.pom
Legacy Store IT (mssql)	Run base tests	2023-11-30T11:28:52.5039742Z -- [INFO] Downloaded from central: https://repo.maven.apache.org/maven2/org/jboss/jboss-parent/16/jboss-parent-16.pom (0 B at 0 B/s)
Legacy Store IT (mssql)	Run base tests	2023-11-30T11:28:52.5073251Z -- [INFO] Downloading from central: https://repo.maven.apache.org/maven2/org/jboss/arquillian/config/arquillian-config-impl-base/1.7.1.Final/arquillian-config-impl-base-1.7.1.Final.pom
Legacy Store IT (mssql)	Run base tests	2023-11-30T11:28:52.5144194Z -- [INFO] Downloaded from central: https://repo.maven.apache.org/maven2/org/jboss/arquillian/config/arquillian-config-impl-base/1.7.1.Final/arquillian-config-impl-base-1.7.1.Final.pom (2.8 kB at 404 kB/s)
Legacy Store IT (mssql)	Run base tests	2023-11-30T11:28:52.5170999Z -- [INFO] Downloading from central: https://repo.maven.apache.org/maven2/org/jboss/arquillian/config/arquillian-config-spi/1.7.1.Final/arquillian-config-spi-1.7.1.Final.pom
Legacy Store IT (mssql)	Run base tests	2023-11-30T11:28:52.5223896Z -- [INFO] Downloaded from central: https://repo.maven.apache.org/maven2/org/jboss/arquillian/config/arquillian-config-spi/1.7.1.Final/arquillian-config-spi-1.7.1.Final.pom (984 B at 197 kB/s)
Legacy Store IT (mssql)	Run base tests	2023-11-30T11:28:52.5248969Z -- [INFO] Artifact org.jboss.shrinkwrap.descriptors:shrinkwrap-descriptors-spi:pom:2.0.0 is present in the local repository, but cached from a remote repository ID that is unavailable in current build context, verifying that is downloadable from [sonatype-snapshots (https://s01.oss.sonatype.org/content/repositories/snapshots/, default, snapshots), central (https://repo.maven.apache.org/maven2, default, releases)]
Legacy Store IT (mssql)	Run base tests	2023-11-30T11:28:52.5256730Z -- [INFO] Artifact org.jboss.shrinkwrap.descriptors:shrinkwrap-descriptors-spi:pom:2.0.0 is present in the local repository, but cached from a remote repository ID that is unavailable in current build context, verifying that is downloadable from [sonatype-snapshots (https://s01.oss.sonatype.org/content/repositories/snapshots/, default, snapshots), central (https://repo.maven.apache.org/maven2, default, releases)]
Legacy Store IT (mssql)	Run base tests	2023-11-30T11:28:52.5262063Z -- [INFO] Downloading from central: https://repo.maven.apache.org/maven2/org/jboss/shrinkwrap/descriptors/shrinkwrap-descriptors-spi/2.0.0/shrinkwrap-descriptors-spi-2.0.0.pom
Legacy Store IT (mssql)	Run base tests	2023-11-30T11:28:52.5284049Z -- [INFO] Downloaded from central: https://repo.maven.apache.org/maven2/org/jboss/shrinkwrap/descriptors/shrinkwrap-descriptors-spi/2.0.0/shrinkwrap-descriptors-spi-2.0.0.pom (0 B at 0 B/s)
Legacy Store IT (mssql)	Run base tests	2023-11-30T11:28:52.6021342Z -- [INFO] Downloading from central: https://repo.maven.apache.org/maven2/org/jboss/arquillian/container/arquillian-container-test-api/1.7.1.Final/arquillian-container-test-api-1.7.1.Final.pom
Legacy Store IT (mssql)	Run base tests	2023-11-30T11:28:52.6106746Z -- [INFO] Downloaded from central: https://repo.maven.apache.org/maven2/org/jboss/arquillian/container/arquillian-container-test-api/1.7.1.Final/arquillian-container-test-api-1.7.1.Final.pom (1.4 kB at 128 kB/s)
Legacy Store IT (mssql)	Run base tests	2023-11-30T11:28:52.6139085Z -- [INFO] Downloading from central: https://repo.maven.apache.org/maven2/org/jboss/arquillian/container/arquillian-container-test-spi/1.7.1.Final/arquillian-container-test-spi-1.7.1.Final.pom
Legacy Store IT (mssql)	Run base tests	2023-11-30T11:28:52.6193720Z -- [INFO] Downloaded from central: https://repo.maven.apache.org/maven2/org/jboss/arquillian/container/arquillian-container-test-spi/1.7.1.Final/arquillian-container-test-spi-1.7.1.Final.pom (1.7 kB at 339 kB/s)
Legacy Store IT (mssql)	Run base tests	2023-11-30T11:28:52.6223490Z -- [INFO] Downloading from central: https://repo.maven.apache.org/maven2/org/jboss/arquillian/test/arquillian-test-spi/1.7.1.Final/arquillian-test-spi-1.7.1.Final.pom
Legacy Store IT (mssql)	Run base tests	2023-11-30T11:28:52.6330767Z -- [INFO] Downloaded from central: https://repo.maven.apache.org/maven2/org/jboss/arquillian/test/arquillian-test-spi/1.7.1.Final/arquillian-test-spi-1.7.1.Final.pom (1.6 kB at 143 kB/s)
Legacy Store IT (mssql)	Run base tests	2023-11-30T11:28:52.6359514Z -- [INFO] Downloading from central: https://repo.maven.apache.org/maven2/org/jboss/arquillian/test/arquillian-test-api/1.7.1.Final/arquillian-test-api-1.7.1.Final.pom
Legacy Store IT (mssql)	Run base tests	2023-11-30T11:28:52.6433261Z -- [INFO] Downloaded from central: https://repo.maven.apache.org/maven2/org/jboss/arquillian/test/arquillian-test-api/1.7.1.Final/arquillian-test-api-1.7.1.Final.pom (1.2 kB at 208 kB/s)
Legacy Store IT (mssql)	Run base tests	2023-11-30T11:28:52.6446956Z -- [INFO] Downloading from central: https://repo.maven.apache.org/maven2/org/jboss/arquillian/container/arquillian-container-test-impl-base/1.7.1.Final/arquillian-container-test-impl-base-1.7.1.Final.pom
Legacy Store IT (mssql)	Run base tests	2023-11-30T11:28:52.6499938Z -- [INFO] Downloaded from central: https://repo.maven.apache.org/maven2/org/jboss/arquillian/container/arquillian-container-test-impl-base/1.7.1.Final/arquillian-container-test-impl-base-1.7.1.Final.pom (3.2 kB at 645 kB/s)
Legacy Store IT (mssql)	Run base tests	2023-11-30T11:28:52.6741224Z -- [INFO] Downloading from central: https://repo.maven.apache.org/maven2/org/jboss/arquillian/testenricher/arquillian-testenricher-initialcontext/1.7.1.Final/arquillian-testenricher-initialcontext-1.7.1.Final.pom
Legacy Store IT (mssql)	Run base tests	2023-11-30T11:28:52.6853819Z -- [INFO] Downloaded from central: https://repo.maven.apache.org/maven2/org/jboss/arquillian/testenricher/arquillian-testenricher-initialcontext/1.7.1.Final/arquillian-testenricher-initialcontext-1.7.1.Final.pom (1.4 kB at 99 kB/s)
Legacy Store IT (mssql)	Run base tests	2023-11-30T11:28:52.8049945Z -- [INFO] Downloading from central: https://repo.maven.apache.org/maven2/org/jboss/arquillian/protocol/arquillian-protocol-jmx/1.7.1.Final/arquillian-protocol-jmx-1.7.1.Final.pom
Legacy Store IT (mssql)	Run base tests	2023-11-30T11:28:52.8105752Z -- [INFO] Downloaded from central: https://repo.maven.apache.org/maven2/org/jboss/arquillian/protocol/arquillian-protocol-jmx/1.7.1.Final/arquillian-protocol-jmx-1.7.1.Final.pom (1.5 kB at 243 kB/s)
Legacy Store IT (mssql)	Run base tests	2023-11-30T11:28:52.9068956Z -- [INFO] Downloading from central: https://repo.maven.apache.org/maven2/org/jboss/arquillian/testenricher/arquillian-testenricher-cdi/1.7.1.Final/arquillian-testenricher-cdi-1.7.1.Final.pom
Legacy Store IT (mssql)	Run base tests	2023-11-30T11:28:52.9134453Z -- [INFO] Downloaded from central: https://repo.maven.apache.org/maven2/org/jboss/arquillian/testenricher/arquillian-testenricher-cdi/1.7.1.Final/arquillian-testenricher-cdi-1.7.1.Final.pom (3.7 kB at 620 kB/s)
Legacy Store IT (mssql)	Run base tests	2023-11-30T11:28:52.9180761Z -- [INFO] Downloading from central: https://repo.maven.apache.org/maven2/org/jboss/arquillian/testenricher/arquillian-testenricher-ejb/1.7.1.Final/arquillian-testenricher-ejb-1.7.1.Final.pom
Legacy Store IT (mssql)	Run base tests	2023-11-30T11:28:52.9256172Z -- [INFO] Downloaded from central: https://repo.maven.apache.org/maven2/org/jboss/arquillian/testenricher/arquillian-testenricher-ejb/1.7.1.Final/arquillian-testenricher-ejb-1.7.1.Final.pom (4.8 kB at 682 kB/s)
Legacy Store IT (mssql)	Run base tests	2023-11-30T11:28:52.9288814Z -- [INFO] Downloading from central: https://repo.maven.apache.org/maven2/org/jboss/arquillian/testenricher/arquillian-testenricher-resource/1.7.1.Final/arquillian-testenricher-resource-1.7.1.Final.pom
Legacy Store IT (mssql)	Run base tests	2023-11-30T11:28:52.9356523Z -- [INFO] Downloaded from central: https://repo.maven.apache.org/maven2/org/jboss/arquillian/testenricher/arquillian-testenricher-resource/1.7.1.Final/arquillian-testenricher-resource-1.7.1.Final.pom (1.9 kB at 267 kB/s)
Legacy Store IT (mssql)	Run base tests	2023-11-30T11:28:53.1477725Z -- [INFO] Artifact org.jboss:jboss-parent:pom:24.0.0.redhat-1 is present in the local repository, but cached from a remote repository ID that is unavailable in current build context, verifying that is downloadable from [sonatype-snapshots (https://s01.oss.sonatype.org/content/repositories/snapshots/, default, snapshots), central (https://repo.maven.apache.org/maven2, default, releases), jboss-public-repository (https://repository.jboss.org/nexus/content/groups/public/, default, releases+snapshots), jboss-public-repository-group (https://repository.jboss.org/nexus/content/groups/public/, default, releases+snapshots), jboss-enterprise-maven-repository (https://maven.repository.redhat.com/ga/, default, releases)]
Legacy Store IT (mssql)	Run base tests	2023-11-30T11:28:53.1490644Z -- [INFO] Artifact org.jboss:jboss-parent:pom:24.0.0.redhat-1 is present in the local repository, but cached from a remote repository ID that is unavailable in current build context, verifying that is downloadable from [sonatype-snapshots (https://s01.oss.sonatype.org/content/repositories/snapshots/, default, snapshots), central (https://repo.maven.apache.org/maven2, default, releases), jboss-public-repository (https://repository.jboss.org/nexus/content/groups/public/, default, releases+snapshots), jboss-public-repository-group (https://repository.jboss.org/nexus/content/groups/public/, default, releases+snapshots), jboss-enterprise-maven-repository (https://maven.repository.redhat.com/ga/, default, releases)]
Legacy Store IT (mssql)	Run base tests	2023-11-30T11:28:53.1499191Z -- [INFO] Downloading from jboss-enterprise-maven-repository: https://maven.repository.redhat.com/ga/org/jboss/jboss-parent/24.0.0.redhat-1/jboss-parent-24.0.0.redhat-1.pom
Legacy Store IT (mssql)	Run base tests	2023-11-30T11:28:53.2535560Z -- [INFO] Downloaded from jboss-enterprise-maven-repository: https://maven.repository.redhat.com/ga/org/jboss/jboss-parent/24.0.0.redhat-1/jboss-parent-24.0.0.redhat-1.pom (0 B at 0 B/s)
Legacy Store IT (mssql)	Run base tests	2023-11-30T11:28:53.3513484Z -- [INFO] Downloading from central: https://repo.maven.apache.org/maven2/org/jboss/arquillian/junit/arquillian-junit-container/1.7.1.Final/arquillian-junit-container-1.7.1.Final.pom
Legacy Store IT (mssql)	Run base tests	2023-11-30T11:28:53.3613192Z -- [INFO] Downloaded from central: https://repo.maven.apache.org/maven2/org/jboss/arquillian/junit/arquillian-junit-container/1.7.1.Final/arquillian-junit-container-1.7.1.Final.pom (3.5 kB at 700 kB/s)
Legacy Store IT (mssql)	Run base tests	2023-11-30T11:28:53.3617302Z -- [INFO] Downloading from central: https://repo.maven.apache.org/maven2/org/jboss/arquillian/junit/arquillian-junit-core/1.7.1.Final/arquillian-junit-core-1.7.1.Final.pom
Legacy Store IT (mssql)	Run base tests	2023-11-30T11:28:53.3637285Z -- [INFO] Downloaded from central: https://repo.maven.apache.org/maven2/org/jboss/arquillian/junit/arquillian-junit-core/1.7.1.Final/arquillian-junit-core-1.7.1.Final.pom (2.8 kB at 460 kB/s)
Legacy Store IT (mssql)	Run base tests	2023-11-30T11:28:53.3928593Z -- [INFO] Downloading from central: https://repo.maven.apache.org/maven2/org/jboss/arquillian/core/arquillian-core-impl-base/1.7.1.Final/arquillian-core-impl-base-1.7.1.Final.pom
Legacy Store IT (mssql)	Run base tests	2023-11-30T11:28:53.3970633Z -- [INFO] Downloaded from central: https://repo.maven.apache.org/maven2/org/jboss/arquillian/core/arquillian-core-impl-base/1.7.1.Final/arquillian-core-impl-base-1.7.1.Final.pom (1.6 kB at 321 kB/s)
Legacy Store IT (mssql)	Run base tests	2023-11-30T11:28:53.3999642Z -- [INFO] Downloading from central: https://repo.maven.apache.org/maven2/org/jboss/arquillian/test/arquillian-test-impl-base/1.7.1.Final/arquillian-test-impl-base-1.7.1.Final.pom
Legacy Store IT (mssql)	Run base tests	2023-11-30T11:28:53.4040741Z -- [INFO] Downloaded from central: https://repo.maven.apache.org/maven2/org/jboss/arquillian/test/arquillian-test-impl-base/1.7.1.Final/arquillian-test-impl-base-1.7.1.Final.pom (2.1 kB at 518 kB/s)
Legacy Store IT (mssql)	Run base tests	2023-11-30T11:28:53.4065089Z -- [INFO] Downloading from central: https://repo.maven.apache.org/maven2/org/jboss/arquillian/container/arquillian-container-impl-base/1.7.1.Final/arquillian-container-impl-base-1.7.1.Final.pom
Legacy Store IT (mssql)	Run base tests	2023-11-30T11:28:53.4281732Z -- [INFO] Downloaded from central: https://repo.maven.apache.org/maven2/org/jboss/arquillian/container/arquillian-container-impl-base/1.7.1.Final/arquillian-container-impl-base-1.7.1.Final.pom (3.5 kB at 167 kB/s)
Legacy Store IT (mssql)	Run base tests	2023-11-30T11:28:53.4766194Z -- [INFO] Artifact org.jboss.shrinkwrap:shrinkwrap-bom:pom:1.2.3 is present in the local repository, but cached from a remote repository ID that is unavailable in current build context, verifying that is downloadable from [sonatype-snapshots (https://s01.oss.sonatype.org/content/repositories/snapshots/, default, snapshots), central (https://repo.maven.apache.org/maven2, default, releases)]
Legacy Store IT (mssql)	Run base tests	2023-11-30T11:28:53.4773849Z -- [INFO] Artifact org.jboss.shrinkwrap:shrinkwrap-bom:pom:1.2.3 is present in the local repository, but cached from a remote repository ID that is unavailable in current build context, verifying that is downloadable from [sonatype-snapshots (https://s01.oss.sonatype.org/content/repositories/snapshots/, default, snapshots), central (https://repo.maven.apache.org/maven2, default, releases)]
Legacy Store IT (mssql)	Run base tests	2023-11-30T11:28:53.4779056Z -- [INFO] Downloading from central: https://repo.maven.apache.org/maven2/org/jboss/shrinkwrap/shrinkwrap-bom/1.2.3/shrinkwrap-bom-1.2.3.pom
Legacy Store IT (mssql)	Run base tests	2023-11-30T11:28:53.4798737Z -- [INFO] Downloaded from central: https://repo.maven.apache.org/maven2/org/jboss/shrinkwrap/shrinkwrap-bom/1.2.3/shrinkwrap-bom-1.2.3.pom (0 B at 0 B/s)
Legacy Store IT (mssql)	Run base tests	2023-11-30T11:28:54.1005972Z -- [INFO] Downloading from central: https://repo.maven.apache.org/maven2/org/jboss/arquillian/testenricher/arquillian-testenricher-initialcontext/1.7.1.Final/arquillian-testenricher-initialcontext-1.7.1.Final.jar
Legacy Store IT (mssql)	Run base tests	2023-11-30T11:28:54.1099800Z -- [INFO] Downloaded from central: https://repo.maven.apache.org/maven2/org/jboss/arquillian/testenricher/arquillian-testenricher-initialcontext/1.7.1.Final/arquillian-testenricher-initialcontext-1.7.1.Final.jar (7.0 kB at 876 kB/s)
Legacy Store IT (mssql)	Run base tests	2023-11-30T11:28:54.1126241Z -- [INFO] Downloading from central: https://repo.maven.apache.org/maven2/org/jboss/arquillian/protocol/arquillian-protocol-jmx/1.7.1.Final/arquillian-protocol-jmx-1.7.1.Final.jar
Legacy Store IT (mssql)	Run base tests	2023-11-30T11:28:54.1138900Z -- [INFO] Downloading from central: https://repo.maven.apache.org/maven2/org/jboss/arquillian/testenricher/arquillian-testenricher-cdi/1.7.1.Final/arquillian-testenricher-cdi-1.7.1.Final.jar
Legacy Store IT (mssql)	Run base tests	2023-11-30T11:28:54.1155151Z -- [INFO] Downloading from central: https://repo.maven.apache.org/maven2/org/jboss/arquillian/testenricher/arquillian-testenricher-ejb/1.7.1.Final/arquillian-testenricher-ejb-1.7.1.Final.jar
Legacy Store IT (mssql)	Run base tests	2023-11-30T11:28:54.1239745Z -- [INFO] Downloaded from central: https://repo.maven.apache.org/maven2/org/jboss/arquillian/protocol/arquillian-protocol-jmx/1.7.1.Final/arquillian-protocol-jmx-1.7.1.Final.jar (20 kB at 1.5 MB/s)
Legacy Store IT (mssql)	Run base tests	2023-11-30T11:28:54.1243016Z -- [INFO] Downloading from central: https://repo.maven.apache.org/maven2/org/jboss/arquillian/junit/arquillian-junit-container/1.7.1.Final/arquillian-junit-container-1.7.1.Final.jar
Legacy Store IT (mssql)	Run base tests	2023-11-30T11:28:54.1265905Z -- [INFO] Downloading from central: https://repo.maven.apache.org/maven2/org/jboss/arquillian/testenricher/arquillian-testenricher-resource/1.7.1.Final/arquillian-testenricher-resource-1.7.1.Final.jar
Legacy Store IT (mssql)	Run base tests	2023-11-30T11:28:54.1275994Z -- [INFO] Downloading from central: https://repo.maven.apache.org/maven2/org/jboss/arquillian/core/arquillian-core-api/1.7.1.Final/arquillian-core-api-1.7.1.Final.jar
Legacy Store IT (mssql)	Run base tests	2023-11-30T11:28:54.1385726Z -- [INFO] Downloaded from central: https://repo.maven.apache.org/maven2/org/jboss/arquillian/testenricher/arquillian-testenricher-ejb/1.7.1.Final/arquillian-testenricher-ejb-1.7.1.Final.jar (21 kB at 843 kB/s)
Legacy Store IT (mssql)	Run base tests	2023-11-30T11:28:54.1389799Z -- [INFO] Downloading from central: https://repo.maven.apache.org/maven2/org/jboss/arquillian/junit/arquillian-junit-core/1.7.1.Final/arquillian-junit-core-1.7.1.Final.jar
Legacy Store IT (mssql)	Run base tests	2023-11-30T11:28:54.1457537Z -- [INFO] Downloaded from central: https://repo.maven.apache.org/maven2/org/jboss/arquillian/testenricher/arquillian-testenricher-cdi/1.7.1.Final/arquillian-testenricher-cdi-1.7.1.Final.jar (28 kB at 882 kB/s)
Legacy Store IT (mssql)	Run base tests	2023-11-30T11:28:54.1462306Z -- [INFO] Downloaded from central: https://repo.maven.apache.org/maven2/org/jboss/arquillian/testenricher/arquillian-testenricher-resource/1.7.1.Final/arquillian-testenricher-resource-1.7.1.Final.jar (20 kB at 657 kB/s)
Legacy Store IT (mssql)	Run base tests	2023-11-30T11:28:54.1466356Z -- [INFO] Downloading from central: https://repo.maven.apache.org/maven2/org/jboss/arquillian/test/arquillian-test-spi/1.7.1.Final/arquillian-test-spi-1.7.1.Final.jar
Legacy Store IT (mssql)	Run base tests	2023-11-30T11:28:54.1469880Z -- [INFO] Downloading from central: https://repo.maven.apache.org/maven2/org/jboss/arquillian/test/arquillian-test-api/1.7.1.Final/arquillian-test-api-1.7.1.Final.jar
Legacy Store IT (mssql)	Run base tests	2023-11-30T11:28:54.1473639Z -- [INFO] Downloaded from central: https://repo.maven.apache.org/maven2/org/jboss/arquillian/junit/arquillian-junit-container/1.7.1.Final/arquillian-junit-container-1.7.1.Final.jar (9.8 kB at 327 kB/s)
Legacy Store IT (mssql)	Run base tests	2023-11-30T11:28:54.1477350Z -- [INFO] Downloading from central: https://repo.maven.apache.org/maven2/org/jboss/arquillian/core/arquillian-core-spi/1.7.1.Final/arquillian-core-spi-1.7.1.Final.jar
Legacy Store IT (mssql)	Run base tests	2023-11-30T11:28:54.1582580Z -- [INFO] Downloaded from central: https://repo.maven.apache.org/maven2/org/jboss/arquillian/core/arquillian-core-api/1.7.1.Final/arquillian-core-api-1.7.1.Final.jar (9.9 kB at 275 kB/s)
Legacy Store IT (mssql)	Run base tests	2023-11-30T11:28:54.1590110Z -- [INFO] Downloaded from central: https://repo.maven.apache.org/maven2/org/jboss/arquillian/core/arquillian-core-spi/1.7.1.Final/arquillian-core-spi-1.7.1.Final.jar (28 kB at 682 kB/s)
Legacy Store IT (mssql)	Run base tests	2023-11-30T11:28:54.1593915Z -- [INFO] Downloading from central: https://repo.maven.apache.org/maven2/org/jboss/arquillian/container/arquillian-container-test-spi/1.7.1.Final/arquillian-container-test-spi-1.7.1.Final.jar
Legacy Store IT (mssql)	Run base tests	2023-11-30T11:28:54.1646590Z -- [INFO] Downloaded from central: https://repo.maven.apache.org/maven2/org/jboss/arquillian/test/arquillian-test-api/1.7.1.Final/arquillian-test-api-1.7.1.Final.jar (3.9 kB at 95 kB/s)
Legacy Store IT (mssql)	Run base tests	2023-11-30T11:28:54.1650583Z -- [INFO] Downloaded from central: https://repo.maven.apache.org/maven2/org/jboss/arquillian/junit/arquillian-junit-core/1.7.1.Final/arquillian-junit-core-1.7.1.Final.jar (56 kB at 1.4 MB/s)
Legacy Store IT (mssql)	Run base tests	2023-11-30T11:28:54.1654400Z -- [INFO] Downloading from central: https://repo.maven.apache.org/maven2/org/jboss/arquillian/core/arquillian-core-impl-base/1.7.1.Final/arquillian-core-impl-base-1.7.1.Final.jar
Legacy Store IT (mssql)	Run base tests	2023-11-30T11:28:54.1658405Z -- [INFO] Downloading from central: https://repo.maven.apache.org/maven2/org/jboss/arquillian/test/arquillian-test-impl-base/1.7.1.Final/arquillian-test-impl-base-1.7.1.Final.jar
Legacy Store IT (mssql)	Run base tests	2023-11-30T11:28:54.1662253Z -- [INFO] Downloaded from central: https://repo.maven.apache.org/maven2/org/jboss/arquillian/test/arquillian-test-spi/1.7.1.Final/arquillian-test-spi-1.7.1.Final.jar (45 kB at 1.0 MB/s)
Legacy Store IT (mssql)	Run base tests	2023-11-30T11:28:54.1666312Z -- [INFO] Downloading from central: https://repo.maven.apache.org/maven2/org/jboss/arquillian/container/arquillian-container-test-api/1.7.1.Final/arquillian-container-test-api-1.7.1.Final.jar
Legacy Store IT (mssql)	Run base tests	2023-11-30T11:28:54.1670166Z -- [INFO] Downloading from central: https://repo.maven.apache.org/maven2/org/jboss/arquillian/container/arquillian-container-impl-base/1.7.1.Final/arquillian-container-impl-base-1.7.1.Final.jar
Legacy Store IT (mssql)	Run base tests	2023-11-30T11:28:54.1723360Z -- [INFO] Downloaded from central: https://repo.maven.apache.org/maven2/org/jboss/arquillian/container/arquillian-container-test-api/1.7.1.Final/arquillian-container-test-api-1.7.1.Final.jar (16 kB at 290 kB/s)
Legacy Store IT (mssql)	Run base tests	2023-11-30T11:28:54.1735136Z -- [INFO] Downloading from central: https://repo.maven.apache.org/maven2/org/jboss/arquillian/config/arquillian-config-api/1.7.1.Final/arquillian-config-api-1.7.1.Final.jar
Legacy Store IT (mssql)	Run base tests	2023-11-30T11:28:54.1800831Z -- [INFO] Downloaded from central: https://repo.maven.apache.org/maven2/org/jboss/arquillian/config/arquillian-config-api/1.7.1.Final/arquillian-config-api-1.7.1.Final.jar (7.3 kB at 116 kB/s)
Legacy Store IT (mssql)	Run base tests	2023-11-30T11:28:54.1810712Z -- [INFO] Downloading from central: https://repo.maven.apache.org/maven2/org/jboss/arquillian/config/arquillian-config-impl-base/1.7.1.Final/arquillian-config-impl-base-1.7.1.Final.jar
Legacy Store IT (mssql)	Run base tests	2023-11-30T11:28:54.1887708Z -- [INFO] Downloaded from central: https://repo.maven.apache.org/maven2/org/jboss/arquillian/container/arquillian-container-test-spi/1.7.1.Final/arquillian-container-test-spi-1.7.1.Final.jar (27 kB at 376 kB/s)
Legacy Store IT (mssql)	Run base tests	2023-11-30T11:28:54.1894791Z -- [INFO] Downloading from central: https://repo.maven.apache.org/maven2/org/jboss/arquillian/config/arquillian-config-spi/1.7.1.Final/arquillian-config-spi-1.7.1.Final.jar
Legacy Store IT (mssql)	Run base tests	2023-11-30T11:28:54.1900743Z -- [INFO] Downloaded from central: https://repo.maven.apache.org/maven2/org/jboss/arquillian/test/arquillian-test-impl-base/1.7.1.Final/arquillian-test-impl-base-1.7.1.Final.jar (30 kB at 463 kB/s)
Legacy Store IT (mssql)	Run base tests	2023-11-30T11:28:54.1908945Z -- [INFO] Downloaded from central: https://repo.maven.apache.org/maven2/org/jboss/arquillian/core/arquillian-core-impl-base/1.7.1.Final/arquillian-core-impl-base-1.7.1.Final.jar (67 kB at 1.1 MB/s)
Legacy Store IT (mssql)	Run base tests	2023-11-30T11:28:54.1912664Z -- [INFO] Downloading from central: https://repo.maven.apache.org/maven2/org/jboss/arquillian/container/arquillian-container-test-impl-base/1.7.1.Final/arquillian-container-test-impl-base-1.7.1.Final.jar
Legacy Store IT (mssql)	Run base tests	2023-11-30T11:28:54.1916316Z -- [INFO] Downloading from central: https://repo.maven.apache.org/maven2/org/jboss/arquillian/protocol/arquillian-protocol-servlet/1.7.1.Final/arquillian-protocol-servlet-1.7.1.Final.jar
Legacy Store IT (mssql)	Run base tests	2023-11-30T11:28:54.2018016Z -- [INFO] Downloaded from central: https://repo.maven.apache.org/maven2/org/jboss/arquillian/config/arquillian-config-spi/1.7.1.Final/arquillian-config-spi-1.7.1.Final.jar (3.6 kB at 46 kB/s)
Legacy Store IT (mssql)	Run base tests	2023-11-30T11:28:54.2021820Z -- [INFO] Downloading from central: https://repo.maven.apache.org/maven2/org/jboss/arquillian/container/arquillian-container-spi/1.7.1.Final/arquillian-container-spi-1.7.1.Final.jar
Legacy Store IT (mssql)	Run base tests	2023-11-30T11:28:54.2026189Z -- [INFO] Downloaded from central: https://repo.maven.apache.org/maven2/org/jboss/arquillian/container/arquillian-container-impl-base/1.7.1.Final/arquillian-container-impl-base-1.7.1.Final.jar (82 kB at 990 kB/s)
Legacy Store IT (mssql)	Run base tests	2023-11-30T11:28:54.2061665Z -- [INFO] Downloaded from central: https://repo.maven.apache.org/maven2/org/jboss/arquillian/protocol/arquillian-protocol-servlet/1.7.1.Final/arquillian-protocol-servlet-1.7.1.Final.jar (62 kB at 699 kB/s)
Legacy Store IT (mssql)	Run base tests	2023-11-30T11:28:54.2114943Z -- [INFO] Downloaded from central: https://repo.maven.apache.org/maven2/org/jboss/arquillian/config/arquillian-config-impl-base/1.7.1.Final/arquillian-config-impl-base-1.7.1.Final.jar (45 kB at 487 kB/s)
Legacy Store IT (mssql)	Run base tests	2023-11-30T11:28:54.2161068Z -- [INFO] Downloaded from central: https://repo.maven.apache.org/maven2/org/jboss/arquillian/container/arquillian-container-test-impl-base/1.7.1.Final/arquillian-container-test-impl-base-1.7.1.Final.jar (120 kB at 1.2 MB/s)
Legacy Store IT (mssql)	Run base tests	2023-11-30T11:28:54.2202672Z -- [INFO] Downloaded from central: https://repo.maven.apache.org/maven2/org/jboss/arquillian/container/arquillian-container-spi/1.7.1.Final/arquillian-container-spi-1.7.1.Final.jar (53 kB at 516 kB/s)
Legacy Store IT (mssql)	Run base tests	2023-11-30T11:28:54.2582595Z -- [INFO] 
Legacy Store IT (mssql)	Run base tests	2023-11-30T11:28:54.2584975Z -- [INFO] --- enforcer:3.0.0-M3:enforce (enforce-java-version) @ integration-arquillian-tests-base ---
Legacy Store IT (mssql)	Run base tests	2023-11-30T11:28:54.3594314Z -- [INFO] 
Legacy Store IT (mssql)	Run base tests	2023-11-30T11:28:54.3595932Z -- [INFO] --- enforcer:3.0.0-M3:enforce (enforce-maven-version) @ integration-arquillian-tests-base ---
Legacy Store IT (mssql)	Run base tests	2023-11-30T11:28:54.3607270Z -- [INFO] 
Legacy Store IT (mssql)	Run base tests	2023-11-30T11:28:54.3608535Z -- [INFO] --- enforcer:3.0.0-M3:enforce (enforce-maven) @ integration-arquillian-tests-base ---
Legacy Store IT (mssql)	Run base tests	2023-11-30T11:28:54.3617176Z -- [INFO] 
Legacy Store IT (mssql)	Run base tests	2023-11-30T11:28:54.3618337Z -- [INFO] --- buildnumber:1.4:create (get-scm-revision) @ integration-arquillian-tests-base ---
Legacy Store IT (mssql)	Run base tests	2023-11-30T11:28:54.5205839Z -- [INFO] Executing: /bin/sh -c cd '/home/runner/work/keycloak/keycloak/testsuite/integration-arquillian/tests/base' && 'git' 'rev-parse' '--verify' 'HEAD'
Legacy Store IT (mssql)	Run base tests	2023-11-30T11:28:54.5208614Z -- [INFO] Working directory: /home/runner/work/keycloak/keycloak/testsuite/integration-arquillian/tests/base
Legacy Store IT (mssql)	Run base tests	2023-11-30T11:28:54.5411558Z -- [INFO] Storing buildNumber: e793d90fa2e7e0214f3e93491c9641f87977481d at timestamp: 1701343734500
Legacy Store IT (mssql)	Run base tests	2023-11-30T11:28:54.5486540Z -- [WARNING] Cannot get the branch information from the git repository: 
Legacy Store IT (mssql)	Run base tests	2023-11-30T11:28:54.5488134Z -- Detecting the current branch failed: fatal: ref HEAD is not a symbolic ref
Legacy Store IT (mssql)	Run base tests	2023-11-30T11:28:54.5489297Z -- 
Legacy Store IT (mssql)	Run base tests	2023-11-30T11:28:54.5491273Z -- [INFO] Executing: /bin/sh -c cd '/home/runner/work/keycloak/keycloak/testsuite/integration-arquillian/tests/base' && 'git' 'rev-parse' '--verify' 'HEAD'
Legacy Store IT (mssql)	Run base tests	2023-11-30T11:28:54.5493885Z -- [INFO] Working directory: /home/runner/work/keycloak/keycloak/testsuite/integration-arquillian/tests/base
Legacy Store IT (mssql)	Run base tests	2023-11-30T11:28:54.5543056Z -- [INFO] Storing buildScmBranch: UNKNOWN
Legacy Store IT (mssql)	Run base tests	2023-11-30T11:28:54.5544249Z -- [INFO] 
Legacy Store IT (mssql)	Run base tests	2023-11-30T11:28:54.5545694Z -- [INFO] --- directory:0.3.1:directory-of (keycloak-parent-basedir) @ integration-arquillian-tests-base ---
Legacy Store IT (mssql)	Run base tests	2023-11-30T11:28:54.5886002Z -- [INFO] Directory of org.keycloak:keycloak-parent set to: /home/runner/work/keycloak/keycloak
Legacy Store IT (mssql)	Run base tests	2023-11-30T11:28:54.5887474Z -- [INFO] 
Legacy Store IT (mssql)	Run base tests	2023-11-30T11:28:54.5888855Z -- [INFO] --- resources:3.0.1:copy-resources (copy-truststore) @ integration-arquillian-tests-base ---
Legacy Store IT (mssql)	Run base tests	2023-11-30T11:28:54.6377275Z -- [INFO] Using 'UTF-8' encoding to copy filtered resources.
Legacy Store IT (mssql)	Run base tests	2023-11-30T11:28:54.6499608Z -- [INFO] Copying 3 resources
Legacy Store IT (mssql)	Run base tests	2023-11-30T11:28:54.6556825Z -- [INFO] 
Legacy Store IT (mssql)	Run base tests	2023-11-30T11:28:54.6558342Z -- [INFO] --- resources:3.0.1:copy-resources (copy-common-dependencies) @ integration-arquillian-tests-base ---
Legacy Store IT (mssql)	Run base tests	2023-11-30T11:28:54.6578295Z -- [INFO] Using 'UTF-8' encoding to copy filtered resources.
Legacy Store IT (mssql)	Run base tests	2023-11-30T11:28:54.6680937Z -- [INFO] Copying 12 resources
Legacy Store IT (mssql)	Run base tests	2023-11-30T11:28:54.6714015Z -- [INFO] 
Legacy Store IT (mssql)	Run base tests	2023-11-30T11:28:54.6715328Z -- [INFO] --- resources:3.0.1:resources (default-resources) @ integration-arquillian-tests-base ---
Legacy Store IT (mssql)	Run base tests	2023-11-30T11:28:54.6732328Z -- [INFO] Using 'UTF-8' encoding to copy filtered resources.
Legacy Store IT (mssql)	Run base tests	2023-11-30T11:28:54.6736497Z -- [INFO] Copying 2 resources
Legacy Store IT (mssql)	Run base tests	2023-11-30T11:28:54.6755879Z -- [INFO] 
Legacy Store IT (mssql)	Run base tests	2023-11-30T11:28:54.6758124Z -- [INFO] --- resources:3.0.1:copy-resources (copy-admin-user-json-file) @ integration-arquillian-tests-base ---
Legacy Store IT (mssql)	Run base tests	2023-11-30T11:28:54.6772370Z -- [INFO] Using 'UTF-8' encoding to copy filtered resources.
Legacy Store IT (mssql)	Run base tests	2023-11-30T11:28:54.6835964Z -- [INFO] Copying 1 resource
Legacy Store IT (mssql)	Run base tests	2023-11-30T11:28:54.6880382Z -- [INFO] 
Legacy Store IT (mssql)	Run base tests	2023-11-30T11:28:54.6891969Z -- [INFO] --- xml:1.0.1:transform (arquillian-default-protocol) @ integration-arquillian-tests-base ---
Legacy Store IT (mssql)	Run base tests	2023-11-30T11:28:55.3130478Z -- [INFO] Transforming file: /home/runner/work/keycloak/keycloak/testsuite/integration-arquillian/tests/base/src/test/resources/arquillian.xml
Legacy Store IT (mssql)	Run base tests	2023-11-30T11:28:55.4537934Z -- [INFO] Transformed 1 file(s).
Legacy Store IT (mssql)	Run base tests	2023-11-30T11:28:55.4541806Z -- [INFO] 
Legacy Store IT (mssql)	Run base tests	2023-11-30T11:28:55.4543218Z -- [INFO] --- compiler:3.8.1:compile (default-compile) @ integration-arquillian-tests-base ---
Legacy Store IT (mssql)	Run base tests	2023-11-30T11:28:55.5738353Z -- [INFO] Changes detected - recompiling the module!
Legacy Store IT (mssql)	Run base tests	2023-11-30T11:28:55.5761811Z -- [INFO] Compiling 381 source files to /home/runner/work/keycloak/keycloak/testsuite/integration-arquillian/tests/base/target/classes
Legacy Store IT (mssql)	Run base tests	2023-11-30T11:29:00.3553899Z -- [WARNING] /home/runner/work/keycloak/keycloak/testsuite/integration-arquillian/tests/base/src/main/java/org/keycloak/testsuite/updaters/ServerResourceUpdater.java:[89,20] unchecked cast
Legacy Store IT (mssql)	Run base tests	2023-11-30T11:29:00.3556029Z --   required: T
Legacy Store IT (mssql)	Run base tests	2023-11-30T11:29:00.3558305Z --   found:    org.keycloak.testsuite.updaters.ServerResourceUpdater<T,Res,Rep>
Legacy Store IT (mssql)	Run base tests	2023-11-30T11:29:00.3561332Z -- [WARNING] /home/runner/work/keycloak/keycloak/testsuite/integration-arquillian/tests/base/src/main/java/org/keycloak/testsuite/updaters/ServerResourceUpdater.java:[103,20] unchecked cast
Legacy Store IT (mssql)	Run base tests	2023-11-30T11:29:00.3564039Z --   required: T
Legacy Store IT (mssql)	Run base tests	2023-11-30T11:29:00.3572040Z --   found:    org.keycloak.testsuite.updaters.ServerResourceUpdater<T,Res,Rep>
Legacy Store IT (mssql)	Run base tests	2023-11-30T11:29:00.3575093Z -- [WARNING] /home/runner/work/keycloak/keycloak/testsuite/integration-arquillian/tests/base/src/main/java/org/keycloak/testsuite/updaters/ServerResourceUpdater.java:[140,52] unchecked conversion
Legacy Store IT (mssql)	Run base tests	2023-11-30T11:29:00.3578222Z --   required: java.util.Set<V>
Legacy Store IT (mssql)	Run base tests	2023-11-30T11:29:00.3580357Z --   found:    java.util.Set
Legacy Store IT (mssql)	Run base tests	2023-11-30T11:29:00.3583008Z -- [WARNING] /home/runner/work/keycloak/keycloak/testsuite/integration-arquillian/tests/base/src/main/java/org/keycloak/testsuite/updaters/ServerResourceUpdater.java:[141,51] unchecked conversion
Legacy Store IT (mssql)	Run base tests	2023-11-30T11:29:00.3616467Z --   required: java.util.Set<V>
Legacy Store IT (mssql)	Run base tests	2023-11-30T11:29:00.3846912Z --   found:    java.util.Set
Legacy Store IT (mssql)	Run base tests	2023-11-30T11:29:00.3850290Z -- [WARNING] /home/runner/work/keycloak/keycloak/testsuite/integration-arquillian/tests/base/src/main/java/org/keycloak/testsuite/page/AbstractPatternFlyAlert.java:[69,84] unchecked method invocation: method until in class org.openqa.selenium.support.ui.FluentWait is applied to given types
Legacy Store IT (mssql)	Run base tests	2023-11-30T11:29:00.3853498Z --   required: java.util.function.Function<? super T,V>
Legacy Store IT (mssql)	Run base tests	2023-11-30T11:29:00.3854574Z --   found:    org.openqa.selenium.support.ui.ExpectedCondition
Legacy Store IT (mssql)	Run base tests	2023-11-30T11:29:00.3857440Z -- [WARNING] /home/runner/work/keycloak/keycloak/testsuite/integration-arquillian/tests/base/src/main/java/org/keycloak/testsuite/page/AbstractPatternFlyAlert.java:[69,85] unchecked conversion
Legacy Store IT (mssql)	Run base tests	2023-11-30T11:29:00.3859899Z --   required: java.util.function.Function<? super T,V>
Legacy Store IT (mssql)	Run base tests	2023-11-30T11:29:00.3860967Z --   found:    org.openqa.selenium.support.ui.ExpectedCondition
Legacy Store IT (mssql)	Run base tests	2023-11-30T11:29:00.3864572Z -- [WARNING] /home/runner/work/keycloak/keycloak/testsuite/integration-arquillian/tests/base/src/main/java/org/keycloak/testsuite/arquillian/ModelTestExecutor.java:[53,33] TestResult() in org.jboss.arquillian.test.spi.TestResult has been deprecated
Legacy Store IT (mssql)	Run base tests	2023-11-30T11:29:00.3870047Z -- [WARNING] /home/runner/work/keycloak/keycloak/testsuite/integration-arquillian/tests/base/src/main/java/org/keycloak/testsuite/arquillian/ModelTestExecutor.java:[64,27] setStatus(org.jboss.arquillian.test.spi.TestResult.Status) in org.jboss.arquillian.test.spi.TestResult has been deprecated
Legacy Store IT (mssql)	Run base tests	2023-11-30T11:29:00.3875898Z -- [WARNING] /home/runner/work/keycloak/keycloak/testsuite/integration-arquillian/tests/base/src/main/java/org/keycloak/testsuite/arquillian/ModelTestExecutor.java:[66,27] setStatus(org.jboss.arquillian.test.spi.TestResult.Status) in org.jboss.arquillian.test.spi.TestResult has been deprecated
Legacy Store IT (mssql)	Run base tests	2023-11-30T11:29:00.3881266Z -- [WARNING] /home/runner/work/keycloak/keycloak/testsuite/integration-arquillian/tests/base/src/main/java/org/keycloak/testsuite/arquillian/ModelTestExecutor.java:[76,109] unchecked cast
Legacy Store IT (mssql)	Run base tests	2023-11-30T11:29:00.3884067Z --   required: org.jboss.arquillian.core.api.InstanceProducer<org.jboss.arquillian.test.spi.TestResult>
Legacy Store IT (mssql)	Run base tests	2023-11-30T11:29:00.3885325Z --   found:    java.lang.Object
Legacy Store IT (mssql)	Run base tests	2023-11-30T11:29:00.3887633Z -- [WARNING] /home/runner/work/keycloak/keycloak/testsuite/integration-arquillian/tests/base/src/main/java/org/keycloak/testsuite/util/javascript/XMLHttpRequest.java:[75,67] unchecked cast
Legacy Store IT (mssql)	Run base tests	2023-11-30T11:29:00.3890045Z --   required: java.util.Map<java.lang.String,java.lang.Object>
Legacy Store IT (mssql)	Run base tests	2023-11-30T11:29:00.3890877Z --   found:    java.lang.Object
Legacy Store IT (mssql)	Run base tests	2023-11-30T11:29:00.3894055Z -- [WARNING] /home/runner/work/keycloak/keycloak/testsuite/integration-arquillian/tests/base/src/main/java/org/keycloak/testsuite/updaters/Creator.java:[63,16] unchecked call to Creator(java.lang.String,T,java.lang.Runnable) as a member of the raw type org.keycloak.testsuite.updaters.Creator
Legacy Store IT (mssql)	Run base tests	2023-11-30T11:29:00.3898953Z -- [WARNING] /home/runner/work/keycloak/keycloak/testsuite/integration-arquillian/tests/base/src/main/java/org/keycloak/testsuite/updaters/Creator.java:[63,16] unchecked conversion
Legacy Store IT (mssql)	Run base tests	2023-11-30T11:29:00.3901739Z --   required: org.keycloak.testsuite.updaters.Creator<org.keycloak.admin.client.resource.RealmResource>
Legacy Store IT (mssql)	Run base tests	2023-11-30T11:29:00.3903215Z --   found:    org.keycloak.testsuite.updaters.Creator
Legacy Store IT (mssql)	Run base tests	2023-11-30T11:29:00.3906922Z -- [WARNING] /home/runner/work/keycloak/keycloak/testsuite/integration-arquillian/tests/base/src/main/java/org/keycloak/testsuite/updaters/Creator.java:[72,20] unchecked call to Creator(java.lang.String,T,java.lang.Runnable) as a member of the raw type org.keycloak.testsuite.updaters.Creator
Legacy Store IT (mssql)	Run base tests	2023-11-30T11:29:00.3911811Z -- [WARNING] /home/runner/work/keycloak/keycloak/testsuite/integration-arquillian/tests/base/src/main/java/org/keycloak/testsuite/updaters/Creator.java:[72,20] unchecked conversion
Legacy Store IT (mssql)	Run base tests	2023-11-30T11:29:00.3914519Z --   required: org.keycloak.testsuite.updaters.Creator<org.keycloak.admin.client.resource.GroupResource>
Legacy Store IT (mssql)	Run base tests	2023-11-30T11:29:00.3915927Z --   found:    org.keycloak.testsuite.updaters.Creator
Legacy Store IT (mssql)	Run base tests	2023-11-30T11:29:00.3918999Z -- [WARNING] /home/runner/work/keycloak/keycloak/testsuite/integration-arquillian/tests/base/src/main/java/org/keycloak/testsuite/updaters/Creator.java:[82,20] unchecked call to Creator(java.lang.String,T,java.lang.Runnable) as a member of the raw type org.keycloak.testsuite.updaters.Creator
Legacy Store IT (mssql)	Run base tests	2023-11-30T11:29:00.3923274Z -- [WARNING] /home/runner/work/keycloak/keycloak/testsuite/integration-arquillian/tests/base/src/main/java/org/keycloak/testsuite/updaters/Creator.java:[82,20] unchecked conversion
Legacy Store IT (mssql)	Run base tests	2023-11-30T11:29:00.3925809Z --   required: org.keycloak.testsuite.updaters.Creator<org.keycloak.admin.client.resource.ClientResource>
Legacy Store IT (mssql)	Run base tests	2023-11-30T11:29:00.3927137Z --   found:    org.keycloak.testsuite.updaters.Creator
Legacy Store IT (mssql)	Run base tests	2023-11-30T11:29:00.3930272Z -- [WARNING] /home/runner/work/keycloak/keycloak/testsuite/integration-arquillian/tests/base/src/main/java/org/keycloak/testsuite/updaters/Creator.java:[92,20] unchecked call to Creator(java.lang.String,T,java.lang.Runnable) as a member of the raw type org.keycloak.testsuite.updaters.Creator
Legacy Store IT (mssql)	Run base tests	2023-11-30T11:29:00.3934630Z -- [WARNING] /home/runner/work/keycloak/keycloak/testsuite/integration-arquillian/tests/base/src/main/java/org/keycloak/testsuite/updaters/Creator.java:[92,20] unchecked conversion
Legacy Store IT (mssql)	Run base tests	2023-11-30T11:29:00.3937340Z --   required: org.keycloak.testsuite.updaters.Creator<org.keycloak.admin.client.resource.UserResource>
Legacy Store IT (mssql)	Run base tests	2023-11-30T11:29:00.3938714Z --   found:    org.keycloak.testsuite.updaters.Creator
Legacy Store IT (mssql)	Run base tests	2023-11-30T11:29:00.3942034Z -- [WARNING] /home/runner/work/keycloak/keycloak/testsuite/integration-arquillian/tests/base/src/main/java/org/keycloak/testsuite/updaters/Creator.java:[102,20] unchecked call to Creator(java.lang.String,T,java.lang.Runnable) as a member of the raw type org.keycloak.testsuite.updaters.Creator
Legacy Store IT (mssql)	Run base tests	2023-11-30T11:29:00.3946530Z -- [WARNING] /home/runner/work/keycloak/keycloak/testsuite/integration-arquillian/tests/base/src/main/java/org/keycloak/testsuite/updaters/Creator.java:[102,20] unchecked conversion
Legacy Store IT (mssql)	Run base tests	2023-11-30T11:29:00.3949295Z --   required: org.keycloak.testsuite.updaters.Creator<org.keycloak.admin.client.resource.ComponentResource>
Legacy Store IT (mssql)	Run base tests	2023-11-30T11:29:00.3950712Z --   found:    org.keycloak.testsuite.updaters.Creator
Legacy Store IT (mssql)	Run base tests	2023-11-30T11:29:00.3953991Z -- [WARNING] /home/runner/work/keycloak/keycloak/testsuite/integration-arquillian/tests/base/src/main/java/org/keycloak/testsuite/updaters/Creator.java:[122,20] unchecked call to Creator(java.lang.String,T,java.lang.Runnable) as a member of the raw type org.keycloak.testsuite.updaters.Creator
Legacy Store IT (mssql)	Run base tests	2023-11-30T11:29:00.3958355Z -- [WARNING] /home/runner/work/keycloak/keycloak/testsuite/integration-arquillian/tests/base/src/main/java/org/keycloak/testsuite/updaters/Creator.java:[122,20] unchecked conversion
Legacy Store IT (mssql)	Run base tests	2023-11-30T11:29:00.3960958Z --   required: org.keycloak.testsuite.updaters.Creator<org.keycloak.admin.client.resource.IdentityProviderResource>
Legacy Store IT (mssql)	Run base tests	2023-11-30T11:29:00.3962464Z --   found:    org.keycloak.testsuite.updaters.Creator
Legacy Store IT (mssql)	Run base tests	2023-11-30T11:29:00.3965800Z -- [WARNING] /home/runner/work/keycloak/keycloak/testsuite/integration-arquillian/tests/base/src/main/java/org/keycloak/testsuite/updaters/Creator.java:[134,20] unchecked call to Creator(java.lang.String,T,java.lang.Runnable) as a member of the raw type org.keycloak.testsuite.updaters.Creator
Legacy Store IT (mssql)	Run base tests	2023-11-30T11:29:00.3970274Z -- [WARNING] /home/runner/work/keycloak/keycloak/testsuite/integration-arquillian/tests/base/src/main/java/org/keycloak/testsuite/updaters/Creator.java:[134,20] unchecked conversion
Legacy Store IT (mssql)	Run base tests	2023-11-30T11:29:00.3973130Z --   required: org.keycloak.testsuite.updaters.Creator<org.keycloak.admin.client.resource.IdentityProviderResource>
Legacy Store IT (mssql)	Run base tests	2023-11-30T11:29:00.3974936Z --   found:    org.keycloak.testsuite.updaters.Creator
Legacy Store IT (mssql)	Run base tests	2023-11-30T11:29:00.3979125Z -- [WARNING] /home/runner/work/keycloak/keycloak/testsuite/integration-arquillian/tests/base/src/main/java/org/keycloak/testsuite/arquillian/containers/SecurityActions.java:[221,39] isAccessible() in java.lang.reflect.AccessibleObject has been deprecated
Legacy Store IT (mssql)	Run base tests	2023-11-30T11:29:00.3984190Z -- [WARNING] /home/runner/work/keycloak/keycloak/testsuite/integration-arquillian/tests/base/src/main/java/org/keycloak/testsuite/arquillian/containers/SecurityActions.java:[245,40] isAccessible() in java.lang.reflect.AccessibleObject has been deprecated
Legacy Store IT (mssql)	Run base tests	2023-11-30T11:29:00.3989371Z -- [WARNING] /home/runner/work/keycloak/keycloak/testsuite/integration-arquillian/tests/base/src/main/java/org/keycloak/testsuite/arquillian/CrossDCTestEnricher.java:[430,46] unchecked method invocation: method isAnnotationPresent in class java.lang.Class is applied to given types
Legacy Store IT (mssql)	Run base tests	2023-11-30T11:29:00.3992820Z --   required: java.lang.Class<? extends java.lang.annotation.Annotation>
Legacy Store IT (mssql)	Run base tests	2023-11-30T11:29:00.3993753Z --   found:    java.lang.Class
Legacy Store IT (mssql)	Run base tests	2023-11-30T11:29:00.3996106Z -- [WARNING] /home/runner/work/keycloak/keycloak/testsuite/integration-arquillian/tests/base/src/main/java/org/keycloak/testsuite/arquillian/CrossDCTestEnricher.java:[430,47] unchecked conversion
Legacy Store IT (mssql)	Run base tests	2023-11-30T11:29:00.3998903Z --   required: java.lang.Class<? extends java.lang.annotation.Annotation>
Legacy Store IT (mssql)	Run base tests	2023-11-30T11:29:00.3999833Z --   found:    java.lang.Class
Legacy Store IT (mssql)	Run base tests	2023-11-30T11:29:00.4002773Z -- [WARNING] /home/runner/work/keycloak/keycloak/testsuite/integration-arquillian/tests/base/src/main/java/org/keycloak/testsuite/arquillian/AuthServerTestEnricher.java:[320,33] WildcardFileFilter(java.lang.String) in org.apache.commons.io.filefilter.WildcardFileFilter has been deprecated
Legacy Store IT (mssql)	Run base tests	2023-11-30T11:29:00.4007449Z -- [WARNING] /home/runner/work/keycloak/keycloak/testsuite/integration-arquillian/tests/base/src/main/java/org/keycloak/testsuite/util/matchers/SamlStatusResponseTypeMatcher.java:[26,31] unchecked conversion
Legacy Store IT (mssql)	Run base tests	2023-11-30T11:29:00.4009843Z --   required: java.util.List<org.hamcrest.Matcher<java.net.URI>>
Legacy Store IT (mssql)	Run base tests	2023-11-30T11:29:00.4010693Z --   found:    java.util.ArrayList
Legacy Store IT (mssql)	Run base tests	2023-11-30T11:29:00.4013712Z -- [WARNING] /home/runner/work/keycloak/keycloak/testsuite/integration-arquillian/tests/base/src/main/java/org/keycloak/testsuite/arquillian/KeycloakArquillianExtension.java:[69,61] org.keycloak.testsuite.arquillian.DeploymentArchiveProcessor in org.keycloak.testsuite.arquillian has been deprecated
Legacy Store IT (mssql)	Run base tests	2023-11-30T11:29:00.4017001Z -- [INFO] 
Legacy Store IT (mssql)	Run base tests	2023-11-30T11:29:00.4017968Z -- [INFO] --- resources:3.0.1:copy-resources (example-realms) @ integration-arquillian-tests-base ---
Legacy Store IT (mssql)	Run base tests	2023-11-30T11:29:00.4019266Z -- [INFO] Using 'UTF-8' encoding to copy filtered resources.
Legacy Store IT (mssql)	Run base tests	2023-11-30T11:29:00.4020065Z -- [INFO] Copying 13 resources
Legacy Store IT (mssql)	Run base tests	2023-11-30T11:29:00.4134658Z -- [INFO] 
Legacy Store IT (mssql)	Run base tests	2023-11-30T11:29:00.4136514Z -- [INFO] --- dependency:3.1.2:unpack (unpack-undertow-server) @ integration-arquillian-tests-base ---
Legacy Store IT (mssql)	Run base tests	2023-11-30T11:29:00.7310220Z -- [INFO] Skipping plugin execution
Legacy Store IT (mssql)	Run base tests	2023-11-30T11:29:00.7311362Z -- [INFO] 
Legacy Store IT (mssql)	Run base tests	2023-11-30T11:29:00.7312765Z -- [INFO] --- dependency:3.1.2:unpack (unpack-quarkus-server) @ integration-arquillian-tests-base ---
Legacy Store IT (mssql)	Run base tests	2023-11-30T11:29:00.7321389Z -- [INFO] Configured Artifact: org.keycloak.testsuite:integration-arquillian-servers-auth-server-quarkus:999.0.0-SNAPSHOT:zip
Legacy Store IT (mssql)	Run base tests	2023-11-30T11:29:00.7491147Z -- [INFO] Unpacking /home/runner/.m2/repository/org/keycloak/testsuite/integration-arquillian-servers-auth-server-quarkus/999.0.0-SNAPSHOT/integration-arquillian-servers-auth-server-quarkus-999.0.0-SNAPSHOT.zip to /home/runner/work/keycloak/keycloak/testsuite/integration-arquillian/tests/base/target/containers with includes "" and excludes ""
Legacy Store IT (mssql)	Run base tests	2023-11-30T11:29:02.5896440Z -- [INFO] 
Legacy Store IT (mssql)	Run base tests	2023-11-30T11:29:02.5897506Z -- [INFO] --- dependency:3.1.2:unpack (unpack-app-server) @ integration-arquillian-tests-base ---
Legacy Store IT (mssql)	Run base tests	2023-11-30T11:29:02.5909212Z -- [INFO] Configured Artifact: org.keycloak.testsuite:integration-arquillian-servers-app-server-wildfly:999.0.0-SNAPSHOT:zip
Legacy Store IT (mssql)	Run base tests	2023-11-30T11:29:02.5978078Z -- [INFO] Unpacking /home/runner/.m2/repository/org/keycloak/testsuite/integration-arquillian-servers-app-server-wildfly/999.0.0-SNAPSHOT/integration-arquillian-servers-app-server-wildfly-999.0.0-SNAPSHOT.zip to /home/runner/work/keycloak/keycloak/testsuite/integration-arquillian/tests/base/target/containers with includes "" and excludes ""
Legacy Store IT (mssql)	Run base tests	2023-11-30T11:29:05.5417952Z -- [INFO] 
Legacy Store IT (mssql)	Run base tests	2023-11-30T11:29:05.5419257Z -- [INFO] --- dependency:3.1.2:copy (example-wars) @ integration-arquillian-tests-base ---
Legacy Store IT (mssql)	Run base tests	2023-11-30T11:29:05.5441946Z -- [INFO] Configured Artifact: org.keycloak.testsuite:hello-world-authz-service:999.0.0-SNAPSHOT:war
Legacy Store IT (mssql)	Run base tests	2023-11-30T11:29:05.5531685Z -- [INFO] Configured Artifact: org.keycloak.testsuite:servlet-authz-app:999.0.0-SNAPSHOT:war
Legacy Store IT (mssql)	Run base tests	2023-11-30T11:29:05.5603522Z -- [INFO] Configured Artifact: org.keycloak.testsuite:servlet-policy-enforcer:999.0.0-SNAPSHOT:war
Legacy Store IT (mssql)	Run base tests	2023-11-30T11:29:05.5676582Z -- [INFO] Configured Artifact: org.keycloak.testsuite:integration-arquillian-test-apps-cors-angular-product:999.0.0-SNAPSHOT:war
Legacy Store IT (mssql)	Run base tests	2023-11-30T11:29:05.5750028Z -- [INFO] Configured Artifact: org.keycloak.testsuite:integration-arquillian-test-apps-cors-database-service:999.0.0-SNAPSHOT:war
Legacy Store IT (mssql)	Run base tests	2023-11-30T11:29:05.5833126Z -- [INFO] Copying hello-world-authz-service-999.0.0-SNAPSHOT.war to /home/runner/work/keycloak/keycloak/testsuite/integration-arquillian/tests/base/target/examples/hello-world-authz-service-999.0.0-SNAPSHOT.war
Legacy Store IT (mssql)	Run base tests	2023-11-30T11:29:05.5886322Z -- [INFO] Copying servlet-authz-app-999.0.0-SNAPSHOT.war to /home/runner/work/keycloak/keycloak/testsuite/integration-arquillian/tests/base/target/examples/servlet-authz-app-999.0.0-SNAPSHOT.war
Legacy Store IT (mssql)	Run base tests	2023-11-30T11:29:05.5890598Z -- [INFO] Copying servlet-policy-enforcer-999.0.0-SNAPSHOT.war to /home/runner/work/keycloak/keycloak/testsuite/integration-arquillian/tests/base/target/examples/servlet-policy-enforcer-999.0.0-SNAPSHOT.war
Legacy Store IT (mssql)	Run base tests	2023-11-30T11:29:05.5896370Z -- [INFO] Copying integration-arquillian-test-apps-cors-angular-product-999.0.0-SNAPSHOT.war to /home/runner/work/keycloak/keycloak/testsuite/integration-arquillian/tests/base/target/examples/integration-arquillian-test-apps-cors-angular-product-999.0.0-SNAPSHOT.war
Legacy Store IT (mssql)	Run base tests	2023-11-30T11:29:05.5901768Z -- [INFO] Copying integration-arquillian-test-apps-cors-database-service-999.0.0-SNAPSHOT.war to /home/runner/work/keycloak/keycloak/testsuite/integration-arquillian/tests/base/target/examples/integration-arquillian-test-apps-cors-database-service-999.0.0-SNAPSHOT.war
Legacy Store IT (mssql)	Run base tests	2023-11-30T11:29:05.5904628Z -- [INFO] 
Legacy Store IT (mssql)	Run base tests	2023-11-30T11:29:05.5905607Z -- [INFO] --- dependency:3.1.2:unpack (test-apps-realms) @ integration-arquillian-tests-base ---
Legacy Store IT (mssql)	Run base tests	2023-11-30T11:29:05.5907380Z -- [INFO] Configured Artifact: org.keycloak.testsuite:integration-arquillian-test-apps-dist:999.0.0-SNAPSHOT:zip
Legacy Store IT (mssql)	Run base tests	2023-11-30T11:29:05.5945839Z -- [INFO] Unpacking /home/runner/.m2/repository/org/keycloak/testsuite/integration-arquillian-test-apps-dist/999.0.0-SNAPSHOT/integration-arquillian-test-apps-dist-999.0.0-SNAPSHOT.zip to /home/runner/work/keycloak/keycloak/testsuite/integration-arquillian/tests/base/target/examples with includes "**/*realm.json,**/*authz-service.json,**/testsaml.json,**/*-keycloak.json" and excludes ""
Legacy Store IT (mssql)	Run base tests	2023-11-30T11:29:05.6075238Z -- [INFO] 
Legacy Store IT (mssql)	Run base tests	2023-11-30T11:29:05.6076653Z -- [INFO] --- dependency:3.1.2:unpack (unpack-client-cli-dist) @ integration-arquillian-tests-base ---
Legacy Store IT (mssql)	Run base tests	2023-11-30T11:29:05.6086783Z -- [INFO] Configured Artifact: org.keycloak:keycloak-client-cli-dist:999.0.0-SNAPSHOT:zip
Legacy Store IT (mssql)	Run base tests	2023-11-30T11:29:05.6147255Z -- [INFO] Unpacking /home/runner/.m2/repository/org/keycloak/keycloak-client-cli-dist/999.0.0-SNAPSHOT/keycloak-client-cli-dist-999.0.0-SNAPSHOT.zip to /home/runner/work/keycloak/keycloak/testsuite/integration-arquillian/tests/base/target/containers with includes "" and excludes ""
Legacy Store IT (mssql)	Run base tests	2023-11-30T11:29:05.8108034Z -- [INFO] 
Legacy Store IT (mssql)	Run base tests	2023-11-30T11:29:05.8109684Z -- [INFO] --- dependency:3.1.2:copy-dependencies (copy-testsuite-providers-to-base-testsuite) @ integration-arquillian-tests-base ---
Legacy Store IT (mssql)	Run base tests	2023-11-30T11:29:05.8191776Z -- [INFO] Copying integration-arquillian-testsuite-providers-999.0.0-SNAPSHOT.jar to /home/runner/work/keycloak/keycloak/testsuite/integration-arquillian/tests/base/target/lib/integration-arquillian-testsuite-providers-999.0.0-SNAPSHOT.jar
Legacy Store IT (mssql)	Run base tests	2023-11-30T11:29:05.8197460Z -- [INFO] 
Legacy Store IT (mssql)	Run base tests	2023-11-30T11:29:05.8198899Z -- [INFO] --- resources:3.0.1:testResources (default-testResources) @ integration-arquillian-tests-base ---
Legacy Store IT (mssql)	Run base tests	2023-11-30T11:29:05.8218480Z -- [INFO] Using 'UTF-8' encoding to copy filtered resources.
Legacy Store IT (mssql)	Run base tests	2023-11-30T11:29:05.8307979Z -- [INFO] Copying 40 resources
Legacy Store IT (mssql)	Run base tests	2023-11-30T11:29:06.1792166Z -- [INFO] Copying 356 resources
Legacy Store IT (mssql)	Run base tests	2023-11-30T11:29:06.2787903Z -- [INFO] 
Legacy Store IT (mssql)	Run base tests	2023-11-30T11:29:06.2789888Z -- [INFO] --- antrun:1.8:run (clean-second-cache-server-arquillian-bug-workaround) @ integration-arquillian-tests-base ---
Legacy Store IT (mssql)	Run base tests	2023-11-30T11:29:06.2990367Z -- [INFO] Skipping Antrun execution
Legacy Store IT (mssql)	Run base tests	2023-11-30T11:29:06.2991579Z -- [INFO] 
Legacy Store IT (mssql)	Run base tests	2023-11-30T11:29:06.2992792Z -- [INFO] --- antrun:1.8:run (default) @ integration-arquillian-tests-base ---
Legacy Store IT (mssql)	Run base tests	2023-11-30T11:29:06.4618623Z -- [INFO] Executing tasks
Legacy Store IT (mssql)	Run base tests	2023-11-30T11:29:06.4621451Z -- 
Legacy Store IT (mssql)	Run base tests	2023-11-30T11:29:06.4622299Z -- main:
Legacy Store IT (mssql)	Run base tests	2023-11-30T11:29:06.4857074Z -- [INFO] Executed tasks
Legacy Store IT (mssql)	Run base tests	2023-11-30T11:29:06.4862135Z -- [INFO] 
Legacy Store IT (mssql)	Run base tests	2023-11-30T11:29:06.4863963Z -- [INFO] --- compiler:3.8.1:testCompile (default-testCompile) @ integration-arquillian-tests-base ---
Legacy Store IT (mssql)	Run base tests	2023-11-30T11:29:06.5542159Z -- [INFO] Changes detected - recompiling the module!
Legacy Store IT (mssql)	Run base tests	2023-11-30T11:29:06.5640117Z -- [INFO] Compiling 751 source files to /home/runner/work/keycloak/keycloak/testsuite/integration-arquillian/tests/base/target/test-classes
Legacy Store IT (mssql)	Run base tests	2023-11-30T11:29:19.8846773Z -- [WARNING] /home/runner/work/keycloak/keycloak/testsuite/integration-arquillian/tests/base/src/test/java/org/keycloak/testsuite/util/AssertAdminEvents.java:[221,97] unchecked cast
Legacy Store IT (mssql)	Run base tests	2023-11-30T11:29:19.8849344Z --   required: java.util.List<org.keycloak.representations.idm.RoleRepresentation>
Legacy Store IT (mssql)	Run base tests	2023-11-30T11:29:19.8850551Z --   found:    java.lang.Object
Legacy Store IT (mssql)	Run base tests	2023-11-30T11:29:19.8925171Z -- [WARNING] /home/runner/work/keycloak/keycloak/testsuite/integration-arquillian/tests/base/src/test/java/org/keycloak/testsuite/broker/BrokerRunOnServerUtil.java:[145,45] removeExpired(org.keycloak.models.RealmModel) in org.keycloak.sessions.AuthenticationSessionProvider has been deprecated
Legacy Store IT (mssql)	Run base tests	2023-11-30T11:29:19.8931868Z -- [WARNING] /home/runner/work/keycloak/keycloak/testsuite/integration-arquillian/tests/base/src/test/java/org/keycloak/testsuite/authz/adapter/example/AbstractServletPolicyEnforcerTest.java:[327,21] setUri(java.lang.String) in org.keycloak.representations.idm.authorization.ResourceRepresentation has been deprecated
Legacy Store IT (mssql)	Run base tests	2023-11-30T11:29:19.8978869Z -- [WARNING] /home/runner/work/keycloak/keycloak/testsuite/integration-arquillian/tests/base/src/test/java/org/keycloak/testsuite/authz/adapter/example/AbstractServletPolicyEnforcerTest.java:[334,32] getUri() in org.keycloak.representations.idm.authorization.ResourceRepresentation has been deprecated
Legacy Store IT (mssql)	Run base tests	2023-11-30T11:29:19.8985404Z -- [WARNING] /home/runner/work/keycloak/keycloak/testsuite/integration-arquillian/tests/base/src/test/java/org/keycloak/testsuite/authz/adapter/example/AbstractServletPolicyEnforcerTest.java:[340,32] getUri() in org.keycloak.representations.idm.authorization.ResourceRepresentation has been deprecated
Legacy Store IT (mssql)	Run base tests	2023-11-30T11:29:19.8991941Z -- [WARNING] /home/runner/work/keycloak/keycloak/testsuite/integration-arquillian/tests/base/src/test/java/org/keycloak/testsuite/authz/adapter/example/AbstractServletPolicyEnforcerTest.java:[346,32] getUri() in org.keycloak.representations.idm.authorization.ResourceRepresentation has been deprecated
Legacy Store IT (mssql)	Run base tests	2023-11-30T11:29:19.8999618Z -- [WARNING] /home/runner/work/keycloak/keycloak/testsuite/integration-arquillian/tests/base/src/test/java/org/keycloak/testsuite/authz/adapter/example/AbstractServletPolicyEnforcerTest.java:[366,21] setUri(java.lang.String) in org.keycloak.representations.idm.authorization.ResourceRepresentation has been deprecated
Legacy Store IT (mssql)	Run base tests	2023-11-30T11:29:19.9006113Z -- [WARNING] /home/runner/work/keycloak/keycloak/testsuite/integration-arquillian/tests/base/src/test/java/org/keycloak/testsuite/authz/AuthorizationAPITest.java:[81,21] defaultRoles(java.lang.String...) in org.keycloak.testsuite.util.ClientBuilder has been deprecated
Legacy Store IT (mssql)	Run base tests	2023-11-30T11:29:19.9011867Z -- [WARNING] /home/runner/work/keycloak/keycloak/testsuite/integration-arquillian/tests/base/src/test/java/org/keycloak/testsuite/authz/AuthorizationAPITest.java:[87,21] defaultRoles(java.lang.String...) in org.keycloak.testsuite.util.ClientBuilder has been deprecated
Legacy Store IT (mssql)	Run base tests	2023-11-30T11:29:19.9194678Z -- [WARNING] /home/runner/work/keycloak/keycloak/testsuite/integration-arquillian/tests/base/src/test/java/org/keycloak/testsuite/model/ClientModelTest.java:[97,15] updateClient() in org.keycloak.models.ClientModel has been deprecated
Legacy Store IT (mssql)	Run base tests	2023-11-30T11:29:19.9199520Z -- [WARNING] /home/runner/work/keycloak/keycloak/testsuite/integration-arquillian/tests/base/src/test/java/org/keycloak/testsuite/client/ClientSecretRotationTest.java:[760,59] unchecked conversion
Legacy Store IT (mssql)	Run base tests	2023-11-30T11:29:19.9202365Z --   required: java.util.Map<java.lang.String,java.lang.String>
Legacy Store IT (mssql)	Run base tests	2023-11-30T11:29:19.9207273Z --   found:    java.util.Map
Legacy Store IT (mssql)	Run base tests	2023-11-30T11:29:19.9228887Z -- [WARNING] /home/runner/work/keycloak/keycloak/testsuite/integration-arquillian/tests/base/src/test/java/org/keycloak/testsuite/client/policies/AbstractClientPoliciesTest.java:[568,42] org.apache.http.impl.client.DefaultHttpClient in org.apache.http.impl.client has been deprecated
Legacy Store IT (mssql)	Run base tests	2023-11-30T11:29:19.9234195Z -- [WARNING] /home/runner/work/keycloak/keycloak/testsuite/integration-arquillian/tests/base/src/test/java/org/keycloak/testsuite/client/policies/AbstractClientPoliciesTest.java:[690,59] unchecked conversion
Legacy Store IT (mssql)	Run base tests	2023-11-30T11:29:19.9236774Z --   required: java.util.Map<java.lang.String,java.lang.String>
Legacy Store IT (mssql)	Run base tests	2023-11-30T11:29:19.9237601Z --   found:    java.util.Map
Legacy Store IT (mssql)	Run base tests	2023-11-30T11:29:19.9240042Z -- [WARNING] /home/runner/work/keycloak/keycloak/testsuite/integration-arquillian/tests/base/src/test/java/org/keycloak/testsuite/client/policies/AbstractClientPoliciesTest.java:[748,55] unchecked conversion
Legacy Store IT (mssql)	Run base tests	2023-11-30T11:29:19.9242963Z --   required: java.util.Map<java.lang.String,java.lang.String>
Legacy Store IT (mssql)	Run base tests	2023-11-30T11:29:19.9243776Z --   found:    java.util.Map
Legacy Store IT (mssql)	Run base tests	2023-11-30T11:29:19.9246179Z -- [WARNING] /home/runner/work/keycloak/keycloak/testsuite/integration-arquillian/tests/base/src/test/java/org/keycloak/testsuite/client/policies/AbstractClientPoliciesTest.java:[1083,104] unchecked cast
Legacy Store IT (mssql)	Run base tests	2023-11-30T11:29:19.9248597Z --   required: java.util.Collection<java.lang.String>
Legacy Store IT (mssql)	Run base tests	2023-11-30T11:29:19.9249324Z --   found:    java.util.List
Legacy Store IT (mssql)	Run base tests	2023-11-30T11:29:19.9252172Z -- [WARNING] /home/runner/work/keycloak/keycloak/testsuite/integration-arquillian/tests/base/src/test/java/org/keycloak/testsuite/migration/AbstractMigrationTest.java:[830,43] getExpiration() in org.keycloak.representations.JsonWebToken has been deprecated
Legacy Store IT (mssql)	Run base tests	2023-11-30T11:29:19.9257164Z -- [WARNING] /home/runner/work/keycloak/keycloak/testsuite/integration-arquillian/tests/base/src/test/java/org/keycloak/testsuite/saml/BrokerTest.java:[335,63] unchecked conversion
Legacy Store IT (mssql)	Run base tests	2023-11-30T11:29:19.9259868Z --   required: org.keycloak.saml.BaseSAML2BindingBuilder<org.keycloak.saml.BaseSAML2BindingBuilder>
Legacy Store IT (mssql)	Run base tests	2023-11-30T11:29:19.9261245Z --   found:    org.keycloak.saml.BaseSAML2BindingBuilder
Legacy Store IT (mssql)	Run base tests	2023-11-30T11:29:19.9265636Z -- [WARNING] /home/runner/work/keycloak/keycloak/testsuite/integration-arquillian/tests/base/src/test/java/org/keycloak/testsuite/authz/admin/ClaimInformationPointProviderTest.java:[176,30] unchecked call to create(java.util.Map<java.lang.String,java.lang.Object>) as a member of the raw type org.keycloak.adapters.authorization.cip.spi.ClaimInformationPointProviderFactory
Legacy Store IT (mssql)	Run base tests	2023-11-30T11:29:19.9272006Z -- [WARNING] /home/runner/work/keycloak/keycloak/testsuite/integration-arquillian/tests/base/src/test/java/org/keycloak/testsuite/authz/admin/ClaimInformationPointProviderTest.java:[346,20] javax.security.cert.X509Certificate in javax.security.cert has been deprecated
Legacy Store IT (mssql)	Run base tests	2023-11-30T11:29:19.9277841Z -- [WARNING] /home/runner/work/keycloak/keycloak/testsuite/integration-arquillian/tests/base/src/test/java/org/keycloak/testsuite/authz/admin/ClaimInformationPointProviderTest.java:[347,28] javax.security.cert.X509Certificate in javax.security.cert has been deprecated
Legacy Store IT (mssql)	Run base tests	2023-11-30T11:29:19.9284357Z -- [WARNING] /home/runner/work/keycloak/keycloak/testsuite/integration-arquillian/tests/base/src/test/java/org/keycloak/testsuite/admin/UserFederationLdapConnectionTest.java:[82,25] testLDAPConnection(java.lang.String,java.lang.String,java.lang.String,java.lang.String,java.lang.String,java.lang.String) in org.keycloak.admin.client.resource.RealmResource has been deprecated
Legacy Store IT (mssql)	Run base tests	2023-11-30T11:29:19.9290476Z -- [WARNING] /home/runner/work/keycloak/keycloak/testsuite/integration-arquillian/tests/base/src/test/java/org/keycloak/testsuite/oauth/OfflineTokenTest.java:[259,37] getExpiration() in org.keycloak.representations.JsonWebToken has been deprecated
Legacy Store IT (mssql)	Run base tests	2023-11-30T11:29:19.9295300Z -- [WARNING] /home/runner/work/keycloak/keycloak/testsuite/integration-arquillian/tests/base/src/test/java/org/keycloak/testsuite/oauth/OfflineTokenTest.java:[355,44] getExpiration() in org.keycloak.representations.JsonWebToken has been deprecated
Legacy Store IT (mssql)	Run base tests	2023-11-30T11:29:19.9300315Z -- [WARNING] /home/runner/work/keycloak/keycloak/testsuite/integration-arquillian/tests/base/src/test/java/org/keycloak/testsuite/oauth/OfflineTokenTest.java:[390,44] getExpiration() in org.keycloak.representations.JsonWebToken has been deprecated
Legacy Store IT (mssql)	Run base tests	2023-11-30T11:29:19.9305342Z -- [WARNING] /home/runner/work/keycloak/keycloak/testsuite/integration-arquillian/tests/base/src/test/java/org/keycloak/testsuite/oauth/OfflineTokenTest.java:[439,44] getExpiration() in org.keycloak.representations.JsonWebToken has been deprecated
Legacy Store IT (mssql)	Run base tests	2023-11-30T11:29:19.9309975Z -- [WARNING] /home/runner/work/keycloak/keycloak/testsuite/integration-arquillian/tests/base/src/test/java/org/keycloak/testsuite/oauth/OfflineTokenTest.java:[675,37] getExpiration() in org.keycloak.representations.JsonWebToken has been deprecated
Legacy Store IT (mssql)	Run base tests	2023-11-30T11:29:19.9314369Z -- [WARNING] /home/runner/work/keycloak/keycloak/testsuite/integration-arquillian/tests/base/src/test/java/org/keycloak/testsuite/oauth/OfflineTokenTest.java:[712,38] getExpiration() in org.keycloak.representations.JsonWebToken has been deprecated
Legacy Store IT (mssql)	Run base tests	2023-11-30T11:29:19.9318714Z -- [WARNING] /home/runner/work/keycloak/keycloak/testsuite/integration-arquillian/tests/base/src/test/java/org/keycloak/testsuite/oauth/OfflineTokenTest.java:[974,44] getExpiration() in org.keycloak.representations.JsonWebToken has been deprecated
Legacy Store IT (mssql)	Run base tests	2023-11-30T11:29:19.9323355Z -- [WARNING] /home/runner/work/keycloak/keycloak/testsuite/integration-arquillian/tests/base/src/test/java/org/keycloak/testsuite/authz/admin/AbstractAuthorizationTest.java:[134,25] defaultRoles(java.lang.String...) in org.keycloak.testsuite.util.ClientBuilder has been deprecated
Legacy Store IT (mssql)	Run base tests	2023-11-30T11:29:19.9328186Z -- [WARNING] /home/runner/work/keycloak/keycloak/testsuite/integration-arquillian/tests/base/src/test/java/org/keycloak/testsuite/util/UserBuilder.java:[159,12] setTotp(java.lang.Boolean) in org.keycloak.representations.idm.UserRepresentation has been deprecated
Legacy Store IT (mssql)	Run base tests	2023-11-30T11:29:19.9333127Z -- [WARNING] /home/runner/work/keycloak/keycloak/testsuite/integration-arquillian/tests/base/src/test/java/org/keycloak/testsuite/util/UserBuilder.java:[176,12] setTotp(java.lang.Boolean) in org.keycloak.representations.idm.UserRepresentation has been deprecated
Legacy Store IT (mssql)	Run base tests	2023-11-30T11:29:19.9339412Z -- [WARNING] /home/runner/work/keycloak/keycloak/testsuite/integration-arquillian/tests/base/src/test/java/org/keycloak/testsuite/admin/PermissionsTest.java:[385,35] testLDAPConnection(java.lang.String,java.lang.String,java.lang.String,java.lang.String,java.lang.String,java.lang.String) in org.keycloak.admin.client.resource.RealmResource has been deprecated
Legacy Store IT (mssql)	Run base tests	2023-11-30T11:29:19.9345924Z -- [WARNING] /home/runner/work/keycloak/keycloak/testsuite/integration-arquillian/tests/base/src/test/java/org/keycloak/testsuite/admin/PermissionsTest.java:[681,83] unchecked method invocation: method createMapper in interface org.keycloak.admin.client.resource.ProtocolMappersResource is applied to given types
Legacy Store IT (mssql)	Run base tests	2023-11-30T11:29:19.9349920Z --   required: java.util.List<org.keycloak.representations.idm.ProtocolMapperRepresentation>
Legacy Store IT (mssql)	Run base tests	2023-11-30T11:29:19.9351099Z --   found:    java.util.List
Legacy Store IT (mssql)	Run base tests	2023-11-30T11:29:19.9353347Z -- [WARNING] /home/runner/work/keycloak/keycloak/testsuite/integration-arquillian/tests/base/src/test/java/org/keycloak/testsuite/admin/PermissionsTest.java:[681,95] unchecked conversion
Legacy Store IT (mssql)	Run base tests	2023-11-30T11:29:19.9356003Z --   required: java.util.List<org.keycloak.representations.idm.ProtocolMapperRepresentation>
Legacy Store IT (mssql)	Run base tests	2023-11-30T11:29:19.9357151Z --   found:    java.util.List
Legacy Store IT (mssql)	Run base tests	2023-11-30T11:29:19.9360607Z -- [WARNING] /home/runner/work/keycloak/keycloak/testsuite/integration-arquillian/tests/base/src/test/java/org/keycloak/testsuite/admin/PermissionsTest.java:[1820,64] getRealmLocalizationTexts(java.lang.String,java.lang.Boolean) in org.keycloak.admin.client.resource.RealmLocalizationResource has been deprecated
Legacy Store IT (mssql)	Run base tests	2023-11-30T11:29:19.9366432Z -- [WARNING] /home/runner/work/keycloak/keycloak/testsuite/integration-arquillian/tests/base/src/test/java/org/keycloak/testsuite/authz/AuthzClientCredentialsTest.java:[335,25] defaultRoles(java.lang.String...) in org.keycloak.testsuite.util.ClientBuilder has been deprecated
Legacy Store IT (mssql)	Run base tests	2023-11-30T11:29:19.9372245Z -- [WARNING] /home/runner/work/keycloak/keycloak/testsuite/integration-arquillian/tests/base/src/test/java/org/keycloak/testsuite/cluster/AbstractInvalidationClusterTest.java:[178,41] unchecked method invocation: method sort in class java.util.Collections is applied to given types
Legacy Store IT (mssql)	Run base tests	2023-11-30T11:29:19.9375165Z --   required: java.util.List<T>
Legacy Store IT (mssql)	Run base tests	2023-11-30T11:29:19.9377936Z --   found:    java.util.List
Legacy Store IT (mssql)	Run base tests	2023-11-30T11:29:19.9380738Z -- [WARNING] /home/runner/work/keycloak/keycloak/testsuite/integration-arquillian/tests/base/src/test/java/org/keycloak/testsuite/cluster/AbstractInvalidationClusterTest.java:[178,42] unchecked conversion
Legacy Store IT (mssql)	Run base tests	2023-11-30T11:29:19.9383317Z --   required: java.util.List<T>
Legacy Store IT (mssql)	Run base tests	2023-11-30T11:29:19.9383955Z --   found:    java.util.List
Legacy Store IT (mssql)	Run base tests	2023-11-30T11:29:19.9387346Z -- [WARNING] /home/runner/work/keycloak/keycloak/testsuite/integration-arquillian/tests/base/src/test/java/org/keycloak/testsuite/saml/RoleMapperTest.java:[74,34] unchecked method invocation: method setDefaultClientScopes in class org.keycloak.testsuite.updaters.ClientAttributeUpdater is applied to given types
Legacy Store IT (mssql)	Run base tests	2023-11-30T11:29:19.9390767Z --   required: java.util.List<java.lang.String>
Legacy Store IT (mssql)	Run base tests	2023-11-30T11:29:19.9391508Z --   found:    java.util.List
Legacy Store IT (mssql)	Run base tests	2023-11-30T11:29:19.9393537Z -- [WARNING] /home/runner/work/keycloak/keycloak/testsuite/integration-arquillian/tests/base/src/test/java/org/keycloak/testsuite/saml/RoleMapperTest.java:[74,46] unchecked conversion
Legacy Store IT (mssql)	Run base tests	2023-11-30T11:29:19.9395592Z --   required: java.util.List<java.lang.String>
Legacy Store IT (mssql)	Run base tests	2023-11-30T11:29:19.9396264Z --   found:    java.util.List
Legacy Store IT (mssql)	Run base tests	2023-11-30T11:29:19.9398947Z -- [WARNING] /home/runner/work/keycloak/keycloak/testsuite/integration-arquillian/tests/base/src/test/java/org/keycloak/testsuite/oidc/OIDCAdvancedRequestParamsTest.java:[207,31] getAuthTime() in org.keycloak.representations.IDToken has been deprecated
Legacy Store IT (mssql)	Run base tests	2023-11-30T11:29:19.9404617Z -- [WARNING] /home/runner/work/keycloak/keycloak/testsuite/integration-arquillian/tests/base/src/test/java/org/keycloak/testsuite/oidc/OIDCAdvancedRequestParamsTest.java:[227,38] getAuthTime() in org.keycloak.representations.IDToken has been deprecated
Legacy Store IT (mssql)	Run base tests	2023-11-30T11:29:19.9416374Z -- [WARNING] /home/runner/work/keycloak/keycloak/testsuite/integration-arquillian/tests/base/src/test/java/org/keycloak/testsuite/oidc/OIDCAdvancedRequestParamsTest.java:[240,31] getAuthTime() in org.keycloak.representations.IDToken has been deprecated
Legacy Store IT (mssql)	Run base tests	2023-11-30T11:29:19.9421239Z -- [WARNING] /home/runner/work/keycloak/keycloak/testsuite/integration-arquillian/tests/base/src/test/java/org/keycloak/testsuite/oidc/OIDCAdvancedRequestParamsTest.java:[257,38] getAuthTime() in org.keycloak.representations.IDToken has been deprecated
Legacy Store IT (mssql)	Run base tests	2023-11-30T11:29:19.9426241Z -- [WARNING] /home/runner/work/keycloak/keycloak/testsuite/integration-arquillian/tests/base/src/test/java/org/keycloak/testsuite/oidc/OIDCAdvancedRequestParamsTest.java:[291,31] getAuthTime() in org.keycloak.representations.IDToken has been deprecated
Legacy Store IT (mssql)	Run base tests	2023-11-30T11:29:19.9431424Z -- [WARNING] /home/runner/work/keycloak/keycloak/testsuite/integration-arquillian/tests/base/src/test/java/org/keycloak/testsuite/oidc/OIDCAdvancedRequestParamsTest.java:[302,32] getAuthTime() in org.keycloak.representations.IDToken has been deprecated
Legacy Store IT (mssql)	Run base tests	2023-11-30T11:29:19.9436286Z -- [WARNING] /home/runner/work/keycloak/keycloak/testsuite/integration-arquillian/tests/base/src/test/java/org/keycloak/testsuite/oidc/OIDCAdvancedRequestParamsTest.java:[381,39] getAuthTime() in org.keycloak.representations.IDToken has been deprecated
Legacy Store IT (mssql)	Run base tests	2023-11-30T11:29:19.9441110Z -- [WARNING] /home/runner/work/keycloak/keycloak/testsuite/integration-arquillian/tests/base/src/test/java/org/keycloak/testsuite/oidc/OIDCAdvancedRequestParamsTest.java:[381,65] getAuthTime() in org.keycloak.representations.IDToken has been deprecated
Legacy Store IT (mssql)	Run base tests	2023-11-30T11:29:19.9446094Z -- [WARNING] /home/runner/work/keycloak/keycloak/testsuite/integration-arquillian/tests/base/src/test/java/org/keycloak/testsuite/oidc/OIDCAdvancedRequestParamsTest.java:[397,87] getAuthTime() in org.keycloak.representations.IDToken has been deprecated
Legacy Store IT (mssql)	Run base tests	2023-11-30T11:29:19.9451418Z -- [WARNING] /home/runner/work/keycloak/keycloak/testsuite/integration-arquillian/tests/base/src/test/java/org/keycloak/testsuite/oidc/OIDCAdvancedRequestParamsTest.java:[397,137] getAuthTime() in org.keycloak.representations.IDToken has been deprecated
Legacy Store IT (mssql)	Run base tests	2023-11-30T11:29:19.9456644Z -- [WARNING] /home/runner/work/keycloak/keycloak/testsuite/integration-arquillian/tests/base/src/test/java/org/keycloak/testsuite/oidc/OIDCAdvancedRequestParamsTest.java:[398,27] getAuthTime() in org.keycloak.representations.IDToken has been deprecated
Legacy Store IT (mssql)	Run base tests	2023-11-30T11:29:19.9461700Z -- [WARNING] /home/runner/work/keycloak/keycloak/testsuite/integration-arquillian/tests/base/src/test/java/org/keycloak/testsuite/oidc/OIDCAdvancedRequestParamsTest.java:[398,60] getAuthTime() in org.keycloak.representations.IDToken has been deprecated
Legacy Store IT (mssql)	Run base tests	2023-11-30T11:29:19.9466956Z -- [WARNING] /home/runner/work/keycloak/keycloak/testsuite/integration-arquillian/tests/base/src/test/java/org/keycloak/testsuite/oidc/OIDCAdvancedRequestParamsTest.java:[1424,58] getKeysForUse(org.keycloak.jose.jwk.JSONWebKeySet,org.keycloak.jose.jwk.JWK.Use) in org.keycloak.util.JWKSUtils has been deprecated
Legacy Store IT (mssql)	Run base tests	2023-11-30T11:29:19.9471835Z -- [WARNING] /home/runner/work/keycloak/keycloak/testsuite/integration-arquillian/tests/base/src/test/java/org/keycloak/testsuite/oidc/OIDCAdvancedRequestParamsTest.java:[1511,58] getKeysForUse(org.keycloak.jose.jwk.JSONWebKeySet,org.keycloak.jose.jwk.JWK.Use) in org.keycloak.util.JWKSUtils has been deprecated
Legacy Store IT (mssql)	Run base tests	2023-11-30T11:29:19.9475906Z -- [WARNING] /home/runner/work/keycloak/keycloak/testsuite/integration-arquillian/tests/base/src/test/java/org/keycloak/testsuite/crossdc/AbstractAdminCrossDCTest.java:[97,50] unchecked cast
Legacy Store IT (mssql)	Run base tests	2023-11-30T11:29:19.9477882Z --   required: T
Legacy Store IT (mssql)	Run base tests	2023-11-30T11:29:19.9478449Z --   found:    java.lang.Comparable
Legacy Store IT (mssql)	Run base tests	2023-11-30T11:29:19.9480770Z -- [WARNING] /home/runner/work/keycloak/keycloak/testsuite/integration-arquillian/tests/base/src/test/java/org/keycloak/testsuite/crossdc/AbstractAdminCrossDCTest.java:[101,54] unchecked cast
Legacy Store IT (mssql)	Run base tests	2023-11-30T11:29:19.9483042Z --   required: T
Legacy Store IT (mssql)	Run base tests	2023-11-30T11:29:19.9483587Z --   found:    java.lang.Comparable
Legacy Store IT (mssql)	Run base tests	2023-11-30T11:29:19.9486724Z -- [WARNING] /home/runner/work/keycloak/keycloak/testsuite/integration-arquillian/tests/base/src/test/java/org/keycloak/testsuite/crossdc/InvalidationCrossDCTest.java:[199,59] getUri() in org.keycloak.representations.idm.authorization.ResourceRepresentation has been deprecated
Legacy Store IT (mssql)	Run base tests	2023-11-30T11:29:19.9492295Z -- [WARNING] /home/runner/work/keycloak/keycloak/testsuite/integration-arquillian/tests/base/src/test/java/org/keycloak/testsuite/crossdc/InvalidationCrossDCTest.java:[200,59] getUri() in org.keycloak.representations.idm.authorization.ResourceRepresentation has been deprecated
Legacy Store IT (mssql)	Run base tests	2023-11-30T11:29:19.9498497Z -- [WARNING] /home/runner/work/keycloak/keycloak/testsuite/integration-arquillian/tests/base/src/test/java/org/keycloak/testsuite/crossdc/InvalidationCrossDCTest.java:[203,15] setUri(java.lang.String) in org.keycloak.representations.idm.authorization.ResourceRepresentation has been deprecated
Legacy Store IT (mssql)	Run base tests	2023-11-30T11:29:19.9504326Z -- [WARNING] /home/runner/work/keycloak/keycloak/testsuite/integration-arquillian/tests/base/src/test/java/org/keycloak/testsuite/crossdc/InvalidationCrossDCTest.java:[208,65] getUri() in org.keycloak.representations.idm.authorization.ResourceRepresentation has been deprecated
Legacy Store IT (mssql)	Run base tests	2023-11-30T11:29:19.9510049Z -- [WARNING] /home/runner/work/keycloak/keycloak/testsuite/integration-arquillian/tests/base/src/test/java/org/keycloak/testsuite/crossdc/InvalidationCrossDCTest.java:[214,70] getUri() in org.keycloak.representations.idm.authorization.ResourceRepresentation has been deprecated
Legacy Store IT (mssql)	Run base tests	2023-11-30T11:29:19.9515945Z -- [WARNING] /home/runner/work/keycloak/keycloak/testsuite/integration-arquillian/tests/base/src/test/java/org/keycloak/testsuite/authz/admin/GenericPolicyManagementTest.java:[147,25] unchecked call to ArrayList(java.util.Collection<? extends E>) as a member of the raw type java.util.ArrayList
Legacy Store IT (mssql)	Run base tests	2023-11-30T11:29:19.9522005Z -- [WARNING] /home/runner/work/keycloak/keycloak/testsuite/integration-arquillian/tests/base/src/test/java/org/keycloak/testsuite/authz/admin/ResourceManagementTest.java:[59,44] getUri() in org.keycloak.representations.idm.authorization.ResourceRepresentation has been deprecated
Legacy Store IT (mssql)	Run base tests	2023-11-30T11:29:19.9528051Z -- [WARNING] /home/runner/work/keycloak/keycloak/testsuite/integration-arquillian/tests/base/src/test/java/org/keycloak/testsuite/authz/admin/ResourceManagementTest.java:[268,17] setUri(java.lang.String) in org.keycloak.representations.idm.authorization.ResourceRepresentation has been deprecated
Legacy Store IT (mssql)	Run base tests	2023-11-30T11:29:19.9533945Z -- [WARNING] /home/runner/work/keycloak/keycloak/testsuite/integration-arquillian/tests/base/src/test/java/org/keycloak/testsuite/authz/admin/ResourceManagementTest.java:[280,41] getUri() in org.keycloak.representations.idm.authorization.ResourceRepresentation has been deprecated
Legacy Store IT (mssql)	Run base tests	2023-11-30T11:29:19.9540170Z -- [WARNING] /home/runner/work/keycloak/keycloak/testsuite/integration-arquillian/tests/base/src/test/java/org/keycloak/testsuite/authz/admin/ResourceManagementTest.java:[382,20] setUri(java.lang.String) in org.keycloak.representations.idm.authorization.ResourceRepresentation has been deprecated
Legacy Store IT (mssql)	Run base tests	2023-11-30T11:29:19.9545783Z -- [WARNING] /home/runner/work/keycloak/keycloak/testsuite/integration-arquillian/tests/base/src/test/java/org/keycloak/testsuite/authz/AbstractResourceServerTest.java:[78,25] defaultRoles(java.lang.String...) in org.keycloak.testsuite.util.ClientBuilder has been deprecated
Legacy Store IT (mssql)	Run base tests	2023-11-30T11:29:19.9551297Z -- [WARNING] /home/runner/work/keycloak/keycloak/testsuite/integration-arquillian/tests/base/src/test/java/org/keycloak/testsuite/oauth/ClientAuthSignedJWTTest.java:[1417,42] org.apache.http.impl.client.DefaultHttpClient in org.apache.http.impl.client has been deprecated
Legacy Store IT (mssql)	Run base tests	2023-11-30T11:29:19.9557681Z -- [WARNING] /home/runner/work/keycloak/keycloak/testsuite/integration-arquillian/tests/base/src/test/java/org/keycloak/testsuite/adapter/AbstractAdapterClusteredTest.java:[102,23] ProxyHandler(io.undertow.server.handlers.proxy.ProxyClient,int,io.undertow.server.HttpHandler) in io.undertow.server.handlers.proxy.ProxyHandler has been deprecated
Legacy Store IT (mssql)	Run base tests	2023-11-30T11:29:19.9563707Z -- [WARNING] /home/runner/work/keycloak/keycloak/testsuite/integration-arquillian/tests/base/src/test/java/org/keycloak/testsuite/admin/group/AbstractGroupTest.java:[77,49] org.keycloak.RSATokenVerifier in org.keycloak has been deprecated
Legacy Store IT (mssql)	Run base tests	2023-11-30T11:29:19.9568797Z -- [WARNING] /home/runner/work/keycloak/keycloak/testsuite/integration-arquillian/tests/base/src/test/java/org/keycloak/testsuite/federation/storage/ClientStorageTest.java:[498,44] getExpiration() in org.keycloak.representations.JsonWebToken has been deprecated
Legacy Store IT (mssql)	Run base tests	2023-11-30T11:29:19.9574276Z -- [WARNING] /home/runner/work/keycloak/keycloak/testsuite/integration-arquillian/tests/base/src/test/java/org/keycloak/testsuite/composites/CompositeRoleTest.java:[119,17] defaultRoles(java.lang.String...) in org.keycloak.testsuite.util.ClientBuilder has been deprecated
Legacy Store IT (mssql)	Run base tests	2023-11-30T11:29:19.9579777Z -- [WARNING] /home/runner/work/keycloak/keycloak/testsuite/integration-arquillian/tests/base/src/test/java/org/keycloak/testsuite/composites/CompositeRoleTest.java:[139,17] defaultRoles(java.lang.String...) in org.keycloak.testsuite.util.ClientBuilder has been deprecated
Legacy Store IT (mssql)	Run base tests	2023-11-30T11:29:19.9585544Z -- [WARNING] /home/runner/work/keycloak/keycloak/testsuite/integration-arquillian/tests/base/src/test/java/org/keycloak/testsuite/forms/LevelOfAssuranceFlowTest.java:[598,91] STORE_IN_USER_SESSION in org.keycloak.authentication.authenticators.conditional.ConditionalLoaAuthenticator has been deprecated
Legacy Store IT (mssql)	Run base tests	2023-11-30T11:29:19.9591721Z -- [WARNING] /home/runner/work/keycloak/keycloak/testsuite/integration-arquillian/tests/base/src/test/java/org/keycloak/testsuite/forms/LevelOfAssuranceFlowTest.java:[610,91] STORE_IN_USER_SESSION in org.keycloak.authentication.authenticators.conditional.ConditionalLoaAuthenticator has been deprecated
Legacy Store IT (mssql)	Run base tests	2023-11-30T11:29:19.9597765Z -- [WARNING] /home/runner/work/keycloak/keycloak/testsuite/integration-arquillian/tests/base/src/test/java/org/keycloak/testsuite/forms/LevelOfAssuranceFlowTest.java:[622,91] STORE_IN_USER_SESSION in org.keycloak.authentication.authenticators.conditional.ConditionalLoaAuthenticator has been deprecated
Legacy Store IT (mssql)	Run base tests	2023-11-30T11:29:19.9603283Z -- [WARNING] /home/runner/work/keycloak/keycloak/testsuite/integration-arquillian/tests/base/src/test/java/org/keycloak/testsuite/authz/admin/AbstractPolicyManagementTest.java:[74,25] defaultRoles(java.lang.String...) in org.keycloak.testsuite.util.ClientBuilder has been deprecated
Legacy Store IT (mssql)	Run base tests	2023-11-30T11:29:19.9609193Z -- [WARNING] /home/runner/work/keycloak/keycloak/testsuite/integration-arquillian/tests/base/src/test/java/org/keycloak/testsuite/authz/adapter/example/AbstractServletAuthzAdapterTest.java:[57,21] setUri(java.lang.String) in org.keycloak.representations.idm.authorization.ResourceRepresentation has been deprecated
Legacy Store IT (mssql)	Run base tests	2023-11-30T11:29:19.9614781Z -- [WARNING] /home/runner/work/keycloak/keycloak/testsuite/integration-arquillian/tests/base/src/test/java/org/keycloak/testsuite/authz/adapter/example/ServletAuthzCIPAdapterTest.java:[83,40] unchecked conversion
Legacy Store IT (mssql)	Run base tests	2023-11-30T11:29:19.9617844Z --   required: java.util.Map<java.lang.String,java.lang.String>
Legacy Store IT (mssql)	Run base tests	2023-11-30T11:29:19.9618821Z --   found:    java.util.HashMap
Legacy Store IT (mssql)	Run base tests	2023-11-30T11:29:19.9621497Z -- [WARNING] /home/runner/work/keycloak/keycloak/testsuite/integration-arquillian/tests/base/src/test/java/org/keycloak/testsuite/authz/adapter/example/ServletAuthzCIPAdapterTest.java:[92,35] unchecked conversion
Legacy Store IT (mssql)	Run base tests	2023-11-30T11:29:19.9624325Z --   required: java.util.Map<java.lang.String,java.lang.String>
Legacy Store IT (mssql)	Run base tests	2023-11-30T11:29:19.9625253Z --   found:    java.util.Map
Legacy Store IT (mssql)	Run base tests	2023-11-30T11:29:19.9628297Z -- [WARNING] /home/runner/work/keycloak/keycloak/testsuite/integration-arquillian/tests/base/src/test/java/org/keycloak/testsuite/federation/kerberos/AbstractKerberosTest.java:[221,16] unchecked call to put(K,V) as a member of the raw type java.util.Hashtable
Legacy Store IT (mssql)	Run base tests	2023-11-30T11:29:19.9633564Z -- [WARNING] /home/runner/work/keycloak/keycloak/testsuite/integration-arquillian/tests/base/src/test/java/org/keycloak/testsuite/federation/kerberos/AbstractKerberosTest.java:[222,16] unchecked call to put(K,V) as a member of the raw type java.util.Hashtable
Legacy Store IT (mssql)	Run base tests	2023-11-30T11:29:19.9638417Z -- [WARNING] /home/runner/work/keycloak/keycloak/testsuite/integration-arquillian/tests/base/src/test/java/org/keycloak/testsuite/federation/kerberos/AbstractKerberosTest.java:[225,20] unchecked call to put(K,V) as a member of the raw type java.util.Hashtable
Legacy Store IT (mssql)	Run base tests	2023-11-30T11:29:19.9643533Z -- [WARNING] /home/runner/work/keycloak/keycloak/testsuite/integration-arquillian/tests/base/src/test/java/org/keycloak/testsuite/federation/kerberos/AbstractKerberosTest.java:[226,20] unchecked call to put(K,V) as a member of the raw type java.util.Hashtable
Legacy Store IT (mssql)	Run base tests	2023-11-30T11:29:19.9648618Z -- [WARNING] /home/runner/work/keycloak/keycloak/testsuite/integration-arquillian/tests/base/src/test/java/org/keycloak/testsuite/migration/cluster/SerializableTestClass.java:[26,2] org.infinispan.commons.marshall.SerializeWith in org.infinispan.commons.marshall has been deprecated
Legacy Store IT (mssql)	Run base tests	2023-11-30T11:29:19.9653950Z -- [WARNING] /home/runner/work/keycloak/keycloak/testsuite/integration-arquillian/tests/base/src/test/java/org/keycloak/testsuite/migration/cluster/SerializableTestClass.java:[26,2] org.infinispan.commons.marshall.SerializeWith in org.infinispan.commons.marshall has been deprecated
Legacy Store IT (mssql)	Run base tests	2023-11-30T11:29:19.9659849Z -- [WARNING] /home/runner/work/keycloak/keycloak/testsuite/integration-arquillian/tests/base/src/test/java/org/keycloak/testsuite/migration/cluster/SerializableTestClass.java:[26,2] org.infinispan.commons.marshall.SerializeWith in org.infinispan.commons.marshall has been deprecated
Legacy Store IT (mssql)	Run base tests	2023-11-30T11:29:19.9665722Z -- [WARNING] /home/runner/work/keycloak/keycloak/testsuite/integration-arquillian/tests/base/src/test/java/org/keycloak/testsuite/migration/cluster/SerializableTestClass.java:[28,53] org.infinispan.commons.marshall.Externalizer in org.infinispan.commons.marshall has been deprecated
Legacy Store IT (mssql)	Run base tests	2023-11-30T11:29:19.9671924Z -- [WARNING] /home/runner/work/keycloak/keycloak/testsuite/integration-arquillian/tests/base/src/test/java/org/keycloak/testsuite/migration/cluster/SerializableTestClass.java:[28,53] org.infinispan.commons.marshall.Externalizer in org.infinispan.commons.marshall has been deprecated
Legacy Store IT (mssql)	Run base tests	2023-11-30T11:29:19.9677758Z -- [WARNING] /home/runner/work/keycloak/keycloak/testsuite/integration-arquillian/tests/base/src/test/java/org/keycloak/testsuite/migration/cluster/SerializableTestClass.java:[28,53] org.infinispan.commons.marshall.Externalizer in org.infinispan.commons.marshall has been deprecated
Legacy Store IT (mssql)	Run base tests	2023-11-30T11:29:19.9683521Z -- [WARNING] /home/runner/work/keycloak/keycloak/testsuite/integration-arquillian/tests/base/src/test/java/org/keycloak/testsuite/migration/cluster/SerializableTestClass.java:[28,53] org.infinispan.commons.marshall.Externalizer in org.infinispan.commons.marshall has been deprecated
Legacy Store IT (mssql)	Run base tests	2023-11-30T11:29:19.9688948Z -- [WARNING] /home/runner/work/keycloak/keycloak/testsuite/integration-arquillian/tests/base/src/test/java/org/keycloak/testsuite/migration/cluster/SerializableTestClass.java:[28,53] org.infinispan.commons.marshall.Externalizer in org.infinispan.commons.marshall has been deprecated
Legacy Store IT (mssql)	Run base tests	2023-11-30T11:29:19.9694311Z -- [WARNING] /home/runner/work/keycloak/keycloak/testsuite/integration-arquillian/tests/base/src/test/java/org/keycloak/testsuite/migration/cluster/SerializableTestClass.java:[28,53] org.infinispan.commons.marshall.Externalizer in org.infinispan.commons.marshall has been deprecated
Legacy Store IT (mssql)	Run base tests	2023-11-30T11:29:19.9700489Z -- [WARNING] /home/runner/work/keycloak/keycloak/testsuite/integration-arquillian/tests/base/src/test/java/org/keycloak/testsuite/authz/adapter/example/ServletAuthzCacheLifespanAdapterTest.java:[59,21] setUri(java.lang.String) in org.keycloak.representations.idm.authorization.ResourceRepresentation has been deprecated
Legacy Store IT (mssql)	Run base tests	2023-11-30T11:29:19.9706484Z -- [WARNING] /home/runner/work/keycloak/keycloak/testsuite/integration-arquillian/tests/base/src/test/java/org/keycloak/testsuite/broker/KcOidcBrokerTransientSessionsTest.java:[616,41] getExpiration() in org.keycloak.representations.JsonWebToken has been deprecated
Legacy Store IT (mssql)	Run base tests	2023-11-30T11:29:19.9712462Z -- [WARNING] /home/runner/work/keycloak/keycloak/testsuite/integration-arquillian/tests/base/src/test/java/org/keycloak/testsuite/authz/adapter/example/ServletAuthzCacheDisabledAdapterTest.java:[60,21] setUri(java.lang.String) in org.keycloak.representations.idm.authorization.ResourceRepresentation has been deprecated
Legacy Store IT (mssql)	Run base tests	2023-11-30T11:29:19.9718385Z -- [WARNING] /home/runner/work/keycloak/keycloak/testsuite/integration-arquillian/tests/base/src/test/java/org/keycloak/testsuite/model/CompositeRolesModelTest.java:[46,67] none() in org.junit.rules.ExpectedException has been deprecated
Legacy Store IT (mssql)	Run base tests	2023-11-30T11:29:19.9723452Z -- [WARNING] /home/runner/work/keycloak/keycloak/testsuite/integration-arquillian/tests/base/src/test/java/org/keycloak/testsuite/forms/RestartCookieTest.java:[86,68] getActiveHmacKey(org.keycloak.models.RealmModel) in org.keycloak.models.KeyManager has been deprecated
Legacy Store IT (mssql)	Run base tests	2023-11-30T11:29:19.9728705Z -- [WARNING] /home/runner/work/keycloak/keycloak/testsuite/integration-arquillian/tests/base/src/test/java/org/keycloak/testsuite/forms/RestartCookieTest.java:[91,25] hmac256(javax.crypto.SecretKey) in org.keycloak.jose.jws.JWSBuilder.EncodingBuilder has been deprecated
Legacy Store IT (mssql)	Run base tests	2023-11-30T11:29:19.9733955Z -- [WARNING] /home/runner/work/keycloak/keycloak/testsuite/integration-arquillian/tests/base/src/test/java/org/keycloak/testsuite/forms/RestartCookieTest.java:[125,68] getActiveHmacKey(org.keycloak.models.RealmModel) in org.keycloak.models.KeyManager has been deprecated
Legacy Store IT (mssql)	Run base tests	2023-11-30T11:29:19.9738715Z -- [INFO] /home/runner/work/keycloak/keycloak/testsuite/integration-arquillian/tests/base/src/test/java/org/keycloak/testsuite/forms/RestartCookieTest.java: Some input files additionally use or override a deprecated API.
Legacy Store IT (mssql)	Run base tests	2023-11-30T11:29:19.9743306Z -- [INFO] /home/runner/work/keycloak/keycloak/testsuite/integration-arquillian/tests/base/src/test/java/org/keycloak/testsuite/script/DeployedSAMLScriptMapperTest.java: Some input files additionally use unchecked or unsafe operations.
Legacy Store IT (mssql)	Run base tests	2023-11-30T11:29:19.9745712Z -- [INFO] 
Legacy Store IT (mssql)	Run base tests	2023-11-30T11:29:19.9746812Z -- [INFO] --- shrinkwrap-resolver:3.1.4:propagate-execution-context (default) @ integration-arquillian-tests-base ---
Legacy Store IT (mssql)	Run base tests	2023-11-30T11:29:20.1732654Z -- [INFO] 
Legacy Store IT (mssql)	Run base tests	2023-11-30T11:29:20.1734405Z -- [INFO] --- docker:0.40.3:start (start-db-container) @ integration-arquillian-tests-base ---
Legacy Store IT (mssql)	Run base tests	2023-11-30T11:29:20.9690925Z -- [INFO] DOCKER> Pulling from mssql/server
Legacy Store IT (mssql)	Run base tests	2023-11-30T11:29:35.5540113Z -- [INFO] DOCKER> Digest: sha256:ffef32dda16cc5abd70db1d0654c01cbe9f7093d66e0c83ade20738156cb7d0e
Legacy Store IT (mssql)	Run base tests	2023-11-30T11:29:35.5651505Z -- [INFO] DOCKER> Status: Downloaded newer image for mcr.microsoft.com/mssql/server:2022-latest
Legacy Store IT (mssql)	Run base tests	2023-11-30T11:29:35.5702127Z -- [INFO] DOCKER> Pulled mcr.microsoft.com/mssql/server:2022-latest in 14 seconds 
Legacy Store IT (mssql)	Run base tests	2023-11-30T11:29:35.7710115Z -- [INFO] DOCKER> [mcr.microsoft.com/mssql/server:2022-latest] "testdb": Start container fa4f38d288d9
Legacy Store IT (mssql)	Run base tests	2023-11-30T11:29:36.0495141Z -- testdb> SQL Server 2022 will run as non-root by default.
Legacy Store IT (mssql)	Run base tests	2023-11-30T11:29:36.0496700Z -- testdb> This container is running as user mssql.
Legacy Store IT (mssql)	Run base tests	2023-11-30T11:29:36.0498166Z -- testdb> To learn more visit https://go.microsoft.com/fwlink/?linkid=2099216.
Legacy Store IT (mssql)	Run base tests	2023-11-30T11:29:37.8959649Z -- testdb> 2023-11-30 11:29:37.87 Server      Setup step is copying system data file 'C:\templatedata\master.mdf' to '/var/opt/mssql/data/master.mdf'.
Legacy Store IT (mssql)	Run base tests	2023-11-30T11:29:37.9056825Z -- testdb> 
Legacy Store IT (mssql)	Run base tests	2023-11-30T11:29:37.9063575Z -- 2023-11-30 11:29:37.89 Server      Did not find an existing master data file /var/opt/mssql/data/master.mdf, copying the missing default master and other system database files. If you have moved the database location, but not moved the database files, startup may fail. To repair: shutdown SQL Server, move the master database to configured location, and restart.
Legacy Store IT (mssql)	Run base tests	2023-11-30T11:29:37.9067620Z -- testdb> 
Legacy Store IT (mssql)	Run base tests	2023-11-30T11:29:37.9069018Z -- 2023-11-30 11:29:37.90 Server      Setup step is copying system data file 'C:\templatedata\mastlog.ldf' to '/var/opt/mssql/data/mastlog.ldf'.
Legacy Store IT (mssql)	Run base tests	2023-11-30T11:29:37.9097027Z -- testdb> 
Legacy Store IT (mssql)	Run base tests	2023-11-30T11:29:37.9102106Z -- 2023-11-30 11:29:37.90 Server      Setup step is copying system data file 'C:\templatedata\model.mdf' to '/var/opt/mssql/data/model.mdf'.
Legacy Store IT (mssql)	Run base tests	2023-11-30T11:29:37.9192939Z -- testdb> 
Legacy Store IT (mssql)	Run base tests	2023-11-30T11:29:37.9194756Z -- 2023-11-30 11:29:37.91 Server      Setup step is copying system data file 'C:\templatedata\modellog.ldf' to '/var/opt/mssql/data/modellog.ldf'.
Legacy Store IT (mssql)	Run base tests	2023-11-30T11:29:37.9282298Z -- testdb> 
Legacy Store IT (mssql)	Run base tests	2023-11-30T11:29:37.9283696Z -- 2023-11-30 11:29:37.92 Server      Setup step is copying system data file 'C:\templatedata\msdbdata.mdf' to '/var/opt/mssql/data/msdbdata.mdf'.
Legacy Store IT (mssql)	Run base tests	2023-11-30T11:29:37.9420519Z -- testdb> 
Legacy Store IT (mssql)	Run base tests	2023-11-30T11:29:37.9421922Z -- 2023-11-30 11:29:37.93 Server      Setup step is copying system data file 'C:\templatedata\msdblog.ldf' to '/var/opt/mssql/data/msdblog.ldf'.
Legacy Store IT (mssql)	Run base tests	2023-11-30T11:29:37.9454408Z -- testdb> 
Legacy Store IT (mssql)	Run base tests	2023-11-30T11:29:37.9457193Z -- 2023-11-30 11:29:37.94 Server      Setup step is FORCE copying system data file 'C:\templatedata\model_replicatedmaster.mdf' to '/var/opt/mssql/data/model_replicatedmaster.mdf'.
Legacy Store IT (mssql)	Run base tests	2023-11-30T11:29:37.9519109Z -- testdb> 
Legacy Store IT (mssql)	Run base tests	2023-11-30T11:29:37.9521235Z -- 2023-11-30 11:29:37.94 Server      Setup step is FORCE copying system data file 'C:\templatedata\model_replicatedmaster.ldf' to '/var/opt/mssql/data/model_replicatedmaster.ldf'.
Legacy Store IT (mssql)	Run base tests	2023-11-30T11:29:37.9550638Z -- testdb> 
Legacy Store IT (mssql)	Run base tests	2023-11-30T11:29:37.9552676Z -- 2023-11-30 11:29:37.95 Server      Setup step is FORCE copying system data file 'C:\templatedata\model_msdbdata.mdf' to '/var/opt/mssql/data/model_msdbdata.mdf'.
Legacy Store IT (mssql)	Run base tests	2023-11-30T11:29:37.9686352Z -- testdb> 
Legacy Store IT (mssql)	Run base tests	2023-11-30T11:29:37.9688005Z -- 2023-11-30 11:29:37.96 Server      Setup step is FORCE copying system data file 'C:\templatedata\model_msdblog.ldf' to '/var/opt/mssql/data/model_msdblog.ldf'.
Legacy Store IT (mssql)	Run base tests	2023-11-30T11:29:37.9839414Z -- testdb> 
Legacy Store IT (mssql)	Run base tests	2023-11-30T11:29:37.9841164Z -- 2023-11-30 11:29:37.98 Server      Microsoft SQL Server 2022 (RTM-CU10) (KB5031778) - 16.0.4095.4 (X64)
Legacy Store IT (mssql)	Run base tests	2023-11-30T11:29:37.9846930Z -- testdb> 
Legacy Store IT (mssql)	Run base tests	2023-11-30T11:29:37.9847597Z -- 	Oct 30 2023 16:12:44
Legacy Store IT (mssql)	Run base tests	2023-11-30T11:29:37.9853801Z -- testdb> 
Legacy Store IT (mssql)	Run base tests	2023-11-30T11:29:37.9859933Z -- 	Copyright (C) 2022 Microsoft Corporation
Legacy Store IT (mssql)	Run base tests	2023-11-30T11:29:37.9869400Z -- testdb> 
Legacy Store IT (mssql)	Run base tests	2023-11-30T11:29:37.9876549Z -- 	Developer Edition (64-bit) on Linux (Ubuntu 22.04.3 LTS) <X64>
Legacy Store IT (mssql)	Run base tests	2023-11-30T11:29:37.9903518Z -- testdb> 
Legacy Store IT (mssql)	Run base tests	2023-11-30T11:29:37.9904491Z -- 2023-11-30 11:29:37.98 Server      UTC adjustment: 0:00
Legacy Store IT (mssql)	Run base tests	2023-11-30T11:29:37.9906338Z -- testdb> 
Legacy Store IT (mssql)	Run base tests	2023-11-30T11:29:37.9907242Z -- 2023-11-30 11:29:37.98 Server      (c) Microsoft Corporation.
Legacy Store IT (mssql)	Run base tests	2023-11-30T11:29:37.9908996Z -- testdb> 
Legacy Store IT (mssql)	Run base tests	2023-11-30T11:29:37.9909827Z -- 2023-11-30 11:29:37.98 Server      All rights reserved.
Legacy Store IT (mssql)	Run base tests	2023-11-30T11:29:37.9911660Z -- testdb> 
Legacy Store IT (mssql)	Run base tests	2023-11-30T11:29:37.9912931Z -- 2023-11-30 11:29:37.98 Server      Server process ID is 436.
Legacy Store IT (mssql)	Run base tests	2023-11-30T11:29:37.9915202Z -- testdb> 
Legacy Store IT (mssql)	Run base tests	2023-11-30T11:29:37.9916372Z -- 2023-11-30 11:29:37.98 Server      Logging SQL Server messages in file '/var/opt/mssql/log/errorlog'.
Legacy Store IT (mssql)	Run base tests	2023-11-30T11:29:37.9917739Z -- testdb> 
Legacy Store IT (mssql)	Run base tests	2023-11-30T11:29:37.9918751Z -- 2023-11-30 11:29:37.98 Server      Registry startup parameters:
Legacy Store IT (mssql)	Run base tests	2023-11-30T11:29:37.9920331Z -- testdb> 
Legacy Store IT (mssql)	Run base tests	2023-11-30T11:29:37.9920948Z -- 	 -d /var/opt/mssql/data/master.mdf
Legacy Store IT (mssql)	Run base tests	2023-11-30T11:29:37.9922935Z -- testdb> 
Legacy Store IT (mssql)	Run base tests	2023-11-30T11:29:37.9923702Z -- 	 -l /var/opt/mssql/data/mastlog.ldf
Legacy Store IT (mssql)	Run base tests	2023-11-30T11:29:37.9925689Z -- testdb> 
Legacy Store IT (mssql)	Run base tests	2023-11-30T11:29:37.9926362Z -- 	 -e /var/opt/mssql/log/errorlog
Legacy Store IT (mssql)	Run base tests	2023-11-30T11:29:38.0003393Z -- testdb> 
Legacy Store IT (mssql)	Run base tests	2023-11-30T11:29:38.0039735Z -- 2023-11-30 11:29:37.99 Server      SQL Server detected 1 sockets with 2 cores per socket and 4 logical processors per socket, 4 total logical processors; using 4 logical processors based on SQL Server licensing. This is an informational message; no user action is required.
Legacy Store IT (mssql)	Run base tests	2023-11-30T11:29:38.0042286Z -- testdb> 
Legacy Store IT (mssql)	Run base tests	2023-11-30T11:29:38.0043865Z -- 2023-11-30 11:29:37.99 Server      SQL Server is starting at normal priority base (=7). This is an informational message only. No user action is required.
Legacy Store IT (mssql)	Run base tests	2023-11-30T11:29:38.0045390Z -- testdb> 
Legacy Store IT (mssql)	Run base tests	2023-11-30T11:29:38.0046590Z -- 2023-11-30 11:29:37.99 Server      Detected 12785 MB of RAM. This is an informational message; no user action is required.
Legacy Store IT (mssql)	Run base tests	2023-11-30T11:29:38.0047917Z -- testdb> 
Legacy Store IT (mssql)	Run base tests	2023-11-30T11:29:38.0048834Z -- 2023-11-30 11:29:37.99 Server      Using conventional memory in the memory manager.
Legacy Store IT (mssql)	Run base tests	2023-11-30T11:29:38.0050860Z -- testdb> 
Legacy Store IT (mssql)	Run base tests	2023-11-30T11:29:38.0051758Z -- 2023-11-30 11:29:37.99 Server      Detected pause instruction latency: 73 cycles.
Legacy Store IT (mssql)	Run base tests	2023-11-30T11:29:38.0075475Z -- testdb> 
Legacy Store IT (mssql)	Run base tests	2023-11-30T11:29:38.0079021Z -- 2023-11-30 11:29:38.00 Server      Page exclusion bitmap is enabled.
Legacy Store IT (mssql)	Run base tests	2023-11-30T11:29:38.0371396Z -- testdb> 
Legacy Store IT (mssql)	Run base tests	2023-11-30T11:29:38.0372948Z -- 2023-11-30 11:29:38.03 Server      Buffer pool extension is not supported on Linux platform.
Legacy Store IT (mssql)	Run base tests	2023-11-30T11:29:38.0381608Z -- testdb> 
Legacy Store IT (mssql)	Run base tests	2023-11-30T11:29:38.0383058Z -- 2023-11-30 11:29:38.03 Server      Buffer Pool: Allocating 2097152 bytes for 1957645 hashPages.
Legacy Store IT (mssql)	Run base tests	2023-11-30T11:29:38.1452621Z -- testdb> 
Legacy Store IT (mssql)	Run base tests	2023-11-30T11:29:38.1454220Z -- 2023-11-30 11:29:38.14 Server      Buffer pool extension is already disabled. No action is necessary.
Legacy Store IT (mssql)	Run base tests	2023-11-30T11:29:38.4821914Z -- testdb> 
Legacy Store IT (mssql)	Run base tests	2023-11-30T11:29:38.4822660Z -- 2023-11-30 11:29:38.47 Server      Installing Client TLS certificates to the store.
Legacy Store IT (mssql)	Run base tests	2023-11-30T11:29:38.4911168Z -- testdb> 
Legacy Store IT (mssql)	Run base tests	2023-11-30T11:29:38.4913374Z -- 2023-11-30 11:29:38.48 Server      Error searching first file in /var/opt/mssql/security/ca-certificates: 3(The system cannot find the path specified.)
Legacy Store IT (mssql)	Run base tests	2023-11-30T11:29:38.4928570Z -- testdb> 
Legacy Store IT (mssql)	Run base tests	2023-11-30T11:29:38.4930173Z -- 2023-11-30 11:29:38.48 Server      CPU vectorization level(s) detected:  SSE SSE2 SSE3 SSSE3 SSE41 SSE42 AVX AVX2 POPCNT BMI1 BMI2
Legacy Store IT (mssql)	Run base tests	2023-11-30T11:29:38.5369775Z -- testdb> 
Legacy Store IT (mssql)	Run base tests	2023-11-30T11:29:38.5373038Z -- 2023-11-30 11:29:38.52 Server      Successfully initialized the TLS configuration. Allowed TLS protocol versions are ['1.0 1.1 1.2']. Allowed TLS ciphers are ['ECDHE-ECDSA-AES128-GCM-SHA256:ECDHE-ECDSA-AES256-GCM-SHA384:ECDHE-RSA-AES128-GCM-SHA256:ECDHE-RSA-AES256-GCM-SHA384:ECDHE-ECDSA-AES128-SHA256:ECDHE-ECDSA-AES256-SHA384:ECDHE-ECDSA-AES256-SHA:ECDHE-ECDSA-AES128-SHA:AES256-GCM-SHA384:AES128-GCM-SHA256:AES256-SHA256:AES128-SHA256:AES256-SHA:AES128-SHA:!DHE-RSA-AES256-GCM-SHA384:!DHE-RSA-AES128-GCM-SHA256:!DHE-RSA-AES256-SHA:!DHE-RSA-AES128-SHA'].
Legacy Store IT (mssql)	Run base tests	2023-11-30T11:29:38.5526923Z -- testdb> 
Legacy Store IT (mssql)	Run base tests	2023-11-30T11:29:38.5527935Z -- 2023-11-30 11:29:38.54 Server      Query Store settings initialized with enabled = 1,
Legacy Store IT (mssql)	Run base tests	2023-11-30T11:29:38.5640176Z -- testdb> 
Legacy Store IT (mssql)	Run base tests	2023-11-30T11:29:38.5641439Z -- 2023-11-30 11:29:38.55 Server      The maximum number of dedicated administrator connections for this instance is '1'
Legacy Store IT (mssql)	Run base tests	2023-11-30T11:29:38.5688412Z -- testdb> 
Legacy Store IT (mssql)	Run base tests	2023-11-30T11:29:38.5691000Z -- 2023-11-30 11:29:38.56 Server      Node configuration: node 0: CPU mask: 0x000000000000000f:0 Active CPU mask: 0x000000000000000f:0. This message provides a description of the NUMA configuration for this computer. This is an informational message only. No user action is required.
Legacy Store IT (mssql)	Run base tests	2023-11-30T11:29:38.5775207Z -- testdb> 
Legacy Store IT (mssql)	Run base tests	2023-11-30T11:29:38.5777505Z -- 2023-11-30 11:29:38.57 Server      Using dynamic lock allocation.  Initial allocation of 2500 Lock blocks and 5000 Lock Owner blocks per node.  This is an informational message only.  No user action is required.
Legacy Store IT (mssql)	Run base tests	2023-11-30T11:29:38.5977483Z -- testdb> 
Legacy Store IT (mssql)	Run base tests	2023-11-30T11:29:38.5978427Z -- 2023-11-30 11:29:38.59 Server      In-Memory OLTP initialized on lowend machine.
Legacy Store IT (mssql)	Run base tests	2023-11-30T11:29:38.6119596Z -- testdb> 
Legacy Store IT (mssql)	Run base tests	2023-11-30T11:29:38.6121205Z -- 2023-11-30 11:29:38.60 Server      [INFO] Created Extended Events session 'hkenginexesession'
Legacy Store IT (mssql)	Run base tests	2023-11-30T11:29:38.6163255Z -- testdb> 
Legacy Store IT (mssql)	Run base tests	2023-11-30T11:29:38.6169290Z -- 2023-11-30 11:29:38.61 Server      Database Instant File Initialization: enabled. For security and performance considerations see the topic 'Database Instant File Initialization' in SQL Server Books Online. This is an informational message only. No user action is required.
Legacy Store IT (mssql)	Run base tests	2023-11-30T11:29:38.6248213Z -- testdb> 
Legacy Store IT (mssql)	Run base tests	2023-11-30T11:29:38.6249280Z -- ForceFlush is enabled for this instance.
Legacy Store IT (mssql)	Run base tests	2023-11-30T11:29:38.6281881Z -- testdb> 
Legacy Store IT (mssql)	Run base tests	2023-11-30T11:29:38.6283283Z -- 2023-11-30 11:29:38.62 Server      Total Log Writer threads: 2. This is an informational message; no user action is required.
Legacy Store IT (mssql)	Run base tests	2023-11-30T11:29:38.6375483Z -- testdb> 
Legacy Store IT (mssql)	Run base tests	2023-11-30T11:29:38.6380979Z -- 2023-11-30 11:29:38.63 Server      clwb is selected for pmem flush operation.
Legacy Store IT (mssql)	Run base tests	2023-11-30T11:29:38.6421327Z -- testdb> 
Legacy Store IT (mssql)	Run base tests	2023-11-30T11:29:38.6426573Z -- 2023-11-30 11:29:38.63 Server      Software Usage Metrics is disabled.
Legacy Store IT (mssql)	Run base tests	2023-11-30T11:29:38.6564508Z -- testdb> 
Legacy Store IT (mssql)	Run base tests	2023-11-30T11:29:38.6566404Z -- 2023-11-30 11:29:38.65 spid18s     [1]. Feature Status: PVS: 0. CTR: 0. ConcurrentPFSUpdate: 1. ConcurrentGAMUpdate: 1. ConcurrentSGAMUpdate: 1, CleanupUnderUserTransaction: 0. TranLevelPVS: 0
Legacy Store IT (mssql)	Run base tests	2023-11-30T11:29:38.6583035Z -- testdb> 
Legacy Store IT (mssql)	Run base tests	2023-11-30T11:29:38.6583812Z -- 2023-11-30 11:29:38.65 spid18s     Starting up database 'master'.
Legacy Store IT (mssql)	Run base tests	2023-11-30T11:29:38.6827294Z -- testdb> 
Legacy Store IT (mssql)	Run base tests	2023-11-30T11:29:38.6832042Z -- 2023-11-30 11:29:38.67 Server      CLR version v4.0.30319 loaded.
Legacy Store IT (mssql)	Run base tests	2023-11-30T11:29:38.6957606Z -- testdb> 
Legacy Store IT (mssql)	Run base tests	2023-11-30T11:29:38.6958369Z -- ForceFlush feature is enabled for log durability.
Legacy Store IT (mssql)	Run base tests	2023-11-30T11:29:38.7114526Z -- testdb> 
Legacy Store IT (mssql)	Run base tests	2023-11-30T11:29:38.7116640Z -- 2023-11-30 11:29:38.70 spid18s     The tail of the log for database master is being rewritten to match the new sector size of 4096 bytes.  1024 bytes at offset 396288 in file /var/opt/mssql/data/mastlog.ldf will be written.
Legacy Store IT (mssql)	Run base tests	2023-11-30T11:29:38.7627762Z -- testdb> 
Legacy Store IT (mssql)	Run base tests	2023-11-30T11:29:38.7629068Z -- 2023-11-30 11:29:38.75 spid18s     Converting database 'master' from version 927 to the current version 957.
Legacy Store IT (mssql)	Run base tests	2023-11-30T11:29:38.7644044Z -- testdb> 
Legacy Store IT (mssql)	Run base tests	2023-11-30T11:29:38.7645702Z -- 2023-11-30 11:29:38.75 spid18s     Database 'master' running the upgrade step from version 927 to version 928.
Legacy Store IT (mssql)	Run base tests	2023-11-30T11:29:38.7827355Z -- testdb> 
Legacy Store IT (mssql)	Run base tests	2023-11-30T11:29:38.7829947Z -- 2023-11-30 11:29:38.77 spid18s     Database 'master' running the upgrade step from version 928 to version 929.
Legacy Store IT (mssql)	Run base tests	2023-11-30T11:29:38.7950095Z -- testdb> 
Legacy Store IT (mssql)	Run base tests	2023-11-30T11:29:38.7951649Z -- 2023-11-30 11:29:38.79 spid18s     Database 'master' running the upgrade step from version 929 to version 930.
Legacy Store IT (mssql)	Run base tests	2023-11-30T11:29:38.8012075Z -- testdb> 
Legacy Store IT (mssql)	Run base tests	2023-11-30T11:29:38.8013005Z -- 2023-11-30 11:29:38.79 spid18s     Database 'master' running the upgrade step from version 930 to version 931.
Legacy Store IT (mssql)	Run base tests	2023-11-30T11:29:38.8037911Z -- testdb> 
Legacy Store IT (mssql)	Run base tests	2023-11-30T11:29:38.8039049Z -- 2023-11-30 11:29:38.80 spid18s     Database 'master' running the upgrade step from version 931 to version 932.
Legacy Store IT (mssql)	Run base tests	2023-11-30T11:29:38.8066568Z -- testdb> 
Legacy Store IT (mssql)	Run base tests	2023-11-30T11:29:38.8067770Z -- 2023-11-30 11:29:38.80 spid18s     Database 'master' running the upgrade step from version 932 to version 933.
Legacy Store IT (mssql)	Run base tests	2023-11-30T11:29:38.8112026Z -- testdb> 
Legacy Store IT (mssql)	Run base tests	2023-11-30T11:29:38.8113140Z -- 2023-11-30 11:29:38.80 spid18s     Database 'master' running the upgrade step from version 933 to version 934.
Legacy Store IT (mssql)	Run base tests	2023-11-30T11:29:38.8174217Z -- testdb> 
Legacy Store IT (mssql)	Run base tests	2023-11-30T11:29:38.8175389Z -- 2023-11-30 11:29:38.81 spid18s     Database 'master' running the upgrade step from version 934 to version 935.
Legacy Store IT (mssql)	Run base tests	2023-11-30T11:29:38.8262662Z -- testdb> 
Legacy Store IT (mssql)	Run base tests	2023-11-30T11:29:38.8263846Z -- 2023-11-30 11:29:38.82 spid18s     Database 'master' running the upgrade step from version 935 to version 936.
Legacy Store IT (mssql)	Run base tests	2023-11-30T11:29:38.8294169Z -- testdb> 
Legacy Store IT (mssql)	Run base tests	2023-11-30T11:29:38.8295354Z -- 2023-11-30 11:29:38.82 spid18s     Database 'master' running the upgrade step from version 936 to version 937.
Legacy Store IT (mssql)	Run base tests	2023-11-30T11:29:38.8348792Z -- testdb> 
Legacy Store IT (mssql)	Run base tests	2023-11-30T11:29:38.8350145Z -- 2023-11-30 11:29:38.82 spid18s     Database 'master' running the upgrade step from version 937 to version 938.
Legacy Store IT (mssql)	Run base tests	2023-11-30T11:29:38.8421950Z -- testdb> 
Legacy Store IT (mssql)	Run base tests	2023-11-30T11:29:38.8424238Z -- 2023-11-30 11:29:38.83 spid18s     Database 'master' running the upgrade step from version 938 to version 939.
Legacy Store IT (mssql)	Run base tests	2023-11-30T11:29:38.8454178Z -- testdb> 
Legacy Store IT (mssql)	Run base tests	2023-11-30T11:29:38.8455309Z -- 2023-11-30 11:29:38.84 spid18s     Database 'master' running the upgrade step from version 939 to version 940.
Legacy Store IT (mssql)	Run base tests	2023-11-30T11:29:38.8485382Z -- testdb> 
Legacy Store IT (mssql)	Run base tests	2023-11-30T11:29:38.8486456Z -- 2023-11-30 11:29:38.84 spid18s     Database 'master' running the upgrade step from version 940 to version 941.
Legacy Store IT (mssql)	Run base tests	2023-11-30T11:29:38.8510019Z -- testdb> 
Legacy Store IT (mssql)	Run base tests	2023-11-30T11:29:38.8511342Z -- 2023-11-30 11:29:38.84 spid18s     Database 'master' running the upgrade step from version 941 to version 942.
Legacy Store IT (mssql)	Run base tests	2023-11-30T11:29:38.8540047Z -- testdb> 
Legacy Store IT (mssql)	Run base tests	2023-11-30T11:29:38.8541198Z -- 2023-11-30 11:29:38.85 spid18s     Database 'master' running the upgrade step from version 942 to version 943.
Legacy Store IT (mssql)	Run base tests	2023-11-30T11:29:38.8691372Z -- testdb> 
Legacy Store IT (mssql)	Run base tests	2023-11-30T11:29:38.8692548Z -- 2023-11-30 11:29:38.86 spid18s     Database 'master' running the upgrade step from version 943 to version 944.
Legacy Store IT (mssql)	Run base tests	2023-11-30T11:29:38.8728777Z -- testdb> 
Legacy Store IT (mssql)	Run base tests	2023-11-30T11:29:38.8729943Z -- 2023-11-30 11:29:38.86 spid18s     Database 'master' running the upgrade step from version 944 to version 945.
Legacy Store IT (mssql)	Run base tests	2023-11-30T11:29:38.8905226Z -- testdb> 
Legacy Store IT (mssql)	Run base tests	2023-11-30T11:29:38.8906406Z -- 2023-11-30 11:29:38.87 spid18s     Database 'master' running the upgrade step from version 945 to version 946.
Legacy Store IT (mssql)	Run base tests	2023-11-30T11:29:38.9037339Z -- testdb> 
Legacy Store IT (mssql)	Run base tests	2023-11-30T11:29:38.9038482Z -- 2023-11-30 11:29:38.89 spid18s     Database 'master' running the upgrade step from version 946 to version 947.
Legacy Store IT (mssql)	Run base tests	2023-11-30T11:29:38.9127789Z -- testdb> 
Legacy Store IT (mssql)	Run base tests	2023-11-30T11:29:38.9129048Z -- 2023-11-30 11:29:38.90 spid18s     Database 'master' running the upgrade step from version 947 to version 948.
Legacy Store IT (mssql)	Run base tests	2023-11-30T11:29:38.9174475Z -- testdb> 
Legacy Store IT (mssql)	Run base tests	2023-11-30T11:29:38.9175208Z -- 2023-11-30 11:29:38.91 spid18s     Database 'master' running the upgrade step from version 948 to version 949.
Legacy Store IT (mssql)	Run base tests	2023-11-30T11:29:38.9236011Z -- testdb> 
Legacy Store IT (mssql)	Run base tests	2023-11-30T11:29:38.9237141Z -- 2023-11-30 11:29:38.91 spid18s     Database 'master' running the upgrade step from version 949 to version 950.
Legacy Store IT (mssql)	Run base tests	2023-11-30T11:29:38.9293982Z -- testdb> 
Legacy Store IT (mssql)	Run base tests	2023-11-30T11:29:38.9295180Z -- 2023-11-30 11:29:38.92 spid18s     Database 'master' running the upgrade step from version 950 to version 951.
Legacy Store IT (mssql)	Run base tests	2023-11-30T11:29:38.9442170Z -- testdb> 
Legacy Store IT (mssql)	Run base tests	2023-11-30T11:29:38.9443362Z -- 2023-11-30 11:29:38.93 spid18s     Database 'master' running the upgrade step from version 951 to version 952.
Legacy Store IT (mssql)	Run base tests	2023-11-30T11:29:38.9596055Z -- testdb> 
Legacy Store IT (mssql)	Run base tests	2023-11-30T11:29:38.9597516Z -- 2023-11-30 11:29:38.95 spid18s     Database 'master' running the upgrade step from version 952 to version 953.
Legacy Store IT (mssql)	Run base tests	2023-11-30T11:29:38.9668181Z -- testdb> 
Legacy Store IT (mssql)	Run base tests	2023-11-30T11:29:38.9669598Z -- 2023-11-30 11:29:38.96 spid18s     Database 'master' running the upgrade step from version 953 to version 954.
Legacy Store IT (mssql)	Run base tests	2023-11-30T11:29:38.9773544Z -- testdb> 
Legacy Store IT (mssql)	Run base tests	2023-11-30T11:29:38.9775081Z -- 2023-11-30 11:29:38.96 spid18s     Database 'master' running the upgrade step from version 954 to version 955.
Legacy Store IT (mssql)	Run base tests	2023-11-30T11:29:38.9927349Z -- testdb> 
Legacy Store IT (mssql)	Run base tests	2023-11-30T11:29:38.9928746Z -- 2023-11-30 11:29:38.97 spid18s     Database 'master' running the upgrade step from version 955 to version 956.
Legacy Store IT (mssql)	Run base tests	2023-11-30T11:29:39.0146393Z -- testdb> 
Legacy Store IT (mssql)	Run base tests	2023-11-30T11:29:39.0151295Z -- 2023-11-30 11:29:39.00 spid18s     Database 'master' running the upgrade step from version 956 to version 957.
Legacy Store IT (mssql)	Run base tests	2023-11-30T11:29:39.0337445Z -- testdb> 
Legacy Store IT (mssql)	Run base tests	2023-11-30T11:29:39.0342079Z -- 2023-11-30 11:29:39.02 Server      Common language runtime (CLR) functionality initialized.
Legacy Store IT (mssql)	Run base tests	2023-11-30T11:29:39.0677779Z -- testdb> 
Legacy Store IT (mssql)	Run base tests	2023-11-30T11:29:39.0678722Z -- 2023-11-30 11:29:39.05 Server      External governance manager initialized
Legacy Store IT (mssql)	Run base tests	2023-11-30T11:29:39.0680155Z -- testdb> 
Legacy Store IT (mssql)	Run base tests	2023-11-30T11:29:39.0682426Z -- 2023-11-30 11:29:39.06 spid21s     [32767]. Feature Status: PVS: 0. CTR: 0. ConcurrentPFSUpdate: 1. ConcurrentGAMUpdate: 1. ConcurrentSGAMUpdate: 1, CleanupUnderUserTransaction: 0. TranLevelPVS: 0
Legacy Store IT (mssql)	Run base tests	2023-11-30T11:29:39.0706413Z -- testdb> 
Legacy Store IT (mssql)	Run base tests	2023-11-30T11:29:39.0707685Z -- 2023-11-30 11:29:39.06 spid28s     Password policy update was successful.
Legacy Store IT (mssql)	Run base tests	2023-11-30T11:29:39.0718365Z -- testdb> 
Legacy Store IT (mssql)	Run base tests	2023-11-30T11:29:39.0719577Z -- 2023-11-30 11:29:39.06 spid21s     Starting up database 'mssqlsystemresource'.
Legacy Store IT (mssql)	Run base tests	2023-11-30T11:29:39.0840152Z -- testdb> 
Legacy Store IT (mssql)	Run base tests	2023-11-30T11:29:39.0842173Z -- 2023-11-30 11:29:39.07 spid21s     The resource database build version is 16.00.4095. This is an informational message only. No user action is required.
Legacy Store IT (mssql)	Run base tests	2023-11-30T11:29:39.0954156Z -- testdb> 
Legacy Store IT (mssql)	Run base tests	2023-11-30T11:29:39.0956517Z -- 2023-11-30 11:29:39.08 spid18s     [32762]. Feature Status: PVS: 0. CTR: 0. ConcurrentPFSUpdate: 1. ConcurrentGAMUpdate: 1. ConcurrentSGAMUpdate: 1, CleanupUnderUserTransaction: 0. TranLevelPVS: 0
Legacy Store IT (mssql)	Run base tests	2023-11-30T11:29:39.1035565Z -- testdb> 
Legacy Store IT (mssql)	Run base tests	2023-11-30T11:29:39.1036772Z -- 2023-11-30 11:29:39.09 spid18s     Starting up database 'model_replicatedmaster'.
Legacy Store IT (mssql)	Run base tests	2023-11-30T11:29:39.1092455Z -- testdb> 
Legacy Store IT (mssql)	Run base tests	2023-11-30T11:29:39.1111038Z -- 2023-11-30 11:29:39.10 spid21s     [3]. Feature Status: PVS: 0. CTR: 0. ConcurrentPFSUpdate: 1. ConcurrentGAMUpdate: 1. ConcurrentSGAMUpdate: 1, CleanupUnderUserTransaction: 0. TranLevelPVS: 0
Legacy Store IT (mssql)	Run base tests	2023-11-30T11:29:39.1112826Z -- testdb> 
Legacy Store IT (mssql)	Run base tests	2023-11-30T11:29:39.1113615Z -- 2023-11-30 11:29:39.10 spid21s     Starting up database 'model'.
Legacy Store IT (mssql)	Run base tests	2023-11-30T11:29:39.1453641Z -- testdb> 
Legacy Store IT (mssql)	Run base tests	2023-11-30T11:29:39.1456527Z -- 2023-11-30 11:29:39.13 spid18s     The tail of the log for database model_replicatedmaster is being rewritten to match the new sector size of 4096 bytes.  2560 bytes at offset 99840 in file /var/opt/mssql/data/model_replicatedmaster.ldf will be written.
Legacy Store IT (mssql)	Run base tests	2023-11-30T11:29:39.1512288Z -- testdb> 
Legacy Store IT (mssql)	Run base tests	2023-11-30T11:29:39.1514704Z -- 2023-11-30 11:29:39.14 spid21s     The tail of the log for database model is being rewritten to match the new sector size of 4096 bytes.  2048 bytes at offset 75776 in file /var/opt/mssql/data/modellog.ldf will be written.
Legacy Store IT (mssql)	Run base tests	2023-11-30T11:29:39.1698032Z -- testdb> 
Legacy Store IT (mssql)	Run base tests	2023-11-30T11:29:39.1699310Z -- 2023-11-30 11:29:39.16 spid18s     Converting database 'model_replicatedmaster' from version 927 to the current version 957.
Legacy Store IT (mssql)	Run base tests	2023-11-30T11:29:39.1721624Z -- testdb> 
Legacy Store IT (mssql)	Run base tests	2023-11-30T11:29:39.1722898Z -- 2023-11-30 11:29:39.16 spid18s     Database 'model_replicatedmaster' running the upgrade step from version 927 to version 928.
Legacy Store IT (mssql)	Run base tests	2023-11-30T11:29:39.1754363Z -- testdb> 
Legacy Store IT (mssql)	Run base tests	2023-11-30T11:29:39.1756050Z -- 2023-11-30 11:29:39.17 spid18s     Database 'model_replicatedmaster' running the upgrade step from version 928 to version 929.
Legacy Store IT (mssql)	Run base tests	2023-11-30T11:29:39.1786662Z -- testdb> 
Legacy Store IT (mssql)	Run base tests	2023-11-30T11:29:39.1791412Z -- 2023-11-30 11:29:39.17 spid21s     Converting database 'model' from version 927 to the current version 957.
Legacy Store IT (mssql)	Run base tests	2023-11-30T11:29:39.1810613Z -- testdb> 
Legacy Store IT (mssql)	Run base tests	2023-11-30T11:29:39.1811979Z -- 2023-11-30 11:29:39.17 spid21s     Database 'model' running the upgrade step from version 927 to version 928.
Legacy Store IT (mssql)	Run base tests	2023-11-30T11:29:39.1934680Z -- testdb> 
Legacy Store IT (mssql)	Run base tests	2023-11-30T11:29:39.1936566Z -- 2023-11-30 11:29:39.18 spid21s     Database 'model' running the upgrade step from version 928 to version 929.
Legacy Store IT (mssql)	Run base tests	2023-11-30T11:29:39.2006056Z -- testdb> 
Legacy Store IT (mssql)	Run base tests	2023-11-30T11:29:39.2007699Z -- 2023-11-30 11:29:39.19 spid18s     Database 'model_replicatedmaster' running the upgrade step from version 929 to version 930.
Legacy Store IT (mssql)	Run base tests	2023-11-30T11:29:39.2103143Z -- testdb> 
Legacy Store IT (mssql)	Run base tests	2023-11-30T11:29:39.2110683Z -- 2023-11-30 11:29:39.20 spid18s     Database 'model_replicatedmaster' running the upgrade step from version 930 to version 931.
Legacy Store IT (mssql)	Run base tests	2023-11-30T11:29:39.2112252Z -- testdb> 
Legacy Store IT (mssql)	Run base tests	2023-11-30T11:29:39.2113607Z -- 2023-11-30 11:29:39.20 spid21s     Database 'model' running the upgrade step from version 929 to version 930.
Legacy Store IT (mssql)	Run base tests	2023-11-30T11:29:39.2147922Z -- testdb> 
Legacy Store IT (mssql)	Run base tests	2023-11-30T11:29:39.2149473Z -- 2023-11-30 11:29:39.21 spid18s     Database 'model_replicatedmaster' running the upgrade step from version 931 to version 932.
Legacy Store IT (mssql)	Run base tests	2023-11-30T11:29:39.2193432Z -- testdb> 
Legacy Store IT (mssql)	Run base tests	2023-11-30T11:29:39.2194923Z -- 2023-11-30 11:29:39.21 spid18s     Database 'model_replicatedmaster' running the upgrade step from version 932 to version 933.
Legacy Store IT (mssql)	Run base tests	2023-11-30T11:29:39.2198792Z -- testdb> 
Legacy Store IT (mssql)	Run base tests	2023-11-30T11:29:39.2199965Z -- 2023-11-30 11:29:39.21 spid21s     Database 'model' running the upgrade step from version 930 to version 931.
Legacy Store IT (mssql)	Run base tests	2023-11-30T11:29:39.2230538Z -- testdb> 
Legacy Store IT (mssql)	Run base tests	2023-11-30T11:29:39.2231722Z -- 2023-11-30 11:29:39.21 spid21s     Database 'model' running the upgrade step from version 931 to version 932.
Legacy Store IT (mssql)	Run base tests	2023-11-30T11:29:39.2257759Z -- testdb> 
Legacy Store IT (mssql)	Run base tests	2023-11-30T11:29:39.2259283Z -- 2023-11-30 11:29:39.21 spid18s     Database 'model_replicatedmaster' running the upgrade step from version 933 to version 934.
Legacy Store IT (mssql)	Run base tests	2023-11-30T11:29:39.2282722Z -- testdb> 
Legacy Store IT (mssql)	Run base tests	2023-11-30T11:29:39.2284231Z -- 2023-11-30 11:29:39.22 spid21s     Database 'model' running the upgrade step from version 932 to version 933.
Legacy Store IT (mssql)	Run base tests	2023-11-30T11:29:39.2326456Z -- testdb> 
Legacy Store IT (mssql)	Run base tests	2023-11-30T11:29:39.2327945Z -- 2023-11-30 11:29:39.22 spid18s     Database 'model_replicatedmaster' running the upgrade step from version 934 to version 935.
Legacy Store IT (mssql)	Run base tests	2023-11-30T11:29:39.2359391Z -- testdb> 
Legacy Store IT (mssql)	Run base tests	2023-11-30T11:29:39.2360562Z -- 2023-11-30 11:29:39.23 spid21s     Database 'model' running the upgrade step from version 933 to version 934.
Legacy Store IT (mssql)	Run base tests	2023-11-30T11:29:39.2366382Z -- testdb> 
Legacy Store IT (mssql)	Run base tests	2023-11-30T11:29:39.2367954Z -- 2023-11-30 11:29:39.23 spid18s     Database 'model_replicatedmaster' running the upgrade step from version 935 to version 936.
Legacy Store IT (mssql)	Run base tests	2023-11-30T11:29:39.2398120Z -- testdb> 
Legacy Store IT (mssql)	Run base tests	2023-11-30T11:29:39.2399692Z -- 2023-11-30 11:29:39.23 spid18s     Database 'model_replicatedmaster' running the upgrade step from version 936 to version 937.
Legacy Store IT (mssql)	Run base tests	2023-11-30T11:29:39.2412970Z -- testdb> 
Legacy Store IT (mssql)	Run base tests	2023-11-30T11:29:39.2414121Z -- 2023-11-30 11:29:39.23 spid21s     Database 'model' running the upgrade step from version 934 to version 935.
Legacy Store IT (mssql)	Run base tests	2023-11-30T11:29:39.2500900Z -- testdb> 
Legacy Store IT (mssql)	Run base tests	2023-11-30T11:29:39.2502205Z -- 2023-11-30 11:29:39.23 spid18s     Database 'model_replicatedmaster' running the upgrade step from version 937 to version 938.
Legacy Store IT (mssql)	Run base tests	2023-11-30T11:29:39.2519805Z -- testdb> 
Legacy Store IT (mssql)	Run base tests	2023-11-30T11:29:39.2520944Z -- 2023-11-30 11:29:39.24 spid21s     Database 'model' running the upgrade step from version 935 to version 936.
Legacy Store IT (mssql)	Run base tests	2023-11-30T11:29:39.2551583Z -- testdb> 
Legacy Store IT (mssql)	Run base tests	2023-11-30T11:29:39.2552940Z -- 2023-11-30 11:29:39.25 spid21s     Database 'model' running the upgrade step from version 936 to version 937.
Legacy Store IT (mssql)	Run base tests	2023-11-30T11:29:39.2562716Z -- testdb> 
Legacy Store IT (mssql)	Run base tests	2023-11-30T11:29:39.2564035Z -- 2023-11-30 11:29:39.25 spid18s     Database 'model_replicatedmaster' running the upgrade step from version 938 to version 939.
Legacy Store IT (mssql)	Run base tests	2023-11-30T11:29:39.2597607Z -- testdb> 
Legacy Store IT (mssql)	Run base tests	2023-11-30T11:29:39.2600324Z -- 2023-11-30 11:29:39.25 spid21s     Database 'model' running the upgrade step from version 937 to version 938.
Legacy Store IT (mssql)	Run base tests	2023-11-30T11:29:39.2607469Z -- testdb> 
Legacy Store IT (mssql)	Run base tests	2023-11-30T11:29:39.2608922Z -- 2023-11-30 11:29:39.25 spid18s     Database 'model_replicatedmaster' running the upgrade step from version 939 to version 940.
Legacy Store IT (mssql)	Run base tests	2023-11-30T11:29:39.2633982Z -- testdb> 
Legacy Store IT (mssql)	Run base tests	2023-11-30T11:29:39.2636288Z -- 2023-11-30 11:29:39.25 spid21s     Database 'model' running the upgrade step from version 938 to version 939.
Legacy Store IT (mssql)	Run base tests	2023-11-30T11:29:39.2657293Z -- testdb> 
Legacy Store IT (mssql)	Run base tests	2023-11-30T11:29:39.2658824Z -- 2023-11-30 11:29:39.25 spid18s     Database 'model_replicatedmaster' running the upgrade step from version 940 to version 941.
Legacy Store IT (mssql)	Run base tests	2023-11-30T11:29:39.2668814Z -- testdb> 
Legacy Store IT (mssql)	Run base tests	2023-11-30T11:29:39.2670716Z -- 2023-11-30 11:29:39.26 spid21s     Database 'model' running the upgrade step from version 939 to version 940.
Legacy Store IT (mssql)	Run base tests	2023-11-30T11:29:39.2692086Z -- testdb> 
Legacy Store IT (mssql)	Run base tests	2023-11-30T11:29:39.2694426Z -- 2023-11-30 11:29:39.26 spid18s     Database 'model_replicatedmaster' running the upgrade step from version 941 to version 942.
Legacy Store IT (mssql)	Run base tests	2023-11-30T11:29:39.2709307Z -- testdb> 
Legacy Store IT (mssql)	Run base tests	2023-11-30T11:29:39.2710434Z -- 2023-11-30 11:29:39.26 spid21s     Database 'model' running the upgrade step from version 940 to version 941.
Legacy Store IT (mssql)	Run base tests	2023-11-30T11:29:39.2741173Z -- testdb> 
Legacy Store IT (mssql)	Run base tests	2023-11-30T11:29:39.2747260Z -- 2023-11-30 11:29:39.26 spid18s     Database 'model_replicatedmaster' running the upgrade step from version 942 to version 943.
Legacy Store IT (mssql)	Run base tests	2023-11-30T11:29:39.2755085Z -- testdb> 
Legacy Store IT (mssql)	Run base tests	2023-11-30T11:29:39.2761060Z -- 2023-11-30 11:29:39.26 spid21s     Database 'model' running the upgrade step from version 941 to version 942.
Legacy Store IT (mssql)	Run base tests	2023-11-30T11:29:39.2804223Z -- testdb> 
Legacy Store IT (mssql)	Run base tests	2023-11-30T11:29:39.2810216Z -- 2023-11-30 11:29:39.27 spid21s     Database 'model' running the upgrade step from version 942 to version 943.
Legacy Store IT (mssql)	Run base tests	2023-11-30T11:29:39.2959078Z -- testdb> 
Legacy Store IT (mssql)	Run base tests	2023-11-30T11:29:39.2965030Z -- 2023-11-30 11:29:39.29 spid21s     Database 'model' running the upgrade step from version 943 to version 944.
Legacy Store IT (mssql)	Run base tests	2023-11-30T11:29:39.2995428Z -- testdb> 
Legacy Store IT (mssql)	Run base tests	2023-11-30T11:29:39.3003271Z -- 2023-11-30 11:29:39.29 spid18s     Database 'model_replicatedmaster' running the upgrade step from version 943 to version 944.
Legacy Store IT (mssql)	Run base tests	2023-11-30T11:29:39.3011484Z -- testdb> 
Legacy Store IT (mssql)	Run base tests	2023-11-30T11:29:39.3017524Z -- 2023-11-30 11:29:39.29 spid21s     Database 'model' running the upgrade step from version 944 to version 945.
Legacy Store IT (mssql)	Run base tests	2023-11-30T11:29:39.3076780Z -- testdb> 
Legacy Store IT (mssql)	Run base tests	2023-11-30T11:29:39.3078089Z -- 2023-11-30 11:29:39.30 spid18s     Database 'model_replicatedmaster' running the upgrade step from version 944 to version 945.
Legacy Store IT (mssql)	Run base tests	2023-11-30T11:29:39.3130412Z -- testdb> 
Legacy Store IT (mssql)	Run base tests	2023-11-30T11:29:39.3131671Z -- 2023-11-30 11:29:39.30 spid21s     Database 'model' running the upgrade step from version 945 to version 946.
Legacy Store IT (mssql)	Run base tests	2023-11-30T11:29:39.3169427Z -- testdb> 
Legacy Store IT (mssql)	Run base tests	2023-11-30T11:29:39.3171960Z -- 2023-11-30 11:29:39.31 spid21s     Database 'model' running the upgrade step from version 946 to version 947.
Legacy Store IT (mssql)	Run base tests	2023-11-30T11:29:39.3195674Z -- testdb> 
Legacy Store IT (mssql)	Run base tests	2023-11-30T11:29:39.3198387Z -- 2023-11-30 11:29:39.31 spid18s     Database 'model_replicatedmaster' running the upgrade step from version 945 to version 946.
Legacy Store IT (mssql)	Run base tests	2023-11-30T11:29:39.3209868Z -- testdb> 
Legacy Store IT (mssql)	Run base tests	2023-11-30T11:29:39.3214331Z -- 2023-11-30 11:29:39.31 spid21s     Database 'model' running the upgrade step from version 947 to version 948.
Legacy Store IT (mssql)	Run base tests	2023-11-30T11:29:39.3266729Z -- testdb> 
Legacy Store IT (mssql)	Run base tests	2023-11-30T11:29:39.3268038Z -- 2023-11-30 11:29:39.31 spid18s     Database 'model_replicatedmaster' running the upgrade step from version 946 to version 947.
Legacy Store IT (mssql)	Run base tests	2023-11-30T11:29:39.3269359Z -- testdb> 
Legacy Store IT (mssql)	Run base tests	2023-11-30T11:29:39.3270464Z -- 2023-11-30 11:29:39.32 spid21s     Database 'model' running the upgrade step from version 948 to version 949.
Legacy Store IT (mssql)	Run base tests	2023-11-30T11:29:39.3314065Z -- testdb> 
Legacy Store IT (mssql)	Run base tests	2023-11-30T11:29:39.3315333Z -- 2023-11-30 11:29:39.32 spid18s     Database 'model_replicatedmaster' running the upgrade step from version 947 to version 948.
Legacy Store IT (mssql)	Run base tests	2023-11-30T11:29:39.3316699Z -- testdb> 
Legacy Store IT (mssql)	Run base tests	2023-11-30T11:29:39.3317770Z -- 2023-11-30 11:29:39.32 spid21s     Database 'model' running the upgrade step from version 949 to version 950.
Legacy Store IT (mssql)	Run base tests	2023-11-30T11:29:39.3372189Z -- testdb> 
Legacy Store IT (mssql)	Run base tests	2023-11-30T11:29:39.3373498Z -- 2023-11-30 11:29:39.33 spid18s     Database 'model_replicatedmaster' running the upgrade step from version 948 to version 949.
Legacy Store IT (mssql)	Run base tests	2023-11-30T11:29:39.3375196Z -- testdb> 
Legacy Store IT (mssql)	Run base tests	2023-11-30T11:29:39.3377020Z -- 2023-11-30 11:29:39.33 spid21s     Database 'model' running the upgrade step from version 950 to version 951.
Legacy Store IT (mssql)	Run base tests	2023-11-30T11:29:39.3406082Z -- testdb> 
Legacy Store IT (mssql)	Run base tests	2023-11-30T11:29:39.3407327Z -- 2023-11-30 11:29:39.33 spid18s     Database 'model_replicatedmaster' running the upgrade step from version 949 to version 950.
Legacy Store IT (mssql)	Run base tests	2023-11-30T11:29:39.3471822Z -- testdb> 
Legacy Store IT (mssql)	Run base tests	2023-11-30T11:29:39.3474177Z -- 2023-11-30 11:29:39.34 spid18s     Database 'model_replicatedmaster' running the upgrade step from version 950 to version 951.
Legacy Store IT (mssql)	Run base tests	2023-11-30T11:29:39.3478651Z -- testdb> 
Legacy Store IT (mssql)	Run base tests	2023-11-30T11:29:39.3482243Z -- 2023-11-30 11:29:39.34 spid21s     Database 'model' running the upgrade step from version 951 to version 952.
Legacy Store IT (mssql)	Run base tests	2023-11-30T11:29:39.3499510Z -- testdb> 
Legacy Store IT (mssql)	Run base tests	2023-11-30T11:29:39.3500644Z -- 2023-11-30 11:29:39.34 spid21s     Database 'model' running the upgrade step from version 952 to version 953.
Legacy Store IT (mssql)	Run base tests	2023-11-30T11:29:39.3603320Z -- testdb> 
Legacy Store IT (mssql)	Run base tests	2023-11-30T11:29:39.3605196Z -- 2023-11-30 11:29:39.35 spid18s     Database 'model_replicatedmaster' running the upgrade step from version 951 to version 952.
Legacy Store IT (mssql)	Run base tests	2023-11-30T11:29:39.3625173Z -- testdb> 
Legacy Store IT (mssql)	Run base tests	2023-11-30T11:29:39.3626283Z -- 2023-11-30 11:29:39.35 spid21s     Database 'model' running the upgrade step from version 953 to version 954.
Legacy Store IT (mssql)	Run base tests	2023-11-30T11:29:39.3652027Z -- testdb> 
Legacy Store IT (mssql)	Run base tests	2023-11-30T11:29:39.3653318Z -- 2023-11-30 11:29:39.36 spid18s     Database 'model_replicatedmaster' running the upgrade step from version 952 to version 953.
Legacy Store IT (mssql)	Run base tests	2023-11-30T11:29:39.3659537Z -- testdb> 
Legacy Store IT (mssql)	Run base tests	2023-11-30T11:29:39.3660632Z -- 2023-11-30 11:29:39.36 spid21s     Database 'model' running the upgrade step from version 954 to version 955.
Legacy Store IT (mssql)	Run base tests	2023-11-30T11:29:39.3686454Z -- testdb> 
Legacy Store IT (mssql)	Run base tests	2023-11-30T11:29:39.3687628Z -- 2023-11-30 11:29:39.36 spid21s     Database 'model' running the upgrade step from version 955 to version 956.
Legacy Store IT (mssql)	Run base tests	2023-11-30T11:29:39.3713084Z -- testdb> 
Legacy Store IT (mssql)	Run base tests	2023-11-30T11:29:39.3714843Z -- 2023-11-30 11:29:39.36 spid18s     Database 'model_replicatedmaster' running the upgrade step from version 953 to version 954.
Legacy Store IT (mssql)	Run base tests	2023-11-30T11:29:39.3752200Z -- testdb> 
Legacy Store IT (mssql)	Run base tests	2023-11-30T11:29:39.3753365Z -- 2023-11-30 11:29:39.36 spid18s     Database 'model_replicatedmaster' running the upgrade step from version 954 to version 955.
Legacy Store IT (mssql)	Run base tests	2023-11-30T11:29:39.3816228Z -- testdb> 
Legacy Store IT (mssql)	Run base tests	2023-11-30T11:29:39.3817036Z -- 2023-11-30 11:29:39.37 spid21s     Database 'model' running the upgrade step from version 956 to version 957.
Legacy Store IT (mssql)	Run base tests	2023-11-30T11:29:39.3847055Z -- testdb> 
Legacy Store IT (mssql)	Run base tests	2023-11-30T11:29:39.3848312Z -- 2023-11-30 11:29:39.37 spid18s     Database 'model_replicatedmaster' running the upgrade step from version 955 to version 956.
Legacy Store IT (mssql)	Run base tests	2023-11-30T11:29:39.4006312Z -- testdb> 
Legacy Store IT (mssql)	Run base tests	2023-11-30T11:29:39.4008305Z -- 2023-11-30 11:29:39.39 spid18s     Database 'model_replicatedmaster' running the upgrade step from version 956 to version 957.
Legacy Store IT (mssql)	Run base tests	2023-11-30T11:29:39.4571466Z -- testdb> 
Legacy Store IT (mssql)	Run base tests	2023-11-30T11:29:39.4573472Z -- 2023-11-30 11:29:39.45 spid18s     [32761]. Feature Status: PVS: 0. CTR: 0. ConcurrentPFSUpdate: 1. ConcurrentGAMUpdate: 1. ConcurrentSGAMUpdate: 1, CleanupUnderUserTransaction: 0. TranLevelPVS: 0
Legacy Store IT (mssql)	Run base tests	2023-11-30T11:29:39.4575266Z -- testdb> 
Legacy Store IT (mssql)	Run base tests	2023-11-30T11:29:39.4576249Z -- 2023-11-30 11:29:39.45 spid18s     Starting up database 'model_msdb'.
Legacy Store IT (mssql)	Run base tests	2023-11-30T11:29:39.4980918Z -- testdb> 
Legacy Store IT (mssql)	Run base tests	2023-11-30T11:29:39.4982075Z -- 2023-11-30 11:29:39.49 spid18s     Converting database 'model_msdb' from version 927 to the current version 957.
Legacy Store IT (mssql)	Run base tests	2023-11-30T11:29:39.4996806Z -- testdb> 
Legacy Store IT (mssql)	Run base tests	2023-11-30T11:29:39.4998080Z -- 2023-11-30 11:29:39.49 spid18s     Database 'model_msdb' running the upgrade step from version 927 to version 928.
Legacy Store IT (mssql)	Run base tests	2023-11-30T11:29:39.5022797Z -- testdb> 
Legacy Store IT (mssql)	Run base tests	2023-11-30T11:29:39.5023535Z -- 2023-11-30 11:29:39.49 spid18s     Database 'model_msdb' running the upgrade step from version 928 to version 929.
Legacy Store IT (mssql)	Run base tests	2023-11-30T11:29:39.5223687Z -- testdb> 
Legacy Store IT (mssql)	Run base tests	2023-11-30T11:29:39.5224842Z -- 2023-11-30 11:29:39.51 spid18s     Database 'model_msdb' running the upgrade step from version 929 to version 930.
Legacy Store IT (mssql)	Run base tests	2023-11-30T11:29:39.5286700Z -- testdb> 
Legacy Store IT (mssql)	Run base tests	2023-11-30T11:29:39.5287910Z -- 2023-11-30 11:29:39.52 spid28s     A self-generated certificate was successfully loaded for encryption.
Legacy Store IT (mssql)	Run base tests	2023-11-30T11:29:39.5300721Z -- testdb> 
Legacy Store IT (mssql)	Run base tests	2023-11-30T11:29:39.5304087Z -- 2023-11-30 11:29:39.52 spid18s     Database 'model_msdb' running the upgrade step from version 930 to version 931.
Legacy Store IT (mssql)	Run base tests	2023-11-30T11:29:39.5313699Z -- testdb> 
Legacy Store IT (mssql)	Run base tests	2023-11-30T11:29:39.5318069Z -- 2023-11-30 11:29:39.52 spid28s     Server is listening on [ 'any' <ipv6> 1433] accept sockets 1.
Legacy Store IT (mssql)	Run base tests	2023-11-30T11:29:39.5325044Z -- testdb> 
Legacy Store IT (mssql)	Run base tests	2023-11-30T11:29:39.5326109Z -- 2023-11-30 11:29:39.52 spid28s     Server is listening on [ 'any' <ipv4> 1433] accept sockets 1.
Legacy Store IT (mssql)	Run base tests	2023-11-30T11:29:39.5359240Z -- testdb> 
Legacy Store IT (mssql)	Run base tests	2023-11-30T11:29:39.5360571Z -- 2023-11-30 11:29:39.53 spid18s     Database 'model_msdb' running the upgrade step from version 931 to version 932.
Legacy Store IT (mssql)	Run base tests	2023-11-30T11:29:39.5361909Z -- testdb> 
Legacy Store IT (mssql)	Run base tests	2023-11-30T11:29:39.5363091Z -- 2023-11-30 11:29:39.53 Server      Server is listening on [ ::1 <ipv6> 1434] accept sockets 1.
Legacy Store IT (mssql)	Run base tests	2023-11-30T11:29:39.5371741Z -- testdb> 
Legacy Store IT (mssql)	Run base tests	2023-11-30T11:29:39.5372795Z -- 2023-11-30 11:29:39.53 Server      Server is listening on [ 127.0.0.1 <ipv4> 1434] accept sockets 1.
Legacy Store IT (mssql)	Run base tests	2023-11-30T11:29:39.5393590Z -- testdb> 
Legacy Store IT (mssql)	Run base tests	2023-11-30T11:29:39.5394932Z -- 2023-11-30 11:29:39.53 Server      Dedicated admin connection support was established for listening locally on port 1434.
Legacy Store IT (mssql)	Run base tests	2023-11-30T11:29:39.5414216Z -- testdb> 
Legacy Store IT (mssql)	Run base tests	2023-11-30T11:29:39.5415416Z -- 2023-11-30 11:29:39.53 spid18s     Database 'model_msdb' running the upgrade step from version 932 to version 933.
Legacy Store IT (mssql)	Run base tests	2023-11-30T11:29:39.5433067Z -- testdb> 
Legacy Store IT (mssql)	Run base tests	2023-11-30T11:29:39.5434238Z -- 2023-11-30 11:29:39.53 spid28s     Server is listening on [ ::1 <ipv6> 1431] accept sockets 1.
Legacy Store IT (mssql)	Run base tests	2023-11-30T11:29:39.5444735Z -- testdb> 
Legacy Store IT (mssql)	Run base tests	2023-11-30T11:29:39.5445799Z -- 2023-11-30 11:29:39.53 spid28s     Server is listening on [ 127.0.0.1 <ipv4> 1431] accept sockets 1.
Legacy Store IT (mssql)	Run base tests	2023-11-30T11:29:39.5455247Z -- testdb> 
Legacy Store IT (mssql)	Run base tests	2023-11-30T11:29:39.5456848Z -- 2023-11-30 11:29:39.54 spid28s     SQL Server is now ready for client connections. This is an informational message; no user action is required.
Legacy Store IT (mssql)	Run base tests	2023-11-30T11:29:39.5460289Z -- [INFO] DOCKER> Pattern '(?si)SQL Server is now ready for client connections.' matched for container fa4f38d288d9
Legacy Store IT (mssql)	Run base tests	2023-11-30T11:29:39.5487181Z -- testdb> 
Legacy Store IT (mssql)	Run base tests	2023-11-30T11:29:39.5488349Z -- 2023-11-30 11:29:39.54 spid18s     Database 'model_msdb' running the upgrade step from version 933 to version 934.
Legacy Store IT (mssql)	Run base tests	2023-11-30T11:29:39.5515679Z -- testdb> 
Legacy Store IT (mssql)	Run base tests	2023-11-30T11:29:39.5516956Z -- 2023-11-30 11:29:39.54 spid18s     Database 'model_msdb' running the upgrade step from version 934 to version 935.
Legacy Store IT (mssql)	Run base tests	2023-11-30T11:29:39.5542863Z -- testdb> 
Legacy Store IT (mssql)	Run base tests	2023-11-30T11:29:39.5544355Z -- 2023-11-30 11:29:39.54 spid18s     Database 'model_msdb' running the upgrade step from version 935 to version 936.
Legacy Store IT (mssql)	Run base tests	2023-11-30T11:29:39.5547781Z -- [INFO] DOCKER> [mcr.microsoft.com/mssql/server:2022-latest] "testdb": Waited on log out '(?si)SQL Server is now ready for client connections.' 3512 ms
Legacy Store IT (mssql)	Run base tests	2023-11-30T11:29:39.5573883Z -- testdb> 
Legacy Store IT (mssql)	Run base tests	2023-11-30T11:29:39.5575186Z -- 2023-11-30 11:29:39.55 spid18s     Database 'model_msdb' running the upgrade step from version 936 to version 937.
Legacy Store IT (mssql)	Run base tests	2023-11-30T11:29:39.5613736Z -- testdb> 
Legacy Store IT (mssql)	Run base tests	2023-11-30T11:29:39.5615028Z -- 2023-11-30 11:29:39.55 spid18s     Database 'model_msdb' running the upgrade step from version 937 to version 938.
Legacy Store IT (mssql)	Run base tests	2023-11-30T11:29:39.5647360Z -- testdb> 
Legacy Store IT (mssql)	Run base tests	2023-11-30T11:29:39.5649074Z -- 2023-11-30 11:29:39.56 spid18s     Database 'model_msdb' running the upgrade step from version 938 to version 939.
Legacy Store IT (mssql)	Run base tests	2023-11-30T11:29:39.5681820Z -- testdb> 
Legacy Store IT (mssql)	Run base tests	2023-11-30T11:29:39.5683009Z -- 2023-11-30 11:29:39.56 spid18s     Database 'model_msdb' running the upgrade step from version 939 to version 940.
Legacy Store IT (mssql)	Run base tests	2023-11-30T11:29:39.5713229Z -- testdb> 
Legacy Store IT (mssql)	Run base tests	2023-11-30T11:29:39.5764536Z -- 2023-11-30 11:29:39.56 spid18s     Database 'model_msdb' running the upgrade step from version 940 to version 941.
Legacy Store IT (mssql)	Run base tests	2023-11-30T11:29:39.5800065Z -- testdb> 
Legacy Store IT (mssql)	Run base tests	2023-11-30T11:29:39.5800960Z -- 2023-11-30 11:29:39.57 spid18s     Database 'model_msdb' running the upgrade step from version 941 to version 942.
Legacy Store IT (mssql)	Run base tests	2023-11-30T11:29:39.5821260Z -- testdb> 
Legacy Store IT (mssql)	Run base tests	2023-11-30T11:29:39.5822087Z -- 2023-11-30 11:29:39.57 spid18s     Database 'model_msdb' running the upgrade step from version 942 to version 943.
Legacy Store IT (mssql)	Run base tests	2023-11-30T11:29:39.5964558Z -- testdb> 
Legacy Store IT (mssql)	Run base tests	2023-11-30T11:29:39.5965406Z -- 2023-11-30 11:29:39.59 spid18s     Database 'model_msdb' running the upgrade step from version 943 to version 944.
Legacy Store IT (mssql)	Run base tests	2023-11-30T11:29:39.5991162Z -- testdb> 
Legacy Store IT (mssql)	Run base tests	2023-11-30T11:29:39.5991889Z -- 2023-11-30 11:29:39.59 spid18s     Database 'model_msdb' running the upgrade step from version 944 to version 945.
Legacy Store IT (mssql)	Run base tests	2023-11-30T11:29:39.6068005Z -- testdb> 
Legacy Store IT (mssql)	Run base tests	2023-11-30T11:29:39.6068798Z -- 2023-11-30 11:29:39.60 spid18s     Database 'model_msdb' running the upgrade step from version 945 to version 946.
Legacy Store IT (mssql)	Run base tests	2023-11-30T11:29:39.6093294Z -- testdb> 
Legacy Store IT (mssql)	Run base tests	2023-11-30T11:29:39.6094317Z -- 2023-11-30 11:29:39.60 spid18s     Database 'model_msdb' running the upgrade step from version 946 to version 947.
Legacy Store IT (mssql)	Run base tests	2023-11-30T11:29:39.6120688Z -- testdb> 
Legacy Store IT (mssql)	Run base tests	2023-11-30T11:29:39.6121628Z -- 2023-11-30 11:29:39.60 spid18s     Database 'model_msdb' running the upgrade step from version 947 to version 948.
Legacy Store IT (mssql)	Run base tests	2023-11-30T11:29:39.6149294Z -- testdb> 
Legacy Store IT (mssql)	Run base tests	2023-11-30T11:29:39.6150347Z -- 2023-11-30 11:29:39.61 spid18s     Database 'model_msdb' running the upgrade step from version 948 to version 949.
Legacy Store IT (mssql)	Run base tests	2023-11-30T11:29:39.6180794Z -- testdb> 
Legacy Store IT (mssql)	Run base tests	2023-11-30T11:29:39.6181774Z -- 2023-11-30 11:29:39.61 spid18s     Database 'model_msdb' running the upgrade step from version 949 to version 950.
Legacy Store IT (mssql)	Run base tests	2023-11-30T11:29:39.6205719Z -- testdb> 
Legacy Store IT (mssql)	Run base tests	2023-11-30T11:29:39.6206917Z -- 2023-11-30 11:29:39.61 spid18s     Database 'model_msdb' running the upgrade step from version 950 to version 951.
Legacy Store IT (mssql)	Run base tests	2023-11-30T11:29:39.6307007Z -- testdb> 
Legacy Store IT (mssql)	Run base tests	2023-11-30T11:29:39.6308484Z -- 2023-11-30 11:29:39.62 spid18s     Database 'model_msdb' running the upgrade step from version 951 to version 952.
Legacy Store IT (mssql)	Run base tests	2023-11-30T11:29:39.6334592Z -- testdb> 
Legacy Store IT (mssql)	Run base tests	2023-11-30T11:29:39.6336247Z -- 2023-11-30 11:29:39.62 spid18s     Database 'model_msdb' running the upgrade step from version 952 to version 953.
Legacy Store IT (mssql)	Run base tests	2023-11-30T11:29:39.6385018Z -- testdb> 
Legacy Store IT (mssql)	Run base tests	2023-11-30T11:29:39.6386354Z -- 2023-11-30 11:29:39.63 spid18s     Database 'model_msdb' running the upgrade step from version 953 to version 954.
Legacy Store IT (mssql)	Run base tests	2023-11-30T11:29:39.6413670Z -- testdb> 
Legacy Store IT (mssql)	Run base tests	2023-11-30T11:29:39.6414709Z -- 2023-11-30 11:29:39.63 spid18s     Database 'model_msdb' running the upgrade step from version 954 to version 955.
Legacy Store IT (mssql)	Run base tests	2023-11-30T11:29:39.6441443Z -- testdb> 
Legacy Store IT (mssql)	Run base tests	2023-11-30T11:29:39.6442625Z -- 2023-11-30 11:29:39.63 spid18s     Database 'model_msdb' running the upgrade step from version 955 to version 956.
Legacy Store IT (mssql)	Run base tests	2023-11-30T11:29:39.6591631Z -- testdb> 
Legacy Store IT (mssql)	Run base tests	2023-11-30T11:29:39.6592778Z -- 2023-11-30 11:29:39.65 spid18s     Database 'model_msdb' running the upgrade step from version 956 to version 957.
Legacy Store IT (mssql)	Run base tests	2023-11-30T11:29:39.6825906Z -- testdb> 
Legacy Store IT (mssql)	Run base tests	2023-11-30T11:29:39.6826863Z -- 2023-11-30 11:29:39.67 spid30s     Attribute synchronization initialized
Legacy Store IT (mssql)	Run base tests	2023-11-30T11:29:39.6837515Z -- testdb> 
Legacy Store IT (mssql)	Run base tests	2023-11-30T11:29:39.6838507Z -- 2023-11-30 11:29:39.67 spid30s     Attribute synchronization manager initialized
Legacy Store IT (mssql)	Run base tests	2023-11-30T11:29:39.6849147Z -- testdb> 
Legacy Store IT (mssql)	Run base tests	2023-11-30T11:29:39.6850026Z -- 2023-11-30 11:29:39.68 spid18s     Resource governor reconfiguration succeeded.
Legacy Store IT (mssql)	Run base tests	2023-11-30T11:29:39.6868567Z -- testdb> 
Legacy Store IT (mssql)	Run base tests	2023-11-30T11:29:39.6870034Z -- 2023-11-30 11:29:39.68 spid18s     SQL Server Audit is starting the audits. This is an informational message. No user action is required.
Legacy Store IT (mssql)	Run base tests	2023-11-30T11:29:39.6876651Z -- testdb> 
Legacy Store IT (mssql)	Run base tests	2023-11-30T11:29:39.6878056Z -- 2023-11-30 11:29:39.68 spid18s     SQL Server Audit has started the audits. This is an informational message. No user action is required.
Legacy Store IT (mssql)	Run base tests	2023-11-30T11:29:39.6895192Z -- testdb> 
Legacy Store IT (mssql)	Run base tests	2023-11-30T11:29:39.6896334Z -- 2023-11-30 11:29:39.68 spid18s     XE session 'system_health' started.
Legacy Store IT (mssql)	Run base tests	2023-11-30T11:29:39.7156297Z -- testdb> 
Legacy Store IT (mssql)	Run base tests	2023-11-30T11:29:39.7157197Z -- 2023-11-30 11:29:39.71 spid18s     SQL Trace ID 1 was started by login "sa".
Legacy Store IT (mssql)	Run base tests	2023-11-30T11:29:39.7204559Z -- testdb> 
Legacy Store IT (mssql)	Run base tests	2023-11-30T11:29:39.7205968Z -- 2023-11-30 11:29:39.71 spid18s     Server name is 'fa4f38d288d9'. This is an informational message only. No user action is required.
Legacy Store IT (mssql)	Run base tests	2023-11-30T11:29:39.7359566Z -- testdb> 
Legacy Store IT (mssql)	Run base tests	2023-11-30T11:29:39.7360414Z -- 2023-11-30 11:29:39.73 Logon       Error: 18456, Severity: 14, State: 7.
Legacy Store IT (mssql)	Run base tests	2023-11-30T11:29:39.7378901Z -- testdb> 
Legacy Store IT (mssql)	Run base tests	2023-11-30T11:29:39.7380260Z -- 2023-11-30 11:29:39.73 Logon       Login failed for user 'sa'. Reason: An error occurred while evaluating the password. [CLIENT: 172.17.0.2]
Legacy Store IT (mssql)	Run base tests	2023-11-30T11:29:39.7396048Z -- testdb> Sqlcmd: Error: Microsoft ODBC Driver 17 for SQL Server : Login failed for user 'sa'..
Legacy Store IT (mssql)	Run base tests	2023-11-30T11:29:39.7420509Z -- testdb> 
Legacy Store IT (mssql)	Run base tests	2023-11-30T11:29:39.7424620Z -- 2023-11-30 11:29:39.73 spid38s     Always On: The availability replica manager is starting. This is an informational message only. No user action is required.
Legacy Store IT (mssql)	Run base tests	2023-11-30T11:29:39.7437874Z -- testdb> 
Legacy Store IT (mssql)	Run base tests	2023-11-30T11:29:39.7438909Z -- 2023-11-30 11:29:39.73 spid21s     Clearing tempdb database.
Legacy Store IT (mssql)	Run base tests	2023-11-30T11:29:39.7494961Z -- [ERROR] DOCKER> Error occurred during container startup, shutting down...
Legacy Store IT (mssql)	Run base tests	2023-11-30T11:29:39.7526820Z -- testdb> 
Legacy Store IT (mssql)	Run base tests	2023-11-30T11:29:39.7529230Z -- 2023-11-30 11:29:39.73 spid40s     [4]. Feature Status: PVS: 0. CTR: 0. ConcurrentPFSUpdate: 1. ConcurrentGAMUpdate: 1. ConcurrentSGAMUpdate: 1, CleanupUnderUserTransaction: 0. TranLevelPVS: 0
Legacy Store IT (mssql)	Run base tests	2023-11-30T11:29:39.7583564Z -- testdb> 
Legacy Store IT (mssql)	Run base tests	2023-11-30T11:29:39.7585822Z -- 2023-11-30 11:29:39.74 spid38s     Always On: The availability replica manager is waiting for the instance of SQL Server to allow client connections. This is an informational message only. No user action is required.
Legacy Store IT (mssql)	Run base tests	2023-11-30T11:29:39.7621570Z -- testdb> 
Legacy Store IT (mssql)	Run base tests	2023-11-30T11:29:39.7626914Z -- 2023-11-30 11:29:39.75 spid40s     Starting up database 'msdb'.
Legacy Store IT (mssql)	Run base tests	2023-11-30T11:29:39.8214002Z -- testdb> 
Legacy Store IT (mssql)	Run base tests	2023-11-30T11:29:39.8215870Z -- 2023-11-30 11:29:39.81 spid40s     Converting database 'msdb' from version 927 to the current version 957.
Legacy Store IT (mssql)	Run base tests	2023-11-30T11:29:39.8228386Z -- testdb> 
Legacy Store IT (mssql)	Run base tests	2023-11-30T11:29:39.8229552Z -- 2023-11-30 11:29:39.81 spid40s     Database 'msdb' running the upgrade step from version 927 to version 928.
Legacy Store IT (mssql)	Run base tests	2023-11-30T11:29:39.8403840Z -- testdb> 
Legacy Store IT (mssql)	Run base tests	2023-11-30T11:29:39.8405911Z -- 2023-11-30 11:29:39.83 spid40s     Database 'msdb' running the upgrade step from version 928 to version 929.
Legacy Store IT (mssql)	Run base tests	2023-11-30T11:29:39.8649049Z -- testdb> 
Legacy Store IT (mssql)	Run base tests	2023-11-30T11:29:39.8650925Z -- 2023-11-30 11:29:39.85 spid21s     [2]. Feature Status: PVS: 0. CTR: 0. ConcurrentPFSUpdate: 1. ConcurrentGAMUpdate: 1. ConcurrentSGAMUpdate: 1, CleanupUnderUserTransaction: 0. TranLevelPVS: 0
Legacy Store IT (mssql)	Run base tests	2023-11-30T11:29:39.8658623Z -- testdb> 
Legacy Store IT (mssql)	Run base tests	2023-11-30T11:29:39.8659433Z -- 2023-11-30 11:29:39.86 spid21s     Starting up database 'tempdb'.
Legacy Store IT (mssql)	Run base tests	2023-11-30T11:29:39.8668266Z -- testdb> 
Legacy Store IT (mssql)	Run base tests	2023-11-30T11:29:39.8669943Z -- 2023-11-30 11:29:39.86 spid40s     Database 'msdb' running the upgrade step from version 929 to version 930.
Legacy Store IT (mssql)	Run base tests	2023-11-30T11:29:39.8764773Z -- testdb> 
Legacy Store IT (mssql)	Run base tests	2023-11-30T11:29:39.8765813Z -- 2023-11-30 11:29:39.87 spid40s     Database 'msdb' running the upgrade step from version 930 to version 931.
Legacy Store IT (mssql)	Run base tests	2023-11-30T11:29:39.8793997Z -- testdb> 
Legacy Store IT (mssql)	Run base tests	2023-11-30T11:29:39.8795198Z -- 2023-11-30 11:29:39.87 spid40s     Database 'msdb' running the upgrade step from version 931 to version 932.
Legacy Store IT (mssql)	Run base tests	2023-11-30T11:29:39.8828407Z -- testdb> 
Legacy Store IT (mssql)	Run base tests	2023-11-30T11:29:39.8829520Z -- 2023-11-30 11:29:39.87 spid40s     Database 'msdb' running the upgrade step from version 932 to version 933.
Legacy Store IT (mssql)	Run base tests	2023-11-30T11:29:39.8904697Z -- testdb> 
Legacy Store IT (mssql)	Run base tests	2023-11-30T11:29:39.8905809Z -- 2023-11-30 11:29:39.88 spid40s     Database 'msdb' running the upgrade step from version 933 to version 934.
Legacy Store IT (mssql)	Run base tests	2023-11-30T11:29:39.8933979Z -- testdb> 
Legacy Store IT (mssql)	Run base tests	2023-11-30T11:29:39.8935076Z -- 2023-11-30 11:29:39.89 spid40s     Database 'msdb' running the upgrade step from version 934 to version 935.
Legacy Store IT (mssql)	Run base tests	2023-11-30T11:29:39.8965577Z -- testdb> 
Legacy Store IT (mssql)	Run base tests	2023-11-30T11:29:39.8966622Z -- 2023-11-30 11:29:39.89 spid40s     Database 'msdb' running the upgrade step from version 935 to version 936.
Legacy Store IT (mssql)	Run base tests	2023-11-30T11:29:39.9001081Z -- testdb> 
Legacy Store IT (mssql)	Run base tests	2023-11-30T11:29:39.9001784Z -- 2023-11-30 11:29:39.89 spid40s     Database 'msdb' running the upgrade step from version 936 to version 937.
Legacy Store IT (mssql)	Run base tests	2023-11-30T11:29:39.9032981Z -- testdb> 
Legacy Store IT (mssql)	Run base tests	2023-11-30T11:29:39.9034081Z -- 2023-11-30 11:29:39.90 spid40s     Database 'msdb' running the upgrade step from version 937 to version 938.
Legacy Store IT (mssql)	Run base tests	2023-11-30T11:29:39.9090879Z -- testdb> 
Legacy Store IT (mssql)	Run base tests	2023-11-30T11:29:39.9092070Z -- 2023-11-30 11:29:39.90 spid40s     Database 'msdb' running the upgrade step from version 938 to version 939.
Legacy Store IT (mssql)	Run base tests	2023-11-30T11:29:39.9124183Z -- testdb> 
Legacy Store IT (mssql)	Run base tests	2023-11-30T11:29:39.9125211Z -- 2023-11-30 11:29:39.90 spid40s     Database 'msdb' running the upgrade step from version 939 to version 940.
Legacy Store IT (mssql)	Run base tests	2023-11-30T11:29:39.9152206Z -- testdb> 
Legacy Store IT (mssql)	Run base tests	2023-11-30T11:29:39.9153309Z -- 2023-11-30 11:29:39.91 spid40s     Database 'msdb' running the upgrade step from version 940 to version 941.
Legacy Store IT (mssql)	Run base tests	2023-11-30T11:29:39.9197157Z -- testdb> 
Legacy Store IT (mssql)	Run base tests	2023-11-30T11:29:39.9198376Z -- 2023-11-30 11:29:39.91 spid40s     Database 'msdb' running the upgrade step from version 941 to version 942.
Legacy Store IT (mssql)	Run base tests	2023-11-30T11:29:39.9209893Z -- testdb> 
Legacy Store IT (mssql)	Run base tests	2023-11-30T11:29:39.9210795Z -- 2023-11-30 11:29:39.91 spid21s     The tempdb database has 1 data file(s).
Legacy Store IT (mssql)	Run base tests	2023-11-30T11:29:39.9232500Z -- testdb> 
Legacy Store IT (mssql)	Run base tests	2023-11-30T11:29:39.9233659Z -- 2023-11-30 11:29:39.91 spid40s     Database 'msdb' running the upgrade step from version 942 to version 943.
Legacy Store IT (mssql)	Run base tests	2023-11-30T11:29:39.9249024Z -- testdb> 
Legacy Store IT (mssql)	Run base tests	2023-11-30T11:29:39.9250117Z -- 2023-11-30 11:29:39.92 spid38s     The Service Broker endpoint is in disabled or stopped state.
Legacy Store IT (mssql)	Run base tests	2023-11-30T11:29:39.9268949Z -- testdb> 
Legacy Store IT (mssql)	Run base tests	2023-11-30T11:29:39.9270074Z -- 2023-11-30 11:29:39.92 spid38s     The Database Mirroring endpoint is in disabled or stopped state.
Legacy Store IT (mssql)	Run base tests	2023-11-30T11:29:39.9353660Z -- testdb> 
Legacy Store IT (mssql)	Run base tests	2023-11-30T11:29:39.9354484Z -- 2023-11-30 11:29:39.93 spid38s     Service Broker manager has started.
Legacy Store IT (mssql)	Run base tests	2023-11-30T11:29:39.9415522Z -- testdb> 
Legacy Store IT (mssql)	Run base tests	2023-11-30T11:29:39.9416503Z -- 2023-11-30 11:29:39.93 spid40s     Database 'msdb' running the upgrade step from version 943 to version 944.
Legacy Store IT (mssql)	Run base tests	2023-11-30T11:29:39.9444950Z -- testdb> 
Legacy Store IT (mssql)	Run base tests	2023-11-30T11:29:39.9446498Z -- 2023-11-30 11:29:39.94 spid40s     Database 'msdb' running the upgrade step from version 944 to version 945.
Legacy Store IT (mssql)	Run base tests	2023-11-30T11:29:39.9539894Z -- testdb> 
Legacy Store IT (mssql)	Run base tests	2023-11-30T11:29:39.9540988Z -- 2023-11-30 11:29:39.95 spid40s     Database 'msdb' running the upgrade step from version 945 to version 946.
Legacy Store IT (mssql)	Run base tests	2023-11-30T11:29:39.9568138Z -- testdb> 
Legacy Store IT (mssql)	Run base tests	2023-11-30T11:29:39.9569136Z -- 2023-11-30 11:29:39.95 spid40s     Database 'msdb' running the upgrade step from version 946 to version 947.
Legacy Store IT (mssql)	Run base tests	2023-11-30T11:29:39.9623188Z -- testdb> 
Legacy Store IT (mssql)	Run base tests	2023-11-30T11:29:39.9623895Z -- 2023-11-30 11:29:39.95 spid40s     Database 'msdb' running the upgrade step from version 947 to version 948.
Legacy Store IT (mssql)	Run base tests	2023-11-30T11:29:39.9653486Z -- testdb> 
Legacy Store IT (mssql)	Run base tests	2023-11-30T11:29:39.9654615Z -- 2023-11-30 11:29:39.96 spid40s     Database 'msdb' running the upgrade step from version 948 to version 949.
Legacy Store IT (mssql)	Run base tests	2023-11-30T11:29:39.9694374Z -- testdb> 
Legacy Store IT (mssql)	Run base tests	2023-11-30T11:29:39.9695394Z -- 2023-11-30 11:29:39.96 spid40s     Database 'msdb' running the upgrade step from version 949 to version 950.
Legacy Store IT (mssql)	Run base tests	2023-11-30T11:29:39.9722896Z -- testdb> 
Legacy Store IT (mssql)	Run base tests	2023-11-30T11:29:39.9724064Z -- 2023-11-30 11:29:39.96 spid40s     Database 'msdb' running the upgrade step from version 950 to version 951.
Legacy Store IT (mssql)	Run base tests	2023-11-30T11:29:39.9812040Z -- testdb> 
Legacy Store IT (mssql)	Run base tests	2023-11-30T11:29:39.9813136Z -- 2023-11-30 11:29:39.97 spid40s     Database 'msdb' running the upgrade step from version 951 to version 952.
Legacy Store IT (mssql)	Run base tests	2023-11-30T11:29:39.9842633Z -- testdb> 
Legacy Store IT (mssql)	Run base tests	2023-11-30T11:29:39.9844637Z -- 2023-11-30 11:29:39.98 spid40s     Database 'msdb' running the upgrade step from version 952 to version 953.
Legacy Store IT (mssql)	Run base tests	2023-11-30T11:29:39.9895962Z -- testdb> 
Legacy Store IT (mssql)	Run base tests	2023-11-30T11:29:39.9897138Z -- 2023-11-30 11:29:39.98 spid40s     Database 'msdb' running the upgrade step from version 953 to version 954.
Legacy Store IT (mssql)	Run base tests	2023-11-30T11:29:39.9924444Z -- testdb> 
Legacy Store IT (mssql)	Run base tests	2023-11-30T11:29:39.9925405Z -- 2023-11-30 11:29:39.98 spid40s     Database 'msdb' running the upgrade step from version 954 to version 955.
Legacy Store IT (mssql)	Run base tests	2023-11-30T11:29:39.9947730Z -- testdb> 
Legacy Store IT (mssql)	Run base tests	2023-11-30T11:29:39.9948697Z -- 2023-11-30 11:29:39.99 spid40s     Database 'msdb' running the upgrade step from version 955 to version 956.
Legacy Store IT (mssql)	Run base tests	2023-11-30T11:29:40.0103440Z -- testdb> 
Legacy Store IT (mssql)	Run base tests	2023-11-30T11:29:40.0104627Z -- 2023-11-30 11:29:40.00 spid40s     Database 'msdb' running the upgrade step from version 956 to version 957.
Legacy Store IT (mssql)	Run base tests	2023-11-30T11:29:40.0306163Z -- testdb> 
Legacy Store IT (mssql)	Run base tests	2023-11-30T11:29:40.0307488Z -- 2023-11-30 11:29:40.02 spid18s     Recovery is complete. This is an informational message only. No user action is required.
Legacy Store IT (mssql)	Run base tests	2023-11-30T11:29:40.0395345Z -- testdb> 
Legacy Store IT (mssql)	Run base tests	2023-11-30T11:29:40.0396503Z -- 2023-11-30 11:29:40.03 spid29s     The default language (LCID 0) has been set for engine and full-text services.
Legacy Store IT (mssql)	Run base tests	2023-11-30T11:29:40.1312444Z -- testdb> 
Legacy Store IT (mssql)	Run base tests	2023-11-30T11:29:40.1313337Z -- 2023-11-30 11:29:40.12 spid29s     The tempdb database has 4 data file(s).
Legacy Store IT (mssql)	Run base tests	2023-11-30T11:29:49.8749298Z -- testdb> 
Legacy Store IT (mssql)	Run base tests	2023-11-30T11:29:50.0400795Z -- [INFO] DOCKER> [mcr.microsoft.com/mssql/server:2022-latest] "testdb": Stop and removed container fa4f38d288d9 after 10290 ms
Legacy Store IT (mssql)	Run base tests	2023-11-30T11:29:50.0558267Z -- [ERROR] DOCKER> Executing '/opt/mssql-tools/bin/sqlcmd' with args '[-e, -U, sa, -P, vEry5tron9Pwd, -d, master, -Q, CREATE DATABASE keycloak]' inside container 'server-1' [mcr.microsoft.com/mssql/server:2022-latest](fa4f38d288d9) resulted in a non-zero exit code: 1
Legacy Store IT (mssql)	Run base tests	2023-11-30T11:29:50.0568693Z -- [INFO] ------------------------------------------------------------------------
Legacy Store IT (mssql)	Run base tests	2023-11-30T11:29:50.0569566Z -- [INFO] BUILD FAILURE
Legacy Store IT (mssql)	Run base tests	2023-11-30T11:29:50.0570316Z -- [INFO] ------------------------------------------------------------------------
Legacy Store IT (mssql)	Run base tests	2023-11-30T11:29:50.0571226Z -- [INFO] Total time:  01:01 min
Legacy Store IT (mssql)	Run base tests	2023-11-30T11:29:50.0573566Z -- [INFO] Finished at: 2023-11-30T11:29:50Z
Legacy Store IT (mssql)	Run base tests	2023-11-30T11:29:50.0574525Z -- [INFO] ------------------------------------------------------------------------
Legacy Store IT (mssql)	Run base tests	2023-11-30T11:29:50.0579222Z -- [WARNING] 
Legacy Store IT (mssql)	Run base tests	2023-11-30T11:29:50.0580337Z -- [WARNING] Plugin validation issues were detected in 10 plugin(s)
Legacy Store IT (mssql)	Run base tests	2023-11-30T11:29:50.0581578Z -- [WARNING] 
Legacy Store IT (mssql)	Run base tests	2023-11-30T11:29:50.0582442Z -- [WARNING]  * org.apache.maven.plugins:maven-dependency-plugin:3.1.2
Legacy Store IT (mssql)	Run base tests	2023-11-30T11:29:50.0584102Z -- [WARNING]  * org.jboss.shrinkwrap.resolver:shrinkwrap-resolver-maven-plugin:3.1.4
Legacy Store IT (mssql)	Run base tests	2023-11-30T11:29:50.0585473Z -- [WARNING]  * org.apache.maven.plugins:maven-resources-plugin:3.0.1
Legacy Store IT (mssql)	Run base tests	2023-11-30T11:29:50.0586664Z -- [WARNING]  * org.apache.maven.plugins:maven-antrun-plugin:1.8
Legacy Store IT (mssql)	Run base tests	2023-11-30T11:29:50.0587850Z -- [WARNING]  * org.apache.maven.plugins:maven-compiler-plugin:3.8.1
Legacy Store IT (mssql)	Run base tests	2023-11-30T11:29:50.0589075Z -- [WARNING]  * org.commonjava.maven.plugins:directory-maven-plugin:0.3.1
Legacy Store IT (mssql)	Run base tests	2023-11-30T11:29:50.0590072Z -- [WARNING]  * io.fabric8:docker-maven-plugin:0.40.3
Legacy Store IT (mssql)	Run base tests	2023-11-30T11:29:50.0590988Z -- [WARNING]  * org.codehaus.mojo:buildnumber-maven-plugin:1.4
Legacy Store IT (mssql)	Run base tests	2023-11-30T11:29:50.0591957Z -- [WARNING]  * org.codehaus.mojo:xml-maven-plugin:1.0.1
Legacy Store IT (mssql)	Run base tests	2023-11-30T11:29:50.0592986Z -- [WARNING]  * org.apache.maven.plugins:maven-enforcer-plugin:3.0.0-M3
Legacy Store IT (mssql)	Run base tests	2023-11-30T11:29:50.0593631Z -- [WARNING] 
Legacy Store IT (mssql)	Run base tests	2023-11-30T11:29:50.0594555Z -- [WARNING] For more or less details, use 'maven.plugin.validation' property with one of the values (case insensitive): [BRIEF, DEFAULT, VERBOSE]
Legacy Store IT (mssql)	Run base tests	2023-11-30T11:29:50.0595949Z -- [WARNING] 
Legacy Store IT (mssql)	Run base tests	2023-11-30T11:29:50.0599478Z -- [ERROR] Failed to execute goal io.fabric8:docker-maven-plugin:0.40.3:start (start-db-container) on project integration-arquillian-tests-base: Executing '/opt/mssql-tools/bin/sqlcmd' with args '[-e, -U, sa, -P, vEry5tron9Pwd, -d, master, -Q, CREATE DATABASE keycloak]' inside container 'server-1' [mcr.microsoft.com/mssql/server:2022-latest](fa4f38d288d9) resulted in a non-zero exit code: 1 -> [Help 1]
Legacy Store IT (mssql)	Run base tests	2023-11-30T11:29:50.0603117Z -- [ERROR] 
Legacy Store IT (mssql)	Run base tests	2023-11-30T11:29:50.0603952Z -- [ERROR] To see the full stack trace of the errors, re-run Maven with the -e switch.
Legacy Store IT (mssql)	Run base tests	2023-11-30T11:29:50.0605176Z -- [ERROR] Re-run Maven using the -X switch to enable full debug logging.
Legacy Store IT (mssql)	Run base tests	2023-11-30T11:29:50.0606079Z -- [ERROR] 
Legacy Store IT (mssql)	Run base tests	2023-11-30T11:29:50.0607176Z -- [ERROR] For more information about the errors and possible solutions, please read the following articles:
Legacy Store IT (mssql)	Run base tests	2023-11-30T11:29:50.0608787Z -- [ERROR] [Help 1] http://cwiki.apache.org/confluence/display/MAVEN/MojoExecutionException
Legacy Store IT (mssql)	Run base tests	2023-11-30T11:29:50.0949110Z ##[error]Process completed with exit code 1.
Status Check - Keycloak CI	Run /./.github/actions/status-check	2023-11-30T12:35:01.5981078Z Prepare all required actions
Status Check - Keycloak CI	Run /./.github/actions/status-check	2023-11-30T12:35:01.6073927Z ##[group]Run ./.github/actions/status-check
Status Check - Keycloak CI	Run /./.github/actions/status-check	2023-11-30T12:35:01.6074436Z with:
Status Check - Keycloak CI	Run /./.github/actions/status-check	2023-11-30T12:35:01.6078152Z   jobs: {
Status Check - Keycloak CI	Run /./.github/actions/status-check	  "conditional": {
Status Check - Keycloak CI	Run /./.github/actions/status-check	    "result": "success",
Status Check - Keycloak CI	Run /./.github/actions/status-check	    "outputs": {
Status Check - Keycloak CI	Run /./.github/actions/status-check	      "ci": "true",
Status Check - Keycloak CI	Run /./.github/actions/status-check	      "ci-sssd": "false",
Status Check - Keycloak CI	Run /./.github/actions/status-check	      "ci-store": "true"
Status Check - Keycloak CI	Run /./.github/actions/status-check	    }
Status Check - Keycloak CI	Run /./.github/actions/status-check	  },
Status Check - Keycloak CI	Run /./.github/actions/status-check	  "unit-tests": {
Status Check - Keycloak CI	Run /./.github/actions/status-check	    "result": "success",
Status Check - Keycloak CI	Run /./.github/actions/status-check	    "outputs": {}
Status Check - Keycloak CI	Run /./.github/actions/status-check	  },
Status Check - Keycloak CI	Run /./.github/actions/status-check	  "base-integration-tests": {
Status Check - Keycloak CI	Run /./.github/actions/status-check	    "result": "success",
Status Check - Keycloak CI	Run /./.github/actions/status-check	    "outputs": {}
Status Check - Keycloak CI	Run /./.github/actions/status-check	  },
Status Check - Keycloak CI	Run /./.github/actions/status-check	  "quarkus-unit-tests": {
Status Check - Keycloak CI	Run /./.github/actions/status-check	    "result": "success",
Status Check - Keycloak CI	Run /./.github/actions/status-check	    "outputs": {}
Status Check - Keycloak CI	Run /./.github/actions/status-check	  },
Status Check - Keycloak CI	Run /./.github/actions/status-check	  "quarkus-integration-tests": {
Status Check - Keycloak CI	Run /./.github/actions/status-check	    "result": "success",
Status Check - Keycloak CI	Run /./.github/actions/status-check	    "outputs": {}
Status Check - Keycloak CI	Run /./.github/actions/status-check	  },
Status Check - Keycloak CI	Run /./.github/actions/status-check	  "jdk-integration-tests": {
Status Check - Keycloak CI	Run /./.github/actions/status-check	    "result": "success",
Status Check - Keycloak CI	Run /./.github/actions/status-check	    "outputs": {}
Status Check - Keycloak CI	Run /./.github/actions/status-check	  },
Status Check - Keycloak CI	Run /./.github/actions/status-check	  "legacy-store-integration-tests": {
Status Check - Keycloak CI	Run /./.github/actions/status-check	    "result": "failure",
Status Check - Keycloak CI	Run /./.github/actions/status-check	    "outputs": {}
Status Check - Keycloak CI	Run /./.github/actions/status-check	  },
Status Check - Keycloak CI	Run /./.github/actions/status-check	  "store-model-tests": {
Status Check - Keycloak CI	Run /./.github/actions/status-check	    "result": "success",
Status Check - Keycloak CI	Run /./.github/actions/status-check	    "outputs": {}
Status Check - Keycloak CI	Run /./.github/actions/status-check	  },
Status Check - Keycloak CI	Run /./.github/actions/status-check	  "clustering-integration-tests": {
Status Check - Keycloak CI	Run /./.github/actions/status-check	    "result": "success",
Status Check - Keycloak CI	Run /./.github/actions/status-check	    "outputs": {}
Status Check - Keycloak CI	Run /./.github/actions/status-check	  },
Status Check - Keycloak CI	Run /./.github/actions/status-check	  "fips-unit-tests": {
Status Check - Keycloak CI	Run /./.github/actions/status-check	    "result": "success",
Status Check - Keycloak CI	Run /./.github/actions/status-check	    "outputs": {}
Status Check - Keycloak CI	Run /./.github/actions/status-check	  },
Status Check - Keycloak CI	Run /./.github/actions/status-check	  "fips-integration-tests": {
Status Check - Keycloak CI	Run /./.github/actions/status-check	    "result": "success",
Status Check - Keycloak CI	Run /./.github/actions/status-check	    "outputs": {}
Status Check - Keycloak CI	Run /./.github/actions/status-check	  },
Status Check - Keycloak CI	Run /./.github/actions/status-check	  "account-console-integration-tests": {
Status Check - Keycloak CI	Run /./.github/actions/status-check	    "result": "success",
Status Check - Keycloak CI	Run /./.github/actions/status-check	    "outputs": {}
Status Check - Keycloak CI	Run /./.github/actions/status-check	  },
Status Check - Keycloak CI	Run /./.github/actions/status-check	  "forms-integration-tests": {
Status Check - Keycloak CI	Run /./.github/actions/status-check	    "result": "success",
Status Check - Keycloak CI	Run /./.github/actions/status-check	    "outputs": {}
Status Check - Keycloak CI	Run /./.github/actions/status-check	  },
Status Check - Keycloak CI	Run /./.github/actions/status-check	  "webauthn-integration-tests": {
Status Check - Keycloak CI	Run /./.github/actions/status-check	    "result": "success",
Status Check - Keycloak CI	Run /./.github/actions/status-check	    "outputs": {}
Status Check - Keycloak CI	Run /./.github/actions/status-check	  },
Status Check - Keycloak CI	Run /./.github/actions/status-check	  "sssd-unit-tests": {
Status Check - Keycloak CI	Run /./.github/actions/status-check	    "result": "skipped",
Status Check - Keycloak CI	Run /./.github/actions/status-check	    "outputs": {}
Status Check - Keycloak CI	Run /./.github/actions/status-check	  },
Status Check - Keycloak CI	Run /./.github/actions/status-check	  "migration-tests": {
Status Check - Keycloak CI	Run /./.github/actions/status-check	    "result": "success",
Status Check - Keycloak CI	Run /./.github/actions/status-check	    "outputs": {}
Status Check - Keycloak CI	Run /./.github/actions/status-check	  }
Status Check - Keycloak CI	Run /./.github/actions/status-check	}
Status Check - Keycloak CI	Run /./.github/actions/status-check	2023-11-30T12:35:01.6082871Z env:
Status Check - Keycloak CI	Run /./.github/actions/status-check	2023-11-30T12:35:01.6083395Z   MAVEN_ARGS: -B -nsu -Daether.connector.http.connectionMaxTtl=25
Status Check - Keycloak CI	Run /./.github/actions/status-check	2023-11-30T12:35:01.6083937Z   SUREFIRE_RERUN_FAILING_COUNT: 2
Status Check - Keycloak CI	Run /./.github/actions/status-check	2023-11-30T12:35:01.6084407Z   SUREFIRE_RETRY: -Dsurefire.rerunFailingTestsCount=2
Status Check - Keycloak CI	Run /./.github/actions/status-check	2023-11-30T12:35:01.6084955Z ##[endgroup]
Status Check - Keycloak CI	Run /./.github/actions/status-check	2023-11-30T12:35:01.6343642Z ##[group]Run JOBS='{
Status Check - Keycloak CI	Run /./.github/actions/status-check	2023-11-30T12:35:01.6344171Z [36;1mJOBS='{[0m
Status Check - Keycloak CI	Run /./.github/actions/status-check	2023-11-30T12:35:01.6344651Z [36;1m  "conditional": {[0m
Status Check - Keycloak CI	Run /./.github/actions/status-check	2023-11-30T12:35:01.6345023Z [36;1m    "result": "success",[0m
Status Check - Keycloak CI	Run /./.github/actions/status-check	2023-11-30T12:35:01.6345446Z [36;1m    "outputs": {[0m
Status Check - Keycloak CI	Run /./.github/actions/status-check	2023-11-30T12:35:01.6345897Z [36;1m      "ci": "true",[0m
Status Check - Keycloak CI	Run /./.github/actions/status-check	2023-11-30T12:35:01.6346260Z [36;1m      "ci-sssd": "false",[0m
Status Check - Keycloak CI	Run /./.github/actions/status-check	2023-11-30T12:35:01.6346660Z [36;1m      "ci-store": "true"[0m
Status Check - Keycloak CI	Run /./.github/actions/status-check	2023-11-30T12:35:01.6347102Z [36;1m    }[0m
Status Check - Keycloak CI	Run /./.github/actions/status-check	2023-11-30T12:35:01.6347396Z [36;1m  },[0m
Status Check - Keycloak CI	Run /./.github/actions/status-check	2023-11-30T12:35:01.6347715Z [36;1m  "unit-tests": {[0m
Status Check - Keycloak CI	Run /./.github/actions/status-check	2023-11-30T12:35:01.6348147Z [36;1m    "result": "success",[0m
Status Check - Keycloak CI	Run /./.github/actions/status-check	2023-11-30T12:35:01.6348523Z [36;1m    "outputs": {}[0m
Status Check - Keycloak CI	Run /./.github/actions/status-check	2023-11-30T12:35:01.6348876Z [36;1m  },[0m
Status Check - Keycloak CI	Run /./.github/actions/status-check	2023-11-30T12:35:01.6349282Z [36;1m  "base-integration-tests": {[0m
Status Check - Keycloak CI	Run /./.github/actions/status-check	2023-11-30T12:35:01.6349688Z [36;1m    "result": "success",[0m
Status Check - Keycloak CI	Run /./.github/actions/status-check	2023-11-30T12:35:01.6350079Z [36;1m    "outputs": {}[0m
Status Check - Keycloak CI	Run /./.github/actions/status-check	2023-11-30T12:35:01.6350503Z [36;1m  },[0m
Status Check - Keycloak CI	Run /./.github/actions/status-check	2023-11-30T12:35:01.6350803Z [36;1m  "quarkus-unit-tests": {[0m
Status Check - Keycloak CI	Run /./.github/actions/status-check	2023-11-30T12:35:01.6351204Z [36;1m    "result": "success",[0m
Status Check - Keycloak CI	Run /./.github/actions/status-check	2023-11-30T12:35:01.6351687Z [36;1m    "outputs": {}[0m
Status Check - Keycloak CI	Run /./.github/actions/status-check	2023-11-30T12:35:01.6352010Z [36;1m  },[0m
Status Check - Keycloak CI	Run /./.github/actions/status-check	2023-11-30T12:35:01.6352366Z [36;1m  "quarkus-integration-tests": {[0m
Status Check - Keycloak CI	Run /./.github/actions/status-check	2023-11-30T12:35:01.6352892Z [36;1m    "result": "success",[0m
Status Check - Keycloak CI	Run /./.github/actions/status-check	2023-11-30T12:35:01.6353246Z [36;1m    "outputs": {}[0m
Status Check - Keycloak CI	Run /./.github/actions/status-check	2023-11-30T12:35:01.6353600Z [36;1m  },[0m
Status Check - Keycloak CI	Run /./.github/actions/status-check	2023-11-30T12:35:01.6354016Z [36;1m  "jdk-integration-tests": {[0m
Status Check - Keycloak CI	Run /./.github/actions/status-check	2023-11-30T12:35:01.6354401Z [36;1m    "result": "success",[0m
Status Check - Keycloak CI	Run /./.github/actions/status-check	2023-11-30T12:35:01.6354790Z [36;1m    "outputs": {}[0m
Status Check - Keycloak CI	Run /./.github/actions/status-check	2023-11-30T12:35:01.6355234Z [36;1m  },[0m
Status Check - Keycloak CI	Run /./.github/actions/status-check	2023-11-30T12:35:01.6355576Z [36;1m  "legacy-store-integration-tests": {[0m
Status Check - Keycloak CI	Run /./.github/actions/status-check	2023-11-30T12:35:01.6356038Z [36;1m    "result": "failure",[0m
Status Check - Keycloak CI	Run /./.github/actions/status-check	2023-11-30T12:35:01.6356498Z [36;1m    "outputs": {}[0m
Status Check - Keycloak CI	Run /./.github/actions/status-check	2023-11-30T12:35:01.6356857Z [36;1m  },[0m
Status Check - Keycloak CI	Run /./.github/actions/status-check	2023-11-30T12:35:01.6357170Z [36;1m  "store-model-tests": {[0m
Status Check - Keycloak CI	Run /./.github/actions/status-check	2023-11-30T12:35:01.6357636Z [36;1m    "result": "success",[0m
Status Check - Keycloak CI	Run /./.github/actions/status-check	2023-11-30T12:35:01.6358031Z [36;1m    "outputs": {}[0m
Status Check - Keycloak CI	Run /./.github/actions/status-check	2023-11-30T12:35:01.6358594Z [36;1m  },[0m
Status Check - Keycloak CI	Run /./.github/actions/status-check	2023-11-30T12:35:01.6359031Z [36;1m  "clustering-integration-tests": {[0m
Status Check - Keycloak CI	Run /./.github/actions/status-check	2023-11-30T12:35:01.6359709Z [36;1m    "result": "success",[0m
Status Check - Keycloak CI	Run /./.github/actions/status-check	2023-11-30T12:35:01.6360064Z [36;1m    "outputs": {}[0m
Status Check - Keycloak CI	Run /./.github/actions/status-check	2023-11-30T12:35:01.6360484Z [36;1m  },[0m
Status Check - Keycloak CI	Run /./.github/actions/status-check	2023-11-30T12:35:01.6360914Z [36;1m  "fips-unit-tests": {[0m
Status Check - Keycloak CI	Run /./.github/actions/status-check	2023-11-30T12:35:01.6361509Z [36;1m    "result": "success",[0m
Status Check - Keycloak CI	Run /./.github/actions/status-check	2023-11-30T12:35:01.6361963Z [36;1m    "outputs": {}[0m
Status Check - Keycloak CI	Run /./.github/actions/status-check	2023-11-30T12:35:01.6362352Z [36;1m  },[0m
Status Check - Keycloak CI	Run /./.github/actions/status-check	2023-11-30T12:35:01.6362695Z [36;1m  "fips-integration-tests": {[0m
Status Check - Keycloak CI	Run /./.github/actions/status-check	2023-11-30T12:35:01.6363159Z [36;1m    "result": "success",[0m
Status Check - Keycloak CI	Run /./.github/actions/status-check	2023-11-30T12:35:01.6363558Z [36;1m    "outputs": {}[0m
Status Check - Keycloak CI	Run /./.github/actions/status-check	2023-11-30T12:35:01.6363914Z [36;1m  },[0m
Status Check - Keycloak CI	Run /./.github/actions/status-check	2023-11-30T12:35:01.6364338Z [36;1m  "account-console-integration-tests": {[0m
Status Check - Keycloak CI	Run /./.github/actions/status-check	2023-11-30T12:35:01.6364817Z [36;1m    "result": "success",[0m
Status Check - Keycloak CI	Run /./.github/actions/status-check	2023-11-30T12:35:01.6365206Z [36;1m    "outputs": {}[0m
Status Check - Keycloak CI	Run /./.github/actions/status-check	2023-11-30T12:35:01.6365604Z [36;1m  },[0m
Status Check - Keycloak CI	Run /./.github/actions/status-check	2023-11-30T12:35:01.6365964Z [36;1m  "forms-integration-tests": {[0m
Status Check - Keycloak CI	Run /./.github/actions/status-check	2023-11-30T12:35:01.6366391Z [36;1m    "result": "success",[0m
Status Check - Keycloak CI	Run /./.github/actions/status-check	2023-11-30T12:35:01.6366828Z [36;1m    "outputs": {}[0m
Status Check - Keycloak CI	Run /./.github/actions/status-check	2023-11-30T12:35:01.6367176Z [36;1m  },[0m
Status Check - Keycloak CI	Run /./.github/actions/status-check	2023-11-30T12:35:01.6367527Z [36;1m  "webauthn-integration-tests": {[0m
Status Check - Keycloak CI	Run /./.github/actions/status-check	2023-11-30T12:35:01.6368008Z [36;1m    "result": "success",[0m
Status Check - Keycloak CI	Run /./.github/actions/status-check	2023-11-30T12:35:01.6368395Z [36;1m    "outputs": {}[0m
Status Check - Keycloak CI	Run /./.github/actions/status-check	2023-11-30T12:35:01.6368756Z [36;1m  },[0m
Status Check - Keycloak CI	Run /./.github/actions/status-check	2023-11-30T12:35:01.6369101Z [36;1m  "sssd-unit-tests": {[0m
Status Check - Keycloak CI	Run /./.github/actions/status-check	2023-11-30T12:35:01.6369490Z [36;1m    "result": "skipped",[0m
Status Check - Keycloak CI	Run /./.github/actions/status-check	2023-11-30T12:35:01.6369888Z [36;1m    "outputs": {}[0m
Status Check - Keycloak CI	Run /./.github/actions/status-check	2023-11-30T12:35:01.6370261Z [36;1m  },[0m
Status Check - Keycloak CI	Run /./.github/actions/status-check	2023-11-30T12:35:01.6370578Z [36;1m  "migration-tests": {[0m
Status Check - Keycloak CI	Run /./.github/actions/status-check	2023-11-30T12:35:01.6370978Z [36;1m    "result": "success",[0m
Status Check - Keycloak CI	Run /./.github/actions/status-check	2023-11-30T12:35:01.6371380Z [36;1m    "outputs": {}[0m
Status Check - Keycloak CI	Run /./.github/actions/status-check	2023-11-30T12:35:01.6371724Z [36;1m  }[0m
Status Check - Keycloak CI	Run /./.github/actions/status-check	2023-11-30T12:35:01.6372036Z [36;1m}'[0m
Status Check - Keycloak CI	Run /./.github/actions/status-check	2023-11-30T12:35:01.6372358Z [36;1m[0m
Status Check - Keycloak CI	Run /./.github/actions/status-check	2023-11-30T12:35:01.6372678Z [36;1mecho "Job status:"[0m
Status Check - Keycloak CI	Run /./.github/actions/status-check	2023-11-30T12:35:01.6373211Z [36;1mecho $JOBS | jq -r 'to_entries[] | " - \(.key): \(.value.result)"'[0m
Status Check - Keycloak CI	Run /./.github/actions/status-check	2023-11-30T12:35:01.6373775Z [36;1m[0m
Status Check - Keycloak CI	Run /./.github/actions/status-check	2023-11-30T12:35:01.6374220Z [36;1mfor i in $(echo $JOBS | jq -r 'to_entries[] | .value.result'); do[0m
Status Check - Keycloak CI	Run /./.github/actions/status-check	2023-11-30T12:35:01.6374870Z [36;1m  if [ "$i" != "success" ] && [ "$i" != "skipped" ]; then[0m
Status Check - Keycloak CI	Run /./.github/actions/status-check	2023-11-30T12:35:01.6375375Z [36;1m    echo ""[0m
Status Check - Keycloak CI	Run /./.github/actions/status-check	2023-11-30T12:35:01.6375768Z [36;1m    echo "Status check not okay!"[0m
Status Check - Keycloak CI	Run /./.github/actions/status-check	2023-11-30T12:35:01.6376183Z [36;1m    exit 1[0m
Status Check - Keycloak CI	Run /./.github/actions/status-check	2023-11-30T12:35:01.6376532Z [36;1m  fi[0m
Status Check - Keycloak CI	Run /./.github/actions/status-check	2023-11-30T12:35:01.6376850Z [36;1mdone[0m
Status Check - Keycloak CI	Run /./.github/actions/status-check	2023-11-30T12:35:01.6453519Z shell: /usr/bin/bash --noprofile --norc -e -o pipefail {0}
Status Check - Keycloak CI	Run /./.github/actions/status-check	2023-11-30T12:35:01.6454035Z env:
Status Check - Keycloak CI	Run /./.github/actions/status-check	2023-11-30T12:35:01.6454619Z   MAVEN_ARGS: -B -nsu -Daether.connector.http.connectionMaxTtl=25
Status Check - Keycloak CI	Run /./.github/actions/status-check	2023-11-30T12:35:01.6455190Z   SUREFIRE_RERUN_FAILING_COUNT: 2
Status Check - Keycloak CI	Run /./.github/actions/status-check	2023-11-30T12:35:01.6455637Z   SUREFIRE_RETRY: -Dsurefire.rerunFailingTestsCount=2
Status Check - Keycloak CI	Run /./.github/actions/status-check	2023-11-30T12:35:01.6456217Z ##[endgroup]
Status Check - Keycloak CI	Run /./.github/actions/status-check	2023-11-30T12:35:01.6609185Z Job status:
Status Check - Keycloak CI	Run /./.github/actions/status-check	2023-11-30T12:35:01.6828208Z  - conditional: success
Status Check - Keycloak CI	Run /./.github/actions/status-check	2023-11-30T12:35:01.6829043Z  - unit-tests: success
Status Check - Keycloak CI	Run /./.github/actions/status-check	2023-11-30T12:35:01.6829680Z  - base-integration-tests: success
Status Check - Keycloak CI	Run /./.github/actions/status-check	2023-11-30T12:35:01.6830183Z  - quarkus-unit-tests: success
Status Check - Keycloak CI	Run /./.github/actions/status-check	2023-11-30T12:35:01.6830725Z  - quarkus-integration-tests: success
Status Check - Keycloak CI	Run /./.github/actions/status-check	2023-11-30T12:35:01.6831162Z  - jdk-integration-tests: success
Status Check - Keycloak CI	Run /./.github/actions/status-check	2023-11-30T12:35:01.6831659Z  - legacy-store-integration-tests: failure
Status Check - Keycloak CI	Run /./.github/actions/status-check	2023-11-30T12:35:01.6832203Z  - store-model-tests: success
Status Check - Keycloak CI	Run /./.github/actions/status-check	2023-11-30T12:35:01.6832622Z  - clustering-integration-tests: success
Status Check - Keycloak CI	Run /./.github/actions/status-check	2023-11-30T12:35:01.6833109Z  - fips-unit-tests: success
Status Check - Keycloak CI	Run /./.github/actions/status-check	2023-11-30T12:35:01.6833592Z  - fips-integration-tests: success
Status Check - Keycloak CI	Run /./.github/actions/status-check	2023-11-30T12:35:01.6834057Z  - account-console-integration-tests: success
Status Check - Keycloak CI	Run /./.github/actions/status-check	2023-11-30T12:35:01.6834570Z  - forms-integration-tests: success
Status Check - Keycloak CI	Run /./.github/actions/status-check	2023-11-30T12:35:01.6835092Z  - webauthn-integration-tests: success
Status Check - Keycloak CI	Run /./.github/actions/status-check	2023-11-30T12:35:01.6835778Z  - sssd-unit-tests: skipped
Status Check - Keycloak CI	Run /./.github/actions/status-check	2023-11-30T12:35:01.6836302Z  - migration-tests: success
Status Check - Keycloak CI	Run /./.github/actions/status-check	2023-11-30T12:35:01.7038686Z 
Status Check - Keycloak CI	Run /./.github/actions/status-check	2023-11-30T12:35:01.7038973Z Status check not okay!
Status Check - Keycloak CI	Run /./.github/actions/status-check	2023-11-30T12:35:01.7052831Z ##[error]Process completed with exit code 1.
